[2022-12-16 02:20:55,379] {taskinstance.py:1159} INFO - Dependencies all met for <TaskInstance: process_web_log.scan_for_log scheduled__2022-12-15T00:00:00+00:00 [queued]>
[2022-12-16 02:20:55,394] {taskinstance.py:1159} INFO - Dependencies all met for <TaskInstance: process_web_log.scan_for_log scheduled__2022-12-15T00:00:00+00:00 [queued]>
[2022-12-16 02:20:55,394] {taskinstance.py:1356} INFO - 
--------------------------------------------------------------------------------
[2022-12-16 02:20:55,394] {taskinstance.py:1357} INFO - Starting attempt 1 of 1
[2022-12-16 02:20:55,394] {taskinstance.py:1358} INFO - 
--------------------------------------------------------------------------------
[2022-12-16 02:20:55,410] {taskinstance.py:1377} INFO - Executing <Task(_PythonDecoratedOperator): scan_for_log> on 2022-12-15 00:00:00+00:00
[2022-12-16 02:20:55,415] {standard_task_runner.py:52} INFO - Started process 99 to run task
[2022-12-16 02:20:55,419] {standard_task_runner.py:79} INFO - Running: ['***', 'tasks', 'run', 'process_web_log', 'scan_for_log', 'scheduled__2022-12-15T00:00:00+00:00', '--job-id', '14', '--raw', '--subdir', 'DAGS_FOLDER/test1.py', '--cfg-path', '/tmp/tmpsl7bvs3k', '--error-file', '/tmp/tmpqltdpqq_']
[2022-12-16 02:20:55,419] {standard_task_runner.py:80} INFO - Job 14: Subtask scan_for_log
[2022-12-16 02:20:55,478] {task_command.py:369} INFO - Running <TaskInstance: process_web_log.scan_for_log scheduled__2022-12-15T00:00:00+00:00 [running]> on host 411836952c8f
[2022-12-16 02:20:55,544] {taskinstance.py:1571} INFO - Exporting the following env vars:
AIRFLOW_CTX_DAG_OWNER=***
AIRFLOW_CTX_DAG_ID=process_web_log
AIRFLOW_CTX_TASK_ID=scan_for_log
AIRFLOW_CTX_EXECUTION_DATE=2022-12-15T00:00:00+00:00
AIRFLOW_CTX_TRY_NUMBER=1
AIRFLOW_CTX_DAG_RUN_ID=scheduled__2022-12-15T00:00:00+00:00
[2022-12-16 02:20:55,546] {logging_mixin.py:115} INFO - scanning a folder 
[2022-12-16 02:20:55,547] {logging_mixin.py:115} INFO - scanning a folder finished
[2022-12-16 02:20:55,547] {python.py:173} INFO - Done. Returned value was: None
[2022-12-16 02:20:55,561] {taskinstance.py:1400} INFO - Marking task as SUCCESS. dag_id=process_web_log, task_id=scan_for_log, execution_date=20221215T000000, start_date=20221216T022055, end_date=20221216T022055
[2022-12-16 02:20:55,590] {local_task_job.py:156} INFO - Task exited with return code 0
[2022-12-16 02:20:55,624] {local_task_job.py:273} INFO - 0 downstream tasks scheduled from follow-on schedule check
[2022-12-16 02:28:02,186] {taskinstance.py:1159} INFO - Dependencies all met for <TaskInstance: process_web_log.scan_for_log scheduled__2022-12-15T00:00:00+00:00 [queued]>
[2022-12-16 02:28:02,220] {taskinstance.py:1159} INFO - Dependencies all met for <TaskInstance: process_web_log.scan_for_log scheduled__2022-12-15T00:00:00+00:00 [queued]>
[2022-12-16 02:28:02,220] {taskinstance.py:1356} INFO - 
--------------------------------------------------------------------------------
[2022-12-16 02:28:02,221] {taskinstance.py:1357} INFO - Starting attempt 1 of 1
[2022-12-16 02:28:02,221] {taskinstance.py:1358} INFO - 
--------------------------------------------------------------------------------
[2022-12-16 02:28:02,240] {taskinstance.py:1377} INFO - Executing <Task(_PythonDecoratedOperator): scan_for_log> on 2022-12-15 00:00:00+00:00
[2022-12-16 02:28:02,258] {standard_task_runner.py:52} INFO - Started process 85 to run task
[2022-12-16 02:28:02,261] {standard_task_runner.py:79} INFO - Running: ['***', 'tasks', 'run', 'process_web_log', 'scan_for_log', 'scheduled__2022-12-15T00:00:00+00:00', '--job-id', '23', '--raw', '--subdir', 'DAGS_FOLDER/test1.py', '--cfg-path', '/tmp/tmpg0rc56jj', '--error-file', '/tmp/tmp_akpbg0w']
[2022-12-16 02:28:02,262] {standard_task_runner.py:80} INFO - Job 23: Subtask scan_for_log
[2022-12-16 02:28:02,328] {task_command.py:369} INFO - Running <TaskInstance: process_web_log.scan_for_log scheduled__2022-12-15T00:00:00+00:00 [running]> on host 411836952c8f
[2022-12-16 02:28:02,431] {taskinstance.py:1571} INFO - Exporting the following env vars:
AIRFLOW_CTX_DAG_OWNER=***
AIRFLOW_CTX_DAG_ID=process_web_log
AIRFLOW_CTX_TASK_ID=scan_for_log
AIRFLOW_CTX_EXECUTION_DATE=2022-12-15T00:00:00+00:00
AIRFLOW_CTX_TRY_NUMBER=1
AIRFLOW_CTX_DAG_RUN_ID=scheduled__2022-12-15T00:00:00+00:00
[2022-12-16 02:28:02,437] {test1.py:53} INFO - scanning a folder 
[2022-12-16 02:28:02,442] {test1.py:55} INFO - scanning a folder finished
[2022-12-16 02:28:02,442] {python.py:173} INFO - Done. Returned value was: None
[2022-12-16 02:28:02,465] {taskinstance.py:1400} INFO - Marking task as SUCCESS. dag_id=process_web_log, task_id=scan_for_log, execution_date=20221215T000000, start_date=20221216T022802, end_date=20221216T022802
[2022-12-16 02:28:02,517] {local_task_job.py:156} INFO - Task exited with return code 0
[2022-12-16 02:28:02,551] {local_task_job.py:273} INFO - 0 downstream tasks scheduled from follow-on schedule check
[2022-12-16 02:30:05,080] {taskinstance.py:1159} INFO - Dependencies all met for <TaskInstance: process_web_log.scan_for_log scheduled__2022-12-15T00:00:00+00:00 [queued]>
[2022-12-16 02:30:05,091] {taskinstance.py:1159} INFO - Dependencies all met for <TaskInstance: process_web_log.scan_for_log scheduled__2022-12-15T00:00:00+00:00 [queued]>
[2022-12-16 02:30:05,091] {taskinstance.py:1356} INFO - 
--------------------------------------------------------------------------------
[2022-12-16 02:30:05,091] {taskinstance.py:1357} INFO - Starting attempt 1 of 1
[2022-12-16 02:30:05,091] {taskinstance.py:1358} INFO - 
--------------------------------------------------------------------------------
[2022-12-16 02:30:05,104] {taskinstance.py:1377} INFO - Executing <Task(_PythonDecoratedOperator): scan_for_log> on 2022-12-15 00:00:00+00:00
[2022-12-16 02:30:05,108] {standard_task_runner.py:52} INFO - Started process 195 to run task
[2022-12-16 02:30:05,112] {standard_task_runner.py:79} INFO - Running: ['***', 'tasks', 'run', 'process_web_log', 'scan_for_log', 'scheduled__2022-12-15T00:00:00+00:00', '--job-id', '28', '--raw', '--subdir', 'DAGS_FOLDER/test1.py', '--cfg-path', '/tmp/tmp42ti4dls', '--error-file', '/tmp/tmpc7q6q_s8']
[2022-12-16 02:30:05,112] {standard_task_runner.py:80} INFO - Job 28: Subtask scan_for_log
[2022-12-16 02:30:05,161] {task_command.py:369} INFO - Running <TaskInstance: process_web_log.scan_for_log scheduled__2022-12-15T00:00:00+00:00 [running]> on host 411836952c8f
[2022-12-16 02:30:05,219] {taskinstance.py:1571} INFO - Exporting the following env vars:
AIRFLOW_CTX_DAG_OWNER=***
AIRFLOW_CTX_DAG_ID=process_web_log
AIRFLOW_CTX_TASK_ID=scan_for_log
AIRFLOW_CTX_EXECUTION_DATE=2022-12-15T00:00:00+00:00
AIRFLOW_CTX_TRY_NUMBER=1
AIRFLOW_CTX_DAG_RUN_ID=scheduled__2022-12-15T00:00:00+00:00
[2022-12-16 02:30:05,220] {test1.py:53} WARNING - scanning a folder 
[2022-12-16 02:30:05,222] {test1.py:55} WARNING - scanning a folder finished
[2022-12-16 02:30:05,222] {python.py:173} INFO - Done. Returned value was: None
[2022-12-16 02:30:05,234] {taskinstance.py:1400} INFO - Marking task as SUCCESS. dag_id=process_web_log, task_id=scan_for_log, execution_date=20221215T000000, start_date=20221216T023005, end_date=20221216T023005
[2022-12-16 02:30:05,284] {local_task_job.py:156} INFO - Task exited with return code 0
[2022-12-16 02:30:05,327] {local_task_job.py:273} INFO - 0 downstream tasks scheduled from follow-on schedule check
