[2022-12-16 21:31:31,021] {taskinstance.py:1159} INFO - Dependencies all met for <TaskInstance: process_web_log.extract_data manual__2022-12-16T21:31:30.317981+00:00 [queued]>
[2022-12-16 21:31:31,029] {taskinstance.py:1159} INFO - Dependencies all met for <TaskInstance: process_web_log.extract_data manual__2022-12-16T21:31:30.317981+00:00 [queued]>
[2022-12-16 21:31:31,029] {taskinstance.py:1356} INFO - 
--------------------------------------------------------------------------------
[2022-12-16 21:31:31,029] {taskinstance.py:1357} INFO - Starting attempt 1 of 1
[2022-12-16 21:31:31,029] {taskinstance.py:1358} INFO - 
--------------------------------------------------------------------------------
[2022-12-16 21:31:31,044] {taskinstance.py:1377} INFO - Executing <Task(BashOperator): extract_data> on 2022-12-16 21:31:30.317981+00:00
[2022-12-16 21:31:31,048] {standard_task_runner.py:52} INFO - Started process 1412 to run task
[2022-12-16 21:31:31,050] {standard_task_runner.py:79} INFO - Running: ['***', 'tasks', 'run', 'process_web_log', 'extract_data', 'manual__2022-12-16T21:31:30.317981+00:00', '--job-id', '34', '--raw', '--subdir', 'DAGS_FOLDER/process_web_log.py', '--cfg-path', '/tmp/tmpx9yog87t', '--error-file', '/tmp/tmpo98yz4fc']
[2022-12-16 21:31:31,051] {standard_task_runner.py:80} INFO - Job 34: Subtask extract_data
[2022-12-16 21:31:31,087] {task_command.py:369} INFO - Running <TaskInstance: process_web_log.extract_data manual__2022-12-16T21:31:30.317981+00:00 [running]> on host b3fdf538c244
[2022-12-16 21:31:31,137] {taskinstance.py:1571} INFO - Exporting the following env vars:
AIRFLOW_CTX_DAG_OWNER=***
AIRFLOW_CTX_DAG_ID=process_web_log
AIRFLOW_CTX_TASK_ID=extract_data
AIRFLOW_CTX_EXECUTION_DATE=2022-12-16T21:31:30.317981+00:00
AIRFLOW_CTX_TRY_NUMBER=1
AIRFLOW_CTX_DAG_RUN_ID=manual__2022-12-16T21:31:30.317981+00:00
[2022-12-16 21:31:31,137] {subprocess.py:62} INFO - Tmp dir root location: 
 /tmp
[2022-12-16 21:31:31,138] {subprocess.py:74} INFO - Running command: ['bash', '-c', "grep -o '[0-9]\\{1,3\\}\\.[0-9]\\{1,3\\}\\.[0-9]\\{1,3\\}\\.[0-9]\\{1,3\\}' /opt/***/dags/the_log/log.txt > /opt/***/dags/the_log/extracted_data.txt"]
[2022-12-16 21:31:31,146] {subprocess.py:85} INFO - Output:
[2022-12-16 21:31:31,228] {subprocess.py:96} INFO - Command exited with return code 0
[2022-12-16 21:31:31,250] {taskinstance.py:1400} INFO - Marking task as SUCCESS. dag_id=process_web_log, task_id=extract_data, execution_date=20221216T213130, start_date=20221216T213131, end_date=20221216T213131
[2022-12-16 21:31:31,302] {local_task_job.py:156} INFO - Task exited with return code 0
[2022-12-16 21:31:31,334] {local_task_job.py:273} INFO - 1 downstream tasks scheduled from follow-on schedule check
