[2022-12-16 21:27:45,350] {taskinstance.py:1159} INFO - Dependencies all met for <TaskInstance: process_web_log.transform_data manual__2022-12-16T21:27:43.778923+00:00 [queued]>
[2022-12-16 21:27:45,362] {taskinstance.py:1159} INFO - Dependencies all met for <TaskInstance: process_web_log.transform_data manual__2022-12-16T21:27:43.778923+00:00 [queued]>
[2022-12-16 21:27:45,362] {taskinstance.py:1356} INFO - 
--------------------------------------------------------------------------------
[2022-12-16 21:27:45,362] {taskinstance.py:1357} INFO - Starting attempt 1 of 1
[2022-12-16 21:27:45,362] {taskinstance.py:1358} INFO - 
--------------------------------------------------------------------------------
[2022-12-16 21:27:45,376] {taskinstance.py:1377} INFO - Executing <Task(BashOperator): transform_data> on 2022-12-16 21:27:43.778923+00:00
[2022-12-16 21:27:45,382] {standard_task_runner.py:52} INFO - Started process 1222 to run task
[2022-12-16 21:27:45,384] {standard_task_runner.py:79} INFO - Running: ['***', 'tasks', 'run', 'process_web_log', 'transform_data', 'manual__2022-12-16T21:27:43.778923+00:00', '--job-id', '31', '--raw', '--subdir', 'DAGS_FOLDER/process_web_log.py', '--cfg-path', '/tmp/tmpk7s11nan', '--error-file', '/tmp/tmpad6lkhh6']
[2022-12-16 21:27:45,384] {standard_task_runner.py:80} INFO - Job 31: Subtask transform_data
[2022-12-16 21:27:45,431] {task_command.py:369} INFO - Running <TaskInstance: process_web_log.transform_data manual__2022-12-16T21:27:43.778923+00:00 [running]> on host b3fdf538c244
[2022-12-16 21:27:45,515] {taskinstance.py:1571} INFO - Exporting the following env vars:
AIRFLOW_CTX_DAG_OWNER=***
AIRFLOW_CTX_DAG_ID=process_web_log
AIRFLOW_CTX_TASK_ID=transform_data
AIRFLOW_CTX_EXECUTION_DATE=2022-12-16T21:27:43.778923+00:00
AIRFLOW_CTX_TRY_NUMBER=1
AIRFLOW_CTX_DAG_RUN_ID=manual__2022-12-16T21:27:43.778923+00:00
[2022-12-16 21:27:45,516] {subprocess.py:62} INFO - Tmp dir root location: 
 /tmp
[2022-12-16 21:27:45,516] {subprocess.py:74} INFO - Running command: ['bash', '-c', "awk '!/198.46.149.143/' /opt/***/dags/the_log/extracted_data.txt > /opt/***/dags/the_log/log_filterd.txt"]
[2022-12-16 21:27:45,526] {subprocess.py:85} INFO - Output:
[2022-12-16 21:27:45,529] {subprocess.py:96} INFO - Command exited with return code 0
[2022-12-16 21:27:45,555] {taskinstance.py:1400} INFO - Marking task as SUCCESS. dag_id=process_web_log, task_id=transform_data, execution_date=20221216T212743, start_date=20221216T212745, end_date=20221216T212745
[2022-12-16 21:27:45,596] {local_task_job.py:156} INFO - Task exited with return code 0
[2022-12-16 21:27:45,633] {local_task_job.py:273} INFO - 0 downstream tasks scheduled from follow-on schedule check
