[2022-12-16 01:50:24,773] {processor.py:153} INFO - Started process (PID=57) to work on /home/airflow/.local/lib/python3.7/site-packages/airflow/example_dags/example_task_group_decorator.py
[2022-12-16 01:50:24,774] {processor.py:641} INFO - Processing file /home/airflow/.local/lib/python3.7/site-packages/airflow/example_dags/example_task_group_decorator.py for tasks to queue
[2022-12-16 01:50:24,776] {logging_mixin.py:115} INFO - [2022-12-16 01:50:24,775] {dagbag.py:507} INFO - Filling up the DagBag from /home/airflow/.local/lib/python3.7/site-packages/airflow/example_dags/example_task_group_decorator.py
[2022-12-16 01:50:24,842] {processor.py:651} INFO - DAG(s) dict_keys(['example_task_group_decorator']) retrieved from /home/airflow/.local/lib/python3.7/site-packages/airflow/example_dags/example_task_group_decorator.py
[2022-12-16 01:50:25,193] {logging_mixin.py:115} INFO - [2022-12-16 01:50:25,193] {manager.py:508} INFO - Created Permission View: can edit on DAG:example_task_group_decorator
[2022-12-16 01:50:25,209] {logging_mixin.py:115} INFO - [2022-12-16 01:50:25,209] {manager.py:508} INFO - Created Permission View: can delete on DAG:example_task_group_decorator
[2022-12-16 01:50:25,226] {logging_mixin.py:115} INFO - [2022-12-16 01:50:25,226] {manager.py:508} INFO - Created Permission View: can read on DAG:example_task_group_decorator
[2022-12-16 01:50:25,226] {logging_mixin.py:115} INFO - [2022-12-16 01:50:25,226] {dag.py:2371} INFO - Sync 1 DAGs
[2022-12-16 01:50:25,241] {logging_mixin.py:115} INFO - [2022-12-16 01:50:25,240] {dag.py:2390} INFO - Creating ORM DAG for example_task_group_decorator
[2022-12-16 01:50:25,267] {logging_mixin.py:115} INFO - [2022-12-16 01:50:25,267] {dag.py:2919} INFO - Setting next_dagrun for example_task_group_decorator to 2022-12-15T01:50:25.266459+00:00, run_after=2022-12-16T01:50:25.266459+00:00
[2022-12-16 01:50:25,290] {processor.py:161} INFO - Processing /home/airflow/.local/lib/python3.7/site-packages/airflow/example_dags/example_task_group_decorator.py took 0.521 seconds
[2022-12-16 01:50:55,628] {processor.py:153} INFO - Started process (PID=119) to work on /home/airflow/.local/lib/python3.7/site-packages/airflow/example_dags/example_task_group_decorator.py
[2022-12-16 01:50:55,629] {processor.py:641} INFO - Processing file /home/airflow/.local/lib/python3.7/site-packages/airflow/example_dags/example_task_group_decorator.py for tasks to queue
[2022-12-16 01:50:55,631] {logging_mixin.py:115} INFO - [2022-12-16 01:50:55,630] {dagbag.py:507} INFO - Filling up the DagBag from /home/airflow/.local/lib/python3.7/site-packages/airflow/example_dags/example_task_group_decorator.py
[2022-12-16 01:50:55,652] {processor.py:651} INFO - DAG(s) dict_keys(['example_task_group_decorator']) retrieved from /home/airflow/.local/lib/python3.7/site-packages/airflow/example_dags/example_task_group_decorator.py
[2022-12-16 01:50:55,835] {logging_mixin.py:115} INFO - [2022-12-16 01:50:55,835] {dag.py:2371} INFO - Sync 1 DAGs
[2022-12-16 01:50:55,854] {logging_mixin.py:115} INFO - [2022-12-16 01:50:55,854] {dag.py:2919} INFO - Setting next_dagrun for example_task_group_decorator to 2022-12-15T01:50:55.854159+00:00, run_after=2022-12-16T01:50:55.854159+00:00
[2022-12-16 01:50:55,874] {processor.py:161} INFO - Processing /home/airflow/.local/lib/python3.7/site-packages/airflow/example_dags/example_task_group_decorator.py took 0.249 seconds
[2022-12-16 01:51:26,066] {processor.py:153} INFO - Started process (PID=171) to work on /home/airflow/.local/lib/python3.7/site-packages/airflow/example_dags/example_task_group_decorator.py
[2022-12-16 01:51:26,067] {processor.py:641} INFO - Processing file /home/airflow/.local/lib/python3.7/site-packages/airflow/example_dags/example_task_group_decorator.py for tasks to queue
[2022-12-16 01:51:26,068] {logging_mixin.py:115} INFO - [2022-12-16 01:51:26,068] {dagbag.py:507} INFO - Filling up the DagBag from /home/airflow/.local/lib/python3.7/site-packages/airflow/example_dags/example_task_group_decorator.py
[2022-12-16 01:51:26,090] {processor.py:651} INFO - DAG(s) dict_keys(['example_task_group_decorator']) retrieved from /home/airflow/.local/lib/python3.7/site-packages/airflow/example_dags/example_task_group_decorator.py
[2022-12-16 01:51:26,311] {logging_mixin.py:115} INFO - [2022-12-16 01:51:26,311] {dag.py:2371} INFO - Sync 1 DAGs
[2022-12-16 01:51:26,333] {logging_mixin.py:115} INFO - [2022-12-16 01:51:26,333] {dag.py:2919} INFO - Setting next_dagrun for example_task_group_decorator to 2022-12-15T01:51:26.332989+00:00, run_after=2022-12-16T01:51:26.332989+00:00
[2022-12-16 01:51:26,351] {processor.py:161} INFO - Processing /home/airflow/.local/lib/python3.7/site-packages/airflow/example_dags/example_task_group_decorator.py took 0.288 seconds
[2022-12-16 01:51:56,687] {processor.py:153} INFO - Started process (PID=233) to work on /home/airflow/.local/lib/python3.7/site-packages/airflow/example_dags/example_task_group_decorator.py
[2022-12-16 01:51:56,687] {processor.py:641} INFO - Processing file /home/airflow/.local/lib/python3.7/site-packages/airflow/example_dags/example_task_group_decorator.py for tasks to queue
[2022-12-16 01:51:56,688] {logging_mixin.py:115} INFO - [2022-12-16 01:51:56,688] {dagbag.py:507} INFO - Filling up the DagBag from /home/airflow/.local/lib/python3.7/site-packages/airflow/example_dags/example_task_group_decorator.py
[2022-12-16 01:51:56,710] {processor.py:651} INFO - DAG(s) dict_keys(['example_task_group_decorator']) retrieved from /home/airflow/.local/lib/python3.7/site-packages/airflow/example_dags/example_task_group_decorator.py
[2022-12-16 01:51:56,938] {logging_mixin.py:115} INFO - [2022-12-16 01:51:56,937] {dag.py:2371} INFO - Sync 1 DAGs
[2022-12-16 01:51:56,963] {logging_mixin.py:115} INFO - [2022-12-16 01:51:56,963] {dag.py:2919} INFO - Setting next_dagrun for example_task_group_decorator to 2022-12-15T01:51:56.962970+00:00, run_after=2022-12-16T01:51:56.962970+00:00
[2022-12-16 01:51:57,009] {processor.py:161} INFO - Processing /home/airflow/.local/lib/python3.7/site-packages/airflow/example_dags/example_task_group_decorator.py took 0.326 seconds
[2022-12-16 01:52:27,749] {processor.py:153} INFO - Started process (PID=295) to work on /home/airflow/.local/lib/python3.7/site-packages/airflow/example_dags/example_task_group_decorator.py
[2022-12-16 01:52:27,752] {processor.py:641} INFO - Processing file /home/airflow/.local/lib/python3.7/site-packages/airflow/example_dags/example_task_group_decorator.py for tasks to queue
[2022-12-16 01:52:27,754] {logging_mixin.py:115} INFO - [2022-12-16 01:52:27,754] {dagbag.py:507} INFO - Filling up the DagBag from /home/airflow/.local/lib/python3.7/site-packages/airflow/example_dags/example_task_group_decorator.py
[2022-12-16 01:52:27,810] {processor.py:651} INFO - DAG(s) dict_keys(['example_task_group_decorator']) retrieved from /home/airflow/.local/lib/python3.7/site-packages/airflow/example_dags/example_task_group_decorator.py
[2022-12-16 01:52:28,157] {logging_mixin.py:115} INFO - [2022-12-16 01:52:28,156] {dag.py:2371} INFO - Sync 1 DAGs
[2022-12-16 01:52:28,204] {logging_mixin.py:115} INFO - [2022-12-16 01:52:28,194] {dag.py:2919} INFO - Setting next_dagrun for example_task_group_decorator to 2022-12-15T01:52:28.194266+00:00, run_after=2022-12-16T01:52:28.194266+00:00
[2022-12-16 01:52:28,275] {processor.py:161} INFO - Processing /home/airflow/.local/lib/python3.7/site-packages/airflow/example_dags/example_task_group_decorator.py took 0.534 seconds
[2022-12-16 01:52:58,551] {processor.py:153} INFO - Started process (PID=347) to work on /home/airflow/.local/lib/python3.7/site-packages/airflow/example_dags/example_task_group_decorator.py
[2022-12-16 01:52:58,551] {processor.py:641} INFO - Processing file /home/airflow/.local/lib/python3.7/site-packages/airflow/example_dags/example_task_group_decorator.py for tasks to queue
[2022-12-16 01:52:58,552] {logging_mixin.py:115} INFO - [2022-12-16 01:52:58,552] {dagbag.py:507} INFO - Filling up the DagBag from /home/airflow/.local/lib/python3.7/site-packages/airflow/example_dags/example_task_group_decorator.py
[2022-12-16 01:52:58,575] {processor.py:651} INFO - DAG(s) dict_keys(['example_task_group_decorator']) retrieved from /home/airflow/.local/lib/python3.7/site-packages/airflow/example_dags/example_task_group_decorator.py
[2022-12-16 01:52:58,798] {logging_mixin.py:115} INFO - [2022-12-16 01:52:58,798] {dag.py:2371} INFO - Sync 1 DAGs
[2022-12-16 01:52:58,816] {logging_mixin.py:115} INFO - [2022-12-16 01:52:58,815] {dag.py:2919} INFO - Setting next_dagrun for example_task_group_decorator to 2022-12-15T01:52:58.815836+00:00, run_after=2022-12-16T01:52:58.815836+00:00
[2022-12-16 01:52:58,829] {processor.py:161} INFO - Processing /home/airflow/.local/lib/python3.7/site-packages/airflow/example_dags/example_task_group_decorator.py took 0.281 seconds
[2022-12-16 01:53:29,214] {processor.py:153} INFO - Started process (PID=407) to work on /home/airflow/.local/lib/python3.7/site-packages/airflow/example_dags/example_task_group_decorator.py
[2022-12-16 01:53:29,215] {processor.py:641} INFO - Processing file /home/airflow/.local/lib/python3.7/site-packages/airflow/example_dags/example_task_group_decorator.py for tasks to queue
[2022-12-16 01:53:29,216] {logging_mixin.py:115} INFO - [2022-12-16 01:53:29,216] {dagbag.py:507} INFO - Filling up the DagBag from /home/airflow/.local/lib/python3.7/site-packages/airflow/example_dags/example_task_group_decorator.py
[2022-12-16 01:53:29,240] {processor.py:651} INFO - DAG(s) dict_keys(['example_task_group_decorator']) retrieved from /home/airflow/.local/lib/python3.7/site-packages/airflow/example_dags/example_task_group_decorator.py
[2022-12-16 01:53:29,466] {logging_mixin.py:115} INFO - [2022-12-16 01:53:29,466] {dag.py:2371} INFO - Sync 1 DAGs
[2022-12-16 01:53:29,487] {logging_mixin.py:115} INFO - [2022-12-16 01:53:29,487] {dag.py:2919} INFO - Setting next_dagrun for example_task_group_decorator to 2022-12-15T01:53:29.487233+00:00, run_after=2022-12-16T01:53:29.487233+00:00
[2022-12-16 01:53:29,512] {processor.py:161} INFO - Processing /home/airflow/.local/lib/python3.7/site-packages/airflow/example_dags/example_task_group_decorator.py took 0.301 seconds
[2022-12-16 01:54:00,167] {processor.py:153} INFO - Started process (PID=468) to work on /home/airflow/.local/lib/python3.7/site-packages/airflow/example_dags/example_task_group_decorator.py
[2022-12-16 01:54:00,168] {processor.py:641} INFO - Processing file /home/airflow/.local/lib/python3.7/site-packages/airflow/example_dags/example_task_group_decorator.py for tasks to queue
[2022-12-16 01:54:00,169] {logging_mixin.py:115} INFO - [2022-12-16 01:54:00,169] {dagbag.py:507} INFO - Filling up the DagBag from /home/airflow/.local/lib/python3.7/site-packages/airflow/example_dags/example_task_group_decorator.py
[2022-12-16 01:54:00,201] {processor.py:651} INFO - DAG(s) dict_keys(['example_task_group_decorator']) retrieved from /home/airflow/.local/lib/python3.7/site-packages/airflow/example_dags/example_task_group_decorator.py
[2022-12-16 01:54:00,471] {logging_mixin.py:115} INFO - [2022-12-16 01:54:00,471] {dag.py:2371} INFO - Sync 1 DAGs
[2022-12-16 01:54:00,497] {logging_mixin.py:115} INFO - [2022-12-16 01:54:00,497] {dag.py:2919} INFO - Setting next_dagrun for example_task_group_decorator to 2022-12-15T01:54:00.496705+00:00, run_after=2022-12-16T01:54:00.496705+00:00
[2022-12-16 01:54:00,515] {processor.py:161} INFO - Processing /home/airflow/.local/lib/python3.7/site-packages/airflow/example_dags/example_task_group_decorator.py took 0.354 seconds
[2022-12-16 01:54:30,656] {processor.py:153} INFO - Started process (PID=520) to work on /home/airflow/.local/lib/python3.7/site-packages/airflow/example_dags/example_task_group_decorator.py
[2022-12-16 01:54:30,657] {processor.py:641} INFO - Processing file /home/airflow/.local/lib/python3.7/site-packages/airflow/example_dags/example_task_group_decorator.py for tasks to queue
[2022-12-16 01:54:30,657] {logging_mixin.py:115} INFO - [2022-12-16 01:54:30,657] {dagbag.py:507} INFO - Filling up the DagBag from /home/airflow/.local/lib/python3.7/site-packages/airflow/example_dags/example_task_group_decorator.py
[2022-12-16 01:54:30,686] {processor.py:651} INFO - DAG(s) dict_keys(['example_task_group_decorator']) retrieved from /home/airflow/.local/lib/python3.7/site-packages/airflow/example_dags/example_task_group_decorator.py
[2022-12-16 01:54:30,900] {logging_mixin.py:115} INFO - [2022-12-16 01:54:30,900] {dag.py:2371} INFO - Sync 1 DAGs
[2022-12-16 01:54:30,920] {logging_mixin.py:115} INFO - [2022-12-16 01:54:30,920] {dag.py:2919} INFO - Setting next_dagrun for example_task_group_decorator to 2022-12-15T01:54:30.919836+00:00, run_after=2022-12-16T01:54:30.919836+00:00
[2022-12-16 01:54:30,932] {processor.py:161} INFO - Processing /home/airflow/.local/lib/python3.7/site-packages/airflow/example_dags/example_task_group_decorator.py took 0.281 seconds
[2022-12-16 01:55:01,120] {processor.py:153} INFO - Started process (PID=581) to work on /home/airflow/.local/lib/python3.7/site-packages/airflow/example_dags/example_task_group_decorator.py
[2022-12-16 01:55:01,121] {processor.py:641} INFO - Processing file /home/airflow/.local/lib/python3.7/site-packages/airflow/example_dags/example_task_group_decorator.py for tasks to queue
[2022-12-16 01:55:01,121] {logging_mixin.py:115} INFO - [2022-12-16 01:55:01,121] {dagbag.py:507} INFO - Filling up the DagBag from /home/airflow/.local/lib/python3.7/site-packages/airflow/example_dags/example_task_group_decorator.py
[2022-12-16 01:55:01,144] {processor.py:651} INFO - DAG(s) dict_keys(['example_task_group_decorator']) retrieved from /home/airflow/.local/lib/python3.7/site-packages/airflow/example_dags/example_task_group_decorator.py
[2022-12-16 01:55:01,340] {logging_mixin.py:115} INFO - [2022-12-16 01:55:01,340] {dag.py:2371} INFO - Sync 1 DAGs
[2022-12-16 01:55:01,354] {logging_mixin.py:115} INFO - [2022-12-16 01:55:01,354] {dag.py:2919} INFO - Setting next_dagrun for example_task_group_decorator to 2022-12-15T01:55:01.354474+00:00, run_after=2022-12-16T01:55:01.354474+00:00
[2022-12-16 01:55:01,367] {processor.py:161} INFO - Processing /home/airflow/.local/lib/python3.7/site-packages/airflow/example_dags/example_task_group_decorator.py took 0.250 seconds
[2022-12-16 01:55:31,931] {processor.py:153} INFO - Started process (PID=643) to work on /home/airflow/.local/lib/python3.7/site-packages/airflow/example_dags/example_task_group_decorator.py
[2022-12-16 01:55:31,932] {processor.py:641} INFO - Processing file /home/airflow/.local/lib/python3.7/site-packages/airflow/example_dags/example_task_group_decorator.py for tasks to queue
[2022-12-16 01:55:31,933] {logging_mixin.py:115} INFO - [2022-12-16 01:55:31,933] {dagbag.py:507} INFO - Filling up the DagBag from /home/airflow/.local/lib/python3.7/site-packages/airflow/example_dags/example_task_group_decorator.py
[2022-12-16 01:55:31,962] {processor.py:651} INFO - DAG(s) dict_keys(['example_task_group_decorator']) retrieved from /home/airflow/.local/lib/python3.7/site-packages/airflow/example_dags/example_task_group_decorator.py
[2022-12-16 01:55:32,185] {logging_mixin.py:115} INFO - [2022-12-16 01:55:32,185] {dag.py:2371} INFO - Sync 1 DAGs
[2022-12-16 01:55:32,215] {logging_mixin.py:115} INFO - [2022-12-16 01:55:32,215] {dag.py:2919} INFO - Setting next_dagrun for example_task_group_decorator to 2022-12-15T01:55:32.214844+00:00, run_after=2022-12-16T01:55:32.214844+00:00
[2022-12-16 01:55:32,233] {processor.py:161} INFO - Processing /home/airflow/.local/lib/python3.7/site-packages/airflow/example_dags/example_task_group_decorator.py took 0.306 seconds
[2022-12-16 01:56:02,384] {processor.py:153} INFO - Started process (PID=695) to work on /home/airflow/.local/lib/python3.7/site-packages/airflow/example_dags/example_task_group_decorator.py
[2022-12-16 01:56:02,384] {processor.py:641} INFO - Processing file /home/airflow/.local/lib/python3.7/site-packages/airflow/example_dags/example_task_group_decorator.py for tasks to queue
[2022-12-16 01:56:02,385] {logging_mixin.py:115} INFO - [2022-12-16 01:56:02,385] {dagbag.py:507} INFO - Filling up the DagBag from /home/airflow/.local/lib/python3.7/site-packages/airflow/example_dags/example_task_group_decorator.py
[2022-12-16 01:56:02,410] {processor.py:651} INFO - DAG(s) dict_keys(['example_task_group_decorator']) retrieved from /home/airflow/.local/lib/python3.7/site-packages/airflow/example_dags/example_task_group_decorator.py
[2022-12-16 01:56:02,617] {logging_mixin.py:115} INFO - [2022-12-16 01:56:02,617] {dag.py:2371} INFO - Sync 1 DAGs
[2022-12-16 01:56:02,635] {logging_mixin.py:115} INFO - [2022-12-16 01:56:02,635] {dag.py:2919} INFO - Setting next_dagrun for example_task_group_decorator to 2022-12-15T01:56:02.635464+00:00, run_after=2022-12-16T01:56:02.635464+00:00
[2022-12-16 01:56:02,652] {processor.py:161} INFO - Processing /home/airflow/.local/lib/python3.7/site-packages/airflow/example_dags/example_task_group_decorator.py took 0.271 seconds
[2022-12-16 01:56:32,857] {processor.py:153} INFO - Started process (PID=757) to work on /home/airflow/.local/lib/python3.7/site-packages/airflow/example_dags/example_task_group_decorator.py
[2022-12-16 01:56:32,857] {processor.py:641} INFO - Processing file /home/airflow/.local/lib/python3.7/site-packages/airflow/example_dags/example_task_group_decorator.py for tasks to queue
[2022-12-16 01:56:32,858] {logging_mixin.py:115} INFO - [2022-12-16 01:56:32,858] {dagbag.py:507} INFO - Filling up the DagBag from /home/airflow/.local/lib/python3.7/site-packages/airflow/example_dags/example_task_group_decorator.py
[2022-12-16 01:56:32,884] {processor.py:651} INFO - DAG(s) dict_keys(['example_task_group_decorator']) retrieved from /home/airflow/.local/lib/python3.7/site-packages/airflow/example_dags/example_task_group_decorator.py
[2022-12-16 01:56:33,038] {logging_mixin.py:115} INFO - [2022-12-16 01:56:33,038] {dag.py:2371} INFO - Sync 1 DAGs
[2022-12-16 01:56:33,055] {logging_mixin.py:115} INFO - [2022-12-16 01:56:33,055] {dag.py:2919} INFO - Setting next_dagrun for example_task_group_decorator to 2022-12-15T01:56:33.054846+00:00, run_after=2022-12-16T01:56:33.054846+00:00
[2022-12-16 01:56:33,065] {processor.py:161} INFO - Processing /home/airflow/.local/lib/python3.7/site-packages/airflow/example_dags/example_task_group_decorator.py took 0.211 seconds
[2022-12-16 01:57:03,509] {processor.py:153} INFO - Started process (PID=819) to work on /home/airflow/.local/lib/python3.7/site-packages/airflow/example_dags/example_task_group_decorator.py
[2022-12-16 01:57:03,510] {processor.py:641} INFO - Processing file /home/airflow/.local/lib/python3.7/site-packages/airflow/example_dags/example_task_group_decorator.py for tasks to queue
[2022-12-16 01:57:03,510] {logging_mixin.py:115} INFO - [2022-12-16 01:57:03,510] {dagbag.py:507} INFO - Filling up the DagBag from /home/airflow/.local/lib/python3.7/site-packages/airflow/example_dags/example_task_group_decorator.py
[2022-12-16 01:57:03,539] {processor.py:651} INFO - DAG(s) dict_keys(['example_task_group_decorator']) retrieved from /home/airflow/.local/lib/python3.7/site-packages/airflow/example_dags/example_task_group_decorator.py
[2022-12-16 01:57:03,708] {logging_mixin.py:115} INFO - [2022-12-16 01:57:03,708] {dag.py:2371} INFO - Sync 1 DAGs
[2022-12-16 01:57:03,727] {logging_mixin.py:115} INFO - [2022-12-16 01:57:03,727] {dag.py:2919} INFO - Setting next_dagrun for example_task_group_decorator to 2022-12-15T01:57:03.726826+00:00, run_after=2022-12-16T01:57:03.726826+00:00
[2022-12-16 01:57:03,739] {processor.py:161} INFO - Processing /home/airflow/.local/lib/python3.7/site-packages/airflow/example_dags/example_task_group_decorator.py took 0.234 seconds
[2022-12-16 01:57:34,193] {processor.py:153} INFO - Started process (PID=881) to work on /home/airflow/.local/lib/python3.7/site-packages/airflow/example_dags/example_task_group_decorator.py
[2022-12-16 01:57:34,194] {processor.py:641} INFO - Processing file /home/airflow/.local/lib/python3.7/site-packages/airflow/example_dags/example_task_group_decorator.py for tasks to queue
[2022-12-16 01:57:34,195] {logging_mixin.py:115} INFO - [2022-12-16 01:57:34,195] {dagbag.py:507} INFO - Filling up the DagBag from /home/airflow/.local/lib/python3.7/site-packages/airflow/example_dags/example_task_group_decorator.py
[2022-12-16 01:57:34,223] {processor.py:651} INFO - DAG(s) dict_keys(['example_task_group_decorator']) retrieved from /home/airflow/.local/lib/python3.7/site-packages/airflow/example_dags/example_task_group_decorator.py
[2022-12-16 01:57:34,478] {logging_mixin.py:115} INFO - [2022-12-16 01:57:34,478] {dag.py:2371} INFO - Sync 1 DAGs
[2022-12-16 01:57:34,496] {logging_mixin.py:115} INFO - [2022-12-16 01:57:34,496] {dag.py:2919} INFO - Setting next_dagrun for example_task_group_decorator to 2022-12-15T01:57:34.495855+00:00, run_after=2022-12-16T01:57:34.495855+00:00
[2022-12-16 01:57:34,511] {processor.py:161} INFO - Processing /home/airflow/.local/lib/python3.7/site-packages/airflow/example_dags/example_task_group_decorator.py took 0.321 seconds
[2022-12-16 01:58:56,983] {processor.py:153} INFO - Started process (PID=58) to work on /home/airflow/.local/lib/python3.7/site-packages/airflow/example_dags/example_task_group_decorator.py
[2022-12-16 01:58:56,985] {processor.py:641} INFO - Processing file /home/airflow/.local/lib/python3.7/site-packages/airflow/example_dags/example_task_group_decorator.py for tasks to queue
[2022-12-16 01:58:56,989] {logging_mixin.py:115} INFO - [2022-12-16 01:58:56,987] {dagbag.py:507} INFO - Filling up the DagBag from /home/airflow/.local/lib/python3.7/site-packages/airflow/example_dags/example_task_group_decorator.py
[2022-12-16 01:58:57,093] {processor.py:651} INFO - DAG(s) dict_keys(['example_task_group_decorator']) retrieved from /home/airflow/.local/lib/python3.7/site-packages/airflow/example_dags/example_task_group_decorator.py
[2022-12-16 01:58:57,433] {logging_mixin.py:115} INFO - [2022-12-16 01:58:57,432] {dag.py:2371} INFO - Sync 1 DAGs
[2022-12-16 01:58:58,096] {logging_mixin.py:115} INFO - [2022-12-16 01:58:58,095] {dag.py:2919} INFO - Setting next_dagrun for example_task_group_decorator to 2022-12-15T01:58:58.095697+00:00, run_after=2022-12-16T01:58:58.095697+00:00
[2022-12-16 01:58:58,163] {processor.py:161} INFO - Processing /home/airflow/.local/lib/python3.7/site-packages/airflow/example_dags/example_task_group_decorator.py took 1.184 seconds
[2022-12-16 01:59:43,190] {processor.py:153} INFO - Started process (PID=49) to work on /home/airflow/.local/lib/python3.7/site-packages/airflow/example_dags/example_task_group_decorator.py
[2022-12-16 01:59:43,192] {processor.py:641} INFO - Processing file /home/airflow/.local/lib/python3.7/site-packages/airflow/example_dags/example_task_group_decorator.py for tasks to queue
[2022-12-16 01:59:43,194] {logging_mixin.py:115} INFO - [2022-12-16 01:59:43,194] {dagbag.py:507} INFO - Filling up the DagBag from /home/airflow/.local/lib/python3.7/site-packages/airflow/example_dags/example_task_group_decorator.py
[2022-12-16 01:59:43,240] {processor.py:651} INFO - DAG(s) dict_keys(['example_task_group_decorator']) retrieved from /home/airflow/.local/lib/python3.7/site-packages/airflow/example_dags/example_task_group_decorator.py
[2022-12-16 01:59:43,342] {logging_mixin.py:115} INFO - [2022-12-16 01:59:43,342] {dag.py:2371} INFO - Sync 1 DAGs
[2022-12-16 01:59:43,595] {logging_mixin.py:115} INFO - [2022-12-16 01:59:43,594] {dag.py:2919} INFO - Setting next_dagrun for example_task_group_decorator to 2022-12-15T01:59:43.594526+00:00, run_after=2022-12-16T01:59:43.594526+00:00
[2022-12-16 01:59:43,642] {processor.py:161} INFO - Processing /home/airflow/.local/lib/python3.7/site-packages/airflow/example_dags/example_task_group_decorator.py took 0.455 seconds
[2022-12-16 02:00:14,559] {processor.py:153} INFO - Started process (PID=112) to work on /home/airflow/.local/lib/python3.7/site-packages/airflow/example_dags/example_task_group_decorator.py
[2022-12-16 02:00:14,559] {processor.py:641} INFO - Processing file /home/airflow/.local/lib/python3.7/site-packages/airflow/example_dags/example_task_group_decorator.py for tasks to queue
[2022-12-16 02:00:14,561] {logging_mixin.py:115} INFO - [2022-12-16 02:00:14,561] {dagbag.py:507} INFO - Filling up the DagBag from /home/airflow/.local/lib/python3.7/site-packages/airflow/example_dags/example_task_group_decorator.py
[2022-12-16 02:00:14,587] {processor.py:651} INFO - DAG(s) dict_keys(['example_task_group_decorator']) retrieved from /home/airflow/.local/lib/python3.7/site-packages/airflow/example_dags/example_task_group_decorator.py
[2022-12-16 02:00:14,659] {logging_mixin.py:115} INFO - [2022-12-16 02:00:14,659] {dag.py:2371} INFO - Sync 1 DAGs
[2022-12-16 02:00:14,816] {logging_mixin.py:115} INFO - [2022-12-16 02:00:14,816] {dag.py:2919} INFO - Setting next_dagrun for example_task_group_decorator to 2022-12-15T02:00:14.816009+00:00, run_after=2022-12-16T02:00:14.816009+00:00
[2022-12-16 02:00:14,829] {processor.py:161} INFO - Processing /home/airflow/.local/lib/python3.7/site-packages/airflow/example_dags/example_task_group_decorator.py took 0.274 seconds
[2022-12-16 02:00:45,426] {processor.py:153} INFO - Started process (PID=175) to work on /home/airflow/.local/lib/python3.7/site-packages/airflow/example_dags/example_task_group_decorator.py
[2022-12-16 02:00:45,427] {processor.py:641} INFO - Processing file /home/airflow/.local/lib/python3.7/site-packages/airflow/example_dags/example_task_group_decorator.py for tasks to queue
[2022-12-16 02:00:45,428] {logging_mixin.py:115} INFO - [2022-12-16 02:00:45,428] {dagbag.py:507} INFO - Filling up the DagBag from /home/airflow/.local/lib/python3.7/site-packages/airflow/example_dags/example_task_group_decorator.py
[2022-12-16 02:00:45,461] {processor.py:651} INFO - DAG(s) dict_keys(['example_task_group_decorator']) retrieved from /home/airflow/.local/lib/python3.7/site-packages/airflow/example_dags/example_task_group_decorator.py
[2022-12-16 02:00:45,526] {logging_mixin.py:115} INFO - [2022-12-16 02:00:45,526] {dag.py:2371} INFO - Sync 1 DAGs
[2022-12-16 02:00:45,724] {logging_mixin.py:115} INFO - [2022-12-16 02:00:45,724] {dag.py:2919} INFO - Setting next_dagrun for example_task_group_decorator to 2022-12-15T02:00:45.724058+00:00, run_after=2022-12-16T02:00:45.724058+00:00
[2022-12-16 02:00:45,741] {processor.py:161} INFO - Processing /home/airflow/.local/lib/python3.7/site-packages/airflow/example_dags/example_task_group_decorator.py took 0.320 seconds
[2022-12-16 02:01:16,284] {processor.py:153} INFO - Started process (PID=228) to work on /home/airflow/.local/lib/python3.7/site-packages/airflow/example_dags/example_task_group_decorator.py
[2022-12-16 02:01:16,285] {processor.py:641} INFO - Processing file /home/airflow/.local/lib/python3.7/site-packages/airflow/example_dags/example_task_group_decorator.py for tasks to queue
[2022-12-16 02:01:16,286] {logging_mixin.py:115} INFO - [2022-12-16 02:01:16,286] {dagbag.py:507} INFO - Filling up the DagBag from /home/airflow/.local/lib/python3.7/site-packages/airflow/example_dags/example_task_group_decorator.py
[2022-12-16 02:01:16,309] {processor.py:651} INFO - DAG(s) dict_keys(['example_task_group_decorator']) retrieved from /home/airflow/.local/lib/python3.7/site-packages/airflow/example_dags/example_task_group_decorator.py
[2022-12-16 02:01:16,392] {logging_mixin.py:115} INFO - [2022-12-16 02:01:16,392] {dag.py:2371} INFO - Sync 1 DAGs
[2022-12-16 02:01:16,616] {logging_mixin.py:115} INFO - [2022-12-16 02:01:16,616] {dag.py:2919} INFO - Setting next_dagrun for example_task_group_decorator to 2022-12-15T02:01:16.614834+00:00, run_after=2022-12-16T02:01:16.614834+00:00
[2022-12-16 02:01:16,662] {processor.py:161} INFO - Processing /home/airflow/.local/lib/python3.7/site-packages/airflow/example_dags/example_task_group_decorator.py took 0.382 seconds
[2022-12-16 02:01:47,110] {processor.py:153} INFO - Started process (PID=290) to work on /home/airflow/.local/lib/python3.7/site-packages/airflow/example_dags/example_task_group_decorator.py
[2022-12-16 02:01:47,111] {processor.py:641} INFO - Processing file /home/airflow/.local/lib/python3.7/site-packages/airflow/example_dags/example_task_group_decorator.py for tasks to queue
[2022-12-16 02:01:47,112] {logging_mixin.py:115} INFO - [2022-12-16 02:01:47,112] {dagbag.py:507} INFO - Filling up the DagBag from /home/airflow/.local/lib/python3.7/site-packages/airflow/example_dags/example_task_group_decorator.py
[2022-12-16 02:01:47,138] {processor.py:651} INFO - DAG(s) dict_keys(['example_task_group_decorator']) retrieved from /home/airflow/.local/lib/python3.7/site-packages/airflow/example_dags/example_task_group_decorator.py
[2022-12-16 02:01:47,198] {logging_mixin.py:115} INFO - [2022-12-16 02:01:47,198] {dag.py:2371} INFO - Sync 1 DAGs
[2022-12-16 02:01:47,366] {logging_mixin.py:115} INFO - [2022-12-16 02:01:47,366] {dag.py:2919} INFO - Setting next_dagrun for example_task_group_decorator to 2022-12-15T02:01:47.366574+00:00, run_after=2022-12-16T02:01:47.366574+00:00
[2022-12-16 02:01:47,380] {processor.py:161} INFO - Processing /home/airflow/.local/lib/python3.7/site-packages/airflow/example_dags/example_task_group_decorator.py took 0.274 seconds
[2022-12-16 02:02:17,530] {processor.py:153} INFO - Started process (PID=352) to work on /home/airflow/.local/lib/python3.7/site-packages/airflow/example_dags/example_task_group_decorator.py
[2022-12-16 02:02:17,531] {processor.py:641} INFO - Processing file /home/airflow/.local/lib/python3.7/site-packages/airflow/example_dags/example_task_group_decorator.py for tasks to queue
[2022-12-16 02:02:17,533] {logging_mixin.py:115} INFO - [2022-12-16 02:02:17,533] {dagbag.py:507} INFO - Filling up the DagBag from /home/airflow/.local/lib/python3.7/site-packages/airflow/example_dags/example_task_group_decorator.py
[2022-12-16 02:02:17,564] {processor.py:651} INFO - DAG(s) dict_keys(['example_task_group_decorator']) retrieved from /home/airflow/.local/lib/python3.7/site-packages/airflow/example_dags/example_task_group_decorator.py
[2022-12-16 02:02:17,624] {logging_mixin.py:115} INFO - [2022-12-16 02:02:17,624] {dag.py:2371} INFO - Sync 1 DAGs
[2022-12-16 02:02:17,779] {logging_mixin.py:115} INFO - [2022-12-16 02:02:17,779] {dag.py:2919} INFO - Setting next_dagrun for example_task_group_decorator to 2022-12-15T02:02:17.779082+00:00, run_after=2022-12-16T02:02:17.779082+00:00
[2022-12-16 02:02:17,791] {processor.py:161} INFO - Processing /home/airflow/.local/lib/python3.7/site-packages/airflow/example_dags/example_task_group_decorator.py took 0.266 seconds
[2022-12-16 02:02:47,879] {processor.py:153} INFO - Started process (PID=415) to work on /home/airflow/.local/lib/python3.7/site-packages/airflow/example_dags/example_task_group_decorator.py
[2022-12-16 02:02:47,880] {processor.py:641} INFO - Processing file /home/airflow/.local/lib/python3.7/site-packages/airflow/example_dags/example_task_group_decorator.py for tasks to queue
[2022-12-16 02:02:47,881] {logging_mixin.py:115} INFO - [2022-12-16 02:02:47,881] {dagbag.py:507} INFO - Filling up the DagBag from /home/airflow/.local/lib/python3.7/site-packages/airflow/example_dags/example_task_group_decorator.py
[2022-12-16 02:02:47,909] {processor.py:651} INFO - DAG(s) dict_keys(['example_task_group_decorator']) retrieved from /home/airflow/.local/lib/python3.7/site-packages/airflow/example_dags/example_task_group_decorator.py
[2022-12-16 02:02:47,988] {logging_mixin.py:115} INFO - [2022-12-16 02:02:47,988] {dag.py:2371} INFO - Sync 1 DAGs
[2022-12-16 02:02:48,179] {logging_mixin.py:115} INFO - [2022-12-16 02:02:48,179] {dag.py:2919} INFO - Setting next_dagrun for example_task_group_decorator to 2022-12-15T02:02:48.179123+00:00, run_after=2022-12-16T02:02:48.179123+00:00
[2022-12-16 02:02:48,194] {processor.py:161} INFO - Processing /home/airflow/.local/lib/python3.7/site-packages/airflow/example_dags/example_task_group_decorator.py took 0.320 seconds
[2022-12-16 02:03:18,320] {processor.py:153} INFO - Started process (PID=470) to work on /home/airflow/.local/lib/python3.7/site-packages/airflow/example_dags/example_task_group_decorator.py
[2022-12-16 02:03:18,321] {processor.py:641} INFO - Processing file /home/airflow/.local/lib/python3.7/site-packages/airflow/example_dags/example_task_group_decorator.py for tasks to queue
[2022-12-16 02:03:18,322] {logging_mixin.py:115} INFO - [2022-12-16 02:03:18,322] {dagbag.py:507} INFO - Filling up the DagBag from /home/airflow/.local/lib/python3.7/site-packages/airflow/example_dags/example_task_group_decorator.py
[2022-12-16 02:03:18,343] {processor.py:651} INFO - DAG(s) dict_keys(['example_task_group_decorator']) retrieved from /home/airflow/.local/lib/python3.7/site-packages/airflow/example_dags/example_task_group_decorator.py
[2022-12-16 02:03:18,403] {logging_mixin.py:115} INFO - [2022-12-16 02:03:18,403] {dag.py:2371} INFO - Sync 1 DAGs
[2022-12-16 02:03:18,546] {logging_mixin.py:115} INFO - [2022-12-16 02:03:18,545] {dag.py:2919} INFO - Setting next_dagrun for example_task_group_decorator to 2022-12-15T02:03:18.545668+00:00, run_after=2022-12-16T02:03:18.545668+00:00
[2022-12-16 02:03:18,561] {processor.py:161} INFO - Processing /home/airflow/.local/lib/python3.7/site-packages/airflow/example_dags/example_task_group_decorator.py took 0.244 seconds
[2022-12-16 02:03:48,960] {processor.py:153} INFO - Started process (PID=530) to work on /home/airflow/.local/lib/python3.7/site-packages/airflow/example_dags/example_task_group_decorator.py
[2022-12-16 02:03:48,961] {processor.py:641} INFO - Processing file /home/airflow/.local/lib/python3.7/site-packages/airflow/example_dags/example_task_group_decorator.py for tasks to queue
[2022-12-16 02:03:48,962] {logging_mixin.py:115} INFO - [2022-12-16 02:03:48,962] {dagbag.py:507} INFO - Filling up the DagBag from /home/airflow/.local/lib/python3.7/site-packages/airflow/example_dags/example_task_group_decorator.py
[2022-12-16 02:03:48,994] {processor.py:651} INFO - DAG(s) dict_keys(['example_task_group_decorator']) retrieved from /home/airflow/.local/lib/python3.7/site-packages/airflow/example_dags/example_task_group_decorator.py
[2022-12-16 02:03:49,058] {logging_mixin.py:115} INFO - [2022-12-16 02:03:49,058] {dag.py:2371} INFO - Sync 1 DAGs
[2022-12-16 02:03:49,210] {logging_mixin.py:115} INFO - [2022-12-16 02:03:49,210] {dag.py:2919} INFO - Setting next_dagrun for example_task_group_decorator to 2022-12-15T02:03:49.209729+00:00, run_after=2022-12-16T02:03:49.209729+00:00
[2022-12-16 02:03:49,232] {processor.py:161} INFO - Processing /home/airflow/.local/lib/python3.7/site-packages/airflow/example_dags/example_task_group_decorator.py took 0.278 seconds
[2022-12-16 02:04:19,403] {processor.py:153} INFO - Started process (PID=591) to work on /home/airflow/.local/lib/python3.7/site-packages/airflow/example_dags/example_task_group_decorator.py
[2022-12-16 02:04:19,404] {processor.py:641} INFO - Processing file /home/airflow/.local/lib/python3.7/site-packages/airflow/example_dags/example_task_group_decorator.py for tasks to queue
[2022-12-16 02:04:19,405] {logging_mixin.py:115} INFO - [2022-12-16 02:04:19,405] {dagbag.py:507} INFO - Filling up the DagBag from /home/airflow/.local/lib/python3.7/site-packages/airflow/example_dags/example_task_group_decorator.py
[2022-12-16 02:04:19,430] {processor.py:651} INFO - DAG(s) dict_keys(['example_task_group_decorator']) retrieved from /home/airflow/.local/lib/python3.7/site-packages/airflow/example_dags/example_task_group_decorator.py
[2022-12-16 02:04:19,493] {logging_mixin.py:115} INFO - [2022-12-16 02:04:19,493] {dag.py:2371} INFO - Sync 1 DAGs
[2022-12-16 02:04:19,649] {logging_mixin.py:115} INFO - [2022-12-16 02:04:19,649] {dag.py:2919} INFO - Setting next_dagrun for example_task_group_decorator to 2022-12-15T02:04:19.649044+00:00, run_after=2022-12-16T02:04:19.649044+00:00
[2022-12-16 02:04:19,662] {processor.py:161} INFO - Processing /home/airflow/.local/lib/python3.7/site-packages/airflow/example_dags/example_task_group_decorator.py took 0.263 seconds
[2022-12-16 02:04:50,048] {processor.py:153} INFO - Started process (PID=654) to work on /home/airflow/.local/lib/python3.7/site-packages/airflow/example_dags/example_task_group_decorator.py
[2022-12-16 02:04:50,049] {processor.py:641} INFO - Processing file /home/airflow/.local/lib/python3.7/site-packages/airflow/example_dags/example_task_group_decorator.py for tasks to queue
[2022-12-16 02:04:50,050] {logging_mixin.py:115} INFO - [2022-12-16 02:04:50,050] {dagbag.py:507} INFO - Filling up the DagBag from /home/airflow/.local/lib/python3.7/site-packages/airflow/example_dags/example_task_group_decorator.py
[2022-12-16 02:04:50,076] {processor.py:651} INFO - DAG(s) dict_keys(['example_task_group_decorator']) retrieved from /home/airflow/.local/lib/python3.7/site-packages/airflow/example_dags/example_task_group_decorator.py
[2022-12-16 02:04:50,140] {logging_mixin.py:115} INFO - [2022-12-16 02:04:50,140] {dag.py:2371} INFO - Sync 1 DAGs
[2022-12-16 02:04:50,297] {logging_mixin.py:115} INFO - [2022-12-16 02:04:50,297] {dag.py:2919} INFO - Setting next_dagrun for example_task_group_decorator to 2022-12-15T02:04:50.297067+00:00, run_after=2022-12-16T02:04:50.297067+00:00
[2022-12-16 02:04:50,312] {processor.py:161} INFO - Processing /home/airflow/.local/lib/python3.7/site-packages/airflow/example_dags/example_task_group_decorator.py took 0.269 seconds
[2022-12-16 02:05:20,948] {processor.py:153} INFO - Started process (PID=708) to work on /home/airflow/.local/lib/python3.7/site-packages/airflow/example_dags/example_task_group_decorator.py
[2022-12-16 02:05:20,949] {processor.py:641} INFO - Processing file /home/airflow/.local/lib/python3.7/site-packages/airflow/example_dags/example_task_group_decorator.py for tasks to queue
[2022-12-16 02:05:20,951] {logging_mixin.py:115} INFO - [2022-12-16 02:05:20,951] {dagbag.py:507} INFO - Filling up the DagBag from /home/airflow/.local/lib/python3.7/site-packages/airflow/example_dags/example_task_group_decorator.py
[2022-12-16 02:05:20,990] {processor.py:651} INFO - DAG(s) dict_keys(['example_task_group_decorator']) retrieved from /home/airflow/.local/lib/python3.7/site-packages/airflow/example_dags/example_task_group_decorator.py
[2022-12-16 02:05:21,100] {logging_mixin.py:115} INFO - [2022-12-16 02:05:21,100] {dag.py:2371} INFO - Sync 1 DAGs
[2022-12-16 02:05:21,362] {logging_mixin.py:115} INFO - [2022-12-16 02:05:21,362] {dag.py:2919} INFO - Setting next_dagrun for example_task_group_decorator to 2022-12-15T02:05:21.362201+00:00, run_after=2022-12-16T02:05:21.362201+00:00
[2022-12-16 02:05:21,381] {processor.py:161} INFO - Processing /home/airflow/.local/lib/python3.7/site-packages/airflow/example_dags/example_task_group_decorator.py took 0.440 seconds
[2022-12-16 02:05:51,467] {processor.py:153} INFO - Started process (PID=772) to work on /home/airflow/.local/lib/python3.7/site-packages/airflow/example_dags/example_task_group_decorator.py
[2022-12-16 02:05:51,468] {processor.py:641} INFO - Processing file /home/airflow/.local/lib/python3.7/site-packages/airflow/example_dags/example_task_group_decorator.py for tasks to queue
[2022-12-16 02:05:51,469] {logging_mixin.py:115} INFO - [2022-12-16 02:05:51,469] {dagbag.py:507} INFO - Filling up the DagBag from /home/airflow/.local/lib/python3.7/site-packages/airflow/example_dags/example_task_group_decorator.py
[2022-12-16 02:05:51,495] {processor.py:651} INFO - DAG(s) dict_keys(['example_task_group_decorator']) retrieved from /home/airflow/.local/lib/python3.7/site-packages/airflow/example_dags/example_task_group_decorator.py
[2022-12-16 02:05:51,559] {logging_mixin.py:115} INFO - [2022-12-16 02:05:51,559] {dag.py:2371} INFO - Sync 1 DAGs
[2022-12-16 02:05:51,706] {logging_mixin.py:115} INFO - [2022-12-16 02:05:51,706] {dag.py:2919} INFO - Setting next_dagrun for example_task_group_decorator to 2022-12-15T02:05:51.706216+00:00, run_after=2022-12-16T02:05:51.706216+00:00
[2022-12-16 02:05:51,720] {processor.py:161} INFO - Processing /home/airflow/.local/lib/python3.7/site-packages/airflow/example_dags/example_task_group_decorator.py took 0.258 seconds
[2022-12-16 02:06:22,197] {processor.py:153} INFO - Started process (PID=833) to work on /home/airflow/.local/lib/python3.7/site-packages/airflow/example_dags/example_task_group_decorator.py
[2022-12-16 02:06:22,198] {processor.py:641} INFO - Processing file /home/airflow/.local/lib/python3.7/site-packages/airflow/example_dags/example_task_group_decorator.py for tasks to queue
[2022-12-16 02:06:22,199] {logging_mixin.py:115} INFO - [2022-12-16 02:06:22,199] {dagbag.py:507} INFO - Filling up the DagBag from /home/airflow/.local/lib/python3.7/site-packages/airflow/example_dags/example_task_group_decorator.py
[2022-12-16 02:06:22,231] {processor.py:651} INFO - DAG(s) dict_keys(['example_task_group_decorator']) retrieved from /home/airflow/.local/lib/python3.7/site-packages/airflow/example_dags/example_task_group_decorator.py
[2022-12-16 02:06:22,339] {logging_mixin.py:115} INFO - [2022-12-16 02:06:22,339] {dag.py:2371} INFO - Sync 1 DAGs
[2022-12-16 02:06:22,489] {logging_mixin.py:115} INFO - [2022-12-16 02:06:22,489] {dag.py:2919} INFO - Setting next_dagrun for example_task_group_decorator to 2022-12-15T02:06:22.488889+00:00, run_after=2022-12-16T02:06:22.488889+00:00
[2022-12-16 02:06:22,505] {processor.py:161} INFO - Processing /home/airflow/.local/lib/python3.7/site-packages/airflow/example_dags/example_task_group_decorator.py took 0.312 seconds
[2022-12-16 02:06:52,593] {processor.py:153} INFO - Started process (PID=898) to work on /home/airflow/.local/lib/python3.7/site-packages/airflow/example_dags/example_task_group_decorator.py
[2022-12-16 02:06:52,593] {processor.py:641} INFO - Processing file /home/airflow/.local/lib/python3.7/site-packages/airflow/example_dags/example_task_group_decorator.py for tasks to queue
[2022-12-16 02:06:52,594] {logging_mixin.py:115} INFO - [2022-12-16 02:06:52,594] {dagbag.py:507} INFO - Filling up the DagBag from /home/airflow/.local/lib/python3.7/site-packages/airflow/example_dags/example_task_group_decorator.py
[2022-12-16 02:06:52,621] {processor.py:651} INFO - DAG(s) dict_keys(['example_task_group_decorator']) retrieved from /home/airflow/.local/lib/python3.7/site-packages/airflow/example_dags/example_task_group_decorator.py
[2022-12-16 02:06:52,687] {logging_mixin.py:115} INFO - [2022-12-16 02:06:52,686] {dag.py:2371} INFO - Sync 1 DAGs
[2022-12-16 02:06:52,859] {logging_mixin.py:115} INFO - [2022-12-16 02:06:52,858] {dag.py:2919} INFO - Setting next_dagrun for example_task_group_decorator to 2022-12-15T02:06:52.858753+00:00, run_after=2022-12-16T02:06:52.858753+00:00
[2022-12-16 02:06:52,874] {processor.py:161} INFO - Processing /home/airflow/.local/lib/python3.7/site-packages/airflow/example_dags/example_task_group_decorator.py took 0.285 seconds
[2022-12-16 02:07:23,127] {processor.py:153} INFO - Started process (PID=953) to work on /home/airflow/.local/lib/python3.7/site-packages/airflow/example_dags/example_task_group_decorator.py
[2022-12-16 02:07:23,128] {processor.py:641} INFO - Processing file /home/airflow/.local/lib/python3.7/site-packages/airflow/example_dags/example_task_group_decorator.py for tasks to queue
[2022-12-16 02:07:23,129] {logging_mixin.py:115} INFO - [2022-12-16 02:07:23,129] {dagbag.py:507} INFO - Filling up the DagBag from /home/airflow/.local/lib/python3.7/site-packages/airflow/example_dags/example_task_group_decorator.py
[2022-12-16 02:07:23,165] {processor.py:651} INFO - DAG(s) dict_keys(['example_task_group_decorator']) retrieved from /home/airflow/.local/lib/python3.7/site-packages/airflow/example_dags/example_task_group_decorator.py
[2022-12-16 02:07:23,204] {logging_mixin.py:115} INFO - [2022-12-16 02:07:23,204] {dag.py:2371} INFO - Sync 1 DAGs
[2022-12-16 02:07:23,246] {logging_mixin.py:115} INFO - [2022-12-16 02:07:23,246] {dag.py:2919} INFO - Setting next_dagrun for example_task_group_decorator to 2022-12-15T02:07:23.246223+00:00, run_after=2022-12-16T02:07:23.246223+00:00
[2022-12-16 02:07:23,264] {processor.py:161} INFO - Processing /home/airflow/.local/lib/python3.7/site-packages/airflow/example_dags/example_task_group_decorator.py took 0.143 seconds
[2022-12-16 02:07:53,332] {processor.py:153} INFO - Started process (PID=1016) to work on /home/airflow/.local/lib/python3.7/site-packages/airflow/example_dags/example_task_group_decorator.py
[2022-12-16 02:07:53,332] {processor.py:641} INFO - Processing file /home/airflow/.local/lib/python3.7/site-packages/airflow/example_dags/example_task_group_decorator.py for tasks to queue
[2022-12-16 02:07:53,334] {logging_mixin.py:115} INFO - [2022-12-16 02:07:53,333] {dagbag.py:507} INFO - Filling up the DagBag from /home/airflow/.local/lib/python3.7/site-packages/airflow/example_dags/example_task_group_decorator.py
[2022-12-16 02:07:53,354] {processor.py:651} INFO - DAG(s) dict_keys(['example_task_group_decorator']) retrieved from /home/airflow/.local/lib/python3.7/site-packages/airflow/example_dags/example_task_group_decorator.py
[2022-12-16 02:07:53,408] {logging_mixin.py:115} INFO - [2022-12-16 02:07:53,408] {dag.py:2371} INFO - Sync 1 DAGs
[2022-12-16 02:07:53,544] {logging_mixin.py:115} INFO - [2022-12-16 02:07:53,544] {dag.py:2919} INFO - Setting next_dagrun for example_task_group_decorator to 2022-12-15T02:07:53.544601+00:00, run_after=2022-12-16T02:07:53.544601+00:00
[2022-12-16 02:07:53,557] {processor.py:161} INFO - Processing /home/airflow/.local/lib/python3.7/site-packages/airflow/example_dags/example_task_group_decorator.py took 0.229 seconds
[2022-12-16 02:08:23,775] {processor.py:153} INFO - Started process (PID=1074) to work on /home/airflow/.local/lib/python3.7/site-packages/airflow/example_dags/example_task_group_decorator.py
[2022-12-16 02:08:23,776] {processor.py:641} INFO - Processing file /home/airflow/.local/lib/python3.7/site-packages/airflow/example_dags/example_task_group_decorator.py for tasks to queue
[2022-12-16 02:08:23,777] {logging_mixin.py:115} INFO - [2022-12-16 02:08:23,777] {dagbag.py:507} INFO - Filling up the DagBag from /home/airflow/.local/lib/python3.7/site-packages/airflow/example_dags/example_task_group_decorator.py
[2022-12-16 02:08:23,813] {processor.py:651} INFO - DAG(s) dict_keys(['example_task_group_decorator']) retrieved from /home/airflow/.local/lib/python3.7/site-packages/airflow/example_dags/example_task_group_decorator.py
[2022-12-16 02:08:23,843] {logging_mixin.py:115} INFO - [2022-12-16 02:08:23,843] {dag.py:2371} INFO - Sync 1 DAGs
[2022-12-16 02:08:23,865] {logging_mixin.py:115} INFO - [2022-12-16 02:08:23,865] {dag.py:2919} INFO - Setting next_dagrun for example_task_group_decorator to 2022-12-15T02:08:23.864872+00:00, run_after=2022-12-16T02:08:23.864872+00:00
[2022-12-16 02:08:23,893] {processor.py:161} INFO - Processing /home/airflow/.local/lib/python3.7/site-packages/airflow/example_dags/example_task_group_decorator.py took 0.123 seconds
[2022-12-16 02:08:54,408] {processor.py:153} INFO - Started process (PID=1134) to work on /home/airflow/.local/lib/python3.7/site-packages/airflow/example_dags/example_task_group_decorator.py
[2022-12-16 02:08:54,409] {processor.py:641} INFO - Processing file /home/airflow/.local/lib/python3.7/site-packages/airflow/example_dags/example_task_group_decorator.py for tasks to queue
[2022-12-16 02:08:54,410] {logging_mixin.py:115} INFO - [2022-12-16 02:08:54,410] {dagbag.py:507} INFO - Filling up the DagBag from /home/airflow/.local/lib/python3.7/site-packages/airflow/example_dags/example_task_group_decorator.py
[2022-12-16 02:08:54,457] {processor.py:651} INFO - DAG(s) dict_keys(['example_task_group_decorator']) retrieved from /home/airflow/.local/lib/python3.7/site-packages/airflow/example_dags/example_task_group_decorator.py
[2022-12-16 02:08:54,524] {logging_mixin.py:115} INFO - [2022-12-16 02:08:54,524] {dag.py:2371} INFO - Sync 1 DAGs
[2022-12-16 02:08:54,705] {logging_mixin.py:115} INFO - [2022-12-16 02:08:54,705] {dag.py:2919} INFO - Setting next_dagrun for example_task_group_decorator to 2022-12-15T02:08:54.705164+00:00, run_after=2022-12-16T02:08:54.705164+00:00
[2022-12-16 02:08:54,721] {processor.py:161} INFO - Processing /home/airflow/.local/lib/python3.7/site-packages/airflow/example_dags/example_task_group_decorator.py took 0.318 seconds
[2022-12-16 02:09:24,802] {processor.py:153} INFO - Started process (PID=1191) to work on /home/airflow/.local/lib/python3.7/site-packages/airflow/example_dags/example_task_group_decorator.py
[2022-12-16 02:09:24,803] {processor.py:641} INFO - Processing file /home/airflow/.local/lib/python3.7/site-packages/airflow/example_dags/example_task_group_decorator.py for tasks to queue
[2022-12-16 02:09:24,803] {logging_mixin.py:115} INFO - [2022-12-16 02:09:24,803] {dagbag.py:507} INFO - Filling up the DagBag from /home/airflow/.local/lib/python3.7/site-packages/airflow/example_dags/example_task_group_decorator.py
[2022-12-16 02:09:24,825] {processor.py:651} INFO - DAG(s) dict_keys(['example_task_group_decorator']) retrieved from /home/airflow/.local/lib/python3.7/site-packages/airflow/example_dags/example_task_group_decorator.py
[2022-12-16 02:09:24,890] {logging_mixin.py:115} INFO - [2022-12-16 02:09:24,889] {dag.py:2371} INFO - Sync 1 DAGs
[2022-12-16 02:09:25,053] {logging_mixin.py:115} INFO - [2022-12-16 02:09:25,053] {dag.py:2919} INFO - Setting next_dagrun for example_task_group_decorator to 2022-12-15T02:09:25.053650+00:00, run_after=2022-12-16T02:09:25.053650+00:00
[2022-12-16 02:09:25,071] {processor.py:161} INFO - Processing /home/airflow/.local/lib/python3.7/site-packages/airflow/example_dags/example_task_group_decorator.py took 0.273 seconds
[2022-12-16 02:09:55,165] {processor.py:153} INFO - Started process (PID=1252) to work on /home/airflow/.local/lib/python3.7/site-packages/airflow/example_dags/example_task_group_decorator.py
[2022-12-16 02:09:55,166] {processor.py:641} INFO - Processing file /home/airflow/.local/lib/python3.7/site-packages/airflow/example_dags/example_task_group_decorator.py for tasks to queue
[2022-12-16 02:09:55,167] {logging_mixin.py:115} INFO - [2022-12-16 02:09:55,167] {dagbag.py:507} INFO - Filling up the DagBag from /home/airflow/.local/lib/python3.7/site-packages/airflow/example_dags/example_task_group_decorator.py
[2022-12-16 02:09:55,202] {processor.py:651} INFO - DAG(s) dict_keys(['example_task_group_decorator']) retrieved from /home/airflow/.local/lib/python3.7/site-packages/airflow/example_dags/example_task_group_decorator.py
[2022-12-16 02:09:55,428] {logging_mixin.py:115} INFO - [2022-12-16 02:09:55,428] {dag.py:2371} INFO - Sync 1 DAGs
[2022-12-16 02:09:55,445] {logging_mixin.py:115} INFO - [2022-12-16 02:09:55,445] {dag.py:2919} INFO - Setting next_dagrun for example_task_group_decorator to 2022-12-15T02:09:55.444896+00:00, run_after=2022-12-16T02:09:55.444896+00:00
[2022-12-16 02:09:55,457] {processor.py:161} INFO - Processing /home/airflow/.local/lib/python3.7/site-packages/airflow/example_dags/example_task_group_decorator.py took 0.299 seconds
[2022-12-16 02:10:25,672] {processor.py:153} INFO - Started process (PID=1315) to work on /home/airflow/.local/lib/python3.7/site-packages/airflow/example_dags/example_task_group_decorator.py
[2022-12-16 02:10:25,673] {processor.py:641} INFO - Processing file /home/airflow/.local/lib/python3.7/site-packages/airflow/example_dags/example_task_group_decorator.py for tasks to queue
[2022-12-16 02:10:25,674] {logging_mixin.py:115} INFO - [2022-12-16 02:10:25,674] {dagbag.py:507} INFO - Filling up the DagBag from /home/airflow/.local/lib/python3.7/site-packages/airflow/example_dags/example_task_group_decorator.py
[2022-12-16 02:10:25,706] {processor.py:651} INFO - DAG(s) dict_keys(['example_task_group_decorator']) retrieved from /home/airflow/.local/lib/python3.7/site-packages/airflow/example_dags/example_task_group_decorator.py
[2022-12-16 02:10:25,956] {logging_mixin.py:115} INFO - [2022-12-16 02:10:25,956] {dag.py:2371} INFO - Sync 1 DAGs
[2022-12-16 02:10:25,981] {logging_mixin.py:115} INFO - [2022-12-16 02:10:25,981] {dag.py:2919} INFO - Setting next_dagrun for example_task_group_decorator to 2022-12-15T02:10:25.980901+00:00, run_after=2022-12-16T02:10:25.980901+00:00
[2022-12-16 02:10:25,998] {processor.py:161} INFO - Processing /home/airflow/.local/lib/python3.7/site-packages/airflow/example_dags/example_task_group_decorator.py took 0.331 seconds
[2022-12-16 02:10:56,077] {processor.py:153} INFO - Started process (PID=1369) to work on /home/airflow/.local/lib/python3.7/site-packages/airflow/example_dags/example_task_group_decorator.py
[2022-12-16 02:10:56,077] {processor.py:641} INFO - Processing file /home/airflow/.local/lib/python3.7/site-packages/airflow/example_dags/example_task_group_decorator.py for tasks to queue
[2022-12-16 02:10:56,078] {logging_mixin.py:115} INFO - [2022-12-16 02:10:56,078] {dagbag.py:507} INFO - Filling up the DagBag from /home/airflow/.local/lib/python3.7/site-packages/airflow/example_dags/example_task_group_decorator.py
[2022-12-16 02:10:56,100] {processor.py:651} INFO - DAG(s) dict_keys(['example_task_group_decorator']) retrieved from /home/airflow/.local/lib/python3.7/site-packages/airflow/example_dags/example_task_group_decorator.py
[2022-12-16 02:10:56,130] {logging_mixin.py:115} INFO - [2022-12-16 02:10:56,130] {dag.py:2371} INFO - Sync 1 DAGs
[2022-12-16 02:10:56,157] {logging_mixin.py:115} INFO - [2022-12-16 02:10:56,157] {dag.py:2919} INFO - Setting next_dagrun for example_task_group_decorator to 2022-12-15T02:10:56.157263+00:00, run_after=2022-12-16T02:10:56.157263+00:00
[2022-12-16 02:10:56,170] {processor.py:161} INFO - Processing /home/airflow/.local/lib/python3.7/site-packages/airflow/example_dags/example_task_group_decorator.py took 0.098 seconds
[2022-12-16 02:11:26,309] {processor.py:153} INFO - Started process (PID=1430) to work on /home/airflow/.local/lib/python3.7/site-packages/airflow/example_dags/example_task_group_decorator.py
[2022-12-16 02:11:26,310] {processor.py:641} INFO - Processing file /home/airflow/.local/lib/python3.7/site-packages/airflow/example_dags/example_task_group_decorator.py for tasks to queue
[2022-12-16 02:11:26,312] {logging_mixin.py:115} INFO - [2022-12-16 02:11:26,312] {dagbag.py:507} INFO - Filling up the DagBag from /home/airflow/.local/lib/python3.7/site-packages/airflow/example_dags/example_task_group_decorator.py
[2022-12-16 02:11:26,339] {processor.py:651} INFO - DAG(s) dict_keys(['example_task_group_decorator']) retrieved from /home/airflow/.local/lib/python3.7/site-packages/airflow/example_dags/example_task_group_decorator.py
[2022-12-16 02:11:26,554] {logging_mixin.py:115} INFO - [2022-12-16 02:11:26,554] {dag.py:2371} INFO - Sync 1 DAGs
[2022-12-16 02:11:26,570] {logging_mixin.py:115} INFO - [2022-12-16 02:11:26,570] {dag.py:2919} INFO - Setting next_dagrun for example_task_group_decorator to 2022-12-15T02:11:26.569815+00:00, run_after=2022-12-16T02:11:26.569815+00:00
[2022-12-16 02:11:26,585] {processor.py:161} INFO - Processing /home/airflow/.local/lib/python3.7/site-packages/airflow/example_dags/example_task_group_decorator.py took 0.279 seconds
[2022-12-16 02:11:56,640] {processor.py:153} INFO - Started process (PID=1494) to work on /home/airflow/.local/lib/python3.7/site-packages/airflow/example_dags/example_task_group_decorator.py
[2022-12-16 02:11:56,641] {processor.py:641} INFO - Processing file /home/airflow/.local/lib/python3.7/site-packages/airflow/example_dags/example_task_group_decorator.py for tasks to queue
[2022-12-16 02:11:56,641] {logging_mixin.py:115} INFO - [2022-12-16 02:11:56,641] {dagbag.py:507} INFO - Filling up the DagBag from /home/airflow/.local/lib/python3.7/site-packages/airflow/example_dags/example_task_group_decorator.py
[2022-12-16 02:11:56,670] {processor.py:651} INFO - DAG(s) dict_keys(['example_task_group_decorator']) retrieved from /home/airflow/.local/lib/python3.7/site-packages/airflow/example_dags/example_task_group_decorator.py
[2022-12-16 02:11:56,868] {logging_mixin.py:115} INFO - [2022-12-16 02:11:56,868] {dag.py:2371} INFO - Sync 1 DAGs
[2022-12-16 02:11:56,888] {logging_mixin.py:115} INFO - [2022-12-16 02:11:56,888] {dag.py:2919} INFO - Setting next_dagrun for example_task_group_decorator to 2022-12-15T02:11:56.888641+00:00, run_after=2022-12-16T02:11:56.888641+00:00
[2022-12-16 02:11:56,909] {processor.py:161} INFO - Processing /home/airflow/.local/lib/python3.7/site-packages/airflow/example_dags/example_task_group_decorator.py took 0.293 seconds
[2022-12-16 02:12:26,988] {processor.py:153} INFO - Started process (PID=1556) to work on /home/airflow/.local/lib/python3.7/site-packages/airflow/example_dags/example_task_group_decorator.py
[2022-12-16 02:12:26,989] {processor.py:641} INFO - Processing file /home/airflow/.local/lib/python3.7/site-packages/airflow/example_dags/example_task_group_decorator.py for tasks to queue
[2022-12-16 02:12:26,991] {logging_mixin.py:115} INFO - [2022-12-16 02:12:26,990] {dagbag.py:507} INFO - Filling up the DagBag from /home/airflow/.local/lib/python3.7/site-packages/airflow/example_dags/example_task_group_decorator.py
[2022-12-16 02:12:27,021] {processor.py:651} INFO - DAG(s) dict_keys(['example_task_group_decorator']) retrieved from /home/airflow/.local/lib/python3.7/site-packages/airflow/example_dags/example_task_group_decorator.py
[2022-12-16 02:12:27,050] {logging_mixin.py:115} INFO - [2022-12-16 02:12:27,050] {dag.py:2371} INFO - Sync 1 DAGs
[2022-12-16 02:12:27,073] {logging_mixin.py:115} INFO - [2022-12-16 02:12:27,073] {dag.py:2919} INFO - Setting next_dagrun for example_task_group_decorator to 2022-12-15T02:12:27.073262+00:00, run_after=2022-12-16T02:12:27.073262+00:00
[2022-12-16 02:12:27,087] {processor.py:161} INFO - Processing /home/airflow/.local/lib/python3.7/site-packages/airflow/example_dags/example_task_group_decorator.py took 0.103 seconds
[2022-12-16 02:12:57,489] {processor.py:153} INFO - Started process (PID=1611) to work on /home/airflow/.local/lib/python3.7/site-packages/airflow/example_dags/example_task_group_decorator.py
[2022-12-16 02:12:57,490] {processor.py:641} INFO - Processing file /home/airflow/.local/lib/python3.7/site-packages/airflow/example_dags/example_task_group_decorator.py for tasks to queue
[2022-12-16 02:12:57,491] {logging_mixin.py:115} INFO - [2022-12-16 02:12:57,491] {dagbag.py:507} INFO - Filling up the DagBag from /home/airflow/.local/lib/python3.7/site-packages/airflow/example_dags/example_task_group_decorator.py
[2022-12-16 02:12:57,519] {processor.py:651} INFO - DAG(s) dict_keys(['example_task_group_decorator']) retrieved from /home/airflow/.local/lib/python3.7/site-packages/airflow/example_dags/example_task_group_decorator.py
[2022-12-16 02:12:57,567] {logging_mixin.py:115} INFO - [2022-12-16 02:12:57,566] {dag.py:2371} INFO - Sync 1 DAGs
[2022-12-16 02:12:57,601] {logging_mixin.py:115} INFO - [2022-12-16 02:12:57,600] {dag.py:2919} INFO - Setting next_dagrun for example_task_group_decorator to 2022-12-15T02:12:57.600692+00:00, run_after=2022-12-16T02:12:57.600692+00:00
[2022-12-16 02:12:57,617] {processor.py:161} INFO - Processing /home/airflow/.local/lib/python3.7/site-packages/airflow/example_dags/example_task_group_decorator.py took 0.131 seconds
