[2022-12-16 01:50:22,005] {processor.py:153} INFO - Started process (PID=51) to work on /home/airflow/.local/lib/python3.7/site-packages/airflow/example_dags/example_short_circuit_operator.py
[2022-12-16 01:50:22,007] {processor.py:641} INFO - Processing file /home/airflow/.local/lib/python3.7/site-packages/airflow/example_dags/example_short_circuit_operator.py for tasks to queue
[2022-12-16 01:50:22,008] {logging_mixin.py:115} INFO - [2022-12-16 01:50:22,008] {dagbag.py:507} INFO - Filling up the DagBag from /home/airflow/.local/lib/python3.7/site-packages/airflow/example_dags/example_short_circuit_operator.py
[2022-12-16 01:50:22,019] {processor.py:651} INFO - DAG(s) dict_keys(['example_short_circuit_operator']) retrieved from /home/airflow/.local/lib/python3.7/site-packages/airflow/example_dags/example_short_circuit_operator.py
[2022-12-16 01:50:22,474] {logging_mixin.py:115} INFO - [2022-12-16 01:50:22,474] {manager.py:508} INFO - Created Permission View: can edit on DAG:example_short_circuit_operator
[2022-12-16 01:50:22,501] {logging_mixin.py:115} INFO - [2022-12-16 01:50:22,501] {manager.py:508} INFO - Created Permission View: can delete on DAG:example_short_circuit_operator
[2022-12-16 01:50:22,519] {logging_mixin.py:115} INFO - [2022-12-16 01:50:22,519] {manager.py:508} INFO - Created Permission View: can read on DAG:example_short_circuit_operator
[2022-12-16 01:50:22,526] {logging_mixin.py:115} INFO - [2022-12-16 01:50:22,523] {dag.py:2371} INFO - Sync 1 DAGs
[2022-12-16 01:50:22,559] {logging_mixin.py:115} INFO - [2022-12-16 01:50:22,552] {dag.py:2390} INFO - Creating ORM DAG for example_short_circuit_operator
[2022-12-16 01:50:22,589] {logging_mixin.py:115} INFO - [2022-12-16 01:50:22,589] {dag.py:2919} INFO - Setting next_dagrun for example_short_circuit_operator to 2022-12-15T01:50:22.589254+00:00, run_after=2022-12-16T01:50:22.589254+00:00
[2022-12-16 01:50:22,707] {processor.py:161} INFO - Processing /home/airflow/.local/lib/python3.7/site-packages/airflow/example_dags/example_short_circuit_operator.py took 0.706 seconds
[2022-12-16 01:50:53,368] {processor.py:153} INFO - Started process (PID=113) to work on /home/airflow/.local/lib/python3.7/site-packages/airflow/example_dags/example_short_circuit_operator.py
[2022-12-16 01:50:53,369] {processor.py:641} INFO - Processing file /home/airflow/.local/lib/python3.7/site-packages/airflow/example_dags/example_short_circuit_operator.py for tasks to queue
[2022-12-16 01:50:53,371] {logging_mixin.py:115} INFO - [2022-12-16 01:50:53,370] {dagbag.py:507} INFO - Filling up the DagBag from /home/airflow/.local/lib/python3.7/site-packages/airflow/example_dags/example_short_circuit_operator.py
[2022-12-16 01:50:53,397] {processor.py:651} INFO - DAG(s) dict_keys(['example_short_circuit_operator']) retrieved from /home/airflow/.local/lib/python3.7/site-packages/airflow/example_dags/example_short_circuit_operator.py
[2022-12-16 01:50:53,478] {logging_mixin.py:115} INFO - [2022-12-16 01:50:53,478] {dag.py:2371} INFO - Sync 1 DAGs
[2022-12-16 01:50:53,724] {logging_mixin.py:115} INFO - [2022-12-16 01:50:53,724] {dag.py:2919} INFO - Setting next_dagrun for example_short_circuit_operator to 2022-12-15T01:50:53.724199+00:00, run_after=2022-12-16T01:50:53.724199+00:00
[2022-12-16 01:50:53,841] {processor.py:161} INFO - Processing /home/airflow/.local/lib/python3.7/site-packages/airflow/example_dags/example_short_circuit_operator.py took 0.477 seconds
[2022-12-16 01:51:23,994] {processor.py:153} INFO - Started process (PID=165) to work on /home/airflow/.local/lib/python3.7/site-packages/airflow/example_dags/example_short_circuit_operator.py
[2022-12-16 01:51:23,995] {processor.py:641} INFO - Processing file /home/airflow/.local/lib/python3.7/site-packages/airflow/example_dags/example_short_circuit_operator.py for tasks to queue
[2022-12-16 01:51:23,996] {logging_mixin.py:115} INFO - [2022-12-16 01:51:23,996] {dagbag.py:507} INFO - Filling up the DagBag from /home/airflow/.local/lib/python3.7/site-packages/airflow/example_dags/example_short_circuit_operator.py
[2022-12-16 01:51:24,006] {processor.py:651} INFO - DAG(s) dict_keys(['example_short_circuit_operator']) retrieved from /home/airflow/.local/lib/python3.7/site-packages/airflow/example_dags/example_short_circuit_operator.py
[2022-12-16 01:51:24,039] {logging_mixin.py:115} INFO - [2022-12-16 01:51:24,039] {dag.py:2371} INFO - Sync 1 DAGs
[2022-12-16 01:51:24,198] {logging_mixin.py:115} INFO - [2022-12-16 01:51:24,198] {dag.py:2919} INFO - Setting next_dagrun for example_short_circuit_operator to 2022-12-15T01:51:24.198128+00:00, run_after=2022-12-16T01:51:24.198128+00:00
[2022-12-16 01:51:24,209] {processor.py:161} INFO - Processing /home/airflow/.local/lib/python3.7/site-packages/airflow/example_dags/example_short_circuit_operator.py took 0.219 seconds
[2022-12-16 01:51:54,561] {processor.py:153} INFO - Started process (PID=227) to work on /home/airflow/.local/lib/python3.7/site-packages/airflow/example_dags/example_short_circuit_operator.py
[2022-12-16 01:51:54,562] {processor.py:641} INFO - Processing file /home/airflow/.local/lib/python3.7/site-packages/airflow/example_dags/example_short_circuit_operator.py for tasks to queue
[2022-12-16 01:51:54,567] {logging_mixin.py:115} INFO - [2022-12-16 01:51:54,567] {dagbag.py:507} INFO - Filling up the DagBag from /home/airflow/.local/lib/python3.7/site-packages/airflow/example_dags/example_short_circuit_operator.py
[2022-12-16 01:51:54,588] {processor.py:651} INFO - DAG(s) dict_keys(['example_short_circuit_operator']) retrieved from /home/airflow/.local/lib/python3.7/site-packages/airflow/example_dags/example_short_circuit_operator.py
[2022-12-16 01:51:54,674] {logging_mixin.py:115} INFO - [2022-12-16 01:51:54,674] {dag.py:2371} INFO - Sync 1 DAGs
[2022-12-16 01:51:55,013] {logging_mixin.py:115} INFO - [2022-12-16 01:51:55,013] {dag.py:2919} INFO - Setting next_dagrun for example_short_circuit_operator to 2022-12-15T01:51:55.012818+00:00, run_after=2022-12-16T01:51:55.012818+00:00
[2022-12-16 01:51:55,042] {processor.py:161} INFO - Processing /home/airflow/.local/lib/python3.7/site-packages/airflow/example_dags/example_short_circuit_operator.py took 0.486 seconds
[2022-12-16 01:52:25,162] {processor.py:153} INFO - Started process (PID=287) to work on /home/airflow/.local/lib/python3.7/site-packages/airflow/example_dags/example_short_circuit_operator.py
[2022-12-16 01:52:25,163] {processor.py:641} INFO - Processing file /home/airflow/.local/lib/python3.7/site-packages/airflow/example_dags/example_short_circuit_operator.py for tasks to queue
[2022-12-16 01:52:25,165] {logging_mixin.py:115} INFO - [2022-12-16 01:52:25,165] {dagbag.py:507} INFO - Filling up the DagBag from /home/airflow/.local/lib/python3.7/site-packages/airflow/example_dags/example_short_circuit_operator.py
[2022-12-16 01:52:25,186] {processor.py:651} INFO - DAG(s) dict_keys(['example_short_circuit_operator']) retrieved from /home/airflow/.local/lib/python3.7/site-packages/airflow/example_dags/example_short_circuit_operator.py
[2022-12-16 01:52:25,237] {logging_mixin.py:115} INFO - [2022-12-16 01:52:25,236] {dag.py:2371} INFO - Sync 1 DAGs
[2022-12-16 01:52:25,485] {logging_mixin.py:115} INFO - [2022-12-16 01:52:25,485] {dag.py:2919} INFO - Setting next_dagrun for example_short_circuit_operator to 2022-12-15T01:52:25.484797+00:00, run_after=2022-12-16T01:52:25.484797+00:00
[2022-12-16 01:52:25,498] {processor.py:161} INFO - Processing /home/airflow/.local/lib/python3.7/site-packages/airflow/example_dags/example_short_circuit_operator.py took 0.343 seconds
[2022-12-16 01:52:55,618] {processor.py:153} INFO - Started process (PID=341) to work on /home/airflow/.local/lib/python3.7/site-packages/airflow/example_dags/example_short_circuit_operator.py
[2022-12-16 01:52:55,619] {processor.py:641} INFO - Processing file /home/airflow/.local/lib/python3.7/site-packages/airflow/example_dags/example_short_circuit_operator.py for tasks to queue
[2022-12-16 01:52:55,620] {logging_mixin.py:115} INFO - [2022-12-16 01:52:55,620] {dagbag.py:507} INFO - Filling up the DagBag from /home/airflow/.local/lib/python3.7/site-packages/airflow/example_dags/example_short_circuit_operator.py
[2022-12-16 01:52:55,634] {processor.py:651} INFO - DAG(s) dict_keys(['example_short_circuit_operator']) retrieved from /home/airflow/.local/lib/python3.7/site-packages/airflow/example_dags/example_short_circuit_operator.py
[2022-12-16 01:52:55,668] {logging_mixin.py:115} INFO - [2022-12-16 01:52:55,668] {dag.py:2371} INFO - Sync 1 DAGs
[2022-12-16 01:52:55,882] {logging_mixin.py:115} INFO - [2022-12-16 01:52:55,882] {dag.py:2919} INFO - Setting next_dagrun for example_short_circuit_operator to 2022-12-15T01:52:55.881095+00:00, run_after=2022-12-16T01:52:55.881095+00:00
[2022-12-16 01:52:55,903] {processor.py:161} INFO - Processing /home/airflow/.local/lib/python3.7/site-packages/airflow/example_dags/example_short_circuit_operator.py took 0.289 seconds
[2022-12-16 01:53:26,102] {processor.py:153} INFO - Started process (PID=401) to work on /home/airflow/.local/lib/python3.7/site-packages/airflow/example_dags/example_short_circuit_operator.py
[2022-12-16 01:53:26,103] {processor.py:641} INFO - Processing file /home/airflow/.local/lib/python3.7/site-packages/airflow/example_dags/example_short_circuit_operator.py for tasks to queue
[2022-12-16 01:53:26,104] {logging_mixin.py:115} INFO - [2022-12-16 01:53:26,104] {dagbag.py:507} INFO - Filling up the DagBag from /home/airflow/.local/lib/python3.7/site-packages/airflow/example_dags/example_short_circuit_operator.py
[2022-12-16 01:53:26,120] {processor.py:651} INFO - DAG(s) dict_keys(['example_short_circuit_operator']) retrieved from /home/airflow/.local/lib/python3.7/site-packages/airflow/example_dags/example_short_circuit_operator.py
[2022-12-16 01:53:26,159] {logging_mixin.py:115} INFO - [2022-12-16 01:53:26,159] {dag.py:2371} INFO - Sync 1 DAGs
[2022-12-16 01:53:26,371] {logging_mixin.py:115} INFO - [2022-12-16 01:53:26,371] {dag.py:2919} INFO - Setting next_dagrun for example_short_circuit_operator to 2022-12-15T01:53:26.370913+00:00, run_after=2022-12-16T01:53:26.370913+00:00
[2022-12-16 01:53:26,390] {processor.py:161} INFO - Processing /home/airflow/.local/lib/python3.7/site-packages/airflow/example_dags/example_short_circuit_operator.py took 0.293 seconds
[2022-12-16 01:53:56,615] {processor.py:153} INFO - Started process (PID=453) to work on /home/airflow/.local/lib/python3.7/site-packages/airflow/example_dags/example_short_circuit_operator.py
[2022-12-16 01:53:56,616] {processor.py:641} INFO - Processing file /home/airflow/.local/lib/python3.7/site-packages/airflow/example_dags/example_short_circuit_operator.py for tasks to queue
[2022-12-16 01:53:56,619] {logging_mixin.py:115} INFO - [2022-12-16 01:53:56,619] {dagbag.py:507} INFO - Filling up the DagBag from /home/airflow/.local/lib/python3.7/site-packages/airflow/example_dags/example_short_circuit_operator.py
[2022-12-16 01:53:56,630] {processor.py:651} INFO - DAG(s) dict_keys(['example_short_circuit_operator']) retrieved from /home/airflow/.local/lib/python3.7/site-packages/airflow/example_dags/example_short_circuit_operator.py
[2022-12-16 01:53:56,663] {logging_mixin.py:115} INFO - [2022-12-16 01:53:56,663] {dag.py:2371} INFO - Sync 1 DAGs
[2022-12-16 01:53:56,851] {logging_mixin.py:115} INFO - [2022-12-16 01:53:56,851] {dag.py:2919} INFO - Setting next_dagrun for example_short_circuit_operator to 2022-12-15T01:53:56.851241+00:00, run_after=2022-12-16T01:53:56.851241+00:00
[2022-12-16 01:53:56,862] {processor.py:161} INFO - Processing /home/airflow/.local/lib/python3.7/site-packages/airflow/example_dags/example_short_circuit_operator.py took 0.254 seconds
[2022-12-16 01:54:27,602] {processor.py:153} INFO - Started process (PID=514) to work on /home/airflow/.local/lib/python3.7/site-packages/airflow/example_dags/example_short_circuit_operator.py
[2022-12-16 01:54:27,602] {processor.py:641} INFO - Processing file /home/airflow/.local/lib/python3.7/site-packages/airflow/example_dags/example_short_circuit_operator.py for tasks to queue
[2022-12-16 01:54:27,603] {logging_mixin.py:115} INFO - [2022-12-16 01:54:27,603] {dagbag.py:507} INFO - Filling up the DagBag from /home/airflow/.local/lib/python3.7/site-packages/airflow/example_dags/example_short_circuit_operator.py
[2022-12-16 01:54:27,613] {processor.py:651} INFO - DAG(s) dict_keys(['example_short_circuit_operator']) retrieved from /home/airflow/.local/lib/python3.7/site-packages/airflow/example_dags/example_short_circuit_operator.py
[2022-12-16 01:54:27,643] {logging_mixin.py:115} INFO - [2022-12-16 01:54:27,643] {dag.py:2371} INFO - Sync 1 DAGs
[2022-12-16 01:54:27,814] {logging_mixin.py:115} INFO - [2022-12-16 01:54:27,814] {dag.py:2919} INFO - Setting next_dagrun for example_short_circuit_operator to 2022-12-15T01:54:27.813882+00:00, run_after=2022-12-16T01:54:27.813882+00:00
[2022-12-16 01:54:27,825] {processor.py:161} INFO - Processing /home/airflow/.local/lib/python3.7/site-packages/airflow/example_dags/example_short_circuit_operator.py took 0.226 seconds
[2022-12-16 01:54:58,180] {processor.py:153} INFO - Started process (PID=575) to work on /home/airflow/.local/lib/python3.7/site-packages/airflow/example_dags/example_short_circuit_operator.py
[2022-12-16 01:54:58,180] {processor.py:641} INFO - Processing file /home/airflow/.local/lib/python3.7/site-packages/airflow/example_dags/example_short_circuit_operator.py for tasks to queue
[2022-12-16 01:54:58,187] {logging_mixin.py:115} INFO - [2022-12-16 01:54:58,186] {dagbag.py:507} INFO - Filling up the DagBag from /home/airflow/.local/lib/python3.7/site-packages/airflow/example_dags/example_short_circuit_operator.py
[2022-12-16 01:54:58,198] {processor.py:651} INFO - DAG(s) dict_keys(['example_short_circuit_operator']) retrieved from /home/airflow/.local/lib/python3.7/site-packages/airflow/example_dags/example_short_circuit_operator.py
[2022-12-16 01:54:58,237] {logging_mixin.py:115} INFO - [2022-12-16 01:54:58,237] {dag.py:2371} INFO - Sync 1 DAGs
[2022-12-16 01:54:58,438] {logging_mixin.py:115} INFO - [2022-12-16 01:54:58,438] {dag.py:2919} INFO - Setting next_dagrun for example_short_circuit_operator to 2022-12-15T01:54:58.438178+00:00, run_after=2022-12-16T01:54:58.438178+00:00
[2022-12-16 01:54:58,452] {processor.py:161} INFO - Processing /home/airflow/.local/lib/python3.7/site-packages/airflow/example_dags/example_short_circuit_operator.py took 0.278 seconds
[2022-12-16 01:55:28,909] {processor.py:153} INFO - Started process (PID=628) to work on /home/airflow/.local/lib/python3.7/site-packages/airflow/example_dags/example_short_circuit_operator.py
[2022-12-16 01:55:28,910] {processor.py:641} INFO - Processing file /home/airflow/.local/lib/python3.7/site-packages/airflow/example_dags/example_short_circuit_operator.py for tasks to queue
[2022-12-16 01:55:28,911] {logging_mixin.py:115} INFO - [2022-12-16 01:55:28,910] {dagbag.py:507} INFO - Filling up the DagBag from /home/airflow/.local/lib/python3.7/site-packages/airflow/example_dags/example_short_circuit_operator.py
[2022-12-16 01:55:28,920] {processor.py:651} INFO - DAG(s) dict_keys(['example_short_circuit_operator']) retrieved from /home/airflow/.local/lib/python3.7/site-packages/airflow/example_dags/example_short_circuit_operator.py
[2022-12-16 01:55:28,951] {logging_mixin.py:115} INFO - [2022-12-16 01:55:28,950] {dag.py:2371} INFO - Sync 1 DAGs
[2022-12-16 01:55:29,120] {logging_mixin.py:115} INFO - [2022-12-16 01:55:29,120] {dag.py:2919} INFO - Setting next_dagrun for example_short_circuit_operator to 2022-12-15T01:55:29.120085+00:00, run_after=2022-12-16T01:55:29.120085+00:00
[2022-12-16 01:55:29,135] {processor.py:161} INFO - Processing /home/airflow/.local/lib/python3.7/site-packages/airflow/example_dags/example_short_circuit_operator.py took 0.230 seconds
[2022-12-16 01:55:59,304] {processor.py:153} INFO - Started process (PID=689) to work on /home/airflow/.local/lib/python3.7/site-packages/airflow/example_dags/example_short_circuit_operator.py
[2022-12-16 01:55:59,305] {processor.py:641} INFO - Processing file /home/airflow/.local/lib/python3.7/site-packages/airflow/example_dags/example_short_circuit_operator.py for tasks to queue
[2022-12-16 01:55:59,305] {logging_mixin.py:115} INFO - [2022-12-16 01:55:59,305] {dagbag.py:507} INFO - Filling up the DagBag from /home/airflow/.local/lib/python3.7/site-packages/airflow/example_dags/example_short_circuit_operator.py
[2022-12-16 01:55:59,315] {processor.py:651} INFO - DAG(s) dict_keys(['example_short_circuit_operator']) retrieved from /home/airflow/.local/lib/python3.7/site-packages/airflow/example_dags/example_short_circuit_operator.py
[2022-12-16 01:55:59,344] {logging_mixin.py:115} INFO - [2022-12-16 01:55:59,344] {dag.py:2371} INFO - Sync 1 DAGs
[2022-12-16 01:55:59,508] {logging_mixin.py:115} INFO - [2022-12-16 01:55:59,508] {dag.py:2919} INFO - Setting next_dagrun for example_short_circuit_operator to 2022-12-15T01:55:59.507953+00:00, run_after=2022-12-16T01:55:59.507953+00:00
[2022-12-16 01:55:59,533] {processor.py:161} INFO - Processing /home/airflow/.local/lib/python3.7/site-packages/airflow/example_dags/example_short_circuit_operator.py took 0.232 seconds
[2022-12-16 01:56:29,994] {processor.py:153} INFO - Started process (PID=751) to work on /home/airflow/.local/lib/python3.7/site-packages/airflow/example_dags/example_short_circuit_operator.py
[2022-12-16 01:56:29,995] {processor.py:641} INFO - Processing file /home/airflow/.local/lib/python3.7/site-packages/airflow/example_dags/example_short_circuit_operator.py for tasks to queue
[2022-12-16 01:56:29,996] {logging_mixin.py:115} INFO - [2022-12-16 01:56:29,996] {dagbag.py:507} INFO - Filling up the DagBag from /home/airflow/.local/lib/python3.7/site-packages/airflow/example_dags/example_short_circuit_operator.py
[2022-12-16 01:56:30,007] {processor.py:651} INFO - DAG(s) dict_keys(['example_short_circuit_operator']) retrieved from /home/airflow/.local/lib/python3.7/site-packages/airflow/example_dags/example_short_circuit_operator.py
[2022-12-16 01:56:30,042] {logging_mixin.py:115} INFO - [2022-12-16 01:56:30,042] {dag.py:2371} INFO - Sync 1 DAGs
[2022-12-16 01:56:30,209] {logging_mixin.py:115} INFO - [2022-12-16 01:56:30,208] {dag.py:2919} INFO - Setting next_dagrun for example_short_circuit_operator to 2022-12-15T01:56:30.199376+00:00, run_after=2022-12-16T01:56:30.199376+00:00
[2022-12-16 01:56:30,226] {processor.py:161} INFO - Processing /home/airflow/.local/lib/python3.7/site-packages/airflow/example_dags/example_short_circuit_operator.py took 0.235 seconds
[2022-12-16 01:57:00,720] {processor.py:153} INFO - Started process (PID=813) to work on /home/airflow/.local/lib/python3.7/site-packages/airflow/example_dags/example_short_circuit_operator.py
[2022-12-16 01:57:00,721] {processor.py:641} INFO - Processing file /home/airflow/.local/lib/python3.7/site-packages/airflow/example_dags/example_short_circuit_operator.py for tasks to queue
[2022-12-16 01:57:00,722] {logging_mixin.py:115} INFO - [2022-12-16 01:57:00,722] {dagbag.py:507} INFO - Filling up the DagBag from /home/airflow/.local/lib/python3.7/site-packages/airflow/example_dags/example_short_circuit_operator.py
[2022-12-16 01:57:00,733] {processor.py:651} INFO - DAG(s) dict_keys(['example_short_circuit_operator']) retrieved from /home/airflow/.local/lib/python3.7/site-packages/airflow/example_dags/example_short_circuit_operator.py
[2022-12-16 01:57:00,764] {logging_mixin.py:115} INFO - [2022-12-16 01:57:00,764] {dag.py:2371} INFO - Sync 1 DAGs
[2022-12-16 01:57:00,925] {logging_mixin.py:115} INFO - [2022-12-16 01:57:00,925] {dag.py:2919} INFO - Setting next_dagrun for example_short_circuit_operator to 2022-12-15T01:57:00.924818+00:00, run_after=2022-12-16T01:57:00.924818+00:00
[2022-12-16 01:57:00,936] {processor.py:161} INFO - Processing /home/airflow/.local/lib/python3.7/site-packages/airflow/example_dags/example_short_circuit_operator.py took 0.220 seconds
[2022-12-16 01:57:31,221] {processor.py:153} INFO - Started process (PID=866) to work on /home/airflow/.local/lib/python3.7/site-packages/airflow/example_dags/example_short_circuit_operator.py
[2022-12-16 01:57:31,222] {processor.py:641} INFO - Processing file /home/airflow/.local/lib/python3.7/site-packages/airflow/example_dags/example_short_circuit_operator.py for tasks to queue
[2022-12-16 01:57:31,223] {logging_mixin.py:115} INFO - [2022-12-16 01:57:31,222] {dagbag.py:507} INFO - Filling up the DagBag from /home/airflow/.local/lib/python3.7/site-packages/airflow/example_dags/example_short_circuit_operator.py
[2022-12-16 01:57:31,231] {processor.py:651} INFO - DAG(s) dict_keys(['example_short_circuit_operator']) retrieved from /home/airflow/.local/lib/python3.7/site-packages/airflow/example_dags/example_short_circuit_operator.py
[2022-12-16 01:57:31,261] {logging_mixin.py:115} INFO - [2022-12-16 01:57:31,261] {dag.py:2371} INFO - Sync 1 DAGs
[2022-12-16 01:57:31,423] {logging_mixin.py:115} INFO - [2022-12-16 01:57:31,423] {dag.py:2919} INFO - Setting next_dagrun for example_short_circuit_operator to 2022-12-15T01:57:31.423375+00:00, run_after=2022-12-16T01:57:31.423375+00:00
[2022-12-16 01:57:31,440] {processor.py:161} INFO - Processing /home/airflow/.local/lib/python3.7/site-packages/airflow/example_dags/example_short_circuit_operator.py took 0.223 seconds
[2022-12-16 01:58:55,744] {processor.py:153} INFO - Started process (PID=50) to work on /home/airflow/.local/lib/python3.7/site-packages/airflow/example_dags/example_short_circuit_operator.py
[2022-12-16 01:58:55,754] {processor.py:641} INFO - Processing file /home/airflow/.local/lib/python3.7/site-packages/airflow/example_dags/example_short_circuit_operator.py for tasks to queue
[2022-12-16 01:58:55,756] {logging_mixin.py:115} INFO - [2022-12-16 01:58:55,755] {dagbag.py:507} INFO - Filling up the DagBag from /home/airflow/.local/lib/python3.7/site-packages/airflow/example_dags/example_short_circuit_operator.py
[2022-12-16 01:58:55,791] {processor.py:651} INFO - DAG(s) dict_keys(['example_short_circuit_operator']) retrieved from /home/airflow/.local/lib/python3.7/site-packages/airflow/example_dags/example_short_circuit_operator.py
[2022-12-16 01:58:55,891] {logging_mixin.py:115} INFO - [2022-12-16 01:58:55,891] {dag.py:2371} INFO - Sync 1 DAGs
[2022-12-16 01:58:55,965] {logging_mixin.py:115} INFO - [2022-12-16 01:58:55,965] {dag.py:2919} INFO - Setting next_dagrun for example_short_circuit_operator to 2022-12-15T01:58:55.964988+00:00, run_after=2022-12-16T01:58:55.964988+00:00
[2022-12-16 01:58:56,024] {processor.py:161} INFO - Processing /home/airflow/.local/lib/python3.7/site-packages/airflow/example_dags/example_short_circuit_operator.py took 0.286 seconds
[2022-12-16 01:59:42,364] {processor.py:153} INFO - Started process (PID=43) to work on /home/airflow/.local/lib/python3.7/site-packages/airflow/example_dags/example_short_circuit_operator.py
[2022-12-16 01:59:42,366] {processor.py:641} INFO - Processing file /home/airflow/.local/lib/python3.7/site-packages/airflow/example_dags/example_short_circuit_operator.py for tasks to queue
[2022-12-16 01:59:42,368] {logging_mixin.py:115} INFO - [2022-12-16 01:59:42,367] {dagbag.py:507} INFO - Filling up the DagBag from /home/airflow/.local/lib/python3.7/site-packages/airflow/example_dags/example_short_circuit_operator.py
[2022-12-16 01:59:42,380] {processor.py:651} INFO - DAG(s) dict_keys(['example_short_circuit_operator']) retrieved from /home/airflow/.local/lib/python3.7/site-packages/airflow/example_dags/example_short_circuit_operator.py
[2022-12-16 01:59:42,480] {logging_mixin.py:115} INFO - [2022-12-16 01:59:42,480] {dag.py:2371} INFO - Sync 1 DAGs
[2022-12-16 01:59:42,538] {logging_mixin.py:115} INFO - [2022-12-16 01:59:42,538] {dag.py:2919} INFO - Setting next_dagrun for example_short_circuit_operator to 2022-12-15T01:59:42.538058+00:00, run_after=2022-12-16T01:59:42.538058+00:00
[2022-12-16 01:59:42,556] {processor.py:161} INFO - Processing /home/airflow/.local/lib/python3.7/site-packages/airflow/example_dags/example_short_circuit_operator.py took 0.197 seconds
[2022-12-16 02:00:12,872] {processor.py:153} INFO - Started process (PID=105) to work on /home/airflow/.local/lib/python3.7/site-packages/airflow/example_dags/example_short_circuit_operator.py
[2022-12-16 02:00:12,873] {processor.py:641} INFO - Processing file /home/airflow/.local/lib/python3.7/site-packages/airflow/example_dags/example_short_circuit_operator.py for tasks to queue
[2022-12-16 02:00:12,874] {logging_mixin.py:115} INFO - [2022-12-16 02:00:12,874] {dagbag.py:507} INFO - Filling up the DagBag from /home/airflow/.local/lib/python3.7/site-packages/airflow/example_dags/example_short_circuit_operator.py
[2022-12-16 02:00:12,889] {processor.py:651} INFO - DAG(s) dict_keys(['example_short_circuit_operator']) retrieved from /home/airflow/.local/lib/python3.7/site-packages/airflow/example_dags/example_short_circuit_operator.py
[2022-12-16 02:00:12,920] {logging_mixin.py:115} INFO - [2022-12-16 02:00:12,920] {dag.py:2371} INFO - Sync 1 DAGs
[2022-12-16 02:00:12,952] {logging_mixin.py:115} INFO - [2022-12-16 02:00:12,952] {dag.py:2919} INFO - Setting next_dagrun for example_short_circuit_operator to 2022-12-15T02:00:12.951709+00:00, run_after=2022-12-16T02:00:12.951709+00:00
[2022-12-16 02:00:12,974] {processor.py:161} INFO - Processing /home/airflow/.local/lib/python3.7/site-packages/airflow/example_dags/example_short_circuit_operator.py took 0.107 seconds
[2022-12-16 02:00:43,802] {processor.py:153} INFO - Started process (PID=168) to work on /home/airflow/.local/lib/python3.7/site-packages/airflow/example_dags/example_short_circuit_operator.py
[2022-12-16 02:00:43,802] {processor.py:641} INFO - Processing file /home/airflow/.local/lib/python3.7/site-packages/airflow/example_dags/example_short_circuit_operator.py for tasks to queue
[2022-12-16 02:00:43,803] {logging_mixin.py:115} INFO - [2022-12-16 02:00:43,803] {dagbag.py:507} INFO - Filling up the DagBag from /home/airflow/.local/lib/python3.7/site-packages/airflow/example_dags/example_short_circuit_operator.py
[2022-12-16 02:00:43,813] {processor.py:651} INFO - DAG(s) dict_keys(['example_short_circuit_operator']) retrieved from /home/airflow/.local/lib/python3.7/site-packages/airflow/example_dags/example_short_circuit_operator.py
[2022-12-16 02:00:43,851] {logging_mixin.py:115} INFO - [2022-12-16 02:00:43,851] {dag.py:2371} INFO - Sync 1 DAGs
[2022-12-16 02:00:43,878] {logging_mixin.py:115} INFO - [2022-12-16 02:00:43,878] {dag.py:2919} INFO - Setting next_dagrun for example_short_circuit_operator to 2022-12-15T02:00:43.878181+00:00, run_after=2022-12-16T02:00:43.878181+00:00
[2022-12-16 02:00:43,892] {processor.py:161} INFO - Processing /home/airflow/.local/lib/python3.7/site-packages/airflow/example_dags/example_short_circuit_operator.py took 0.094 seconds
[2022-12-16 02:01:14,560] {processor.py:153} INFO - Started process (PID=220) to work on /home/airflow/.local/lib/python3.7/site-packages/airflow/example_dags/example_short_circuit_operator.py
[2022-12-16 02:01:14,562] {processor.py:641} INFO - Processing file /home/airflow/.local/lib/python3.7/site-packages/airflow/example_dags/example_short_circuit_operator.py for tasks to queue
[2022-12-16 02:01:14,563] {logging_mixin.py:115} INFO - [2022-12-16 02:01:14,563] {dagbag.py:507} INFO - Filling up the DagBag from /home/airflow/.local/lib/python3.7/site-packages/airflow/example_dags/example_short_circuit_operator.py
[2022-12-16 02:01:14,577] {processor.py:651} INFO - DAG(s) dict_keys(['example_short_circuit_operator']) retrieved from /home/airflow/.local/lib/python3.7/site-packages/airflow/example_dags/example_short_circuit_operator.py
[2022-12-16 02:01:14,624] {logging_mixin.py:115} INFO - [2022-12-16 02:01:14,624] {dag.py:2371} INFO - Sync 1 DAGs
[2022-12-16 02:01:14,652] {logging_mixin.py:115} INFO - [2022-12-16 02:01:14,652] {dag.py:2919} INFO - Setting next_dagrun for example_short_circuit_operator to 2022-12-15T02:01:14.651300+00:00, run_after=2022-12-16T02:01:14.651300+00:00
[2022-12-16 02:01:14,667] {processor.py:161} INFO - Processing /home/airflow/.local/lib/python3.7/site-packages/airflow/example_dags/example_short_circuit_operator.py took 0.113 seconds
[2022-12-16 02:01:45,457] {processor.py:153} INFO - Started process (PID=282) to work on /home/airflow/.local/lib/python3.7/site-packages/airflow/example_dags/example_short_circuit_operator.py
[2022-12-16 02:01:45,458] {processor.py:641} INFO - Processing file /home/airflow/.local/lib/python3.7/site-packages/airflow/example_dags/example_short_circuit_operator.py for tasks to queue
[2022-12-16 02:01:45,459] {logging_mixin.py:115} INFO - [2022-12-16 02:01:45,459] {dagbag.py:507} INFO - Filling up the DagBag from /home/airflow/.local/lib/python3.7/site-packages/airflow/example_dags/example_short_circuit_operator.py
[2022-12-16 02:01:45,471] {processor.py:651} INFO - DAG(s) dict_keys(['example_short_circuit_operator']) retrieved from /home/airflow/.local/lib/python3.7/site-packages/airflow/example_dags/example_short_circuit_operator.py
[2022-12-16 02:01:45,504] {logging_mixin.py:115} INFO - [2022-12-16 02:01:45,504] {dag.py:2371} INFO - Sync 1 DAGs
[2022-12-16 02:01:45,526] {logging_mixin.py:115} INFO - [2022-12-16 02:01:45,526] {dag.py:2919} INFO - Setting next_dagrun for example_short_circuit_operator to 2022-12-15T02:01:45.526387+00:00, run_after=2022-12-16T02:01:45.526387+00:00
[2022-12-16 02:01:45,544] {processor.py:161} INFO - Processing /home/airflow/.local/lib/python3.7/site-packages/airflow/example_dags/example_short_circuit_operator.py took 0.091 seconds
[2022-12-16 02:02:15,888] {processor.py:153} INFO - Started process (PID=344) to work on /home/airflow/.local/lib/python3.7/site-packages/airflow/example_dags/example_short_circuit_operator.py
[2022-12-16 02:02:15,889] {processor.py:641} INFO - Processing file /home/airflow/.local/lib/python3.7/site-packages/airflow/example_dags/example_short_circuit_operator.py for tasks to queue
[2022-12-16 02:02:15,890] {logging_mixin.py:115} INFO - [2022-12-16 02:02:15,890] {dagbag.py:507} INFO - Filling up the DagBag from /home/airflow/.local/lib/python3.7/site-packages/airflow/example_dags/example_short_circuit_operator.py
[2022-12-16 02:02:15,899] {processor.py:651} INFO - DAG(s) dict_keys(['example_short_circuit_operator']) retrieved from /home/airflow/.local/lib/python3.7/site-packages/airflow/example_dags/example_short_circuit_operator.py
[2022-12-16 02:02:15,928] {logging_mixin.py:115} INFO - [2022-12-16 02:02:15,928] {dag.py:2371} INFO - Sync 1 DAGs
[2022-12-16 02:02:15,962] {logging_mixin.py:115} INFO - [2022-12-16 02:02:15,962] {dag.py:2919} INFO - Setting next_dagrun for example_short_circuit_operator to 2022-12-15T02:02:15.962394+00:00, run_after=2022-12-16T02:02:15.962394+00:00
[2022-12-16 02:02:15,984] {processor.py:161} INFO - Processing /home/airflow/.local/lib/python3.7/site-packages/airflow/example_dags/example_short_circuit_operator.py took 0.101 seconds
[2022-12-16 02:02:46,173] {processor.py:153} INFO - Started process (PID=407) to work on /home/airflow/.local/lib/python3.7/site-packages/airflow/example_dags/example_short_circuit_operator.py
[2022-12-16 02:02:46,174] {processor.py:641} INFO - Processing file /home/airflow/.local/lib/python3.7/site-packages/airflow/example_dags/example_short_circuit_operator.py for tasks to queue
[2022-12-16 02:02:46,174] {logging_mixin.py:115} INFO - [2022-12-16 02:02:46,174] {dagbag.py:507} INFO - Filling up the DagBag from /home/airflow/.local/lib/python3.7/site-packages/airflow/example_dags/example_short_circuit_operator.py
[2022-12-16 02:02:46,184] {processor.py:651} INFO - DAG(s) dict_keys(['example_short_circuit_operator']) retrieved from /home/airflow/.local/lib/python3.7/site-packages/airflow/example_dags/example_short_circuit_operator.py
[2022-12-16 02:02:46,214] {logging_mixin.py:115} INFO - [2022-12-16 02:02:46,214] {dag.py:2371} INFO - Sync 1 DAGs
[2022-12-16 02:02:46,240] {logging_mixin.py:115} INFO - [2022-12-16 02:02:46,240] {dag.py:2919} INFO - Setting next_dagrun for example_short_circuit_operator to 2022-12-15T02:02:46.239990+00:00, run_after=2022-12-16T02:02:46.239990+00:00
[2022-12-16 02:02:46,268] {processor.py:161} INFO - Processing /home/airflow/.local/lib/python3.7/site-packages/airflow/example_dags/example_short_circuit_operator.py took 0.100 seconds
[2022-12-16 02:03:16,609] {processor.py:153} INFO - Started process (PID=460) to work on /home/airflow/.local/lib/python3.7/site-packages/airflow/example_dags/example_short_circuit_operator.py
[2022-12-16 02:03:16,610] {processor.py:641} INFO - Processing file /home/airflow/.local/lib/python3.7/site-packages/airflow/example_dags/example_short_circuit_operator.py for tasks to queue
[2022-12-16 02:03:16,611] {logging_mixin.py:115} INFO - [2022-12-16 02:03:16,611] {dagbag.py:507} INFO - Filling up the DagBag from /home/airflow/.local/lib/python3.7/site-packages/airflow/example_dags/example_short_circuit_operator.py
[2022-12-16 02:03:16,621] {processor.py:651} INFO - DAG(s) dict_keys(['example_short_circuit_operator']) retrieved from /home/airflow/.local/lib/python3.7/site-packages/airflow/example_dags/example_short_circuit_operator.py
[2022-12-16 02:03:16,660] {logging_mixin.py:115} INFO - [2022-12-16 02:03:16,659] {dag.py:2371} INFO - Sync 1 DAGs
[2022-12-16 02:03:16,690] {logging_mixin.py:115} INFO - [2022-12-16 02:03:16,690] {dag.py:2919} INFO - Setting next_dagrun for example_short_circuit_operator to 2022-12-15T02:03:16.690320+00:00, run_after=2022-12-16T02:03:16.690320+00:00
[2022-12-16 02:03:16,704] {processor.py:161} INFO - Processing /home/airflow/.local/lib/python3.7/site-packages/airflow/example_dags/example_short_circuit_operator.py took 0.098 seconds
[2022-12-16 02:03:47,270] {processor.py:153} INFO - Started process (PID=522) to work on /home/airflow/.local/lib/python3.7/site-packages/airflow/example_dags/example_short_circuit_operator.py
[2022-12-16 02:03:47,270] {processor.py:641} INFO - Processing file /home/airflow/.local/lib/python3.7/site-packages/airflow/example_dags/example_short_circuit_operator.py for tasks to queue
[2022-12-16 02:03:47,271] {logging_mixin.py:115} INFO - [2022-12-16 02:03:47,271] {dagbag.py:507} INFO - Filling up the DagBag from /home/airflow/.local/lib/python3.7/site-packages/airflow/example_dags/example_short_circuit_operator.py
[2022-12-16 02:03:47,279] {processor.py:651} INFO - DAG(s) dict_keys(['example_short_circuit_operator']) retrieved from /home/airflow/.local/lib/python3.7/site-packages/airflow/example_dags/example_short_circuit_operator.py
[2022-12-16 02:03:47,314] {logging_mixin.py:115} INFO - [2022-12-16 02:03:47,314] {dag.py:2371} INFO - Sync 1 DAGs
[2022-12-16 02:03:47,348] {logging_mixin.py:115} INFO - [2022-12-16 02:03:47,348] {dag.py:2919} INFO - Setting next_dagrun for example_short_circuit_operator to 2022-12-15T02:03:47.348019+00:00, run_after=2022-12-16T02:03:47.348019+00:00
[2022-12-16 02:03:47,366] {processor.py:161} INFO - Processing /home/airflow/.local/lib/python3.7/site-packages/airflow/example_dags/example_short_circuit_operator.py took 0.100 seconds
[2022-12-16 02:04:17,719] {processor.py:153} INFO - Started process (PID=583) to work on /home/airflow/.local/lib/python3.7/site-packages/airflow/example_dags/example_short_circuit_operator.py
[2022-12-16 02:04:17,720] {processor.py:641} INFO - Processing file /home/airflow/.local/lib/python3.7/site-packages/airflow/example_dags/example_short_circuit_operator.py for tasks to queue
[2022-12-16 02:04:17,721] {logging_mixin.py:115} INFO - [2022-12-16 02:04:17,721] {dagbag.py:507} INFO - Filling up the DagBag from /home/airflow/.local/lib/python3.7/site-packages/airflow/example_dags/example_short_circuit_operator.py
[2022-12-16 02:04:17,730] {processor.py:651} INFO - DAG(s) dict_keys(['example_short_circuit_operator']) retrieved from /home/airflow/.local/lib/python3.7/site-packages/airflow/example_dags/example_short_circuit_operator.py
[2022-12-16 02:04:17,758] {logging_mixin.py:115} INFO - [2022-12-16 02:04:17,758] {dag.py:2371} INFO - Sync 1 DAGs
[2022-12-16 02:04:17,780] {logging_mixin.py:115} INFO - [2022-12-16 02:04:17,780] {dag.py:2919} INFO - Setting next_dagrun for example_short_circuit_operator to 2022-12-15T02:04:17.780478+00:00, run_after=2022-12-16T02:04:17.780478+00:00
[2022-12-16 02:04:17,793] {processor.py:161} INFO - Processing /home/airflow/.local/lib/python3.7/site-packages/airflow/example_dags/example_short_circuit_operator.py took 0.079 seconds
[2022-12-16 02:04:48,307] {processor.py:153} INFO - Started process (PID=646) to work on /home/airflow/.local/lib/python3.7/site-packages/airflow/example_dags/example_short_circuit_operator.py
[2022-12-16 02:04:48,308] {processor.py:641} INFO - Processing file /home/airflow/.local/lib/python3.7/site-packages/airflow/example_dags/example_short_circuit_operator.py for tasks to queue
[2022-12-16 02:04:48,309] {logging_mixin.py:115} INFO - [2022-12-16 02:04:48,309] {dagbag.py:507} INFO - Filling up the DagBag from /home/airflow/.local/lib/python3.7/site-packages/airflow/example_dags/example_short_circuit_operator.py
[2022-12-16 02:04:48,318] {processor.py:651} INFO - DAG(s) dict_keys(['example_short_circuit_operator']) retrieved from /home/airflow/.local/lib/python3.7/site-packages/airflow/example_dags/example_short_circuit_operator.py
[2022-12-16 02:04:48,345] {logging_mixin.py:115} INFO - [2022-12-16 02:04:48,345] {dag.py:2371} INFO - Sync 1 DAGs
[2022-12-16 02:04:48,367] {logging_mixin.py:115} INFO - [2022-12-16 02:04:48,366] {dag.py:2919} INFO - Setting next_dagrun for example_short_circuit_operator to 2022-12-15T02:04:48.366679+00:00, run_after=2022-12-16T02:04:48.366679+00:00
[2022-12-16 02:04:48,381] {processor.py:161} INFO - Processing /home/airflow/.local/lib/python3.7/site-packages/airflow/example_dags/example_short_circuit_operator.py took 0.077 seconds
[2022-12-16 02:05:18,788] {processor.py:153} INFO - Started process (PID=699) to work on /home/airflow/.local/lib/python3.7/site-packages/airflow/example_dags/example_short_circuit_operator.py
[2022-12-16 02:05:18,789] {processor.py:641} INFO - Processing file /home/airflow/.local/lib/python3.7/site-packages/airflow/example_dags/example_short_circuit_operator.py for tasks to queue
[2022-12-16 02:05:18,791] {logging_mixin.py:115} INFO - [2022-12-16 02:05:18,790] {dagbag.py:507} INFO - Filling up the DagBag from /home/airflow/.local/lib/python3.7/site-packages/airflow/example_dags/example_short_circuit_operator.py
[2022-12-16 02:05:18,807] {processor.py:651} INFO - DAG(s) dict_keys(['example_short_circuit_operator']) retrieved from /home/airflow/.local/lib/python3.7/site-packages/airflow/example_dags/example_short_circuit_operator.py
[2022-12-16 02:05:18,851] {logging_mixin.py:115} INFO - [2022-12-16 02:05:18,851] {dag.py:2371} INFO - Sync 1 DAGs
[2022-12-16 02:05:18,884] {logging_mixin.py:115} INFO - [2022-12-16 02:05:18,884] {dag.py:2919} INFO - Setting next_dagrun for example_short_circuit_operator to 2022-12-15T02:05:18.884067+00:00, run_after=2022-12-16T02:05:18.884067+00:00
[2022-12-16 02:05:18,902] {processor.py:161} INFO - Processing /home/airflow/.local/lib/python3.7/site-packages/airflow/example_dags/example_short_circuit_operator.py took 0.120 seconds
[2022-12-16 02:05:49,274] {processor.py:153} INFO - Started process (PID=761) to work on /home/airflow/.local/lib/python3.7/site-packages/airflow/example_dags/example_short_circuit_operator.py
[2022-12-16 02:05:49,275] {processor.py:641} INFO - Processing file /home/airflow/.local/lib/python3.7/site-packages/airflow/example_dags/example_short_circuit_operator.py for tasks to queue
[2022-12-16 02:05:49,276] {logging_mixin.py:115} INFO - [2022-12-16 02:05:49,275] {dagbag.py:507} INFO - Filling up the DagBag from /home/airflow/.local/lib/python3.7/site-packages/airflow/example_dags/example_short_circuit_operator.py
[2022-12-16 02:05:49,285] {processor.py:651} INFO - DAG(s) dict_keys(['example_short_circuit_operator']) retrieved from /home/airflow/.local/lib/python3.7/site-packages/airflow/example_dags/example_short_circuit_operator.py
[2022-12-16 02:05:49,313] {logging_mixin.py:115} INFO - [2022-12-16 02:05:49,313] {dag.py:2371} INFO - Sync 1 DAGs
[2022-12-16 02:05:49,339] {logging_mixin.py:115} INFO - [2022-12-16 02:05:49,339] {dag.py:2919} INFO - Setting next_dagrun for example_short_circuit_operator to 2022-12-15T02:05:49.338817+00:00, run_after=2022-12-16T02:05:49.338817+00:00
[2022-12-16 02:05:49,352] {processor.py:161} INFO - Processing /home/airflow/.local/lib/python3.7/site-packages/airflow/example_dags/example_short_circuit_operator.py took 0.082 seconds
[2022-12-16 02:06:20,598] {processor.py:153} INFO - Started process (PID=825) to work on /home/airflow/.local/lib/python3.7/site-packages/airflow/example_dags/example_short_circuit_operator.py
[2022-12-16 02:06:20,599] {processor.py:641} INFO - Processing file /home/airflow/.local/lib/python3.7/site-packages/airflow/example_dags/example_short_circuit_operator.py for tasks to queue
[2022-12-16 02:06:20,600] {logging_mixin.py:115} INFO - [2022-12-16 02:06:20,600] {dagbag.py:507} INFO - Filling up the DagBag from /home/airflow/.local/lib/python3.7/site-packages/airflow/example_dags/example_short_circuit_operator.py
[2022-12-16 02:06:20,613] {processor.py:651} INFO - DAG(s) dict_keys(['example_short_circuit_operator']) retrieved from /home/airflow/.local/lib/python3.7/site-packages/airflow/example_dags/example_short_circuit_operator.py
[2022-12-16 02:06:20,641] {logging_mixin.py:115} INFO - [2022-12-16 02:06:20,641] {dag.py:2371} INFO - Sync 1 DAGs
[2022-12-16 02:06:20,664] {logging_mixin.py:115} INFO - [2022-12-16 02:06:20,663] {dag.py:2919} INFO - Setting next_dagrun for example_short_circuit_operator to 2022-12-15T02:06:20.663640+00:00, run_after=2022-12-16T02:06:20.663640+00:00
[2022-12-16 02:06:20,679] {processor.py:161} INFO - Processing /home/airflow/.local/lib/python3.7/site-packages/airflow/example_dags/example_short_circuit_operator.py took 0.086 seconds
[2022-12-16 02:06:50,933] {processor.py:153} INFO - Started process (PID=879) to work on /home/airflow/.local/lib/python3.7/site-packages/airflow/example_dags/example_short_circuit_operator.py
[2022-12-16 02:06:50,933] {processor.py:641} INFO - Processing file /home/airflow/.local/lib/python3.7/site-packages/airflow/example_dags/example_short_circuit_operator.py for tasks to queue
[2022-12-16 02:06:50,934] {logging_mixin.py:115} INFO - [2022-12-16 02:06:50,934] {dagbag.py:507} INFO - Filling up the DagBag from /home/airflow/.local/lib/python3.7/site-packages/airflow/example_dags/example_short_circuit_operator.py
[2022-12-16 02:06:50,942] {processor.py:651} INFO - DAG(s) dict_keys(['example_short_circuit_operator']) retrieved from /home/airflow/.local/lib/python3.7/site-packages/airflow/example_dags/example_short_circuit_operator.py
[2022-12-16 02:06:50,970] {logging_mixin.py:115} INFO - [2022-12-16 02:06:50,970] {dag.py:2371} INFO - Sync 1 DAGs
[2022-12-16 02:06:50,989] {logging_mixin.py:115} INFO - [2022-12-16 02:06:50,989] {dag.py:2919} INFO - Setting next_dagrun for example_short_circuit_operator to 2022-12-15T02:06:50.989446+00:00, run_after=2022-12-16T02:06:50.989446+00:00
[2022-12-16 02:06:51,001] {processor.py:161} INFO - Processing /home/airflow/.local/lib/python3.7/site-packages/airflow/example_dags/example_short_circuit_operator.py took 0.072 seconds
[2022-12-16 02:07:21,425] {processor.py:153} INFO - Started process (PID=943) to work on /home/airflow/.local/lib/python3.7/site-packages/airflow/example_dags/example_short_circuit_operator.py
[2022-12-16 02:07:21,426] {processor.py:641} INFO - Processing file /home/airflow/.local/lib/python3.7/site-packages/airflow/example_dags/example_short_circuit_operator.py for tasks to queue
[2022-12-16 02:07:21,426] {logging_mixin.py:115} INFO - [2022-12-16 02:07:21,426] {dagbag.py:507} INFO - Filling up the DagBag from /home/airflow/.local/lib/python3.7/site-packages/airflow/example_dags/example_short_circuit_operator.py
[2022-12-16 02:07:21,435] {processor.py:651} INFO - DAG(s) dict_keys(['example_short_circuit_operator']) retrieved from /home/airflow/.local/lib/python3.7/site-packages/airflow/example_dags/example_short_circuit_operator.py
[2022-12-16 02:07:21,469] {logging_mixin.py:115} INFO - [2022-12-16 02:07:21,469] {dag.py:2371} INFO - Sync 1 DAGs
[2022-12-16 02:07:21,498] {logging_mixin.py:115} INFO - [2022-12-16 02:07:21,498] {dag.py:2919} INFO - Setting next_dagrun for example_short_circuit_operator to 2022-12-15T02:07:21.497805+00:00, run_after=2022-12-16T02:07:21.497805+00:00
[2022-12-16 02:07:21,510] {processor.py:161} INFO - Processing /home/airflow/.local/lib/python3.7/site-packages/airflow/example_dags/example_short_circuit_operator.py took 0.088 seconds
[2022-12-16 02:07:51,552] {processor.py:153} INFO - Started process (PID=1005) to work on /home/airflow/.local/lib/python3.7/site-packages/airflow/example_dags/example_short_circuit_operator.py
[2022-12-16 02:07:51,553] {processor.py:641} INFO - Processing file /home/airflow/.local/lib/python3.7/site-packages/airflow/example_dags/example_short_circuit_operator.py for tasks to queue
[2022-12-16 02:07:51,554] {logging_mixin.py:115} INFO - [2022-12-16 02:07:51,554] {dagbag.py:507} INFO - Filling up the DagBag from /home/airflow/.local/lib/python3.7/site-packages/airflow/example_dags/example_short_circuit_operator.py
[2022-12-16 02:07:51,563] {processor.py:651} INFO - DAG(s) dict_keys(['example_short_circuit_operator']) retrieved from /home/airflow/.local/lib/python3.7/site-packages/airflow/example_dags/example_short_circuit_operator.py
[2022-12-16 02:07:51,589] {logging_mixin.py:115} INFO - [2022-12-16 02:07:51,589] {dag.py:2371} INFO - Sync 1 DAGs
[2022-12-16 02:07:51,609] {logging_mixin.py:115} INFO - [2022-12-16 02:07:51,609] {dag.py:2919} INFO - Setting next_dagrun for example_short_circuit_operator to 2022-12-15T02:07:51.609126+00:00, run_after=2022-12-16T02:07:51.609126+00:00
[2022-12-16 02:07:51,620] {processor.py:161} INFO - Processing /home/airflow/.local/lib/python3.7/site-packages/airflow/example_dags/example_short_circuit_operator.py took 0.071 seconds
[2022-12-16 02:08:21,877] {processor.py:153} INFO - Started process (PID=1067) to work on /home/airflow/.local/lib/python3.7/site-packages/airflow/example_dags/example_short_circuit_operator.py
[2022-12-16 02:08:21,879] {processor.py:641} INFO - Processing file /home/airflow/.local/lib/python3.7/site-packages/airflow/example_dags/example_short_circuit_operator.py for tasks to queue
[2022-12-16 02:08:21,881] {logging_mixin.py:115} INFO - [2022-12-16 02:08:21,881] {dagbag.py:507} INFO - Filling up the DagBag from /home/airflow/.local/lib/python3.7/site-packages/airflow/example_dags/example_short_circuit_operator.py
[2022-12-16 02:08:21,897] {processor.py:651} INFO - DAG(s) dict_keys(['example_short_circuit_operator']) retrieved from /home/airflow/.local/lib/python3.7/site-packages/airflow/example_dags/example_short_circuit_operator.py
[2022-12-16 02:08:21,938] {logging_mixin.py:115} INFO - [2022-12-16 02:08:21,938] {dag.py:2371} INFO - Sync 1 DAGs
[2022-12-16 02:08:21,975] {logging_mixin.py:115} INFO - [2022-12-16 02:08:21,975] {dag.py:2919} INFO - Setting next_dagrun for example_short_circuit_operator to 2022-12-15T02:08:21.975062+00:00, run_after=2022-12-16T02:08:21.975062+00:00
[2022-12-16 02:08:21,989] {processor.py:161} INFO - Processing /home/airflow/.local/lib/python3.7/site-packages/airflow/example_dags/example_short_circuit_operator.py took 0.117 seconds
[2022-12-16 02:08:52,847] {processor.py:153} INFO - Started process (PID=1119) to work on /home/airflow/.local/lib/python3.7/site-packages/airflow/example_dags/example_short_circuit_operator.py
[2022-12-16 02:08:52,848] {processor.py:641} INFO - Processing file /home/airflow/.local/lib/python3.7/site-packages/airflow/example_dags/example_short_circuit_operator.py for tasks to queue
[2022-12-16 02:08:52,848] {logging_mixin.py:115} INFO - [2022-12-16 02:08:52,848] {dagbag.py:507} INFO - Filling up the DagBag from /home/airflow/.local/lib/python3.7/site-packages/airflow/example_dags/example_short_circuit_operator.py
[2022-12-16 02:08:52,858] {processor.py:651} INFO - DAG(s) dict_keys(['example_short_circuit_operator']) retrieved from /home/airflow/.local/lib/python3.7/site-packages/airflow/example_dags/example_short_circuit_operator.py
[2022-12-16 02:08:52,889] {logging_mixin.py:115} INFO - [2022-12-16 02:08:52,889] {dag.py:2371} INFO - Sync 1 DAGs
[2022-12-16 02:08:52,913] {logging_mixin.py:115} INFO - [2022-12-16 02:08:52,913] {dag.py:2919} INFO - Setting next_dagrun for example_short_circuit_operator to 2022-12-15T02:08:52.913480+00:00, run_after=2022-12-16T02:08:52.913480+00:00
[2022-12-16 02:08:52,931] {processor.py:161} INFO - Processing /home/airflow/.local/lib/python3.7/site-packages/airflow/example_dags/example_short_circuit_operator.py took 0.091 seconds
[2022-12-16 02:09:23,139] {processor.py:153} INFO - Started process (PID=1183) to work on /home/airflow/.local/lib/python3.7/site-packages/airflow/example_dags/example_short_circuit_operator.py
[2022-12-16 02:09:23,140] {processor.py:641} INFO - Processing file /home/airflow/.local/lib/python3.7/site-packages/airflow/example_dags/example_short_circuit_operator.py for tasks to queue
[2022-12-16 02:09:23,141] {logging_mixin.py:115} INFO - [2022-12-16 02:09:23,141] {dagbag.py:507} INFO - Filling up the DagBag from /home/airflow/.local/lib/python3.7/site-packages/airflow/example_dags/example_short_circuit_operator.py
[2022-12-16 02:09:23,156] {processor.py:651} INFO - DAG(s) dict_keys(['example_short_circuit_operator']) retrieved from /home/airflow/.local/lib/python3.7/site-packages/airflow/example_dags/example_short_circuit_operator.py
[2022-12-16 02:09:23,191] {logging_mixin.py:115} INFO - [2022-12-16 02:09:23,191] {dag.py:2371} INFO - Sync 1 DAGs
[2022-12-16 02:09:23,223] {logging_mixin.py:115} INFO - [2022-12-16 02:09:23,223] {dag.py:2919} INFO - Setting next_dagrun for example_short_circuit_operator to 2022-12-15T02:09:23.222647+00:00, run_after=2022-12-16T02:09:23.222647+00:00
[2022-12-16 02:09:23,251] {processor.py:161} INFO - Processing /home/airflow/.local/lib/python3.7/site-packages/airflow/example_dags/example_short_circuit_operator.py took 0.115 seconds
[2022-12-16 02:09:53,609] {processor.py:153} INFO - Started process (PID=1245) to work on /home/airflow/.local/lib/python3.7/site-packages/airflow/example_dags/example_short_circuit_operator.py
[2022-12-16 02:09:53,610] {processor.py:641} INFO - Processing file /home/airflow/.local/lib/python3.7/site-packages/airflow/example_dags/example_short_circuit_operator.py for tasks to queue
[2022-12-16 02:09:53,610] {logging_mixin.py:115} INFO - [2022-12-16 02:09:53,610] {dagbag.py:507} INFO - Filling up the DagBag from /home/airflow/.local/lib/python3.7/site-packages/airflow/example_dags/example_short_circuit_operator.py
[2022-12-16 02:09:53,619] {processor.py:651} INFO - DAG(s) dict_keys(['example_short_circuit_operator']) retrieved from /home/airflow/.local/lib/python3.7/site-packages/airflow/example_dags/example_short_circuit_operator.py
[2022-12-16 02:09:53,655] {logging_mixin.py:115} INFO - [2022-12-16 02:09:53,655] {dag.py:2371} INFO - Sync 1 DAGs
[2022-12-16 02:09:53,677] {logging_mixin.py:115} INFO - [2022-12-16 02:09:53,677] {dag.py:2919} INFO - Setting next_dagrun for example_short_circuit_operator to 2022-12-15T02:09:53.676180+00:00, run_after=2022-12-16T02:09:53.676180+00:00
[2022-12-16 02:09:53,691] {processor.py:161} INFO - Processing /home/airflow/.local/lib/python3.7/site-packages/airflow/example_dags/example_short_circuit_operator.py took 0.086 seconds
[2022-12-16 02:10:23,749] {processor.py:153} INFO - Started process (PID=1297) to work on /home/airflow/.local/lib/python3.7/site-packages/airflow/example_dags/example_short_circuit_operator.py
[2022-12-16 02:10:23,750] {processor.py:641} INFO - Processing file /home/airflow/.local/lib/python3.7/site-packages/airflow/example_dags/example_short_circuit_operator.py for tasks to queue
[2022-12-16 02:10:23,751] {logging_mixin.py:115} INFO - [2022-12-16 02:10:23,751] {dagbag.py:507} INFO - Filling up the DagBag from /home/airflow/.local/lib/python3.7/site-packages/airflow/example_dags/example_short_circuit_operator.py
[2022-12-16 02:10:23,764] {processor.py:651} INFO - DAG(s) dict_keys(['example_short_circuit_operator']) retrieved from /home/airflow/.local/lib/python3.7/site-packages/airflow/example_dags/example_short_circuit_operator.py
[2022-12-16 02:10:23,792] {logging_mixin.py:115} INFO - [2022-12-16 02:10:23,792] {dag.py:2371} INFO - Sync 1 DAGs
[2022-12-16 02:10:23,816] {logging_mixin.py:115} INFO - [2022-12-16 02:10:23,816] {dag.py:2919} INFO - Setting next_dagrun for example_short_circuit_operator to 2022-12-15T02:10:23.816308+00:00, run_after=2022-12-16T02:10:23.816308+00:00
[2022-12-16 02:10:23,837] {processor.py:161} INFO - Processing /home/airflow/.local/lib/python3.7/site-packages/airflow/example_dags/example_short_circuit_operator.py took 0.092 seconds
[2022-12-16 02:10:54,305] {processor.py:153} INFO - Started process (PID=1359) to work on /home/airflow/.local/lib/python3.7/site-packages/airflow/example_dags/example_short_circuit_operator.py
[2022-12-16 02:10:54,306] {processor.py:641} INFO - Processing file /home/airflow/.local/lib/python3.7/site-packages/airflow/example_dags/example_short_circuit_operator.py for tasks to queue
[2022-12-16 02:10:54,307] {logging_mixin.py:115} INFO - [2022-12-16 02:10:54,307] {dagbag.py:507} INFO - Filling up the DagBag from /home/airflow/.local/lib/python3.7/site-packages/airflow/example_dags/example_short_circuit_operator.py
[2022-12-16 02:10:54,319] {processor.py:651} INFO - DAG(s) dict_keys(['example_short_circuit_operator']) retrieved from /home/airflow/.local/lib/python3.7/site-packages/airflow/example_dags/example_short_circuit_operator.py
[2022-12-16 02:10:54,358] {logging_mixin.py:115} INFO - [2022-12-16 02:10:54,358] {dag.py:2371} INFO - Sync 1 DAGs
[2022-12-16 02:10:54,377] {logging_mixin.py:115} INFO - [2022-12-16 02:10:54,377] {dag.py:2919} INFO - Setting next_dagrun for example_short_circuit_operator to 2022-12-15T02:10:54.377301+00:00, run_after=2022-12-16T02:10:54.377301+00:00
[2022-12-16 02:10:54,389] {processor.py:161} INFO - Processing /home/airflow/.local/lib/python3.7/site-packages/airflow/example_dags/example_short_circuit_operator.py took 0.088 seconds
[2022-12-16 02:11:24,649] {processor.py:153} INFO - Started process (PID=1421) to work on /home/airflow/.local/lib/python3.7/site-packages/airflow/example_dags/example_short_circuit_operator.py
[2022-12-16 02:11:24,651] {processor.py:641} INFO - Processing file /home/airflow/.local/lib/python3.7/site-packages/airflow/example_dags/example_short_circuit_operator.py for tasks to queue
[2022-12-16 02:11:24,653] {logging_mixin.py:115} INFO - [2022-12-16 02:11:24,653] {dagbag.py:507} INFO - Filling up the DagBag from /home/airflow/.local/lib/python3.7/site-packages/airflow/example_dags/example_short_circuit_operator.py
[2022-12-16 02:11:24,663] {processor.py:651} INFO - DAG(s) dict_keys(['example_short_circuit_operator']) retrieved from /home/airflow/.local/lib/python3.7/site-packages/airflow/example_dags/example_short_circuit_operator.py
[2022-12-16 02:11:24,692] {logging_mixin.py:115} INFO - [2022-12-16 02:11:24,692] {dag.py:2371} INFO - Sync 1 DAGs
[2022-12-16 02:11:24,720] {logging_mixin.py:115} INFO - [2022-12-16 02:11:24,720] {dag.py:2919} INFO - Setting next_dagrun for example_short_circuit_operator to 2022-12-15T02:11:24.719530+00:00, run_after=2022-12-16T02:11:24.719530+00:00
[2022-12-16 02:11:24,737] {processor.py:161} INFO - Processing /home/airflow/.local/lib/python3.7/site-packages/airflow/example_dags/example_short_circuit_operator.py took 0.092 seconds
[2022-12-16 02:11:54,797] {processor.py:153} INFO - Started process (PID=1482) to work on /home/airflow/.local/lib/python3.7/site-packages/airflow/example_dags/example_short_circuit_operator.py
[2022-12-16 02:11:54,798] {processor.py:641} INFO - Processing file /home/airflow/.local/lib/python3.7/site-packages/airflow/example_dags/example_short_circuit_operator.py for tasks to queue
[2022-12-16 02:11:54,800] {logging_mixin.py:115} INFO - [2022-12-16 02:11:54,799] {dagbag.py:507} INFO - Filling up the DagBag from /home/airflow/.local/lib/python3.7/site-packages/airflow/example_dags/example_short_circuit_operator.py
[2022-12-16 02:11:54,823] {processor.py:651} INFO - DAG(s) dict_keys(['example_short_circuit_operator']) retrieved from /home/airflow/.local/lib/python3.7/site-packages/airflow/example_dags/example_short_circuit_operator.py
[2022-12-16 02:11:54,856] {logging_mixin.py:115} INFO - [2022-12-16 02:11:54,856] {dag.py:2371} INFO - Sync 1 DAGs
[2022-12-16 02:11:54,877] {logging_mixin.py:115} INFO - [2022-12-16 02:11:54,877] {dag.py:2919} INFO - Setting next_dagrun for example_short_circuit_operator to 2022-12-15T02:11:54.876839+00:00, run_after=2022-12-16T02:11:54.876839+00:00
[2022-12-16 02:11:54,888] {processor.py:161} INFO - Processing /home/airflow/.local/lib/python3.7/site-packages/airflow/example_dags/example_short_circuit_operator.py took 0.100 seconds
[2022-12-16 02:12:24,979] {processor.py:153} INFO - Started process (PID=1536) to work on /home/airflow/.local/lib/python3.7/site-packages/airflow/example_dags/example_short_circuit_operator.py
[2022-12-16 02:12:24,981] {processor.py:641} INFO - Processing file /home/airflow/.local/lib/python3.7/site-packages/airflow/example_dags/example_short_circuit_operator.py for tasks to queue
[2022-12-16 02:12:24,981] {logging_mixin.py:115} INFO - [2022-12-16 02:12:24,981] {dagbag.py:507} INFO - Filling up the DagBag from /home/airflow/.local/lib/python3.7/site-packages/airflow/example_dags/example_short_circuit_operator.py
[2022-12-16 02:12:24,995] {processor.py:651} INFO - DAG(s) dict_keys(['example_short_circuit_operator']) retrieved from /home/airflow/.local/lib/python3.7/site-packages/airflow/example_dags/example_short_circuit_operator.py
[2022-12-16 02:12:25,025] {logging_mixin.py:115} INFO - [2022-12-16 02:12:25,025] {dag.py:2371} INFO - Sync 1 DAGs
[2022-12-16 02:12:25,045] {logging_mixin.py:115} INFO - [2022-12-16 02:12:25,045] {dag.py:2919} INFO - Setting next_dagrun for example_short_circuit_operator to 2022-12-15T02:12:25.045284+00:00, run_after=2022-12-16T02:12:25.045284+00:00
[2022-12-16 02:12:25,060] {processor.py:161} INFO - Processing /home/airflow/.local/lib/python3.7/site-packages/airflow/example_dags/example_short_circuit_operator.py took 0.085 seconds
[2022-12-16 02:12:55,298] {processor.py:153} INFO - Started process (PID=1597) to work on /home/airflow/.local/lib/python3.7/site-packages/airflow/example_dags/example_short_circuit_operator.py
[2022-12-16 02:12:55,300] {processor.py:641} INFO - Processing file /home/airflow/.local/lib/python3.7/site-packages/airflow/example_dags/example_short_circuit_operator.py for tasks to queue
[2022-12-16 02:12:55,302] {logging_mixin.py:115} INFO - [2022-12-16 02:12:55,301] {dagbag.py:507} INFO - Filling up the DagBag from /home/airflow/.local/lib/python3.7/site-packages/airflow/example_dags/example_short_circuit_operator.py
[2022-12-16 02:12:55,323] {processor.py:651} INFO - DAG(s) dict_keys(['example_short_circuit_operator']) retrieved from /home/airflow/.local/lib/python3.7/site-packages/airflow/example_dags/example_short_circuit_operator.py
[2022-12-16 02:12:55,374] {logging_mixin.py:115} INFO - [2022-12-16 02:12:55,374] {dag.py:2371} INFO - Sync 1 DAGs
[2022-12-16 02:12:55,414] {logging_mixin.py:115} INFO - [2022-12-16 02:12:55,414] {dag.py:2919} INFO - Setting next_dagrun for example_short_circuit_operator to 2022-12-15T02:12:55.413582+00:00, run_after=2022-12-16T02:12:55.413582+00:00
[2022-12-16 02:12:55,434] {processor.py:161} INFO - Processing /home/airflow/.local/lib/python3.7/site-packages/airflow/example_dags/example_short_circuit_operator.py took 0.141 seconds
