[2022-12-16 01:50:27,536] {processor.py:153} INFO - Started process (PID=66) to work on /home/airflow/.local/lib/python3.7/site-packages/airflow/example_dags/example_branch_day_of_week_operator.py
[2022-12-16 01:50:27,541] {processor.py:641} INFO - Processing file /home/airflow/.local/lib/python3.7/site-packages/airflow/example_dags/example_branch_day_of_week_operator.py for tasks to queue
[2022-12-16 01:50:27,547] {logging_mixin.py:115} INFO - [2022-12-16 01:50:27,547] {dagbag.py:507} INFO - Filling up the DagBag from /home/airflow/.local/lib/python3.7/site-packages/airflow/example_dags/example_branch_day_of_week_operator.py
[2022-12-16 01:50:27,640] {processor.py:651} INFO - DAG(s) dict_keys(['example_weekday_branch_operator']) retrieved from /home/airflow/.local/lib/python3.7/site-packages/airflow/example_dags/example_branch_day_of_week_operator.py
[2022-12-16 01:50:28,225] {logging_mixin.py:115} INFO - [2022-12-16 01:50:28,225] {manager.py:508} INFO - Created Permission View: can edit on DAG:example_weekday_branch_operator
[2022-12-16 01:50:28,247] {logging_mixin.py:115} INFO - [2022-12-16 01:50:28,246] {manager.py:508} INFO - Created Permission View: can delete on DAG:example_weekday_branch_operator
[2022-12-16 01:50:28,261] {logging_mixin.py:115} INFO - [2022-12-16 01:50:28,260] {manager.py:508} INFO - Created Permission View: can read on DAG:example_weekday_branch_operator
[2022-12-16 01:50:28,261] {logging_mixin.py:115} INFO - [2022-12-16 01:50:28,261] {dag.py:2371} INFO - Sync 1 DAGs
[2022-12-16 01:50:28,291] {logging_mixin.py:115} INFO - [2022-12-16 01:50:28,291] {dag.py:2390} INFO - Creating ORM DAG for example_weekday_branch_operator
[2022-12-16 01:50:28,326] {logging_mixin.py:115} INFO - [2022-12-16 01:50:28,326] {dag.py:2919} INFO - Setting next_dagrun for example_weekday_branch_operator to 2022-12-15T00:00:00+00:00, run_after=2022-12-16T00:00:00+00:00
[2022-12-16 01:50:28,374] {processor.py:161} INFO - Processing /home/airflow/.local/lib/python3.7/site-packages/airflow/example_dags/example_branch_day_of_week_operator.py took 0.847 seconds
[2022-12-16 01:50:58,684] {processor.py:153} INFO - Started process (PID=128) to work on /home/airflow/.local/lib/python3.7/site-packages/airflow/example_dags/example_branch_day_of_week_operator.py
[2022-12-16 01:50:58,684] {processor.py:641} INFO - Processing file /home/airflow/.local/lib/python3.7/site-packages/airflow/example_dags/example_branch_day_of_week_operator.py for tasks to queue
[2022-12-16 01:50:58,685] {logging_mixin.py:115} INFO - [2022-12-16 01:50:58,685] {dagbag.py:507} INFO - Filling up the DagBag from /home/airflow/.local/lib/python3.7/site-packages/airflow/example_dags/example_branch_day_of_week_operator.py
[2022-12-16 01:50:58,697] {processor.py:651} INFO - DAG(s) dict_keys(['example_weekday_branch_operator']) retrieved from /home/airflow/.local/lib/python3.7/site-packages/airflow/example_dags/example_branch_day_of_week_operator.py
[2022-12-16 01:50:58,730] {logging_mixin.py:115} INFO - [2022-12-16 01:50:58,730] {dag.py:2371} INFO - Sync 1 DAGs
[2022-12-16 01:50:58,893] {logging_mixin.py:115} INFO - [2022-12-16 01:50:58,893] {dag.py:2919} INFO - Setting next_dagrun for example_weekday_branch_operator to 2022-12-15T00:00:00+00:00, run_after=2022-12-16T00:00:00+00:00
[2022-12-16 01:50:58,914] {processor.py:161} INFO - Processing /home/airflow/.local/lib/python3.7/site-packages/airflow/example_dags/example_branch_day_of_week_operator.py took 0.235 seconds
[2022-12-16 01:51:29,622] {processor.py:153} INFO - Started process (PID=190) to work on /home/airflow/.local/lib/python3.7/site-packages/airflow/example_dags/example_branch_day_of_week_operator.py
[2022-12-16 01:51:29,623] {processor.py:641} INFO - Processing file /home/airflow/.local/lib/python3.7/site-packages/airflow/example_dags/example_branch_day_of_week_operator.py for tasks to queue
[2022-12-16 01:51:29,623] {logging_mixin.py:115} INFO - [2022-12-16 01:51:29,623] {dagbag.py:507} INFO - Filling up the DagBag from /home/airflow/.local/lib/python3.7/site-packages/airflow/example_dags/example_branch_day_of_week_operator.py
[2022-12-16 01:51:29,632] {processor.py:651} INFO - DAG(s) dict_keys(['example_weekday_branch_operator']) retrieved from /home/airflow/.local/lib/python3.7/site-packages/airflow/example_dags/example_branch_day_of_week_operator.py
[2022-12-16 01:51:29,658] {logging_mixin.py:115} INFO - [2022-12-16 01:51:29,658] {dag.py:2371} INFO - Sync 1 DAGs
[2022-12-16 01:51:29,834] {logging_mixin.py:115} INFO - [2022-12-16 01:51:29,833] {dag.py:2919} INFO - Setting next_dagrun for example_weekday_branch_operator to 2022-12-15T00:00:00+00:00, run_after=2022-12-16T00:00:00+00:00
[2022-12-16 01:51:29,848] {processor.py:161} INFO - Processing /home/airflow/.local/lib/python3.7/site-packages/airflow/example_dags/example_branch_day_of_week_operator.py took 0.231 seconds
[2022-12-16 01:52:00,040] {processor.py:153} INFO - Started process (PID=242) to work on /home/airflow/.local/lib/python3.7/site-packages/airflow/example_dags/example_branch_day_of_week_operator.py
[2022-12-16 01:52:00,041] {processor.py:641} INFO - Processing file /home/airflow/.local/lib/python3.7/site-packages/airflow/example_dags/example_branch_day_of_week_operator.py for tasks to queue
[2022-12-16 01:52:00,043] {logging_mixin.py:115} INFO - [2022-12-16 01:52:00,042] {dagbag.py:507} INFO - Filling up the DagBag from /home/airflow/.local/lib/python3.7/site-packages/airflow/example_dags/example_branch_day_of_week_operator.py
[2022-12-16 01:52:00,055] {processor.py:651} INFO - DAG(s) dict_keys(['example_weekday_branch_operator']) retrieved from /home/airflow/.local/lib/python3.7/site-packages/airflow/example_dags/example_branch_day_of_week_operator.py
[2022-12-16 01:52:00,085] {logging_mixin.py:115} INFO - [2022-12-16 01:52:00,084] {dag.py:2371} INFO - Sync 1 DAGs
[2022-12-16 01:52:00,311] {logging_mixin.py:115} INFO - [2022-12-16 01:52:00,311] {dag.py:2919} INFO - Setting next_dagrun for example_weekday_branch_operator to 2022-12-15T00:00:00+00:00, run_after=2022-12-16T00:00:00+00:00
[2022-12-16 01:52:00,332] {processor.py:161} INFO - Processing /home/airflow/.local/lib/python3.7/site-packages/airflow/example_dags/example_branch_day_of_week_operator.py took 0.295 seconds
[2022-12-16 01:52:30,748] {processor.py:153} INFO - Started process (PID=304) to work on /home/airflow/.local/lib/python3.7/site-packages/airflow/example_dags/example_branch_day_of_week_operator.py
[2022-12-16 01:52:30,748] {processor.py:641} INFO - Processing file /home/airflow/.local/lib/python3.7/site-packages/airflow/example_dags/example_branch_day_of_week_operator.py for tasks to queue
[2022-12-16 01:52:30,749] {logging_mixin.py:115} INFO - [2022-12-16 01:52:30,749] {dagbag.py:507} INFO - Filling up the DagBag from /home/airflow/.local/lib/python3.7/site-packages/airflow/example_dags/example_branch_day_of_week_operator.py
[2022-12-16 01:52:30,758] {processor.py:651} INFO - DAG(s) dict_keys(['example_weekday_branch_operator']) retrieved from /home/airflow/.local/lib/python3.7/site-packages/airflow/example_dags/example_branch_day_of_week_operator.py
[2022-12-16 01:52:30,785] {logging_mixin.py:115} INFO - [2022-12-16 01:52:30,785] {dag.py:2371} INFO - Sync 1 DAGs
[2022-12-16 01:52:30,963] {logging_mixin.py:115} INFO - [2022-12-16 01:52:30,963] {dag.py:2919} INFO - Setting next_dagrun for example_weekday_branch_operator to 2022-12-15T00:00:00+00:00, run_after=2022-12-16T00:00:00+00:00
[2022-12-16 01:52:30,977] {processor.py:161} INFO - Processing /home/airflow/.local/lib/python3.7/site-packages/airflow/example_dags/example_branch_day_of_week_operator.py took 0.236 seconds
[2022-12-16 01:53:01,050] {processor.py:153} INFO - Started process (PID=364) to work on /home/airflow/.local/lib/python3.7/site-packages/airflow/example_dags/example_branch_day_of_week_operator.py
[2022-12-16 01:53:01,052] {processor.py:641} INFO - Processing file /home/airflow/.local/lib/python3.7/site-packages/airflow/example_dags/example_branch_day_of_week_operator.py for tasks to queue
[2022-12-16 01:53:01,054] {logging_mixin.py:115} INFO - [2022-12-16 01:53:01,054] {dagbag.py:507} INFO - Filling up the DagBag from /home/airflow/.local/lib/python3.7/site-packages/airflow/example_dags/example_branch_day_of_week_operator.py
[2022-12-16 01:53:01,070] {processor.py:651} INFO - DAG(s) dict_keys(['example_weekday_branch_operator']) retrieved from /home/airflow/.local/lib/python3.7/site-packages/airflow/example_dags/example_branch_day_of_week_operator.py
[2022-12-16 01:53:01,115] {logging_mixin.py:115} INFO - [2022-12-16 01:53:01,115] {dag.py:2371} INFO - Sync 1 DAGs
[2022-12-16 01:53:01,375] {logging_mixin.py:115} INFO - [2022-12-16 01:53:01,375] {dag.py:2919} INFO - Setting next_dagrun for example_weekday_branch_operator to 2022-12-15T00:00:00+00:00, run_after=2022-12-16T00:00:00+00:00
[2022-12-16 01:53:01,392] {processor.py:161} INFO - Processing /home/airflow/.local/lib/python3.7/site-packages/airflow/example_dags/example_branch_day_of_week_operator.py took 0.350 seconds
[2022-12-16 01:53:31,686] {processor.py:153} INFO - Started process (PID=416) to work on /home/airflow/.local/lib/python3.7/site-packages/airflow/example_dags/example_branch_day_of_week_operator.py
[2022-12-16 01:53:31,687] {processor.py:641} INFO - Processing file /home/airflow/.local/lib/python3.7/site-packages/airflow/example_dags/example_branch_day_of_week_operator.py for tasks to queue
[2022-12-16 01:53:31,688] {logging_mixin.py:115} INFO - [2022-12-16 01:53:31,687] {dagbag.py:507} INFO - Filling up the DagBag from /home/airflow/.local/lib/python3.7/site-packages/airflow/example_dags/example_branch_day_of_week_operator.py
[2022-12-16 01:53:31,702] {processor.py:651} INFO - DAG(s) dict_keys(['example_weekday_branch_operator']) retrieved from /home/airflow/.local/lib/python3.7/site-packages/airflow/example_dags/example_branch_day_of_week_operator.py
[2022-12-16 01:53:31,735] {logging_mixin.py:115} INFO - [2022-12-16 01:53:31,735] {dag.py:2371} INFO - Sync 1 DAGs
[2022-12-16 01:53:31,905] {logging_mixin.py:115} INFO - [2022-12-16 01:53:31,904] {dag.py:2919} INFO - Setting next_dagrun for example_weekday_branch_operator to 2022-12-15T00:00:00+00:00, run_after=2022-12-16T00:00:00+00:00
[2022-12-16 01:53:31,922] {processor.py:161} INFO - Processing /home/airflow/.local/lib/python3.7/site-packages/airflow/example_dags/example_branch_day_of_week_operator.py took 0.240 seconds
[2022-12-16 01:54:02,576] {processor.py:153} INFO - Started process (PID=477) to work on /home/airflow/.local/lib/python3.7/site-packages/airflow/example_dags/example_branch_day_of_week_operator.py
[2022-12-16 01:54:02,580] {processor.py:641} INFO - Processing file /home/airflow/.local/lib/python3.7/site-packages/airflow/example_dags/example_branch_day_of_week_operator.py for tasks to queue
[2022-12-16 01:54:02,582] {logging_mixin.py:115} INFO - [2022-12-16 01:54:02,582] {dagbag.py:507} INFO - Filling up the DagBag from /home/airflow/.local/lib/python3.7/site-packages/airflow/example_dags/example_branch_day_of_week_operator.py
[2022-12-16 01:54:02,606] {processor.py:651} INFO - DAG(s) dict_keys(['example_weekday_branch_operator']) retrieved from /home/airflow/.local/lib/python3.7/site-packages/airflow/example_dags/example_branch_day_of_week_operator.py
[2022-12-16 01:54:02,688] {logging_mixin.py:115} INFO - [2022-12-16 01:54:02,688] {dag.py:2371} INFO - Sync 1 DAGs
[2022-12-16 01:54:02,992] {logging_mixin.py:115} INFO - [2022-12-16 01:54:02,991] {dag.py:2919} INFO - Setting next_dagrun for example_weekday_branch_operator to 2022-12-15T00:00:00+00:00, run_after=2022-12-16T00:00:00+00:00
[2022-12-16 01:54:03,037] {processor.py:161} INFO - Processing /home/airflow/.local/lib/python3.7/site-packages/airflow/example_dags/example_branch_day_of_week_operator.py took 0.470 seconds
[2022-12-16 01:54:34,013] {processor.py:153} INFO - Started process (PID=538) to work on /home/airflow/.local/lib/python3.7/site-packages/airflow/example_dags/example_branch_day_of_week_operator.py
[2022-12-16 01:54:34,020] {processor.py:641} INFO - Processing file /home/airflow/.local/lib/python3.7/site-packages/airflow/example_dags/example_branch_day_of_week_operator.py for tasks to queue
[2022-12-16 01:54:34,022] {logging_mixin.py:115} INFO - [2022-12-16 01:54:34,021] {dagbag.py:507} INFO - Filling up the DagBag from /home/airflow/.local/lib/python3.7/site-packages/airflow/example_dags/example_branch_day_of_week_operator.py
[2022-12-16 01:54:34,041] {processor.py:651} INFO - DAG(s) dict_keys(['example_weekday_branch_operator']) retrieved from /home/airflow/.local/lib/python3.7/site-packages/airflow/example_dags/example_branch_day_of_week_operator.py
[2022-12-16 01:54:34,113] {logging_mixin.py:115} INFO - [2022-12-16 01:54:34,113] {dag.py:2371} INFO - Sync 1 DAGs
[2022-12-16 01:54:34,424] {logging_mixin.py:115} INFO - [2022-12-16 01:54:34,424] {dag.py:2919} INFO - Setting next_dagrun for example_weekday_branch_operator to 2022-12-15T00:00:00+00:00, run_after=2022-12-16T00:00:00+00:00
[2022-12-16 01:54:34,445] {processor.py:161} INFO - Processing /home/airflow/.local/lib/python3.7/site-packages/airflow/example_dags/example_branch_day_of_week_operator.py took 0.436 seconds
[2022-12-16 01:55:04,534] {processor.py:153} INFO - Started process (PID=590) to work on /home/airflow/.local/lib/python3.7/site-packages/airflow/example_dags/example_branch_day_of_week_operator.py
[2022-12-16 01:55:04,535] {processor.py:641} INFO - Processing file /home/airflow/.local/lib/python3.7/site-packages/airflow/example_dags/example_branch_day_of_week_operator.py for tasks to queue
[2022-12-16 01:55:04,536] {logging_mixin.py:115} INFO - [2022-12-16 01:55:04,536] {dagbag.py:507} INFO - Filling up the DagBag from /home/airflow/.local/lib/python3.7/site-packages/airflow/example_dags/example_branch_day_of_week_operator.py
[2022-12-16 01:55:04,546] {processor.py:651} INFO - DAG(s) dict_keys(['example_weekday_branch_operator']) retrieved from /home/airflow/.local/lib/python3.7/site-packages/airflow/example_dags/example_branch_day_of_week_operator.py
[2022-12-16 01:55:04,574] {logging_mixin.py:115} INFO - [2022-12-16 01:55:04,574] {dag.py:2371} INFO - Sync 1 DAGs
[2022-12-16 01:55:04,741] {logging_mixin.py:115} INFO - [2022-12-16 01:55:04,741] {dag.py:2919} INFO - Setting next_dagrun for example_weekday_branch_operator to 2022-12-15T00:00:00+00:00, run_after=2022-12-16T00:00:00+00:00
[2022-12-16 01:55:04,752] {processor.py:161} INFO - Processing /home/airflow/.local/lib/python3.7/site-packages/airflow/example_dags/example_branch_day_of_week_operator.py took 0.222 seconds
[2022-12-16 01:55:35,184] {processor.py:153} INFO - Started process (PID=652) to work on /home/airflow/.local/lib/python3.7/site-packages/airflow/example_dags/example_branch_day_of_week_operator.py
[2022-12-16 01:55:35,187] {processor.py:641} INFO - Processing file /home/airflow/.local/lib/python3.7/site-packages/airflow/example_dags/example_branch_day_of_week_operator.py for tasks to queue
[2022-12-16 01:55:35,188] {logging_mixin.py:115} INFO - [2022-12-16 01:55:35,188] {dagbag.py:507} INFO - Filling up the DagBag from /home/airflow/.local/lib/python3.7/site-packages/airflow/example_dags/example_branch_day_of_week_operator.py
[2022-12-16 01:55:35,198] {processor.py:651} INFO - DAG(s) dict_keys(['example_weekday_branch_operator']) retrieved from /home/airflow/.local/lib/python3.7/site-packages/airflow/example_dags/example_branch_day_of_week_operator.py
[2022-12-16 01:55:35,237] {logging_mixin.py:115} INFO - [2022-12-16 01:55:35,237] {dag.py:2371} INFO - Sync 1 DAGs
[2022-12-16 01:55:35,419] {logging_mixin.py:115} INFO - [2022-12-16 01:55:35,419] {dag.py:2919} INFO - Setting next_dagrun for example_weekday_branch_operator to 2022-12-15T00:00:00+00:00, run_after=2022-12-16T00:00:00+00:00
[2022-12-16 01:55:35,431] {processor.py:161} INFO - Processing /home/airflow/.local/lib/python3.7/site-packages/airflow/example_dags/example_branch_day_of_week_operator.py took 0.254 seconds
[2022-12-16 01:56:05,901] {processor.py:153} INFO - Started process (PID=713) to work on /home/airflow/.local/lib/python3.7/site-packages/airflow/example_dags/example_branch_day_of_week_operator.py
[2022-12-16 01:56:05,901] {processor.py:641} INFO - Processing file /home/airflow/.local/lib/python3.7/site-packages/airflow/example_dags/example_branch_day_of_week_operator.py for tasks to queue
[2022-12-16 01:56:05,904] {logging_mixin.py:115} INFO - [2022-12-16 01:56:05,904] {dagbag.py:507} INFO - Filling up the DagBag from /home/airflow/.local/lib/python3.7/site-packages/airflow/example_dags/example_branch_day_of_week_operator.py
[2022-12-16 01:56:05,914] {processor.py:651} INFO - DAG(s) dict_keys(['example_weekday_branch_operator']) retrieved from /home/airflow/.local/lib/python3.7/site-packages/airflow/example_dags/example_branch_day_of_week_operator.py
[2022-12-16 01:56:05,945] {logging_mixin.py:115} INFO - [2022-12-16 01:56:05,945] {dag.py:2371} INFO - Sync 1 DAGs
[2022-12-16 01:56:06,124] {logging_mixin.py:115} INFO - [2022-12-16 01:56:06,124] {dag.py:2919} INFO - Setting next_dagrun for example_weekday_branch_operator to 2022-12-15T00:00:00+00:00, run_after=2022-12-16T00:00:00+00:00
[2022-12-16 01:56:06,137] {processor.py:161} INFO - Processing /home/airflow/.local/lib/python3.7/site-packages/airflow/example_dags/example_branch_day_of_week_operator.py took 0.244 seconds
[2022-12-16 01:56:37,135] {processor.py:153} INFO - Started process (PID=775) to work on /home/airflow/.local/lib/python3.7/site-packages/airflow/example_dags/example_branch_day_of_week_operator.py
[2022-12-16 01:56:37,139] {processor.py:641} INFO - Processing file /home/airflow/.local/lib/python3.7/site-packages/airflow/example_dags/example_branch_day_of_week_operator.py for tasks to queue
[2022-12-16 01:56:37,140] {logging_mixin.py:115} INFO - [2022-12-16 01:56:37,139] {dagbag.py:507} INFO - Filling up the DagBag from /home/airflow/.local/lib/python3.7/site-packages/airflow/example_dags/example_branch_day_of_week_operator.py
[2022-12-16 01:56:37,155] {processor.py:651} INFO - DAG(s) dict_keys(['example_weekday_branch_operator']) retrieved from /home/airflow/.local/lib/python3.7/site-packages/airflow/example_dags/example_branch_day_of_week_operator.py
[2022-12-16 01:56:37,217] {logging_mixin.py:115} INFO - [2022-12-16 01:56:37,216] {dag.py:2371} INFO - Sync 1 DAGs
[2022-12-16 01:56:37,446] {logging_mixin.py:115} INFO - [2022-12-16 01:56:37,446] {dag.py:2919} INFO - Setting next_dagrun for example_weekday_branch_operator to 2022-12-15T00:00:00+00:00, run_after=2022-12-16T00:00:00+00:00
[2022-12-16 01:56:37,463] {processor.py:161} INFO - Processing /home/airflow/.local/lib/python3.7/site-packages/airflow/example_dags/example_branch_day_of_week_operator.py took 0.334 seconds
[2022-12-16 01:57:07,561] {processor.py:153} INFO - Started process (PID=828) to work on /home/airflow/.local/lib/python3.7/site-packages/airflow/example_dags/example_branch_day_of_week_operator.py
[2022-12-16 01:57:07,562] {processor.py:641} INFO - Processing file /home/airflow/.local/lib/python3.7/site-packages/airflow/example_dags/example_branch_day_of_week_operator.py for tasks to queue
[2022-12-16 01:57:07,563] {logging_mixin.py:115} INFO - [2022-12-16 01:57:07,563] {dagbag.py:507} INFO - Filling up the DagBag from /home/airflow/.local/lib/python3.7/site-packages/airflow/example_dags/example_branch_day_of_week_operator.py
[2022-12-16 01:57:07,574] {processor.py:651} INFO - DAG(s) dict_keys(['example_weekday_branch_operator']) retrieved from /home/airflow/.local/lib/python3.7/site-packages/airflow/example_dags/example_branch_day_of_week_operator.py
[2022-12-16 01:57:07,607] {logging_mixin.py:115} INFO - [2022-12-16 01:57:07,606] {dag.py:2371} INFO - Sync 1 DAGs
[2022-12-16 01:57:07,778] {logging_mixin.py:115} INFO - [2022-12-16 01:57:07,778] {dag.py:2919} INFO - Setting next_dagrun for example_weekday_branch_operator to 2022-12-15T00:00:00+00:00, run_after=2022-12-16T00:00:00+00:00
[2022-12-16 01:57:07,796] {processor.py:161} INFO - Processing /home/airflow/.local/lib/python3.7/site-packages/airflow/example_dags/example_branch_day_of_week_operator.py took 0.241 seconds
[2022-12-16 01:57:37,866] {processor.py:153} INFO - Started process (PID=890) to work on /home/airflow/.local/lib/python3.7/site-packages/airflow/example_dags/example_branch_day_of_week_operator.py
[2022-12-16 01:57:37,867] {processor.py:641} INFO - Processing file /home/airflow/.local/lib/python3.7/site-packages/airflow/example_dags/example_branch_day_of_week_operator.py for tasks to queue
[2022-12-16 01:57:37,868] {logging_mixin.py:115} INFO - [2022-12-16 01:57:37,868] {dagbag.py:507} INFO - Filling up the DagBag from /home/airflow/.local/lib/python3.7/site-packages/airflow/example_dags/example_branch_day_of_week_operator.py
[2022-12-16 01:57:37,876] {processor.py:651} INFO - DAG(s) dict_keys(['example_weekday_branch_operator']) retrieved from /home/airflow/.local/lib/python3.7/site-packages/airflow/example_dags/example_branch_day_of_week_operator.py
[2022-12-16 01:57:37,909] {logging_mixin.py:115} INFO - [2022-12-16 01:57:37,909] {dag.py:2371} INFO - Sync 1 DAGs
[2022-12-16 01:57:38,099] {logging_mixin.py:115} INFO - [2022-12-16 01:57:38,099] {dag.py:2919} INFO - Setting next_dagrun for example_weekday_branch_operator to 2022-12-15T00:00:00+00:00, run_after=2022-12-16T00:00:00+00:00
[2022-12-16 01:57:38,116] {processor.py:161} INFO - Processing /home/airflow/.local/lib/python3.7/site-packages/airflow/example_dags/example_branch_day_of_week_operator.py took 0.255 seconds
[2022-12-16 01:58:59,040] {processor.py:153} INFO - Started process (PID=67) to work on /home/airflow/.local/lib/python3.7/site-packages/airflow/example_dags/example_branch_day_of_week_operator.py
[2022-12-16 01:58:59,042] {processor.py:641} INFO - Processing file /home/airflow/.local/lib/python3.7/site-packages/airflow/example_dags/example_branch_day_of_week_operator.py for tasks to queue
[2022-12-16 01:58:59,044] {logging_mixin.py:115} INFO - [2022-12-16 01:58:59,044] {dagbag.py:507} INFO - Filling up the DagBag from /home/airflow/.local/lib/python3.7/site-packages/airflow/example_dags/example_branch_day_of_week_operator.py
[2022-12-16 01:58:59,078] {processor.py:651} INFO - DAG(s) dict_keys(['example_weekday_branch_operator']) retrieved from /home/airflow/.local/lib/python3.7/site-packages/airflow/example_dags/example_branch_day_of_week_operator.py
[2022-12-16 01:58:59,145] {logging_mixin.py:115} INFO - [2022-12-16 01:58:59,145] {dag.py:2371} INFO - Sync 1 DAGs
[2022-12-16 01:58:59,210] {logging_mixin.py:115} INFO - [2022-12-16 01:58:59,210] {dag.py:2919} INFO - Setting next_dagrun for example_weekday_branch_operator to 2022-12-15T00:00:00+00:00, run_after=2022-12-16T00:00:00+00:00
[2022-12-16 01:58:59,290] {processor.py:161} INFO - Processing /home/airflow/.local/lib/python3.7/site-packages/airflow/example_dags/example_branch_day_of_week_operator.py took 0.252 seconds
[2022-12-16 01:59:44,969] {processor.py:153} INFO - Started process (PID=67) to work on /home/airflow/.local/lib/python3.7/site-packages/airflow/example_dags/example_branch_day_of_week_operator.py
[2022-12-16 01:59:44,974] {processor.py:641} INFO - Processing file /home/airflow/.local/lib/python3.7/site-packages/airflow/example_dags/example_branch_day_of_week_operator.py for tasks to queue
[2022-12-16 01:59:44,978] {logging_mixin.py:115} INFO - [2022-12-16 01:59:44,977] {dagbag.py:507} INFO - Filling up the DagBag from /home/airflow/.local/lib/python3.7/site-packages/airflow/example_dags/example_branch_day_of_week_operator.py
[2022-12-16 01:59:45,026] {processor.py:651} INFO - DAG(s) dict_keys(['example_weekday_branch_operator']) retrieved from /home/airflow/.local/lib/python3.7/site-packages/airflow/example_dags/example_branch_day_of_week_operator.py
[2022-12-16 01:59:45,152] {logging_mixin.py:115} INFO - [2022-12-16 01:59:45,152] {dag.py:2371} INFO - Sync 1 DAGs
[2022-12-16 01:59:45,297] {logging_mixin.py:115} INFO - [2022-12-16 01:59:45,297] {dag.py:2919} INFO - Setting next_dagrun for example_weekday_branch_operator to 2022-12-15T00:00:00+00:00, run_after=2022-12-16T00:00:00+00:00
[2022-12-16 01:59:45,355] {processor.py:161} INFO - Processing /home/airflow/.local/lib/python3.7/site-packages/airflow/example_dags/example_branch_day_of_week_operator.py took 0.393 seconds
[2022-12-16 02:00:16,003] {processor.py:153} INFO - Started process (PID=120) to work on /home/airflow/.local/lib/python3.7/site-packages/airflow/example_dags/example_branch_day_of_week_operator.py
[2022-12-16 02:00:16,003] {processor.py:641} INFO - Processing file /home/airflow/.local/lib/python3.7/site-packages/airflow/example_dags/example_branch_day_of_week_operator.py for tasks to queue
[2022-12-16 02:00:16,004] {logging_mixin.py:115} INFO - [2022-12-16 02:00:16,004] {dagbag.py:507} INFO - Filling up the DagBag from /home/airflow/.local/lib/python3.7/site-packages/airflow/example_dags/example_branch_day_of_week_operator.py
[2022-12-16 02:00:16,013] {processor.py:651} INFO - DAG(s) dict_keys(['example_weekday_branch_operator']) retrieved from /home/airflow/.local/lib/python3.7/site-packages/airflow/example_dags/example_branch_day_of_week_operator.py
[2022-12-16 02:00:16,037] {logging_mixin.py:115} INFO - [2022-12-16 02:00:16,037] {dag.py:2371} INFO - Sync 1 DAGs
[2022-12-16 02:00:16,059] {logging_mixin.py:115} INFO - [2022-12-16 02:00:16,059] {dag.py:2919} INFO - Setting next_dagrun for example_weekday_branch_operator to 2022-12-15T00:00:00+00:00, run_after=2022-12-16T00:00:00+00:00
[2022-12-16 02:00:16,075] {processor.py:161} INFO - Processing /home/airflow/.local/lib/python3.7/site-packages/airflow/example_dags/example_branch_day_of_week_operator.py took 0.077 seconds
[2022-12-16 02:00:46,175] {processor.py:153} INFO - Started process (PID=183) to work on /home/airflow/.local/lib/python3.7/site-packages/airflow/example_dags/example_branch_day_of_week_operator.py
[2022-12-16 02:00:46,177] {processor.py:641} INFO - Processing file /home/airflow/.local/lib/python3.7/site-packages/airflow/example_dags/example_branch_day_of_week_operator.py for tasks to queue
[2022-12-16 02:00:46,178] {logging_mixin.py:115} INFO - [2022-12-16 02:00:46,178] {dagbag.py:507} INFO - Filling up the DagBag from /home/airflow/.local/lib/python3.7/site-packages/airflow/example_dags/example_branch_day_of_week_operator.py
[2022-12-16 02:00:46,188] {processor.py:651} INFO - DAG(s) dict_keys(['example_weekday_branch_operator']) retrieved from /home/airflow/.local/lib/python3.7/site-packages/airflow/example_dags/example_branch_day_of_week_operator.py
[2022-12-16 02:00:46,215] {logging_mixin.py:115} INFO - [2022-12-16 02:00:46,215] {dag.py:2371} INFO - Sync 1 DAGs
[2022-12-16 02:00:46,239] {logging_mixin.py:115} INFO - [2022-12-16 02:00:46,239] {dag.py:2919} INFO - Setting next_dagrun for example_weekday_branch_operator to 2022-12-15T00:00:00+00:00, run_after=2022-12-16T00:00:00+00:00
[2022-12-16 02:00:46,255] {processor.py:161} INFO - Processing /home/airflow/.local/lib/python3.7/site-packages/airflow/example_dags/example_branch_day_of_week_operator.py took 0.086 seconds
[2022-12-16 02:01:16,877] {processor.py:153} INFO - Started process (PID=242) to work on /home/airflow/.local/lib/python3.7/site-packages/airflow/example_dags/example_branch_day_of_week_operator.py
[2022-12-16 02:01:16,878] {processor.py:641} INFO - Processing file /home/airflow/.local/lib/python3.7/site-packages/airflow/example_dags/example_branch_day_of_week_operator.py for tasks to queue
[2022-12-16 02:01:16,880] {logging_mixin.py:115} INFO - [2022-12-16 02:01:16,880] {dagbag.py:507} INFO - Filling up the DagBag from /home/airflow/.local/lib/python3.7/site-packages/airflow/example_dags/example_branch_day_of_week_operator.py
[2022-12-16 02:01:16,896] {processor.py:651} INFO - DAG(s) dict_keys(['example_weekday_branch_operator']) retrieved from /home/airflow/.local/lib/python3.7/site-packages/airflow/example_dags/example_branch_day_of_week_operator.py
[2022-12-16 02:01:16,934] {logging_mixin.py:115} INFO - [2022-12-16 02:01:16,934] {dag.py:2371} INFO - Sync 1 DAGs
[2022-12-16 02:01:16,967] {logging_mixin.py:115} INFO - [2022-12-16 02:01:16,967] {dag.py:2919} INFO - Setting next_dagrun for example_weekday_branch_operator to 2022-12-15T00:00:00+00:00, run_after=2022-12-16T00:00:00+00:00
[2022-12-16 02:01:16,985] {processor.py:161} INFO - Processing /home/airflow/.local/lib/python3.7/site-packages/airflow/example_dags/example_branch_day_of_week_operator.py took 0.114 seconds
[2022-12-16 02:01:47,539] {processor.py:153} INFO - Started process (PID=297) to work on /home/airflow/.local/lib/python3.7/site-packages/airflow/example_dags/example_branch_day_of_week_operator.py
[2022-12-16 02:01:47,539] {processor.py:641} INFO - Processing file /home/airflow/.local/lib/python3.7/site-packages/airflow/example_dags/example_branch_day_of_week_operator.py for tasks to queue
[2022-12-16 02:01:47,540] {logging_mixin.py:115} INFO - [2022-12-16 02:01:47,540] {dagbag.py:507} INFO - Filling up the DagBag from /home/airflow/.local/lib/python3.7/site-packages/airflow/example_dags/example_branch_day_of_week_operator.py
[2022-12-16 02:01:47,548] {processor.py:651} INFO - DAG(s) dict_keys(['example_weekday_branch_operator']) retrieved from /home/airflow/.local/lib/python3.7/site-packages/airflow/example_dags/example_branch_day_of_week_operator.py
[2022-12-16 02:01:47,574] {logging_mixin.py:115} INFO - [2022-12-16 02:01:47,574] {dag.py:2371} INFO - Sync 1 DAGs
[2022-12-16 02:01:47,597] {logging_mixin.py:115} INFO - [2022-12-16 02:01:47,597] {dag.py:2919} INFO - Setting next_dagrun for example_weekday_branch_operator to 2022-12-15T00:00:00+00:00, run_after=2022-12-16T00:00:00+00:00
[2022-12-16 02:01:47,611] {processor.py:161} INFO - Processing /home/airflow/.local/lib/python3.7/site-packages/airflow/example_dags/example_branch_day_of_week_operator.py took 0.076 seconds
[2022-12-16 02:02:18,024] {processor.py:153} INFO - Started process (PID=360) to work on /home/airflow/.local/lib/python3.7/site-packages/airflow/example_dags/example_branch_day_of_week_operator.py
[2022-12-16 02:02:18,025] {processor.py:641} INFO - Processing file /home/airflow/.local/lib/python3.7/site-packages/airflow/example_dags/example_branch_day_of_week_operator.py for tasks to queue
[2022-12-16 02:02:18,026] {logging_mixin.py:115} INFO - [2022-12-16 02:02:18,026] {dagbag.py:507} INFO - Filling up the DagBag from /home/airflow/.local/lib/python3.7/site-packages/airflow/example_dags/example_branch_day_of_week_operator.py
[2022-12-16 02:02:18,035] {processor.py:651} INFO - DAG(s) dict_keys(['example_weekday_branch_operator']) retrieved from /home/airflow/.local/lib/python3.7/site-packages/airflow/example_dags/example_branch_day_of_week_operator.py
[2022-12-16 02:02:18,064] {logging_mixin.py:115} INFO - [2022-12-16 02:02:18,064] {dag.py:2371} INFO - Sync 1 DAGs
[2022-12-16 02:02:18,086] {logging_mixin.py:115} INFO - [2022-12-16 02:02:18,086] {dag.py:2919} INFO - Setting next_dagrun for example_weekday_branch_operator to 2022-12-15T00:00:00+00:00, run_after=2022-12-16T00:00:00+00:00
[2022-12-16 02:02:18,098] {processor.py:161} INFO - Processing /home/airflow/.local/lib/python3.7/site-packages/airflow/example_dags/example_branch_day_of_week_operator.py took 0.077 seconds
[2022-12-16 02:02:48,498] {processor.py:153} INFO - Started process (PID=423) to work on /home/airflow/.local/lib/python3.7/site-packages/airflow/example_dags/example_branch_day_of_week_operator.py
[2022-12-16 02:02:48,499] {processor.py:641} INFO - Processing file /home/airflow/.local/lib/python3.7/site-packages/airflow/example_dags/example_branch_day_of_week_operator.py for tasks to queue
[2022-12-16 02:02:48,501] {logging_mixin.py:115} INFO - [2022-12-16 02:02:48,501] {dagbag.py:507} INFO - Filling up the DagBag from /home/airflow/.local/lib/python3.7/site-packages/airflow/example_dags/example_branch_day_of_week_operator.py
[2022-12-16 02:02:48,513] {processor.py:651} INFO - DAG(s) dict_keys(['example_weekday_branch_operator']) retrieved from /home/airflow/.local/lib/python3.7/site-packages/airflow/example_dags/example_branch_day_of_week_operator.py
[2022-12-16 02:02:48,543] {logging_mixin.py:115} INFO - [2022-12-16 02:02:48,543] {dag.py:2371} INFO - Sync 1 DAGs
[2022-12-16 02:02:48,569] {logging_mixin.py:115} INFO - [2022-12-16 02:02:48,569] {dag.py:2919} INFO - Setting next_dagrun for example_weekday_branch_operator to 2022-12-15T00:00:00+00:00, run_after=2022-12-16T00:00:00+00:00
[2022-12-16 02:02:48,584] {processor.py:161} INFO - Processing /home/airflow/.local/lib/python3.7/site-packages/airflow/example_dags/example_branch_day_of_week_operator.py took 0.092 seconds
[2022-12-16 02:03:18,965] {processor.py:153} INFO - Started process (PID=483) to work on /home/airflow/.local/lib/python3.7/site-packages/airflow/example_dags/example_branch_day_of_week_operator.py
[2022-12-16 02:03:18,966] {processor.py:641} INFO - Processing file /home/airflow/.local/lib/python3.7/site-packages/airflow/example_dags/example_branch_day_of_week_operator.py for tasks to queue
[2022-12-16 02:03:18,967] {logging_mixin.py:115} INFO - [2022-12-16 02:03:18,967] {dagbag.py:507} INFO - Filling up the DagBag from /home/airflow/.local/lib/python3.7/site-packages/airflow/example_dags/example_branch_day_of_week_operator.py
[2022-12-16 02:03:18,977] {processor.py:651} INFO - DAG(s) dict_keys(['example_weekday_branch_operator']) retrieved from /home/airflow/.local/lib/python3.7/site-packages/airflow/example_dags/example_branch_day_of_week_operator.py
[2022-12-16 02:03:19,003] {logging_mixin.py:115} INFO - [2022-12-16 02:03:19,003] {dag.py:2371} INFO - Sync 1 DAGs
[2022-12-16 02:03:19,025] {logging_mixin.py:115} INFO - [2022-12-16 02:03:19,025] {dag.py:2919} INFO - Setting next_dagrun for example_weekday_branch_operator to 2022-12-15T00:00:00+00:00, run_after=2022-12-16T00:00:00+00:00
[2022-12-16 02:03:19,038] {processor.py:161} INFO - Processing /home/airflow/.local/lib/python3.7/site-packages/airflow/example_dags/example_branch_day_of_week_operator.py took 0.078 seconds
[2022-12-16 02:03:49,557] {processor.py:153} INFO - Started process (PID=538) to work on /home/airflow/.local/lib/python3.7/site-packages/airflow/example_dags/example_branch_day_of_week_operator.py
[2022-12-16 02:03:49,558] {processor.py:641} INFO - Processing file /home/airflow/.local/lib/python3.7/site-packages/airflow/example_dags/example_branch_day_of_week_operator.py for tasks to queue
[2022-12-16 02:03:49,558] {logging_mixin.py:115} INFO - [2022-12-16 02:03:49,558] {dagbag.py:507} INFO - Filling up the DagBag from /home/airflow/.local/lib/python3.7/site-packages/airflow/example_dags/example_branch_day_of_week_operator.py
[2022-12-16 02:03:49,567] {processor.py:651} INFO - DAG(s) dict_keys(['example_weekday_branch_operator']) retrieved from /home/airflow/.local/lib/python3.7/site-packages/airflow/example_dags/example_branch_day_of_week_operator.py
[2022-12-16 02:03:49,595] {logging_mixin.py:115} INFO - [2022-12-16 02:03:49,595] {dag.py:2371} INFO - Sync 1 DAGs
[2022-12-16 02:03:49,639] {logging_mixin.py:115} INFO - [2022-12-16 02:03:49,639] {dag.py:2919} INFO - Setting next_dagrun for example_weekday_branch_operator to 2022-12-15T00:00:00+00:00, run_after=2022-12-16T00:00:00+00:00
[2022-12-16 02:03:49,670] {processor.py:161} INFO - Processing /home/airflow/.local/lib/python3.7/site-packages/airflow/example_dags/example_branch_day_of_week_operator.py took 0.117 seconds
[2022-12-16 02:04:19,904] {processor.py:153} INFO - Started process (PID=599) to work on /home/airflow/.local/lib/python3.7/site-packages/airflow/example_dags/example_branch_day_of_week_operator.py
[2022-12-16 02:04:19,905] {processor.py:641} INFO - Processing file /home/airflow/.local/lib/python3.7/site-packages/airflow/example_dags/example_branch_day_of_week_operator.py for tasks to queue
[2022-12-16 02:04:19,906] {logging_mixin.py:115} INFO - [2022-12-16 02:04:19,906] {dagbag.py:507} INFO - Filling up the DagBag from /home/airflow/.local/lib/python3.7/site-packages/airflow/example_dags/example_branch_day_of_week_operator.py
[2022-12-16 02:04:19,914] {processor.py:651} INFO - DAG(s) dict_keys(['example_weekday_branch_operator']) retrieved from /home/airflow/.local/lib/python3.7/site-packages/airflow/example_dags/example_branch_day_of_week_operator.py
[2022-12-16 02:04:19,939] {logging_mixin.py:115} INFO - [2022-12-16 02:04:19,939] {dag.py:2371} INFO - Sync 1 DAGs
[2022-12-16 02:04:19,962] {logging_mixin.py:115} INFO - [2022-12-16 02:04:19,962] {dag.py:2919} INFO - Setting next_dagrun for example_weekday_branch_operator to 2022-12-15T00:00:00+00:00, run_after=2022-12-16T00:00:00+00:00
[2022-12-16 02:04:19,975] {processor.py:161} INFO - Processing /home/airflow/.local/lib/python3.7/site-packages/airflow/example_dags/example_branch_day_of_week_operator.py took 0.077 seconds
[2022-12-16 02:04:50,543] {processor.py:153} INFO - Started process (PID=662) to work on /home/airflow/.local/lib/python3.7/site-packages/airflow/example_dags/example_branch_day_of_week_operator.py
[2022-12-16 02:04:50,543] {processor.py:641} INFO - Processing file /home/airflow/.local/lib/python3.7/site-packages/airflow/example_dags/example_branch_day_of_week_operator.py for tasks to queue
[2022-12-16 02:04:50,544] {logging_mixin.py:115} INFO - [2022-12-16 02:04:50,544] {dagbag.py:507} INFO - Filling up the DagBag from /home/airflow/.local/lib/python3.7/site-packages/airflow/example_dags/example_branch_day_of_week_operator.py
[2022-12-16 02:04:50,555] {processor.py:651} INFO - DAG(s) dict_keys(['example_weekday_branch_operator']) retrieved from /home/airflow/.local/lib/python3.7/site-packages/airflow/example_dags/example_branch_day_of_week_operator.py
[2022-12-16 02:04:50,581] {logging_mixin.py:115} INFO - [2022-12-16 02:04:50,581] {dag.py:2371} INFO - Sync 1 DAGs
[2022-12-16 02:04:50,607] {logging_mixin.py:115} INFO - [2022-12-16 02:04:50,607] {dag.py:2919} INFO - Setting next_dagrun for example_weekday_branch_operator to 2022-12-15T00:00:00+00:00, run_after=2022-12-16T00:00:00+00:00
[2022-12-16 02:04:50,620] {processor.py:161} INFO - Processing /home/airflow/.local/lib/python3.7/site-packages/airflow/example_dags/example_branch_day_of_week_operator.py took 0.081 seconds
[2022-12-16 02:05:21,712] {processor.py:153} INFO - Started process (PID=722) to work on /home/airflow/.local/lib/python3.7/site-packages/airflow/example_dags/example_branch_day_of_week_operator.py
[2022-12-16 02:05:21,713] {processor.py:641} INFO - Processing file /home/airflow/.local/lib/python3.7/site-packages/airflow/example_dags/example_branch_day_of_week_operator.py for tasks to queue
[2022-12-16 02:05:21,714] {logging_mixin.py:115} INFO - [2022-12-16 02:05:21,714] {dagbag.py:507} INFO - Filling up the DagBag from /home/airflow/.local/lib/python3.7/site-packages/airflow/example_dags/example_branch_day_of_week_operator.py
[2022-12-16 02:05:21,733] {processor.py:651} INFO - DAG(s) dict_keys(['example_weekday_branch_operator']) retrieved from /home/airflow/.local/lib/python3.7/site-packages/airflow/example_dags/example_branch_day_of_week_operator.py
[2022-12-16 02:05:21,782] {logging_mixin.py:115} INFO - [2022-12-16 02:05:21,781] {dag.py:2371} INFO - Sync 1 DAGs
[2022-12-16 02:05:21,845] {logging_mixin.py:115} INFO - [2022-12-16 02:05:21,845] {dag.py:2919} INFO - Setting next_dagrun for example_weekday_branch_operator to 2022-12-15T00:00:00+00:00, run_after=2022-12-16T00:00:00+00:00
[2022-12-16 02:05:21,885] {processor.py:161} INFO - Processing /home/airflow/.local/lib/python3.7/site-packages/airflow/example_dags/example_branch_day_of_week_operator.py took 0.178 seconds
[2022-12-16 02:05:52,003] {processor.py:153} INFO - Started process (PID=778) to work on /home/airflow/.local/lib/python3.7/site-packages/airflow/example_dags/example_branch_day_of_week_operator.py
[2022-12-16 02:05:52,004] {processor.py:641} INFO - Processing file /home/airflow/.local/lib/python3.7/site-packages/airflow/example_dags/example_branch_day_of_week_operator.py for tasks to queue
[2022-12-16 02:05:52,005] {logging_mixin.py:115} INFO - [2022-12-16 02:05:52,005] {dagbag.py:507} INFO - Filling up the DagBag from /home/airflow/.local/lib/python3.7/site-packages/airflow/example_dags/example_branch_day_of_week_operator.py
[2022-12-16 02:05:52,019] {processor.py:651} INFO - DAG(s) dict_keys(['example_weekday_branch_operator']) retrieved from /home/airflow/.local/lib/python3.7/site-packages/airflow/example_dags/example_branch_day_of_week_operator.py
[2022-12-16 02:05:52,054] {logging_mixin.py:115} INFO - [2022-12-16 02:05:52,054] {dag.py:2371} INFO - Sync 1 DAGs
[2022-12-16 02:05:52,099] {logging_mixin.py:115} INFO - [2022-12-16 02:05:52,099] {dag.py:2919} INFO - Setting next_dagrun for example_weekday_branch_operator to 2022-12-15T00:00:00+00:00, run_after=2022-12-16T00:00:00+00:00
[2022-12-16 02:05:52,143] {processor.py:161} INFO - Processing /home/airflow/.local/lib/python3.7/site-packages/airflow/example_dags/example_branch_day_of_week_operator.py took 0.144 seconds
[2022-12-16 02:06:22,745] {processor.py:153} INFO - Started process (PID=841) to work on /home/airflow/.local/lib/python3.7/site-packages/airflow/example_dags/example_branch_day_of_week_operator.py
[2022-12-16 02:06:22,747] {processor.py:641} INFO - Processing file /home/airflow/.local/lib/python3.7/site-packages/airflow/example_dags/example_branch_day_of_week_operator.py for tasks to queue
[2022-12-16 02:06:22,748] {logging_mixin.py:115} INFO - [2022-12-16 02:06:22,748] {dagbag.py:507} INFO - Filling up the DagBag from /home/airflow/.local/lib/python3.7/site-packages/airflow/example_dags/example_branch_day_of_week_operator.py
[2022-12-16 02:06:22,757] {processor.py:651} INFO - DAG(s) dict_keys(['example_weekday_branch_operator']) retrieved from /home/airflow/.local/lib/python3.7/site-packages/airflow/example_dags/example_branch_day_of_week_operator.py
[2022-12-16 02:06:22,783] {logging_mixin.py:115} INFO - [2022-12-16 02:06:22,783] {dag.py:2371} INFO - Sync 1 DAGs
[2022-12-16 02:06:22,807] {logging_mixin.py:115} INFO - [2022-12-16 02:06:22,807] {dag.py:2919} INFO - Setting next_dagrun for example_weekday_branch_operator to 2022-12-15T00:00:00+00:00, run_after=2022-12-16T00:00:00+00:00
[2022-12-16 02:06:22,822] {processor.py:161} INFO - Processing /home/airflow/.local/lib/python3.7/site-packages/airflow/example_dags/example_branch_day_of_week_operator.py took 0.084 seconds
[2022-12-16 02:06:53,119] {processor.py:153} INFO - Started process (PID=904) to work on /home/airflow/.local/lib/python3.7/site-packages/airflow/example_dags/example_branch_day_of_week_operator.py
[2022-12-16 02:06:53,120] {processor.py:641} INFO - Processing file /home/airflow/.local/lib/python3.7/site-packages/airflow/example_dags/example_branch_day_of_week_operator.py for tasks to queue
[2022-12-16 02:06:53,121] {logging_mixin.py:115} INFO - [2022-12-16 02:06:53,121] {dagbag.py:507} INFO - Filling up the DagBag from /home/airflow/.local/lib/python3.7/site-packages/airflow/example_dags/example_branch_day_of_week_operator.py
[2022-12-16 02:06:53,130] {processor.py:651} INFO - DAG(s) dict_keys(['example_weekday_branch_operator']) retrieved from /home/airflow/.local/lib/python3.7/site-packages/airflow/example_dags/example_branch_day_of_week_operator.py
[2022-12-16 02:06:53,158] {logging_mixin.py:115} INFO - [2022-12-16 02:06:53,157] {dag.py:2371} INFO - Sync 1 DAGs
[2022-12-16 02:06:53,183] {logging_mixin.py:115} INFO - [2022-12-16 02:06:53,183] {dag.py:2919} INFO - Setting next_dagrun for example_weekday_branch_operator to 2022-12-15T00:00:00+00:00, run_after=2022-12-16T00:00:00+00:00
[2022-12-16 02:06:53,197] {processor.py:161} INFO - Processing /home/airflow/.local/lib/python3.7/site-packages/airflow/example_dags/example_branch_day_of_week_operator.py took 0.081 seconds
[2022-12-16 02:07:23,445] {processor.py:153} INFO - Started process (PID=958) to work on /home/airflow/.local/lib/python3.7/site-packages/airflow/example_dags/example_branch_day_of_week_operator.py
[2022-12-16 02:07:23,445] {processor.py:641} INFO - Processing file /home/airflow/.local/lib/python3.7/site-packages/airflow/example_dags/example_branch_day_of_week_operator.py for tasks to queue
[2022-12-16 02:07:23,447] {logging_mixin.py:115} INFO - [2022-12-16 02:07:23,447] {dagbag.py:507} INFO - Filling up the DagBag from /home/airflow/.local/lib/python3.7/site-packages/airflow/example_dags/example_branch_day_of_week_operator.py
[2022-12-16 02:07:23,459] {processor.py:651} INFO - DAG(s) dict_keys(['example_weekday_branch_operator']) retrieved from /home/airflow/.local/lib/python3.7/site-packages/airflow/example_dags/example_branch_day_of_week_operator.py
[2022-12-16 02:07:23,493] {logging_mixin.py:115} INFO - [2022-12-16 02:07:23,492] {dag.py:2371} INFO - Sync 1 DAGs
[2022-12-16 02:07:23,527] {logging_mixin.py:115} INFO - [2022-12-16 02:07:23,526] {dag.py:2919} INFO - Setting next_dagrun for example_weekday_branch_operator to 2022-12-15T00:00:00+00:00, run_after=2022-12-16T00:00:00+00:00
[2022-12-16 02:07:23,542] {processor.py:161} INFO - Processing /home/airflow/.local/lib/python3.7/site-packages/airflow/example_dags/example_branch_day_of_week_operator.py took 0.101 seconds
[2022-12-16 02:07:53,798] {processor.py:153} INFO - Started process (PID=1021) to work on /home/airflow/.local/lib/python3.7/site-packages/airflow/example_dags/example_branch_day_of_week_operator.py
[2022-12-16 02:07:53,798] {processor.py:641} INFO - Processing file /home/airflow/.local/lib/python3.7/site-packages/airflow/example_dags/example_branch_day_of_week_operator.py for tasks to queue
[2022-12-16 02:07:53,799] {logging_mixin.py:115} INFO - [2022-12-16 02:07:53,799] {dagbag.py:507} INFO - Filling up the DagBag from /home/airflow/.local/lib/python3.7/site-packages/airflow/example_dags/example_branch_day_of_week_operator.py
[2022-12-16 02:07:53,807] {processor.py:651} INFO - DAG(s) dict_keys(['example_weekday_branch_operator']) retrieved from /home/airflow/.local/lib/python3.7/site-packages/airflow/example_dags/example_branch_day_of_week_operator.py
[2022-12-16 02:07:53,832] {logging_mixin.py:115} INFO - [2022-12-16 02:07:53,831] {dag.py:2371} INFO - Sync 1 DAGs
[2022-12-16 02:07:53,855] {logging_mixin.py:115} INFO - [2022-12-16 02:07:53,855] {dag.py:2919} INFO - Setting next_dagrun for example_weekday_branch_operator to 2022-12-15T00:00:00+00:00, run_after=2022-12-16T00:00:00+00:00
[2022-12-16 02:07:53,870] {processor.py:161} INFO - Processing /home/airflow/.local/lib/python3.7/site-packages/airflow/example_dags/example_branch_day_of_week_operator.py took 0.078 seconds
[2022-12-16 02:08:24,362] {processor.py:153} INFO - Started process (PID=1083) to work on /home/airflow/.local/lib/python3.7/site-packages/airflow/example_dags/example_branch_day_of_week_operator.py
[2022-12-16 02:08:24,363] {processor.py:641} INFO - Processing file /home/airflow/.local/lib/python3.7/site-packages/airflow/example_dags/example_branch_day_of_week_operator.py for tasks to queue
[2022-12-16 02:08:24,363] {logging_mixin.py:115} INFO - [2022-12-16 02:08:24,363] {dagbag.py:507} INFO - Filling up the DagBag from /home/airflow/.local/lib/python3.7/site-packages/airflow/example_dags/example_branch_day_of_week_operator.py
[2022-12-16 02:08:24,374] {processor.py:651} INFO - DAG(s) dict_keys(['example_weekday_branch_operator']) retrieved from /home/airflow/.local/lib/python3.7/site-packages/airflow/example_dags/example_branch_day_of_week_operator.py
[2022-12-16 02:08:24,403] {logging_mixin.py:115} INFO - [2022-12-16 02:08:24,403] {dag.py:2371} INFO - Sync 1 DAGs
[2022-12-16 02:08:24,433] {logging_mixin.py:115} INFO - [2022-12-16 02:08:24,433] {dag.py:2919} INFO - Setting next_dagrun for example_weekday_branch_operator to 2022-12-15T00:00:00+00:00, run_after=2022-12-16T00:00:00+00:00
[2022-12-16 02:08:24,447] {processor.py:161} INFO - Processing /home/airflow/.local/lib/python3.7/site-packages/airflow/example_dags/example_branch_day_of_week_operator.py took 0.089 seconds
[2022-12-16 02:08:55,279] {processor.py:153} INFO - Started process (PID=1145) to work on /home/airflow/.local/lib/python3.7/site-packages/airflow/example_dags/example_branch_day_of_week_operator.py
[2022-12-16 02:08:55,280] {processor.py:641} INFO - Processing file /home/airflow/.local/lib/python3.7/site-packages/airflow/example_dags/example_branch_day_of_week_operator.py for tasks to queue
[2022-12-16 02:08:55,282] {logging_mixin.py:115} INFO - [2022-12-16 02:08:55,282] {dagbag.py:507} INFO - Filling up the DagBag from /home/airflow/.local/lib/python3.7/site-packages/airflow/example_dags/example_branch_day_of_week_operator.py
[2022-12-16 02:08:55,296] {processor.py:651} INFO - DAG(s) dict_keys(['example_weekday_branch_operator']) retrieved from /home/airflow/.local/lib/python3.7/site-packages/airflow/example_dags/example_branch_day_of_week_operator.py
[2022-12-16 02:08:55,335] {logging_mixin.py:115} INFO - [2022-12-16 02:08:55,335] {dag.py:2371} INFO - Sync 1 DAGs
[2022-12-16 02:08:55,371] {logging_mixin.py:115} INFO - [2022-12-16 02:08:55,371] {dag.py:2919} INFO - Setting next_dagrun for example_weekday_branch_operator to 2022-12-15T00:00:00+00:00, run_after=2022-12-16T00:00:00+00:00
[2022-12-16 02:08:55,391] {processor.py:161} INFO - Processing /home/airflow/.local/lib/python3.7/site-packages/airflow/example_dags/example_branch_day_of_week_operator.py took 0.117 seconds
[2022-12-16 02:09:26,326] {processor.py:153} INFO - Started process (PID=1199) to work on /home/airflow/.local/lib/python3.7/site-packages/airflow/example_dags/example_branch_day_of_week_operator.py
[2022-12-16 02:09:26,327] {processor.py:641} INFO - Processing file /home/airflow/.local/lib/python3.7/site-packages/airflow/example_dags/example_branch_day_of_week_operator.py for tasks to queue
[2022-12-16 02:09:26,328] {logging_mixin.py:115} INFO - [2022-12-16 02:09:26,328] {dagbag.py:507} INFO - Filling up the DagBag from /home/airflow/.local/lib/python3.7/site-packages/airflow/example_dags/example_branch_day_of_week_operator.py
[2022-12-16 02:09:26,339] {processor.py:651} INFO - DAG(s) dict_keys(['example_weekday_branch_operator']) retrieved from /home/airflow/.local/lib/python3.7/site-packages/airflow/example_dags/example_branch_day_of_week_operator.py
[2022-12-16 02:09:26,367] {logging_mixin.py:115} INFO - [2022-12-16 02:09:26,366] {dag.py:2371} INFO - Sync 1 DAGs
[2022-12-16 02:09:26,389] {logging_mixin.py:115} INFO - [2022-12-16 02:09:26,389] {dag.py:2919} INFO - Setting next_dagrun for example_weekday_branch_operator to 2022-12-15T00:00:00+00:00, run_after=2022-12-16T00:00:00+00:00
[2022-12-16 02:09:26,403] {processor.py:161} INFO - Processing /home/airflow/.local/lib/python3.7/site-packages/airflow/example_dags/example_branch_day_of_week_operator.py took 0.082 seconds
[2022-12-16 02:09:56,735] {processor.py:153} INFO - Started process (PID=1261) to work on /home/airflow/.local/lib/python3.7/site-packages/airflow/example_dags/example_branch_day_of_week_operator.py
[2022-12-16 02:09:56,736] {processor.py:641} INFO - Processing file /home/airflow/.local/lib/python3.7/site-packages/airflow/example_dags/example_branch_day_of_week_operator.py for tasks to queue
[2022-12-16 02:09:56,737] {logging_mixin.py:115} INFO - [2022-12-16 02:09:56,737] {dagbag.py:507} INFO - Filling up the DagBag from /home/airflow/.local/lib/python3.7/site-packages/airflow/example_dags/example_branch_day_of_week_operator.py
[2022-12-16 02:09:56,756] {processor.py:651} INFO - DAG(s) dict_keys(['example_weekday_branch_operator']) retrieved from /home/airflow/.local/lib/python3.7/site-packages/airflow/example_dags/example_branch_day_of_week_operator.py
[2022-12-16 02:09:56,786] {logging_mixin.py:115} INFO - [2022-12-16 02:09:56,786] {dag.py:2371} INFO - Sync 1 DAGs
[2022-12-16 02:09:56,810] {logging_mixin.py:115} INFO - [2022-12-16 02:09:56,809] {dag.py:2919} INFO - Setting next_dagrun for example_weekday_branch_operator to 2022-12-15T00:00:00+00:00, run_after=2022-12-16T00:00:00+00:00
[2022-12-16 02:09:56,822] {processor.py:161} INFO - Processing /home/airflow/.local/lib/python3.7/site-packages/airflow/example_dags/example_branch_day_of_week_operator.py took 0.091 seconds
[2022-12-16 02:10:27,256] {processor.py:153} INFO - Started process (PID=1323) to work on /home/airflow/.local/lib/python3.7/site-packages/airflow/example_dags/example_branch_day_of_week_operator.py
[2022-12-16 02:10:27,256] {processor.py:641} INFO - Processing file /home/airflow/.local/lib/python3.7/site-packages/airflow/example_dags/example_branch_day_of_week_operator.py for tasks to queue
[2022-12-16 02:10:27,258] {logging_mixin.py:115} INFO - [2022-12-16 02:10:27,257] {dagbag.py:507} INFO - Filling up the DagBag from /home/airflow/.local/lib/python3.7/site-packages/airflow/example_dags/example_branch_day_of_week_operator.py
[2022-12-16 02:10:27,268] {processor.py:651} INFO - DAG(s) dict_keys(['example_weekday_branch_operator']) retrieved from /home/airflow/.local/lib/python3.7/site-packages/airflow/example_dags/example_branch_day_of_week_operator.py
[2022-12-16 02:10:27,301] {logging_mixin.py:115} INFO - [2022-12-16 02:10:27,301] {dag.py:2371} INFO - Sync 1 DAGs
[2022-12-16 02:10:27,334] {logging_mixin.py:115} INFO - [2022-12-16 02:10:27,334] {dag.py:2919} INFO - Setting next_dagrun for example_weekday_branch_operator to 2022-12-15T00:00:00+00:00, run_after=2022-12-16T00:00:00+00:00
[2022-12-16 02:10:27,349] {processor.py:161} INFO - Processing /home/airflow/.local/lib/python3.7/site-packages/airflow/example_dags/example_branch_day_of_week_operator.py took 0.097 seconds
[2022-12-16 02:10:57,528] {processor.py:153} INFO - Started process (PID=1376) to work on /home/airflow/.local/lib/python3.7/site-packages/airflow/example_dags/example_branch_day_of_week_operator.py
[2022-12-16 02:10:57,528] {processor.py:641} INFO - Processing file /home/airflow/.local/lib/python3.7/site-packages/airflow/example_dags/example_branch_day_of_week_operator.py for tasks to queue
[2022-12-16 02:10:57,530] {logging_mixin.py:115} INFO - [2022-12-16 02:10:57,529] {dagbag.py:507} INFO - Filling up the DagBag from /home/airflow/.local/lib/python3.7/site-packages/airflow/example_dags/example_branch_day_of_week_operator.py
[2022-12-16 02:10:57,541] {processor.py:651} INFO - DAG(s) dict_keys(['example_weekday_branch_operator']) retrieved from /home/airflow/.local/lib/python3.7/site-packages/airflow/example_dags/example_branch_day_of_week_operator.py
[2022-12-16 02:10:57,569] {logging_mixin.py:115} INFO - [2022-12-16 02:10:57,569] {dag.py:2371} INFO - Sync 1 DAGs
[2022-12-16 02:10:57,590] {logging_mixin.py:115} INFO - [2022-12-16 02:10:57,590] {dag.py:2919} INFO - Setting next_dagrun for example_weekday_branch_operator to 2022-12-15T00:00:00+00:00, run_after=2022-12-16T00:00:00+00:00
[2022-12-16 02:10:57,602] {processor.py:161} INFO - Processing /home/airflow/.local/lib/python3.7/site-packages/airflow/example_dags/example_branch_day_of_week_operator.py took 0.078 seconds
[2022-12-16 02:11:27,858] {processor.py:153} INFO - Started process (PID=1438) to work on /home/airflow/.local/lib/python3.7/site-packages/airflow/example_dags/example_branch_day_of_week_operator.py
[2022-12-16 02:11:27,859] {processor.py:641} INFO - Processing file /home/airflow/.local/lib/python3.7/site-packages/airflow/example_dags/example_branch_day_of_week_operator.py for tasks to queue
[2022-12-16 02:11:27,860] {logging_mixin.py:115} INFO - [2022-12-16 02:11:27,860] {dagbag.py:507} INFO - Filling up the DagBag from /home/airflow/.local/lib/python3.7/site-packages/airflow/example_dags/example_branch_day_of_week_operator.py
[2022-12-16 02:11:27,871] {processor.py:651} INFO - DAG(s) dict_keys(['example_weekday_branch_operator']) retrieved from /home/airflow/.local/lib/python3.7/site-packages/airflow/example_dags/example_branch_day_of_week_operator.py
[2022-12-16 02:11:27,902] {logging_mixin.py:115} INFO - [2022-12-16 02:11:27,902] {dag.py:2371} INFO - Sync 1 DAGs
[2022-12-16 02:11:27,927] {logging_mixin.py:115} INFO - [2022-12-16 02:11:27,927] {dag.py:2919} INFO - Setting next_dagrun for example_weekday_branch_operator to 2022-12-15T00:00:00+00:00, run_after=2022-12-16T00:00:00+00:00
[2022-12-16 02:11:27,942] {processor.py:161} INFO - Processing /home/airflow/.local/lib/python3.7/site-packages/airflow/example_dags/example_branch_day_of_week_operator.py took 0.091 seconds
[2022-12-16 02:11:58,055] {processor.py:153} INFO - Started process (PID=1500) to work on /home/airflow/.local/lib/python3.7/site-packages/airflow/example_dags/example_branch_day_of_week_operator.py
[2022-12-16 02:11:58,056] {processor.py:641} INFO - Processing file /home/airflow/.local/lib/python3.7/site-packages/airflow/example_dags/example_branch_day_of_week_operator.py for tasks to queue
[2022-12-16 02:11:58,057] {logging_mixin.py:115} INFO - [2022-12-16 02:11:58,057] {dagbag.py:507} INFO - Filling up the DagBag from /home/airflow/.local/lib/python3.7/site-packages/airflow/example_dags/example_branch_day_of_week_operator.py
[2022-12-16 02:11:58,067] {processor.py:651} INFO - DAG(s) dict_keys(['example_weekday_branch_operator']) retrieved from /home/airflow/.local/lib/python3.7/site-packages/airflow/example_dags/example_branch_day_of_week_operator.py
[2022-12-16 02:11:58,094] {logging_mixin.py:115} INFO - [2022-12-16 02:11:58,094] {dag.py:2371} INFO - Sync 1 DAGs
[2022-12-16 02:11:58,121] {logging_mixin.py:115} INFO - [2022-12-16 02:11:58,121] {dag.py:2919} INFO - Setting next_dagrun for example_weekday_branch_operator to 2022-12-15T00:00:00+00:00, run_after=2022-12-16T00:00:00+00:00
[2022-12-16 02:11:58,137] {processor.py:161} INFO - Processing /home/airflow/.local/lib/python3.7/site-packages/airflow/example_dags/example_branch_day_of_week_operator.py took 0.086 seconds
[2022-12-16 02:12:28,226] {processor.py:153} INFO - Started process (PID=1563) to work on /home/airflow/.local/lib/python3.7/site-packages/airflow/example_dags/example_branch_day_of_week_operator.py
[2022-12-16 02:12:28,227] {processor.py:641} INFO - Processing file /home/airflow/.local/lib/python3.7/site-packages/airflow/example_dags/example_branch_day_of_week_operator.py for tasks to queue
[2022-12-16 02:12:28,229] {logging_mixin.py:115} INFO - [2022-12-16 02:12:28,229] {dagbag.py:507} INFO - Filling up the DagBag from /home/airflow/.local/lib/python3.7/site-packages/airflow/example_dags/example_branch_day_of_week_operator.py
[2022-12-16 02:12:28,240] {processor.py:651} INFO - DAG(s) dict_keys(['example_weekday_branch_operator']) retrieved from /home/airflow/.local/lib/python3.7/site-packages/airflow/example_dags/example_branch_day_of_week_operator.py
[2022-12-16 02:12:28,269] {logging_mixin.py:115} INFO - [2022-12-16 02:12:28,269] {dag.py:2371} INFO - Sync 1 DAGs
[2022-12-16 02:12:28,293] {logging_mixin.py:115} INFO - [2022-12-16 02:12:28,293] {dag.py:2919} INFO - Setting next_dagrun for example_weekday_branch_operator to 2022-12-15T00:00:00+00:00, run_after=2022-12-16T00:00:00+00:00
[2022-12-16 02:12:28,306] {processor.py:161} INFO - Processing /home/airflow/.local/lib/python3.7/site-packages/airflow/example_dags/example_branch_day_of_week_operator.py took 0.085 seconds
[2022-12-16 02:12:58,767] {processor.py:153} INFO - Started process (PID=1615) to work on /home/airflow/.local/lib/python3.7/site-packages/airflow/example_dags/example_branch_day_of_week_operator.py
[2022-12-16 02:12:58,768] {processor.py:641} INFO - Processing file /home/airflow/.local/lib/python3.7/site-packages/airflow/example_dags/example_branch_day_of_week_operator.py for tasks to queue
[2022-12-16 02:12:58,770] {logging_mixin.py:115} INFO - [2022-12-16 02:12:58,769] {dagbag.py:507} INFO - Filling up the DagBag from /home/airflow/.local/lib/python3.7/site-packages/airflow/example_dags/example_branch_day_of_week_operator.py
[2022-12-16 02:12:58,782] {processor.py:651} INFO - DAG(s) dict_keys(['example_weekday_branch_operator']) retrieved from /home/airflow/.local/lib/python3.7/site-packages/airflow/example_dags/example_branch_day_of_week_operator.py
[2022-12-16 02:12:58,818] {logging_mixin.py:115} INFO - [2022-12-16 02:12:58,818] {dag.py:2371} INFO - Sync 1 DAGs
[2022-12-16 02:12:58,844] {logging_mixin.py:115} INFO - [2022-12-16 02:12:58,844] {dag.py:2919} INFO - Setting next_dagrun for example_weekday_branch_operator to 2022-12-15T00:00:00+00:00, run_after=2022-12-16T00:00:00+00:00
[2022-12-16 02:12:58,860] {processor.py:161} INFO - Processing /home/airflow/.local/lib/python3.7/site-packages/airflow/example_dags/example_branch_day_of_week_operator.py took 0.096 seconds
