[2022-12-16 01:50:28,493] {processor.py:153} INFO - Started process (PID=75) to work on /home/airflow/.local/lib/python3.7/site-packages/airflow/example_dags/example_branch_operator_decorator.py
[2022-12-16 01:50:28,496] {processor.py:641} INFO - Processing file /home/airflow/.local/lib/python3.7/site-packages/airflow/example_dags/example_branch_operator_decorator.py for tasks to queue
[2022-12-16 01:50:28,500] {logging_mixin.py:115} INFO - [2022-12-16 01:50:28,500] {dagbag.py:507} INFO - Filling up the DagBag from /home/airflow/.local/lib/python3.7/site-packages/airflow/example_dags/example_branch_operator_decorator.py
[2022-12-16 01:50:28,586] {processor.py:651} INFO - DAG(s) dict_keys(['example_branch_python_operator_decorator']) retrieved from /home/airflow/.local/lib/python3.7/site-packages/airflow/example_dags/example_branch_operator_decorator.py
[2022-12-16 01:50:31,493] {logging_mixin.py:115} INFO - [2022-12-16 01:50:31,493] {manager.py:508} INFO - Created Permission View: can edit on DAG:example_branch_python_operator_decorator
[2022-12-16 01:50:31,524] {logging_mixin.py:115} INFO - [2022-12-16 01:50:31,524] {manager.py:508} INFO - Created Permission View: can delete on DAG:example_branch_python_operator_decorator
[2022-12-16 01:50:31,541] {logging_mixin.py:115} INFO - [2022-12-16 01:50:31,541] {manager.py:508} INFO - Created Permission View: can read on DAG:example_branch_python_operator_decorator
[2022-12-16 01:50:31,541] {logging_mixin.py:115} INFO - [2022-12-16 01:50:31,541] {dag.py:2371} INFO - Sync 1 DAGs
[2022-12-16 01:50:31,549] {logging_mixin.py:115} INFO - [2022-12-16 01:50:31,549] {dag.py:2390} INFO - Creating ORM DAG for example_branch_python_operator_decorator
[2022-12-16 01:50:31,563] {logging_mixin.py:115} INFO - [2022-12-16 01:50:31,563] {dag.py:2919} INFO - Setting next_dagrun for example_branch_python_operator_decorator to 2022-12-15T00:00:00+00:00, run_after=2022-12-16T00:00:00+00:00
[2022-12-16 01:50:31,580] {processor.py:161} INFO - Processing /home/airflow/.local/lib/python3.7/site-packages/airflow/example_dags/example_branch_operator_decorator.py took 3.099 seconds
[2022-12-16 01:51:01,965] {processor.py:153} INFO - Started process (PID=130) to work on /home/airflow/.local/lib/python3.7/site-packages/airflow/example_dags/example_branch_operator_decorator.py
[2022-12-16 01:51:01,966] {processor.py:641} INFO - Processing file /home/airflow/.local/lib/python3.7/site-packages/airflow/example_dags/example_branch_operator_decorator.py for tasks to queue
[2022-12-16 01:51:01,966] {logging_mixin.py:115} INFO - [2022-12-16 01:51:01,966] {dagbag.py:507} INFO - Filling up the DagBag from /home/airflow/.local/lib/python3.7/site-packages/airflow/example_dags/example_branch_operator_decorator.py
[2022-12-16 01:51:01,985] {processor.py:651} INFO - DAG(s) dict_keys(['example_branch_python_operator_decorator']) retrieved from /home/airflow/.local/lib/python3.7/site-packages/airflow/example_dags/example_branch_operator_decorator.py
[2022-12-16 01:51:02,032] {logging_mixin.py:115} INFO - [2022-12-16 01:51:02,032] {dag.py:2371} INFO - Sync 1 DAGs
[2022-12-16 01:51:02,210] {logging_mixin.py:115} INFO - [2022-12-16 01:51:02,210] {dag.py:2919} INFO - Setting next_dagrun for example_branch_python_operator_decorator to 2022-12-15T00:00:00+00:00, run_after=2022-12-16T00:00:00+00:00
[2022-12-16 01:51:02,228] {processor.py:161} INFO - Processing /home/airflow/.local/lib/python3.7/site-packages/airflow/example_dags/example_branch_operator_decorator.py took 0.267 seconds
[2022-12-16 01:51:32,892] {processor.py:153} INFO - Started process (PID=192) to work on /home/airflow/.local/lib/python3.7/site-packages/airflow/example_dags/example_branch_operator_decorator.py
[2022-12-16 01:51:32,893] {processor.py:641} INFO - Processing file /home/airflow/.local/lib/python3.7/site-packages/airflow/example_dags/example_branch_operator_decorator.py for tasks to queue
[2022-12-16 01:51:32,894] {logging_mixin.py:115} INFO - [2022-12-16 01:51:32,894] {dagbag.py:507} INFO - Filling up the DagBag from /home/airflow/.local/lib/python3.7/site-packages/airflow/example_dags/example_branch_operator_decorator.py
[2022-12-16 01:51:32,919] {processor.py:651} INFO - DAG(s) dict_keys(['example_branch_python_operator_decorator']) retrieved from /home/airflow/.local/lib/python3.7/site-packages/airflow/example_dags/example_branch_operator_decorator.py
[2022-12-16 01:51:32,981] {logging_mixin.py:115} INFO - [2022-12-16 01:51:32,981] {dag.py:2371} INFO - Sync 1 DAGs
[2022-12-16 01:51:33,306] {logging_mixin.py:115} INFO - [2022-12-16 01:51:33,305] {dag.py:2919} INFO - Setting next_dagrun for example_branch_python_operator_decorator to 2022-12-15T00:00:00+00:00, run_after=2022-12-16T00:00:00+00:00
[2022-12-16 01:51:33,315] {processor.py:161} INFO - Processing /home/airflow/.local/lib/python3.7/site-packages/airflow/example_dags/example_branch_operator_decorator.py took 0.429 seconds
[2022-12-16 01:52:03,427] {processor.py:153} INFO - Started process (PID=254) to work on /home/airflow/.local/lib/python3.7/site-packages/airflow/example_dags/example_branch_operator_decorator.py
[2022-12-16 01:52:03,428] {processor.py:641} INFO - Processing file /home/airflow/.local/lib/python3.7/site-packages/airflow/example_dags/example_branch_operator_decorator.py for tasks to queue
[2022-12-16 01:52:03,429] {logging_mixin.py:115} INFO - [2022-12-16 01:52:03,429] {dagbag.py:507} INFO - Filling up the DagBag from /home/airflow/.local/lib/python3.7/site-packages/airflow/example_dags/example_branch_operator_decorator.py
[2022-12-16 01:52:03,462] {processor.py:651} INFO - DAG(s) dict_keys(['example_branch_python_operator_decorator']) retrieved from /home/airflow/.local/lib/python3.7/site-packages/airflow/example_dags/example_branch_operator_decorator.py
[2022-12-16 01:52:03,517] {logging_mixin.py:115} INFO - [2022-12-16 01:52:03,517] {dag.py:2371} INFO - Sync 1 DAGs
[2022-12-16 01:52:03,731] {logging_mixin.py:115} INFO - [2022-12-16 01:52:03,731] {dag.py:2919} INFO - Setting next_dagrun for example_branch_python_operator_decorator to 2022-12-15T00:00:00+00:00, run_after=2022-12-16T00:00:00+00:00
[2022-12-16 01:52:03,747] {processor.py:161} INFO - Processing /home/airflow/.local/lib/python3.7/site-packages/airflow/example_dags/example_branch_operator_decorator.py took 0.326 seconds
[2022-12-16 01:52:34,032] {processor.py:153} INFO - Started process (PID=306) to work on /home/airflow/.local/lib/python3.7/site-packages/airflow/example_dags/example_branch_operator_decorator.py
[2022-12-16 01:52:34,033] {processor.py:641} INFO - Processing file /home/airflow/.local/lib/python3.7/site-packages/airflow/example_dags/example_branch_operator_decorator.py for tasks to queue
[2022-12-16 01:52:34,035] {logging_mixin.py:115} INFO - [2022-12-16 01:52:34,035] {dagbag.py:507} INFO - Filling up the DagBag from /home/airflow/.local/lib/python3.7/site-packages/airflow/example_dags/example_branch_operator_decorator.py
[2022-12-16 01:52:34,062] {processor.py:651} INFO - DAG(s) dict_keys(['example_branch_python_operator_decorator']) retrieved from /home/airflow/.local/lib/python3.7/site-packages/airflow/example_dags/example_branch_operator_decorator.py
[2022-12-16 01:52:34,340] {logging_mixin.py:115} INFO - [2022-12-16 01:52:34,340] {dag.py:2371} INFO - Sync 1 DAGs
[2022-12-16 01:52:34,349] {logging_mixin.py:115} INFO - [2022-12-16 01:52:34,348] {dag.py:2390} INFO - Creating ORM DAG for example_branch_python_operator_decorator
[2022-12-16 01:52:34,364] {logging_mixin.py:115} INFO - [2022-12-16 01:52:34,364] {dag.py:2919} INFO - Setting next_dagrun for example_branch_python_operator_decorator to 2022-12-15T00:00:00+00:00, run_after=2022-12-16T00:00:00+00:00
[2022-12-16 01:52:34,383] {processor.py:161} INFO - Processing /home/airflow/.local/lib/python3.7/site-packages/airflow/example_dags/example_branch_operator_decorator.py took 0.357 seconds
[2022-12-16 01:53:04,453] {processor.py:153} INFO - Started process (PID=366) to work on /home/airflow/.local/lib/python3.7/site-packages/airflow/example_dags/example_branch_operator_decorator.py
[2022-12-16 01:53:04,454] {processor.py:641} INFO - Processing file /home/airflow/.local/lib/python3.7/site-packages/airflow/example_dags/example_branch_operator_decorator.py for tasks to queue
[2022-12-16 01:53:04,455] {logging_mixin.py:115} INFO - [2022-12-16 01:53:04,455] {dagbag.py:507} INFO - Filling up the DagBag from /home/airflow/.local/lib/python3.7/site-packages/airflow/example_dags/example_branch_operator_decorator.py
[2022-12-16 01:53:04,474] {processor.py:651} INFO - DAG(s) dict_keys(['example_branch_python_operator_decorator']) retrieved from /home/airflow/.local/lib/python3.7/site-packages/airflow/example_dags/example_branch_operator_decorator.py
[2022-12-16 01:53:04,505] {logging_mixin.py:115} INFO - [2022-12-16 01:53:04,505] {dag.py:2371} INFO - Sync 1 DAGs
[2022-12-16 01:53:04,703] {logging_mixin.py:115} INFO - [2022-12-16 01:53:04,703] {dag.py:2919} INFO - Setting next_dagrun for example_branch_python_operator_decorator to 2022-12-15T00:00:00+00:00, run_after=2022-12-16T00:00:00+00:00
[2022-12-16 01:53:04,720] {processor.py:161} INFO - Processing /home/airflow/.local/lib/python3.7/site-packages/airflow/example_dags/example_branch_operator_decorator.py took 0.271 seconds
[2022-12-16 01:53:34,984] {processor.py:153} INFO - Started process (PID=427) to work on /home/airflow/.local/lib/python3.7/site-packages/airflow/example_dags/example_branch_operator_decorator.py
[2022-12-16 01:53:34,985] {processor.py:641} INFO - Processing file /home/airflow/.local/lib/python3.7/site-packages/airflow/example_dags/example_branch_operator_decorator.py for tasks to queue
[2022-12-16 01:53:34,986] {logging_mixin.py:115} INFO - [2022-12-16 01:53:34,986] {dagbag.py:507} INFO - Filling up the DagBag from /home/airflow/.local/lib/python3.7/site-packages/airflow/example_dags/example_branch_operator_decorator.py
[2022-12-16 01:53:35,020] {processor.py:651} INFO - DAG(s) dict_keys(['example_branch_python_operator_decorator']) retrieved from /home/airflow/.local/lib/python3.7/site-packages/airflow/example_dags/example_branch_operator_decorator.py
[2022-12-16 01:53:35,077] {logging_mixin.py:115} INFO - [2022-12-16 01:53:35,076] {dag.py:2371} INFO - Sync 1 DAGs
[2022-12-16 01:53:35,376] {logging_mixin.py:115} INFO - [2022-12-16 01:53:35,376] {dag.py:2919} INFO - Setting next_dagrun for example_branch_python_operator_decorator to 2022-12-15T00:00:00+00:00, run_after=2022-12-16T00:00:00+00:00
[2022-12-16 01:53:35,406] {processor.py:161} INFO - Processing /home/airflow/.local/lib/python3.7/site-packages/airflow/example_dags/example_branch_operator_decorator.py took 0.427 seconds
[2022-12-16 01:54:06,056] {processor.py:153} INFO - Started process (PID=479) to work on /home/airflow/.local/lib/python3.7/site-packages/airflow/example_dags/example_branch_operator_decorator.py
[2022-12-16 01:54:06,057] {processor.py:641} INFO - Processing file /home/airflow/.local/lib/python3.7/site-packages/airflow/example_dags/example_branch_operator_decorator.py for tasks to queue
[2022-12-16 01:54:06,058] {logging_mixin.py:115} INFO - [2022-12-16 01:54:06,058] {dagbag.py:507} INFO - Filling up the DagBag from /home/airflow/.local/lib/python3.7/site-packages/airflow/example_dags/example_branch_operator_decorator.py
[2022-12-16 01:54:06,091] {processor.py:651} INFO - DAG(s) dict_keys(['example_branch_python_operator_decorator']) retrieved from /home/airflow/.local/lib/python3.7/site-packages/airflow/example_dags/example_branch_operator_decorator.py
[2022-12-16 01:54:06,161] {logging_mixin.py:115} INFO - [2022-12-16 01:54:06,161] {dag.py:2371} INFO - Sync 1 DAGs
[2022-12-16 01:54:06,401] {logging_mixin.py:115} INFO - [2022-12-16 01:54:06,401] {dag.py:2919} INFO - Setting next_dagrun for example_branch_python_operator_decorator to 2022-12-15T00:00:00+00:00, run_after=2022-12-16T00:00:00+00:00
[2022-12-16 01:54:06,420] {processor.py:161} INFO - Processing /home/airflow/.local/lib/python3.7/site-packages/airflow/example_dags/example_branch_operator_decorator.py took 0.370 seconds
[2022-12-16 01:54:36,493] {processor.py:153} INFO - Started process (PID=539) to work on /home/airflow/.local/lib/python3.7/site-packages/airflow/example_dags/example_branch_operator_decorator.py
[2022-12-16 01:54:36,494] {processor.py:641} INFO - Processing file /home/airflow/.local/lib/python3.7/site-packages/airflow/example_dags/example_branch_operator_decorator.py for tasks to queue
[2022-12-16 01:54:36,495] {logging_mixin.py:115} INFO - [2022-12-16 01:54:36,495] {dagbag.py:507} INFO - Filling up the DagBag from /home/airflow/.local/lib/python3.7/site-packages/airflow/example_dags/example_branch_operator_decorator.py
[2022-12-16 01:54:36,516] {processor.py:651} INFO - DAG(s) dict_keys(['example_branch_python_operator_decorator']) retrieved from /home/airflow/.local/lib/python3.7/site-packages/airflow/example_dags/example_branch_operator_decorator.py
[2022-12-16 01:54:36,547] {logging_mixin.py:115} INFO - [2022-12-16 01:54:36,547] {dag.py:2371} INFO - Sync 1 DAGs
[2022-12-16 01:54:36,721] {logging_mixin.py:115} INFO - [2022-12-16 01:54:36,721] {dag.py:2919} INFO - Setting next_dagrun for example_branch_python_operator_decorator to 2022-12-15T00:00:00+00:00, run_after=2022-12-16T00:00:00+00:00
[2022-12-16 01:54:36,738] {processor.py:161} INFO - Processing /home/airflow/.local/lib/python3.7/site-packages/airflow/example_dags/example_branch_operator_decorator.py took 0.248 seconds
[2022-12-16 01:55:06,794] {processor.py:153} INFO - Started process (PID=599) to work on /home/airflow/.local/lib/python3.7/site-packages/airflow/example_dags/example_branch_operator_decorator.py
[2022-12-16 01:55:06,794] {processor.py:641} INFO - Processing file /home/airflow/.local/lib/python3.7/site-packages/airflow/example_dags/example_branch_operator_decorator.py for tasks to queue
[2022-12-16 01:55:06,795] {logging_mixin.py:115} INFO - [2022-12-16 01:55:06,795] {dagbag.py:507} INFO - Filling up the DagBag from /home/airflow/.local/lib/python3.7/site-packages/airflow/example_dags/example_branch_operator_decorator.py
[2022-12-16 01:55:06,815] {processor.py:651} INFO - DAG(s) dict_keys(['example_branch_python_operator_decorator']) retrieved from /home/airflow/.local/lib/python3.7/site-packages/airflow/example_dags/example_branch_operator_decorator.py
[2022-12-16 01:55:06,848] {logging_mixin.py:115} INFO - [2022-12-16 01:55:06,848] {dag.py:2371} INFO - Sync 1 DAGs
[2022-12-16 01:55:07,025] {logging_mixin.py:115} INFO - [2022-12-16 01:55:07,025] {dag.py:2919} INFO - Setting next_dagrun for example_branch_python_operator_decorator to 2022-12-15T00:00:00+00:00, run_after=2022-12-16T00:00:00+00:00
[2022-12-16 01:55:07,039] {processor.py:161} INFO - Processing /home/airflow/.local/lib/python3.7/site-packages/airflow/example_dags/example_branch_operator_decorator.py took 0.249 seconds
[2022-12-16 01:55:37,487] {processor.py:153} INFO - Started process (PID=653) to work on /home/airflow/.local/lib/python3.7/site-packages/airflow/example_dags/example_branch_operator_decorator.py
[2022-12-16 01:55:37,488] {processor.py:641} INFO - Processing file /home/airflow/.local/lib/python3.7/site-packages/airflow/example_dags/example_branch_operator_decorator.py for tasks to queue
[2022-12-16 01:55:37,489] {logging_mixin.py:115} INFO - [2022-12-16 01:55:37,489] {dagbag.py:507} INFO - Filling up the DagBag from /home/airflow/.local/lib/python3.7/site-packages/airflow/example_dags/example_branch_operator_decorator.py
[2022-12-16 01:55:37,513] {processor.py:651} INFO - DAG(s) dict_keys(['example_branch_python_operator_decorator']) retrieved from /home/airflow/.local/lib/python3.7/site-packages/airflow/example_dags/example_branch_operator_decorator.py
[2022-12-16 01:55:37,702] {logging_mixin.py:115} INFO - [2022-12-16 01:55:37,702] {dag.py:2371} INFO - Sync 1 DAGs
[2022-12-16 01:55:37,721] {logging_mixin.py:115} INFO - [2022-12-16 01:55:37,721] {dag.py:2919} INFO - Setting next_dagrun for example_branch_python_operator_decorator to 2022-12-15T00:00:00+00:00, run_after=2022-12-16T00:00:00+00:00
[2022-12-16 01:55:37,736] {processor.py:161} INFO - Processing /home/airflow/.local/lib/python3.7/site-packages/airflow/example_dags/example_branch_operator_decorator.py took 0.256 seconds
[2022-12-16 01:56:08,185] {processor.py:153} INFO - Started process (PID=714) to work on /home/airflow/.local/lib/python3.7/site-packages/airflow/example_dags/example_branch_operator_decorator.py
[2022-12-16 01:56:08,186] {processor.py:641} INFO - Processing file /home/airflow/.local/lib/python3.7/site-packages/airflow/example_dags/example_branch_operator_decorator.py for tasks to queue
[2022-12-16 01:56:08,186] {logging_mixin.py:115} INFO - [2022-12-16 01:56:08,186] {dagbag.py:507} INFO - Filling up the DagBag from /home/airflow/.local/lib/python3.7/site-packages/airflow/example_dags/example_branch_operator_decorator.py
[2022-12-16 01:56:08,215] {processor.py:651} INFO - DAG(s) dict_keys(['example_branch_python_operator_decorator']) retrieved from /home/airflow/.local/lib/python3.7/site-packages/airflow/example_dags/example_branch_operator_decorator.py
[2022-12-16 01:56:08,442] {logging_mixin.py:115} INFO - [2022-12-16 01:56:08,441] {dag.py:2371} INFO - Sync 1 DAGs
[2022-12-16 01:56:08,467] {logging_mixin.py:115} INFO - [2022-12-16 01:56:08,467] {dag.py:2919} INFO - Setting next_dagrun for example_branch_python_operator_decorator to 2022-12-15T00:00:00+00:00, run_after=2022-12-16T00:00:00+00:00
[2022-12-16 01:56:08,493] {processor.py:161} INFO - Processing /home/airflow/.local/lib/python3.7/site-packages/airflow/example_dags/example_branch_operator_decorator.py took 0.312 seconds
[2022-12-16 01:56:39,523] {processor.py:153} INFO - Started process (PID=777) to work on /home/airflow/.local/lib/python3.7/site-packages/airflow/example_dags/example_branch_operator_decorator.py
[2022-12-16 01:56:39,524] {processor.py:641} INFO - Processing file /home/airflow/.local/lib/python3.7/site-packages/airflow/example_dags/example_branch_operator_decorator.py for tasks to queue
[2022-12-16 01:56:39,524] {logging_mixin.py:115} INFO - [2022-12-16 01:56:39,524] {dagbag.py:507} INFO - Filling up the DagBag from /home/airflow/.local/lib/python3.7/site-packages/airflow/example_dags/example_branch_operator_decorator.py
[2022-12-16 01:56:39,549] {processor.py:651} INFO - DAG(s) dict_keys(['example_branch_python_operator_decorator']) retrieved from /home/airflow/.local/lib/python3.7/site-packages/airflow/example_dags/example_branch_operator_decorator.py
[2022-12-16 01:56:39,718] {logging_mixin.py:115} INFO - [2022-12-16 01:56:39,718] {dag.py:2371} INFO - Sync 1 DAGs
[2022-12-16 01:56:39,736] {logging_mixin.py:115} INFO - [2022-12-16 01:56:39,736] {dag.py:2919} INFO - Setting next_dagrun for example_branch_python_operator_decorator to 2022-12-15T00:00:00+00:00, run_after=2022-12-16T00:00:00+00:00
[2022-12-16 01:56:39,748] {processor.py:161} INFO - Processing /home/airflow/.local/lib/python3.7/site-packages/airflow/example_dags/example_branch_operator_decorator.py took 0.229 seconds
[2022-12-16 01:57:09,852] {processor.py:153} INFO - Started process (PID=830) to work on /home/airflow/.local/lib/python3.7/site-packages/airflow/example_dags/example_branch_operator_decorator.py
[2022-12-16 01:57:09,853] {processor.py:641} INFO - Processing file /home/airflow/.local/lib/python3.7/site-packages/airflow/example_dags/example_branch_operator_decorator.py for tasks to queue
[2022-12-16 01:57:09,854] {logging_mixin.py:115} INFO - [2022-12-16 01:57:09,854] {dagbag.py:507} INFO - Filling up the DagBag from /home/airflow/.local/lib/python3.7/site-packages/airflow/example_dags/example_branch_operator_decorator.py
[2022-12-16 01:57:09,876] {processor.py:651} INFO - DAG(s) dict_keys(['example_branch_python_operator_decorator']) retrieved from /home/airflow/.local/lib/python3.7/site-packages/airflow/example_dags/example_branch_operator_decorator.py
[2022-12-16 01:57:10,063] {logging_mixin.py:115} INFO - [2022-12-16 01:57:10,063] {dag.py:2371} INFO - Sync 1 DAGs
[2022-12-16 01:57:10,097] {logging_mixin.py:115} INFO - [2022-12-16 01:57:10,097] {dag.py:2919} INFO - Setting next_dagrun for example_branch_python_operator_decorator to 2022-12-15T00:00:00+00:00, run_after=2022-12-16T00:00:00+00:00
[2022-12-16 01:57:10,112] {processor.py:161} INFO - Processing /home/airflow/.local/lib/python3.7/site-packages/airflow/example_dags/example_branch_operator_decorator.py took 0.266 seconds
[2022-12-16 01:57:40,170] {processor.py:153} INFO - Started process (PID=891) to work on /home/airflow/.local/lib/python3.7/site-packages/airflow/example_dags/example_branch_operator_decorator.py
[2022-12-16 01:57:40,171] {processor.py:641} INFO - Processing file /home/airflow/.local/lib/python3.7/site-packages/airflow/example_dags/example_branch_operator_decorator.py for tasks to queue
[2022-12-16 01:57:40,173] {logging_mixin.py:115} INFO - [2022-12-16 01:57:40,172] {dagbag.py:507} INFO - Filling up the DagBag from /home/airflow/.local/lib/python3.7/site-packages/airflow/example_dags/example_branch_operator_decorator.py
[2022-12-16 01:57:40,207] {processor.py:651} INFO - DAG(s) dict_keys(['example_branch_python_operator_decorator']) retrieved from /home/airflow/.local/lib/python3.7/site-packages/airflow/example_dags/example_branch_operator_decorator.py
[2022-12-16 01:57:40,400] {logging_mixin.py:115} INFO - [2022-12-16 01:57:40,400] {dag.py:2371} INFO - Sync 1 DAGs
[2022-12-16 01:57:40,433] {logging_mixin.py:115} INFO - [2022-12-16 01:57:40,433] {dag.py:2919} INFO - Setting next_dagrun for example_branch_python_operator_decorator to 2022-12-15T00:00:00+00:00, run_after=2022-12-16T00:00:00+00:00
[2022-12-16 01:57:40,445] {processor.py:161} INFO - Processing /home/airflow/.local/lib/python3.7/site-packages/airflow/example_dags/example_branch_operator_decorator.py took 0.281 seconds
[2022-12-16 01:58:59,362] {processor.py:153} INFO - Started process (PID=69) to work on /home/airflow/.local/lib/python3.7/site-packages/airflow/example_dags/example_branch_operator_decorator.py
[2022-12-16 01:58:59,363] {processor.py:641} INFO - Processing file /home/airflow/.local/lib/python3.7/site-packages/airflow/example_dags/example_branch_operator_decorator.py for tasks to queue
[2022-12-16 01:58:59,364] {logging_mixin.py:115} INFO - [2022-12-16 01:58:59,364] {dagbag.py:507} INFO - Filling up the DagBag from /home/airflow/.local/lib/python3.7/site-packages/airflow/example_dags/example_branch_operator_decorator.py
[2022-12-16 01:58:59,447] {processor.py:651} INFO - DAG(s) dict_keys(['example_branch_python_operator_decorator']) retrieved from /home/airflow/.local/lib/python3.7/site-packages/airflow/example_dags/example_branch_operator_decorator.py
[2022-12-16 01:58:59,556] {logging_mixin.py:115} INFO - [2022-12-16 01:58:59,556] {dag.py:2371} INFO - Sync 1 DAGs
[2022-12-16 01:58:59,597] {logging_mixin.py:115} INFO - [2022-12-16 01:58:59,596] {dag.py:2919} INFO - Setting next_dagrun for example_branch_python_operator_decorator to 2022-12-15T00:00:00+00:00, run_after=2022-12-16T00:00:00+00:00
[2022-12-16 01:58:59,620] {processor.py:161} INFO - Processing /home/airflow/.local/lib/python3.7/site-packages/airflow/example_dags/example_branch_operator_decorator.py took 0.262 seconds
[2022-12-16 01:59:45,429] {processor.py:153} INFO - Started process (PID=69) to work on /home/airflow/.local/lib/python3.7/site-packages/airflow/example_dags/example_branch_operator_decorator.py
[2022-12-16 01:59:45,432] {processor.py:641} INFO - Processing file /home/airflow/.local/lib/python3.7/site-packages/airflow/example_dags/example_branch_operator_decorator.py for tasks to queue
[2022-12-16 01:59:45,435] {logging_mixin.py:115} INFO - [2022-12-16 01:59:45,435] {dagbag.py:507} INFO - Filling up the DagBag from /home/airflow/.local/lib/python3.7/site-packages/airflow/example_dags/example_branch_operator_decorator.py
[2022-12-16 01:59:45,482] {processor.py:651} INFO - DAG(s) dict_keys(['example_branch_python_operator_decorator']) retrieved from /home/airflow/.local/lib/python3.7/site-packages/airflow/example_dags/example_branch_operator_decorator.py
[2022-12-16 01:59:45,536] {logging_mixin.py:115} INFO - [2022-12-16 01:59:45,536] {dag.py:2371} INFO - Sync 1 DAGs
[2022-12-16 01:59:45,598] {logging_mixin.py:115} INFO - [2022-12-16 01:59:45,598] {dag.py:2919} INFO - Setting next_dagrun for example_branch_python_operator_decorator to 2022-12-15T00:00:00+00:00, run_after=2022-12-16T00:00:00+00:00
[2022-12-16 01:59:45,644] {processor.py:161} INFO - Processing /home/airflow/.local/lib/python3.7/site-packages/airflow/example_dags/example_branch_operator_decorator.py took 0.221 seconds
[2022-12-16 02:00:16,211] {processor.py:153} INFO - Started process (PID=122) to work on /home/airflow/.local/lib/python3.7/site-packages/airflow/example_dags/example_branch_operator_decorator.py
[2022-12-16 02:00:16,212] {processor.py:641} INFO - Processing file /home/airflow/.local/lib/python3.7/site-packages/airflow/example_dags/example_branch_operator_decorator.py for tasks to queue
[2022-12-16 02:00:16,212] {logging_mixin.py:115} INFO - [2022-12-16 02:00:16,212] {dagbag.py:507} INFO - Filling up the DagBag from /home/airflow/.local/lib/python3.7/site-packages/airflow/example_dags/example_branch_operator_decorator.py
[2022-12-16 02:00:16,228] {processor.py:651} INFO - DAG(s) dict_keys(['example_branch_python_operator_decorator']) retrieved from /home/airflow/.local/lib/python3.7/site-packages/airflow/example_dags/example_branch_operator_decorator.py
[2022-12-16 02:00:16,253] {logging_mixin.py:115} INFO - [2022-12-16 02:00:16,253] {dag.py:2371} INFO - Sync 1 DAGs
[2022-12-16 02:00:16,272] {logging_mixin.py:115} INFO - [2022-12-16 02:00:16,272] {dag.py:2919} INFO - Setting next_dagrun for example_branch_python_operator_decorator to 2022-12-15T00:00:00+00:00, run_after=2022-12-16T00:00:00+00:00
[2022-12-16 02:00:16,284] {processor.py:161} INFO - Processing /home/airflow/.local/lib/python3.7/site-packages/airflow/example_dags/example_branch_operator_decorator.py took 0.076 seconds
[2022-12-16 02:00:46,435] {processor.py:153} INFO - Started process (PID=185) to work on /home/airflow/.local/lib/python3.7/site-packages/airflow/example_dags/example_branch_operator_decorator.py
[2022-12-16 02:00:46,436] {processor.py:641} INFO - Processing file /home/airflow/.local/lib/python3.7/site-packages/airflow/example_dags/example_branch_operator_decorator.py for tasks to queue
[2022-12-16 02:00:46,437] {logging_mixin.py:115} INFO - [2022-12-16 02:00:46,437] {dagbag.py:507} INFO - Filling up the DagBag from /home/airflow/.local/lib/python3.7/site-packages/airflow/example_dags/example_branch_operator_decorator.py
[2022-12-16 02:00:46,458] {processor.py:651} INFO - DAG(s) dict_keys(['example_branch_python_operator_decorator']) retrieved from /home/airflow/.local/lib/python3.7/site-packages/airflow/example_dags/example_branch_operator_decorator.py
[2022-12-16 02:00:46,494] {logging_mixin.py:115} INFO - [2022-12-16 02:00:46,493] {dag.py:2371} INFO - Sync 1 DAGs
[2022-12-16 02:00:46,521] {logging_mixin.py:115} INFO - [2022-12-16 02:00:46,521] {dag.py:2919} INFO - Setting next_dagrun for example_branch_python_operator_decorator to 2022-12-15T00:00:00+00:00, run_after=2022-12-16T00:00:00+00:00
[2022-12-16 02:00:46,536] {processor.py:161} INFO - Processing /home/airflow/.local/lib/python3.7/site-packages/airflow/example_dags/example_branch_operator_decorator.py took 0.106 seconds
[2022-12-16 02:01:17,111] {processor.py:153} INFO - Started process (PID=247) to work on /home/airflow/.local/lib/python3.7/site-packages/airflow/example_dags/example_branch_operator_decorator.py
[2022-12-16 02:01:17,112] {processor.py:641} INFO - Processing file /home/airflow/.local/lib/python3.7/site-packages/airflow/example_dags/example_branch_operator_decorator.py for tasks to queue
[2022-12-16 02:01:17,112] {logging_mixin.py:115} INFO - [2022-12-16 02:01:17,112] {dagbag.py:507} INFO - Filling up the DagBag from /home/airflow/.local/lib/python3.7/site-packages/airflow/example_dags/example_branch_operator_decorator.py
[2022-12-16 02:01:17,140] {processor.py:651} INFO - DAG(s) dict_keys(['example_branch_python_operator_decorator']) retrieved from /home/airflow/.local/lib/python3.7/site-packages/airflow/example_dags/example_branch_operator_decorator.py
[2022-12-16 02:01:17,179] {logging_mixin.py:115} INFO - [2022-12-16 02:01:17,179] {dag.py:2371} INFO - Sync 1 DAGs
[2022-12-16 02:01:17,209] {logging_mixin.py:115} INFO - [2022-12-16 02:01:17,209] {dag.py:2919} INFO - Setting next_dagrun for example_branch_python_operator_decorator to 2022-12-15T00:00:00+00:00, run_after=2022-12-16T00:00:00+00:00
[2022-12-16 02:01:17,229] {processor.py:161} INFO - Processing /home/airflow/.local/lib/python3.7/site-packages/airflow/example_dags/example_branch_operator_decorator.py took 0.125 seconds
[2022-12-16 02:01:47,717] {processor.py:153} INFO - Started process (PID=300) to work on /home/airflow/.local/lib/python3.7/site-packages/airflow/example_dags/example_branch_operator_decorator.py
[2022-12-16 02:01:47,718] {processor.py:641} INFO - Processing file /home/airflow/.local/lib/python3.7/site-packages/airflow/example_dags/example_branch_operator_decorator.py for tasks to queue
[2022-12-16 02:01:47,720] {logging_mixin.py:115} INFO - [2022-12-16 02:01:47,719] {dagbag.py:507} INFO - Filling up the DagBag from /home/airflow/.local/lib/python3.7/site-packages/airflow/example_dags/example_branch_operator_decorator.py
[2022-12-16 02:01:47,738] {processor.py:651} INFO - DAG(s) dict_keys(['example_branch_python_operator_decorator']) retrieved from /home/airflow/.local/lib/python3.7/site-packages/airflow/example_dags/example_branch_operator_decorator.py
[2022-12-16 02:01:47,769] {logging_mixin.py:115} INFO - [2022-12-16 02:01:47,769] {dag.py:2371} INFO - Sync 1 DAGs
[2022-12-16 02:01:47,802] {logging_mixin.py:115} INFO - [2022-12-16 02:01:47,802] {dag.py:2919} INFO - Setting next_dagrun for example_branch_python_operator_decorator to 2022-12-15T00:00:00+00:00, run_after=2022-12-16T00:00:00+00:00
[2022-12-16 02:01:47,824] {processor.py:161} INFO - Processing /home/airflow/.local/lib/python3.7/site-packages/airflow/example_dags/example_branch_operator_decorator.py took 0.111 seconds
[2022-12-16 02:02:18,121] {processor.py:153} INFO - Started process (PID=362) to work on /home/airflow/.local/lib/python3.7/site-packages/airflow/example_dags/example_branch_operator_decorator.py
[2022-12-16 02:02:18,122] {processor.py:641} INFO - Processing file /home/airflow/.local/lib/python3.7/site-packages/airflow/example_dags/example_branch_operator_decorator.py for tasks to queue
[2022-12-16 02:02:18,123] {logging_mixin.py:115} INFO - [2022-12-16 02:02:18,123] {dagbag.py:507} INFO - Filling up the DagBag from /home/airflow/.local/lib/python3.7/site-packages/airflow/example_dags/example_branch_operator_decorator.py
[2022-12-16 02:02:18,144] {processor.py:651} INFO - DAG(s) dict_keys(['example_branch_python_operator_decorator']) retrieved from /home/airflow/.local/lib/python3.7/site-packages/airflow/example_dags/example_branch_operator_decorator.py
[2022-12-16 02:02:18,176] {logging_mixin.py:115} INFO - [2022-12-16 02:02:18,176] {dag.py:2371} INFO - Sync 1 DAGs
[2022-12-16 02:02:18,197] {logging_mixin.py:115} INFO - [2022-12-16 02:02:18,197] {dag.py:2919} INFO - Setting next_dagrun for example_branch_python_operator_decorator to 2022-12-15T00:00:00+00:00, run_after=2022-12-16T00:00:00+00:00
[2022-12-16 02:02:18,209] {processor.py:161} INFO - Processing /home/airflow/.local/lib/python3.7/site-packages/airflow/example_dags/example_branch_operator_decorator.py took 0.091 seconds
[2022-12-16 02:02:48,619] {processor.py:153} INFO - Started process (PID=425) to work on /home/airflow/.local/lib/python3.7/site-packages/airflow/example_dags/example_branch_operator_decorator.py
[2022-12-16 02:02:48,620] {processor.py:641} INFO - Processing file /home/airflow/.local/lib/python3.7/site-packages/airflow/example_dags/example_branch_operator_decorator.py for tasks to queue
[2022-12-16 02:02:48,621] {logging_mixin.py:115} INFO - [2022-12-16 02:02:48,621] {dagbag.py:507} INFO - Filling up the DagBag from /home/airflow/.local/lib/python3.7/site-packages/airflow/example_dags/example_branch_operator_decorator.py
[2022-12-16 02:02:48,649] {processor.py:651} INFO - DAG(s) dict_keys(['example_branch_python_operator_decorator']) retrieved from /home/airflow/.local/lib/python3.7/site-packages/airflow/example_dags/example_branch_operator_decorator.py
[2022-12-16 02:02:48,689] {logging_mixin.py:115} INFO - [2022-12-16 02:02:48,689] {dag.py:2371} INFO - Sync 1 DAGs
[2022-12-16 02:02:48,737] {logging_mixin.py:115} INFO - [2022-12-16 02:02:48,737] {dag.py:2919} INFO - Setting next_dagrun for example_branch_python_operator_decorator to 2022-12-15T00:00:00+00:00, run_after=2022-12-16T00:00:00+00:00
[2022-12-16 02:02:48,763] {processor.py:161} INFO - Processing /home/airflow/.local/lib/python3.7/site-packages/airflow/example_dags/example_branch_operator_decorator.py took 0.153 seconds
[2022-12-16 02:03:19,068] {processor.py:153} INFO - Started process (PID=487) to work on /home/airflow/.local/lib/python3.7/site-packages/airflow/example_dags/example_branch_operator_decorator.py
[2022-12-16 02:03:19,069] {processor.py:641} INFO - Processing file /home/airflow/.local/lib/python3.7/site-packages/airflow/example_dags/example_branch_operator_decorator.py for tasks to queue
[2022-12-16 02:03:19,070] {logging_mixin.py:115} INFO - [2022-12-16 02:03:19,070] {dagbag.py:507} INFO - Filling up the DagBag from /home/airflow/.local/lib/python3.7/site-packages/airflow/example_dags/example_branch_operator_decorator.py
[2022-12-16 02:03:19,090] {processor.py:651} INFO - DAG(s) dict_keys(['example_branch_python_operator_decorator']) retrieved from /home/airflow/.local/lib/python3.7/site-packages/airflow/example_dags/example_branch_operator_decorator.py
[2022-12-16 02:03:19,119] {logging_mixin.py:115} INFO - [2022-12-16 02:03:19,119] {dag.py:2371} INFO - Sync 1 DAGs
[2022-12-16 02:03:19,143] {logging_mixin.py:115} INFO - [2022-12-16 02:03:19,143] {dag.py:2919} INFO - Setting next_dagrun for example_branch_python_operator_decorator to 2022-12-15T00:00:00+00:00, run_after=2022-12-16T00:00:00+00:00
[2022-12-16 02:03:19,158] {processor.py:161} INFO - Processing /home/airflow/.local/lib/python3.7/site-packages/airflow/example_dags/example_branch_operator_decorator.py took 0.095 seconds
[2022-12-16 02:03:49,698] {processor.py:153} INFO - Started process (PID=540) to work on /home/airflow/.local/lib/python3.7/site-packages/airflow/example_dags/example_branch_operator_decorator.py
[2022-12-16 02:03:49,698] {processor.py:641} INFO - Processing file /home/airflow/.local/lib/python3.7/site-packages/airflow/example_dags/example_branch_operator_decorator.py for tasks to queue
[2022-12-16 02:03:49,699] {logging_mixin.py:115} INFO - [2022-12-16 02:03:49,699] {dagbag.py:507} INFO - Filling up the DagBag from /home/airflow/.local/lib/python3.7/site-packages/airflow/example_dags/example_branch_operator_decorator.py
[2022-12-16 02:03:49,725] {processor.py:651} INFO - DAG(s) dict_keys(['example_branch_python_operator_decorator']) retrieved from /home/airflow/.local/lib/python3.7/site-packages/airflow/example_dags/example_branch_operator_decorator.py
[2022-12-16 02:03:49,755] {logging_mixin.py:115} INFO - [2022-12-16 02:03:49,755] {dag.py:2371} INFO - Sync 1 DAGs
[2022-12-16 02:03:49,777] {logging_mixin.py:115} INFO - [2022-12-16 02:03:49,777] {dag.py:2919} INFO - Setting next_dagrun for example_branch_python_operator_decorator to 2022-12-15T00:00:00+00:00, run_after=2022-12-16T00:00:00+00:00
[2022-12-16 02:03:49,789] {processor.py:161} INFO - Processing /home/airflow/.local/lib/python3.7/site-packages/airflow/example_dags/example_branch_operator_decorator.py took 0.095 seconds
[2022-12-16 02:04:20,113] {processor.py:153} INFO - Started process (PID=601) to work on /home/airflow/.local/lib/python3.7/site-packages/airflow/example_dags/example_branch_operator_decorator.py
[2022-12-16 02:04:20,113] {processor.py:641} INFO - Processing file /home/airflow/.local/lib/python3.7/site-packages/airflow/example_dags/example_branch_operator_decorator.py for tasks to queue
[2022-12-16 02:04:20,114] {logging_mixin.py:115} INFO - [2022-12-16 02:04:20,114] {dagbag.py:507} INFO - Filling up the DagBag from /home/airflow/.local/lib/python3.7/site-packages/airflow/example_dags/example_branch_operator_decorator.py
[2022-12-16 02:04:20,131] {processor.py:651} INFO - DAG(s) dict_keys(['example_branch_python_operator_decorator']) retrieved from /home/airflow/.local/lib/python3.7/site-packages/airflow/example_dags/example_branch_operator_decorator.py
[2022-12-16 02:04:20,160] {logging_mixin.py:115} INFO - [2022-12-16 02:04:20,160] {dag.py:2371} INFO - Sync 1 DAGs
[2022-12-16 02:04:20,184] {logging_mixin.py:115} INFO - [2022-12-16 02:04:20,184] {dag.py:2919} INFO - Setting next_dagrun for example_branch_python_operator_decorator to 2022-12-15T00:00:00+00:00, run_after=2022-12-16T00:00:00+00:00
[2022-12-16 02:04:20,199] {processor.py:161} INFO - Processing /home/airflow/.local/lib/python3.7/site-packages/airflow/example_dags/example_branch_operator_decorator.py took 0.090 seconds
[2022-12-16 02:04:50,760] {processor.py:153} INFO - Started process (PID=664) to work on /home/airflow/.local/lib/python3.7/site-packages/airflow/example_dags/example_branch_operator_decorator.py
[2022-12-16 02:04:50,761] {processor.py:641} INFO - Processing file /home/airflow/.local/lib/python3.7/site-packages/airflow/example_dags/example_branch_operator_decorator.py for tasks to queue
[2022-12-16 02:04:50,761] {logging_mixin.py:115} INFO - [2022-12-16 02:04:50,761] {dagbag.py:507} INFO - Filling up the DagBag from /home/airflow/.local/lib/python3.7/site-packages/airflow/example_dags/example_branch_operator_decorator.py
[2022-12-16 02:04:50,784] {processor.py:651} INFO - DAG(s) dict_keys(['example_branch_python_operator_decorator']) retrieved from /home/airflow/.local/lib/python3.7/site-packages/airflow/example_dags/example_branch_operator_decorator.py
[2022-12-16 02:04:50,817] {logging_mixin.py:115} INFO - [2022-12-16 02:04:50,817] {dag.py:2371} INFO - Sync 1 DAGs
[2022-12-16 02:04:50,848] {logging_mixin.py:115} INFO - [2022-12-16 02:04:50,848] {dag.py:2919} INFO - Setting next_dagrun for example_branch_python_operator_decorator to 2022-12-15T00:00:00+00:00, run_after=2022-12-16T00:00:00+00:00
[2022-12-16 02:04:50,871] {processor.py:161} INFO - Processing /home/airflow/.local/lib/python3.7/site-packages/airflow/example_dags/example_branch_operator_decorator.py took 0.115 seconds
[2022-12-16 02:05:21,936] {processor.py:153} INFO - Started process (PID=725) to work on /home/airflow/.local/lib/python3.7/site-packages/airflow/example_dags/example_branch_operator_decorator.py
[2022-12-16 02:05:21,938] {processor.py:641} INFO - Processing file /home/airflow/.local/lib/python3.7/site-packages/airflow/example_dags/example_branch_operator_decorator.py for tasks to queue
[2022-12-16 02:05:21,940] {logging_mixin.py:115} INFO - [2022-12-16 02:05:21,939] {dagbag.py:507} INFO - Filling up the DagBag from /home/airflow/.local/lib/python3.7/site-packages/airflow/example_dags/example_branch_operator_decorator.py
[2022-12-16 02:05:21,973] {processor.py:651} INFO - DAG(s) dict_keys(['example_branch_python_operator_decorator']) retrieved from /home/airflow/.local/lib/python3.7/site-packages/airflow/example_dags/example_branch_operator_decorator.py
[2022-12-16 02:05:22,037] {logging_mixin.py:115} INFO - [2022-12-16 02:05:22,037] {dag.py:2371} INFO - Sync 1 DAGs
[2022-12-16 02:05:22,071] {logging_mixin.py:115} INFO - [2022-12-16 02:05:22,070] {dag.py:2919} INFO - Setting next_dagrun for example_branch_python_operator_decorator to 2022-12-15T00:00:00+00:00, run_after=2022-12-16T00:00:00+00:00
[2022-12-16 02:05:22,093] {processor.py:161} INFO - Processing /home/airflow/.local/lib/python3.7/site-packages/airflow/example_dags/example_branch_operator_decorator.py took 0.163 seconds
[2022-12-16 02:05:52,170] {processor.py:153} INFO - Started process (PID=780) to work on /home/airflow/.local/lib/python3.7/site-packages/airflow/example_dags/example_branch_operator_decorator.py
[2022-12-16 02:05:52,171] {processor.py:641} INFO - Processing file /home/airflow/.local/lib/python3.7/site-packages/airflow/example_dags/example_branch_operator_decorator.py for tasks to queue
[2022-12-16 02:05:52,173] {logging_mixin.py:115} INFO - [2022-12-16 02:05:52,173] {dagbag.py:507} INFO - Filling up the DagBag from /home/airflow/.local/lib/python3.7/site-packages/airflow/example_dags/example_branch_operator_decorator.py
[2022-12-16 02:05:52,197] {processor.py:651} INFO - DAG(s) dict_keys(['example_branch_python_operator_decorator']) retrieved from /home/airflow/.local/lib/python3.7/site-packages/airflow/example_dags/example_branch_operator_decorator.py
[2022-12-16 02:05:52,225] {logging_mixin.py:115} INFO - [2022-12-16 02:05:52,225] {dag.py:2371} INFO - Sync 1 DAGs
[2022-12-16 02:05:52,248] {logging_mixin.py:115} INFO - [2022-12-16 02:05:52,248] {dag.py:2919} INFO - Setting next_dagrun for example_branch_python_operator_decorator to 2022-12-15T00:00:00+00:00, run_after=2022-12-16T00:00:00+00:00
[2022-12-16 02:05:52,262] {processor.py:161} INFO - Processing /home/airflow/.local/lib/python3.7/site-packages/airflow/example_dags/example_branch_operator_decorator.py took 0.097 seconds
[2022-12-16 02:06:22,845] {processor.py:153} INFO - Started process (PID=843) to work on /home/airflow/.local/lib/python3.7/site-packages/airflow/example_dags/example_branch_operator_decorator.py
[2022-12-16 02:06:22,845] {processor.py:641} INFO - Processing file /home/airflow/.local/lib/python3.7/site-packages/airflow/example_dags/example_branch_operator_decorator.py for tasks to queue
[2022-12-16 02:06:22,846] {logging_mixin.py:115} INFO - [2022-12-16 02:06:22,846] {dagbag.py:507} INFO - Filling up the DagBag from /home/airflow/.local/lib/python3.7/site-packages/airflow/example_dags/example_branch_operator_decorator.py
[2022-12-16 02:06:22,865] {processor.py:651} INFO - DAG(s) dict_keys(['example_branch_python_operator_decorator']) retrieved from /home/airflow/.local/lib/python3.7/site-packages/airflow/example_dags/example_branch_operator_decorator.py
[2022-12-16 02:06:22,906] {logging_mixin.py:115} INFO - [2022-12-16 02:06:22,906] {dag.py:2371} INFO - Sync 1 DAGs
[2022-12-16 02:06:22,938] {logging_mixin.py:115} INFO - [2022-12-16 02:06:22,938] {dag.py:2919} INFO - Setting next_dagrun for example_branch_python_operator_decorator to 2022-12-15T00:00:00+00:00, run_after=2022-12-16T00:00:00+00:00
[2022-12-16 02:06:22,953] {processor.py:161} INFO - Processing /home/airflow/.local/lib/python3.7/site-packages/airflow/example_dags/example_branch_operator_decorator.py took 0.112 seconds
[2022-12-16 02:06:53,223] {processor.py:153} INFO - Started process (PID=906) to work on /home/airflow/.local/lib/python3.7/site-packages/airflow/example_dags/example_branch_operator_decorator.py
[2022-12-16 02:06:53,223] {processor.py:641} INFO - Processing file /home/airflow/.local/lib/python3.7/site-packages/airflow/example_dags/example_branch_operator_decorator.py for tasks to queue
[2022-12-16 02:06:53,224] {logging_mixin.py:115} INFO - [2022-12-16 02:06:53,224] {dagbag.py:507} INFO - Filling up the DagBag from /home/airflow/.local/lib/python3.7/site-packages/airflow/example_dags/example_branch_operator_decorator.py
[2022-12-16 02:06:53,241] {processor.py:651} INFO - DAG(s) dict_keys(['example_branch_python_operator_decorator']) retrieved from /home/airflow/.local/lib/python3.7/site-packages/airflow/example_dags/example_branch_operator_decorator.py
[2022-12-16 02:06:53,268] {logging_mixin.py:115} INFO - [2022-12-16 02:06:53,268] {dag.py:2371} INFO - Sync 1 DAGs
[2022-12-16 02:06:53,289] {logging_mixin.py:115} INFO - [2022-12-16 02:06:53,289] {dag.py:2919} INFO - Setting next_dagrun for example_branch_python_operator_decorator to 2022-12-15T00:00:00+00:00, run_after=2022-12-16T00:00:00+00:00
[2022-12-16 02:06:53,303] {processor.py:161} INFO - Processing /home/airflow/.local/lib/python3.7/site-packages/airflow/example_dags/example_branch_operator_decorator.py took 0.085 seconds
[2022-12-16 02:07:23,567] {processor.py:153} INFO - Started process (PID=960) to work on /home/airflow/.local/lib/python3.7/site-packages/airflow/example_dags/example_branch_operator_decorator.py
[2022-12-16 02:07:23,568] {processor.py:641} INFO - Processing file /home/airflow/.local/lib/python3.7/site-packages/airflow/example_dags/example_branch_operator_decorator.py for tasks to queue
[2022-12-16 02:07:23,569] {logging_mixin.py:115} INFO - [2022-12-16 02:07:23,569] {dagbag.py:507} INFO - Filling up the DagBag from /home/airflow/.local/lib/python3.7/site-packages/airflow/example_dags/example_branch_operator_decorator.py
[2022-12-16 02:07:23,594] {processor.py:651} INFO - DAG(s) dict_keys(['example_branch_python_operator_decorator']) retrieved from /home/airflow/.local/lib/python3.7/site-packages/airflow/example_dags/example_branch_operator_decorator.py
[2022-12-16 02:07:23,626] {logging_mixin.py:115} INFO - [2022-12-16 02:07:23,626] {dag.py:2371} INFO - Sync 1 DAGs
[2022-12-16 02:07:23,657] {logging_mixin.py:115} INFO - [2022-12-16 02:07:23,657] {dag.py:2919} INFO - Setting next_dagrun for example_branch_python_operator_decorator to 2022-12-15T00:00:00+00:00, run_after=2022-12-16T00:00:00+00:00
[2022-12-16 02:07:23,676] {processor.py:161} INFO - Processing /home/airflow/.local/lib/python3.7/site-packages/airflow/example_dags/example_branch_operator_decorator.py took 0.113 seconds
[2022-12-16 02:07:54,013] {processor.py:153} INFO - Started process (PID=1023) to work on /home/airflow/.local/lib/python3.7/site-packages/airflow/example_dags/example_branch_operator_decorator.py
[2022-12-16 02:07:54,013] {processor.py:641} INFO - Processing file /home/airflow/.local/lib/python3.7/site-packages/airflow/example_dags/example_branch_operator_decorator.py for tasks to queue
[2022-12-16 02:07:54,014] {logging_mixin.py:115} INFO - [2022-12-16 02:07:54,014] {dagbag.py:507} INFO - Filling up the DagBag from /home/airflow/.local/lib/python3.7/site-packages/airflow/example_dags/example_branch_operator_decorator.py
[2022-12-16 02:07:54,037] {processor.py:651} INFO - DAG(s) dict_keys(['example_branch_python_operator_decorator']) retrieved from /home/airflow/.local/lib/python3.7/site-packages/airflow/example_dags/example_branch_operator_decorator.py
[2022-12-16 02:07:54,069] {logging_mixin.py:115} INFO - [2022-12-16 02:07:54,069] {dag.py:2371} INFO - Sync 1 DAGs
[2022-12-16 02:07:54,099] {logging_mixin.py:115} INFO - [2022-12-16 02:07:54,099] {dag.py:2919} INFO - Setting next_dagrun for example_branch_python_operator_decorator to 2022-12-15T00:00:00+00:00, run_after=2022-12-16T00:00:00+00:00
[2022-12-16 02:07:54,113] {processor.py:161} INFO - Processing /home/airflow/.local/lib/python3.7/site-packages/airflow/example_dags/example_branch_operator_decorator.py took 0.105 seconds
[2022-12-16 02:08:24,473] {processor.py:153} INFO - Started process (PID=1085) to work on /home/airflow/.local/lib/python3.7/site-packages/airflow/example_dags/example_branch_operator_decorator.py
[2022-12-16 02:08:24,473] {processor.py:641} INFO - Processing file /home/airflow/.local/lib/python3.7/site-packages/airflow/example_dags/example_branch_operator_decorator.py for tasks to queue
[2022-12-16 02:08:24,474] {logging_mixin.py:115} INFO - [2022-12-16 02:08:24,474] {dagbag.py:507} INFO - Filling up the DagBag from /home/airflow/.local/lib/python3.7/site-packages/airflow/example_dags/example_branch_operator_decorator.py
[2022-12-16 02:08:24,501] {processor.py:651} INFO - DAG(s) dict_keys(['example_branch_python_operator_decorator']) retrieved from /home/airflow/.local/lib/python3.7/site-packages/airflow/example_dags/example_branch_operator_decorator.py
[2022-12-16 02:08:24,540] {logging_mixin.py:115} INFO - [2022-12-16 02:08:24,540] {dag.py:2371} INFO - Sync 1 DAGs
[2022-12-16 02:08:24,573] {logging_mixin.py:115} INFO - [2022-12-16 02:08:24,572] {dag.py:2919} INFO - Setting next_dagrun for example_branch_python_operator_decorator to 2022-12-15T00:00:00+00:00, run_after=2022-12-16T00:00:00+00:00
[2022-12-16 02:08:24,595] {processor.py:161} INFO - Processing /home/airflow/.local/lib/python3.7/site-packages/airflow/example_dags/example_branch_operator_decorator.py took 0.128 seconds
[2022-12-16 02:08:55,425] {processor.py:153} INFO - Started process (PID=1147) to work on /home/airflow/.local/lib/python3.7/site-packages/airflow/example_dags/example_branch_operator_decorator.py
[2022-12-16 02:08:55,426] {processor.py:641} INFO - Processing file /home/airflow/.local/lib/python3.7/site-packages/airflow/example_dags/example_branch_operator_decorator.py for tasks to queue
[2022-12-16 02:08:55,426] {logging_mixin.py:115} INFO - [2022-12-16 02:08:55,426] {dagbag.py:507} INFO - Filling up the DagBag from /home/airflow/.local/lib/python3.7/site-packages/airflow/example_dags/example_branch_operator_decorator.py
[2022-12-16 02:08:55,454] {processor.py:651} INFO - DAG(s) dict_keys(['example_branch_python_operator_decorator']) retrieved from /home/airflow/.local/lib/python3.7/site-packages/airflow/example_dags/example_branch_operator_decorator.py
[2022-12-16 02:08:55,487] {logging_mixin.py:115} INFO - [2022-12-16 02:08:55,487] {dag.py:2371} INFO - Sync 1 DAGs
[2022-12-16 02:08:55,528] {logging_mixin.py:115} INFO - [2022-12-16 02:08:55,528] {dag.py:2919} INFO - Setting next_dagrun for example_branch_python_operator_decorator to 2022-12-15T00:00:00+00:00, run_after=2022-12-16T00:00:00+00:00
[2022-12-16 02:08:55,543] {processor.py:161} INFO - Processing /home/airflow/.local/lib/python3.7/site-packages/airflow/example_dags/example_branch_operator_decorator.py took 0.123 seconds
[2022-12-16 02:09:26,441] {processor.py:153} INFO - Started process (PID=1201) to work on /home/airflow/.local/lib/python3.7/site-packages/airflow/example_dags/example_branch_operator_decorator.py
[2022-12-16 02:09:26,441] {processor.py:641} INFO - Processing file /home/airflow/.local/lib/python3.7/site-packages/airflow/example_dags/example_branch_operator_decorator.py for tasks to queue
[2022-12-16 02:09:26,442] {logging_mixin.py:115} INFO - [2022-12-16 02:09:26,442] {dagbag.py:507} INFO - Filling up the DagBag from /home/airflow/.local/lib/python3.7/site-packages/airflow/example_dags/example_branch_operator_decorator.py
[2022-12-16 02:09:26,469] {processor.py:651} INFO - DAG(s) dict_keys(['example_branch_python_operator_decorator']) retrieved from /home/airflow/.local/lib/python3.7/site-packages/airflow/example_dags/example_branch_operator_decorator.py
[2022-12-16 02:09:26,501] {logging_mixin.py:115} INFO - [2022-12-16 02:09:26,501] {dag.py:2371} INFO - Sync 1 DAGs
[2022-12-16 02:09:26,525] {logging_mixin.py:115} INFO - [2022-12-16 02:09:26,525] {dag.py:2919} INFO - Setting next_dagrun for example_branch_python_operator_decorator to 2022-12-15T00:00:00+00:00, run_after=2022-12-16T00:00:00+00:00
[2022-12-16 02:09:26,538] {processor.py:161} INFO - Processing /home/airflow/.local/lib/python3.7/site-packages/airflow/example_dags/example_branch_operator_decorator.py took 0.103 seconds
[2022-12-16 02:09:56,845] {processor.py:153} INFO - Started process (PID=1263) to work on /home/airflow/.local/lib/python3.7/site-packages/airflow/example_dags/example_branch_operator_decorator.py
[2022-12-16 02:09:56,846] {processor.py:641} INFO - Processing file /home/airflow/.local/lib/python3.7/site-packages/airflow/example_dags/example_branch_operator_decorator.py for tasks to queue
[2022-12-16 02:09:56,847] {logging_mixin.py:115} INFO - [2022-12-16 02:09:56,846] {dagbag.py:507} INFO - Filling up the DagBag from /home/airflow/.local/lib/python3.7/site-packages/airflow/example_dags/example_branch_operator_decorator.py
[2022-12-16 02:09:56,868] {processor.py:651} INFO - DAG(s) dict_keys(['example_branch_python_operator_decorator']) retrieved from /home/airflow/.local/lib/python3.7/site-packages/airflow/example_dags/example_branch_operator_decorator.py
[2022-12-16 02:09:56,907] {logging_mixin.py:115} INFO - [2022-12-16 02:09:56,906] {dag.py:2371} INFO - Sync 1 DAGs
[2022-12-16 02:09:56,929] {logging_mixin.py:115} INFO - [2022-12-16 02:09:56,929] {dag.py:2919} INFO - Setting next_dagrun for example_branch_python_operator_decorator to 2022-12-15T00:00:00+00:00, run_after=2022-12-16T00:00:00+00:00
[2022-12-16 02:09:56,940] {processor.py:161} INFO - Processing /home/airflow/.local/lib/python3.7/site-packages/airflow/example_dags/example_branch_operator_decorator.py took 0.099 seconds
[2022-12-16 02:10:27,377] {processor.py:153} INFO - Started process (PID=1325) to work on /home/airflow/.local/lib/python3.7/site-packages/airflow/example_dags/example_branch_operator_decorator.py
[2022-12-16 02:10:27,378] {processor.py:641} INFO - Processing file /home/airflow/.local/lib/python3.7/site-packages/airflow/example_dags/example_branch_operator_decorator.py for tasks to queue
[2022-12-16 02:10:27,378] {logging_mixin.py:115} INFO - [2022-12-16 02:10:27,378] {dagbag.py:507} INFO - Filling up the DagBag from /home/airflow/.local/lib/python3.7/site-packages/airflow/example_dags/example_branch_operator_decorator.py
[2022-12-16 02:10:27,400] {processor.py:651} INFO - DAG(s) dict_keys(['example_branch_python_operator_decorator']) retrieved from /home/airflow/.local/lib/python3.7/site-packages/airflow/example_dags/example_branch_operator_decorator.py
[2022-12-16 02:10:27,430] {logging_mixin.py:115} INFO - [2022-12-16 02:10:27,430] {dag.py:2371} INFO - Sync 1 DAGs
[2022-12-16 02:10:27,450] {logging_mixin.py:115} INFO - [2022-12-16 02:10:27,450] {dag.py:2919} INFO - Setting next_dagrun for example_branch_python_operator_decorator to 2022-12-15T00:00:00+00:00, run_after=2022-12-16T00:00:00+00:00
[2022-12-16 02:10:27,464] {processor.py:161} INFO - Processing /home/airflow/.local/lib/python3.7/site-packages/airflow/example_dags/example_branch_operator_decorator.py took 0.091 seconds
[2022-12-16 02:10:57,623] {processor.py:153} INFO - Started process (PID=1378) to work on /home/airflow/.local/lib/python3.7/site-packages/airflow/example_dags/example_branch_operator_decorator.py
[2022-12-16 02:10:57,624] {processor.py:641} INFO - Processing file /home/airflow/.local/lib/python3.7/site-packages/airflow/example_dags/example_branch_operator_decorator.py for tasks to queue
[2022-12-16 02:10:57,624] {logging_mixin.py:115} INFO - [2022-12-16 02:10:57,624] {dagbag.py:507} INFO - Filling up the DagBag from /home/airflow/.local/lib/python3.7/site-packages/airflow/example_dags/example_branch_operator_decorator.py
[2022-12-16 02:10:57,645] {processor.py:651} INFO - DAG(s) dict_keys(['example_branch_python_operator_decorator']) retrieved from /home/airflow/.local/lib/python3.7/site-packages/airflow/example_dags/example_branch_operator_decorator.py
[2022-12-16 02:10:57,672] {logging_mixin.py:115} INFO - [2022-12-16 02:10:57,672] {dag.py:2371} INFO - Sync 1 DAGs
[2022-12-16 02:10:57,696] {logging_mixin.py:115} INFO - [2022-12-16 02:10:57,696] {dag.py:2919} INFO - Setting next_dagrun for example_branch_python_operator_decorator to 2022-12-15T00:00:00+00:00, run_after=2022-12-16T00:00:00+00:00
[2022-12-16 02:10:57,710] {processor.py:161} INFO - Processing /home/airflow/.local/lib/python3.7/site-packages/airflow/example_dags/example_branch_operator_decorator.py took 0.091 seconds
[2022-12-16 02:11:27,972] {processor.py:153} INFO - Started process (PID=1440) to work on /home/airflow/.local/lib/python3.7/site-packages/airflow/example_dags/example_branch_operator_decorator.py
[2022-12-16 02:11:27,974] {processor.py:641} INFO - Processing file /home/airflow/.local/lib/python3.7/site-packages/airflow/example_dags/example_branch_operator_decorator.py for tasks to queue
[2022-12-16 02:11:27,975] {logging_mixin.py:115} INFO - [2022-12-16 02:11:27,974] {dagbag.py:507} INFO - Filling up the DagBag from /home/airflow/.local/lib/python3.7/site-packages/airflow/example_dags/example_branch_operator_decorator.py
[2022-12-16 02:11:27,995] {processor.py:651} INFO - DAG(s) dict_keys(['example_branch_python_operator_decorator']) retrieved from /home/airflow/.local/lib/python3.7/site-packages/airflow/example_dags/example_branch_operator_decorator.py
[2022-12-16 02:11:28,022] {logging_mixin.py:115} INFO - [2022-12-16 02:11:28,022] {dag.py:2371} INFO - Sync 1 DAGs
[2022-12-16 02:11:28,046] {logging_mixin.py:115} INFO - [2022-12-16 02:11:28,046] {dag.py:2919} INFO - Setting next_dagrun for example_branch_python_operator_decorator to 2022-12-15T00:00:00+00:00, run_after=2022-12-16T00:00:00+00:00
[2022-12-16 02:11:28,061] {processor.py:161} INFO - Processing /home/airflow/.local/lib/python3.7/site-packages/airflow/example_dags/example_branch_operator_decorator.py took 0.097 seconds
[2022-12-16 02:11:58,159] {processor.py:153} INFO - Started process (PID=1502) to work on /home/airflow/.local/lib/python3.7/site-packages/airflow/example_dags/example_branch_operator_decorator.py
[2022-12-16 02:11:58,160] {processor.py:641} INFO - Processing file /home/airflow/.local/lib/python3.7/site-packages/airflow/example_dags/example_branch_operator_decorator.py for tasks to queue
[2022-12-16 02:11:58,160] {logging_mixin.py:115} INFO - [2022-12-16 02:11:58,160] {dagbag.py:507} INFO - Filling up the DagBag from /home/airflow/.local/lib/python3.7/site-packages/airflow/example_dags/example_branch_operator_decorator.py
[2022-12-16 02:11:58,184] {processor.py:651} INFO - DAG(s) dict_keys(['example_branch_python_operator_decorator']) retrieved from /home/airflow/.local/lib/python3.7/site-packages/airflow/example_dags/example_branch_operator_decorator.py
[2022-12-16 02:11:58,212] {logging_mixin.py:115} INFO - [2022-12-16 02:11:58,211] {dag.py:2371} INFO - Sync 1 DAGs
[2022-12-16 02:11:58,234] {logging_mixin.py:115} INFO - [2022-12-16 02:11:58,234] {dag.py:2919} INFO - Setting next_dagrun for example_branch_python_operator_decorator to 2022-12-15T00:00:00+00:00, run_after=2022-12-16T00:00:00+00:00
[2022-12-16 02:11:58,250] {processor.py:161} INFO - Processing /home/airflow/.local/lib/python3.7/site-packages/airflow/example_dags/example_branch_operator_decorator.py took 0.094 seconds
[2022-12-16 02:12:28,332] {processor.py:153} INFO - Started process (PID=1565) to work on /home/airflow/.local/lib/python3.7/site-packages/airflow/example_dags/example_branch_operator_decorator.py
[2022-12-16 02:12:28,333] {processor.py:641} INFO - Processing file /home/airflow/.local/lib/python3.7/site-packages/airflow/example_dags/example_branch_operator_decorator.py for tasks to queue
[2022-12-16 02:12:28,333] {logging_mixin.py:115} INFO - [2022-12-16 02:12:28,333] {dagbag.py:507} INFO - Filling up the DagBag from /home/airflow/.local/lib/python3.7/site-packages/airflow/example_dags/example_branch_operator_decorator.py
[2022-12-16 02:12:28,353] {processor.py:651} INFO - DAG(s) dict_keys(['example_branch_python_operator_decorator']) retrieved from /home/airflow/.local/lib/python3.7/site-packages/airflow/example_dags/example_branch_operator_decorator.py
[2022-12-16 02:12:28,384] {logging_mixin.py:115} INFO - [2022-12-16 02:12:28,384] {dag.py:2371} INFO - Sync 1 DAGs
[2022-12-16 02:12:28,406] {logging_mixin.py:115} INFO - [2022-12-16 02:12:28,406] {dag.py:2919} INFO - Setting next_dagrun for example_branch_python_operator_decorator to 2022-12-15T00:00:00+00:00, run_after=2022-12-16T00:00:00+00:00
[2022-12-16 02:12:28,418] {processor.py:161} INFO - Processing /home/airflow/.local/lib/python3.7/site-packages/airflow/example_dags/example_branch_operator_decorator.py took 0.090 seconds
[2022-12-16 02:12:58,887] {processor.py:153} INFO - Started process (PID=1617) to work on /home/airflow/.local/lib/python3.7/site-packages/airflow/example_dags/example_branch_operator_decorator.py
[2022-12-16 02:12:58,888] {processor.py:641} INFO - Processing file /home/airflow/.local/lib/python3.7/site-packages/airflow/example_dags/example_branch_operator_decorator.py for tasks to queue
[2022-12-16 02:12:58,889] {logging_mixin.py:115} INFO - [2022-12-16 02:12:58,889] {dagbag.py:507} INFO - Filling up the DagBag from /home/airflow/.local/lib/python3.7/site-packages/airflow/example_dags/example_branch_operator_decorator.py
[2022-12-16 02:12:58,909] {processor.py:651} INFO - DAG(s) dict_keys(['example_branch_python_operator_decorator']) retrieved from /home/airflow/.local/lib/python3.7/site-packages/airflow/example_dags/example_branch_operator_decorator.py
[2022-12-16 02:12:58,944] {logging_mixin.py:115} INFO - [2022-12-16 02:12:58,944] {dag.py:2371} INFO - Sync 1 DAGs
[2022-12-16 02:12:58,967] {logging_mixin.py:115} INFO - [2022-12-16 02:12:58,967] {dag.py:2919} INFO - Setting next_dagrun for example_branch_python_operator_decorator to 2022-12-15T00:00:00+00:00, run_after=2022-12-16T00:00:00+00:00
[2022-12-16 02:12:58,980] {processor.py:161} INFO - Processing /home/airflow/.local/lib/python3.7/site-packages/airflow/example_dags/example_branch_operator_decorator.py took 0.097 seconds
