[2022-12-16 01:50:23,601] {processor.py:153} INFO - Started process (PID=56) to work on /home/airflow/.local/lib/python3.7/site-packages/airflow/example_dags/example_complex.py
[2022-12-16 01:50:23,605] {processor.py:641} INFO - Processing file /home/airflow/.local/lib/python3.7/site-packages/airflow/example_dags/example_complex.py for tasks to queue
[2022-12-16 01:50:23,608] {logging_mixin.py:115} INFO - [2022-12-16 01:50:23,608] {dagbag.py:507} INFO - Filling up the DagBag from /home/airflow/.local/lib/python3.7/site-packages/airflow/example_dags/example_complex.py
[2022-12-16 01:50:23,622] {processor.py:651} INFO - DAG(s) dict_keys(['example_complex']) retrieved from /home/airflow/.local/lib/python3.7/site-packages/airflow/example_dags/example_complex.py
[2022-12-16 01:50:24,560] {logging_mixin.py:115} INFO - [2022-12-16 01:50:24,559] {manager.py:508} INFO - Created Permission View: can edit on DAG:example_complex
[2022-12-16 01:50:24,583] {logging_mixin.py:115} INFO - [2022-12-16 01:50:24,583] {manager.py:508} INFO - Created Permission View: can delete on DAG:example_complex
[2022-12-16 01:50:24,598] {logging_mixin.py:115} INFO - [2022-12-16 01:50:24,598] {manager.py:508} INFO - Created Permission View: can read on DAG:example_complex
[2022-12-16 01:50:24,599] {logging_mixin.py:115} INFO - [2022-12-16 01:50:24,599] {dag.py:2371} INFO - Sync 1 DAGs
[2022-12-16 01:50:24,631] {logging_mixin.py:115} INFO - [2022-12-16 01:50:24,631] {dag.py:2390} INFO - Creating ORM DAG for example_complex
[2022-12-16 01:50:24,662] {logging_mixin.py:115} INFO - [2022-12-16 01:50:24,662] {dag.py:2919} INFO - Setting next_dagrun for example_complex to None, run_after=None
[2022-12-16 01:50:24,700] {processor.py:161} INFO - Processing /home/airflow/.local/lib/python3.7/site-packages/airflow/example_dags/example_complex.py took 1.102 seconds
[2022-12-16 01:50:55,359] {processor.py:153} INFO - Started process (PID=118) to work on /home/airflow/.local/lib/python3.7/site-packages/airflow/example_dags/example_complex.py
[2022-12-16 01:50:55,361] {processor.py:641} INFO - Processing file /home/airflow/.local/lib/python3.7/site-packages/airflow/example_dags/example_complex.py for tasks to queue
[2022-12-16 01:50:55,362] {logging_mixin.py:115} INFO - [2022-12-16 01:50:55,362] {dagbag.py:507} INFO - Filling up the DagBag from /home/airflow/.local/lib/python3.7/site-packages/airflow/example_dags/example_complex.py
[2022-12-16 01:50:55,378] {processor.py:651} INFO - DAG(s) dict_keys(['example_complex']) retrieved from /home/airflow/.local/lib/python3.7/site-packages/airflow/example_dags/example_complex.py
[2022-12-16 01:50:55,412] {logging_mixin.py:115} INFO - [2022-12-16 01:50:55,412] {dag.py:2371} INFO - Sync 1 DAGs
[2022-12-16 01:50:55,577] {logging_mixin.py:115} INFO - [2022-12-16 01:50:55,577] {dag.py:2919} INFO - Setting next_dagrun for example_complex to None, run_after=None
[2022-12-16 01:50:55,595] {processor.py:161} INFO - Processing /home/airflow/.local/lib/python3.7/site-packages/airflow/example_dags/example_complex.py took 0.242 seconds
[2022-12-16 01:51:25,768] {processor.py:153} INFO - Started process (PID=170) to work on /home/airflow/.local/lib/python3.7/site-packages/airflow/example_dags/example_complex.py
[2022-12-16 01:51:25,769] {processor.py:641} INFO - Processing file /home/airflow/.local/lib/python3.7/site-packages/airflow/example_dags/example_complex.py for tasks to queue
[2022-12-16 01:51:25,770] {logging_mixin.py:115} INFO - [2022-12-16 01:51:25,770] {dagbag.py:507} INFO - Filling up the DagBag from /home/airflow/.local/lib/python3.7/site-packages/airflow/example_dags/example_complex.py
[2022-12-16 01:51:25,787] {processor.py:651} INFO - DAG(s) dict_keys(['example_complex']) retrieved from /home/airflow/.local/lib/python3.7/site-packages/airflow/example_dags/example_complex.py
[2022-12-16 01:51:25,823] {logging_mixin.py:115} INFO - [2022-12-16 01:51:25,823] {dag.py:2371} INFO - Sync 1 DAGs
[2022-12-16 01:51:26,016] {logging_mixin.py:115} INFO - [2022-12-16 01:51:26,016] {dag.py:2919} INFO - Setting next_dagrun for example_complex to None, run_after=None
[2022-12-16 01:51:26,035] {processor.py:161} INFO - Processing /home/airflow/.local/lib/python3.7/site-packages/airflow/example_dags/example_complex.py took 0.274 seconds
[2022-12-16 01:51:56,412] {processor.py:153} INFO - Started process (PID=232) to work on /home/airflow/.local/lib/python3.7/site-packages/airflow/example_dags/example_complex.py
[2022-12-16 01:51:56,412] {processor.py:641} INFO - Processing file /home/airflow/.local/lib/python3.7/site-packages/airflow/example_dags/example_complex.py for tasks to queue
[2022-12-16 01:51:56,413] {logging_mixin.py:115} INFO - [2022-12-16 01:51:56,413] {dagbag.py:507} INFO - Filling up the DagBag from /home/airflow/.local/lib/python3.7/site-packages/airflow/example_dags/example_complex.py
[2022-12-16 01:51:56,425] {processor.py:651} INFO - DAG(s) dict_keys(['example_complex']) retrieved from /home/airflow/.local/lib/python3.7/site-packages/airflow/example_dags/example_complex.py
[2022-12-16 01:51:56,462] {logging_mixin.py:115} INFO - [2022-12-16 01:51:56,462] {dag.py:2371} INFO - Sync 1 DAGs
[2022-12-16 01:51:56,635] {logging_mixin.py:115} INFO - [2022-12-16 01:51:56,635] {dag.py:2919} INFO - Setting next_dagrun for example_complex to None, run_after=None
[2022-12-16 01:51:56,649] {processor.py:161} INFO - Processing /home/airflow/.local/lib/python3.7/site-packages/airflow/example_dags/example_complex.py took 0.242 seconds
[2022-12-16 01:52:27,242] {processor.py:153} INFO - Started process (PID=294) to work on /home/airflow/.local/lib/python3.7/site-packages/airflow/example_dags/example_complex.py
[2022-12-16 01:52:27,243] {processor.py:641} INFO - Processing file /home/airflow/.local/lib/python3.7/site-packages/airflow/example_dags/example_complex.py for tasks to queue
[2022-12-16 01:52:27,247] {logging_mixin.py:115} INFO - [2022-12-16 01:52:27,247] {dagbag.py:507} INFO - Filling up the DagBag from /home/airflow/.local/lib/python3.7/site-packages/airflow/example_dags/example_complex.py
[2022-12-16 01:52:27,308] {processor.py:651} INFO - DAG(s) dict_keys(['example_complex']) retrieved from /home/airflow/.local/lib/python3.7/site-packages/airflow/example_dags/example_complex.py
[2022-12-16 01:52:27,740] {logging_mixin.py:115} INFO - [2022-12-16 01:52:27,740] {dag.py:2371} INFO - Sync 1 DAGs
[2022-12-16 01:52:27,768] {logging_mixin.py:115} INFO - [2022-12-16 01:52:27,768] {dag.py:2390} INFO - Creating ORM DAG for example_complex
[2022-12-16 01:52:27,788] {logging_mixin.py:115} INFO - [2022-12-16 01:52:27,788] {dag.py:2919} INFO - Setting next_dagrun for example_complex to None, run_after=None
[2022-12-16 01:52:27,817] {processor.py:161} INFO - Processing /home/airflow/.local/lib/python3.7/site-packages/airflow/example_dags/example_complex.py took 0.583 seconds
[2022-12-16 01:52:58,257] {processor.py:153} INFO - Started process (PID=346) to work on /home/airflow/.local/lib/python3.7/site-packages/airflow/example_dags/example_complex.py
[2022-12-16 01:52:58,258] {processor.py:641} INFO - Processing file /home/airflow/.local/lib/python3.7/site-packages/airflow/example_dags/example_complex.py for tasks to queue
[2022-12-16 01:52:58,259] {logging_mixin.py:115} INFO - [2022-12-16 01:52:58,259] {dagbag.py:507} INFO - Filling up the DagBag from /home/airflow/.local/lib/python3.7/site-packages/airflow/example_dags/example_complex.py
[2022-12-16 01:52:58,276] {processor.py:651} INFO - DAG(s) dict_keys(['example_complex']) retrieved from /home/airflow/.local/lib/python3.7/site-packages/airflow/example_dags/example_complex.py
[2022-12-16 01:52:58,319] {logging_mixin.py:115} INFO - [2022-12-16 01:52:58,319] {dag.py:2371} INFO - Sync 1 DAGs
[2022-12-16 01:52:58,509] {logging_mixin.py:115} INFO - [2022-12-16 01:52:58,509] {dag.py:2919} INFO - Setting next_dagrun for example_complex to None, run_after=None
[2022-12-16 01:52:58,522] {processor.py:161} INFO - Processing /home/airflow/.local/lib/python3.7/site-packages/airflow/example_dags/example_complex.py took 0.270 seconds
[2022-12-16 01:53:28,909] {processor.py:153} INFO - Started process (PID=406) to work on /home/airflow/.local/lib/python3.7/site-packages/airflow/example_dags/example_complex.py
[2022-12-16 01:53:28,910] {processor.py:641} INFO - Processing file /home/airflow/.local/lib/python3.7/site-packages/airflow/example_dags/example_complex.py for tasks to queue
[2022-12-16 01:53:28,912] {logging_mixin.py:115} INFO - [2022-12-16 01:53:28,911] {dagbag.py:507} INFO - Filling up the DagBag from /home/airflow/.local/lib/python3.7/site-packages/airflow/example_dags/example_complex.py
[2022-12-16 01:53:28,926] {processor.py:651} INFO - DAG(s) dict_keys(['example_complex']) retrieved from /home/airflow/.local/lib/python3.7/site-packages/airflow/example_dags/example_complex.py
[2022-12-16 01:53:28,963] {logging_mixin.py:115} INFO - [2022-12-16 01:53:28,963] {dag.py:2371} INFO - Sync 1 DAGs
[2022-12-16 01:53:29,176] {logging_mixin.py:115} INFO - [2022-12-16 01:53:29,176] {dag.py:2919} INFO - Setting next_dagrun for example_complex to None, run_after=None
[2022-12-16 01:53:29,189] {processor.py:161} INFO - Processing /home/airflow/.local/lib/python3.7/site-packages/airflow/example_dags/example_complex.py took 0.286 seconds
[2022-12-16 01:53:59,802] {processor.py:153} INFO - Started process (PID=467) to work on /home/airflow/.local/lib/python3.7/site-packages/airflow/example_dags/example_complex.py
[2022-12-16 01:53:59,804] {processor.py:641} INFO - Processing file /home/airflow/.local/lib/python3.7/site-packages/airflow/example_dags/example_complex.py for tasks to queue
[2022-12-16 01:53:59,807] {logging_mixin.py:115} INFO - [2022-12-16 01:53:59,805] {dagbag.py:507} INFO - Filling up the DagBag from /home/airflow/.local/lib/python3.7/site-packages/airflow/example_dags/example_complex.py
[2022-12-16 01:53:59,835] {processor.py:651} INFO - DAG(s) dict_keys(['example_complex']) retrieved from /home/airflow/.local/lib/python3.7/site-packages/airflow/example_dags/example_complex.py
[2022-12-16 01:53:59,899] {logging_mixin.py:115} INFO - [2022-12-16 01:53:59,898] {dag.py:2371} INFO - Sync 1 DAGs
[2022-12-16 01:54:00,108] {logging_mixin.py:115} INFO - [2022-12-16 01:54:00,108] {dag.py:2919} INFO - Setting next_dagrun for example_complex to None, run_after=None
[2022-12-16 01:54:00,131] {processor.py:161} INFO - Processing /home/airflow/.local/lib/python3.7/site-packages/airflow/example_dags/example_complex.py took 0.344 seconds
[2022-12-16 01:54:30,277] {processor.py:153} INFO - Started process (PID=519) to work on /home/airflow/.local/lib/python3.7/site-packages/airflow/example_dags/example_complex.py
[2022-12-16 01:54:30,278] {processor.py:641} INFO - Processing file /home/airflow/.local/lib/python3.7/site-packages/airflow/example_dags/example_complex.py for tasks to queue
[2022-12-16 01:54:30,280] {logging_mixin.py:115} INFO - [2022-12-16 01:54:30,279] {dagbag.py:507} INFO - Filling up the DagBag from /home/airflow/.local/lib/python3.7/site-packages/airflow/example_dags/example_complex.py
[2022-12-16 01:54:30,311] {processor.py:651} INFO - DAG(s) dict_keys(['example_complex']) retrieved from /home/airflow/.local/lib/python3.7/site-packages/airflow/example_dags/example_complex.py
[2022-12-16 01:54:30,384] {logging_mixin.py:115} INFO - [2022-12-16 01:54:30,383] {dag.py:2371} INFO - Sync 1 DAGs
[2022-12-16 01:54:30,623] {logging_mixin.py:115} INFO - [2022-12-16 01:54:30,623] {dag.py:2919} INFO - Setting next_dagrun for example_complex to None, run_after=None
[2022-12-16 01:54:30,640] {processor.py:161} INFO - Processing /home/airflow/.local/lib/python3.7/site-packages/airflow/example_dags/example_complex.py took 0.368 seconds
[2022-12-16 01:55:00,807] {processor.py:153} INFO - Started process (PID=580) to work on /home/airflow/.local/lib/python3.7/site-packages/airflow/example_dags/example_complex.py
[2022-12-16 01:55:00,808] {processor.py:641} INFO - Processing file /home/airflow/.local/lib/python3.7/site-packages/airflow/example_dags/example_complex.py for tasks to queue
[2022-12-16 01:55:00,809] {logging_mixin.py:115} INFO - [2022-12-16 01:55:00,808] {dagbag.py:507} INFO - Filling up the DagBag from /home/airflow/.local/lib/python3.7/site-packages/airflow/example_dags/example_complex.py
[2022-12-16 01:55:00,833] {processor.py:651} INFO - DAG(s) dict_keys(['example_complex']) retrieved from /home/airflow/.local/lib/python3.7/site-packages/airflow/example_dags/example_complex.py
[2022-12-16 01:55:00,878] {logging_mixin.py:115} INFO - [2022-12-16 01:55:00,878] {dag.py:2371} INFO - Sync 1 DAGs
[2022-12-16 01:55:01,071] {logging_mixin.py:115} INFO - [2022-12-16 01:55:01,071] {dag.py:2919} INFO - Setting next_dagrun for example_complex to None, run_after=None
[2022-12-16 01:55:01,083] {processor.py:161} INFO - Processing /home/airflow/.local/lib/python3.7/site-packages/airflow/example_dags/example_complex.py took 0.279 seconds
[2022-12-16 01:55:31,652] {processor.py:153} INFO - Started process (PID=642) to work on /home/airflow/.local/lib/python3.7/site-packages/airflow/example_dags/example_complex.py
[2022-12-16 01:55:31,653] {processor.py:641} INFO - Processing file /home/airflow/.local/lib/python3.7/site-packages/airflow/example_dags/example_complex.py for tasks to queue
[2022-12-16 01:55:31,656] {logging_mixin.py:115} INFO - [2022-12-16 01:55:31,655] {dagbag.py:507} INFO - Filling up the DagBag from /home/airflow/.local/lib/python3.7/site-packages/airflow/example_dags/example_complex.py
[2022-12-16 01:55:31,676] {processor.py:651} INFO - DAG(s) dict_keys(['example_complex']) retrieved from /home/airflow/.local/lib/python3.7/site-packages/airflow/example_dags/example_complex.py
[2022-12-16 01:55:31,715] {logging_mixin.py:115} INFO - [2022-12-16 01:55:31,715] {dag.py:2371} INFO - Sync 1 DAGs
[2022-12-16 01:55:31,892] {logging_mixin.py:115} INFO - [2022-12-16 01:55:31,892] {dag.py:2919} INFO - Setting next_dagrun for example_complex to None, run_after=None
[2022-12-16 01:55:31,905] {processor.py:161} INFO - Processing /home/airflow/.local/lib/python3.7/site-packages/airflow/example_dags/example_complex.py took 0.260 seconds
[2022-12-16 01:56:02,127] {processor.py:153} INFO - Started process (PID=694) to work on /home/airflow/.local/lib/python3.7/site-packages/airflow/example_dags/example_complex.py
[2022-12-16 01:56:02,128] {processor.py:641} INFO - Processing file /home/airflow/.local/lib/python3.7/site-packages/airflow/example_dags/example_complex.py for tasks to queue
[2022-12-16 01:56:02,129] {logging_mixin.py:115} INFO - [2022-12-16 01:56:02,129] {dagbag.py:507} INFO - Filling up the DagBag from /home/airflow/.local/lib/python3.7/site-packages/airflow/example_dags/example_complex.py
[2022-12-16 01:56:02,141] {processor.py:651} INFO - DAG(s) dict_keys(['example_complex']) retrieved from /home/airflow/.local/lib/python3.7/site-packages/airflow/example_dags/example_complex.py
[2022-12-16 01:56:02,182] {logging_mixin.py:115} INFO - [2022-12-16 01:56:02,182] {dag.py:2371} INFO - Sync 1 DAGs
[2022-12-16 01:56:02,343] {logging_mixin.py:115} INFO - [2022-12-16 01:56:02,342] {dag.py:2919} INFO - Setting next_dagrun for example_complex to None, run_after=None
[2022-12-16 01:56:02,355] {processor.py:161} INFO - Processing /home/airflow/.local/lib/python3.7/site-packages/airflow/example_dags/example_complex.py took 0.233 seconds
[2022-12-16 01:56:32,608] {processor.py:153} INFO - Started process (PID=756) to work on /home/airflow/.local/lib/python3.7/site-packages/airflow/example_dags/example_complex.py
[2022-12-16 01:56:32,609] {processor.py:641} INFO - Processing file /home/airflow/.local/lib/python3.7/site-packages/airflow/example_dags/example_complex.py for tasks to queue
[2022-12-16 01:56:32,609] {logging_mixin.py:115} INFO - [2022-12-16 01:56:32,609] {dagbag.py:507} INFO - Filling up the DagBag from /home/airflow/.local/lib/python3.7/site-packages/airflow/example_dags/example_complex.py
[2022-12-16 01:56:32,620] {processor.py:651} INFO - DAG(s) dict_keys(['example_complex']) retrieved from /home/airflow/.local/lib/python3.7/site-packages/airflow/example_dags/example_complex.py
[2022-12-16 01:56:32,651] {logging_mixin.py:115} INFO - [2022-12-16 01:56:32,651] {dag.py:2371} INFO - Sync 1 DAGs
[2022-12-16 01:56:32,808] {logging_mixin.py:115} INFO - [2022-12-16 01:56:32,808] {dag.py:2919} INFO - Setting next_dagrun for example_complex to None, run_after=None
[2022-12-16 01:56:32,820] {processor.py:161} INFO - Processing /home/airflow/.local/lib/python3.7/site-packages/airflow/example_dags/example_complex.py took 0.217 seconds
[2022-12-16 01:57:03,203] {processor.py:153} INFO - Started process (PID=818) to work on /home/airflow/.local/lib/python3.7/site-packages/airflow/example_dags/example_complex.py
[2022-12-16 01:57:03,204] {processor.py:641} INFO - Processing file /home/airflow/.local/lib/python3.7/site-packages/airflow/example_dags/example_complex.py for tasks to queue
[2022-12-16 01:57:03,204] {logging_mixin.py:115} INFO - [2022-12-16 01:57:03,204] {dagbag.py:507} INFO - Filling up the DagBag from /home/airflow/.local/lib/python3.7/site-packages/airflow/example_dags/example_complex.py
[2022-12-16 01:57:03,219] {processor.py:651} INFO - DAG(s) dict_keys(['example_complex']) retrieved from /home/airflow/.local/lib/python3.7/site-packages/airflow/example_dags/example_complex.py
[2022-12-16 01:57:03,274] {logging_mixin.py:115} INFO - [2022-12-16 01:57:03,274] {dag.py:2371} INFO - Sync 1 DAGs
[2022-12-16 01:57:03,468] {logging_mixin.py:115} INFO - [2022-12-16 01:57:03,468] {dag.py:2919} INFO - Setting next_dagrun for example_complex to None, run_after=None
[2022-12-16 01:57:03,484] {processor.py:161} INFO - Processing /home/airflow/.local/lib/python3.7/site-packages/airflow/example_dags/example_complex.py took 0.286 seconds
[2022-12-16 01:57:33,823] {processor.py:153} INFO - Started process (PID=880) to work on /home/airflow/.local/lib/python3.7/site-packages/airflow/example_dags/example_complex.py
[2022-12-16 01:57:33,824] {processor.py:641} INFO - Processing file /home/airflow/.local/lib/python3.7/site-packages/airflow/example_dags/example_complex.py for tasks to queue
[2022-12-16 01:57:33,826] {logging_mixin.py:115} INFO - [2022-12-16 01:57:33,825] {dagbag.py:507} INFO - Filling up the DagBag from /home/airflow/.local/lib/python3.7/site-packages/airflow/example_dags/example_complex.py
[2022-12-16 01:57:33,840] {processor.py:651} INFO - DAG(s) dict_keys(['example_complex']) retrieved from /home/airflow/.local/lib/python3.7/site-packages/airflow/example_dags/example_complex.py
[2022-12-16 01:57:33,882] {logging_mixin.py:115} INFO - [2022-12-16 01:57:33,882] {dag.py:2371} INFO - Sync 1 DAGs
[2022-12-16 01:57:34,142] {logging_mixin.py:115} INFO - [2022-12-16 01:57:34,142] {dag.py:2919} INFO - Setting next_dagrun for example_complex to None, run_after=None
[2022-12-16 01:57:34,157] {processor.py:161} INFO - Processing /home/airflow/.local/lib/python3.7/site-packages/airflow/example_dags/example_complex.py took 0.341 seconds
[2022-12-16 01:58:56,854] {processor.py:153} INFO - Started process (PID=57) to work on /home/airflow/.local/lib/python3.7/site-packages/airflow/example_dags/example_complex.py
[2022-12-16 01:58:56,856] {processor.py:641} INFO - Processing file /home/airflow/.local/lib/python3.7/site-packages/airflow/example_dags/example_complex.py for tasks to queue
[2022-12-16 01:58:56,857] {logging_mixin.py:115} INFO - [2022-12-16 01:58:56,857] {dagbag.py:507} INFO - Filling up the DagBag from /home/airflow/.local/lib/python3.7/site-packages/airflow/example_dags/example_complex.py
[2022-12-16 01:58:56,869] {processor.py:651} INFO - DAG(s) dict_keys(['example_complex']) retrieved from /home/airflow/.local/lib/python3.7/site-packages/airflow/example_dags/example_complex.py
[2022-12-16 01:58:56,902] {logging_mixin.py:115} INFO - [2022-12-16 01:58:56,902] {dag.py:2371} INFO - Sync 1 DAGs
[2022-12-16 01:58:56,929] {logging_mixin.py:115} INFO - [2022-12-16 01:58:56,929] {dag.py:2919} INFO - Setting next_dagrun for example_complex to None, run_after=None
[2022-12-16 01:58:56,947] {processor.py:161} INFO - Processing /home/airflow/.local/lib/python3.7/site-packages/airflow/example_dags/example_complex.py took 0.098 seconds
[2022-12-16 01:59:43,054] {processor.py:153} INFO - Started process (PID=48) to work on /home/airflow/.local/lib/python3.7/site-packages/airflow/example_dags/example_complex.py
[2022-12-16 01:59:43,057] {processor.py:641} INFO - Processing file /home/airflow/.local/lib/python3.7/site-packages/airflow/example_dags/example_complex.py for tasks to queue
[2022-12-16 01:59:43,059] {logging_mixin.py:115} INFO - [2022-12-16 01:59:43,059] {dagbag.py:507} INFO - Filling up the DagBag from /home/airflow/.local/lib/python3.7/site-packages/airflow/example_dags/example_complex.py
[2022-12-16 01:59:43,078] {processor.py:651} INFO - DAG(s) dict_keys(['example_complex']) retrieved from /home/airflow/.local/lib/python3.7/site-packages/airflow/example_dags/example_complex.py
[2022-12-16 01:59:43,136] {logging_mixin.py:115} INFO - [2022-12-16 01:59:43,136] {dag.py:2371} INFO - Sync 1 DAGs
[2022-12-16 01:59:43,173] {logging_mixin.py:115} INFO - [2022-12-16 01:59:43,173] {dag.py:2919} INFO - Setting next_dagrun for example_complex to None, run_after=None
[2022-12-16 01:59:43,193] {processor.py:161} INFO - Processing /home/airflow/.local/lib/python3.7/site-packages/airflow/example_dags/example_complex.py took 0.146 seconds
[2022-12-16 02:00:13,394] {processor.py:153} INFO - Started process (PID=110) to work on /home/airflow/.local/lib/python3.7/site-packages/airflow/example_dags/example_complex.py
[2022-12-16 02:00:13,399] {processor.py:641} INFO - Processing file /home/airflow/.local/lib/python3.7/site-packages/airflow/example_dags/example_complex.py for tasks to queue
[2022-12-16 02:00:13,401] {logging_mixin.py:115} INFO - [2022-12-16 02:00:13,400] {dagbag.py:507} INFO - Filling up the DagBag from /home/airflow/.local/lib/python3.7/site-packages/airflow/example_dags/example_complex.py
[2022-12-16 02:00:13,420] {processor.py:651} INFO - DAG(s) dict_keys(['example_complex']) retrieved from /home/airflow/.local/lib/python3.7/site-packages/airflow/example_dags/example_complex.py
[2022-12-16 02:00:13,458] {logging_mixin.py:115} INFO - [2022-12-16 02:00:13,458] {dag.py:2371} INFO - Sync 1 DAGs
[2022-12-16 02:00:13,489] {logging_mixin.py:115} INFO - [2022-12-16 02:00:13,489] {dag.py:2919} INFO - Setting next_dagrun for example_complex to None, run_after=None
[2022-12-16 02:00:13,513] {processor.py:161} INFO - Processing /home/airflow/.local/lib/python3.7/site-packages/airflow/example_dags/example_complex.py took 0.123 seconds
[2022-12-16 02:00:44,307] {processor.py:153} INFO - Started process (PID=173) to work on /home/airflow/.local/lib/python3.7/site-packages/airflow/example_dags/example_complex.py
[2022-12-16 02:00:44,307] {processor.py:641} INFO - Processing file /home/airflow/.local/lib/python3.7/site-packages/airflow/example_dags/example_complex.py for tasks to queue
[2022-12-16 02:00:44,309] {logging_mixin.py:115} INFO - [2022-12-16 02:00:44,309] {dagbag.py:507} INFO - Filling up the DagBag from /home/airflow/.local/lib/python3.7/site-packages/airflow/example_dags/example_complex.py
[2022-12-16 02:00:44,322] {processor.py:651} INFO - DAG(s) dict_keys(['example_complex']) retrieved from /home/airflow/.local/lib/python3.7/site-packages/airflow/example_dags/example_complex.py
[2022-12-16 02:00:44,354] {logging_mixin.py:115} INFO - [2022-12-16 02:00:44,354] {dag.py:2371} INFO - Sync 1 DAGs
[2022-12-16 02:00:44,375] {logging_mixin.py:115} INFO - [2022-12-16 02:00:44,374] {dag.py:2919} INFO - Setting next_dagrun for example_complex to None, run_after=None
[2022-12-16 02:00:44,389] {processor.py:161} INFO - Processing /home/airflow/.local/lib/python3.7/site-packages/airflow/example_dags/example_complex.py took 0.086 seconds
[2022-12-16 02:01:15,170] {processor.py:153} INFO - Started process (PID=226) to work on /home/airflow/.local/lib/python3.7/site-packages/airflow/example_dags/example_complex.py
[2022-12-16 02:01:15,171] {processor.py:641} INFO - Processing file /home/airflow/.local/lib/python3.7/site-packages/airflow/example_dags/example_complex.py for tasks to queue
[2022-12-16 02:01:15,174] {logging_mixin.py:115} INFO - [2022-12-16 02:01:15,173] {dagbag.py:507} INFO - Filling up the DagBag from /home/airflow/.local/lib/python3.7/site-packages/airflow/example_dags/example_complex.py
[2022-12-16 02:01:15,186] {processor.py:651} INFO - DAG(s) dict_keys(['example_complex']) retrieved from /home/airflow/.local/lib/python3.7/site-packages/airflow/example_dags/example_complex.py
[2022-12-16 02:01:15,220] {logging_mixin.py:115} INFO - [2022-12-16 02:01:15,220] {dag.py:2371} INFO - Sync 1 DAGs
[2022-12-16 02:01:15,245] {logging_mixin.py:115} INFO - [2022-12-16 02:01:15,245] {dag.py:2919} INFO - Setting next_dagrun for example_complex to None, run_after=None
[2022-12-16 02:01:15,258] {processor.py:161} INFO - Processing /home/airflow/.local/lib/python3.7/site-packages/airflow/example_dags/example_complex.py took 0.092 seconds
[2022-12-16 02:01:45,985] {processor.py:153} INFO - Started process (PID=288) to work on /home/airflow/.local/lib/python3.7/site-packages/airflow/example_dags/example_complex.py
[2022-12-16 02:01:45,986] {processor.py:641} INFO - Processing file /home/airflow/.local/lib/python3.7/site-packages/airflow/example_dags/example_complex.py for tasks to queue
[2022-12-16 02:01:45,987] {logging_mixin.py:115} INFO - [2022-12-16 02:01:45,987] {dagbag.py:507} INFO - Filling up the DagBag from /home/airflow/.local/lib/python3.7/site-packages/airflow/example_dags/example_complex.py
[2022-12-16 02:01:45,999] {processor.py:651} INFO - DAG(s) dict_keys(['example_complex']) retrieved from /home/airflow/.local/lib/python3.7/site-packages/airflow/example_dags/example_complex.py
[2022-12-16 02:01:46,036] {logging_mixin.py:115} INFO - [2022-12-16 02:01:46,035] {dag.py:2371} INFO - Sync 1 DAGs
[2022-12-16 02:01:46,061] {logging_mixin.py:115} INFO - [2022-12-16 02:01:46,061] {dag.py:2919} INFO - Setting next_dagrun for example_complex to None, run_after=None
[2022-12-16 02:01:46,074] {processor.py:161} INFO - Processing /home/airflow/.local/lib/python3.7/site-packages/airflow/example_dags/example_complex.py took 0.092 seconds
[2022-12-16 02:02:16,394] {processor.py:153} INFO - Started process (PID=350) to work on /home/airflow/.local/lib/python3.7/site-packages/airflow/example_dags/example_complex.py
[2022-12-16 02:02:16,395] {processor.py:641} INFO - Processing file /home/airflow/.local/lib/python3.7/site-packages/airflow/example_dags/example_complex.py for tasks to queue
[2022-12-16 02:02:16,396] {logging_mixin.py:115} INFO - [2022-12-16 02:02:16,396] {dagbag.py:507} INFO - Filling up the DagBag from /home/airflow/.local/lib/python3.7/site-packages/airflow/example_dags/example_complex.py
[2022-12-16 02:02:16,424] {processor.py:651} INFO - DAG(s) dict_keys(['example_complex']) retrieved from /home/airflow/.local/lib/python3.7/site-packages/airflow/example_dags/example_complex.py
[2022-12-16 02:02:16,466] {logging_mixin.py:115} INFO - [2022-12-16 02:02:16,466] {dag.py:2371} INFO - Sync 1 DAGs
[2022-12-16 02:02:16,495] {logging_mixin.py:115} INFO - [2022-12-16 02:02:16,495] {dag.py:2919} INFO - Setting next_dagrun for example_complex to None, run_after=None
[2022-12-16 02:02:16,511] {processor.py:161} INFO - Processing /home/airflow/.local/lib/python3.7/site-packages/airflow/example_dags/example_complex.py took 0.123 seconds
[2022-12-16 02:02:46,703] {processor.py:153} INFO - Started process (PID=413) to work on /home/airflow/.local/lib/python3.7/site-packages/airflow/example_dags/example_complex.py
[2022-12-16 02:02:46,705] {processor.py:641} INFO - Processing file /home/airflow/.local/lib/python3.7/site-packages/airflow/example_dags/example_complex.py for tasks to queue
[2022-12-16 02:02:46,706] {logging_mixin.py:115} INFO - [2022-12-16 02:02:46,706] {dagbag.py:507} INFO - Filling up the DagBag from /home/airflow/.local/lib/python3.7/site-packages/airflow/example_dags/example_complex.py
[2022-12-16 02:02:46,729] {processor.py:651} INFO - DAG(s) dict_keys(['example_complex']) retrieved from /home/airflow/.local/lib/python3.7/site-packages/airflow/example_dags/example_complex.py
[2022-12-16 02:02:46,791] {logging_mixin.py:115} INFO - [2022-12-16 02:02:46,791] {dag.py:2371} INFO - Sync 1 DAGs
[2022-12-16 02:02:46,827] {logging_mixin.py:115} INFO - [2022-12-16 02:02:46,826] {dag.py:2919} INFO - Setting next_dagrun for example_complex to None, run_after=None
[2022-12-16 02:02:46,849] {processor.py:161} INFO - Processing /home/airflow/.local/lib/python3.7/site-packages/airflow/example_dags/example_complex.py took 0.151 seconds
[2022-12-16 02:03:17,081] {processor.py:153} INFO - Started process (PID=466) to work on /home/airflow/.local/lib/python3.7/site-packages/airflow/example_dags/example_complex.py
[2022-12-16 02:03:17,082] {processor.py:641} INFO - Processing file /home/airflow/.local/lib/python3.7/site-packages/airflow/example_dags/example_complex.py for tasks to queue
[2022-12-16 02:03:17,083] {logging_mixin.py:115} INFO - [2022-12-16 02:03:17,083] {dagbag.py:507} INFO - Filling up the DagBag from /home/airflow/.local/lib/python3.7/site-packages/airflow/example_dags/example_complex.py
[2022-12-16 02:03:17,098] {processor.py:651} INFO - DAG(s) dict_keys(['example_complex']) retrieved from /home/airflow/.local/lib/python3.7/site-packages/airflow/example_dags/example_complex.py
[2022-12-16 02:03:17,142] {logging_mixin.py:115} INFO - [2022-12-16 02:03:17,142] {dag.py:2371} INFO - Sync 1 DAGs
[2022-12-16 02:03:17,167] {logging_mixin.py:115} INFO - [2022-12-16 02:03:17,167] {dag.py:2919} INFO - Setting next_dagrun for example_complex to None, run_after=None
[2022-12-16 02:03:17,183] {processor.py:161} INFO - Processing /home/airflow/.local/lib/python3.7/site-packages/airflow/example_dags/example_complex.py took 0.107 seconds
[2022-12-16 02:03:47,830] {processor.py:153} INFO - Started process (PID=528) to work on /home/airflow/.local/lib/python3.7/site-packages/airflow/example_dags/example_complex.py
[2022-12-16 02:03:47,831] {processor.py:641} INFO - Processing file /home/airflow/.local/lib/python3.7/site-packages/airflow/example_dags/example_complex.py for tasks to queue
[2022-12-16 02:03:47,832] {logging_mixin.py:115} INFO - [2022-12-16 02:03:47,832] {dagbag.py:507} INFO - Filling up the DagBag from /home/airflow/.local/lib/python3.7/site-packages/airflow/example_dags/example_complex.py
[2022-12-16 02:03:47,846] {processor.py:651} INFO - DAG(s) dict_keys(['example_complex']) retrieved from /home/airflow/.local/lib/python3.7/site-packages/airflow/example_dags/example_complex.py
[2022-12-16 02:03:47,878] {logging_mixin.py:115} INFO - [2022-12-16 02:03:47,878] {dag.py:2371} INFO - Sync 1 DAGs
[2022-12-16 02:03:47,904] {logging_mixin.py:115} INFO - [2022-12-16 02:03:47,904] {dag.py:2919} INFO - Setting next_dagrun for example_complex to None, run_after=None
[2022-12-16 02:03:47,919] {processor.py:161} INFO - Processing /home/airflow/.local/lib/python3.7/site-packages/airflow/example_dags/example_complex.py took 0.092 seconds
[2022-12-16 02:04:18,391] {processor.py:153} INFO - Started process (PID=589) to work on /home/airflow/.local/lib/python3.7/site-packages/airflow/example_dags/example_complex.py
[2022-12-16 02:04:18,391] {processor.py:641} INFO - Processing file /home/airflow/.local/lib/python3.7/site-packages/airflow/example_dags/example_complex.py for tasks to queue
[2022-12-16 02:04:18,392] {logging_mixin.py:115} INFO - [2022-12-16 02:04:18,392] {dagbag.py:507} INFO - Filling up the DagBag from /home/airflow/.local/lib/python3.7/site-packages/airflow/example_dags/example_complex.py
[2022-12-16 02:04:18,410] {processor.py:651} INFO - DAG(s) dict_keys(['example_complex']) retrieved from /home/airflow/.local/lib/python3.7/site-packages/airflow/example_dags/example_complex.py
[2022-12-16 02:04:18,438] {logging_mixin.py:115} INFO - [2022-12-16 02:04:18,438] {dag.py:2371} INFO - Sync 1 DAGs
[2022-12-16 02:04:18,460] {logging_mixin.py:115} INFO - [2022-12-16 02:04:18,460] {dag.py:2919} INFO - Setting next_dagrun for example_complex to None, run_after=None
[2022-12-16 02:04:18,472] {processor.py:161} INFO - Processing /home/airflow/.local/lib/python3.7/site-packages/airflow/example_dags/example_complex.py took 0.086 seconds
[2022-12-16 02:04:48,864] {processor.py:153} INFO - Started process (PID=652) to work on /home/airflow/.local/lib/python3.7/site-packages/airflow/example_dags/example_complex.py
[2022-12-16 02:04:48,865] {processor.py:641} INFO - Processing file /home/airflow/.local/lib/python3.7/site-packages/airflow/example_dags/example_complex.py for tasks to queue
[2022-12-16 02:04:48,866] {logging_mixin.py:115} INFO - [2022-12-16 02:04:48,866] {dagbag.py:507} INFO - Filling up the DagBag from /home/airflow/.local/lib/python3.7/site-packages/airflow/example_dags/example_complex.py
[2022-12-16 02:04:48,882] {processor.py:651} INFO - DAG(s) dict_keys(['example_complex']) retrieved from /home/airflow/.local/lib/python3.7/site-packages/airflow/example_dags/example_complex.py
[2022-12-16 02:04:48,939] {logging_mixin.py:115} INFO - [2022-12-16 02:04:48,939] {dag.py:2371} INFO - Sync 1 DAGs
[2022-12-16 02:04:48,978] {logging_mixin.py:115} INFO - [2022-12-16 02:04:48,978] {dag.py:2919} INFO - Setting next_dagrun for example_complex to None, run_after=None
[2022-12-16 02:04:49,000] {processor.py:161} INFO - Processing /home/airflow/.local/lib/python3.7/site-packages/airflow/example_dags/example_complex.py took 0.140 seconds
[2022-12-16 02:05:19,804] {processor.py:153} INFO - Started process (PID=706) to work on /home/airflow/.local/lib/python3.7/site-packages/airflow/example_dags/example_complex.py
[2022-12-16 02:05:19,805] {processor.py:641} INFO - Processing file /home/airflow/.local/lib/python3.7/site-packages/airflow/example_dags/example_complex.py for tasks to queue
[2022-12-16 02:05:19,806] {logging_mixin.py:115} INFO - [2022-12-16 02:05:19,806] {dagbag.py:507} INFO - Filling up the DagBag from /home/airflow/.local/lib/python3.7/site-packages/airflow/example_dags/example_complex.py
[2022-12-16 02:05:19,820] {processor.py:651} INFO - DAG(s) dict_keys(['example_complex']) retrieved from /home/airflow/.local/lib/python3.7/site-packages/airflow/example_dags/example_complex.py
[2022-12-16 02:05:19,859] {logging_mixin.py:115} INFO - [2022-12-16 02:05:19,858] {dag.py:2371} INFO - Sync 1 DAGs
[2022-12-16 02:05:19,889] {logging_mixin.py:115} INFO - [2022-12-16 02:05:19,889] {dag.py:2919} INFO - Setting next_dagrun for example_complex to None, run_after=None
[2022-12-16 02:05:19,911] {processor.py:161} INFO - Processing /home/airflow/.local/lib/python3.7/site-packages/airflow/example_dags/example_complex.py took 0.110 seconds
[2022-12-16 02:05:50,178] {processor.py:153} INFO - Started process (PID=768) to work on /home/airflow/.local/lib/python3.7/site-packages/airflow/example_dags/example_complex.py
[2022-12-16 02:05:50,179] {processor.py:641} INFO - Processing file /home/airflow/.local/lib/python3.7/site-packages/airflow/example_dags/example_complex.py for tasks to queue
[2022-12-16 02:05:50,179] {logging_mixin.py:115} INFO - [2022-12-16 02:05:50,179] {dagbag.py:507} INFO - Filling up the DagBag from /home/airflow/.local/lib/python3.7/site-packages/airflow/example_dags/example_complex.py
[2022-12-16 02:05:50,192] {processor.py:651} INFO - DAG(s) dict_keys(['example_complex']) retrieved from /home/airflow/.local/lib/python3.7/site-packages/airflow/example_dags/example_complex.py
[2022-12-16 02:05:50,224] {logging_mixin.py:115} INFO - [2022-12-16 02:05:50,224] {dag.py:2371} INFO - Sync 1 DAGs
[2022-12-16 02:05:50,248] {logging_mixin.py:115} INFO - [2022-12-16 02:05:50,248] {dag.py:2919} INFO - Setting next_dagrun for example_complex to None, run_after=None
[2022-12-16 02:05:50,264] {processor.py:161} INFO - Processing /home/airflow/.local/lib/python3.7/site-packages/airflow/example_dags/example_complex.py took 0.089 seconds
[2022-12-16 02:06:21,046] {processor.py:153} INFO - Started process (PID=831) to work on /home/airflow/.local/lib/python3.7/site-packages/airflow/example_dags/example_complex.py
[2022-12-16 02:06:21,046] {processor.py:641} INFO - Processing file /home/airflow/.local/lib/python3.7/site-packages/airflow/example_dags/example_complex.py for tasks to queue
[2022-12-16 02:06:21,047] {logging_mixin.py:115} INFO - [2022-12-16 02:06:21,047] {dagbag.py:507} INFO - Filling up the DagBag from /home/airflow/.local/lib/python3.7/site-packages/airflow/example_dags/example_complex.py
[2022-12-16 02:06:21,061] {processor.py:651} INFO - DAG(s) dict_keys(['example_complex']) retrieved from /home/airflow/.local/lib/python3.7/site-packages/airflow/example_dags/example_complex.py
[2022-12-16 02:06:21,101] {logging_mixin.py:115} INFO - [2022-12-16 02:06:21,101] {dag.py:2371} INFO - Sync 1 DAGs
[2022-12-16 02:06:21,142] {logging_mixin.py:115} INFO - [2022-12-16 02:06:21,142] {dag.py:2919} INFO - Setting next_dagrun for example_complex to None, run_after=None
[2022-12-16 02:06:21,162] {processor.py:161} INFO - Processing /home/airflow/.local/lib/python3.7/site-packages/airflow/example_dags/example_complex.py took 0.121 seconds
[2022-12-16 02:06:51,407] {processor.py:153} INFO - Started process (PID=885) to work on /home/airflow/.local/lib/python3.7/site-packages/airflow/example_dags/example_complex.py
[2022-12-16 02:06:51,408] {processor.py:641} INFO - Processing file /home/airflow/.local/lib/python3.7/site-packages/airflow/example_dags/example_complex.py for tasks to queue
[2022-12-16 02:06:51,409] {logging_mixin.py:115} INFO - [2022-12-16 02:06:51,409] {dagbag.py:507} INFO - Filling up the DagBag from /home/airflow/.local/lib/python3.7/site-packages/airflow/example_dags/example_complex.py
[2022-12-16 02:06:51,428] {processor.py:651} INFO - DAG(s) dict_keys(['example_complex']) retrieved from /home/airflow/.local/lib/python3.7/site-packages/airflow/example_dags/example_complex.py
[2022-12-16 02:06:51,465] {logging_mixin.py:115} INFO - [2022-12-16 02:06:51,465] {dag.py:2371} INFO - Sync 1 DAGs
[2022-12-16 02:06:51,490] {logging_mixin.py:115} INFO - [2022-12-16 02:06:51,490] {dag.py:2919} INFO - Setting next_dagrun for example_complex to None, run_after=None
[2022-12-16 02:06:51,501] {processor.py:161} INFO - Processing /home/airflow/.local/lib/python3.7/site-packages/airflow/example_dags/example_complex.py took 0.105 seconds
[2022-12-16 02:07:21,775] {processor.py:153} INFO - Started process (PID=948) to work on /home/airflow/.local/lib/python3.7/site-packages/airflow/example_dags/example_complex.py
[2022-12-16 02:07:21,775] {processor.py:641} INFO - Processing file /home/airflow/.local/lib/python3.7/site-packages/airflow/example_dags/example_complex.py for tasks to queue
[2022-12-16 02:07:21,776] {logging_mixin.py:115} INFO - [2022-12-16 02:07:21,776] {dagbag.py:507} INFO - Filling up the DagBag from /home/airflow/.local/lib/python3.7/site-packages/airflow/example_dags/example_complex.py
[2022-12-16 02:07:21,791] {processor.py:651} INFO - DAG(s) dict_keys(['example_complex']) retrieved from /home/airflow/.local/lib/python3.7/site-packages/airflow/example_dags/example_complex.py
[2022-12-16 02:07:21,824] {logging_mixin.py:115} INFO - [2022-12-16 02:07:21,824] {dag.py:2371} INFO - Sync 1 DAGs
[2022-12-16 02:07:21,846] {logging_mixin.py:115} INFO - [2022-12-16 02:07:21,846] {dag.py:2919} INFO - Setting next_dagrun for example_complex to None, run_after=None
[2022-12-16 02:07:21,860] {processor.py:161} INFO - Processing /home/airflow/.local/lib/python3.7/site-packages/airflow/example_dags/example_complex.py took 0.090 seconds
[2022-12-16 02:07:52,904] {processor.py:153} INFO - Started process (PID=1011) to work on /home/airflow/.local/lib/python3.7/site-packages/airflow/example_dags/example_complex.py
[2022-12-16 02:07:52,905] {processor.py:641} INFO - Processing file /home/airflow/.local/lib/python3.7/site-packages/airflow/example_dags/example_complex.py for tasks to queue
[2022-12-16 02:07:52,907] {logging_mixin.py:115} INFO - [2022-12-16 02:07:52,907] {dagbag.py:507} INFO - Filling up the DagBag from /home/airflow/.local/lib/python3.7/site-packages/airflow/example_dags/example_complex.py
[2022-12-16 02:07:52,922] {processor.py:651} INFO - DAG(s) dict_keys(['example_complex']) retrieved from /home/airflow/.local/lib/python3.7/site-packages/airflow/example_dags/example_complex.py
[2022-12-16 02:07:52,959] {logging_mixin.py:115} INFO - [2022-12-16 02:07:52,958] {dag.py:2371} INFO - Sync 1 DAGs
[2022-12-16 02:07:52,997] {logging_mixin.py:115} INFO - [2022-12-16 02:07:52,997] {dag.py:2919} INFO - Setting next_dagrun for example_complex to None, run_after=None
[2022-12-16 02:07:53,021] {processor.py:161} INFO - Processing /home/airflow/.local/lib/python3.7/site-packages/airflow/example_dags/example_complex.py took 0.123 seconds
[2022-12-16 02:08:23,661] {processor.py:153} INFO - Started process (PID=1073) to work on /home/airflow/.local/lib/python3.7/site-packages/airflow/example_dags/example_complex.py
[2022-12-16 02:08:23,662] {processor.py:641} INFO - Processing file /home/airflow/.local/lib/python3.7/site-packages/airflow/example_dags/example_complex.py for tasks to queue
[2022-12-16 02:08:23,663] {logging_mixin.py:115} INFO - [2022-12-16 02:08:23,663] {dagbag.py:507} INFO - Filling up the DagBag from /home/airflow/.local/lib/python3.7/site-packages/airflow/example_dags/example_complex.py
[2022-12-16 02:08:23,680] {processor.py:651} INFO - DAG(s) dict_keys(['example_complex']) retrieved from /home/airflow/.local/lib/python3.7/site-packages/airflow/example_dags/example_complex.py
[2022-12-16 02:08:23,719] {logging_mixin.py:115} INFO - [2022-12-16 02:08:23,719] {dag.py:2371} INFO - Sync 1 DAGs
[2022-12-16 02:08:23,741] {logging_mixin.py:115} INFO - [2022-12-16 02:08:23,741] {dag.py:2919} INFO - Setting next_dagrun for example_complex to None, run_after=None
[2022-12-16 02:08:23,753] {processor.py:161} INFO - Processing /home/airflow/.local/lib/python3.7/site-packages/airflow/example_dags/example_complex.py took 0.096 seconds
[2022-12-16 02:08:54,327] {processor.py:153} INFO - Started process (PID=1133) to work on /home/airflow/.local/lib/python3.7/site-packages/airflow/example_dags/example_complex.py
[2022-12-16 02:08:54,328] {processor.py:641} INFO - Processing file /home/airflow/.local/lib/python3.7/site-packages/airflow/example_dags/example_complex.py for tasks to queue
[2022-12-16 02:08:54,342] {logging_mixin.py:115} INFO - [2022-12-16 02:08:54,336] {dagbag.py:507} INFO - Filling up the DagBag from /home/airflow/.local/lib/python3.7/site-packages/airflow/example_dags/example_complex.py
[2022-12-16 02:08:54,366] {processor.py:651} INFO - DAG(s) dict_keys(['example_complex']) retrieved from /home/airflow/.local/lib/python3.7/site-packages/airflow/example_dags/example_complex.py
[2022-12-16 02:08:54,414] {logging_mixin.py:115} INFO - [2022-12-16 02:08:54,414] {dag.py:2371} INFO - Sync 1 DAGs
[2022-12-16 02:08:54,439] {logging_mixin.py:115} INFO - [2022-12-16 02:08:54,439] {dag.py:2919} INFO - Setting next_dagrun for example_complex to None, run_after=None
[2022-12-16 02:08:54,458] {processor.py:161} INFO - Processing /home/airflow/.local/lib/python3.7/site-packages/airflow/example_dags/example_complex.py took 0.134 seconds
[2022-12-16 02:09:24,592] {processor.py:153} INFO - Started process (PID=1189) to work on /home/airflow/.local/lib/python3.7/site-packages/airflow/example_dags/example_complex.py
[2022-12-16 02:09:24,592] {processor.py:641} INFO - Processing file /home/airflow/.local/lib/python3.7/site-packages/airflow/example_dags/example_complex.py for tasks to queue
[2022-12-16 02:09:24,593] {logging_mixin.py:115} INFO - [2022-12-16 02:09:24,593] {dagbag.py:507} INFO - Filling up the DagBag from /home/airflow/.local/lib/python3.7/site-packages/airflow/example_dags/example_complex.py
[2022-12-16 02:09:24,608] {processor.py:651} INFO - DAG(s) dict_keys(['example_complex']) retrieved from /home/airflow/.local/lib/python3.7/site-packages/airflow/example_dags/example_complex.py
[2022-12-16 02:09:24,639] {logging_mixin.py:115} INFO - [2022-12-16 02:09:24,639] {dag.py:2371} INFO - Sync 1 DAGs
[2022-12-16 02:09:24,665] {logging_mixin.py:115} INFO - [2022-12-16 02:09:24,665] {dag.py:2919} INFO - Setting next_dagrun for example_complex to None, run_after=None
[2022-12-16 02:09:24,683] {processor.py:161} INFO - Processing /home/airflow/.local/lib/python3.7/site-packages/airflow/example_dags/example_complex.py took 0.095 seconds
[2022-12-16 02:09:55,067] {processor.py:153} INFO - Started process (PID=1251) to work on /home/airflow/.local/lib/python3.7/site-packages/airflow/example_dags/example_complex.py
[2022-12-16 02:09:55,068] {processor.py:641} INFO - Processing file /home/airflow/.local/lib/python3.7/site-packages/airflow/example_dags/example_complex.py for tasks to queue
[2022-12-16 02:09:55,070] {logging_mixin.py:115} INFO - [2022-12-16 02:09:55,070] {dagbag.py:507} INFO - Filling up the DagBag from /home/airflow/.local/lib/python3.7/site-packages/airflow/example_dags/example_complex.py
[2022-12-16 02:09:55,091] {processor.py:651} INFO - DAG(s) dict_keys(['example_complex']) retrieved from /home/airflow/.local/lib/python3.7/site-packages/airflow/example_dags/example_complex.py
[2022-12-16 02:09:55,131] {logging_mixin.py:115} INFO - [2022-12-16 02:09:55,130] {dag.py:2371} INFO - Sync 1 DAGs
[2022-12-16 02:09:55,159] {logging_mixin.py:115} INFO - [2022-12-16 02:09:55,159] {dag.py:2919} INFO - Setting next_dagrun for example_complex to None, run_after=None
[2022-12-16 02:09:55,176] {processor.py:161} INFO - Processing /home/airflow/.local/lib/python3.7/site-packages/airflow/example_dags/example_complex.py took 0.114 seconds
[2022-12-16 02:10:25,549] {processor.py:153} INFO - Started process (PID=1313) to work on /home/airflow/.local/lib/python3.7/site-packages/airflow/example_dags/example_complex.py
[2022-12-16 02:10:25,550] {processor.py:641} INFO - Processing file /home/airflow/.local/lib/python3.7/site-packages/airflow/example_dags/example_complex.py for tasks to queue
[2022-12-16 02:10:25,551] {logging_mixin.py:115} INFO - [2022-12-16 02:10:25,551] {dagbag.py:507} INFO - Filling up the DagBag from /home/airflow/.local/lib/python3.7/site-packages/airflow/example_dags/example_complex.py
[2022-12-16 02:10:25,563] {processor.py:651} INFO - DAG(s) dict_keys(['example_complex']) retrieved from /home/airflow/.local/lib/python3.7/site-packages/airflow/example_dags/example_complex.py
[2022-12-16 02:10:25,600] {logging_mixin.py:115} INFO - [2022-12-16 02:10:25,600] {dag.py:2371} INFO - Sync 1 DAGs
[2022-12-16 02:10:25,625] {logging_mixin.py:115} INFO - [2022-12-16 02:10:25,624] {dag.py:2919} INFO - Setting next_dagrun for example_complex to None, run_after=None
[2022-12-16 02:10:25,641] {processor.py:161} INFO - Processing /home/airflow/.local/lib/python3.7/site-packages/airflow/example_dags/example_complex.py took 0.095 seconds
[2022-12-16 02:10:55,923] {processor.py:153} INFO - Started process (PID=1366) to work on /home/airflow/.local/lib/python3.7/site-packages/airflow/example_dags/example_complex.py
[2022-12-16 02:10:55,924] {processor.py:641} INFO - Processing file /home/airflow/.local/lib/python3.7/site-packages/airflow/example_dags/example_complex.py for tasks to queue
[2022-12-16 02:10:55,925] {logging_mixin.py:115} INFO - [2022-12-16 02:10:55,925] {dagbag.py:507} INFO - Filling up the DagBag from /home/airflow/.local/lib/python3.7/site-packages/airflow/example_dags/example_complex.py
[2022-12-16 02:10:55,939] {processor.py:651} INFO - DAG(s) dict_keys(['example_complex']) retrieved from /home/airflow/.local/lib/python3.7/site-packages/airflow/example_dags/example_complex.py
[2022-12-16 02:10:55,979] {logging_mixin.py:115} INFO - [2022-12-16 02:10:55,979] {dag.py:2371} INFO - Sync 1 DAGs
[2022-12-16 02:10:56,000] {logging_mixin.py:115} INFO - [2022-12-16 02:10:56,000] {dag.py:2919} INFO - Setting next_dagrun for example_complex to None, run_after=None
[2022-12-16 02:10:56,016] {processor.py:161} INFO - Processing /home/airflow/.local/lib/python3.7/site-packages/airflow/example_dags/example_complex.py took 0.096 seconds
[2022-12-16 02:11:26,135] {processor.py:153} INFO - Started process (PID=1428) to work on /home/airflow/.local/lib/python3.7/site-packages/airflow/example_dags/example_complex.py
[2022-12-16 02:11:26,136] {processor.py:641} INFO - Processing file /home/airflow/.local/lib/python3.7/site-packages/airflow/example_dags/example_complex.py for tasks to queue
[2022-12-16 02:11:26,137] {logging_mixin.py:115} INFO - [2022-12-16 02:11:26,137] {dagbag.py:507} INFO - Filling up the DagBag from /home/airflow/.local/lib/python3.7/site-packages/airflow/example_dags/example_complex.py
[2022-12-16 02:11:26,150] {processor.py:651} INFO - DAG(s) dict_keys(['example_complex']) retrieved from /home/airflow/.local/lib/python3.7/site-packages/airflow/example_dags/example_complex.py
[2022-12-16 02:11:26,180] {logging_mixin.py:115} INFO - [2022-12-16 02:11:26,180] {dag.py:2371} INFO - Sync 1 DAGs
[2022-12-16 02:11:26,203] {logging_mixin.py:115} INFO - [2022-12-16 02:11:26,203] {dag.py:2919} INFO - Setting next_dagrun for example_complex to None, run_after=None
[2022-12-16 02:11:26,218] {processor.py:161} INFO - Processing /home/airflow/.local/lib/python3.7/site-packages/airflow/example_dags/example_complex.py took 0.089 seconds
[2022-12-16 02:11:56,254] {processor.py:153} INFO - Started process (PID=1489) to work on /home/airflow/.local/lib/python3.7/site-packages/airflow/example_dags/example_complex.py
[2022-12-16 02:11:56,255] {processor.py:641} INFO - Processing file /home/airflow/.local/lib/python3.7/site-packages/airflow/example_dags/example_complex.py for tasks to queue
[2022-12-16 02:11:56,256] {logging_mixin.py:115} INFO - [2022-12-16 02:11:56,256] {dagbag.py:507} INFO - Filling up the DagBag from /home/airflow/.local/lib/python3.7/site-packages/airflow/example_dags/example_complex.py
[2022-12-16 02:11:56,271] {processor.py:651} INFO - DAG(s) dict_keys(['example_complex']) retrieved from /home/airflow/.local/lib/python3.7/site-packages/airflow/example_dags/example_complex.py
[2022-12-16 02:11:56,303] {logging_mixin.py:115} INFO - [2022-12-16 02:11:56,303] {dag.py:2371} INFO - Sync 1 DAGs
[2022-12-16 02:11:56,337] {logging_mixin.py:115} INFO - [2022-12-16 02:11:56,337] {dag.py:2919} INFO - Setting next_dagrun for example_complex to None, run_after=None
[2022-12-16 02:11:56,353] {processor.py:161} INFO - Processing /home/airflow/.local/lib/python3.7/site-packages/airflow/example_dags/example_complex.py took 0.104 seconds
[2022-12-16 02:12:26,569] {processor.py:153} INFO - Started process (PID=1543) to work on /home/airflow/.local/lib/python3.7/site-packages/airflow/example_dags/example_complex.py
[2022-12-16 02:12:26,570] {processor.py:641} INFO - Processing file /home/airflow/.local/lib/python3.7/site-packages/airflow/example_dags/example_complex.py for tasks to queue
[2022-12-16 02:12:26,571] {logging_mixin.py:115} INFO - [2022-12-16 02:12:26,571] {dagbag.py:507} INFO - Filling up the DagBag from /home/airflow/.local/lib/python3.7/site-packages/airflow/example_dags/example_complex.py
[2022-12-16 02:12:26,584] {processor.py:651} INFO - DAG(s) dict_keys(['example_complex']) retrieved from /home/airflow/.local/lib/python3.7/site-packages/airflow/example_dags/example_complex.py
[2022-12-16 02:12:26,611] {logging_mixin.py:115} INFO - [2022-12-16 02:12:26,611] {dag.py:2371} INFO - Sync 1 DAGs
[2022-12-16 02:12:26,634] {logging_mixin.py:115} INFO - [2022-12-16 02:12:26,633] {dag.py:2919} INFO - Setting next_dagrun for example_complex to None, run_after=None
[2022-12-16 02:12:26,647] {processor.py:161} INFO - Processing /home/airflow/.local/lib/python3.7/site-packages/airflow/example_dags/example_complex.py took 0.081 seconds
[2022-12-16 02:12:57,087] {processor.py:153} INFO - Started process (PID=1605) to work on /home/airflow/.local/lib/python3.7/site-packages/airflow/example_dags/example_complex.py
[2022-12-16 02:12:57,089] {processor.py:641} INFO - Processing file /home/airflow/.local/lib/python3.7/site-packages/airflow/example_dags/example_complex.py for tasks to queue
[2022-12-16 02:12:57,091] {logging_mixin.py:115} INFO - [2022-12-16 02:12:57,090] {dagbag.py:507} INFO - Filling up the DagBag from /home/airflow/.local/lib/python3.7/site-packages/airflow/example_dags/example_complex.py
[2022-12-16 02:12:57,114] {processor.py:651} INFO - DAG(s) dict_keys(['example_complex']) retrieved from /home/airflow/.local/lib/python3.7/site-packages/airflow/example_dags/example_complex.py
[2022-12-16 02:12:57,183] {logging_mixin.py:115} INFO - [2022-12-16 02:12:57,183] {dag.py:2371} INFO - Sync 1 DAGs
[2022-12-16 02:12:57,222] {logging_mixin.py:115} INFO - [2022-12-16 02:12:57,221] {dag.py:2919} INFO - Setting next_dagrun for example_complex to None, run_after=None
[2022-12-16 02:12:57,239] {processor.py:161} INFO - Processing /home/airflow/.local/lib/python3.7/site-packages/airflow/example_dags/example_complex.py took 0.157 seconds
