[2022-12-16 01:50:28,042] {processor.py:153} INFO - Started process (PID=67) to work on /home/airflow/.local/lib/python3.7/site-packages/airflow/example_dags/example_subdag_operator.py
[2022-12-16 01:50:28,043] {processor.py:641} INFO - Processing file /home/airflow/.local/lib/python3.7/site-packages/airflow/example_dags/example_subdag_operator.py for tasks to queue
[2022-12-16 01:50:28,044] {logging_mixin.py:115} INFO - [2022-12-16 01:50:28,043] {dagbag.py:507} INFO - Filling up the DagBag from /home/airflow/.local/lib/python3.7/site-packages/airflow/example_dags/example_subdag_operator.py
[2022-12-16 01:50:28,116] {processor.py:651} INFO - DAG(s) dict_keys(['example_subdag_operator.section-1', 'example_subdag_operator.section-2', 'example_subdag_operator']) retrieved from /home/airflow/.local/lib/python3.7/site-packages/airflow/example_dags/example_subdag_operator.py
[2022-12-16 01:50:31,482] {logging_mixin.py:115} INFO - [2022-12-16 01:50:31,481] {manager.py:508} INFO - Created Permission View: can edit on DAG:example_subdag_operator
[2022-12-16 01:50:31,513] {logging_mixin.py:115} INFO - [2022-12-16 01:50:31,513] {manager.py:508} INFO - Created Permission View: can delete on DAG:example_subdag_operator
[2022-12-16 01:50:31,530] {logging_mixin.py:115} INFO - [2022-12-16 01:50:31,530] {manager.py:508} INFO - Created Permission View: can read on DAG:example_subdag_operator
[2022-12-16 01:50:31,531] {logging_mixin.py:115} INFO - [2022-12-16 01:50:31,531] {dag.py:2371} INFO - Sync 3 DAGs
[2022-12-16 01:50:31,544] {logging_mixin.py:115} INFO - [2022-12-16 01:50:31,544] {dag.py:2390} INFO - Creating ORM DAG for example_subdag_operator.section-2
[2022-12-16 01:50:31,544] {logging_mixin.py:115} INFO - [2022-12-16 01:50:31,544] {dag.py:2390} INFO - Creating ORM DAG for example_subdag_operator.section-1
[2022-12-16 01:50:31,545] {logging_mixin.py:115} INFO - [2022-12-16 01:50:31,545] {dag.py:2390} INFO - Creating ORM DAG for example_subdag_operator
[2022-12-16 01:50:31,558] {logging_mixin.py:115} INFO - [2022-12-16 01:50:31,557] {dag.py:2919} INFO - Setting next_dagrun for example_subdag_operator to 2022-12-14T00:00:00+00:00, run_after=2022-12-14T00:00:00+00:00
[2022-12-16 01:50:31,559] {logging_mixin.py:115} INFO - [2022-12-16 01:50:31,558] {dag.py:2919} INFO - Setting next_dagrun for example_subdag_operator.section-1 to None, run_after=None
[2022-12-16 01:50:31,559] {logging_mixin.py:115} INFO - [2022-12-16 01:50:31,559] {dag.py:2919} INFO - Setting next_dagrun for example_subdag_operator.section-2 to None, run_after=None
[2022-12-16 01:50:31,571] {logging_mixin.py:115} INFO - [2022-12-16 01:50:31,571] {dag.py:2371} INFO - Sync 2 DAGs
[2022-12-16 01:50:31,576] {logging_mixin.py:115} INFO - [2022-12-16 01:50:31,576] {dag.py:2919} INFO - Setting next_dagrun for example_subdag_operator.section-1 to None, run_after=None
[2022-12-16 01:50:31,576] {logging_mixin.py:115} INFO - [2022-12-16 01:50:31,576] {dag.py:2919} INFO - Setting next_dagrun for example_subdag_operator.section-2 to None, run_after=None
[2022-12-16 01:50:31,590] {processor.py:161} INFO - Processing /home/airflow/.local/lib/python3.7/site-packages/airflow/example_dags/example_subdag_operator.py took 3.554 seconds
[2022-12-16 01:51:01,956] {processor.py:153} INFO - Started process (PID=129) to work on /home/airflow/.local/lib/python3.7/site-packages/airflow/example_dags/example_subdag_operator.py
[2022-12-16 01:51:01,957] {processor.py:641} INFO - Processing file /home/airflow/.local/lib/python3.7/site-packages/airflow/example_dags/example_subdag_operator.py for tasks to queue
[2022-12-16 01:51:01,960] {logging_mixin.py:115} INFO - [2022-12-16 01:51:01,959] {dagbag.py:507} INFO - Filling up the DagBag from /home/airflow/.local/lib/python3.7/site-packages/airflow/example_dags/example_subdag_operator.py
[2022-12-16 01:51:01,991] {processor.py:651} INFO - DAG(s) dict_keys(['example_subdag_operator.section-1', 'example_subdag_operator.section-2', 'example_subdag_operator']) retrieved from /home/airflow/.local/lib/python3.7/site-packages/airflow/example_dags/example_subdag_operator.py
[2022-12-16 01:51:02,039] {logging_mixin.py:115} INFO - [2022-12-16 01:51:02,039] {dag.py:2371} INFO - Sync 3 DAGs
[2022-12-16 01:51:02,214] {logging_mixin.py:115} INFO - [2022-12-16 01:51:02,214] {dag.py:2919} INFO - Setting next_dagrun for example_subdag_operator to 2022-12-14T00:00:00+00:00, run_after=2022-12-14T00:00:00+00:00
[2022-12-16 01:51:02,215] {logging_mixin.py:115} INFO - [2022-12-16 01:51:02,215] {dag.py:2919} INFO - Setting next_dagrun for example_subdag_operator.section-1 to None, run_after=None
[2022-12-16 01:51:02,215] {logging_mixin.py:115} INFO - [2022-12-16 01:51:02,215] {dag.py:2919} INFO - Setting next_dagrun for example_subdag_operator.section-2 to None, run_after=None
[2022-12-16 01:51:02,220] {logging_mixin.py:115} INFO - [2022-12-16 01:51:02,220] {dag.py:2371} INFO - Sync 2 DAGs
[2022-12-16 01:51:02,225] {logging_mixin.py:115} INFO - [2022-12-16 01:51:02,224] {dag.py:2919} INFO - Setting next_dagrun for example_subdag_operator.section-1 to None, run_after=None
[2022-12-16 01:51:02,225] {logging_mixin.py:115} INFO - [2022-12-16 01:51:02,225] {dag.py:2919} INFO - Setting next_dagrun for example_subdag_operator.section-2 to None, run_after=None
[2022-12-16 01:51:02,239] {processor.py:161} INFO - Processing /home/airflow/.local/lib/python3.7/site-packages/airflow/example_dags/example_subdag_operator.py took 0.286 seconds
[2022-12-16 01:51:32,884] {processor.py:153} INFO - Started process (PID=191) to work on /home/airflow/.local/lib/python3.7/site-packages/airflow/example_dags/example_subdag_operator.py
[2022-12-16 01:51:32,885] {processor.py:641} INFO - Processing file /home/airflow/.local/lib/python3.7/site-packages/airflow/example_dags/example_subdag_operator.py for tasks to queue
[2022-12-16 01:51:32,887] {logging_mixin.py:115} INFO - [2022-12-16 01:51:32,887] {dagbag.py:507} INFO - Filling up the DagBag from /home/airflow/.local/lib/python3.7/site-packages/airflow/example_dags/example_subdag_operator.py
[2022-12-16 01:51:32,921] {processor.py:651} INFO - DAG(s) dict_keys(['example_subdag_operator.section-1', 'example_subdag_operator.section-2', 'example_subdag_operator']) retrieved from /home/airflow/.local/lib/python3.7/site-packages/airflow/example_dags/example_subdag_operator.py
[2022-12-16 01:51:33,013] {logging_mixin.py:115} INFO - [2022-12-16 01:51:33,013] {dag.py:2371} INFO - Sync 3 DAGs
[2022-12-16 01:51:33,234] {logging_mixin.py:115} INFO - [2022-12-16 01:51:33,234] {dag.py:2919} INFO - Setting next_dagrun for example_subdag_operator to 2022-12-14T00:00:00+00:00, run_after=2022-12-14T00:00:00+00:00
[2022-12-16 01:51:33,235] {logging_mixin.py:115} INFO - [2022-12-16 01:51:33,235] {dag.py:2919} INFO - Setting next_dagrun for example_subdag_operator.section-1 to None, run_after=None
[2022-12-16 01:51:33,235] {logging_mixin.py:115} INFO - [2022-12-16 01:51:33,235] {dag.py:2919} INFO - Setting next_dagrun for example_subdag_operator.section-2 to None, run_after=None
[2022-12-16 01:51:33,247] {logging_mixin.py:115} INFO - [2022-12-16 01:51:33,247] {dag.py:2371} INFO - Sync 2 DAGs
[2022-12-16 01:51:33,279] {logging_mixin.py:115} INFO - [2022-12-16 01:51:33,278] {dag.py:2919} INFO - Setting next_dagrun for example_subdag_operator.section-1 to None, run_after=None
[2022-12-16 01:51:33,279] {logging_mixin.py:115} INFO - [2022-12-16 01:51:33,279] {dag.py:2919} INFO - Setting next_dagrun for example_subdag_operator.section-2 to None, run_after=None
[2022-12-16 01:51:33,288] {processor.py:161} INFO - Processing /home/airflow/.local/lib/python3.7/site-packages/airflow/example_dags/example_subdag_operator.py took 0.410 seconds
[2022-12-16 01:52:03,406] {processor.py:153} INFO - Started process (PID=253) to work on /home/airflow/.local/lib/python3.7/site-packages/airflow/example_dags/example_subdag_operator.py
[2022-12-16 01:52:03,408] {processor.py:641} INFO - Processing file /home/airflow/.local/lib/python3.7/site-packages/airflow/example_dags/example_subdag_operator.py for tasks to queue
[2022-12-16 01:52:03,410] {logging_mixin.py:115} INFO - [2022-12-16 01:52:03,410] {dagbag.py:507} INFO - Filling up the DagBag from /home/airflow/.local/lib/python3.7/site-packages/airflow/example_dags/example_subdag_operator.py
[2022-12-16 01:52:03,471] {processor.py:651} INFO - DAG(s) dict_keys(['example_subdag_operator.section-1', 'example_subdag_operator.section-2', 'example_subdag_operator']) retrieved from /home/airflow/.local/lib/python3.7/site-packages/airflow/example_dags/example_subdag_operator.py
[2022-12-16 01:52:03,515] {logging_mixin.py:115} INFO - [2022-12-16 01:52:03,515] {dag.py:2371} INFO - Sync 3 DAGs
[2022-12-16 01:52:03,714] {logging_mixin.py:115} INFO - [2022-12-16 01:52:03,713] {dag.py:2919} INFO - Setting next_dagrun for example_subdag_operator to 2022-12-14T00:00:00+00:00, run_after=2022-12-14T00:00:00+00:00
[2022-12-16 01:52:03,714] {logging_mixin.py:115} INFO - [2022-12-16 01:52:03,714] {dag.py:2919} INFO - Setting next_dagrun for example_subdag_operator.section-1 to None, run_after=None
[2022-12-16 01:52:03,714] {logging_mixin.py:115} INFO - [2022-12-16 01:52:03,714] {dag.py:2919} INFO - Setting next_dagrun for example_subdag_operator.section-2 to None, run_after=None
[2022-12-16 01:52:03,725] {logging_mixin.py:115} INFO - [2022-12-16 01:52:03,725] {dag.py:2371} INFO - Sync 2 DAGs
[2022-12-16 01:52:03,737] {logging_mixin.py:115} INFO - [2022-12-16 01:52:03,737] {dag.py:2919} INFO - Setting next_dagrun for example_subdag_operator.section-1 to None, run_after=None
[2022-12-16 01:52:03,737] {logging_mixin.py:115} INFO - [2022-12-16 01:52:03,737] {dag.py:2919} INFO - Setting next_dagrun for example_subdag_operator.section-2 to None, run_after=None
[2022-12-16 01:52:03,747] {processor.py:161} INFO - Processing /home/airflow/.local/lib/python3.7/site-packages/airflow/example_dags/example_subdag_operator.py took 0.351 seconds
[2022-12-16 01:52:34,026] {processor.py:153} INFO - Started process (PID=305) to work on /home/airflow/.local/lib/python3.7/site-packages/airflow/example_dags/example_subdag_operator.py
[2022-12-16 01:52:34,027] {processor.py:641} INFO - Processing file /home/airflow/.local/lib/python3.7/site-packages/airflow/example_dags/example_subdag_operator.py for tasks to queue
[2022-12-16 01:52:34,028] {logging_mixin.py:115} INFO - [2022-12-16 01:52:34,028] {dagbag.py:507} INFO - Filling up the DagBag from /home/airflow/.local/lib/python3.7/site-packages/airflow/example_dags/example_subdag_operator.py
[2022-12-16 01:52:34,088] {processor.py:651} INFO - DAG(s) dict_keys(['example_subdag_operator.section-1', 'example_subdag_operator.section-2', 'example_subdag_operator']) retrieved from /home/airflow/.local/lib/python3.7/site-packages/airflow/example_dags/example_subdag_operator.py
[2022-12-16 01:52:34,125] {logging_mixin.py:115} INFO - [2022-12-16 01:52:34,125] {dag.py:2371} INFO - Sync 3 DAGs
[2022-12-16 01:52:34,362] {logging_mixin.py:115} INFO - [2022-12-16 01:52:34,362] {dag.py:2919} INFO - Setting next_dagrun for example_subdag_operator to 2022-12-14T00:00:00+00:00, run_after=2022-12-14T00:00:00+00:00
[2022-12-16 01:52:34,363] {logging_mixin.py:115} INFO - [2022-12-16 01:52:34,363] {dag.py:2919} INFO - Setting next_dagrun for example_subdag_operator.section-1 to None, run_after=None
[2022-12-16 01:52:34,363] {logging_mixin.py:115} INFO - [2022-12-16 01:52:34,363] {dag.py:2919} INFO - Setting next_dagrun for example_subdag_operator.section-2 to None, run_after=None
[2022-12-16 01:52:34,374] {logging_mixin.py:115} INFO - [2022-12-16 01:52:34,374] {dag.py:2371} INFO - Sync 2 DAGs
[2022-12-16 01:52:34,379] {logging_mixin.py:115} INFO - [2022-12-16 01:52:34,379] {dag.py:2919} INFO - Setting next_dagrun for example_subdag_operator.section-1 to None, run_after=None
[2022-12-16 01:52:34,379] {logging_mixin.py:115} INFO - [2022-12-16 01:52:34,379] {dag.py:2919} INFO - Setting next_dagrun for example_subdag_operator.section-2 to None, run_after=None
[2022-12-16 01:52:34,386] {processor.py:161} INFO - Processing /home/airflow/.local/lib/python3.7/site-packages/airflow/example_dags/example_subdag_operator.py took 0.363 seconds
[2022-12-16 01:53:04,448] {processor.py:153} INFO - Started process (PID=365) to work on /home/airflow/.local/lib/python3.7/site-packages/airflow/example_dags/example_subdag_operator.py
[2022-12-16 01:53:04,448] {processor.py:641} INFO - Processing file /home/airflow/.local/lib/python3.7/site-packages/airflow/example_dags/example_subdag_operator.py for tasks to queue
[2022-12-16 01:53:04,450] {logging_mixin.py:115} INFO - [2022-12-16 01:53:04,450] {dagbag.py:507} INFO - Filling up the DagBag from /home/airflow/.local/lib/python3.7/site-packages/airflow/example_dags/example_subdag_operator.py
[2022-12-16 01:53:04,478] {processor.py:651} INFO - DAG(s) dict_keys(['example_subdag_operator.section-1', 'example_subdag_operator.section-2', 'example_subdag_operator']) retrieved from /home/airflow/.local/lib/python3.7/site-packages/airflow/example_dags/example_subdag_operator.py
[2022-12-16 01:53:04,519] {logging_mixin.py:115} INFO - [2022-12-16 01:53:04,519] {dag.py:2371} INFO - Sync 3 DAGs
[2022-12-16 01:53:04,734] {logging_mixin.py:115} INFO - [2022-12-16 01:53:04,734] {dag.py:2919} INFO - Setting next_dagrun for example_subdag_operator to 2022-12-14T00:00:00+00:00, run_after=2022-12-14T00:00:00+00:00
[2022-12-16 01:53:04,735] {logging_mixin.py:115} INFO - [2022-12-16 01:53:04,735] {dag.py:2919} INFO - Setting next_dagrun for example_subdag_operator.section-1 to None, run_after=None
[2022-12-16 01:53:04,736] {logging_mixin.py:115} INFO - [2022-12-16 01:53:04,736] {dag.py:2919} INFO - Setting next_dagrun for example_subdag_operator.section-2 to None, run_after=None
[2022-12-16 01:53:04,748] {logging_mixin.py:115} INFO - [2022-12-16 01:53:04,748] {dag.py:2371} INFO - Sync 2 DAGs
[2022-12-16 01:53:04,758] {logging_mixin.py:115} INFO - [2022-12-16 01:53:04,758] {dag.py:2919} INFO - Setting next_dagrun for example_subdag_operator.section-1 to None, run_after=None
[2022-12-16 01:53:04,758] {logging_mixin.py:115} INFO - [2022-12-16 01:53:04,758] {dag.py:2919} INFO - Setting next_dagrun for example_subdag_operator.section-2 to None, run_after=None
[2022-12-16 01:53:04,768] {processor.py:161} INFO - Processing /home/airflow/.local/lib/python3.7/site-packages/airflow/example_dags/example_subdag_operator.py took 0.325 seconds
[2022-12-16 01:53:34,974] {processor.py:153} INFO - Started process (PID=426) to work on /home/airflow/.local/lib/python3.7/site-packages/airflow/example_dags/example_subdag_operator.py
[2022-12-16 01:53:34,975] {processor.py:641} INFO - Processing file /home/airflow/.local/lib/python3.7/site-packages/airflow/example_dags/example_subdag_operator.py for tasks to queue
[2022-12-16 01:53:34,977] {logging_mixin.py:115} INFO - [2022-12-16 01:53:34,977] {dagbag.py:507} INFO - Filling up the DagBag from /home/airflow/.local/lib/python3.7/site-packages/airflow/example_dags/example_subdag_operator.py
[2022-12-16 01:53:35,018] {processor.py:651} INFO - DAG(s) dict_keys(['example_subdag_operator.section-1', 'example_subdag_operator.section-2', 'example_subdag_operator']) retrieved from /home/airflow/.local/lib/python3.7/site-packages/airflow/example_dags/example_subdag_operator.py
[2022-12-16 01:53:35,076] {logging_mixin.py:115} INFO - [2022-12-16 01:53:35,076] {dag.py:2371} INFO - Sync 3 DAGs
[2022-12-16 01:53:35,281] {logging_mixin.py:115} INFO - [2022-12-16 01:53:35,281] {dag.py:2919} INFO - Setting next_dagrun for example_subdag_operator to 2022-12-14T00:00:00+00:00, run_after=2022-12-14T00:00:00+00:00
[2022-12-16 01:53:35,281] {logging_mixin.py:115} INFO - [2022-12-16 01:53:35,281] {dag.py:2919} INFO - Setting next_dagrun for example_subdag_operator.section-1 to None, run_after=None
[2022-12-16 01:53:35,282] {logging_mixin.py:115} INFO - [2022-12-16 01:53:35,282] {dag.py:2919} INFO - Setting next_dagrun for example_subdag_operator.section-2 to None, run_after=None
[2022-12-16 01:53:35,298] {logging_mixin.py:115} INFO - [2022-12-16 01:53:35,298] {dag.py:2371} INFO - Sync 2 DAGs
[2022-12-16 01:53:35,310] {logging_mixin.py:115} INFO - [2022-12-16 01:53:35,310] {dag.py:2919} INFO - Setting next_dagrun for example_subdag_operator.section-1 to None, run_after=None
[2022-12-16 01:53:35,310] {logging_mixin.py:115} INFO - [2022-12-16 01:53:35,310] {dag.py:2919} INFO - Setting next_dagrun for example_subdag_operator.section-2 to None, run_after=None
[2022-12-16 01:53:35,324] {processor.py:161} INFO - Processing /home/airflow/.local/lib/python3.7/site-packages/airflow/example_dags/example_subdag_operator.py took 0.354 seconds
[2022-12-16 01:54:06,039] {processor.py:153} INFO - Started process (PID=478) to work on /home/airflow/.local/lib/python3.7/site-packages/airflow/example_dags/example_subdag_operator.py
[2022-12-16 01:54:06,041] {processor.py:641} INFO - Processing file /home/airflow/.local/lib/python3.7/site-packages/airflow/example_dags/example_subdag_operator.py for tasks to queue
[2022-12-16 01:54:06,042] {logging_mixin.py:115} INFO - [2022-12-16 01:54:06,042] {dagbag.py:507} INFO - Filling up the DagBag from /home/airflow/.local/lib/python3.7/site-packages/airflow/example_dags/example_subdag_operator.py
[2022-12-16 01:54:06,110] {processor.py:651} INFO - DAG(s) dict_keys(['example_subdag_operator.section-1', 'example_subdag_operator.section-2', 'example_subdag_operator']) retrieved from /home/airflow/.local/lib/python3.7/site-packages/airflow/example_dags/example_subdag_operator.py
[2022-12-16 01:54:06,175] {logging_mixin.py:115} INFO - [2022-12-16 01:54:06,174] {dag.py:2371} INFO - Sync 3 DAGs
[2022-12-16 01:54:06,423] {logging_mixin.py:115} INFO - [2022-12-16 01:54:06,423] {dag.py:2919} INFO - Setting next_dagrun for example_subdag_operator to 2022-12-14T00:00:00+00:00, run_after=2022-12-14T00:00:00+00:00
[2022-12-16 01:54:06,429] {logging_mixin.py:115} INFO - [2022-12-16 01:54:06,429] {dag.py:2919} INFO - Setting next_dagrun for example_subdag_operator.section-1 to None, run_after=None
[2022-12-16 01:54:06,430] {logging_mixin.py:115} INFO - [2022-12-16 01:54:06,430] {dag.py:2919} INFO - Setting next_dagrun for example_subdag_operator.section-2 to None, run_after=None
[2022-12-16 01:54:06,448] {logging_mixin.py:115} INFO - [2022-12-16 01:54:06,447] {dag.py:2371} INFO - Sync 2 DAGs
[2022-12-16 01:54:06,464] {logging_mixin.py:115} INFO - [2022-12-16 01:54:06,464] {dag.py:2919} INFO - Setting next_dagrun for example_subdag_operator.section-1 to None, run_after=None
[2022-12-16 01:54:06,465] {logging_mixin.py:115} INFO - [2022-12-16 01:54:06,465] {dag.py:2919} INFO - Setting next_dagrun for example_subdag_operator.section-2 to None, run_after=None
[2022-12-16 01:54:06,472] {processor.py:161} INFO - Processing /home/airflow/.local/lib/python3.7/site-packages/airflow/example_dags/example_subdag_operator.py took 0.437 seconds
[2022-12-16 01:54:36,801] {processor.py:153} INFO - Started process (PID=540) to work on /home/airflow/.local/lib/python3.7/site-packages/airflow/example_dags/example_subdag_operator.py
[2022-12-16 01:54:36,802] {processor.py:641} INFO - Processing file /home/airflow/.local/lib/python3.7/site-packages/airflow/example_dags/example_subdag_operator.py for tasks to queue
[2022-12-16 01:54:36,803] {logging_mixin.py:115} INFO - [2022-12-16 01:54:36,803] {dagbag.py:507} INFO - Filling up the DagBag from /home/airflow/.local/lib/python3.7/site-packages/airflow/example_dags/example_subdag_operator.py
[2022-12-16 01:54:36,855] {processor.py:651} INFO - DAG(s) dict_keys(['example_subdag_operator.section-1', 'example_subdag_operator.section-2', 'example_subdag_operator']) retrieved from /home/airflow/.local/lib/python3.7/site-packages/airflow/example_dags/example_subdag_operator.py
[2022-12-16 01:54:36,905] {logging_mixin.py:115} INFO - [2022-12-16 01:54:36,905] {dag.py:2371} INFO - Sync 3 DAGs
[2022-12-16 01:54:37,130] {logging_mixin.py:115} INFO - [2022-12-16 01:54:37,128] {dag.py:2919} INFO - Setting next_dagrun for example_subdag_operator to 2022-12-14T00:00:00+00:00, run_after=2022-12-14T00:00:00+00:00
[2022-12-16 01:54:37,132] {logging_mixin.py:115} INFO - [2022-12-16 01:54:37,132] {dag.py:2919} INFO - Setting next_dagrun for example_subdag_operator.section-1 to None, run_after=None
[2022-12-16 01:54:37,133] {logging_mixin.py:115} INFO - [2022-12-16 01:54:37,133] {dag.py:2919} INFO - Setting next_dagrun for example_subdag_operator.section-2 to None, run_after=None
[2022-12-16 01:54:37,142] {logging_mixin.py:115} INFO - [2022-12-16 01:54:37,142] {dag.py:2371} INFO - Sync 2 DAGs
[2022-12-16 01:54:37,155] {logging_mixin.py:115} INFO - [2022-12-16 01:54:37,155] {dag.py:2919} INFO - Setting next_dagrun for example_subdag_operator.section-1 to None, run_after=None
[2022-12-16 01:54:37,158] {logging_mixin.py:115} INFO - [2022-12-16 01:54:37,158] {dag.py:2919} INFO - Setting next_dagrun for example_subdag_operator.section-2 to None, run_after=None
[2022-12-16 01:54:37,169] {processor.py:161} INFO - Processing /home/airflow/.local/lib/python3.7/site-packages/airflow/example_dags/example_subdag_operator.py took 0.377 seconds
[2022-12-16 01:55:07,802] {processor.py:153} INFO - Started process (PID=602) to work on /home/airflow/.local/lib/python3.7/site-packages/airflow/example_dags/example_subdag_operator.py
[2022-12-16 01:55:07,803] {processor.py:641} INFO - Processing file /home/airflow/.local/lib/python3.7/site-packages/airflow/example_dags/example_subdag_operator.py for tasks to queue
[2022-12-16 01:55:07,806] {logging_mixin.py:115} INFO - [2022-12-16 01:55:07,805] {dagbag.py:507} INFO - Filling up the DagBag from /home/airflow/.local/lib/python3.7/site-packages/airflow/example_dags/example_subdag_operator.py
[2022-12-16 01:55:07,836] {processor.py:651} INFO - DAG(s) dict_keys(['example_subdag_operator.section-1', 'example_subdag_operator.section-2', 'example_subdag_operator']) retrieved from /home/airflow/.local/lib/python3.7/site-packages/airflow/example_dags/example_subdag_operator.py
[2022-12-16 01:55:07,880] {logging_mixin.py:115} INFO - [2022-12-16 01:55:07,880] {dag.py:2371} INFO - Sync 3 DAGs
[2022-12-16 01:55:08,059] {logging_mixin.py:115} INFO - [2022-12-16 01:55:08,058] {dag.py:2919} INFO - Setting next_dagrun for example_subdag_operator to 2022-12-14T00:00:00+00:00, run_after=2022-12-14T00:00:00+00:00
[2022-12-16 01:55:08,059] {logging_mixin.py:115} INFO - [2022-12-16 01:55:08,059] {dag.py:2919} INFO - Setting next_dagrun for example_subdag_operator.section-1 to None, run_after=None
[2022-12-16 01:55:08,059] {logging_mixin.py:115} INFO - [2022-12-16 01:55:08,059] {dag.py:2919} INFO - Setting next_dagrun for example_subdag_operator.section-2 to None, run_after=None
[2022-12-16 01:55:08,067] {logging_mixin.py:115} INFO - [2022-12-16 01:55:08,067] {dag.py:2371} INFO - Sync 2 DAGs
[2022-12-16 01:55:08,073] {logging_mixin.py:115} INFO - [2022-12-16 01:55:08,073] {dag.py:2919} INFO - Setting next_dagrun for example_subdag_operator.section-1 to None, run_after=None
[2022-12-16 01:55:08,074] {logging_mixin.py:115} INFO - [2022-12-16 01:55:08,074] {dag.py:2919} INFO - Setting next_dagrun for example_subdag_operator.section-2 to None, run_after=None
[2022-12-16 01:55:08,082] {processor.py:161} INFO - Processing /home/airflow/.local/lib/python3.7/site-packages/airflow/example_dags/example_subdag_operator.py took 0.284 seconds
[2022-12-16 01:55:38,502] {processor.py:153} INFO - Started process (PID=654) to work on /home/airflow/.local/lib/python3.7/site-packages/airflow/example_dags/example_subdag_operator.py
[2022-12-16 01:55:38,503] {processor.py:641} INFO - Processing file /home/airflow/.local/lib/python3.7/site-packages/airflow/example_dags/example_subdag_operator.py for tasks to queue
[2022-12-16 01:55:38,504] {logging_mixin.py:115} INFO - [2022-12-16 01:55:38,504] {dagbag.py:507} INFO - Filling up the DagBag from /home/airflow/.local/lib/python3.7/site-packages/airflow/example_dags/example_subdag_operator.py
[2022-12-16 01:55:38,530] {processor.py:651} INFO - DAG(s) dict_keys(['example_subdag_operator.section-1', 'example_subdag_operator.section-2', 'example_subdag_operator']) retrieved from /home/airflow/.local/lib/python3.7/site-packages/airflow/example_dags/example_subdag_operator.py
[2022-12-16 01:55:38,691] {logging_mixin.py:115} INFO - [2022-12-16 01:55:38,691] {dag.py:2371} INFO - Sync 3 DAGs
[2022-12-16 01:55:38,708] {logging_mixin.py:115} INFO - [2022-12-16 01:55:38,707] {dag.py:2919} INFO - Setting next_dagrun for example_subdag_operator to 2022-12-14T00:00:00+00:00, run_after=2022-12-14T00:00:00+00:00
[2022-12-16 01:55:38,708] {logging_mixin.py:115} INFO - [2022-12-16 01:55:38,708] {dag.py:2919} INFO - Setting next_dagrun for example_subdag_operator.section-1 to None, run_after=None
[2022-12-16 01:55:38,709] {logging_mixin.py:115} INFO - [2022-12-16 01:55:38,708] {dag.py:2919} INFO - Setting next_dagrun for example_subdag_operator.section-2 to None, run_after=None
[2022-12-16 01:55:38,715] {logging_mixin.py:115} INFO - [2022-12-16 01:55:38,715] {dag.py:2371} INFO - Sync 2 DAGs
[2022-12-16 01:55:38,720] {logging_mixin.py:115} INFO - [2022-12-16 01:55:38,720] {dag.py:2919} INFO - Setting next_dagrun for example_subdag_operator.section-1 to None, run_after=None
[2022-12-16 01:55:38,721] {logging_mixin.py:115} INFO - [2022-12-16 01:55:38,721] {dag.py:2919} INFO - Setting next_dagrun for example_subdag_operator.section-2 to None, run_after=None
[2022-12-16 01:55:38,729] {processor.py:161} INFO - Processing /home/airflow/.local/lib/python3.7/site-packages/airflow/example_dags/example_subdag_operator.py took 0.234 seconds
[2022-12-16 01:56:09,210] {processor.py:153} INFO - Started process (PID=715) to work on /home/airflow/.local/lib/python3.7/site-packages/airflow/example_dags/example_subdag_operator.py
[2022-12-16 01:56:09,211] {processor.py:641} INFO - Processing file /home/airflow/.local/lib/python3.7/site-packages/airflow/example_dags/example_subdag_operator.py for tasks to queue
[2022-12-16 01:56:09,213] {logging_mixin.py:115} INFO - [2022-12-16 01:56:09,212] {dagbag.py:507} INFO - Filling up the DagBag from /home/airflow/.local/lib/python3.7/site-packages/airflow/example_dags/example_subdag_operator.py
[2022-12-16 01:56:09,238] {processor.py:651} INFO - DAG(s) dict_keys(['example_subdag_operator.section-1', 'example_subdag_operator.section-2', 'example_subdag_operator']) retrieved from /home/airflow/.local/lib/python3.7/site-packages/airflow/example_dags/example_subdag_operator.py
[2022-12-16 01:56:09,405] {logging_mixin.py:115} INFO - [2022-12-16 01:56:09,405] {dag.py:2371} INFO - Sync 3 DAGs
[2022-12-16 01:56:09,423] {logging_mixin.py:115} INFO - [2022-12-16 01:56:09,423] {dag.py:2919} INFO - Setting next_dagrun for example_subdag_operator to 2022-12-14T00:00:00+00:00, run_after=2022-12-14T00:00:00+00:00
[2022-12-16 01:56:09,424] {logging_mixin.py:115} INFO - [2022-12-16 01:56:09,424] {dag.py:2919} INFO - Setting next_dagrun for example_subdag_operator.section-1 to None, run_after=None
[2022-12-16 01:56:09,424] {logging_mixin.py:115} INFO - [2022-12-16 01:56:09,424] {dag.py:2919} INFO - Setting next_dagrun for example_subdag_operator.section-2 to None, run_after=None
[2022-12-16 01:56:09,431] {logging_mixin.py:115} INFO - [2022-12-16 01:56:09,431] {dag.py:2371} INFO - Sync 2 DAGs
[2022-12-16 01:56:09,437] {logging_mixin.py:115} INFO - [2022-12-16 01:56:09,437] {dag.py:2919} INFO - Setting next_dagrun for example_subdag_operator.section-1 to None, run_after=None
[2022-12-16 01:56:09,437] {logging_mixin.py:115} INFO - [2022-12-16 01:56:09,437] {dag.py:2919} INFO - Setting next_dagrun for example_subdag_operator.section-2 to None, run_after=None
[2022-12-16 01:56:09,444] {processor.py:161} INFO - Processing /home/airflow/.local/lib/python3.7/site-packages/airflow/example_dags/example_subdag_operator.py took 0.242 seconds
[2022-12-16 01:56:39,518] {processor.py:153} INFO - Started process (PID=776) to work on /home/airflow/.local/lib/python3.7/site-packages/airflow/example_dags/example_subdag_operator.py
[2022-12-16 01:56:39,519] {processor.py:641} INFO - Processing file /home/airflow/.local/lib/python3.7/site-packages/airflow/example_dags/example_subdag_operator.py for tasks to queue
[2022-12-16 01:56:39,520] {logging_mixin.py:115} INFO - [2022-12-16 01:56:39,520] {dagbag.py:507} INFO - Filling up the DagBag from /home/airflow/.local/lib/python3.7/site-packages/airflow/example_dags/example_subdag_operator.py
[2022-12-16 01:56:39,549] {processor.py:651} INFO - DAG(s) dict_keys(['example_subdag_operator.section-1', 'example_subdag_operator.section-2', 'example_subdag_operator']) retrieved from /home/airflow/.local/lib/python3.7/site-packages/airflow/example_dags/example_subdag_operator.py
[2022-12-16 01:56:39,742] {logging_mixin.py:115} INFO - [2022-12-16 01:56:39,742] {dag.py:2371} INFO - Sync 3 DAGs
[2022-12-16 01:56:39,765] {logging_mixin.py:115} INFO - [2022-12-16 01:56:39,764] {dag.py:2919} INFO - Setting next_dagrun for example_subdag_operator to 2022-12-14T00:00:00+00:00, run_after=2022-12-14T00:00:00+00:00
[2022-12-16 01:56:39,765] {logging_mixin.py:115} INFO - [2022-12-16 01:56:39,765] {dag.py:2919} INFO - Setting next_dagrun for example_subdag_operator.section-1 to None, run_after=None
[2022-12-16 01:56:39,766] {logging_mixin.py:115} INFO - [2022-12-16 01:56:39,765] {dag.py:2919} INFO - Setting next_dagrun for example_subdag_operator.section-2 to None, run_after=None
[2022-12-16 01:56:39,776] {logging_mixin.py:115} INFO - [2022-12-16 01:56:39,776] {dag.py:2371} INFO - Sync 2 DAGs
[2022-12-16 01:56:39,781] {logging_mixin.py:115} INFO - [2022-12-16 01:56:39,781] {dag.py:2919} INFO - Setting next_dagrun for example_subdag_operator.section-1 to None, run_after=None
[2022-12-16 01:56:39,781] {logging_mixin.py:115} INFO - [2022-12-16 01:56:39,781] {dag.py:2919} INFO - Setting next_dagrun for example_subdag_operator.section-2 to None, run_after=None
[2022-12-16 01:56:39,787] {processor.py:161} INFO - Processing /home/airflow/.local/lib/python3.7/site-packages/airflow/example_dags/example_subdag_operator.py took 0.274 seconds
[2022-12-16 01:57:09,844] {processor.py:153} INFO - Started process (PID=829) to work on /home/airflow/.local/lib/python3.7/site-packages/airflow/example_dags/example_subdag_operator.py
[2022-12-16 01:57:09,845] {processor.py:641} INFO - Processing file /home/airflow/.local/lib/python3.7/site-packages/airflow/example_dags/example_subdag_operator.py for tasks to queue
[2022-12-16 01:57:09,846] {logging_mixin.py:115} INFO - [2022-12-16 01:57:09,846] {dagbag.py:507} INFO - Filling up the DagBag from /home/airflow/.local/lib/python3.7/site-packages/airflow/example_dags/example_subdag_operator.py
[2022-12-16 01:57:09,875] {processor.py:651} INFO - DAG(s) dict_keys(['example_subdag_operator.section-1', 'example_subdag_operator.section-2', 'example_subdag_operator']) retrieved from /home/airflow/.local/lib/python3.7/site-packages/airflow/example_dags/example_subdag_operator.py
[2022-12-16 01:57:10,086] {logging_mixin.py:115} INFO - [2022-12-16 01:57:10,086] {dag.py:2371} INFO - Sync 3 DAGs
[2022-12-16 01:57:10,108] {logging_mixin.py:115} INFO - [2022-12-16 01:57:10,108] {dag.py:2919} INFO - Setting next_dagrun for example_subdag_operator to 2022-12-14T00:00:00+00:00, run_after=2022-12-14T00:00:00+00:00
[2022-12-16 01:57:10,109] {logging_mixin.py:115} INFO - [2022-12-16 01:57:10,109] {dag.py:2919} INFO - Setting next_dagrun for example_subdag_operator.section-1 to None, run_after=None
[2022-12-16 01:57:10,109] {logging_mixin.py:115} INFO - [2022-12-16 01:57:10,109] {dag.py:2919} INFO - Setting next_dagrun for example_subdag_operator.section-2 to None, run_after=None
[2022-12-16 01:57:10,116] {logging_mixin.py:115} INFO - [2022-12-16 01:57:10,116] {dag.py:2371} INFO - Sync 2 DAGs
[2022-12-16 01:57:10,122] {logging_mixin.py:115} INFO - [2022-12-16 01:57:10,121] {dag.py:2919} INFO - Setting next_dagrun for example_subdag_operator.section-1 to None, run_after=None
[2022-12-16 01:57:10,122] {logging_mixin.py:115} INFO - [2022-12-16 01:57:10,122] {dag.py:2919} INFO - Setting next_dagrun for example_subdag_operator.section-2 to None, run_after=None
[2022-12-16 01:57:10,129] {processor.py:161} INFO - Processing /home/airflow/.local/lib/python3.7/site-packages/airflow/example_dags/example_subdag_operator.py took 0.288 seconds
[2022-12-16 01:57:40,182] {processor.py:153} INFO - Started process (PID=892) to work on /home/airflow/.local/lib/python3.7/site-packages/airflow/example_dags/example_subdag_operator.py
[2022-12-16 01:57:40,183] {processor.py:641} INFO - Processing file /home/airflow/.local/lib/python3.7/site-packages/airflow/example_dags/example_subdag_operator.py for tasks to queue
[2022-12-16 01:57:40,184] {logging_mixin.py:115} INFO - [2022-12-16 01:57:40,184] {dagbag.py:507} INFO - Filling up the DagBag from /home/airflow/.local/lib/python3.7/site-packages/airflow/example_dags/example_subdag_operator.py
[2022-12-16 01:57:40,233] {processor.py:651} INFO - DAG(s) dict_keys(['example_subdag_operator.section-1', 'example_subdag_operator.section-2', 'example_subdag_operator']) retrieved from /home/airflow/.local/lib/python3.7/site-packages/airflow/example_dags/example_subdag_operator.py
[2022-12-16 01:57:40,432] {logging_mixin.py:115} INFO - [2022-12-16 01:57:40,432] {dag.py:2371} INFO - Sync 3 DAGs
[2022-12-16 01:57:40,453] {logging_mixin.py:115} INFO - [2022-12-16 01:57:40,453] {dag.py:2919} INFO - Setting next_dagrun for example_subdag_operator to 2022-12-14T00:00:00+00:00, run_after=2022-12-14T00:00:00+00:00
[2022-12-16 01:57:40,453] {logging_mixin.py:115} INFO - [2022-12-16 01:57:40,453] {dag.py:2919} INFO - Setting next_dagrun for example_subdag_operator.section-1 to None, run_after=None
[2022-12-16 01:57:40,454] {logging_mixin.py:115} INFO - [2022-12-16 01:57:40,454] {dag.py:2919} INFO - Setting next_dagrun for example_subdag_operator.section-2 to None, run_after=None
[2022-12-16 01:57:40,461] {logging_mixin.py:115} INFO - [2022-12-16 01:57:40,460] {dag.py:2371} INFO - Sync 2 DAGs
[2022-12-16 01:57:40,466] {logging_mixin.py:115} INFO - [2022-12-16 01:57:40,466] {dag.py:2919} INFO - Setting next_dagrun for example_subdag_operator.section-1 to None, run_after=None
[2022-12-16 01:57:40,467] {logging_mixin.py:115} INFO - [2022-12-16 01:57:40,467] {dag.py:2919} INFO - Setting next_dagrun for example_subdag_operator.section-2 to None, run_after=None
[2022-12-16 01:57:40,474] {processor.py:161} INFO - Processing /home/airflow/.local/lib/python3.7/site-packages/airflow/example_dags/example_subdag_operator.py took 0.296 seconds
[2022-12-16 01:58:59,054] {processor.py:153} INFO - Started process (PID=68) to work on /home/airflow/.local/lib/python3.7/site-packages/airflow/example_dags/example_subdag_operator.py
[2022-12-16 01:58:59,059] {processor.py:641} INFO - Processing file /home/airflow/.local/lib/python3.7/site-packages/airflow/example_dags/example_subdag_operator.py for tasks to queue
[2022-12-16 01:58:59,062] {logging_mixin.py:115} INFO - [2022-12-16 01:58:59,062] {dagbag.py:507} INFO - Filling up the DagBag from /home/airflow/.local/lib/python3.7/site-packages/airflow/example_dags/example_subdag_operator.py
[2022-12-16 01:58:59,178] {processor.py:651} INFO - DAG(s) dict_keys(['example_subdag_operator.section-1', 'example_subdag_operator.section-2', 'example_subdag_operator']) retrieved from /home/airflow/.local/lib/python3.7/site-packages/airflow/example_dags/example_subdag_operator.py
[2022-12-16 01:58:59,328] {logging_mixin.py:115} INFO - [2022-12-16 01:58:59,328] {dag.py:2371} INFO - Sync 3 DAGs
[2022-12-16 01:58:59,424] {logging_mixin.py:115} INFO - [2022-12-16 01:58:59,424] {dag.py:2919} INFO - Setting next_dagrun for example_subdag_operator to 2022-12-14T00:00:00+00:00, run_after=2022-12-14T00:00:00+00:00
[2022-12-16 01:58:59,425] {logging_mixin.py:115} INFO - [2022-12-16 01:58:59,425] {dag.py:2919} INFO - Setting next_dagrun for example_subdag_operator.section-1 to None, run_after=None
[2022-12-16 01:58:59,426] {logging_mixin.py:115} INFO - [2022-12-16 01:58:59,426] {dag.py:2919} INFO - Setting next_dagrun for example_subdag_operator.section-2 to None, run_after=None
[2022-12-16 01:58:59,449] {logging_mixin.py:115} INFO - [2022-12-16 01:58:59,449] {dag.py:2371} INFO - Sync 2 DAGs
[2022-12-16 01:58:59,467] {logging_mixin.py:115} INFO - [2022-12-16 01:58:59,467] {dag.py:2919} INFO - Setting next_dagrun for example_subdag_operator.section-1 to None, run_after=None
[2022-12-16 01:58:59,468] {logging_mixin.py:115} INFO - [2022-12-16 01:58:59,468] {dag.py:2919} INFO - Setting next_dagrun for example_subdag_operator.section-2 to None, run_after=None
[2022-12-16 01:58:59,500] {processor.py:161} INFO - Processing /home/airflow/.local/lib/python3.7/site-packages/airflow/example_dags/example_subdag_operator.py took 0.457 seconds
[2022-12-16 01:59:45,403] {processor.py:153} INFO - Started process (PID=68) to work on /home/airflow/.local/lib/python3.7/site-packages/airflow/example_dags/example_subdag_operator.py
[2022-12-16 01:59:45,405] {processor.py:641} INFO - Processing file /home/airflow/.local/lib/python3.7/site-packages/airflow/example_dags/example_subdag_operator.py for tasks to queue
[2022-12-16 01:59:45,408] {logging_mixin.py:115} INFO - [2022-12-16 01:59:45,408] {dagbag.py:507} INFO - Filling up the DagBag from /home/airflow/.local/lib/python3.7/site-packages/airflow/example_dags/example_subdag_operator.py
[2022-12-16 01:59:45,453] {processor.py:651} INFO - DAG(s) dict_keys(['example_subdag_operator.section-1', 'example_subdag_operator.section-2', 'example_subdag_operator']) retrieved from /home/airflow/.local/lib/python3.7/site-packages/airflow/example_dags/example_subdag_operator.py
[2022-12-16 01:59:45,525] {logging_mixin.py:115} INFO - [2022-12-16 01:59:45,525] {dag.py:2371} INFO - Sync 3 DAGs
[2022-12-16 01:59:45,605] {logging_mixin.py:115} INFO - [2022-12-16 01:59:45,605] {dag.py:2919} INFO - Setting next_dagrun for example_subdag_operator to 2022-12-14T00:00:00+00:00, run_after=2022-12-14T00:00:00+00:00
[2022-12-16 01:59:45,608] {logging_mixin.py:115} INFO - [2022-12-16 01:59:45,608] {dag.py:2919} INFO - Setting next_dagrun for example_subdag_operator.section-1 to None, run_after=None
[2022-12-16 01:59:45,609] {logging_mixin.py:115} INFO - [2022-12-16 01:59:45,609] {dag.py:2919} INFO - Setting next_dagrun for example_subdag_operator.section-2 to None, run_after=None
[2022-12-16 01:59:45,646] {logging_mixin.py:115} INFO - [2022-12-16 01:59:45,646] {dag.py:2371} INFO - Sync 2 DAGs
[2022-12-16 01:59:45,672] {logging_mixin.py:115} INFO - [2022-12-16 01:59:45,672] {dag.py:2919} INFO - Setting next_dagrun for example_subdag_operator.section-1 to None, run_after=None
[2022-12-16 01:59:45,672] {logging_mixin.py:115} INFO - [2022-12-16 01:59:45,672] {dag.py:2919} INFO - Setting next_dagrun for example_subdag_operator.section-2 to None, run_after=None
[2022-12-16 01:59:45,702] {processor.py:161} INFO - Processing /home/airflow/.local/lib/python3.7/site-packages/airflow/example_dags/example_subdag_operator.py took 0.301 seconds
[2022-12-16 02:00:16,099] {processor.py:153} INFO - Started process (PID=121) to work on /home/airflow/.local/lib/python3.7/site-packages/airflow/example_dags/example_subdag_operator.py
[2022-12-16 02:00:16,100] {processor.py:641} INFO - Processing file /home/airflow/.local/lib/python3.7/site-packages/airflow/example_dags/example_subdag_operator.py for tasks to queue
[2022-12-16 02:00:16,101] {logging_mixin.py:115} INFO - [2022-12-16 02:00:16,101] {dagbag.py:507} INFO - Filling up the DagBag from /home/airflow/.local/lib/python3.7/site-packages/airflow/example_dags/example_subdag_operator.py
[2022-12-16 02:00:16,127] {processor.py:651} INFO - DAG(s) dict_keys(['example_subdag_operator.section-1', 'example_subdag_operator.section-2', 'example_subdag_operator']) retrieved from /home/airflow/.local/lib/python3.7/site-packages/airflow/example_dags/example_subdag_operator.py
[2022-12-16 02:00:16,153] {logging_mixin.py:115} INFO - [2022-12-16 02:00:16,153] {dag.py:2371} INFO - Sync 3 DAGs
[2022-12-16 02:00:16,172] {logging_mixin.py:115} INFO - [2022-12-16 02:00:16,172] {dag.py:2919} INFO - Setting next_dagrun for example_subdag_operator to 2022-12-14T00:00:00+00:00, run_after=2022-12-14T00:00:00+00:00
[2022-12-16 02:00:16,173] {logging_mixin.py:115} INFO - [2022-12-16 02:00:16,173] {dag.py:2919} INFO - Setting next_dagrun for example_subdag_operator.section-1 to None, run_after=None
[2022-12-16 02:00:16,173] {logging_mixin.py:115} INFO - [2022-12-16 02:00:16,173] {dag.py:2919} INFO - Setting next_dagrun for example_subdag_operator.section-2 to None, run_after=None
[2022-12-16 02:00:16,179] {logging_mixin.py:115} INFO - [2022-12-16 02:00:16,179] {dag.py:2371} INFO - Sync 2 DAGs
[2022-12-16 02:00:16,184] {logging_mixin.py:115} INFO - [2022-12-16 02:00:16,184] {dag.py:2919} INFO - Setting next_dagrun for example_subdag_operator.section-1 to None, run_after=None
[2022-12-16 02:00:16,184] {logging_mixin.py:115} INFO - [2022-12-16 02:00:16,184] {dag.py:2919} INFO - Setting next_dagrun for example_subdag_operator.section-2 to None, run_after=None
[2022-12-16 02:00:16,191] {processor.py:161} INFO - Processing /home/airflow/.local/lib/python3.7/site-packages/airflow/example_dags/example_subdag_operator.py took 0.095 seconds
[2022-12-16 02:00:46,287] {processor.py:153} INFO - Started process (PID=184) to work on /home/airflow/.local/lib/python3.7/site-packages/airflow/example_dags/example_subdag_operator.py
[2022-12-16 02:00:46,290] {processor.py:641} INFO - Processing file /home/airflow/.local/lib/python3.7/site-packages/airflow/example_dags/example_subdag_operator.py for tasks to queue
[2022-12-16 02:00:46,292] {logging_mixin.py:115} INFO - [2022-12-16 02:00:46,292] {dagbag.py:507} INFO - Filling up the DagBag from /home/airflow/.local/lib/python3.7/site-packages/airflow/example_dags/example_subdag_operator.py
[2022-12-16 02:00:46,326] {processor.py:651} INFO - DAG(s) dict_keys(['example_subdag_operator.section-1', 'example_subdag_operator.section-2', 'example_subdag_operator']) retrieved from /home/airflow/.local/lib/python3.7/site-packages/airflow/example_dags/example_subdag_operator.py
[2022-12-16 02:00:46,367] {logging_mixin.py:115} INFO - [2022-12-16 02:00:46,366] {dag.py:2371} INFO - Sync 3 DAGs
[2022-12-16 02:00:46,389] {logging_mixin.py:115} INFO - [2022-12-16 02:00:46,389] {dag.py:2919} INFO - Setting next_dagrun for example_subdag_operator to 2022-12-14T00:00:00+00:00, run_after=2022-12-14T00:00:00+00:00
[2022-12-16 02:00:46,389] {logging_mixin.py:115} INFO - [2022-12-16 02:00:46,389] {dag.py:2919} INFO - Setting next_dagrun for example_subdag_operator.section-1 to None, run_after=None
[2022-12-16 02:00:46,390] {logging_mixin.py:115} INFO - [2022-12-16 02:00:46,390] {dag.py:2919} INFO - Setting next_dagrun for example_subdag_operator.section-2 to None, run_after=None
[2022-12-16 02:00:46,398] {logging_mixin.py:115} INFO - [2022-12-16 02:00:46,398] {dag.py:2371} INFO - Sync 2 DAGs
[2022-12-16 02:00:46,403] {logging_mixin.py:115} INFO - [2022-12-16 02:00:46,403] {dag.py:2919} INFO - Setting next_dagrun for example_subdag_operator.section-1 to None, run_after=None
[2022-12-16 02:00:46,403] {logging_mixin.py:115} INFO - [2022-12-16 02:00:46,403] {dag.py:2919} INFO - Setting next_dagrun for example_subdag_operator.section-2 to None, run_after=None
[2022-12-16 02:00:46,409] {processor.py:161} INFO - Processing /home/airflow/.local/lib/python3.7/site-packages/airflow/example_dags/example_subdag_operator.py took 0.128 seconds
[2022-12-16 02:01:17,013] {processor.py:153} INFO - Started process (PID=246) to work on /home/airflow/.local/lib/python3.7/site-packages/airflow/example_dags/example_subdag_operator.py
[2022-12-16 02:01:17,013] {processor.py:641} INFO - Processing file /home/airflow/.local/lib/python3.7/site-packages/airflow/example_dags/example_subdag_operator.py for tasks to queue
[2022-12-16 02:01:17,015] {logging_mixin.py:115} INFO - [2022-12-16 02:01:17,014] {dagbag.py:507} INFO - Filling up the DagBag from /home/airflow/.local/lib/python3.7/site-packages/airflow/example_dags/example_subdag_operator.py
[2022-12-16 02:01:17,047] {processor.py:651} INFO - DAG(s) dict_keys(['example_subdag_operator.section-1', 'example_subdag_operator.section-2', 'example_subdag_operator']) retrieved from /home/airflow/.local/lib/python3.7/site-packages/airflow/example_dags/example_subdag_operator.py
[2022-12-16 02:01:17,081] {logging_mixin.py:115} INFO - [2022-12-16 02:01:17,081] {dag.py:2371} INFO - Sync 3 DAGs
[2022-12-16 02:01:17,110] {logging_mixin.py:115} INFO - [2022-12-16 02:01:17,110] {dag.py:2919} INFO - Setting next_dagrun for example_subdag_operator to 2022-12-14T00:00:00+00:00, run_after=2022-12-14T00:00:00+00:00
[2022-12-16 02:01:17,111] {logging_mixin.py:115} INFO - [2022-12-16 02:01:17,111] {dag.py:2919} INFO - Setting next_dagrun for example_subdag_operator.section-1 to None, run_after=None
[2022-12-16 02:01:17,111] {logging_mixin.py:115} INFO - [2022-12-16 02:01:17,111] {dag.py:2919} INFO - Setting next_dagrun for example_subdag_operator.section-2 to None, run_after=None
[2022-12-16 02:01:17,119] {logging_mixin.py:115} INFO - [2022-12-16 02:01:17,119] {dag.py:2371} INFO - Sync 2 DAGs
[2022-12-16 02:01:17,124] {logging_mixin.py:115} INFO - [2022-12-16 02:01:17,124] {dag.py:2919} INFO - Setting next_dagrun for example_subdag_operator.section-1 to None, run_after=None
[2022-12-16 02:01:17,125] {logging_mixin.py:115} INFO - [2022-12-16 02:01:17,125] {dag.py:2919} INFO - Setting next_dagrun for example_subdag_operator.section-2 to None, run_after=None
[2022-12-16 02:01:17,137] {processor.py:161} INFO - Processing /home/airflow/.local/lib/python3.7/site-packages/airflow/example_dags/example_subdag_operator.py took 0.128 seconds
[2022-12-16 02:01:47,633] {processor.py:153} INFO - Started process (PID=299) to work on /home/airflow/.local/lib/python3.7/site-packages/airflow/example_dags/example_subdag_operator.py
[2022-12-16 02:01:47,634] {processor.py:641} INFO - Processing file /home/airflow/.local/lib/python3.7/site-packages/airflow/example_dags/example_subdag_operator.py for tasks to queue
[2022-12-16 02:01:47,634] {logging_mixin.py:115} INFO - [2022-12-16 02:01:47,634] {dagbag.py:507} INFO - Filling up the DagBag from /home/airflow/.local/lib/python3.7/site-packages/airflow/example_dags/example_subdag_operator.py
[2022-12-16 02:01:47,661] {processor.py:651} INFO - DAG(s) dict_keys(['example_subdag_operator.section-1', 'example_subdag_operator.section-2', 'example_subdag_operator']) retrieved from /home/airflow/.local/lib/python3.7/site-packages/airflow/example_dags/example_subdag_operator.py
[2022-12-16 02:01:47,687] {logging_mixin.py:115} INFO - [2022-12-16 02:01:47,687] {dag.py:2371} INFO - Sync 3 DAGs
[2022-12-16 02:01:47,710] {logging_mixin.py:115} INFO - [2022-12-16 02:01:47,710] {dag.py:2919} INFO - Setting next_dagrun for example_subdag_operator to 2022-12-14T00:00:00+00:00, run_after=2022-12-14T00:00:00+00:00
[2022-12-16 02:01:47,711] {logging_mixin.py:115} INFO - [2022-12-16 02:01:47,711] {dag.py:2919} INFO - Setting next_dagrun for example_subdag_operator.section-1 to None, run_after=None
[2022-12-16 02:01:47,711] {logging_mixin.py:115} INFO - [2022-12-16 02:01:47,711] {dag.py:2919} INFO - Setting next_dagrun for example_subdag_operator.section-2 to None, run_after=None
[2022-12-16 02:01:47,719] {logging_mixin.py:115} INFO - [2022-12-16 02:01:47,719] {dag.py:2371} INFO - Sync 2 DAGs
[2022-12-16 02:01:47,725] {logging_mixin.py:115} INFO - [2022-12-16 02:01:47,725] {dag.py:2919} INFO - Setting next_dagrun for example_subdag_operator.section-1 to None, run_after=None
[2022-12-16 02:01:47,725] {logging_mixin.py:115} INFO - [2022-12-16 02:01:47,725] {dag.py:2919} INFO - Setting next_dagrun for example_subdag_operator.section-2 to None, run_after=None
[2022-12-16 02:01:47,732] {processor.py:161} INFO - Processing /home/airflow/.local/lib/python3.7/site-packages/airflow/example_dags/example_subdag_operator.py took 0.103 seconds
[2022-12-16 02:02:18,040] {processor.py:153} INFO - Started process (PID=361) to work on /home/airflow/.local/lib/python3.7/site-packages/airflow/example_dags/example_subdag_operator.py
[2022-12-16 02:02:18,041] {processor.py:641} INFO - Processing file /home/airflow/.local/lib/python3.7/site-packages/airflow/example_dags/example_subdag_operator.py for tasks to queue
[2022-12-16 02:02:18,042] {logging_mixin.py:115} INFO - [2022-12-16 02:02:18,042] {dagbag.py:507} INFO - Filling up the DagBag from /home/airflow/.local/lib/python3.7/site-packages/airflow/example_dags/example_subdag_operator.py
[2022-12-16 02:02:18,071] {processor.py:651} INFO - DAG(s) dict_keys(['example_subdag_operator.section-1', 'example_subdag_operator.section-2', 'example_subdag_operator']) retrieved from /home/airflow/.local/lib/python3.7/site-packages/airflow/example_dags/example_subdag_operator.py
[2022-12-16 02:02:18,099] {logging_mixin.py:115} INFO - [2022-12-16 02:02:18,099] {dag.py:2371} INFO - Sync 3 DAGs
[2022-12-16 02:02:18,122] {logging_mixin.py:115} INFO - [2022-12-16 02:02:18,122] {dag.py:2919} INFO - Setting next_dagrun for example_subdag_operator to 2022-12-14T00:00:00+00:00, run_after=2022-12-14T00:00:00+00:00
[2022-12-16 02:02:18,123] {logging_mixin.py:115} INFO - [2022-12-16 02:02:18,123] {dag.py:2919} INFO - Setting next_dagrun for example_subdag_operator.section-1 to None, run_after=None
[2022-12-16 02:02:18,123] {logging_mixin.py:115} INFO - [2022-12-16 02:02:18,123] {dag.py:2919} INFO - Setting next_dagrun for example_subdag_operator.section-2 to None, run_after=None
[2022-12-16 02:02:18,130] {logging_mixin.py:115} INFO - [2022-12-16 02:02:18,130] {dag.py:2371} INFO - Sync 2 DAGs
[2022-12-16 02:02:18,136] {logging_mixin.py:115} INFO - [2022-12-16 02:02:18,136] {dag.py:2919} INFO - Setting next_dagrun for example_subdag_operator.section-1 to None, run_after=None
[2022-12-16 02:02:18,136] {logging_mixin.py:115} INFO - [2022-12-16 02:02:18,136] {dag.py:2919} INFO - Setting next_dagrun for example_subdag_operator.section-2 to None, run_after=None
[2022-12-16 02:02:18,147] {processor.py:161} INFO - Processing /home/airflow/.local/lib/python3.7/site-packages/airflow/example_dags/example_subdag_operator.py took 0.110 seconds
[2022-12-16 02:02:48,517] {processor.py:153} INFO - Started process (PID=424) to work on /home/airflow/.local/lib/python3.7/site-packages/airflow/example_dags/example_subdag_operator.py
[2022-12-16 02:02:48,517] {processor.py:641} INFO - Processing file /home/airflow/.local/lib/python3.7/site-packages/airflow/example_dags/example_subdag_operator.py for tasks to queue
[2022-12-16 02:02:48,518] {logging_mixin.py:115} INFO - [2022-12-16 02:02:48,518] {dagbag.py:507} INFO - Filling up the DagBag from /home/airflow/.local/lib/python3.7/site-packages/airflow/example_dags/example_subdag_operator.py
[2022-12-16 02:02:48,551] {processor.py:651} INFO - DAG(s) dict_keys(['example_subdag_operator.section-1', 'example_subdag_operator.section-2', 'example_subdag_operator']) retrieved from /home/airflow/.local/lib/python3.7/site-packages/airflow/example_dags/example_subdag_operator.py
[2022-12-16 02:02:48,596] {logging_mixin.py:115} INFO - [2022-12-16 02:02:48,596] {dag.py:2371} INFO - Sync 3 DAGs
[2022-12-16 02:02:48,640] {logging_mixin.py:115} INFO - [2022-12-16 02:02:48,640] {dag.py:2919} INFO - Setting next_dagrun for example_subdag_operator to 2022-12-14T00:00:00+00:00, run_after=2022-12-14T00:00:00+00:00
[2022-12-16 02:02:48,640] {logging_mixin.py:115} INFO - [2022-12-16 02:02:48,640] {dag.py:2919} INFO - Setting next_dagrun for example_subdag_operator.section-1 to None, run_after=None
[2022-12-16 02:02:48,641] {logging_mixin.py:115} INFO - [2022-12-16 02:02:48,641] {dag.py:2919} INFO - Setting next_dagrun for example_subdag_operator.section-2 to None, run_after=None
[2022-12-16 02:02:48,653] {logging_mixin.py:115} INFO - [2022-12-16 02:02:48,653] {dag.py:2371} INFO - Sync 2 DAGs
[2022-12-16 02:02:48,661] {logging_mixin.py:115} INFO - [2022-12-16 02:02:48,660] {dag.py:2919} INFO - Setting next_dagrun for example_subdag_operator.section-1 to None, run_after=None
[2022-12-16 02:02:48,661] {logging_mixin.py:115} INFO - [2022-12-16 02:02:48,661] {dag.py:2919} INFO - Setting next_dagrun for example_subdag_operator.section-2 to None, run_after=None
[2022-12-16 02:02:48,670] {processor.py:161} INFO - Processing /home/airflow/.local/lib/python3.7/site-packages/airflow/example_dags/example_subdag_operator.py took 0.157 seconds
[2022-12-16 02:03:19,062] {processor.py:153} INFO - Started process (PID=485) to work on /home/airflow/.local/lib/python3.7/site-packages/airflow/example_dags/example_subdag_operator.py
[2022-12-16 02:03:19,062] {processor.py:641} INFO - Processing file /home/airflow/.local/lib/python3.7/site-packages/airflow/example_dags/example_subdag_operator.py for tasks to queue
[2022-12-16 02:03:19,063] {logging_mixin.py:115} INFO - [2022-12-16 02:03:19,063] {dagbag.py:507} INFO - Filling up the DagBag from /home/airflow/.local/lib/python3.7/site-packages/airflow/example_dags/example_subdag_operator.py
[2022-12-16 02:03:19,097] {processor.py:651} INFO - DAG(s) dict_keys(['example_subdag_operator.section-1', 'example_subdag_operator.section-2', 'example_subdag_operator']) retrieved from /home/airflow/.local/lib/python3.7/site-packages/airflow/example_dags/example_subdag_operator.py
[2022-12-16 02:03:19,125] {logging_mixin.py:115} INFO - [2022-12-16 02:03:19,125] {dag.py:2371} INFO - Sync 3 DAGs
[2022-12-16 02:03:19,150] {logging_mixin.py:115} INFO - [2022-12-16 02:03:19,150] {dag.py:2919} INFO - Setting next_dagrun for example_subdag_operator to 2022-12-14T00:00:00+00:00, run_after=2022-12-14T00:00:00+00:00
[2022-12-16 02:03:19,151] {logging_mixin.py:115} INFO - [2022-12-16 02:03:19,151] {dag.py:2919} INFO - Setting next_dagrun for example_subdag_operator.section-1 to None, run_after=None
[2022-12-16 02:03:19,152] {logging_mixin.py:115} INFO - [2022-12-16 02:03:19,152] {dag.py:2919} INFO - Setting next_dagrun for example_subdag_operator.section-2 to None, run_after=None
[2022-12-16 02:03:19,164] {logging_mixin.py:115} INFO - [2022-12-16 02:03:19,164] {dag.py:2371} INFO - Sync 2 DAGs
[2022-12-16 02:03:19,175] {logging_mixin.py:115} INFO - [2022-12-16 02:03:19,175] {dag.py:2919} INFO - Setting next_dagrun for example_subdag_operator.section-1 to None, run_after=None
[2022-12-16 02:03:19,176] {logging_mixin.py:115} INFO - [2022-12-16 02:03:19,176] {dag.py:2919} INFO - Setting next_dagrun for example_subdag_operator.section-2 to None, run_after=None
[2022-12-16 02:03:19,183] {processor.py:161} INFO - Processing /home/airflow/.local/lib/python3.7/site-packages/airflow/example_dags/example_subdag_operator.py took 0.126 seconds
[2022-12-16 02:03:49,575] {processor.py:153} INFO - Started process (PID=539) to work on /home/airflow/.local/lib/python3.7/site-packages/airflow/example_dags/example_subdag_operator.py
[2022-12-16 02:03:49,575] {processor.py:641} INFO - Processing file /home/airflow/.local/lib/python3.7/site-packages/airflow/example_dags/example_subdag_operator.py for tasks to queue
[2022-12-16 02:03:49,576] {logging_mixin.py:115} INFO - [2022-12-16 02:03:49,576] {dagbag.py:507} INFO - Filling up the DagBag from /home/airflow/.local/lib/python3.7/site-packages/airflow/example_dags/example_subdag_operator.py
[2022-12-16 02:03:49,606] {processor.py:651} INFO - DAG(s) dict_keys(['example_subdag_operator.section-1', 'example_subdag_operator.section-2', 'example_subdag_operator']) retrieved from /home/airflow/.local/lib/python3.7/site-packages/airflow/example_dags/example_subdag_operator.py
[2022-12-16 02:03:49,660] {logging_mixin.py:115} INFO - [2022-12-16 02:03:49,660] {dag.py:2371} INFO - Sync 3 DAGs
[2022-12-16 02:03:49,689] {logging_mixin.py:115} INFO - [2022-12-16 02:03:49,689] {dag.py:2919} INFO - Setting next_dagrun for example_subdag_operator to 2022-12-14T00:00:00+00:00, run_after=2022-12-14T00:00:00+00:00
[2022-12-16 02:03:49,689] {logging_mixin.py:115} INFO - [2022-12-16 02:03:49,689] {dag.py:2919} INFO - Setting next_dagrun for example_subdag_operator.section-1 to None, run_after=None
[2022-12-16 02:03:49,690] {logging_mixin.py:115} INFO - [2022-12-16 02:03:49,690] {dag.py:2919} INFO - Setting next_dagrun for example_subdag_operator.section-2 to None, run_after=None
[2022-12-16 02:03:49,697] {logging_mixin.py:115} INFO - [2022-12-16 02:03:49,697] {dag.py:2371} INFO - Sync 2 DAGs
[2022-12-16 02:03:49,703] {logging_mixin.py:115} INFO - [2022-12-16 02:03:49,702] {dag.py:2919} INFO - Setting next_dagrun for example_subdag_operator.section-1 to None, run_after=None
[2022-12-16 02:03:49,703] {logging_mixin.py:115} INFO - [2022-12-16 02:03:49,703] {dag.py:2919} INFO - Setting next_dagrun for example_subdag_operator.section-2 to None, run_after=None
[2022-12-16 02:03:49,713] {processor.py:161} INFO - Processing /home/airflow/.local/lib/python3.7/site-packages/airflow/example_dags/example_subdag_operator.py took 0.142 seconds
[2022-12-16 02:04:19,999] {processor.py:153} INFO - Started process (PID=600) to work on /home/airflow/.local/lib/python3.7/site-packages/airflow/example_dags/example_subdag_operator.py
[2022-12-16 02:04:20,000] {processor.py:641} INFO - Processing file /home/airflow/.local/lib/python3.7/site-packages/airflow/example_dags/example_subdag_operator.py for tasks to queue
[2022-12-16 02:04:20,001] {logging_mixin.py:115} INFO - [2022-12-16 02:04:20,000] {dagbag.py:507} INFO - Filling up the DagBag from /home/airflow/.local/lib/python3.7/site-packages/airflow/example_dags/example_subdag_operator.py
[2022-12-16 02:04:20,025] {processor.py:651} INFO - DAG(s) dict_keys(['example_subdag_operator.section-1', 'example_subdag_operator.section-2', 'example_subdag_operator']) retrieved from /home/airflow/.local/lib/python3.7/site-packages/airflow/example_dags/example_subdag_operator.py
[2022-12-16 02:04:20,051] {logging_mixin.py:115} INFO - [2022-12-16 02:04:20,051] {dag.py:2371} INFO - Sync 3 DAGs
[2022-12-16 02:04:20,071] {logging_mixin.py:115} INFO - [2022-12-16 02:04:20,071] {dag.py:2919} INFO - Setting next_dagrun for example_subdag_operator to 2022-12-14T00:00:00+00:00, run_after=2022-12-14T00:00:00+00:00
[2022-12-16 02:04:20,071] {logging_mixin.py:115} INFO - [2022-12-16 02:04:20,071] {dag.py:2919} INFO - Setting next_dagrun for example_subdag_operator.section-1 to None, run_after=None
[2022-12-16 02:04:20,072] {logging_mixin.py:115} INFO - [2022-12-16 02:04:20,072] {dag.py:2919} INFO - Setting next_dagrun for example_subdag_operator.section-2 to None, run_after=None
[2022-12-16 02:04:20,078] {logging_mixin.py:115} INFO - [2022-12-16 02:04:20,078] {dag.py:2371} INFO - Sync 2 DAGs
[2022-12-16 02:04:20,083] {logging_mixin.py:115} INFO - [2022-12-16 02:04:20,083] {dag.py:2919} INFO - Setting next_dagrun for example_subdag_operator.section-1 to None, run_after=None
[2022-12-16 02:04:20,083] {logging_mixin.py:115} INFO - [2022-12-16 02:04:20,083] {dag.py:2919} INFO - Setting next_dagrun for example_subdag_operator.section-2 to None, run_after=None
[2022-12-16 02:04:20,091] {processor.py:161} INFO - Processing /home/airflow/.local/lib/python3.7/site-packages/airflow/example_dags/example_subdag_operator.py took 0.096 seconds
[2022-12-16 02:04:50,640] {processor.py:153} INFO - Started process (PID=663) to work on /home/airflow/.local/lib/python3.7/site-packages/airflow/example_dags/example_subdag_operator.py
[2022-12-16 02:04:50,640] {processor.py:641} INFO - Processing file /home/airflow/.local/lib/python3.7/site-packages/airflow/example_dags/example_subdag_operator.py for tasks to queue
[2022-12-16 02:04:50,641] {logging_mixin.py:115} INFO - [2022-12-16 02:04:50,641] {dagbag.py:507} INFO - Filling up the DagBag from /home/airflow/.local/lib/python3.7/site-packages/airflow/example_dags/example_subdag_operator.py
[2022-12-16 02:04:50,667] {processor.py:651} INFO - DAG(s) dict_keys(['example_subdag_operator.section-1', 'example_subdag_operator.section-2', 'example_subdag_operator']) retrieved from /home/airflow/.local/lib/python3.7/site-packages/airflow/example_dags/example_subdag_operator.py
[2022-12-16 02:04:50,694] {logging_mixin.py:115} INFO - [2022-12-16 02:04:50,694] {dag.py:2371} INFO - Sync 3 DAGs
[2022-12-16 02:04:50,715] {logging_mixin.py:115} INFO - [2022-12-16 02:04:50,715] {dag.py:2919} INFO - Setting next_dagrun for example_subdag_operator to 2022-12-14T00:00:00+00:00, run_after=2022-12-14T00:00:00+00:00
[2022-12-16 02:04:50,716] {logging_mixin.py:115} INFO - [2022-12-16 02:04:50,716] {dag.py:2919} INFO - Setting next_dagrun for example_subdag_operator.section-1 to None, run_after=None
[2022-12-16 02:04:50,716] {logging_mixin.py:115} INFO - [2022-12-16 02:04:50,716] {dag.py:2919} INFO - Setting next_dagrun for example_subdag_operator.section-2 to None, run_after=None
[2022-12-16 02:04:50,724] {logging_mixin.py:115} INFO - [2022-12-16 02:04:50,724] {dag.py:2371} INFO - Sync 2 DAGs
[2022-12-16 02:04:50,730] {logging_mixin.py:115} INFO - [2022-12-16 02:04:50,730] {dag.py:2919} INFO - Setting next_dagrun for example_subdag_operator.section-1 to None, run_after=None
[2022-12-16 02:04:50,730] {logging_mixin.py:115} INFO - [2022-12-16 02:04:50,730] {dag.py:2919} INFO - Setting next_dagrun for example_subdag_operator.section-2 to None, run_after=None
[2022-12-16 02:04:50,737] {processor.py:161} INFO - Processing /home/airflow/.local/lib/python3.7/site-packages/airflow/example_dags/example_subdag_operator.py took 0.101 seconds
[2022-12-16 02:05:21,765] {processor.py:153} INFO - Started process (PID=724) to work on /home/airflow/.local/lib/python3.7/site-packages/airflow/example_dags/example_subdag_operator.py
[2022-12-16 02:05:21,766] {processor.py:641} INFO - Processing file /home/airflow/.local/lib/python3.7/site-packages/airflow/example_dags/example_subdag_operator.py for tasks to queue
[2022-12-16 02:05:21,767] {logging_mixin.py:115} INFO - [2022-12-16 02:05:21,767] {dagbag.py:507} INFO - Filling up the DagBag from /home/airflow/.local/lib/python3.7/site-packages/airflow/example_dags/example_subdag_operator.py
[2022-12-16 02:05:21,844] {processor.py:651} INFO - DAG(s) dict_keys(['example_subdag_operator.section-1', 'example_subdag_operator.section-2', 'example_subdag_operator']) retrieved from /home/airflow/.local/lib/python3.7/site-packages/airflow/example_dags/example_subdag_operator.py
[2022-12-16 02:05:21,921] {logging_mixin.py:115} INFO - [2022-12-16 02:05:21,921] {dag.py:2371} INFO - Sync 3 DAGs
[2022-12-16 02:05:21,960] {logging_mixin.py:115} INFO - [2022-12-16 02:05:21,960] {dag.py:2919} INFO - Setting next_dagrun for example_subdag_operator to 2022-12-14T00:00:00+00:00, run_after=2022-12-14T00:00:00+00:00
[2022-12-16 02:05:21,960] {logging_mixin.py:115} INFO - [2022-12-16 02:05:21,960] {dag.py:2919} INFO - Setting next_dagrun for example_subdag_operator.section-1 to None, run_after=None
[2022-12-16 02:05:21,960] {logging_mixin.py:115} INFO - [2022-12-16 02:05:21,960] {dag.py:2919} INFO - Setting next_dagrun for example_subdag_operator.section-2 to None, run_after=None
[2022-12-16 02:05:21,970] {logging_mixin.py:115} INFO - [2022-12-16 02:05:21,970] {dag.py:2371} INFO - Sync 2 DAGs
[2022-12-16 02:05:21,976] {logging_mixin.py:115} INFO - [2022-12-16 02:05:21,976] {dag.py:2919} INFO - Setting next_dagrun for example_subdag_operator.section-1 to None, run_after=None
[2022-12-16 02:05:21,977] {logging_mixin.py:115} INFO - [2022-12-16 02:05:21,977] {dag.py:2919} INFO - Setting next_dagrun for example_subdag_operator.section-2 to None, run_after=None
[2022-12-16 02:05:21,988] {processor.py:161} INFO - Processing /home/airflow/.local/lib/python3.7/site-packages/airflow/example_dags/example_subdag_operator.py took 0.226 seconds
[2022-12-16 02:05:52,148] {processor.py:153} INFO - Started process (PID=779) to work on /home/airflow/.local/lib/python3.7/site-packages/airflow/example_dags/example_subdag_operator.py
[2022-12-16 02:05:52,149] {processor.py:641} INFO - Processing file /home/airflow/.local/lib/python3.7/site-packages/airflow/example_dags/example_subdag_operator.py for tasks to queue
[2022-12-16 02:05:52,150] {logging_mixin.py:115} INFO - [2022-12-16 02:05:52,150] {dagbag.py:507} INFO - Filling up the DagBag from /home/airflow/.local/lib/python3.7/site-packages/airflow/example_dags/example_subdag_operator.py
[2022-12-16 02:05:52,182] {processor.py:651} INFO - DAG(s) dict_keys(['example_subdag_operator.section-1', 'example_subdag_operator.section-2', 'example_subdag_operator']) retrieved from /home/airflow/.local/lib/python3.7/site-packages/airflow/example_dags/example_subdag_operator.py
[2022-12-16 02:05:52,222] {logging_mixin.py:115} INFO - [2022-12-16 02:05:52,222] {dag.py:2371} INFO - Sync 3 DAGs
[2022-12-16 02:05:52,243] {logging_mixin.py:115} INFO - [2022-12-16 02:05:52,243] {dag.py:2919} INFO - Setting next_dagrun for example_subdag_operator to 2022-12-14T00:00:00+00:00, run_after=2022-12-14T00:00:00+00:00
[2022-12-16 02:05:52,243] {logging_mixin.py:115} INFO - [2022-12-16 02:05:52,243] {dag.py:2919} INFO - Setting next_dagrun for example_subdag_operator.section-1 to None, run_after=None
[2022-12-16 02:05:52,243] {logging_mixin.py:115} INFO - [2022-12-16 02:05:52,243] {dag.py:2919} INFO - Setting next_dagrun for example_subdag_operator.section-2 to None, run_after=None
[2022-12-16 02:05:52,252] {logging_mixin.py:115} INFO - [2022-12-16 02:05:52,252] {dag.py:2371} INFO - Sync 2 DAGs
[2022-12-16 02:05:52,258] {logging_mixin.py:115} INFO - [2022-12-16 02:05:52,258] {dag.py:2919} INFO - Setting next_dagrun for example_subdag_operator.section-1 to None, run_after=None
[2022-12-16 02:05:52,258] {logging_mixin.py:115} INFO - [2022-12-16 02:05:52,258] {dag.py:2919} INFO - Setting next_dagrun for example_subdag_operator.section-2 to None, run_after=None
[2022-12-16 02:05:52,265] {processor.py:161} INFO - Processing /home/airflow/.local/lib/python3.7/site-packages/airflow/example_dags/example_subdag_operator.py took 0.123 seconds
[2022-12-16 02:06:22,759] {processor.py:153} INFO - Started process (PID=842) to work on /home/airflow/.local/lib/python3.7/site-packages/airflow/example_dags/example_subdag_operator.py
[2022-12-16 02:06:22,759] {processor.py:641} INFO - Processing file /home/airflow/.local/lib/python3.7/site-packages/airflow/example_dags/example_subdag_operator.py for tasks to queue
[2022-12-16 02:06:22,760] {logging_mixin.py:115} INFO - [2022-12-16 02:06:22,760] {dagbag.py:507} INFO - Filling up the DagBag from /home/airflow/.local/lib/python3.7/site-packages/airflow/example_dags/example_subdag_operator.py
[2022-12-16 02:06:22,784] {processor.py:651} INFO - DAG(s) dict_keys(['example_subdag_operator.section-1', 'example_subdag_operator.section-2', 'example_subdag_operator']) retrieved from /home/airflow/.local/lib/python3.7/site-packages/airflow/example_dags/example_subdag_operator.py
[2022-12-16 02:06:22,812] {logging_mixin.py:115} INFO - [2022-12-16 02:06:22,812] {dag.py:2371} INFO - Sync 3 DAGs
[2022-12-16 02:06:22,837] {logging_mixin.py:115} INFO - [2022-12-16 02:06:22,836] {dag.py:2919} INFO - Setting next_dagrun for example_subdag_operator to 2022-12-14T00:00:00+00:00, run_after=2022-12-14T00:00:00+00:00
[2022-12-16 02:06:22,837] {logging_mixin.py:115} INFO - [2022-12-16 02:06:22,837] {dag.py:2919} INFO - Setting next_dagrun for example_subdag_operator.section-1 to None, run_after=None
[2022-12-16 02:06:22,837] {logging_mixin.py:115} INFO - [2022-12-16 02:06:22,837] {dag.py:2919} INFO - Setting next_dagrun for example_subdag_operator.section-2 to None, run_after=None
[2022-12-16 02:06:22,845] {logging_mixin.py:115} INFO - [2022-12-16 02:06:22,844] {dag.py:2371} INFO - Sync 2 DAGs
[2022-12-16 02:06:22,850] {logging_mixin.py:115} INFO - [2022-12-16 02:06:22,850] {dag.py:2919} INFO - Setting next_dagrun for example_subdag_operator.section-1 to None, run_after=None
[2022-12-16 02:06:22,851] {logging_mixin.py:115} INFO - [2022-12-16 02:06:22,851] {dag.py:2919} INFO - Setting next_dagrun for example_subdag_operator.section-2 to None, run_after=None
[2022-12-16 02:06:22,859] {processor.py:161} INFO - Processing /home/airflow/.local/lib/python3.7/site-packages/airflow/example_dags/example_subdag_operator.py took 0.104 seconds
[2022-12-16 02:06:53,218] {processor.py:153} INFO - Started process (PID=905) to work on /home/airflow/.local/lib/python3.7/site-packages/airflow/example_dags/example_subdag_operator.py
[2022-12-16 02:06:53,218] {processor.py:641} INFO - Processing file /home/airflow/.local/lib/python3.7/site-packages/airflow/example_dags/example_subdag_operator.py for tasks to queue
[2022-12-16 02:06:53,219] {logging_mixin.py:115} INFO - [2022-12-16 02:06:53,219] {dagbag.py:507} INFO - Filling up the DagBag from /home/airflow/.local/lib/python3.7/site-packages/airflow/example_dags/example_subdag_operator.py
[2022-12-16 02:06:53,249] {processor.py:651} INFO - DAG(s) dict_keys(['example_subdag_operator.section-1', 'example_subdag_operator.section-2', 'example_subdag_operator']) retrieved from /home/airflow/.local/lib/python3.7/site-packages/airflow/example_dags/example_subdag_operator.py
[2022-12-16 02:06:53,275] {logging_mixin.py:115} INFO - [2022-12-16 02:06:53,275] {dag.py:2371} INFO - Sync 3 DAGs
[2022-12-16 02:06:53,297] {logging_mixin.py:115} INFO - [2022-12-16 02:06:53,297] {dag.py:2919} INFO - Setting next_dagrun for example_subdag_operator to 2022-12-14T00:00:00+00:00, run_after=2022-12-14T00:00:00+00:00
[2022-12-16 02:06:53,298] {logging_mixin.py:115} INFO - [2022-12-16 02:06:53,298] {dag.py:2919} INFO - Setting next_dagrun for example_subdag_operator.section-1 to None, run_after=None
[2022-12-16 02:06:53,298] {logging_mixin.py:115} INFO - [2022-12-16 02:06:53,298] {dag.py:2919} INFO - Setting next_dagrun for example_subdag_operator.section-2 to None, run_after=None
[2022-12-16 02:06:53,308] {logging_mixin.py:115} INFO - [2022-12-16 02:06:53,307] {dag.py:2371} INFO - Sync 2 DAGs
[2022-12-16 02:06:53,316] {logging_mixin.py:115} INFO - [2022-12-16 02:06:53,316] {dag.py:2919} INFO - Setting next_dagrun for example_subdag_operator.section-1 to None, run_after=None
[2022-12-16 02:06:53,316] {logging_mixin.py:115} INFO - [2022-12-16 02:06:53,316] {dag.py:2919} INFO - Setting next_dagrun for example_subdag_operator.section-2 to None, run_after=None
[2022-12-16 02:06:53,323] {processor.py:161} INFO - Processing /home/airflow/.local/lib/python3.7/site-packages/airflow/example_dags/example_subdag_operator.py took 0.109 seconds
[2022-12-16 02:07:23,510] {processor.py:153} INFO - Started process (PID=959) to work on /home/airflow/.local/lib/python3.7/site-packages/airflow/example_dags/example_subdag_operator.py
[2022-12-16 02:07:23,511] {processor.py:641} INFO - Processing file /home/airflow/.local/lib/python3.7/site-packages/airflow/example_dags/example_subdag_operator.py for tasks to queue
[2022-12-16 02:07:23,512] {logging_mixin.py:115} INFO - [2022-12-16 02:07:23,512] {dagbag.py:507} INFO - Filling up the DagBag from /home/airflow/.local/lib/python3.7/site-packages/airflow/example_dags/example_subdag_operator.py
[2022-12-16 02:07:23,543] {processor.py:651} INFO - DAG(s) dict_keys(['example_subdag_operator.section-1', 'example_subdag_operator.section-2', 'example_subdag_operator']) retrieved from /home/airflow/.local/lib/python3.7/site-packages/airflow/example_dags/example_subdag_operator.py
[2022-12-16 02:07:23,575] {logging_mixin.py:115} INFO - [2022-12-16 02:07:23,575] {dag.py:2371} INFO - Sync 3 DAGs
[2022-12-16 02:07:23,600] {logging_mixin.py:115} INFO - [2022-12-16 02:07:23,599] {dag.py:2919} INFO - Setting next_dagrun for example_subdag_operator to 2022-12-14T00:00:00+00:00, run_after=2022-12-14T00:00:00+00:00
[2022-12-16 02:07:23,600] {logging_mixin.py:115} INFO - [2022-12-16 02:07:23,600] {dag.py:2919} INFO - Setting next_dagrun for example_subdag_operator.section-1 to None, run_after=None
[2022-12-16 02:07:23,600] {logging_mixin.py:115} INFO - [2022-12-16 02:07:23,600] {dag.py:2919} INFO - Setting next_dagrun for example_subdag_operator.section-2 to None, run_after=None
[2022-12-16 02:07:23,608] {logging_mixin.py:115} INFO - [2022-12-16 02:07:23,608] {dag.py:2371} INFO - Sync 2 DAGs
[2022-12-16 02:07:23,613] {logging_mixin.py:115} INFO - [2022-12-16 02:07:23,612] {dag.py:2919} INFO - Setting next_dagrun for example_subdag_operator.section-1 to None, run_after=None
[2022-12-16 02:07:23,613] {logging_mixin.py:115} INFO - [2022-12-16 02:07:23,613] {dag.py:2919} INFO - Setting next_dagrun for example_subdag_operator.section-2 to None, run_after=None
[2022-12-16 02:07:23,621] {processor.py:161} INFO - Processing /home/airflow/.local/lib/python3.7/site-packages/airflow/example_dags/example_subdag_operator.py took 0.114 seconds
[2022-12-16 02:07:53,892] {processor.py:153} INFO - Started process (PID=1022) to work on /home/airflow/.local/lib/python3.7/site-packages/airflow/example_dags/example_subdag_operator.py
[2022-12-16 02:07:53,892] {processor.py:641} INFO - Processing file /home/airflow/.local/lib/python3.7/site-packages/airflow/example_dags/example_subdag_operator.py for tasks to queue
[2022-12-16 02:07:53,893] {logging_mixin.py:115} INFO - [2022-12-16 02:07:53,893] {dagbag.py:507} INFO - Filling up the DagBag from /home/airflow/.local/lib/python3.7/site-packages/airflow/example_dags/example_subdag_operator.py
[2022-12-16 02:07:53,918] {processor.py:651} INFO - DAG(s) dict_keys(['example_subdag_operator.section-1', 'example_subdag_operator.section-2', 'example_subdag_operator']) retrieved from /home/airflow/.local/lib/python3.7/site-packages/airflow/example_dags/example_subdag_operator.py
[2022-12-16 02:07:53,945] {logging_mixin.py:115} INFO - [2022-12-16 02:07:53,945] {dag.py:2371} INFO - Sync 3 DAGs
[2022-12-16 02:07:53,969] {logging_mixin.py:115} INFO - [2022-12-16 02:07:53,969] {dag.py:2919} INFO - Setting next_dagrun for example_subdag_operator to 2022-12-14T00:00:00+00:00, run_after=2022-12-14T00:00:00+00:00
[2022-12-16 02:07:53,970] {logging_mixin.py:115} INFO - [2022-12-16 02:07:53,970] {dag.py:2919} INFO - Setting next_dagrun for example_subdag_operator.section-1 to None, run_after=None
[2022-12-16 02:07:53,970] {logging_mixin.py:115} INFO - [2022-12-16 02:07:53,970] {dag.py:2919} INFO - Setting next_dagrun for example_subdag_operator.section-2 to None, run_after=None
[2022-12-16 02:07:53,978] {logging_mixin.py:115} INFO - [2022-12-16 02:07:53,978] {dag.py:2371} INFO - Sync 2 DAGs
[2022-12-16 02:07:53,984] {logging_mixin.py:115} INFO - [2022-12-16 02:07:53,984] {dag.py:2919} INFO - Setting next_dagrun for example_subdag_operator.section-1 to None, run_after=None
[2022-12-16 02:07:53,984] {logging_mixin.py:115} INFO - [2022-12-16 02:07:53,984] {dag.py:2919} INFO - Setting next_dagrun for example_subdag_operator.section-2 to None, run_after=None
[2022-12-16 02:07:53,992] {processor.py:161} INFO - Processing /home/airflow/.local/lib/python3.7/site-packages/airflow/example_dags/example_subdag_operator.py took 0.103 seconds
[2022-12-16 02:08:24,436] {processor.py:153} INFO - Started process (PID=1084) to work on /home/airflow/.local/lib/python3.7/site-packages/airflow/example_dags/example_subdag_operator.py
[2022-12-16 02:08:24,437] {processor.py:641} INFO - Processing file /home/airflow/.local/lib/python3.7/site-packages/airflow/example_dags/example_subdag_operator.py for tasks to queue
[2022-12-16 02:08:24,438] {logging_mixin.py:115} INFO - [2022-12-16 02:08:24,438] {dagbag.py:507} INFO - Filling up the DagBag from /home/airflow/.local/lib/python3.7/site-packages/airflow/example_dags/example_subdag_operator.py
[2022-12-16 02:08:24,471] {processor.py:651} INFO - DAG(s) dict_keys(['example_subdag_operator.section-1', 'example_subdag_operator.section-2', 'example_subdag_operator']) retrieved from /home/airflow/.local/lib/python3.7/site-packages/airflow/example_dags/example_subdag_operator.py
[2022-12-16 02:08:24,512] {logging_mixin.py:115} INFO - [2022-12-16 02:08:24,512] {dag.py:2371} INFO - Sync 3 DAGs
[2022-12-16 02:08:24,544] {logging_mixin.py:115} INFO - [2022-12-16 02:08:24,544] {dag.py:2919} INFO - Setting next_dagrun for example_subdag_operator to 2022-12-14T00:00:00+00:00, run_after=2022-12-14T00:00:00+00:00
[2022-12-16 02:08:24,545] {logging_mixin.py:115} INFO - [2022-12-16 02:08:24,545] {dag.py:2919} INFO - Setting next_dagrun for example_subdag_operator.section-1 to None, run_after=None
[2022-12-16 02:08:24,545] {logging_mixin.py:115} INFO - [2022-12-16 02:08:24,545] {dag.py:2919} INFO - Setting next_dagrun for example_subdag_operator.section-2 to None, run_after=None
[2022-12-16 02:08:24,557] {logging_mixin.py:115} INFO - [2022-12-16 02:08:24,557] {dag.py:2371} INFO - Sync 2 DAGs
[2022-12-16 02:08:24,567] {logging_mixin.py:115} INFO - [2022-12-16 02:08:24,567] {dag.py:2919} INFO - Setting next_dagrun for example_subdag_operator.section-1 to None, run_after=None
[2022-12-16 02:08:24,567] {logging_mixin.py:115} INFO - [2022-12-16 02:08:24,567] {dag.py:2919} INFO - Setting next_dagrun for example_subdag_operator.section-2 to None, run_after=None
[2022-12-16 02:08:24,579] {processor.py:161} INFO - Processing /home/airflow/.local/lib/python3.7/site-packages/airflow/example_dags/example_subdag_operator.py took 0.149 seconds
[2022-12-16 02:08:55,288] {processor.py:153} INFO - Started process (PID=1146) to work on /home/airflow/.local/lib/python3.7/site-packages/airflow/example_dags/example_subdag_operator.py
[2022-12-16 02:08:55,290] {processor.py:641} INFO - Processing file /home/airflow/.local/lib/python3.7/site-packages/airflow/example_dags/example_subdag_operator.py for tasks to queue
[2022-12-16 02:08:55,292] {logging_mixin.py:115} INFO - [2022-12-16 02:08:55,292] {dagbag.py:507} INFO - Filling up the DagBag from /home/airflow/.local/lib/python3.7/site-packages/airflow/example_dags/example_subdag_operator.py
[2022-12-16 02:08:55,321] {processor.py:651} INFO - DAG(s) dict_keys(['example_subdag_operator.section-1', 'example_subdag_operator.section-2', 'example_subdag_operator']) retrieved from /home/airflow/.local/lib/python3.7/site-packages/airflow/example_dags/example_subdag_operator.py
[2022-12-16 02:08:55,370] {logging_mixin.py:115} INFO - [2022-12-16 02:08:55,370] {dag.py:2371} INFO - Sync 3 DAGs
[2022-12-16 02:08:55,406] {logging_mixin.py:115} INFO - [2022-12-16 02:08:55,405] {dag.py:2919} INFO - Setting next_dagrun for example_subdag_operator to 2022-12-14T00:00:00+00:00, run_after=2022-12-14T00:00:00+00:00
[2022-12-16 02:08:55,407] {logging_mixin.py:115} INFO - [2022-12-16 02:08:55,407] {dag.py:2919} INFO - Setting next_dagrun for example_subdag_operator.section-1 to None, run_after=None
[2022-12-16 02:08:55,409] {logging_mixin.py:115} INFO - [2022-12-16 02:08:55,409] {dag.py:2919} INFO - Setting next_dagrun for example_subdag_operator.section-2 to None, run_after=None
[2022-12-16 02:08:55,419] {logging_mixin.py:115} INFO - [2022-12-16 02:08:55,419] {dag.py:2371} INFO - Sync 2 DAGs
[2022-12-16 02:08:55,425] {logging_mixin.py:115} INFO - [2022-12-16 02:08:55,425] {dag.py:2919} INFO - Setting next_dagrun for example_subdag_operator.section-1 to None, run_after=None
[2022-12-16 02:08:55,426] {logging_mixin.py:115} INFO - [2022-12-16 02:08:55,426] {dag.py:2919} INFO - Setting next_dagrun for example_subdag_operator.section-2 to None, run_after=None
[2022-12-16 02:08:55,434] {processor.py:161} INFO - Processing /home/airflow/.local/lib/python3.7/site-packages/airflow/example_dags/example_subdag_operator.py took 0.154 seconds
[2022-12-16 02:09:26,333] {processor.py:153} INFO - Started process (PID=1200) to work on /home/airflow/.local/lib/python3.7/site-packages/airflow/example_dags/example_subdag_operator.py
[2022-12-16 02:09:26,334] {processor.py:641} INFO - Processing file /home/airflow/.local/lib/python3.7/site-packages/airflow/example_dags/example_subdag_operator.py for tasks to queue
[2022-12-16 02:09:26,336] {logging_mixin.py:115} INFO - [2022-12-16 02:09:26,336] {dagbag.py:507} INFO - Filling up the DagBag from /home/airflow/.local/lib/python3.7/site-packages/airflow/example_dags/example_subdag_operator.py
[2022-12-16 02:09:26,364] {processor.py:651} INFO - DAG(s) dict_keys(['example_subdag_operator.section-1', 'example_subdag_operator.section-2', 'example_subdag_operator']) retrieved from /home/airflow/.local/lib/python3.7/site-packages/airflow/example_dags/example_subdag_operator.py
[2022-12-16 02:09:26,394] {logging_mixin.py:115} INFO - [2022-12-16 02:09:26,394] {dag.py:2371} INFO - Sync 3 DAGs
[2022-12-16 02:09:26,427] {logging_mixin.py:115} INFO - [2022-12-16 02:09:26,427] {dag.py:2919} INFO - Setting next_dagrun for example_subdag_operator to 2022-12-14T00:00:00+00:00, run_after=2022-12-14T00:00:00+00:00
[2022-12-16 02:09:26,428] {logging_mixin.py:115} INFO - [2022-12-16 02:09:26,428] {dag.py:2919} INFO - Setting next_dagrun for example_subdag_operator.section-1 to None, run_after=None
[2022-12-16 02:09:26,428] {logging_mixin.py:115} INFO - [2022-12-16 02:09:26,428] {dag.py:2919} INFO - Setting next_dagrun for example_subdag_operator.section-2 to None, run_after=None
[2022-12-16 02:09:26,435] {logging_mixin.py:115} INFO - [2022-12-16 02:09:26,435] {dag.py:2371} INFO - Sync 2 DAGs
[2022-12-16 02:09:26,440] {logging_mixin.py:115} INFO - [2022-12-16 02:09:26,440] {dag.py:2919} INFO - Setting next_dagrun for example_subdag_operator.section-1 to None, run_after=None
[2022-12-16 02:09:26,440] {logging_mixin.py:115} INFO - [2022-12-16 02:09:26,440] {dag.py:2919} INFO - Setting next_dagrun for example_subdag_operator.section-2 to None, run_after=None
[2022-12-16 02:09:26,448] {processor.py:161} INFO - Processing /home/airflow/.local/lib/python3.7/site-packages/airflow/example_dags/example_subdag_operator.py took 0.122 seconds
[2022-12-16 02:09:56,742] {processor.py:153} INFO - Started process (PID=1262) to work on /home/airflow/.local/lib/python3.7/site-packages/airflow/example_dags/example_subdag_operator.py
[2022-12-16 02:09:56,743] {processor.py:641} INFO - Processing file /home/airflow/.local/lib/python3.7/site-packages/airflow/example_dags/example_subdag_operator.py for tasks to queue
[2022-12-16 02:09:56,744] {logging_mixin.py:115} INFO - [2022-12-16 02:09:56,743] {dagbag.py:507} INFO - Filling up the DagBag from /home/airflow/.local/lib/python3.7/site-packages/airflow/example_dags/example_subdag_operator.py
[2022-12-16 02:09:56,773] {processor.py:651} INFO - DAG(s) dict_keys(['example_subdag_operator.section-1', 'example_subdag_operator.section-2', 'example_subdag_operator']) retrieved from /home/airflow/.local/lib/python3.7/site-packages/airflow/example_dags/example_subdag_operator.py
[2022-12-16 02:09:56,801] {logging_mixin.py:115} INFO - [2022-12-16 02:09:56,800] {dag.py:2371} INFO - Sync 3 DAGs
[2022-12-16 02:09:56,825] {logging_mixin.py:115} INFO - [2022-12-16 02:09:56,824] {dag.py:2919} INFO - Setting next_dagrun for example_subdag_operator to 2022-12-14T00:00:00+00:00, run_after=2022-12-14T00:00:00+00:00
[2022-12-16 02:09:56,826] {logging_mixin.py:115} INFO - [2022-12-16 02:09:56,826] {dag.py:2919} INFO - Setting next_dagrun for example_subdag_operator.section-1 to None, run_after=None
[2022-12-16 02:09:56,827] {logging_mixin.py:115} INFO - [2022-12-16 02:09:56,827] {dag.py:2919} INFO - Setting next_dagrun for example_subdag_operator.section-2 to None, run_after=None
[2022-12-16 02:09:56,834] {logging_mixin.py:115} INFO - [2022-12-16 02:09:56,834] {dag.py:2371} INFO - Sync 2 DAGs
[2022-12-16 02:09:56,841] {logging_mixin.py:115} INFO - [2022-12-16 02:09:56,840] {dag.py:2919} INFO - Setting next_dagrun for example_subdag_operator.section-1 to None, run_after=None
[2022-12-16 02:09:56,841] {logging_mixin.py:115} INFO - [2022-12-16 02:09:56,841] {dag.py:2919} INFO - Setting next_dagrun for example_subdag_operator.section-2 to None, run_after=None
[2022-12-16 02:09:56,848] {processor.py:161} INFO - Processing /home/airflow/.local/lib/python3.7/site-packages/airflow/example_dags/example_subdag_operator.py took 0.112 seconds
[2022-12-16 02:10:27,263] {processor.py:153} INFO - Started process (PID=1324) to work on /home/airflow/.local/lib/python3.7/site-packages/airflow/example_dags/example_subdag_operator.py
[2022-12-16 02:10:27,263] {processor.py:641} INFO - Processing file /home/airflow/.local/lib/python3.7/site-packages/airflow/example_dags/example_subdag_operator.py for tasks to queue
[2022-12-16 02:10:27,265] {logging_mixin.py:115} INFO - [2022-12-16 02:10:27,265] {dagbag.py:507} INFO - Filling up the DagBag from /home/airflow/.local/lib/python3.7/site-packages/airflow/example_dags/example_subdag_operator.py
[2022-12-16 02:10:27,290] {processor.py:651} INFO - DAG(s) dict_keys(['example_subdag_operator.section-1', 'example_subdag_operator.section-2', 'example_subdag_operator']) retrieved from /home/airflow/.local/lib/python3.7/site-packages/airflow/example_dags/example_subdag_operator.py
[2022-12-16 02:10:27,331] {logging_mixin.py:115} INFO - [2022-12-16 02:10:27,331] {dag.py:2371} INFO - Sync 3 DAGs
[2022-12-16 02:10:27,357] {logging_mixin.py:115} INFO - [2022-12-16 02:10:27,357] {dag.py:2919} INFO - Setting next_dagrun for example_subdag_operator to 2022-12-14T00:00:00+00:00, run_after=2022-12-14T00:00:00+00:00
[2022-12-16 02:10:27,358] {logging_mixin.py:115} INFO - [2022-12-16 02:10:27,358] {dag.py:2919} INFO - Setting next_dagrun for example_subdag_operator.section-1 to None, run_after=None
[2022-12-16 02:10:27,359] {logging_mixin.py:115} INFO - [2022-12-16 02:10:27,358] {dag.py:2919} INFO - Setting next_dagrun for example_subdag_operator.section-2 to None, run_after=None
[2022-12-16 02:10:27,369] {logging_mixin.py:115} INFO - [2022-12-16 02:10:27,369] {dag.py:2371} INFO - Sync 2 DAGs
[2022-12-16 02:10:27,375] {logging_mixin.py:115} INFO - [2022-12-16 02:10:27,375] {dag.py:2919} INFO - Setting next_dagrun for example_subdag_operator.section-1 to None, run_after=None
[2022-12-16 02:10:27,375] {logging_mixin.py:115} INFO - [2022-12-16 02:10:27,375] {dag.py:2919} INFO - Setting next_dagrun for example_subdag_operator.section-2 to None, run_after=None
[2022-12-16 02:10:27,383] {processor.py:161} INFO - Processing /home/airflow/.local/lib/python3.7/site-packages/airflow/example_dags/example_subdag_operator.py took 0.126 seconds
[2022-12-16 02:10:57,534] {processor.py:153} INFO - Started process (PID=1377) to work on /home/airflow/.local/lib/python3.7/site-packages/airflow/example_dags/example_subdag_operator.py
[2022-12-16 02:10:57,536] {processor.py:641} INFO - Processing file /home/airflow/.local/lib/python3.7/site-packages/airflow/example_dags/example_subdag_operator.py for tasks to queue
[2022-12-16 02:10:57,537] {logging_mixin.py:115} INFO - [2022-12-16 02:10:57,537] {dagbag.py:507} INFO - Filling up the DagBag from /home/airflow/.local/lib/python3.7/site-packages/airflow/example_dags/example_subdag_operator.py
[2022-12-16 02:10:57,566] {processor.py:651} INFO - DAG(s) dict_keys(['example_subdag_operator.section-1', 'example_subdag_operator.section-2', 'example_subdag_operator']) retrieved from /home/airflow/.local/lib/python3.7/site-packages/airflow/example_dags/example_subdag_operator.py
[2022-12-16 02:10:57,596] {logging_mixin.py:115} INFO - [2022-12-16 02:10:57,596] {dag.py:2371} INFO - Sync 3 DAGs
[2022-12-16 02:10:57,618] {logging_mixin.py:115} INFO - [2022-12-16 02:10:57,618] {dag.py:2919} INFO - Setting next_dagrun for example_subdag_operator to 2022-12-14T00:00:00+00:00, run_after=2022-12-14T00:00:00+00:00
[2022-12-16 02:10:57,619] {logging_mixin.py:115} INFO - [2022-12-16 02:10:57,619] {dag.py:2919} INFO - Setting next_dagrun for example_subdag_operator.section-1 to None, run_after=None
[2022-12-16 02:10:57,619] {logging_mixin.py:115} INFO - [2022-12-16 02:10:57,619] {dag.py:2919} INFO - Setting next_dagrun for example_subdag_operator.section-2 to None, run_after=None
[2022-12-16 02:10:57,626] {logging_mixin.py:115} INFO - [2022-12-16 02:10:57,626] {dag.py:2371} INFO - Sync 2 DAGs
[2022-12-16 02:10:57,631] {logging_mixin.py:115} INFO - [2022-12-16 02:10:57,631] {dag.py:2919} INFO - Setting next_dagrun for example_subdag_operator.section-1 to None, run_after=None
[2022-12-16 02:10:57,632] {logging_mixin.py:115} INFO - [2022-12-16 02:10:57,632] {dag.py:2919} INFO - Setting next_dagrun for example_subdag_operator.section-2 to None, run_after=None
[2022-12-16 02:10:57,641] {processor.py:161} INFO - Processing /home/airflow/.local/lib/python3.7/site-packages/airflow/example_dags/example_subdag_operator.py took 0.112 seconds
[2022-12-16 02:11:27,864] {processor.py:153} INFO - Started process (PID=1439) to work on /home/airflow/.local/lib/python3.7/site-packages/airflow/example_dags/example_subdag_operator.py
[2022-12-16 02:11:27,864] {processor.py:641} INFO - Processing file /home/airflow/.local/lib/python3.7/site-packages/airflow/example_dags/example_subdag_operator.py for tasks to queue
[2022-12-16 02:11:27,865] {logging_mixin.py:115} INFO - [2022-12-16 02:11:27,865] {dagbag.py:507} INFO - Filling up the DagBag from /home/airflow/.local/lib/python3.7/site-packages/airflow/example_dags/example_subdag_operator.py
[2022-12-16 02:11:27,892] {processor.py:651} INFO - DAG(s) dict_keys(['example_subdag_operator.section-1', 'example_subdag_operator.section-2', 'example_subdag_operator']) retrieved from /home/airflow/.local/lib/python3.7/site-packages/airflow/example_dags/example_subdag_operator.py
[2022-12-16 02:11:27,921] {logging_mixin.py:115} INFO - [2022-12-16 02:11:27,921] {dag.py:2371} INFO - Sync 3 DAGs
[2022-12-16 02:11:27,944] {logging_mixin.py:115} INFO - [2022-12-16 02:11:27,944] {dag.py:2919} INFO - Setting next_dagrun for example_subdag_operator to 2022-12-14T00:00:00+00:00, run_after=2022-12-14T00:00:00+00:00
[2022-12-16 02:11:27,945] {logging_mixin.py:115} INFO - [2022-12-16 02:11:27,945] {dag.py:2919} INFO - Setting next_dagrun for example_subdag_operator.section-1 to None, run_after=None
[2022-12-16 02:11:27,945] {logging_mixin.py:115} INFO - [2022-12-16 02:11:27,945] {dag.py:2919} INFO - Setting next_dagrun for example_subdag_operator.section-2 to None, run_after=None
[2022-12-16 02:11:27,953] {logging_mixin.py:115} INFO - [2022-12-16 02:11:27,953] {dag.py:2371} INFO - Sync 2 DAGs
[2022-12-16 02:11:27,960] {logging_mixin.py:115} INFO - [2022-12-16 02:11:27,960] {dag.py:2919} INFO - Setting next_dagrun for example_subdag_operator.section-1 to None, run_after=None
[2022-12-16 02:11:27,960] {logging_mixin.py:115} INFO - [2022-12-16 02:11:27,960] {dag.py:2919} INFO - Setting next_dagrun for example_subdag_operator.section-2 to None, run_after=None
[2022-12-16 02:11:27,968] {processor.py:161} INFO - Processing /home/airflow/.local/lib/python3.7/site-packages/airflow/example_dags/example_subdag_operator.py took 0.110 seconds
[2022-12-16 02:11:58,060] {processor.py:153} INFO - Started process (PID=1501) to work on /home/airflow/.local/lib/python3.7/site-packages/airflow/example_dags/example_subdag_operator.py
[2022-12-16 02:11:58,061] {processor.py:641} INFO - Processing file /home/airflow/.local/lib/python3.7/site-packages/airflow/example_dags/example_subdag_operator.py for tasks to queue
[2022-12-16 02:11:58,062] {logging_mixin.py:115} INFO - [2022-12-16 02:11:58,061] {dagbag.py:507} INFO - Filling up the DagBag from /home/airflow/.local/lib/python3.7/site-packages/airflow/example_dags/example_subdag_operator.py
[2022-12-16 02:11:58,087] {processor.py:651} INFO - DAG(s) dict_keys(['example_subdag_operator.section-1', 'example_subdag_operator.section-2', 'example_subdag_operator']) retrieved from /home/airflow/.local/lib/python3.7/site-packages/airflow/example_dags/example_subdag_operator.py
[2022-12-16 02:11:58,117] {logging_mixin.py:115} INFO - [2022-12-16 02:11:58,117] {dag.py:2371} INFO - Sync 3 DAGs
[2022-12-16 02:11:58,144] {logging_mixin.py:115} INFO - [2022-12-16 02:11:58,144] {dag.py:2919} INFO - Setting next_dagrun for example_subdag_operator to 2022-12-14T00:00:00+00:00, run_after=2022-12-14T00:00:00+00:00
[2022-12-16 02:11:58,144] {logging_mixin.py:115} INFO - [2022-12-16 02:11:58,144] {dag.py:2919} INFO - Setting next_dagrun for example_subdag_operator.section-1 to None, run_after=None
[2022-12-16 02:11:58,145] {logging_mixin.py:115} INFO - [2022-12-16 02:11:58,145] {dag.py:2919} INFO - Setting next_dagrun for example_subdag_operator.section-2 to None, run_after=None
[2022-12-16 02:11:58,153] {logging_mixin.py:115} INFO - [2022-12-16 02:11:58,153] {dag.py:2371} INFO - Sync 2 DAGs
[2022-12-16 02:11:58,158] {logging_mixin.py:115} INFO - [2022-12-16 02:11:58,158] {dag.py:2919} INFO - Setting next_dagrun for example_subdag_operator.section-1 to None, run_after=None
[2022-12-16 02:11:58,158] {logging_mixin.py:115} INFO - [2022-12-16 02:11:58,158] {dag.py:2919} INFO - Setting next_dagrun for example_subdag_operator.section-2 to None, run_after=None
[2022-12-16 02:11:58,165] {processor.py:161} INFO - Processing /home/airflow/.local/lib/python3.7/site-packages/airflow/example_dags/example_subdag_operator.py took 0.109 seconds
[2022-12-16 02:12:28,234] {processor.py:153} INFO - Started process (PID=1564) to work on /home/airflow/.local/lib/python3.7/site-packages/airflow/example_dags/example_subdag_operator.py
[2022-12-16 02:12:28,235] {processor.py:641} INFO - Processing file /home/airflow/.local/lib/python3.7/site-packages/airflow/example_dags/example_subdag_operator.py for tasks to queue
[2022-12-16 02:12:28,236] {logging_mixin.py:115} INFO - [2022-12-16 02:12:28,236] {dagbag.py:507} INFO - Filling up the DagBag from /home/airflow/.local/lib/python3.7/site-packages/airflow/example_dags/example_subdag_operator.py
[2022-12-16 02:12:28,261] {processor.py:651} INFO - DAG(s) dict_keys(['example_subdag_operator.section-1', 'example_subdag_operator.section-2', 'example_subdag_operator']) retrieved from /home/airflow/.local/lib/python3.7/site-packages/airflow/example_dags/example_subdag_operator.py
[2022-12-16 02:12:28,288] {logging_mixin.py:115} INFO - [2022-12-16 02:12:28,288] {dag.py:2371} INFO - Sync 3 DAGs
[2022-12-16 02:12:28,311] {logging_mixin.py:115} INFO - [2022-12-16 02:12:28,311] {dag.py:2919} INFO - Setting next_dagrun for example_subdag_operator to 2022-12-14T00:00:00+00:00, run_after=2022-12-14T00:00:00+00:00
[2022-12-16 02:12:28,312] {logging_mixin.py:115} INFO - [2022-12-16 02:12:28,312] {dag.py:2919} INFO - Setting next_dagrun for example_subdag_operator.section-1 to None, run_after=None
[2022-12-16 02:12:28,312] {logging_mixin.py:115} INFO - [2022-12-16 02:12:28,312] {dag.py:2919} INFO - Setting next_dagrun for example_subdag_operator.section-2 to None, run_after=None
[2022-12-16 02:12:28,321] {logging_mixin.py:115} INFO - [2022-12-16 02:12:28,320] {dag.py:2371} INFO - Sync 2 DAGs
[2022-12-16 02:12:28,326] {logging_mixin.py:115} INFO - [2022-12-16 02:12:28,326] {dag.py:2919} INFO - Setting next_dagrun for example_subdag_operator.section-1 to None, run_after=None
[2022-12-16 02:12:28,327] {logging_mixin.py:115} INFO - [2022-12-16 02:12:28,327] {dag.py:2919} INFO - Setting next_dagrun for example_subdag_operator.section-2 to None, run_after=None
[2022-12-16 02:12:28,333] {processor.py:161} INFO - Processing /home/airflow/.local/lib/python3.7/site-packages/airflow/example_dags/example_subdag_operator.py took 0.107 seconds
[2022-12-16 02:12:58,776] {processor.py:153} INFO - Started process (PID=1616) to work on /home/airflow/.local/lib/python3.7/site-packages/airflow/example_dags/example_subdag_operator.py
[2022-12-16 02:12:58,776] {processor.py:641} INFO - Processing file /home/airflow/.local/lib/python3.7/site-packages/airflow/example_dags/example_subdag_operator.py for tasks to queue
[2022-12-16 02:12:58,777] {logging_mixin.py:115} INFO - [2022-12-16 02:12:58,777] {dagbag.py:507} INFO - Filling up the DagBag from /home/airflow/.local/lib/python3.7/site-packages/airflow/example_dags/example_subdag_operator.py
[2022-12-16 02:12:58,807] {processor.py:651} INFO - DAG(s) dict_keys(['example_subdag_operator.section-1', 'example_subdag_operator.section-2', 'example_subdag_operator']) retrieved from /home/airflow/.local/lib/python3.7/site-packages/airflow/example_dags/example_subdag_operator.py
[2022-12-16 02:12:58,834] {logging_mixin.py:115} INFO - [2022-12-16 02:12:58,833] {dag.py:2371} INFO - Sync 3 DAGs
[2022-12-16 02:12:58,858] {logging_mixin.py:115} INFO - [2022-12-16 02:12:58,858] {dag.py:2919} INFO - Setting next_dagrun for example_subdag_operator to 2022-12-14T00:00:00+00:00, run_after=2022-12-14T00:00:00+00:00
[2022-12-16 02:12:58,858] {logging_mixin.py:115} INFO - [2022-12-16 02:12:58,858] {dag.py:2919} INFO - Setting next_dagrun for example_subdag_operator.section-1 to None, run_after=None
[2022-12-16 02:12:58,859] {logging_mixin.py:115} INFO - [2022-12-16 02:12:58,859] {dag.py:2919} INFO - Setting next_dagrun for example_subdag_operator.section-2 to None, run_after=None
[2022-12-16 02:12:58,870] {logging_mixin.py:115} INFO - [2022-12-16 02:12:58,870] {dag.py:2371} INFO - Sync 2 DAGs
[2022-12-16 02:12:58,878] {logging_mixin.py:115} INFO - [2022-12-16 02:12:58,878] {dag.py:2919} INFO - Setting next_dagrun for example_subdag_operator.section-1 to None, run_after=None
[2022-12-16 02:12:58,878] {logging_mixin.py:115} INFO - [2022-12-16 02:12:58,878] {dag.py:2919} INFO - Setting next_dagrun for example_subdag_operator.section-2 to None, run_after=None
[2022-12-16 02:12:58,891] {processor.py:161} INFO - Processing /home/airflow/.local/lib/python3.7/site-packages/airflow/example_dags/example_subdag_operator.py took 0.119 seconds
