[2022-12-16 01:50:20,626] {processor.py:153} INFO - Started process (PID=46) to work on /home/airflow/.local/lib/python3.7/site-packages/airflow/example_dags/example_trigger_target_dag.py
[2022-12-16 01:50:20,630] {processor.py:641} INFO - Processing file /home/airflow/.local/lib/python3.7/site-packages/airflow/example_dags/example_trigger_target_dag.py for tasks to queue
[2022-12-16 01:50:20,633] {logging_mixin.py:115} INFO - [2022-12-16 01:50:20,632] {dagbag.py:507} INFO - Filling up the DagBag from /home/airflow/.local/lib/python3.7/site-packages/airflow/example_dags/example_trigger_target_dag.py
[2022-12-16 01:50:20,677] {processor.py:651} INFO - DAG(s) dict_keys(['example_trigger_target_dag']) retrieved from /home/airflow/.local/lib/python3.7/site-packages/airflow/example_dags/example_trigger_target_dag.py
[2022-12-16 01:50:21,168] {logging_mixin.py:115} INFO - [2022-12-16 01:50:21,167] {manager.py:508} INFO - Created Permission View: can edit on DAG:example_trigger_target_dag
[2022-12-16 01:50:21,178] {logging_mixin.py:115} INFO - [2022-12-16 01:50:21,178] {manager.py:508} INFO - Created Permission View: can delete on DAG:example_trigger_target_dag
[2022-12-16 01:50:21,204] {logging_mixin.py:115} INFO - [2022-12-16 01:50:21,203] {manager.py:508} INFO - Created Permission View: can read on DAG:example_trigger_target_dag
[2022-12-16 01:50:21,204] {logging_mixin.py:115} INFO - [2022-12-16 01:50:21,204] {dag.py:2371} INFO - Sync 1 DAGs
[2022-12-16 01:50:21,254] {logging_mixin.py:115} INFO - [2022-12-16 01:50:21,254] {dag.py:2390} INFO - Creating ORM DAG for example_trigger_target_dag
[2022-12-16 01:50:21,283] {logging_mixin.py:115} INFO - [2022-12-16 01:50:21,283] {dag.py:2919} INFO - Setting next_dagrun for example_trigger_target_dag to None, run_after=None
[2022-12-16 01:50:21,333] {processor.py:161} INFO - Processing /home/airflow/.local/lib/python3.7/site-packages/airflow/example_dags/example_trigger_target_dag.py took 0.711 seconds
[2022-12-16 01:50:51,397] {processor.py:153} INFO - Started process (PID=99) to work on /home/airflow/.local/lib/python3.7/site-packages/airflow/example_dags/example_trigger_target_dag.py
[2022-12-16 01:50:51,398] {processor.py:641} INFO - Processing file /home/airflow/.local/lib/python3.7/site-packages/airflow/example_dags/example_trigger_target_dag.py for tasks to queue
[2022-12-16 01:50:51,400] {logging_mixin.py:115} INFO - [2022-12-16 01:50:51,399] {dagbag.py:507} INFO - Filling up the DagBag from /home/airflow/.local/lib/python3.7/site-packages/airflow/example_dags/example_trigger_target_dag.py
[2022-12-16 01:50:51,419] {processor.py:651} INFO - DAG(s) dict_keys(['example_trigger_target_dag']) retrieved from /home/airflow/.local/lib/python3.7/site-packages/airflow/example_dags/example_trigger_target_dag.py
[2022-12-16 01:50:51,456] {logging_mixin.py:115} INFO - [2022-12-16 01:50:51,455] {dag.py:2371} INFO - Sync 1 DAGs
[2022-12-16 01:50:51,619] {logging_mixin.py:115} INFO - [2022-12-16 01:50:51,619] {dag.py:2919} INFO - Setting next_dagrun for example_trigger_target_dag to None, run_after=None
[2022-12-16 01:50:51,630] {processor.py:161} INFO - Processing /home/airflow/.local/lib/python3.7/site-packages/airflow/example_dags/example_trigger_target_dag.py took 0.237 seconds
[2022-12-16 01:51:21,679] {processor.py:153} INFO - Started process (PID=160) to work on /home/airflow/.local/lib/python3.7/site-packages/airflow/example_dags/example_trigger_target_dag.py
[2022-12-16 01:51:21,679] {processor.py:641} INFO - Processing file /home/airflow/.local/lib/python3.7/site-packages/airflow/example_dags/example_trigger_target_dag.py for tasks to queue
[2022-12-16 01:51:21,680] {logging_mixin.py:115} INFO - [2022-12-16 01:51:21,680] {dagbag.py:507} INFO - Filling up the DagBag from /home/airflow/.local/lib/python3.7/site-packages/airflow/example_dags/example_trigger_target_dag.py
[2022-12-16 01:51:21,695] {processor.py:651} INFO - DAG(s) dict_keys(['example_trigger_target_dag']) retrieved from /home/airflow/.local/lib/python3.7/site-packages/airflow/example_dags/example_trigger_target_dag.py
[2022-12-16 01:51:21,726] {logging_mixin.py:115} INFO - [2022-12-16 01:51:21,726] {dag.py:2371} INFO - Sync 1 DAGs
[2022-12-16 01:51:21,892] {logging_mixin.py:115} INFO - [2022-12-16 01:51:21,892] {dag.py:2919} INFO - Setting next_dagrun for example_trigger_target_dag to None, run_after=None
[2022-12-16 01:51:21,909] {processor.py:161} INFO - Processing /home/airflow/.local/lib/python3.7/site-packages/airflow/example_dags/example_trigger_target_dag.py took 0.234 seconds
[2022-12-16 01:51:52,059] {processor.py:153} INFO - Started process (PID=221) to work on /home/airflow/.local/lib/python3.7/site-packages/airflow/example_dags/example_trigger_target_dag.py
[2022-12-16 01:51:52,060] {processor.py:641} INFO - Processing file /home/airflow/.local/lib/python3.7/site-packages/airflow/example_dags/example_trigger_target_dag.py for tasks to queue
[2022-12-16 01:51:52,061] {logging_mixin.py:115} INFO - [2022-12-16 01:51:52,061] {dagbag.py:507} INFO - Filling up the DagBag from /home/airflow/.local/lib/python3.7/site-packages/airflow/example_dags/example_trigger_target_dag.py
[2022-12-16 01:51:52,115] {processor.py:651} INFO - DAG(s) dict_keys(['example_trigger_target_dag']) retrieved from /home/airflow/.local/lib/python3.7/site-packages/airflow/example_dags/example_trigger_target_dag.py
[2022-12-16 01:51:52,166] {logging_mixin.py:115} INFO - [2022-12-16 01:51:52,166] {dag.py:2371} INFO - Sync 1 DAGs
[2022-12-16 01:51:52,490] {logging_mixin.py:115} INFO - [2022-12-16 01:51:52,490] {dag.py:2919} INFO - Setting next_dagrun for example_trigger_target_dag to None, run_after=None
[2022-12-16 01:51:52,508] {processor.py:161} INFO - Processing /home/airflow/.local/lib/python3.7/site-packages/airflow/example_dags/example_trigger_target_dag.py took 0.456 seconds
[2022-12-16 01:52:22,842] {processor.py:153} INFO - Started process (PID=274) to work on /home/airflow/.local/lib/python3.7/site-packages/airflow/example_dags/example_trigger_target_dag.py
[2022-12-16 01:52:22,843] {processor.py:641} INFO - Processing file /home/airflow/.local/lib/python3.7/site-packages/airflow/example_dags/example_trigger_target_dag.py for tasks to queue
[2022-12-16 01:52:22,845] {logging_mixin.py:115} INFO - [2022-12-16 01:52:22,844] {dagbag.py:507} INFO - Filling up the DagBag from /home/airflow/.local/lib/python3.7/site-packages/airflow/example_dags/example_trigger_target_dag.py
[2022-12-16 01:52:22,874] {processor.py:651} INFO - DAG(s) dict_keys(['example_trigger_target_dag']) retrieved from /home/airflow/.local/lib/python3.7/site-packages/airflow/example_dags/example_trigger_target_dag.py
[2022-12-16 01:52:22,937] {logging_mixin.py:115} INFO - [2022-12-16 01:52:22,936] {dag.py:2371} INFO - Sync 1 DAGs
[2022-12-16 01:52:23,228] {logging_mixin.py:115} INFO - [2022-12-16 01:52:23,228] {dag.py:2919} INFO - Setting next_dagrun for example_trigger_target_dag to None, run_after=None
[2022-12-16 01:52:23,243] {processor.py:161} INFO - Processing /home/airflow/.local/lib/python3.7/site-packages/airflow/example_dags/example_trigger_target_dag.py took 0.407 seconds
[2022-12-16 01:52:54,532] {processor.py:153} INFO - Started process (PID=336) to work on /home/airflow/.local/lib/python3.7/site-packages/airflow/example_dags/example_trigger_target_dag.py
[2022-12-16 01:52:54,533] {processor.py:641} INFO - Processing file /home/airflow/.local/lib/python3.7/site-packages/airflow/example_dags/example_trigger_target_dag.py for tasks to queue
[2022-12-16 01:52:54,535] {logging_mixin.py:115} INFO - [2022-12-16 01:52:54,534] {dagbag.py:507} INFO - Filling up the DagBag from /home/airflow/.local/lib/python3.7/site-packages/airflow/example_dags/example_trigger_target_dag.py
[2022-12-16 01:52:54,561] {processor.py:651} INFO - DAG(s) dict_keys(['example_trigger_target_dag']) retrieved from /home/airflow/.local/lib/python3.7/site-packages/airflow/example_dags/example_trigger_target_dag.py
[2022-12-16 01:52:54,593] {logging_mixin.py:115} INFO - [2022-12-16 01:52:54,593] {dag.py:2371} INFO - Sync 1 DAGs
[2022-12-16 01:52:54,754] {logging_mixin.py:115} INFO - [2022-12-16 01:52:54,753] {dag.py:2919} INFO - Setting next_dagrun for example_trigger_target_dag to None, run_after=None
[2022-12-16 01:52:54,766] {processor.py:161} INFO - Processing /home/airflow/.local/lib/python3.7/site-packages/airflow/example_dags/example_trigger_target_dag.py took 0.238 seconds
[2022-12-16 01:53:25,181] {processor.py:153} INFO - Started process (PID=396) to work on /home/airflow/.local/lib/python3.7/site-packages/airflow/example_dags/example_trigger_target_dag.py
[2022-12-16 01:53:25,181] {processor.py:641} INFO - Processing file /home/airflow/.local/lib/python3.7/site-packages/airflow/example_dags/example_trigger_target_dag.py for tasks to queue
[2022-12-16 01:53:25,182] {logging_mixin.py:115} INFO - [2022-12-16 01:53:25,182] {dagbag.py:507} INFO - Filling up the DagBag from /home/airflow/.local/lib/python3.7/site-packages/airflow/example_dags/example_trigger_target_dag.py
[2022-12-16 01:53:25,209] {processor.py:651} INFO - DAG(s) dict_keys(['example_trigger_target_dag']) retrieved from /home/airflow/.local/lib/python3.7/site-packages/airflow/example_dags/example_trigger_target_dag.py
[2022-12-16 01:53:25,250] {logging_mixin.py:115} INFO - [2022-12-16 01:53:25,249] {dag.py:2371} INFO - Sync 1 DAGs
[2022-12-16 01:53:25,412] {logging_mixin.py:115} INFO - [2022-12-16 01:53:25,412] {dag.py:2919} INFO - Setting next_dagrun for example_trigger_target_dag to None, run_after=None
[2022-12-16 01:53:25,423] {processor.py:161} INFO - Processing /home/airflow/.local/lib/python3.7/site-packages/airflow/example_dags/example_trigger_target_dag.py took 0.246 seconds
[2022-12-16 01:53:55,908] {processor.py:153} INFO - Started process (PID=448) to work on /home/airflow/.local/lib/python3.7/site-packages/airflow/example_dags/example_trigger_target_dag.py
[2022-12-16 01:53:55,909] {processor.py:641} INFO - Processing file /home/airflow/.local/lib/python3.7/site-packages/airflow/example_dags/example_trigger_target_dag.py for tasks to queue
[2022-12-16 01:53:55,911] {logging_mixin.py:115} INFO - [2022-12-16 01:53:55,910] {dagbag.py:507} INFO - Filling up the DagBag from /home/airflow/.local/lib/python3.7/site-packages/airflow/example_dags/example_trigger_target_dag.py
[2022-12-16 01:53:55,931] {processor.py:651} INFO - DAG(s) dict_keys(['example_trigger_target_dag']) retrieved from /home/airflow/.local/lib/python3.7/site-packages/airflow/example_dags/example_trigger_target_dag.py
[2022-12-16 01:53:55,973] {logging_mixin.py:115} INFO - [2022-12-16 01:53:55,973] {dag.py:2371} INFO - Sync 1 DAGs
[2022-12-16 01:53:56,175] {logging_mixin.py:115} INFO - [2022-12-16 01:53:56,175] {dag.py:2919} INFO - Setting next_dagrun for example_trigger_target_dag to None, run_after=None
[2022-12-16 01:53:56,189] {processor.py:161} INFO - Processing /home/airflow/.local/lib/python3.7/site-packages/airflow/example_dags/example_trigger_target_dag.py took 0.285 seconds
[2022-12-16 01:54:26,983] {processor.py:153} INFO - Started process (PID=509) to work on /home/airflow/.local/lib/python3.7/site-packages/airflow/example_dags/example_trigger_target_dag.py
[2022-12-16 01:54:26,984] {processor.py:641} INFO - Processing file /home/airflow/.local/lib/python3.7/site-packages/airflow/example_dags/example_trigger_target_dag.py for tasks to queue
[2022-12-16 01:54:26,985] {logging_mixin.py:115} INFO - [2022-12-16 01:54:26,985] {dagbag.py:507} INFO - Filling up the DagBag from /home/airflow/.local/lib/python3.7/site-packages/airflow/example_dags/example_trigger_target_dag.py
[2022-12-16 01:54:27,006] {processor.py:651} INFO - DAG(s) dict_keys(['example_trigger_target_dag']) retrieved from /home/airflow/.local/lib/python3.7/site-packages/airflow/example_dags/example_trigger_target_dag.py
[2022-12-16 01:54:27,045] {logging_mixin.py:115} INFO - [2022-12-16 01:54:27,045] {dag.py:2371} INFO - Sync 1 DAGs
[2022-12-16 01:54:27,213] {logging_mixin.py:115} INFO - [2022-12-16 01:54:27,212] {dag.py:2919} INFO - Setting next_dagrun for example_trigger_target_dag to None, run_after=None
[2022-12-16 01:54:27,234] {processor.py:161} INFO - Processing /home/airflow/.local/lib/python3.7/site-packages/airflow/example_dags/example_trigger_target_dag.py took 0.255 seconds
[2022-12-16 01:54:57,489] {processor.py:153} INFO - Started process (PID=570) to work on /home/airflow/.local/lib/python3.7/site-packages/airflow/example_dags/example_trigger_target_dag.py
[2022-12-16 01:54:57,490] {processor.py:641} INFO - Processing file /home/airflow/.local/lib/python3.7/site-packages/airflow/example_dags/example_trigger_target_dag.py for tasks to queue
[2022-12-16 01:54:57,490] {logging_mixin.py:115} INFO - [2022-12-16 01:54:57,490] {dagbag.py:507} INFO - Filling up the DagBag from /home/airflow/.local/lib/python3.7/site-packages/airflow/example_dags/example_trigger_target_dag.py
[2022-12-16 01:54:57,514] {processor.py:651} INFO - DAG(s) dict_keys(['example_trigger_target_dag']) retrieved from /home/airflow/.local/lib/python3.7/site-packages/airflow/example_dags/example_trigger_target_dag.py
[2022-12-16 01:54:57,549] {logging_mixin.py:115} INFO - [2022-12-16 01:54:57,549] {dag.py:2371} INFO - Sync 1 DAGs
[2022-12-16 01:54:57,719] {logging_mixin.py:115} INFO - [2022-12-16 01:54:57,718] {dag.py:2919} INFO - Setting next_dagrun for example_trigger_target_dag to None, run_after=None
[2022-12-16 01:54:57,742] {processor.py:161} INFO - Processing /home/airflow/.local/lib/python3.7/site-packages/airflow/example_dags/example_trigger_target_dag.py took 0.256 seconds
[2022-12-16 01:55:28,239] {processor.py:153} INFO - Started process (PID=623) to work on /home/airflow/.local/lib/python3.7/site-packages/airflow/example_dags/example_trigger_target_dag.py
[2022-12-16 01:55:28,240] {processor.py:641} INFO - Processing file /home/airflow/.local/lib/python3.7/site-packages/airflow/example_dags/example_trigger_target_dag.py for tasks to queue
[2022-12-16 01:55:28,241] {logging_mixin.py:115} INFO - [2022-12-16 01:55:28,241] {dagbag.py:507} INFO - Filling up the DagBag from /home/airflow/.local/lib/python3.7/site-packages/airflow/example_dags/example_trigger_target_dag.py
[2022-12-16 01:55:28,270] {processor.py:651} INFO - DAG(s) dict_keys(['example_trigger_target_dag']) retrieved from /home/airflow/.local/lib/python3.7/site-packages/airflow/example_dags/example_trigger_target_dag.py
[2022-12-16 01:55:28,465] {logging_mixin.py:115} INFO - [2022-12-16 01:55:28,465] {dag.py:2371} INFO - Sync 1 DAGs
[2022-12-16 01:55:28,483] {logging_mixin.py:115} INFO - [2022-12-16 01:55:28,482] {dag.py:2919} INFO - Setting next_dagrun for example_trigger_target_dag to None, run_after=None
[2022-12-16 01:55:28,493] {processor.py:161} INFO - Processing /home/airflow/.local/lib/python3.7/site-packages/airflow/example_dags/example_trigger_target_dag.py took 0.259 seconds
[2022-12-16 01:55:58,751] {processor.py:153} INFO - Started process (PID=684) to work on /home/airflow/.local/lib/python3.7/site-packages/airflow/example_dags/example_trigger_target_dag.py
[2022-12-16 01:55:58,752] {processor.py:641} INFO - Processing file /home/airflow/.local/lib/python3.7/site-packages/airflow/example_dags/example_trigger_target_dag.py for tasks to queue
[2022-12-16 01:55:58,753] {logging_mixin.py:115} INFO - [2022-12-16 01:55:58,753] {dagbag.py:507} INFO - Filling up the DagBag from /home/airflow/.local/lib/python3.7/site-packages/airflow/example_dags/example_trigger_target_dag.py
[2022-12-16 01:55:58,774] {processor.py:651} INFO - DAG(s) dict_keys(['example_trigger_target_dag']) retrieved from /home/airflow/.local/lib/python3.7/site-packages/airflow/example_dags/example_trigger_target_dag.py
[2022-12-16 01:55:58,940] {logging_mixin.py:115} INFO - [2022-12-16 01:55:58,940] {dag.py:2371} INFO - Sync 1 DAGs
[2022-12-16 01:55:58,959] {logging_mixin.py:115} INFO - [2022-12-16 01:55:58,959] {dag.py:2919} INFO - Setting next_dagrun for example_trigger_target_dag to None, run_after=None
[2022-12-16 01:55:58,971] {processor.py:161} INFO - Processing /home/airflow/.local/lib/python3.7/site-packages/airflow/example_dags/example_trigger_target_dag.py took 0.223 seconds
[2022-12-16 01:56:29,404] {processor.py:153} INFO - Started process (PID=746) to work on /home/airflow/.local/lib/python3.7/site-packages/airflow/example_dags/example_trigger_target_dag.py
[2022-12-16 01:56:29,404] {processor.py:641} INFO - Processing file /home/airflow/.local/lib/python3.7/site-packages/airflow/example_dags/example_trigger_target_dag.py for tasks to queue
[2022-12-16 01:56:29,405] {logging_mixin.py:115} INFO - [2022-12-16 01:56:29,405] {dagbag.py:507} INFO - Filling up the DagBag from /home/airflow/.local/lib/python3.7/site-packages/airflow/example_dags/example_trigger_target_dag.py
[2022-12-16 01:56:29,430] {processor.py:651} INFO - DAG(s) dict_keys(['example_trigger_target_dag']) retrieved from /home/airflow/.local/lib/python3.7/site-packages/airflow/example_dags/example_trigger_target_dag.py
[2022-12-16 01:56:29,606] {logging_mixin.py:115} INFO - [2022-12-16 01:56:29,606] {dag.py:2371} INFO - Sync 1 DAGs
[2022-12-16 01:56:29,628] {logging_mixin.py:115} INFO - [2022-12-16 01:56:29,628] {dag.py:2919} INFO - Setting next_dagrun for example_trigger_target_dag to None, run_after=None
[2022-12-16 01:56:29,641] {processor.py:161} INFO - Processing /home/airflow/.local/lib/python3.7/site-packages/airflow/example_dags/example_trigger_target_dag.py took 0.241 seconds
[2022-12-16 01:57:00,105] {processor.py:153} INFO - Started process (PID=808) to work on /home/airflow/.local/lib/python3.7/site-packages/airflow/example_dags/example_trigger_target_dag.py
[2022-12-16 01:57:00,105] {processor.py:641} INFO - Processing file /home/airflow/.local/lib/python3.7/site-packages/airflow/example_dags/example_trigger_target_dag.py for tasks to queue
[2022-12-16 01:57:00,106] {logging_mixin.py:115} INFO - [2022-12-16 01:57:00,106] {dagbag.py:507} INFO - Filling up the DagBag from /home/airflow/.local/lib/python3.7/site-packages/airflow/example_dags/example_trigger_target_dag.py
[2022-12-16 01:57:00,133] {processor.py:651} INFO - DAG(s) dict_keys(['example_trigger_target_dag']) retrieved from /home/airflow/.local/lib/python3.7/site-packages/airflow/example_dags/example_trigger_target_dag.py
[2022-12-16 01:57:00,326] {logging_mixin.py:115} INFO - [2022-12-16 01:57:00,326] {dag.py:2371} INFO - Sync 1 DAGs
[2022-12-16 01:57:00,346] {logging_mixin.py:115} INFO - [2022-12-16 01:57:00,346] {dag.py:2919} INFO - Setting next_dagrun for example_trigger_target_dag to None, run_after=None
[2022-12-16 01:57:00,357] {processor.py:161} INFO - Processing /home/airflow/.local/lib/python3.7/site-packages/airflow/example_dags/example_trigger_target_dag.py took 0.258 seconds
[2022-12-16 01:57:30,659] {processor.py:153} INFO - Started process (PID=861) to work on /home/airflow/.local/lib/python3.7/site-packages/airflow/example_dags/example_trigger_target_dag.py
[2022-12-16 01:57:30,660] {processor.py:641} INFO - Processing file /home/airflow/.local/lib/python3.7/site-packages/airflow/example_dags/example_trigger_target_dag.py for tasks to queue
[2022-12-16 01:57:30,662] {logging_mixin.py:115} INFO - [2022-12-16 01:57:30,662] {dagbag.py:507} INFO - Filling up the DagBag from /home/airflow/.local/lib/python3.7/site-packages/airflow/example_dags/example_trigger_target_dag.py
[2022-12-16 01:57:30,687] {processor.py:651} INFO - DAG(s) dict_keys(['example_trigger_target_dag']) retrieved from /home/airflow/.local/lib/python3.7/site-packages/airflow/example_dags/example_trigger_target_dag.py
[2022-12-16 01:57:30,856] {logging_mixin.py:115} INFO - [2022-12-16 01:57:30,856] {dag.py:2371} INFO - Sync 1 DAGs
[2022-12-16 01:57:30,882] {logging_mixin.py:115} INFO - [2022-12-16 01:57:30,882] {dag.py:2919} INFO - Setting next_dagrun for example_trigger_target_dag to None, run_after=None
[2022-12-16 01:57:30,893] {processor.py:161} INFO - Processing /home/airflow/.local/lib/python3.7/site-packages/airflow/example_dags/example_trigger_target_dag.py took 0.237 seconds
[2022-12-16 01:58:54,247] {processor.py:153} INFO - Started process (PID=38) to work on /home/airflow/.local/lib/python3.7/site-packages/airflow/example_dags/example_trigger_target_dag.py
[2022-12-16 01:58:54,249] {processor.py:641} INFO - Processing file /home/airflow/.local/lib/python3.7/site-packages/airflow/example_dags/example_trigger_target_dag.py for tasks to queue
[2022-12-16 01:58:54,259] {logging_mixin.py:115} INFO - [2022-12-16 01:58:54,259] {dagbag.py:507} INFO - Filling up the DagBag from /home/airflow/.local/lib/python3.7/site-packages/airflow/example_dags/example_trigger_target_dag.py
[2022-12-16 01:58:54,321] {processor.py:651} INFO - DAG(s) dict_keys(['example_trigger_target_dag']) retrieved from /home/airflow/.local/lib/python3.7/site-packages/airflow/example_dags/example_trigger_target_dag.py
[2022-12-16 01:58:54,458] {logging_mixin.py:115} INFO - [2022-12-16 01:58:54,458] {dag.py:2371} INFO - Sync 1 DAGs
[2022-12-16 01:58:54,612] {logging_mixin.py:115} INFO - [2022-12-16 01:58:54,612] {dag.py:2919} INFO - Setting next_dagrun for example_trigger_target_dag to None, run_after=None
[2022-12-16 01:58:54,664] {processor.py:161} INFO - Processing /home/airflow/.local/lib/python3.7/site-packages/airflow/example_dags/example_trigger_target_dag.py took 0.422 seconds
[2022-12-16 01:59:41,429] {processor.py:153} INFO - Started process (PID=38) to work on /home/airflow/.local/lib/python3.7/site-packages/airflow/example_dags/example_trigger_target_dag.py
[2022-12-16 01:59:41,432] {processor.py:641} INFO - Processing file /home/airflow/.local/lib/python3.7/site-packages/airflow/example_dags/example_trigger_target_dag.py for tasks to queue
[2022-12-16 01:59:41,435] {logging_mixin.py:115} INFO - [2022-12-16 01:59:41,435] {dagbag.py:507} INFO - Filling up the DagBag from /home/airflow/.local/lib/python3.7/site-packages/airflow/example_dags/example_trigger_target_dag.py
[2022-12-16 01:59:41,492] {processor.py:651} INFO - DAG(s) dict_keys(['example_trigger_target_dag']) retrieved from /home/airflow/.local/lib/python3.7/site-packages/airflow/example_dags/example_trigger_target_dag.py
[2022-12-16 01:59:41,586] {logging_mixin.py:115} INFO - [2022-12-16 01:59:41,586] {dag.py:2371} INFO - Sync 1 DAGs
[2022-12-16 01:59:41,619] {logging_mixin.py:115} INFO - [2022-12-16 01:59:41,619] {dag.py:2919} INFO - Setting next_dagrun for example_trigger_target_dag to None, run_after=None
[2022-12-16 01:59:41,636] {processor.py:161} INFO - Processing /home/airflow/.local/lib/python3.7/site-packages/airflow/example_dags/example_trigger_target_dag.py took 0.219 seconds
[2022-12-16 02:00:11,724] {processor.py:153} INFO - Started process (PID=100) to work on /home/airflow/.local/lib/python3.7/site-packages/airflow/example_dags/example_trigger_target_dag.py
[2022-12-16 02:00:11,725] {processor.py:641} INFO - Processing file /home/airflow/.local/lib/python3.7/site-packages/airflow/example_dags/example_trigger_target_dag.py for tasks to queue
[2022-12-16 02:00:11,726] {logging_mixin.py:115} INFO - [2022-12-16 02:00:11,726] {dagbag.py:507} INFO - Filling up the DagBag from /home/airflow/.local/lib/python3.7/site-packages/airflow/example_dags/example_trigger_target_dag.py
[2022-12-16 02:00:11,742] {processor.py:651} INFO - DAG(s) dict_keys(['example_trigger_target_dag']) retrieved from /home/airflow/.local/lib/python3.7/site-packages/airflow/example_dags/example_trigger_target_dag.py
[2022-12-16 02:00:11,767] {logging_mixin.py:115} INFO - [2022-12-16 02:00:11,767] {dag.py:2371} INFO - Sync 1 DAGs
[2022-12-16 02:00:11,791] {logging_mixin.py:115} INFO - [2022-12-16 02:00:11,791] {dag.py:2919} INFO - Setting next_dagrun for example_trigger_target_dag to None, run_after=None
[2022-12-16 02:00:11,803] {processor.py:161} INFO - Processing /home/airflow/.local/lib/python3.7/site-packages/airflow/example_dags/example_trigger_target_dag.py took 0.083 seconds
[2022-12-16 02:00:41,848] {processor.py:153} INFO - Started process (PID=153) to work on /home/airflow/.local/lib/python3.7/site-packages/airflow/example_dags/example_trigger_target_dag.py
[2022-12-16 02:00:41,849] {processor.py:641} INFO - Processing file /home/airflow/.local/lib/python3.7/site-packages/airflow/example_dags/example_trigger_target_dag.py for tasks to queue
[2022-12-16 02:00:41,850] {logging_mixin.py:115} INFO - [2022-12-16 02:00:41,850] {dagbag.py:507} INFO - Filling up the DagBag from /home/airflow/.local/lib/python3.7/site-packages/airflow/example_dags/example_trigger_target_dag.py
[2022-12-16 02:00:41,866] {processor.py:651} INFO - DAG(s) dict_keys(['example_trigger_target_dag']) retrieved from /home/airflow/.local/lib/python3.7/site-packages/airflow/example_dags/example_trigger_target_dag.py
[2022-12-16 02:00:41,903] {logging_mixin.py:115} INFO - [2022-12-16 02:00:41,903] {dag.py:2371} INFO - Sync 1 DAGs
[2022-12-16 02:00:41,925] {logging_mixin.py:115} INFO - [2022-12-16 02:00:41,925] {dag.py:2919} INFO - Setting next_dagrun for example_trigger_target_dag to None, run_after=None
[2022-12-16 02:00:41,939] {processor.py:161} INFO - Processing /home/airflow/.local/lib/python3.7/site-packages/airflow/example_dags/example_trigger_target_dag.py took 0.095 seconds
[2022-12-16 02:01:12,024] {processor.py:153} INFO - Started process (PID=215) to work on /home/airflow/.local/lib/python3.7/site-packages/airflow/example_dags/example_trigger_target_dag.py
[2022-12-16 02:01:12,025] {processor.py:641} INFO - Processing file /home/airflow/.local/lib/python3.7/site-packages/airflow/example_dags/example_trigger_target_dag.py for tasks to queue
[2022-12-16 02:01:12,026] {logging_mixin.py:115} INFO - [2022-12-16 02:01:12,025] {dagbag.py:507} INFO - Filling up the DagBag from /home/airflow/.local/lib/python3.7/site-packages/airflow/example_dags/example_trigger_target_dag.py
[2022-12-16 02:01:12,041] {processor.py:651} INFO - DAG(s) dict_keys(['example_trigger_target_dag']) retrieved from /home/airflow/.local/lib/python3.7/site-packages/airflow/example_dags/example_trigger_target_dag.py
[2022-12-16 02:01:12,065] {logging_mixin.py:115} INFO - [2022-12-16 02:01:12,065] {dag.py:2371} INFO - Sync 1 DAGs
[2022-12-16 02:01:12,085] {logging_mixin.py:115} INFO - [2022-12-16 02:01:12,085] {dag.py:2919} INFO - Setting next_dagrun for example_trigger_target_dag to None, run_after=None
[2022-12-16 02:01:12,096] {processor.py:161} INFO - Processing /home/airflow/.local/lib/python3.7/site-packages/airflow/example_dags/example_trigger_target_dag.py took 0.075 seconds
[2022-12-16 02:01:42,776] {processor.py:153} INFO - Started process (PID=277) to work on /home/airflow/.local/lib/python3.7/site-packages/airflow/example_dags/example_trigger_target_dag.py
[2022-12-16 02:01:42,777] {processor.py:641} INFO - Processing file /home/airflow/.local/lib/python3.7/site-packages/airflow/example_dags/example_trigger_target_dag.py for tasks to queue
[2022-12-16 02:01:42,778] {logging_mixin.py:115} INFO - [2022-12-16 02:01:42,778] {dagbag.py:507} INFO - Filling up the DagBag from /home/airflow/.local/lib/python3.7/site-packages/airflow/example_dags/example_trigger_target_dag.py
[2022-12-16 02:01:42,801] {processor.py:651} INFO - DAG(s) dict_keys(['example_trigger_target_dag']) retrieved from /home/airflow/.local/lib/python3.7/site-packages/airflow/example_dags/example_trigger_target_dag.py
[2022-12-16 02:01:42,856] {logging_mixin.py:115} INFO - [2022-12-16 02:01:42,856] {dag.py:2371} INFO - Sync 1 DAGs
[2022-12-16 02:01:42,880] {logging_mixin.py:115} INFO - [2022-12-16 02:01:42,880] {dag.py:2919} INFO - Setting next_dagrun for example_trigger_target_dag to None, run_after=None
[2022-12-16 02:01:42,892] {processor.py:161} INFO - Processing /home/airflow/.local/lib/python3.7/site-packages/airflow/example_dags/example_trigger_target_dag.py took 0.120 seconds
[2022-12-16 02:02:13,284] {processor.py:153} INFO - Started process (PID=339) to work on /home/airflow/.local/lib/python3.7/site-packages/airflow/example_dags/example_trigger_target_dag.py
[2022-12-16 02:02:13,285] {processor.py:641} INFO - Processing file /home/airflow/.local/lib/python3.7/site-packages/airflow/example_dags/example_trigger_target_dag.py for tasks to queue
[2022-12-16 02:02:13,286] {logging_mixin.py:115} INFO - [2022-12-16 02:02:13,286] {dagbag.py:507} INFO - Filling up the DagBag from /home/airflow/.local/lib/python3.7/site-packages/airflow/example_dags/example_trigger_target_dag.py
[2022-12-16 02:02:13,307] {processor.py:651} INFO - DAG(s) dict_keys(['example_trigger_target_dag']) retrieved from /home/airflow/.local/lib/python3.7/site-packages/airflow/example_dags/example_trigger_target_dag.py
[2022-12-16 02:02:13,331] {logging_mixin.py:115} INFO - [2022-12-16 02:02:13,331] {dag.py:2371} INFO - Sync 1 DAGs
[2022-12-16 02:02:13,350] {logging_mixin.py:115} INFO - [2022-12-16 02:02:13,350] {dag.py:2919} INFO - Setting next_dagrun for example_trigger_target_dag to None, run_after=None
[2022-12-16 02:02:13,362] {processor.py:161} INFO - Processing /home/airflow/.local/lib/python3.7/site-packages/airflow/example_dags/example_trigger_target_dag.py took 0.081 seconds
[2022-12-16 02:02:43,698] {processor.py:153} INFO - Started process (PID=393) to work on /home/airflow/.local/lib/python3.7/site-packages/airflow/example_dags/example_trigger_target_dag.py
[2022-12-16 02:02:43,699] {processor.py:641} INFO - Processing file /home/airflow/.local/lib/python3.7/site-packages/airflow/example_dags/example_trigger_target_dag.py for tasks to queue
[2022-12-16 02:02:43,700] {logging_mixin.py:115} INFO - [2022-12-16 02:02:43,700] {dagbag.py:507} INFO - Filling up the DagBag from /home/airflow/.local/lib/python3.7/site-packages/airflow/example_dags/example_trigger_target_dag.py
[2022-12-16 02:02:43,719] {processor.py:651} INFO - DAG(s) dict_keys(['example_trigger_target_dag']) retrieved from /home/airflow/.local/lib/python3.7/site-packages/airflow/example_dags/example_trigger_target_dag.py
[2022-12-16 02:02:43,750] {logging_mixin.py:115} INFO - [2022-12-16 02:02:43,750] {dag.py:2371} INFO - Sync 1 DAGs
[2022-12-16 02:02:43,770] {logging_mixin.py:115} INFO - [2022-12-16 02:02:43,770] {dag.py:2919} INFO - Setting next_dagrun for example_trigger_target_dag to None, run_after=None
[2022-12-16 02:02:43,782] {processor.py:161} INFO - Processing /home/airflow/.local/lib/python3.7/site-packages/airflow/example_dags/example_trigger_target_dag.py took 0.087 seconds
[2022-12-16 02:03:14,311] {processor.py:153} INFO - Started process (PID=455) to work on /home/airflow/.local/lib/python3.7/site-packages/airflow/example_dags/example_trigger_target_dag.py
[2022-12-16 02:03:14,312] {processor.py:641} INFO - Processing file /home/airflow/.local/lib/python3.7/site-packages/airflow/example_dags/example_trigger_target_dag.py for tasks to queue
[2022-12-16 02:03:14,313] {logging_mixin.py:115} INFO - [2022-12-16 02:03:14,313] {dagbag.py:507} INFO - Filling up the DagBag from /home/airflow/.local/lib/python3.7/site-packages/airflow/example_dags/example_trigger_target_dag.py
[2022-12-16 02:03:14,328] {processor.py:651} INFO - DAG(s) dict_keys(['example_trigger_target_dag']) retrieved from /home/airflow/.local/lib/python3.7/site-packages/airflow/example_dags/example_trigger_target_dag.py
[2022-12-16 02:03:14,354] {logging_mixin.py:115} INFO - [2022-12-16 02:03:14,354] {dag.py:2371} INFO - Sync 1 DAGs
[2022-12-16 02:03:14,373] {logging_mixin.py:115} INFO - [2022-12-16 02:03:14,373] {dag.py:2919} INFO - Setting next_dagrun for example_trigger_target_dag to None, run_after=None
[2022-12-16 02:03:14,383] {processor.py:161} INFO - Processing /home/airflow/.local/lib/python3.7/site-packages/airflow/example_dags/example_trigger_target_dag.py took 0.076 seconds
[2022-12-16 02:03:44,786] {processor.py:153} INFO - Started process (PID=517) to work on /home/airflow/.local/lib/python3.7/site-packages/airflow/example_dags/example_trigger_target_dag.py
[2022-12-16 02:03:44,786] {processor.py:641} INFO - Processing file /home/airflow/.local/lib/python3.7/site-packages/airflow/example_dags/example_trigger_target_dag.py for tasks to queue
[2022-12-16 02:03:44,787] {logging_mixin.py:115} INFO - [2022-12-16 02:03:44,787] {dagbag.py:507} INFO - Filling up the DagBag from /home/airflow/.local/lib/python3.7/site-packages/airflow/example_dags/example_trigger_target_dag.py
[2022-12-16 02:03:44,804] {processor.py:651} INFO - DAG(s) dict_keys(['example_trigger_target_dag']) retrieved from /home/airflow/.local/lib/python3.7/site-packages/airflow/example_dags/example_trigger_target_dag.py
[2022-12-16 02:03:44,837] {logging_mixin.py:115} INFO - [2022-12-16 02:03:44,837] {dag.py:2371} INFO - Sync 1 DAGs
[2022-12-16 02:03:44,860] {logging_mixin.py:115} INFO - [2022-12-16 02:03:44,860] {dag.py:2919} INFO - Setting next_dagrun for example_trigger_target_dag to None, run_after=None
[2022-12-16 02:03:44,873] {processor.py:161} INFO - Processing /home/airflow/.local/lib/python3.7/site-packages/airflow/example_dags/example_trigger_target_dag.py took 0.091 seconds
[2022-12-16 02:04:15,287] {processor.py:153} INFO - Started process (PID=578) to work on /home/airflow/.local/lib/python3.7/site-packages/airflow/example_dags/example_trigger_target_dag.py
[2022-12-16 02:04:15,288] {processor.py:641} INFO - Processing file /home/airflow/.local/lib/python3.7/site-packages/airflow/example_dags/example_trigger_target_dag.py for tasks to queue
[2022-12-16 02:04:15,289] {logging_mixin.py:115} INFO - [2022-12-16 02:04:15,289] {dagbag.py:507} INFO - Filling up the DagBag from /home/airflow/.local/lib/python3.7/site-packages/airflow/example_dags/example_trigger_target_dag.py
[2022-12-16 02:04:15,305] {processor.py:651} INFO - DAG(s) dict_keys(['example_trigger_target_dag']) retrieved from /home/airflow/.local/lib/python3.7/site-packages/airflow/example_dags/example_trigger_target_dag.py
[2022-12-16 02:04:15,333] {logging_mixin.py:115} INFO - [2022-12-16 02:04:15,333] {dag.py:2371} INFO - Sync 1 DAGs
[2022-12-16 02:04:15,356] {logging_mixin.py:115} INFO - [2022-12-16 02:04:15,356] {dag.py:2919} INFO - Setting next_dagrun for example_trigger_target_dag to None, run_after=None
[2022-12-16 02:04:15,372] {processor.py:161} INFO - Processing /home/airflow/.local/lib/python3.7/site-packages/airflow/example_dags/example_trigger_target_dag.py took 0.089 seconds
[2022-12-16 02:04:45,739] {processor.py:153} INFO - Started process (PID=632) to work on /home/airflow/.local/lib/python3.7/site-packages/airflow/example_dags/example_trigger_target_dag.py
[2022-12-16 02:04:45,740] {processor.py:641} INFO - Processing file /home/airflow/.local/lib/python3.7/site-packages/airflow/example_dags/example_trigger_target_dag.py for tasks to queue
[2022-12-16 02:04:45,740] {logging_mixin.py:115} INFO - [2022-12-16 02:04:45,740] {dagbag.py:507} INFO - Filling up the DagBag from /home/airflow/.local/lib/python3.7/site-packages/airflow/example_dags/example_trigger_target_dag.py
[2022-12-16 02:04:45,756] {processor.py:651} INFO - DAG(s) dict_keys(['example_trigger_target_dag']) retrieved from /home/airflow/.local/lib/python3.7/site-packages/airflow/example_dags/example_trigger_target_dag.py
[2022-12-16 02:04:45,783] {logging_mixin.py:115} INFO - [2022-12-16 02:04:45,783] {dag.py:2371} INFO - Sync 1 DAGs
[2022-12-16 02:04:45,803] {logging_mixin.py:115} INFO - [2022-12-16 02:04:45,803] {dag.py:2919} INFO - Setting next_dagrun for example_trigger_target_dag to None, run_after=None
[2022-12-16 02:04:45,815] {processor.py:161} INFO - Processing /home/airflow/.local/lib/python3.7/site-packages/airflow/example_dags/example_trigger_target_dag.py took 0.079 seconds
[2022-12-16 02:05:16,366] {processor.py:153} INFO - Started process (PID=695) to work on /home/airflow/.local/lib/python3.7/site-packages/airflow/example_dags/example_trigger_target_dag.py
[2022-12-16 02:05:16,367] {processor.py:641} INFO - Processing file /home/airflow/.local/lib/python3.7/site-packages/airflow/example_dags/example_trigger_target_dag.py for tasks to queue
[2022-12-16 02:05:16,368] {logging_mixin.py:115} INFO - [2022-12-16 02:05:16,368] {dagbag.py:507} INFO - Filling up the DagBag from /home/airflow/.local/lib/python3.7/site-packages/airflow/example_dags/example_trigger_target_dag.py
[2022-12-16 02:05:16,390] {processor.py:651} INFO - DAG(s) dict_keys(['example_trigger_target_dag']) retrieved from /home/airflow/.local/lib/python3.7/site-packages/airflow/example_dags/example_trigger_target_dag.py
[2022-12-16 02:05:16,419] {logging_mixin.py:115} INFO - [2022-12-16 02:05:16,419] {dag.py:2371} INFO - Sync 1 DAGs
[2022-12-16 02:05:16,441] {logging_mixin.py:115} INFO - [2022-12-16 02:05:16,441] {dag.py:2919} INFO - Setting next_dagrun for example_trigger_target_dag to None, run_after=None
[2022-12-16 02:05:16,454] {processor.py:161} INFO - Processing /home/airflow/.local/lib/python3.7/site-packages/airflow/example_dags/example_trigger_target_dag.py took 0.093 seconds
[2022-12-16 02:05:46,706] {processor.py:153} INFO - Started process (PID=757) to work on /home/airflow/.local/lib/python3.7/site-packages/airflow/example_dags/example_trigger_target_dag.py
[2022-12-16 02:05:46,706] {processor.py:641} INFO - Processing file /home/airflow/.local/lib/python3.7/site-packages/airflow/example_dags/example_trigger_target_dag.py for tasks to queue
[2022-12-16 02:05:46,707] {logging_mixin.py:115} INFO - [2022-12-16 02:05:46,707] {dagbag.py:507} INFO - Filling up the DagBag from /home/airflow/.local/lib/python3.7/site-packages/airflow/example_dags/example_trigger_target_dag.py
[2022-12-16 02:05:46,724] {processor.py:651} INFO - DAG(s) dict_keys(['example_trigger_target_dag']) retrieved from /home/airflow/.local/lib/python3.7/site-packages/airflow/example_dags/example_trigger_target_dag.py
[2022-12-16 02:05:46,759] {logging_mixin.py:115} INFO - [2022-12-16 02:05:46,759] {dag.py:2371} INFO - Sync 1 DAGs
[2022-12-16 02:05:46,781] {logging_mixin.py:115} INFO - [2022-12-16 02:05:46,781] {dag.py:2919} INFO - Setting next_dagrun for example_trigger_target_dag to None, run_after=None
[2022-12-16 02:05:46,793] {processor.py:161} INFO - Processing /home/airflow/.local/lib/python3.7/site-packages/airflow/example_dags/example_trigger_target_dag.py took 0.091 seconds
[2022-12-16 02:06:16,990] {processor.py:153} INFO - Started process (PID=811) to work on /home/airflow/.local/lib/python3.7/site-packages/airflow/example_dags/example_trigger_target_dag.py
[2022-12-16 02:06:16,990] {processor.py:641} INFO - Processing file /home/airflow/.local/lib/python3.7/site-packages/airflow/example_dags/example_trigger_target_dag.py for tasks to queue
[2022-12-16 02:06:16,991] {logging_mixin.py:115} INFO - [2022-12-16 02:06:16,991] {dagbag.py:507} INFO - Filling up the DagBag from /home/airflow/.local/lib/python3.7/site-packages/airflow/example_dags/example_trigger_target_dag.py
[2022-12-16 02:06:17,008] {processor.py:651} INFO - DAG(s) dict_keys(['example_trigger_target_dag']) retrieved from /home/airflow/.local/lib/python3.7/site-packages/airflow/example_dags/example_trigger_target_dag.py
[2022-12-16 02:06:17,048] {logging_mixin.py:115} INFO - [2022-12-16 02:06:17,048] {dag.py:2371} INFO - Sync 1 DAGs
[2022-12-16 02:06:17,081] {logging_mixin.py:115} INFO - [2022-12-16 02:06:17,081] {dag.py:2919} INFO - Setting next_dagrun for example_trigger_target_dag to None, run_after=None
[2022-12-16 02:06:17,097] {processor.py:161} INFO - Processing /home/airflow/.local/lib/python3.7/site-packages/airflow/example_dags/example_trigger_target_dag.py took 0.111 seconds
[2022-12-16 02:06:47,461] {processor.py:153} INFO - Started process (PID=874) to work on /home/airflow/.local/lib/python3.7/site-packages/airflow/example_dags/example_trigger_target_dag.py
[2022-12-16 02:06:47,462] {processor.py:641} INFO - Processing file /home/airflow/.local/lib/python3.7/site-packages/airflow/example_dags/example_trigger_target_dag.py for tasks to queue
[2022-12-16 02:06:47,462] {logging_mixin.py:115} INFO - [2022-12-16 02:06:47,462] {dagbag.py:507} INFO - Filling up the DagBag from /home/airflow/.local/lib/python3.7/site-packages/airflow/example_dags/example_trigger_target_dag.py
[2022-12-16 02:06:47,482] {processor.py:651} INFO - DAG(s) dict_keys(['example_trigger_target_dag']) retrieved from /home/airflow/.local/lib/python3.7/site-packages/airflow/example_dags/example_trigger_target_dag.py
[2022-12-16 02:06:47,508] {logging_mixin.py:115} INFO - [2022-12-16 02:06:47,508] {dag.py:2371} INFO - Sync 1 DAGs
[2022-12-16 02:06:47,527] {logging_mixin.py:115} INFO - [2022-12-16 02:06:47,527] {dag.py:2919} INFO - Setting next_dagrun for example_trigger_target_dag to None, run_after=None
[2022-12-16 02:06:47,538] {processor.py:161} INFO - Processing /home/airflow/.local/lib/python3.7/site-packages/airflow/example_dags/example_trigger_target_dag.py took 0.081 seconds
[2022-12-16 02:07:17,858] {processor.py:153} INFO - Started process (PID=937) to work on /home/airflow/.local/lib/python3.7/site-packages/airflow/example_dags/example_trigger_target_dag.py
[2022-12-16 02:07:17,860] {processor.py:641} INFO - Processing file /home/airflow/.local/lib/python3.7/site-packages/airflow/example_dags/example_trigger_target_dag.py for tasks to queue
[2022-12-16 02:07:17,861] {logging_mixin.py:115} INFO - [2022-12-16 02:07:17,861] {dagbag.py:507} INFO - Filling up the DagBag from /home/airflow/.local/lib/python3.7/site-packages/airflow/example_dags/example_trigger_target_dag.py
[2022-12-16 02:07:17,882] {processor.py:651} INFO - DAG(s) dict_keys(['example_trigger_target_dag']) retrieved from /home/airflow/.local/lib/python3.7/site-packages/airflow/example_dags/example_trigger_target_dag.py
[2022-12-16 02:07:17,913] {logging_mixin.py:115} INFO - [2022-12-16 02:07:17,913] {dag.py:2371} INFO - Sync 1 DAGs
[2022-12-16 02:07:17,944] {logging_mixin.py:115} INFO - [2022-12-16 02:07:17,944] {dag.py:2919} INFO - Setting next_dagrun for example_trigger_target_dag to None, run_after=None
[2022-12-16 02:07:17,966] {processor.py:161} INFO - Processing /home/airflow/.local/lib/python3.7/site-packages/airflow/example_dags/example_trigger_target_dag.py took 0.113 seconds
[2022-12-16 02:07:48,300] {processor.py:153} INFO - Started process (PID=1000) to work on /home/airflow/.local/lib/python3.7/site-packages/airflow/example_dags/example_trigger_target_dag.py
[2022-12-16 02:07:48,301] {processor.py:641} INFO - Processing file /home/airflow/.local/lib/python3.7/site-packages/airflow/example_dags/example_trigger_target_dag.py for tasks to queue
[2022-12-16 02:07:48,301] {logging_mixin.py:115} INFO - [2022-12-16 02:07:48,301] {dagbag.py:507} INFO - Filling up the DagBag from /home/airflow/.local/lib/python3.7/site-packages/airflow/example_dags/example_trigger_target_dag.py
[2022-12-16 02:07:48,317] {processor.py:651} INFO - DAG(s) dict_keys(['example_trigger_target_dag']) retrieved from /home/airflow/.local/lib/python3.7/site-packages/airflow/example_dags/example_trigger_target_dag.py
[2022-12-16 02:07:48,343] {logging_mixin.py:115} INFO - [2022-12-16 02:07:48,343] {dag.py:2371} INFO - Sync 1 DAGs
[2022-12-16 02:07:48,366] {logging_mixin.py:115} INFO - [2022-12-16 02:07:48,366] {dag.py:2919} INFO - Setting next_dagrun for example_trigger_target_dag to None, run_after=None
[2022-12-16 02:07:48,379] {processor.py:161} INFO - Processing /home/airflow/.local/lib/python3.7/site-packages/airflow/example_dags/example_trigger_target_dag.py took 0.084 seconds
[2022-12-16 02:08:18,565] {processor.py:153} INFO - Started process (PID=1053) to work on /home/airflow/.local/lib/python3.7/site-packages/airflow/example_dags/example_trigger_target_dag.py
[2022-12-16 02:08:18,566] {processor.py:641} INFO - Processing file /home/airflow/.local/lib/python3.7/site-packages/airflow/example_dags/example_trigger_target_dag.py for tasks to queue
[2022-12-16 02:08:18,567] {logging_mixin.py:115} INFO - [2022-12-16 02:08:18,567] {dagbag.py:507} INFO - Filling up the DagBag from /home/airflow/.local/lib/python3.7/site-packages/airflow/example_dags/example_trigger_target_dag.py
[2022-12-16 02:08:18,585] {processor.py:651} INFO - DAG(s) dict_keys(['example_trigger_target_dag']) retrieved from /home/airflow/.local/lib/python3.7/site-packages/airflow/example_dags/example_trigger_target_dag.py
[2022-12-16 02:08:18,612] {logging_mixin.py:115} INFO - [2022-12-16 02:08:18,612] {dag.py:2371} INFO - Sync 1 DAGs
[2022-12-16 02:08:18,630] {logging_mixin.py:115} INFO - [2022-12-16 02:08:18,630] {dag.py:2919} INFO - Setting next_dagrun for example_trigger_target_dag to None, run_after=None
[2022-12-16 02:08:18,640] {processor.py:161} INFO - Processing /home/airflow/.local/lib/python3.7/site-packages/airflow/example_dags/example_trigger_target_dag.py took 0.079 seconds
[2022-12-16 02:08:49,260] {processor.py:153} INFO - Started process (PID=1114) to work on /home/airflow/.local/lib/python3.7/site-packages/airflow/example_dags/example_trigger_target_dag.py
[2022-12-16 02:08:49,260] {processor.py:641} INFO - Processing file /home/airflow/.local/lib/python3.7/site-packages/airflow/example_dags/example_trigger_target_dag.py for tasks to queue
[2022-12-16 02:08:49,261] {logging_mixin.py:115} INFO - [2022-12-16 02:08:49,261] {dagbag.py:507} INFO - Filling up the DagBag from /home/airflow/.local/lib/python3.7/site-packages/airflow/example_dags/example_trigger_target_dag.py
[2022-12-16 02:08:49,288] {processor.py:651} INFO - DAG(s) dict_keys(['example_trigger_target_dag']) retrieved from /home/airflow/.local/lib/python3.7/site-packages/airflow/example_dags/example_trigger_target_dag.py
[2022-12-16 02:08:49,318] {logging_mixin.py:115} INFO - [2022-12-16 02:08:49,318] {dag.py:2371} INFO - Sync 1 DAGs
[2022-12-16 02:08:49,340] {logging_mixin.py:115} INFO - [2022-12-16 02:08:49,339] {dag.py:2919} INFO - Setting next_dagrun for example_trigger_target_dag to None, run_after=None
[2022-12-16 02:08:49,351] {processor.py:161} INFO - Processing /home/airflow/.local/lib/python3.7/site-packages/airflow/example_dags/example_trigger_target_dag.py took 0.096 seconds
[2022-12-16 02:09:19,392] {processor.py:153} INFO - Started process (PID=1178) to work on /home/airflow/.local/lib/python3.7/site-packages/airflow/example_dags/example_trigger_target_dag.py
[2022-12-16 02:09:19,393] {processor.py:641} INFO - Processing file /home/airflow/.local/lib/python3.7/site-packages/airflow/example_dags/example_trigger_target_dag.py for tasks to queue
[2022-12-16 02:09:19,394] {logging_mixin.py:115} INFO - [2022-12-16 02:09:19,394] {dagbag.py:507} INFO - Filling up the DagBag from /home/airflow/.local/lib/python3.7/site-packages/airflow/example_dags/example_trigger_target_dag.py
[2022-12-16 02:09:19,412] {processor.py:651} INFO - DAG(s) dict_keys(['example_trigger_target_dag']) retrieved from /home/airflow/.local/lib/python3.7/site-packages/airflow/example_dags/example_trigger_target_dag.py
[2022-12-16 02:09:19,434] {logging_mixin.py:115} INFO - [2022-12-16 02:09:19,434] {dag.py:2371} INFO - Sync 1 DAGs
[2022-12-16 02:09:19,454] {logging_mixin.py:115} INFO - [2022-12-16 02:09:19,454] {dag.py:2919} INFO - Setting next_dagrun for example_trigger_target_dag to None, run_after=None
[2022-12-16 02:09:19,466] {processor.py:161} INFO - Processing /home/airflow/.local/lib/python3.7/site-packages/airflow/example_dags/example_trigger_target_dag.py took 0.077 seconds
[2022-12-16 02:09:50,140] {processor.py:153} INFO - Started process (PID=1231) to work on /home/airflow/.local/lib/python3.7/site-packages/airflow/example_dags/example_trigger_target_dag.py
[2022-12-16 02:09:50,141] {processor.py:641} INFO - Processing file /home/airflow/.local/lib/python3.7/site-packages/airflow/example_dags/example_trigger_target_dag.py for tasks to queue
[2022-12-16 02:09:50,142] {logging_mixin.py:115} INFO - [2022-12-16 02:09:50,142] {dagbag.py:507} INFO - Filling up the DagBag from /home/airflow/.local/lib/python3.7/site-packages/airflow/example_dags/example_trigger_target_dag.py
[2022-12-16 02:09:50,164] {processor.py:651} INFO - DAG(s) dict_keys(['example_trigger_target_dag']) retrieved from /home/airflow/.local/lib/python3.7/site-packages/airflow/example_dags/example_trigger_target_dag.py
[2022-12-16 02:09:50,192] {logging_mixin.py:115} INFO - [2022-12-16 02:09:50,192] {dag.py:2371} INFO - Sync 1 DAGs
[2022-12-16 02:09:50,213] {logging_mixin.py:115} INFO - [2022-12-16 02:09:50,213] {dag.py:2919} INFO - Setting next_dagrun for example_trigger_target_dag to None, run_after=None
[2022-12-16 02:09:50,227] {processor.py:161} INFO - Processing /home/airflow/.local/lib/python3.7/site-packages/airflow/example_dags/example_trigger_target_dag.py took 0.091 seconds
[2022-12-16 02:10:20,445] {processor.py:153} INFO - Started process (PID=1293) to work on /home/airflow/.local/lib/python3.7/site-packages/airflow/example_dags/example_trigger_target_dag.py
[2022-12-16 02:10:20,446] {processor.py:641} INFO - Processing file /home/airflow/.local/lib/python3.7/site-packages/airflow/example_dags/example_trigger_target_dag.py for tasks to queue
[2022-12-16 02:10:20,447] {logging_mixin.py:115} INFO - [2022-12-16 02:10:20,446] {dagbag.py:507} INFO - Filling up the DagBag from /home/airflow/.local/lib/python3.7/site-packages/airflow/example_dags/example_trigger_target_dag.py
[2022-12-16 02:10:20,463] {processor.py:651} INFO - DAG(s) dict_keys(['example_trigger_target_dag']) retrieved from /home/airflow/.local/lib/python3.7/site-packages/airflow/example_dags/example_trigger_target_dag.py
[2022-12-16 02:10:20,499] {logging_mixin.py:115} INFO - [2022-12-16 02:10:20,499] {dag.py:2371} INFO - Sync 1 DAGs
[2022-12-16 02:10:20,524] {logging_mixin.py:115} INFO - [2022-12-16 02:10:20,523] {dag.py:2919} INFO - Setting next_dagrun for example_trigger_target_dag to None, run_after=None
[2022-12-16 02:10:20,538] {processor.py:161} INFO - Processing /home/airflow/.local/lib/python3.7/site-packages/airflow/example_dags/example_trigger_target_dag.py took 0.097 seconds
[2022-12-16 02:10:50,920] {processor.py:153} INFO - Started process (PID=1355) to work on /home/airflow/.local/lib/python3.7/site-packages/airflow/example_dags/example_trigger_target_dag.py
[2022-12-16 02:10:50,921] {processor.py:641} INFO - Processing file /home/airflow/.local/lib/python3.7/site-packages/airflow/example_dags/example_trigger_target_dag.py for tasks to queue
[2022-12-16 02:10:50,922] {logging_mixin.py:115} INFO - [2022-12-16 02:10:50,922] {dagbag.py:507} INFO - Filling up the DagBag from /home/airflow/.local/lib/python3.7/site-packages/airflow/example_dags/example_trigger_target_dag.py
[2022-12-16 02:10:50,941] {processor.py:651} INFO - DAG(s) dict_keys(['example_trigger_target_dag']) retrieved from /home/airflow/.local/lib/python3.7/site-packages/airflow/example_dags/example_trigger_target_dag.py
[2022-12-16 02:10:50,975] {logging_mixin.py:115} INFO - [2022-12-16 02:10:50,975] {dag.py:2371} INFO - Sync 1 DAGs
[2022-12-16 02:10:50,995] {logging_mixin.py:115} INFO - [2022-12-16 02:10:50,995] {dag.py:2919} INFO - Setting next_dagrun for example_trigger_target_dag to None, run_after=None
[2022-12-16 02:10:51,007] {processor.py:161} INFO - Processing /home/airflow/.local/lib/python3.7/site-packages/airflow/example_dags/example_trigger_target_dag.py took 0.090 seconds
[2022-12-16 02:11:21,234] {processor.py:153} INFO - Started process (PID=1417) to work on /home/airflow/.local/lib/python3.7/site-packages/airflow/example_dags/example_trigger_target_dag.py
[2022-12-16 02:11:21,235] {processor.py:641} INFO - Processing file /home/airflow/.local/lib/python3.7/site-packages/airflow/example_dags/example_trigger_target_dag.py for tasks to queue
[2022-12-16 02:11:21,236] {logging_mixin.py:115} INFO - [2022-12-16 02:11:21,235] {dagbag.py:507} INFO - Filling up the DagBag from /home/airflow/.local/lib/python3.7/site-packages/airflow/example_dags/example_trigger_target_dag.py
[2022-12-16 02:11:21,259] {processor.py:651} INFO - DAG(s) dict_keys(['example_trigger_target_dag']) retrieved from /home/airflow/.local/lib/python3.7/site-packages/airflow/example_dags/example_trigger_target_dag.py
[2022-12-16 02:11:21,286] {logging_mixin.py:115} INFO - [2022-12-16 02:11:21,286] {dag.py:2371} INFO - Sync 1 DAGs
[2022-12-16 02:11:21,312] {logging_mixin.py:115} INFO - [2022-12-16 02:11:21,311] {dag.py:2919} INFO - Setting next_dagrun for example_trigger_target_dag to None, run_after=None
[2022-12-16 02:11:21,327] {processor.py:161} INFO - Processing /home/airflow/.local/lib/python3.7/site-packages/airflow/example_dags/example_trigger_target_dag.py took 0.098 seconds
[2022-12-16 02:11:51,630] {processor.py:153} INFO - Started process (PID=1470) to work on /home/airflow/.local/lib/python3.7/site-packages/airflow/example_dags/example_trigger_target_dag.py
[2022-12-16 02:11:51,631] {processor.py:641} INFO - Processing file /home/airflow/.local/lib/python3.7/site-packages/airflow/example_dags/example_trigger_target_dag.py for tasks to queue
[2022-12-16 02:11:51,632] {logging_mixin.py:115} INFO - [2022-12-16 02:11:51,631] {dagbag.py:507} INFO - Filling up the DagBag from /home/airflow/.local/lib/python3.7/site-packages/airflow/example_dags/example_trigger_target_dag.py
[2022-12-16 02:11:51,647] {processor.py:651} INFO - DAG(s) dict_keys(['example_trigger_target_dag']) retrieved from /home/airflow/.local/lib/python3.7/site-packages/airflow/example_dags/example_trigger_target_dag.py
[2022-12-16 02:11:51,672] {logging_mixin.py:115} INFO - [2022-12-16 02:11:51,672] {dag.py:2371} INFO - Sync 1 DAGs
[2022-12-16 02:11:51,693] {logging_mixin.py:115} INFO - [2022-12-16 02:11:51,693] {dag.py:2919} INFO - Setting next_dagrun for example_trigger_target_dag to None, run_after=None
[2022-12-16 02:11:51,707] {processor.py:161} INFO - Processing /home/airflow/.local/lib/python3.7/site-packages/airflow/example_dags/example_trigger_target_dag.py took 0.081 seconds
[2022-12-16 02:12:21,770] {processor.py:153} INFO - Started process (PID=1533) to work on /home/airflow/.local/lib/python3.7/site-packages/airflow/example_dags/example_trigger_target_dag.py
[2022-12-16 02:12:21,770] {processor.py:641} INFO - Processing file /home/airflow/.local/lib/python3.7/site-packages/airflow/example_dags/example_trigger_target_dag.py for tasks to queue
[2022-12-16 02:12:21,771] {logging_mixin.py:115} INFO - [2022-12-16 02:12:21,771] {dagbag.py:507} INFO - Filling up the DagBag from /home/airflow/.local/lib/python3.7/site-packages/airflow/example_dags/example_trigger_target_dag.py
[2022-12-16 02:12:21,790] {processor.py:651} INFO - DAG(s) dict_keys(['example_trigger_target_dag']) retrieved from /home/airflow/.local/lib/python3.7/site-packages/airflow/example_dags/example_trigger_target_dag.py
[2022-12-16 02:12:21,817] {logging_mixin.py:115} INFO - [2022-12-16 02:12:21,817] {dag.py:2371} INFO - Sync 1 DAGs
[2022-12-16 02:12:21,844] {logging_mixin.py:115} INFO - [2022-12-16 02:12:21,844] {dag.py:2919} INFO - Setting next_dagrun for example_trigger_target_dag to None, run_after=None
[2022-12-16 02:12:21,859] {processor.py:161} INFO - Processing /home/airflow/.local/lib/python3.7/site-packages/airflow/example_dags/example_trigger_target_dag.py took 0.093 seconds
[2022-12-16 02:12:52,010] {processor.py:153} INFO - Started process (PID=1594) to work on /home/airflow/.local/lib/python3.7/site-packages/airflow/example_dags/example_trigger_target_dag.py
[2022-12-16 02:12:52,011] {processor.py:641} INFO - Processing file /home/airflow/.local/lib/python3.7/site-packages/airflow/example_dags/example_trigger_target_dag.py for tasks to queue
[2022-12-16 02:12:52,011] {logging_mixin.py:115} INFO - [2022-12-16 02:12:52,011] {dagbag.py:507} INFO - Filling up the DagBag from /home/airflow/.local/lib/python3.7/site-packages/airflow/example_dags/example_trigger_target_dag.py
[2022-12-16 02:12:52,054] {processor.py:651} INFO - DAG(s) dict_keys(['example_trigger_target_dag']) retrieved from /home/airflow/.local/lib/python3.7/site-packages/airflow/example_dags/example_trigger_target_dag.py
[2022-12-16 02:12:52,085] {logging_mixin.py:115} INFO - [2022-12-16 02:12:52,085] {dag.py:2371} INFO - Sync 1 DAGs
[2022-12-16 02:12:52,117] {logging_mixin.py:115} INFO - [2022-12-16 02:12:52,117] {dag.py:2919} INFO - Setting next_dagrun for example_trigger_target_dag to None, run_after=None
[2022-12-16 02:12:52,136] {processor.py:161} INFO - Processing /home/airflow/.local/lib/python3.7/site-packages/airflow/example_dags/example_trigger_target_dag.py took 0.132 seconds
