[2022-12-16 01:50:22,819] {processor.py:153} INFO - Started process (PID=53) to work on /home/airflow/.local/lib/python3.7/site-packages/airflow/example_dags/example_kubernetes_executor.py
[2022-12-16 01:50:22,822] {processor.py:641} INFO - Processing file /home/airflow/.local/lib/python3.7/site-packages/airflow/example_dags/example_kubernetes_executor.py for tasks to queue
[2022-12-16 01:50:22,824] {logging_mixin.py:115} INFO - [2022-12-16 01:50:22,824] {dagbag.py:507} INFO - Filling up the DagBag from /home/airflow/.local/lib/python3.7/site-packages/airflow/example_dags/example_kubernetes_executor.py
[2022-12-16 01:50:22,890] {processor.py:651} INFO - DAG(s) dict_keys(['example_kubernetes_executor']) retrieved from /home/airflow/.local/lib/python3.7/site-packages/airflow/example_dags/example_kubernetes_executor.py
[2022-12-16 01:50:23,437] {logging_mixin.py:115} INFO - [2022-12-16 01:50:23,437] {manager.py:508} INFO - Created Permission View: can edit on DAG:example_kubernetes_executor
[2022-12-16 01:50:23,451] {logging_mixin.py:115} INFO - [2022-12-16 01:50:23,451] {manager.py:508} INFO - Created Permission View: can delete on DAG:example_kubernetes_executor
[2022-12-16 01:50:23,461] {logging_mixin.py:115} INFO - [2022-12-16 01:50:23,460] {manager.py:508} INFO - Created Permission View: can read on DAG:example_kubernetes_executor
[2022-12-16 01:50:23,461] {logging_mixin.py:115} INFO - [2022-12-16 01:50:23,461] {dag.py:2371} INFO - Sync 1 DAGs
[2022-12-16 01:50:23,473] {logging_mixin.py:115} INFO - [2022-12-16 01:50:23,473] {dag.py:2390} INFO - Creating ORM DAG for example_kubernetes_executor
[2022-12-16 01:50:23,487] {logging_mixin.py:115} INFO - [2022-12-16 01:50:23,487] {dag.py:2919} INFO - Setting next_dagrun for example_kubernetes_executor to None, run_after=None
[2022-12-16 01:50:23,503] {processor.py:161} INFO - Processing /home/airflow/.local/lib/python3.7/site-packages/airflow/example_dags/example_kubernetes_executor.py took 0.696 seconds
[2022-12-16 01:50:53,954] {processor.py:153} INFO - Started process (PID=115) to work on /home/airflow/.local/lib/python3.7/site-packages/airflow/example_dags/example_kubernetes_executor.py
[2022-12-16 01:50:53,955] {processor.py:641} INFO - Processing file /home/airflow/.local/lib/python3.7/site-packages/airflow/example_dags/example_kubernetes_executor.py for tasks to queue
[2022-12-16 01:50:53,956] {logging_mixin.py:115} INFO - [2022-12-16 01:50:53,956] {dagbag.py:507} INFO - Filling up the DagBag from /home/airflow/.local/lib/python3.7/site-packages/airflow/example_dags/example_kubernetes_executor.py
[2022-12-16 01:50:53,984] {processor.py:651} INFO - DAG(s) dict_keys(['example_kubernetes_executor']) retrieved from /home/airflow/.local/lib/python3.7/site-packages/airflow/example_dags/example_kubernetes_executor.py
[2022-12-16 01:50:54,262] {logging_mixin.py:115} INFO - [2022-12-16 01:50:54,262] {dag.py:2371} INFO - Sync 1 DAGs
[2022-12-16 01:50:54,284] {logging_mixin.py:115} INFO - [2022-12-16 01:50:54,284] {dag.py:2919} INFO - Setting next_dagrun for example_kubernetes_executor to None, run_after=None
[2022-12-16 01:50:54,297] {processor.py:161} INFO - Processing /home/airflow/.local/lib/python3.7/site-packages/airflow/example_dags/example_kubernetes_executor.py took 0.360 seconds
[2022-12-16 01:51:24,478] {processor.py:153} INFO - Started process (PID=167) to work on /home/airflow/.local/lib/python3.7/site-packages/airflow/example_dags/example_kubernetes_executor.py
[2022-12-16 01:51:24,479] {processor.py:641} INFO - Processing file /home/airflow/.local/lib/python3.7/site-packages/airflow/example_dags/example_kubernetes_executor.py for tasks to queue
[2022-12-16 01:51:24,480] {logging_mixin.py:115} INFO - [2022-12-16 01:51:24,480] {dagbag.py:507} INFO - Filling up the DagBag from /home/airflow/.local/lib/python3.7/site-packages/airflow/example_dags/example_kubernetes_executor.py
[2022-12-16 01:51:24,508] {processor.py:651} INFO - DAG(s) dict_keys(['example_kubernetes_executor']) retrieved from /home/airflow/.local/lib/python3.7/site-packages/airflow/example_dags/example_kubernetes_executor.py
[2022-12-16 01:51:24,681] {logging_mixin.py:115} INFO - [2022-12-16 01:51:24,681] {dag.py:2371} INFO - Sync 1 DAGs
[2022-12-16 01:51:24,699] {logging_mixin.py:115} INFO - [2022-12-16 01:51:24,699] {dag.py:2919} INFO - Setting next_dagrun for example_kubernetes_executor to None, run_after=None
[2022-12-16 01:51:24,713] {processor.py:161} INFO - Processing /home/airflow/.local/lib/python3.7/site-packages/airflow/example_dags/example_kubernetes_executor.py took 0.240 seconds
[2022-12-16 01:51:55,092] {processor.py:153} INFO - Started process (PID=229) to work on /home/airflow/.local/lib/python3.7/site-packages/airflow/example_dags/example_kubernetes_executor.py
[2022-12-16 01:51:55,093] {processor.py:641} INFO - Processing file /home/airflow/.local/lib/python3.7/site-packages/airflow/example_dags/example_kubernetes_executor.py for tasks to queue
[2022-12-16 01:51:55,094] {logging_mixin.py:115} INFO - [2022-12-16 01:51:55,094] {dagbag.py:507} INFO - Filling up the DagBag from /home/airflow/.local/lib/python3.7/site-packages/airflow/example_dags/example_kubernetes_executor.py
[2022-12-16 01:51:55,133] {processor.py:651} INFO - DAG(s) dict_keys(['example_kubernetes_executor']) retrieved from /home/airflow/.local/lib/python3.7/site-packages/airflow/example_dags/example_kubernetes_executor.py
[2022-12-16 01:51:55,329] {logging_mixin.py:115} INFO - [2022-12-16 01:51:55,329] {dag.py:2371} INFO - Sync 1 DAGs
[2022-12-16 01:51:55,353] {logging_mixin.py:115} INFO - [2022-12-16 01:51:55,353] {dag.py:2919} INFO - Setting next_dagrun for example_kubernetes_executor to None, run_after=None
[2022-12-16 01:51:55,369] {processor.py:161} INFO - Processing /home/airflow/.local/lib/python3.7/site-packages/airflow/example_dags/example_kubernetes_executor.py took 0.281 seconds
[2022-12-16 01:52:25,551] {processor.py:153} INFO - Started process (PID=291) to work on /home/airflow/.local/lib/python3.7/site-packages/airflow/example_dags/example_kubernetes_executor.py
[2022-12-16 01:52:25,553] {processor.py:641} INFO - Processing file /home/airflow/.local/lib/python3.7/site-packages/airflow/example_dags/example_kubernetes_executor.py for tasks to queue
[2022-12-16 01:52:25,554] {logging_mixin.py:115} INFO - [2022-12-16 01:52:25,554] {dagbag.py:507} INFO - Filling up the DagBag from /home/airflow/.local/lib/python3.7/site-packages/airflow/example_dags/example_kubernetes_executor.py
[2022-12-16 01:52:25,603] {processor.py:651} INFO - DAG(s) dict_keys(['example_kubernetes_executor']) retrieved from /home/airflow/.local/lib/python3.7/site-packages/airflow/example_dags/example_kubernetes_executor.py
[2022-12-16 01:52:25,893] {logging_mixin.py:115} INFO - [2022-12-16 01:52:25,893] {dag.py:2371} INFO - Sync 1 DAGs
[2022-12-16 01:52:25,945] {logging_mixin.py:115} INFO - [2022-12-16 01:52:25,943] {dag.py:2919} INFO - Setting next_dagrun for example_kubernetes_executor to None, run_after=None
[2022-12-16 01:52:26,083] {processor.py:161} INFO - Processing /home/airflow/.local/lib/python3.7/site-packages/airflow/example_dags/example_kubernetes_executor.py took 0.537 seconds
[2022-12-16 01:52:56,960] {processor.py:153} INFO - Started process (PID=343) to work on /home/airflow/.local/lib/python3.7/site-packages/airflow/example_dags/example_kubernetes_executor.py
[2022-12-16 01:52:56,961] {processor.py:641} INFO - Processing file /home/airflow/.local/lib/python3.7/site-packages/airflow/example_dags/example_kubernetes_executor.py for tasks to queue
[2022-12-16 01:52:56,963] {logging_mixin.py:115} INFO - [2022-12-16 01:52:56,962] {dagbag.py:507} INFO - Filling up the DagBag from /home/airflow/.local/lib/python3.7/site-packages/airflow/example_dags/example_kubernetes_executor.py
[2022-12-16 01:52:56,987] {processor.py:651} INFO - DAG(s) dict_keys(['example_kubernetes_executor']) retrieved from /home/airflow/.local/lib/python3.7/site-packages/airflow/example_dags/example_kubernetes_executor.py
[2022-12-16 01:52:57,169] {logging_mixin.py:115} INFO - [2022-12-16 01:52:57,169] {dag.py:2371} INFO - Sync 1 DAGs
[2022-12-16 01:52:57,188] {logging_mixin.py:115} INFO - [2022-12-16 01:52:57,188] {dag.py:2919} INFO - Setting next_dagrun for example_kubernetes_executor to None, run_after=None
[2022-12-16 01:52:57,204] {processor.py:161} INFO - Processing /home/airflow/.local/lib/python3.7/site-packages/airflow/example_dags/example_kubernetes_executor.py took 0.248 seconds
[2022-12-16 01:53:27,440] {processor.py:153} INFO - Started process (PID=403) to work on /home/airflow/.local/lib/python3.7/site-packages/airflow/example_dags/example_kubernetes_executor.py
[2022-12-16 01:53:27,441] {processor.py:641} INFO - Processing file /home/airflow/.local/lib/python3.7/site-packages/airflow/example_dags/example_kubernetes_executor.py for tasks to queue
[2022-12-16 01:53:27,442] {logging_mixin.py:115} INFO - [2022-12-16 01:53:27,442] {dagbag.py:507} INFO - Filling up the DagBag from /home/airflow/.local/lib/python3.7/site-packages/airflow/example_dags/example_kubernetes_executor.py
[2022-12-16 01:53:27,478] {processor.py:651} INFO - DAG(s) dict_keys(['example_kubernetes_executor']) retrieved from /home/airflow/.local/lib/python3.7/site-packages/airflow/example_dags/example_kubernetes_executor.py
[2022-12-16 01:53:27,772] {logging_mixin.py:115} INFO - [2022-12-16 01:53:27,772] {dag.py:2371} INFO - Sync 1 DAGs
[2022-12-16 01:53:27,806] {logging_mixin.py:115} INFO - [2022-12-16 01:53:27,806] {dag.py:2919} INFO - Setting next_dagrun for example_kubernetes_executor to None, run_after=None
[2022-12-16 01:53:27,837] {processor.py:161} INFO - Processing /home/airflow/.local/lib/python3.7/site-packages/airflow/example_dags/example_kubernetes_executor.py took 0.402 seconds
[2022-12-16 01:53:57,958] {processor.py:153} INFO - Started process (PID=464) to work on /home/airflow/.local/lib/python3.7/site-packages/airflow/example_dags/example_kubernetes_executor.py
[2022-12-16 01:53:57,959] {processor.py:641} INFO - Processing file /home/airflow/.local/lib/python3.7/site-packages/airflow/example_dags/example_kubernetes_executor.py for tasks to queue
[2022-12-16 01:53:57,960] {logging_mixin.py:115} INFO - [2022-12-16 01:53:57,960] {dagbag.py:507} INFO - Filling up the DagBag from /home/airflow/.local/lib/python3.7/site-packages/airflow/example_dags/example_kubernetes_executor.py
[2022-12-16 01:53:57,994] {processor.py:651} INFO - DAG(s) dict_keys(['example_kubernetes_executor']) retrieved from /home/airflow/.local/lib/python3.7/site-packages/airflow/example_dags/example_kubernetes_executor.py
[2022-12-16 01:53:58,624] {logging_mixin.py:115} INFO - [2022-12-16 01:53:58,623] {dag.py:2371} INFO - Sync 1 DAGs
[2022-12-16 01:53:58,689] {logging_mixin.py:115} INFO - [2022-12-16 01:53:58,689] {dag.py:2919} INFO - Setting next_dagrun for example_kubernetes_executor to None, run_after=None
[2022-12-16 01:53:58,718] {processor.py:161} INFO - Processing /home/airflow/.local/lib/python3.7/site-packages/airflow/example_dags/example_kubernetes_executor.py took 0.765 seconds
[2022-12-16 01:54:28,908] {processor.py:153} INFO - Started process (PID=516) to work on /home/airflow/.local/lib/python3.7/site-packages/airflow/example_dags/example_kubernetes_executor.py
[2022-12-16 01:54:28,909] {processor.py:641} INFO - Processing file /home/airflow/.local/lib/python3.7/site-packages/airflow/example_dags/example_kubernetes_executor.py for tasks to queue
[2022-12-16 01:54:28,910] {logging_mixin.py:115} INFO - [2022-12-16 01:54:28,910] {dagbag.py:507} INFO - Filling up the DagBag from /home/airflow/.local/lib/python3.7/site-packages/airflow/example_dags/example_kubernetes_executor.py
[2022-12-16 01:54:28,938] {processor.py:651} INFO - DAG(s) dict_keys(['example_kubernetes_executor']) retrieved from /home/airflow/.local/lib/python3.7/site-packages/airflow/example_dags/example_kubernetes_executor.py
[2022-12-16 01:54:29,200] {logging_mixin.py:115} INFO - [2022-12-16 01:54:29,200] {dag.py:2371} INFO - Sync 1 DAGs
[2022-12-16 01:54:29,239] {logging_mixin.py:115} INFO - [2022-12-16 01:54:29,239] {dag.py:2919} INFO - Setting next_dagrun for example_kubernetes_executor to None, run_after=None
[2022-12-16 01:54:29,251] {processor.py:161} INFO - Processing /home/airflow/.local/lib/python3.7/site-packages/airflow/example_dags/example_kubernetes_executor.py took 0.346 seconds
[2022-12-16 01:54:59,514] {processor.py:153} INFO - Started process (PID=577) to work on /home/airflow/.local/lib/python3.7/site-packages/airflow/example_dags/example_kubernetes_executor.py
[2022-12-16 01:54:59,515] {processor.py:641} INFO - Processing file /home/airflow/.local/lib/python3.7/site-packages/airflow/example_dags/example_kubernetes_executor.py for tasks to queue
[2022-12-16 01:54:59,518] {logging_mixin.py:115} INFO - [2022-12-16 01:54:59,517] {dagbag.py:507} INFO - Filling up the DagBag from /home/airflow/.local/lib/python3.7/site-packages/airflow/example_dags/example_kubernetes_executor.py
[2022-12-16 01:54:59,557] {processor.py:651} INFO - DAG(s) dict_keys(['example_kubernetes_executor']) retrieved from /home/airflow/.local/lib/python3.7/site-packages/airflow/example_dags/example_kubernetes_executor.py
[2022-12-16 01:54:59,734] {logging_mixin.py:115} INFO - [2022-12-16 01:54:59,734] {dag.py:2371} INFO - Sync 1 DAGs
[2022-12-16 01:54:59,754] {logging_mixin.py:115} INFO - [2022-12-16 01:54:59,754] {dag.py:2919} INFO - Setting next_dagrun for example_kubernetes_executor to None, run_after=None
[2022-12-16 01:54:59,776] {processor.py:161} INFO - Processing /home/airflow/.local/lib/python3.7/site-packages/airflow/example_dags/example_kubernetes_executor.py took 0.269 seconds
[2022-12-16 01:55:30,234] {processor.py:153} INFO - Started process (PID=639) to work on /home/airflow/.local/lib/python3.7/site-packages/airflow/example_dags/example_kubernetes_executor.py
[2022-12-16 01:55:30,236] {processor.py:641} INFO - Processing file /home/airflow/.local/lib/python3.7/site-packages/airflow/example_dags/example_kubernetes_executor.py for tasks to queue
[2022-12-16 01:55:30,237] {logging_mixin.py:115} INFO - [2022-12-16 01:55:30,237] {dagbag.py:507} INFO - Filling up the DagBag from /home/airflow/.local/lib/python3.7/site-packages/airflow/example_dags/example_kubernetes_executor.py
[2022-12-16 01:55:30,331] {processor.py:651} INFO - DAG(s) dict_keys(['example_kubernetes_executor']) retrieved from /home/airflow/.local/lib/python3.7/site-packages/airflow/example_dags/example_kubernetes_executor.py
[2022-12-16 01:55:30,594] {logging_mixin.py:115} INFO - [2022-12-16 01:55:30,593] {dag.py:2371} INFO - Sync 1 DAGs
[2022-12-16 01:55:30,613] {logging_mixin.py:115} INFO - [2022-12-16 01:55:30,613] {dag.py:2919} INFO - Setting next_dagrun for example_kubernetes_executor to None, run_after=None
[2022-12-16 01:55:30,626] {processor.py:161} INFO - Processing /home/airflow/.local/lib/python3.7/site-packages/airflow/example_dags/example_kubernetes_executor.py took 0.401 seconds
[2022-12-16 01:56:00,827] {processor.py:153} INFO - Started process (PID=691) to work on /home/airflow/.local/lib/python3.7/site-packages/airflow/example_dags/example_kubernetes_executor.py
[2022-12-16 01:56:00,828] {processor.py:641} INFO - Processing file /home/airflow/.local/lib/python3.7/site-packages/airflow/example_dags/example_kubernetes_executor.py for tasks to queue
[2022-12-16 01:56:00,829] {logging_mixin.py:115} INFO - [2022-12-16 01:56:00,829] {dagbag.py:507} INFO - Filling up the DagBag from /home/airflow/.local/lib/python3.7/site-packages/airflow/example_dags/example_kubernetes_executor.py
[2022-12-16 01:56:00,867] {processor.py:651} INFO - DAG(s) dict_keys(['example_kubernetes_executor']) retrieved from /home/airflow/.local/lib/python3.7/site-packages/airflow/example_dags/example_kubernetes_executor.py
[2022-12-16 01:56:01,050] {logging_mixin.py:115} INFO - [2022-12-16 01:56:01,049] {dag.py:2371} INFO - Sync 1 DAGs
[2022-12-16 01:56:01,069] {logging_mixin.py:115} INFO - [2022-12-16 01:56:01,069] {dag.py:2919} INFO - Setting next_dagrun for example_kubernetes_executor to None, run_after=None
[2022-12-16 01:56:01,085] {processor.py:161} INFO - Processing /home/airflow/.local/lib/python3.7/site-packages/airflow/example_dags/example_kubernetes_executor.py took 0.262 seconds
[2022-12-16 01:56:31,300] {processor.py:153} INFO - Started process (PID=753) to work on /home/airflow/.local/lib/python3.7/site-packages/airflow/example_dags/example_kubernetes_executor.py
[2022-12-16 01:56:31,301] {processor.py:641} INFO - Processing file /home/airflow/.local/lib/python3.7/site-packages/airflow/example_dags/example_kubernetes_executor.py for tasks to queue
[2022-12-16 01:56:31,302] {logging_mixin.py:115} INFO - [2022-12-16 01:56:31,301] {dagbag.py:507} INFO - Filling up the DagBag from /home/airflow/.local/lib/python3.7/site-packages/airflow/example_dags/example_kubernetes_executor.py
[2022-12-16 01:56:31,334] {processor.py:651} INFO - DAG(s) dict_keys(['example_kubernetes_executor']) retrieved from /home/airflow/.local/lib/python3.7/site-packages/airflow/example_dags/example_kubernetes_executor.py
[2022-12-16 01:56:31,552] {logging_mixin.py:115} INFO - [2022-12-16 01:56:31,552] {dag.py:2371} INFO - Sync 1 DAGs
[2022-12-16 01:56:31,586] {logging_mixin.py:115} INFO - [2022-12-16 01:56:31,585] {dag.py:2919} INFO - Setting next_dagrun for example_kubernetes_executor to None, run_after=None
[2022-12-16 01:56:31,597] {processor.py:161} INFO - Processing /home/airflow/.local/lib/python3.7/site-packages/airflow/example_dags/example_kubernetes_executor.py took 0.301 seconds
[2022-12-16 01:57:01,982] {processor.py:153} INFO - Started process (PID=815) to work on /home/airflow/.local/lib/python3.7/site-packages/airflow/example_dags/example_kubernetes_executor.py
[2022-12-16 01:57:01,982] {processor.py:641} INFO - Processing file /home/airflow/.local/lib/python3.7/site-packages/airflow/example_dags/example_kubernetes_executor.py for tasks to queue
[2022-12-16 01:57:01,984] {logging_mixin.py:115} INFO - [2022-12-16 01:57:01,983] {dagbag.py:507} INFO - Filling up the DagBag from /home/airflow/.local/lib/python3.7/site-packages/airflow/example_dags/example_kubernetes_executor.py
[2022-12-16 01:57:02,019] {processor.py:651} INFO - DAG(s) dict_keys(['example_kubernetes_executor']) retrieved from /home/airflow/.local/lib/python3.7/site-packages/airflow/example_dags/example_kubernetes_executor.py
[2022-12-16 01:57:02,186] {logging_mixin.py:115} INFO - [2022-12-16 01:57:02,186] {dag.py:2371} INFO - Sync 1 DAGs
[2022-12-16 01:57:02,203] {logging_mixin.py:115} INFO - [2022-12-16 01:57:02,203] {dag.py:2919} INFO - Setting next_dagrun for example_kubernetes_executor to None, run_after=None
[2022-12-16 01:57:02,217] {processor.py:161} INFO - Processing /home/airflow/.local/lib/python3.7/site-packages/airflow/example_dags/example_kubernetes_executor.py took 0.239 seconds
[2022-12-16 01:57:32,480] {processor.py:153} INFO - Started process (PID=868) to work on /home/airflow/.local/lib/python3.7/site-packages/airflow/example_dags/example_kubernetes_executor.py
[2022-12-16 01:57:32,481] {processor.py:641} INFO - Processing file /home/airflow/.local/lib/python3.7/site-packages/airflow/example_dags/example_kubernetes_executor.py for tasks to queue
[2022-12-16 01:57:32,483] {logging_mixin.py:115} INFO - [2022-12-16 01:57:32,483] {dagbag.py:507} INFO - Filling up the DagBag from /home/airflow/.local/lib/python3.7/site-packages/airflow/example_dags/example_kubernetes_executor.py
[2022-12-16 01:57:32,516] {processor.py:651} INFO - DAG(s) dict_keys(['example_kubernetes_executor']) retrieved from /home/airflow/.local/lib/python3.7/site-packages/airflow/example_dags/example_kubernetes_executor.py
[2022-12-16 01:57:32,734] {logging_mixin.py:115} INFO - [2022-12-16 01:57:32,734] {dag.py:2371} INFO - Sync 1 DAGs
[2022-12-16 01:57:32,756] {logging_mixin.py:115} INFO - [2022-12-16 01:57:32,756] {dag.py:2919} INFO - Setting next_dagrun for example_kubernetes_executor to None, run_after=None
[2022-12-16 01:57:32,769] {processor.py:161} INFO - Processing /home/airflow/.local/lib/python3.7/site-packages/airflow/example_dags/example_kubernetes_executor.py took 0.294 seconds
[2022-12-16 01:58:56,331] {processor.py:153} INFO - Started process (PID=54) to work on /home/airflow/.local/lib/python3.7/site-packages/airflow/example_dags/example_kubernetes_executor.py
[2022-12-16 01:58:56,344] {processor.py:641} INFO - Processing file /home/airflow/.local/lib/python3.7/site-packages/airflow/example_dags/example_kubernetes_executor.py for tasks to queue
[2022-12-16 01:58:56,351] {logging_mixin.py:115} INFO - [2022-12-16 01:58:56,351] {dagbag.py:507} INFO - Filling up the DagBag from /home/airflow/.local/lib/python3.7/site-packages/airflow/example_dags/example_kubernetes_executor.py
[2022-12-16 01:58:56,397] {processor.py:651} INFO - DAG(s) dict_keys(['example_kubernetes_executor']) retrieved from /home/airflow/.local/lib/python3.7/site-packages/airflow/example_dags/example_kubernetes_executor.py
[2022-12-16 01:58:56,486] {logging_mixin.py:115} INFO - [2022-12-16 01:58:56,486] {dag.py:2371} INFO - Sync 1 DAGs
[2022-12-16 01:58:56,579] {logging_mixin.py:115} INFO - [2022-12-16 01:58:56,579] {dag.py:2919} INFO - Setting next_dagrun for example_kubernetes_executor to None, run_after=None
[2022-12-16 01:58:56,715] {processor.py:161} INFO - Processing /home/airflow/.local/lib/python3.7/site-packages/airflow/example_dags/example_kubernetes_executor.py took 0.389 seconds
[2022-12-16 01:59:42,794] {processor.py:153} INFO - Started process (PID=45) to work on /home/airflow/.local/lib/python3.7/site-packages/airflow/example_dags/example_kubernetes_executor.py
[2022-12-16 01:59:42,798] {processor.py:641} INFO - Processing file /home/airflow/.local/lib/python3.7/site-packages/airflow/example_dags/example_kubernetes_executor.py for tasks to queue
[2022-12-16 01:59:42,799] {logging_mixin.py:115} INFO - [2022-12-16 01:59:42,799] {dagbag.py:507} INFO - Filling up the DagBag from /home/airflow/.local/lib/python3.7/site-packages/airflow/example_dags/example_kubernetes_executor.py
[2022-12-16 01:59:42,852] {processor.py:651} INFO - DAG(s) dict_keys(['example_kubernetes_executor']) retrieved from /home/airflow/.local/lib/python3.7/site-packages/airflow/example_dags/example_kubernetes_executor.py
[2022-12-16 01:59:42,922] {logging_mixin.py:115} INFO - [2022-12-16 01:59:42,922] {dag.py:2371} INFO - Sync 1 DAGs
[2022-12-16 01:59:42,975] {logging_mixin.py:115} INFO - [2022-12-16 01:59:42,975] {dag.py:2919} INFO - Setting next_dagrun for example_kubernetes_executor to None, run_after=None
[2022-12-16 01:59:43,001] {processor.py:161} INFO - Processing /home/airflow/.local/lib/python3.7/site-packages/airflow/example_dags/example_kubernetes_executor.py took 0.213 seconds
[2022-12-16 02:00:13,139] {processor.py:153} INFO - Started process (PID=108) to work on /home/airflow/.local/lib/python3.7/site-packages/airflow/example_dags/example_kubernetes_executor.py
[2022-12-16 02:00:13,140] {processor.py:641} INFO - Processing file /home/airflow/.local/lib/python3.7/site-packages/airflow/example_dags/example_kubernetes_executor.py for tasks to queue
[2022-12-16 02:00:13,141] {logging_mixin.py:115} INFO - [2022-12-16 02:00:13,141] {dagbag.py:507} INFO - Filling up the DagBag from /home/airflow/.local/lib/python3.7/site-packages/airflow/example_dags/example_kubernetes_executor.py
[2022-12-16 02:00:13,199] {processor.py:651} INFO - DAG(s) dict_keys(['example_kubernetes_executor']) retrieved from /home/airflow/.local/lib/python3.7/site-packages/airflow/example_dags/example_kubernetes_executor.py
[2022-12-16 02:00:13,287] {logging_mixin.py:115} INFO - [2022-12-16 02:00:13,287] {dag.py:2371} INFO - Sync 1 DAGs
[2022-12-16 02:00:13,332] {logging_mixin.py:115} INFO - [2022-12-16 02:00:13,331] {dag.py:2919} INFO - Setting next_dagrun for example_kubernetes_executor to None, run_after=None
[2022-12-16 02:00:13,359] {processor.py:161} INFO - Processing /home/airflow/.local/lib/python3.7/site-packages/airflow/example_dags/example_kubernetes_executor.py took 0.225 seconds
[2022-12-16 02:00:44,049] {processor.py:153} INFO - Started process (PID=170) to work on /home/airflow/.local/lib/python3.7/site-packages/airflow/example_dags/example_kubernetes_executor.py
[2022-12-16 02:00:44,051] {processor.py:641} INFO - Processing file /home/airflow/.local/lib/python3.7/site-packages/airflow/example_dags/example_kubernetes_executor.py for tasks to queue
[2022-12-16 02:00:44,052] {logging_mixin.py:115} INFO - [2022-12-16 02:00:44,052] {dagbag.py:507} INFO - Filling up the DagBag from /home/airflow/.local/lib/python3.7/site-packages/airflow/example_dags/example_kubernetes_executor.py
[2022-12-16 02:00:44,098] {processor.py:651} INFO - DAG(s) dict_keys(['example_kubernetes_executor']) retrieved from /home/airflow/.local/lib/python3.7/site-packages/airflow/example_dags/example_kubernetes_executor.py
[2022-12-16 02:00:44,139] {logging_mixin.py:115} INFO - [2022-12-16 02:00:44,139] {dag.py:2371} INFO - Sync 1 DAGs
[2022-12-16 02:00:44,165] {logging_mixin.py:115} INFO - [2022-12-16 02:00:44,165] {dag.py:2919} INFO - Setting next_dagrun for example_kubernetes_executor to None, run_after=None
[2022-12-16 02:00:44,189] {processor.py:161} INFO - Processing /home/airflow/.local/lib/python3.7/site-packages/airflow/example_dags/example_kubernetes_executor.py took 0.147 seconds
[2022-12-16 02:01:14,845] {processor.py:153} INFO - Started process (PID=223) to work on /home/airflow/.local/lib/python3.7/site-packages/airflow/example_dags/example_kubernetes_executor.py
[2022-12-16 02:01:14,847] {processor.py:641} INFO - Processing file /home/airflow/.local/lib/python3.7/site-packages/airflow/example_dags/example_kubernetes_executor.py for tasks to queue
[2022-12-16 02:01:14,849] {logging_mixin.py:115} INFO - [2022-12-16 02:01:14,848] {dagbag.py:507} INFO - Filling up the DagBag from /home/airflow/.local/lib/python3.7/site-packages/airflow/example_dags/example_kubernetes_executor.py
[2022-12-16 02:01:14,877] {processor.py:651} INFO - DAG(s) dict_keys(['example_kubernetes_executor']) retrieved from /home/airflow/.local/lib/python3.7/site-packages/airflow/example_dags/example_kubernetes_executor.py
[2022-12-16 02:01:14,908] {logging_mixin.py:115} INFO - [2022-12-16 02:01:14,908] {dag.py:2371} INFO - Sync 1 DAGs
[2022-12-16 02:01:14,940] {logging_mixin.py:115} INFO - [2022-12-16 02:01:14,940] {dag.py:2919} INFO - Setting next_dagrun for example_kubernetes_executor to None, run_after=None
[2022-12-16 02:01:14,960] {processor.py:161} INFO - Processing /home/airflow/.local/lib/python3.7/site-packages/airflow/example_dags/example_kubernetes_executor.py took 0.118 seconds
[2022-12-16 02:01:45,681] {processor.py:153} INFO - Started process (PID=285) to work on /home/airflow/.local/lib/python3.7/site-packages/airflow/example_dags/example_kubernetes_executor.py
[2022-12-16 02:01:45,682] {processor.py:641} INFO - Processing file /home/airflow/.local/lib/python3.7/site-packages/airflow/example_dags/example_kubernetes_executor.py for tasks to queue
[2022-12-16 02:01:45,682] {logging_mixin.py:115} INFO - [2022-12-16 02:01:45,682] {dagbag.py:507} INFO - Filling up the DagBag from /home/airflow/.local/lib/python3.7/site-packages/airflow/example_dags/example_kubernetes_executor.py
[2022-12-16 02:01:45,710] {processor.py:651} INFO - DAG(s) dict_keys(['example_kubernetes_executor']) retrieved from /home/airflow/.local/lib/python3.7/site-packages/airflow/example_dags/example_kubernetes_executor.py
[2022-12-16 02:01:45,738] {logging_mixin.py:115} INFO - [2022-12-16 02:01:45,738] {dag.py:2371} INFO - Sync 1 DAGs
[2022-12-16 02:01:45,760] {logging_mixin.py:115} INFO - [2022-12-16 02:01:45,760] {dag.py:2919} INFO - Setting next_dagrun for example_kubernetes_executor to None, run_after=None
[2022-12-16 02:01:45,773] {processor.py:161} INFO - Processing /home/airflow/.local/lib/python3.7/site-packages/airflow/example_dags/example_kubernetes_executor.py took 0.095 seconds
[2022-12-16 02:02:16,136] {processor.py:153} INFO - Started process (PID=347) to work on /home/airflow/.local/lib/python3.7/site-packages/airflow/example_dags/example_kubernetes_executor.py
[2022-12-16 02:02:16,137] {processor.py:641} INFO - Processing file /home/airflow/.local/lib/python3.7/site-packages/airflow/example_dags/example_kubernetes_executor.py for tasks to queue
[2022-12-16 02:02:16,138] {logging_mixin.py:115} INFO - [2022-12-16 02:02:16,138] {dagbag.py:507} INFO - Filling up the DagBag from /home/airflow/.local/lib/python3.7/site-packages/airflow/example_dags/example_kubernetes_executor.py
[2022-12-16 02:02:16,159] {processor.py:651} INFO - DAG(s) dict_keys(['example_kubernetes_executor']) retrieved from /home/airflow/.local/lib/python3.7/site-packages/airflow/example_dags/example_kubernetes_executor.py
[2022-12-16 02:02:16,190] {logging_mixin.py:115} INFO - [2022-12-16 02:02:16,190] {dag.py:2371} INFO - Sync 1 DAGs
[2022-12-16 02:02:16,220] {logging_mixin.py:115} INFO - [2022-12-16 02:02:16,220] {dag.py:2919} INFO - Setting next_dagrun for example_kubernetes_executor to None, run_after=None
[2022-12-16 02:02:16,233] {processor.py:161} INFO - Processing /home/airflow/.local/lib/python3.7/site-packages/airflow/example_dags/example_kubernetes_executor.py took 0.100 seconds
[2022-12-16 02:02:46,293] {processor.py:153} INFO - Started process (PID=409) to work on /home/airflow/.local/lib/python3.7/site-packages/airflow/example_dags/example_kubernetes_executor.py
[2022-12-16 02:02:46,294] {processor.py:641} INFO - Processing file /home/airflow/.local/lib/python3.7/site-packages/airflow/example_dags/example_kubernetes_executor.py for tasks to queue
[2022-12-16 02:02:46,294] {logging_mixin.py:115} INFO - [2022-12-16 02:02:46,294] {dagbag.py:507} INFO - Filling up the DagBag from /home/airflow/.local/lib/python3.7/site-packages/airflow/example_dags/example_kubernetes_executor.py
[2022-12-16 02:02:46,318] {processor.py:651} INFO - DAG(s) dict_keys(['example_kubernetes_executor']) retrieved from /home/airflow/.local/lib/python3.7/site-packages/airflow/example_dags/example_kubernetes_executor.py
[2022-12-16 02:02:46,347] {logging_mixin.py:115} INFO - [2022-12-16 02:02:46,347] {dag.py:2371} INFO - Sync 1 DAGs
[2022-12-16 02:02:46,381] {logging_mixin.py:115} INFO - [2022-12-16 02:02:46,381] {dag.py:2919} INFO - Setting next_dagrun for example_kubernetes_executor to None, run_after=None
[2022-12-16 02:02:46,398] {processor.py:161} INFO - Processing /home/airflow/.local/lib/python3.7/site-packages/airflow/example_dags/example_kubernetes_executor.py took 0.109 seconds
[2022-12-16 02:03:16,816] {processor.py:153} INFO - Started process (PID=462) to work on /home/airflow/.local/lib/python3.7/site-packages/airflow/example_dags/example_kubernetes_executor.py
[2022-12-16 02:03:16,818] {processor.py:641} INFO - Processing file /home/airflow/.local/lib/python3.7/site-packages/airflow/example_dags/example_kubernetes_executor.py for tasks to queue
[2022-12-16 02:03:16,820] {logging_mixin.py:115} INFO - [2022-12-16 02:03:16,820] {dagbag.py:507} INFO - Filling up the DagBag from /home/airflow/.local/lib/python3.7/site-packages/airflow/example_dags/example_kubernetes_executor.py
[2022-12-16 02:03:16,852] {processor.py:651} INFO - DAG(s) dict_keys(['example_kubernetes_executor']) retrieved from /home/airflow/.local/lib/python3.7/site-packages/airflow/example_dags/example_kubernetes_executor.py
[2022-12-16 02:03:16,882] {logging_mixin.py:115} INFO - [2022-12-16 02:03:16,882] {dag.py:2371} INFO - Sync 1 DAGs
[2022-12-16 02:03:16,903] {logging_mixin.py:115} INFO - [2022-12-16 02:03:16,902] {dag.py:2919} INFO - Setting next_dagrun for example_kubernetes_executor to None, run_after=None
[2022-12-16 02:03:16,919] {processor.py:161} INFO - Processing /home/airflow/.local/lib/python3.7/site-packages/airflow/example_dags/example_kubernetes_executor.py took 0.107 seconds
[2022-12-16 02:03:47,598] {processor.py:153} INFO - Started process (PID=525) to work on /home/airflow/.local/lib/python3.7/site-packages/airflow/example_dags/example_kubernetes_executor.py
[2022-12-16 02:03:47,599] {processor.py:641} INFO - Processing file /home/airflow/.local/lib/python3.7/site-packages/airflow/example_dags/example_kubernetes_executor.py for tasks to queue
[2022-12-16 02:03:47,599] {logging_mixin.py:115} INFO - [2022-12-16 02:03:47,599] {dagbag.py:507} INFO - Filling up the DagBag from /home/airflow/.local/lib/python3.7/site-packages/airflow/example_dags/example_kubernetes_executor.py
[2022-12-16 02:03:47,629] {processor.py:651} INFO - DAG(s) dict_keys(['example_kubernetes_executor']) retrieved from /home/airflow/.local/lib/python3.7/site-packages/airflow/example_dags/example_kubernetes_executor.py
[2022-12-16 02:03:47,661] {logging_mixin.py:115} INFO - [2022-12-16 02:03:47,661] {dag.py:2371} INFO - Sync 1 DAGs
[2022-12-16 02:03:47,691] {logging_mixin.py:115} INFO - [2022-12-16 02:03:47,691] {dag.py:2919} INFO - Setting next_dagrun for example_kubernetes_executor to None, run_after=None
[2022-12-16 02:03:47,708] {processor.py:161} INFO - Processing /home/airflow/.local/lib/python3.7/site-packages/airflow/example_dags/example_kubernetes_executor.py took 0.115 seconds
[2022-12-16 02:04:18,038] {processor.py:153} INFO - Started process (PID=586) to work on /home/airflow/.local/lib/python3.7/site-packages/airflow/example_dags/example_kubernetes_executor.py
[2022-12-16 02:04:18,039] {processor.py:641} INFO - Processing file /home/airflow/.local/lib/python3.7/site-packages/airflow/example_dags/example_kubernetes_executor.py for tasks to queue
[2022-12-16 02:04:18,040] {logging_mixin.py:115} INFO - [2022-12-16 02:04:18,039] {dagbag.py:507} INFO - Filling up the DagBag from /home/airflow/.local/lib/python3.7/site-packages/airflow/example_dags/example_kubernetes_executor.py
[2022-12-16 02:04:18,063] {processor.py:651} INFO - DAG(s) dict_keys(['example_kubernetes_executor']) retrieved from /home/airflow/.local/lib/python3.7/site-packages/airflow/example_dags/example_kubernetes_executor.py
[2022-12-16 02:04:18,090] {logging_mixin.py:115} INFO - [2022-12-16 02:04:18,089] {dag.py:2371} INFO - Sync 1 DAGs
[2022-12-16 02:04:18,110] {logging_mixin.py:115} INFO - [2022-12-16 02:04:18,110] {dag.py:2919} INFO - Setting next_dagrun for example_kubernetes_executor to None, run_after=None
[2022-12-16 02:04:18,121] {processor.py:161} INFO - Processing /home/airflow/.local/lib/python3.7/site-packages/airflow/example_dags/example_kubernetes_executor.py took 0.087 seconds
[2022-12-16 02:04:48,535] {processor.py:153} INFO - Started process (PID=648) to work on /home/airflow/.local/lib/python3.7/site-packages/airflow/example_dags/example_kubernetes_executor.py
[2022-12-16 02:04:48,536] {processor.py:641} INFO - Processing file /home/airflow/.local/lib/python3.7/site-packages/airflow/example_dags/example_kubernetes_executor.py for tasks to queue
[2022-12-16 02:04:48,537] {logging_mixin.py:115} INFO - [2022-12-16 02:04:48,537] {dagbag.py:507} INFO - Filling up the DagBag from /home/airflow/.local/lib/python3.7/site-packages/airflow/example_dags/example_kubernetes_executor.py
[2022-12-16 02:04:48,573] {processor.py:651} INFO - DAG(s) dict_keys(['example_kubernetes_executor']) retrieved from /home/airflow/.local/lib/python3.7/site-packages/airflow/example_dags/example_kubernetes_executor.py
[2022-12-16 02:04:48,608] {logging_mixin.py:115} INFO - [2022-12-16 02:04:48,608] {dag.py:2371} INFO - Sync 1 DAGs
[2022-12-16 02:04:48,630] {logging_mixin.py:115} INFO - [2022-12-16 02:04:48,630] {dag.py:2919} INFO - Setting next_dagrun for example_kubernetes_executor to None, run_after=None
[2022-12-16 02:04:48,643] {processor.py:161} INFO - Processing /home/airflow/.local/lib/python3.7/site-packages/airflow/example_dags/example_kubernetes_executor.py took 0.122 seconds
[2022-12-16 02:05:19,506] {processor.py:153} INFO - Started process (PID=703) to work on /home/airflow/.local/lib/python3.7/site-packages/airflow/example_dags/example_kubernetes_executor.py
[2022-12-16 02:05:19,507] {processor.py:641} INFO - Processing file /home/airflow/.local/lib/python3.7/site-packages/airflow/example_dags/example_kubernetes_executor.py for tasks to queue
[2022-12-16 02:05:19,508] {logging_mixin.py:115} INFO - [2022-12-16 02:05:19,508] {dagbag.py:507} INFO - Filling up the DagBag from /home/airflow/.local/lib/python3.7/site-packages/airflow/example_dags/example_kubernetes_executor.py
[2022-12-16 02:05:19,555] {processor.py:651} INFO - DAG(s) dict_keys(['example_kubernetes_executor']) retrieved from /home/airflow/.local/lib/python3.7/site-packages/airflow/example_dags/example_kubernetes_executor.py
[2022-12-16 02:05:19,601] {logging_mixin.py:115} INFO - [2022-12-16 02:05:19,600] {dag.py:2371} INFO - Sync 1 DAGs
[2022-12-16 02:05:19,629] {logging_mixin.py:115} INFO - [2022-12-16 02:05:19,629] {dag.py:2919} INFO - Setting next_dagrun for example_kubernetes_executor to None, run_after=None
[2022-12-16 02:05:19,656] {processor.py:161} INFO - Processing /home/airflow/.local/lib/python3.7/site-packages/airflow/example_dags/example_kubernetes_executor.py took 0.156 seconds
[2022-12-16 02:05:49,718] {processor.py:153} INFO - Started process (PID=764) to work on /home/airflow/.local/lib/python3.7/site-packages/airflow/example_dags/example_kubernetes_executor.py
[2022-12-16 02:05:49,719] {processor.py:641} INFO - Processing file /home/airflow/.local/lib/python3.7/site-packages/airflow/example_dags/example_kubernetes_executor.py for tasks to queue
[2022-12-16 02:05:49,720] {logging_mixin.py:115} INFO - [2022-12-16 02:05:49,720] {dagbag.py:507} INFO - Filling up the DagBag from /home/airflow/.local/lib/python3.7/site-packages/airflow/example_dags/example_kubernetes_executor.py
[2022-12-16 02:05:49,740] {processor.py:651} INFO - DAG(s) dict_keys(['example_kubernetes_executor']) retrieved from /home/airflow/.local/lib/python3.7/site-packages/airflow/example_dags/example_kubernetes_executor.py
[2022-12-16 02:05:49,768] {logging_mixin.py:115} INFO - [2022-12-16 02:05:49,768] {dag.py:2371} INFO - Sync 1 DAGs
[2022-12-16 02:05:49,794] {logging_mixin.py:115} INFO - [2022-12-16 02:05:49,794] {dag.py:2919} INFO - Setting next_dagrun for example_kubernetes_executor to None, run_after=None
[2022-12-16 02:05:49,809] {processor.py:161} INFO - Processing /home/airflow/.local/lib/python3.7/site-packages/airflow/example_dags/example_kubernetes_executor.py took 0.095 seconds
[2022-12-16 02:06:20,776] {processor.py:153} INFO - Started process (PID=827) to work on /home/airflow/.local/lib/python3.7/site-packages/airflow/example_dags/example_kubernetes_executor.py
[2022-12-16 02:06:20,776] {processor.py:641} INFO - Processing file /home/airflow/.local/lib/python3.7/site-packages/airflow/example_dags/example_kubernetes_executor.py for tasks to queue
[2022-12-16 02:06:20,777] {logging_mixin.py:115} INFO - [2022-12-16 02:06:20,777] {dagbag.py:507} INFO - Filling up the DagBag from /home/airflow/.local/lib/python3.7/site-packages/airflow/example_dags/example_kubernetes_executor.py
[2022-12-16 02:06:20,802] {processor.py:651} INFO - DAG(s) dict_keys(['example_kubernetes_executor']) retrieved from /home/airflow/.local/lib/python3.7/site-packages/airflow/example_dags/example_kubernetes_executor.py
[2022-12-16 02:06:20,841] {logging_mixin.py:115} INFO - [2022-12-16 02:06:20,841] {dag.py:2371} INFO - Sync 1 DAGs
[2022-12-16 02:06:20,876] {logging_mixin.py:115} INFO - [2022-12-16 02:06:20,876] {dag.py:2919} INFO - Setting next_dagrun for example_kubernetes_executor to None, run_after=None
[2022-12-16 02:06:20,892] {processor.py:161} INFO - Processing /home/airflow/.local/lib/python3.7/site-packages/airflow/example_dags/example_kubernetes_executor.py took 0.119 seconds
[2022-12-16 02:06:51,183] {processor.py:153} INFO - Started process (PID=882) to work on /home/airflow/.local/lib/python3.7/site-packages/airflow/example_dags/example_kubernetes_executor.py
[2022-12-16 02:06:51,183] {processor.py:641} INFO - Processing file /home/airflow/.local/lib/python3.7/site-packages/airflow/example_dags/example_kubernetes_executor.py for tasks to queue
[2022-12-16 02:06:51,184] {logging_mixin.py:115} INFO - [2022-12-16 02:06:51,184] {dagbag.py:507} INFO - Filling up the DagBag from /home/airflow/.local/lib/python3.7/site-packages/airflow/example_dags/example_kubernetes_executor.py
[2022-12-16 02:06:51,210] {processor.py:651} INFO - DAG(s) dict_keys(['example_kubernetes_executor']) retrieved from /home/airflow/.local/lib/python3.7/site-packages/airflow/example_dags/example_kubernetes_executor.py
[2022-12-16 02:06:51,239] {logging_mixin.py:115} INFO - [2022-12-16 02:06:51,239] {dag.py:2371} INFO - Sync 1 DAGs
[2022-12-16 02:06:51,260] {logging_mixin.py:115} INFO - [2022-12-16 02:06:51,260] {dag.py:2919} INFO - Setting next_dagrun for example_kubernetes_executor to None, run_after=None
[2022-12-16 02:06:51,274] {processor.py:161} INFO - Processing /home/airflow/.local/lib/python3.7/site-packages/airflow/example_dags/example_kubernetes_executor.py took 0.095 seconds
[2022-12-16 02:07:21,656] {processor.py:153} INFO - Started process (PID=945) to work on /home/airflow/.local/lib/python3.7/site-packages/airflow/example_dags/example_kubernetes_executor.py
[2022-12-16 02:07:21,656] {processor.py:641} INFO - Processing file /home/airflow/.local/lib/python3.7/site-packages/airflow/example_dags/example_kubernetes_executor.py for tasks to queue
[2022-12-16 02:07:21,657] {logging_mixin.py:115} INFO - [2022-12-16 02:07:21,657] {dagbag.py:507} INFO - Filling up the DagBag from /home/airflow/.local/lib/python3.7/site-packages/airflow/example_dags/example_kubernetes_executor.py
[2022-12-16 02:07:21,682] {processor.py:651} INFO - DAG(s) dict_keys(['example_kubernetes_executor']) retrieved from /home/airflow/.local/lib/python3.7/site-packages/airflow/example_dags/example_kubernetes_executor.py
[2022-12-16 02:07:21,705] {logging_mixin.py:115} INFO - [2022-12-16 02:07:21,705] {dag.py:2371} INFO - Sync 1 DAGs
[2022-12-16 02:07:21,723] {logging_mixin.py:115} INFO - [2022-12-16 02:07:21,723] {dag.py:2919} INFO - Setting next_dagrun for example_kubernetes_executor to None, run_after=None
[2022-12-16 02:07:21,736] {processor.py:161} INFO - Processing /home/airflow/.local/lib/python3.7/site-packages/airflow/example_dags/example_kubernetes_executor.py took 0.084 seconds
[2022-12-16 02:07:52,689] {processor.py:153} INFO - Started process (PID=1008) to work on /home/airflow/.local/lib/python3.7/site-packages/airflow/example_dags/example_kubernetes_executor.py
[2022-12-16 02:07:52,690] {processor.py:641} INFO - Processing file /home/airflow/.local/lib/python3.7/site-packages/airflow/example_dags/example_kubernetes_executor.py for tasks to queue
[2022-12-16 02:07:52,691] {logging_mixin.py:115} INFO - [2022-12-16 02:07:52,690] {dagbag.py:507} INFO - Filling up the DagBag from /home/airflow/.local/lib/python3.7/site-packages/airflow/example_dags/example_kubernetes_executor.py
[2022-12-16 02:07:52,711] {processor.py:651} INFO - DAG(s) dict_keys(['example_kubernetes_executor']) retrieved from /home/airflow/.local/lib/python3.7/site-packages/airflow/example_dags/example_kubernetes_executor.py
[2022-12-16 02:07:52,737] {logging_mixin.py:115} INFO - [2022-12-16 02:07:52,737] {dag.py:2371} INFO - Sync 1 DAGs
[2022-12-16 02:07:52,760] {logging_mixin.py:115} INFO - [2022-12-16 02:07:52,760] {dag.py:2919} INFO - Setting next_dagrun for example_kubernetes_executor to None, run_after=None
[2022-12-16 02:07:52,773] {processor.py:161} INFO - Processing /home/airflow/.local/lib/python3.7/site-packages/airflow/example_dags/example_kubernetes_executor.py took 0.087 seconds
[2022-12-16 02:08:23,283] {processor.py:153} INFO - Started process (PID=1070) to work on /home/airflow/.local/lib/python3.7/site-packages/airflow/example_dags/example_kubernetes_executor.py
[2022-12-16 02:08:23,286] {processor.py:641} INFO - Processing file /home/airflow/.local/lib/python3.7/site-packages/airflow/example_dags/example_kubernetes_executor.py for tasks to queue
[2022-12-16 02:08:23,288] {logging_mixin.py:115} INFO - [2022-12-16 02:08:23,288] {dagbag.py:507} INFO - Filling up the DagBag from /home/airflow/.local/lib/python3.7/site-packages/airflow/example_dags/example_kubernetes_executor.py
[2022-12-16 02:08:23,340] {processor.py:651} INFO - DAG(s) dict_keys(['example_kubernetes_executor']) retrieved from /home/airflow/.local/lib/python3.7/site-packages/airflow/example_dags/example_kubernetes_executor.py
[2022-12-16 02:08:23,388] {logging_mixin.py:115} INFO - [2022-12-16 02:08:23,388] {dag.py:2371} INFO - Sync 1 DAGs
[2022-12-16 02:08:23,442] {logging_mixin.py:115} INFO - [2022-12-16 02:08:23,441] {dag.py:2919} INFO - Setting next_dagrun for example_kubernetes_executor to None, run_after=None
[2022-12-16 02:08:23,465] {processor.py:161} INFO - Processing /home/airflow/.local/lib/python3.7/site-packages/airflow/example_dags/example_kubernetes_executor.py took 0.194 seconds
[2022-12-16 02:08:54,012] {processor.py:153} INFO - Started process (PID=1122) to work on /home/airflow/.local/lib/python3.7/site-packages/airflow/example_dags/example_kubernetes_executor.py
[2022-12-16 02:08:54,013] {processor.py:641} INFO - Processing file /home/airflow/.local/lib/python3.7/site-packages/airflow/example_dags/example_kubernetes_executor.py for tasks to queue
[2022-12-16 02:08:54,014] {logging_mixin.py:115} INFO - [2022-12-16 02:08:54,014] {dagbag.py:507} INFO - Filling up the DagBag from /home/airflow/.local/lib/python3.7/site-packages/airflow/example_dags/example_kubernetes_executor.py
[2022-12-16 02:08:54,044] {processor.py:651} INFO - DAG(s) dict_keys(['example_kubernetes_executor']) retrieved from /home/airflow/.local/lib/python3.7/site-packages/airflow/example_dags/example_kubernetes_executor.py
[2022-12-16 02:08:54,081] {logging_mixin.py:115} INFO - [2022-12-16 02:08:54,081] {dag.py:2371} INFO - Sync 1 DAGs
[2022-12-16 02:08:54,115] {logging_mixin.py:115} INFO - [2022-12-16 02:08:54,115] {dag.py:2919} INFO - Setting next_dagrun for example_kubernetes_executor to None, run_after=None
[2022-12-16 02:08:54,146] {processor.py:161} INFO - Processing /home/airflow/.local/lib/python3.7/site-packages/airflow/example_dags/example_kubernetes_executor.py took 0.138 seconds
[2022-12-16 02:09:24,390] {processor.py:153} INFO - Started process (PID=1186) to work on /home/airflow/.local/lib/python3.7/site-packages/airflow/example_dags/example_kubernetes_executor.py
[2022-12-16 02:09:24,391] {processor.py:641} INFO - Processing file /home/airflow/.local/lib/python3.7/site-packages/airflow/example_dags/example_kubernetes_executor.py for tasks to queue
[2022-12-16 02:09:24,392] {logging_mixin.py:115} INFO - [2022-12-16 02:09:24,392] {dagbag.py:507} INFO - Filling up the DagBag from /home/airflow/.local/lib/python3.7/site-packages/airflow/example_dags/example_kubernetes_executor.py
[2022-12-16 02:09:24,413] {processor.py:651} INFO - DAG(s) dict_keys(['example_kubernetes_executor']) retrieved from /home/airflow/.local/lib/python3.7/site-packages/airflow/example_dags/example_kubernetes_executor.py
[2022-12-16 02:09:24,440] {logging_mixin.py:115} INFO - [2022-12-16 02:09:24,440] {dag.py:2371} INFO - Sync 1 DAGs
[2022-12-16 02:09:24,459] {logging_mixin.py:115} INFO - [2022-12-16 02:09:24,459] {dag.py:2919} INFO - Setting next_dagrun for example_kubernetes_executor to None, run_after=None
[2022-12-16 02:09:24,470] {processor.py:161} INFO - Processing /home/airflow/.local/lib/python3.7/site-packages/airflow/example_dags/example_kubernetes_executor.py took 0.084 seconds
[2022-12-16 02:09:54,835] {processor.py:153} INFO - Started process (PID=1248) to work on /home/airflow/.local/lib/python3.7/site-packages/airflow/example_dags/example_kubernetes_executor.py
[2022-12-16 02:09:54,836] {processor.py:641} INFO - Processing file /home/airflow/.local/lib/python3.7/site-packages/airflow/example_dags/example_kubernetes_executor.py for tasks to queue
[2022-12-16 02:09:54,837] {logging_mixin.py:115} INFO - [2022-12-16 02:09:54,836] {dagbag.py:507} INFO - Filling up the DagBag from /home/airflow/.local/lib/python3.7/site-packages/airflow/example_dags/example_kubernetes_executor.py
[2022-12-16 02:09:54,858] {processor.py:651} INFO - DAG(s) dict_keys(['example_kubernetes_executor']) retrieved from /home/airflow/.local/lib/python3.7/site-packages/airflow/example_dags/example_kubernetes_executor.py
[2022-12-16 02:09:54,882] {logging_mixin.py:115} INFO - [2022-12-16 02:09:54,882] {dag.py:2371} INFO - Sync 1 DAGs
[2022-12-16 02:09:54,903] {logging_mixin.py:115} INFO - [2022-12-16 02:09:54,903] {dag.py:2919} INFO - Setting next_dagrun for example_kubernetes_executor to None, run_after=None
[2022-12-16 02:09:54,917] {processor.py:161} INFO - Processing /home/airflow/.local/lib/python3.7/site-packages/airflow/example_dags/example_kubernetes_executor.py took 0.085 seconds
[2022-12-16 02:10:25,025] {processor.py:153} INFO - Started process (PID=1309) to work on /home/airflow/.local/lib/python3.7/site-packages/airflow/example_dags/example_kubernetes_executor.py
[2022-12-16 02:10:25,028] {processor.py:641} INFO - Processing file /home/airflow/.local/lib/python3.7/site-packages/airflow/example_dags/example_kubernetes_executor.py for tasks to queue
[2022-12-16 02:10:25,029] {logging_mixin.py:115} INFO - [2022-12-16 02:10:25,029] {dagbag.py:507} INFO - Filling up the DagBag from /home/airflow/.local/lib/python3.7/site-packages/airflow/example_dags/example_kubernetes_executor.py
[2022-12-16 02:10:25,067] {processor.py:651} INFO - DAG(s) dict_keys(['example_kubernetes_executor']) retrieved from /home/airflow/.local/lib/python3.7/site-packages/airflow/example_dags/example_kubernetes_executor.py
[2022-12-16 02:10:25,101] {logging_mixin.py:115} INFO - [2022-12-16 02:10:25,100] {dag.py:2371} INFO - Sync 1 DAGs
[2022-12-16 02:10:25,162] {logging_mixin.py:115} INFO - [2022-12-16 02:10:25,162] {dag.py:2919} INFO - Setting next_dagrun for example_kubernetes_executor to None, run_after=None
[2022-12-16 02:10:25,191] {processor.py:161} INFO - Processing /home/airflow/.local/lib/python3.7/site-packages/airflow/example_dags/example_kubernetes_executor.py took 0.171 seconds
[2022-12-16 02:10:55,490] {processor.py:153} INFO - Started process (PID=1362) to work on /home/airflow/.local/lib/python3.7/site-packages/airflow/example_dags/example_kubernetes_executor.py
[2022-12-16 02:10:55,491] {processor.py:641} INFO - Processing file /home/airflow/.local/lib/python3.7/site-packages/airflow/example_dags/example_kubernetes_executor.py for tasks to queue
[2022-12-16 02:10:55,493] {logging_mixin.py:115} INFO - [2022-12-16 02:10:55,492] {dagbag.py:507} INFO - Filling up the DagBag from /home/airflow/.local/lib/python3.7/site-packages/airflow/example_dags/example_kubernetes_executor.py
[2022-12-16 02:10:55,516] {processor.py:651} INFO - DAG(s) dict_keys(['example_kubernetes_executor']) retrieved from /home/airflow/.local/lib/python3.7/site-packages/airflow/example_dags/example_kubernetes_executor.py
[2022-12-16 02:10:55,546] {logging_mixin.py:115} INFO - [2022-12-16 02:10:55,546] {dag.py:2371} INFO - Sync 1 DAGs
[2022-12-16 02:10:55,569] {logging_mixin.py:115} INFO - [2022-12-16 02:10:55,569] {dag.py:2919} INFO - Setting next_dagrun for example_kubernetes_executor to None, run_after=None
[2022-12-16 02:10:55,584] {processor.py:161} INFO - Processing /home/airflow/.local/lib/python3.7/site-packages/airflow/example_dags/example_kubernetes_executor.py took 0.097 seconds
[2022-12-16 02:11:25,895] {processor.py:153} INFO - Started process (PID=1424) to work on /home/airflow/.local/lib/python3.7/site-packages/airflow/example_dags/example_kubernetes_executor.py
[2022-12-16 02:11:25,896] {processor.py:641} INFO - Processing file /home/airflow/.local/lib/python3.7/site-packages/airflow/example_dags/example_kubernetes_executor.py for tasks to queue
[2022-12-16 02:11:25,897] {logging_mixin.py:115} INFO - [2022-12-16 02:11:25,897] {dagbag.py:507} INFO - Filling up the DagBag from /home/airflow/.local/lib/python3.7/site-packages/airflow/example_dags/example_kubernetes_executor.py
[2022-12-16 02:11:25,922] {processor.py:651} INFO - DAG(s) dict_keys(['example_kubernetes_executor']) retrieved from /home/airflow/.local/lib/python3.7/site-packages/airflow/example_dags/example_kubernetes_executor.py
[2022-12-16 02:11:25,949] {logging_mixin.py:115} INFO - [2022-12-16 02:11:25,949] {dag.py:2371} INFO - Sync 1 DAGs
[2022-12-16 02:11:25,972] {logging_mixin.py:115} INFO - [2022-12-16 02:11:25,972] {dag.py:2919} INFO - Setting next_dagrun for example_kubernetes_executor to None, run_after=None
[2022-12-16 02:11:25,988] {processor.py:161} INFO - Processing /home/airflow/.local/lib/python3.7/site-packages/airflow/example_dags/example_kubernetes_executor.py took 0.096 seconds
[2022-12-16 02:11:56,036] {processor.py:153} INFO - Started process (PID=1486) to work on /home/airflow/.local/lib/python3.7/site-packages/airflow/example_dags/example_kubernetes_executor.py
[2022-12-16 02:11:56,036] {processor.py:641} INFO - Processing file /home/airflow/.local/lib/python3.7/site-packages/airflow/example_dags/example_kubernetes_executor.py for tasks to queue
[2022-12-16 02:11:56,037] {logging_mixin.py:115} INFO - [2022-12-16 02:11:56,037] {dagbag.py:507} INFO - Filling up the DagBag from /home/airflow/.local/lib/python3.7/site-packages/airflow/example_dags/example_kubernetes_executor.py
[2022-12-16 02:11:56,058] {processor.py:651} INFO - DAG(s) dict_keys(['example_kubernetes_executor']) retrieved from /home/airflow/.local/lib/python3.7/site-packages/airflow/example_dags/example_kubernetes_executor.py
[2022-12-16 02:11:56,084] {logging_mixin.py:115} INFO - [2022-12-16 02:11:56,084] {dag.py:2371} INFO - Sync 1 DAGs
[2022-12-16 02:11:56,103] {logging_mixin.py:115} INFO - [2022-12-16 02:11:56,103] {dag.py:2919} INFO - Setting next_dagrun for example_kubernetes_executor to None, run_after=None
[2022-12-16 02:11:56,116] {processor.py:161} INFO - Processing /home/airflow/.local/lib/python3.7/site-packages/airflow/example_dags/example_kubernetes_executor.py took 0.083 seconds
[2022-12-16 02:12:26,415] {processor.py:153} INFO - Started process (PID=1540) to work on /home/airflow/.local/lib/python3.7/site-packages/airflow/example_dags/example_kubernetes_executor.py
[2022-12-16 02:12:26,416] {processor.py:641} INFO - Processing file /home/airflow/.local/lib/python3.7/site-packages/airflow/example_dags/example_kubernetes_executor.py for tasks to queue
[2022-12-16 02:12:26,417] {logging_mixin.py:115} INFO - [2022-12-16 02:12:26,417] {dagbag.py:507} INFO - Filling up the DagBag from /home/airflow/.local/lib/python3.7/site-packages/airflow/example_dags/example_kubernetes_executor.py
[2022-12-16 02:12:26,441] {processor.py:651} INFO - DAG(s) dict_keys(['example_kubernetes_executor']) retrieved from /home/airflow/.local/lib/python3.7/site-packages/airflow/example_dags/example_kubernetes_executor.py
[2022-12-16 02:12:26,475] {logging_mixin.py:115} INFO - [2022-12-16 02:12:26,475] {dag.py:2371} INFO - Sync 1 DAGs
[2022-12-16 02:12:26,494] {logging_mixin.py:115} INFO - [2022-12-16 02:12:26,494] {dag.py:2919} INFO - Setting next_dagrun for example_kubernetes_executor to None, run_after=None
[2022-12-16 02:12:26,505] {processor.py:161} INFO - Processing /home/airflow/.local/lib/python3.7/site-packages/airflow/example_dags/example_kubernetes_executor.py took 0.093 seconds
[2022-12-16 02:12:56,813] {processor.py:153} INFO - Started process (PID=1601) to work on /home/airflow/.local/lib/python3.7/site-packages/airflow/example_dags/example_kubernetes_executor.py
[2022-12-16 02:12:56,814] {processor.py:641} INFO - Processing file /home/airflow/.local/lib/python3.7/site-packages/airflow/example_dags/example_kubernetes_executor.py for tasks to queue
[2022-12-16 02:12:56,816] {logging_mixin.py:115} INFO - [2022-12-16 02:12:56,816] {dagbag.py:507} INFO - Filling up the DagBag from /home/airflow/.local/lib/python3.7/site-packages/airflow/example_dags/example_kubernetes_executor.py
[2022-12-16 02:12:56,844] {processor.py:651} INFO - DAG(s) dict_keys(['example_kubernetes_executor']) retrieved from /home/airflow/.local/lib/python3.7/site-packages/airflow/example_dags/example_kubernetes_executor.py
[2022-12-16 02:12:56,874] {logging_mixin.py:115} INFO - [2022-12-16 02:12:56,874] {dag.py:2371} INFO - Sync 1 DAGs
[2022-12-16 02:12:56,900] {logging_mixin.py:115} INFO - [2022-12-16 02:12:56,899] {dag.py:2919} INFO - Setting next_dagrun for example_kubernetes_executor to None, run_after=None
[2022-12-16 02:12:56,914] {processor.py:161} INFO - Processing /home/airflow/.local/lib/python3.7/site-packages/airflow/example_dags/example_kubernetes_executor.py took 0.107 seconds
