[2022-12-16 01:50:25,419] {processor.py:153} INFO - Started process (PID=60) to work on /home/airflow/.local/lib/python3.7/site-packages/airflow/example_dags/example_latest_only_with_trigger.py
[2022-12-16 01:50:25,419] {processor.py:641} INFO - Processing file /home/airflow/.local/lib/python3.7/site-packages/airflow/example_dags/example_latest_only_with_trigger.py for tasks to queue
[2022-12-16 01:50:25,420] {logging_mixin.py:115} INFO - [2022-12-16 01:50:25,420] {dagbag.py:507} INFO - Filling up the DagBag from /home/airflow/.local/lib/python3.7/site-packages/airflow/example_dags/example_latest_only_with_trigger.py
[2022-12-16 01:50:25,429] {processor.py:651} INFO - DAG(s) dict_keys(['latest_only_with_trigger']) retrieved from /home/airflow/.local/lib/python3.7/site-packages/airflow/example_dags/example_latest_only_with_trigger.py
[2022-12-16 01:50:25,754] {logging_mixin.py:115} INFO - [2022-12-16 01:50:25,754] {manager.py:508} INFO - Created Permission View: can edit on DAG:latest_only_with_trigger
[2022-12-16 01:50:25,790] {logging_mixin.py:115} INFO - [2022-12-16 01:50:25,790] {manager.py:508} INFO - Created Permission View: can delete on DAG:latest_only_with_trigger
[2022-12-16 01:50:25,831] {logging_mixin.py:115} INFO - [2022-12-16 01:50:25,830] {manager.py:508} INFO - Created Permission View: can read on DAG:latest_only_with_trigger
[2022-12-16 01:50:25,831] {logging_mixin.py:115} INFO - [2022-12-16 01:50:25,831] {dag.py:2371} INFO - Sync 1 DAGs
[2022-12-16 01:50:25,850] {logging_mixin.py:115} INFO - [2022-12-16 01:50:25,850] {dag.py:2390} INFO - Creating ORM DAG for latest_only_with_trigger
[2022-12-16 01:50:25,878] {logging_mixin.py:115} INFO - [2022-12-16 01:50:25,878] {dag.py:2919} INFO - Setting next_dagrun for latest_only_with_trigger to 2022-12-15T21:50:25.875333+00:00, run_after=2022-12-16T01:50:25.875333+00:00
[2022-12-16 01:50:25,906] {processor.py:161} INFO - Processing /home/airflow/.local/lib/python3.7/site-packages/airflow/example_dags/example_latest_only_with_trigger.py took 0.491 seconds
[2022-12-16 01:50:56,181] {processor.py:153} INFO - Started process (PID=122) to work on /home/airflow/.local/lib/python3.7/site-packages/airflow/example_dags/example_latest_only_with_trigger.py
[2022-12-16 01:50:56,182] {processor.py:641} INFO - Processing file /home/airflow/.local/lib/python3.7/site-packages/airflow/example_dags/example_latest_only_with_trigger.py for tasks to queue
[2022-12-16 01:50:56,182] {logging_mixin.py:115} INFO - [2022-12-16 01:50:56,182] {dagbag.py:507} INFO - Filling up the DagBag from /home/airflow/.local/lib/python3.7/site-packages/airflow/example_dags/example_latest_only_with_trigger.py
[2022-12-16 01:50:56,189] {processor.py:651} INFO - DAG(s) dict_keys(['latest_only_with_trigger']) retrieved from /home/airflow/.local/lib/python3.7/site-packages/airflow/example_dags/example_latest_only_with_trigger.py
[2022-12-16 01:50:56,217] {logging_mixin.py:115} INFO - [2022-12-16 01:50:56,217] {dag.py:2371} INFO - Sync 1 DAGs
[2022-12-16 01:50:56,377] {logging_mixin.py:115} INFO - [2022-12-16 01:50:56,377] {dag.py:2919} INFO - Setting next_dagrun for latest_only_with_trigger to 2022-12-15T21:50:56.377402+00:00, run_after=2022-12-16T01:50:56.377402+00:00
[2022-12-16 01:50:56,394] {processor.py:161} INFO - Processing /home/airflow/.local/lib/python3.7/site-packages/airflow/example_dags/example_latest_only_with_trigger.py took 0.217 seconds
[2022-12-16 01:51:26,615] {processor.py:153} INFO - Started process (PID=174) to work on /home/airflow/.local/lib/python3.7/site-packages/airflow/example_dags/example_latest_only_with_trigger.py
[2022-12-16 01:51:26,616] {processor.py:641} INFO - Processing file /home/airflow/.local/lib/python3.7/site-packages/airflow/example_dags/example_latest_only_with_trigger.py for tasks to queue
[2022-12-16 01:51:26,617] {logging_mixin.py:115} INFO - [2022-12-16 01:51:26,617] {dagbag.py:507} INFO - Filling up the DagBag from /home/airflow/.local/lib/python3.7/site-packages/airflow/example_dags/example_latest_only_with_trigger.py
[2022-12-16 01:51:26,624] {processor.py:651} INFO - DAG(s) dict_keys(['latest_only_with_trigger']) retrieved from /home/airflow/.local/lib/python3.7/site-packages/airflow/example_dags/example_latest_only_with_trigger.py
[2022-12-16 01:51:26,650] {logging_mixin.py:115} INFO - [2022-12-16 01:51:26,650] {dag.py:2371} INFO - Sync 1 DAGs
[2022-12-16 01:51:26,820] {logging_mixin.py:115} INFO - [2022-12-16 01:51:26,819] {dag.py:2919} INFO - Setting next_dagrun for latest_only_with_trigger to 2022-12-15T21:51:26.819776+00:00, run_after=2022-12-16T01:51:26.819776+00:00
[2022-12-16 01:51:26,833] {processor.py:161} INFO - Processing /home/airflow/.local/lib/python3.7/site-packages/airflow/example_dags/example_latest_only_with_trigger.py took 0.223 seconds
[2022-12-16 01:51:57,741] {processor.py:153} INFO - Started process (PID=236) to work on /home/airflow/.local/lib/python3.7/site-packages/airflow/example_dags/example_latest_only_with_trigger.py
[2022-12-16 01:51:57,742] {processor.py:641} INFO - Processing file /home/airflow/.local/lib/python3.7/site-packages/airflow/example_dags/example_latest_only_with_trigger.py for tasks to queue
[2022-12-16 01:51:57,744] {logging_mixin.py:115} INFO - [2022-12-16 01:51:57,744] {dagbag.py:507} INFO - Filling up the DagBag from /home/airflow/.local/lib/python3.7/site-packages/airflow/example_dags/example_latest_only_with_trigger.py
[2022-12-16 01:51:57,759] {processor.py:651} INFO - DAG(s) dict_keys(['latest_only_with_trigger']) retrieved from /home/airflow/.local/lib/python3.7/site-packages/airflow/example_dags/example_latest_only_with_trigger.py
[2022-12-16 01:51:57,832] {logging_mixin.py:115} INFO - [2022-12-16 01:51:57,832] {dag.py:2371} INFO - Sync 1 DAGs
[2022-12-16 01:51:58,160] {logging_mixin.py:115} INFO - [2022-12-16 01:51:58,160] {dag.py:2919} INFO - Setting next_dagrun for latest_only_with_trigger to 2022-12-15T21:51:58.159714+00:00, run_after=2022-12-16T01:51:58.159714+00:00
[2022-12-16 01:51:58,212] {processor.py:161} INFO - Processing /home/airflow/.local/lib/python3.7/site-packages/airflow/example_dags/example_latest_only_with_trigger.py took 0.475 seconds
[2022-12-16 01:52:28,594] {processor.py:153} INFO - Started process (PID=298) to work on /home/airflow/.local/lib/python3.7/site-packages/airflow/example_dags/example_latest_only_with_trigger.py
[2022-12-16 01:52:28,595] {processor.py:641} INFO - Processing file /home/airflow/.local/lib/python3.7/site-packages/airflow/example_dags/example_latest_only_with_trigger.py for tasks to queue
[2022-12-16 01:52:28,598] {logging_mixin.py:115} INFO - [2022-12-16 01:52:28,598] {dagbag.py:507} INFO - Filling up the DagBag from /home/airflow/.local/lib/python3.7/site-packages/airflow/example_dags/example_latest_only_with_trigger.py
[2022-12-16 01:52:28,615] {processor.py:651} INFO - DAG(s) dict_keys(['latest_only_with_trigger']) retrieved from /home/airflow/.local/lib/python3.7/site-packages/airflow/example_dags/example_latest_only_with_trigger.py
[2022-12-16 01:52:28,688] {logging_mixin.py:115} INFO - [2022-12-16 01:52:28,688] {dag.py:2371} INFO - Sync 1 DAGs
[2022-12-16 01:52:29,038] {logging_mixin.py:115} INFO - [2022-12-16 01:52:29,037] {dag.py:2919} INFO - Setting next_dagrun for latest_only_with_trigger to 2022-12-15T21:52:29.037449+00:00, run_after=2022-12-16T01:52:29.037449+00:00
[2022-12-16 01:52:29,087] {processor.py:161} INFO - Processing /home/airflow/.local/lib/python3.7/site-packages/airflow/example_dags/example_latest_only_with_trigger.py took 0.497 seconds
[2022-12-16 01:52:59,384] {processor.py:153} INFO - Started process (PID=350) to work on /home/airflow/.local/lib/python3.7/site-packages/airflow/example_dags/example_latest_only_with_trigger.py
[2022-12-16 01:52:59,385] {processor.py:641} INFO - Processing file /home/airflow/.local/lib/python3.7/site-packages/airflow/example_dags/example_latest_only_with_trigger.py for tasks to queue
[2022-12-16 01:52:59,386] {logging_mixin.py:115} INFO - [2022-12-16 01:52:59,386] {dagbag.py:507} INFO - Filling up the DagBag from /home/airflow/.local/lib/python3.7/site-packages/airflow/example_dags/example_latest_only_with_trigger.py
[2022-12-16 01:52:59,394] {processor.py:651} INFO - DAG(s) dict_keys(['latest_only_with_trigger']) retrieved from /home/airflow/.local/lib/python3.7/site-packages/airflow/example_dags/example_latest_only_with_trigger.py
[2022-12-16 01:52:59,419] {logging_mixin.py:115} INFO - [2022-12-16 01:52:59,419] {dag.py:2371} INFO - Sync 1 DAGs
[2022-12-16 01:52:59,587] {logging_mixin.py:115} INFO - [2022-12-16 01:52:59,587] {dag.py:2919} INFO - Setting next_dagrun for latest_only_with_trigger to 2022-12-15T21:52:59.587484+00:00, run_after=2022-12-16T01:52:59.587484+00:00
[2022-12-16 01:52:59,602] {processor.py:161} INFO - Processing /home/airflow/.local/lib/python3.7/site-packages/airflow/example_dags/example_latest_only_with_trigger.py took 0.222 seconds
[2022-12-16 01:53:29,754] {processor.py:153} INFO - Started process (PID=410) to work on /home/airflow/.local/lib/python3.7/site-packages/airflow/example_dags/example_latest_only_with_trigger.py
[2022-12-16 01:53:29,755] {processor.py:641} INFO - Processing file /home/airflow/.local/lib/python3.7/site-packages/airflow/example_dags/example_latest_only_with_trigger.py for tasks to queue
[2022-12-16 01:53:29,756] {logging_mixin.py:115} INFO - [2022-12-16 01:53:29,756] {dagbag.py:507} INFO - Filling up the DagBag from /home/airflow/.local/lib/python3.7/site-packages/airflow/example_dags/example_latest_only_with_trigger.py
[2022-12-16 01:53:29,762] {processor.py:651} INFO - DAG(s) dict_keys(['latest_only_with_trigger']) retrieved from /home/airflow/.local/lib/python3.7/site-packages/airflow/example_dags/example_latest_only_with_trigger.py
[2022-12-16 01:53:29,797] {logging_mixin.py:115} INFO - [2022-12-16 01:53:29,797] {dag.py:2371} INFO - Sync 1 DAGs
[2022-12-16 01:53:29,980] {logging_mixin.py:115} INFO - [2022-12-16 01:53:29,980] {dag.py:2919} INFO - Setting next_dagrun for latest_only_with_trigger to 2022-12-15T21:53:29.980617+00:00, run_after=2022-12-16T01:53:29.980617+00:00
[2022-12-16 01:53:29,992] {processor.py:161} INFO - Processing /home/airflow/.local/lib/python3.7/site-packages/airflow/example_dags/example_latest_only_with_trigger.py took 0.241 seconds
[2022-12-16 01:54:00,564] {processor.py:153} INFO - Started process (PID=471) to work on /home/airflow/.local/lib/python3.7/site-packages/airflow/example_dags/example_latest_only_with_trigger.py
[2022-12-16 01:54:00,565] {processor.py:641} INFO - Processing file /home/airflow/.local/lib/python3.7/site-packages/airflow/example_dags/example_latest_only_with_trigger.py for tasks to queue
[2022-12-16 01:54:00,565] {logging_mixin.py:115} INFO - [2022-12-16 01:54:00,565] {dagbag.py:507} INFO - Filling up the DagBag from /home/airflow/.local/lib/python3.7/site-packages/airflow/example_dags/example_latest_only_with_trigger.py
[2022-12-16 01:54:00,573] {processor.py:651} INFO - DAG(s) dict_keys(['latest_only_with_trigger']) retrieved from /home/airflow/.local/lib/python3.7/site-packages/airflow/example_dags/example_latest_only_with_trigger.py
[2022-12-16 01:54:00,613] {logging_mixin.py:115} INFO - [2022-12-16 01:54:00,613] {dag.py:2371} INFO - Sync 1 DAGs
[2022-12-16 01:54:00,800] {logging_mixin.py:115} INFO - [2022-12-16 01:54:00,800] {dag.py:2919} INFO - Setting next_dagrun for latest_only_with_trigger to 2022-12-15T21:54:00.800313+00:00, run_after=2022-12-16T01:54:00.800313+00:00
[2022-12-16 01:54:00,866] {processor.py:161} INFO - Processing /home/airflow/.local/lib/python3.7/site-packages/airflow/example_dags/example_latest_only_with_trigger.py took 0.309 seconds
[2022-12-16 01:54:30,967] {processor.py:153} INFO - Started process (PID=523) to work on /home/airflow/.local/lib/python3.7/site-packages/airflow/example_dags/example_latest_only_with_trigger.py
[2022-12-16 01:54:30,968] {processor.py:641} INFO - Processing file /home/airflow/.local/lib/python3.7/site-packages/airflow/example_dags/example_latest_only_with_trigger.py for tasks to queue
[2022-12-16 01:54:30,969] {logging_mixin.py:115} INFO - [2022-12-16 01:54:30,969] {dagbag.py:507} INFO - Filling up the DagBag from /home/airflow/.local/lib/python3.7/site-packages/airflow/example_dags/example_latest_only_with_trigger.py
[2022-12-16 01:54:30,976] {processor.py:651} INFO - DAG(s) dict_keys(['latest_only_with_trigger']) retrieved from /home/airflow/.local/lib/python3.7/site-packages/airflow/example_dags/example_latest_only_with_trigger.py
[2022-12-16 01:54:31,002] {logging_mixin.py:115} INFO - [2022-12-16 01:54:31,002] {dag.py:2371} INFO - Sync 1 DAGs
[2022-12-16 01:54:31,181] {logging_mixin.py:115} INFO - [2022-12-16 01:54:31,181] {dag.py:2919} INFO - Setting next_dagrun for latest_only_with_trigger to 2022-12-15T21:54:31.181300+00:00, run_after=2022-12-16T01:54:31.181300+00:00
[2022-12-16 01:54:31,190] {processor.py:161} INFO - Processing /home/airflow/.local/lib/python3.7/site-packages/airflow/example_dags/example_latest_only_with_trigger.py took 0.226 seconds
[2022-12-16 01:55:01,631] {processor.py:153} INFO - Started process (PID=584) to work on /home/airflow/.local/lib/python3.7/site-packages/airflow/example_dags/example_latest_only_with_trigger.py
[2022-12-16 01:55:01,631] {processor.py:641} INFO - Processing file /home/airflow/.local/lib/python3.7/site-packages/airflow/example_dags/example_latest_only_with_trigger.py for tasks to queue
[2022-12-16 01:55:01,632] {logging_mixin.py:115} INFO - [2022-12-16 01:55:01,632] {dagbag.py:507} INFO - Filling up the DagBag from /home/airflow/.local/lib/python3.7/site-packages/airflow/example_dags/example_latest_only_with_trigger.py
[2022-12-16 01:55:01,638] {processor.py:651} INFO - DAG(s) dict_keys(['latest_only_with_trigger']) retrieved from /home/airflow/.local/lib/python3.7/site-packages/airflow/example_dags/example_latest_only_with_trigger.py
[2022-12-16 01:55:01,667] {logging_mixin.py:115} INFO - [2022-12-16 01:55:01,667] {dag.py:2371} INFO - Sync 1 DAGs
[2022-12-16 01:55:01,911] {logging_mixin.py:115} INFO - [2022-12-16 01:55:01,910] {dag.py:2919} INFO - Setting next_dagrun for latest_only_with_trigger to 2022-12-15T21:55:01.910418+00:00, run_after=2022-12-16T01:55:01.910418+00:00
[2022-12-16 01:55:01,928] {processor.py:161} INFO - Processing /home/airflow/.local/lib/python3.7/site-packages/airflow/example_dags/example_latest_only_with_trigger.py took 0.300 seconds
[2022-12-16 01:55:32,273] {processor.py:153} INFO - Started process (PID=646) to work on /home/airflow/.local/lib/python3.7/site-packages/airflow/example_dags/example_latest_only_with_trigger.py
[2022-12-16 01:55:32,274] {processor.py:641} INFO - Processing file /home/airflow/.local/lib/python3.7/site-packages/airflow/example_dags/example_latest_only_with_trigger.py for tasks to queue
[2022-12-16 01:55:32,275] {logging_mixin.py:115} INFO - [2022-12-16 01:55:32,275] {dagbag.py:507} INFO - Filling up the DagBag from /home/airflow/.local/lib/python3.7/site-packages/airflow/example_dags/example_latest_only_with_trigger.py
[2022-12-16 01:55:32,283] {processor.py:651} INFO - DAG(s) dict_keys(['latest_only_with_trigger']) retrieved from /home/airflow/.local/lib/python3.7/site-packages/airflow/example_dags/example_latest_only_with_trigger.py
[2022-12-16 01:55:32,316] {logging_mixin.py:115} INFO - [2022-12-16 01:55:32,316] {dag.py:2371} INFO - Sync 1 DAGs
[2022-12-16 01:55:32,522] {logging_mixin.py:115} INFO - [2022-12-16 01:55:32,522] {dag.py:2919} INFO - Setting next_dagrun for latest_only_with_trigger to 2022-12-15T21:55:32.522226+00:00, run_after=2022-12-16T01:55:32.522226+00:00
[2022-12-16 01:55:32,535] {processor.py:161} INFO - Processing /home/airflow/.local/lib/python3.7/site-packages/airflow/example_dags/example_latest_only_with_trigger.py took 0.266 seconds
[2022-12-16 01:56:02,964] {processor.py:153} INFO - Started process (PID=704) to work on /home/airflow/.local/lib/python3.7/site-packages/airflow/example_dags/example_latest_only_with_trigger.py
[2022-12-16 01:56:02,964] {processor.py:641} INFO - Processing file /home/airflow/.local/lib/python3.7/site-packages/airflow/example_dags/example_latest_only_with_trigger.py for tasks to queue
[2022-12-16 01:56:02,965] {logging_mixin.py:115} INFO - [2022-12-16 01:56:02,965] {dagbag.py:507} INFO - Filling up the DagBag from /home/airflow/.local/lib/python3.7/site-packages/airflow/example_dags/example_latest_only_with_trigger.py
[2022-12-16 01:56:02,972] {processor.py:651} INFO - DAG(s) dict_keys(['latest_only_with_trigger']) retrieved from /home/airflow/.local/lib/python3.7/site-packages/airflow/example_dags/example_latest_only_with_trigger.py
[2022-12-16 01:56:03,010] {logging_mixin.py:115} INFO - [2022-12-16 01:56:03,010] {dag.py:2371} INFO - Sync 1 DAGs
[2022-12-16 01:56:03,204] {logging_mixin.py:115} INFO - [2022-12-16 01:56:03,204] {dag.py:2919} INFO - Setting next_dagrun for latest_only_with_trigger to 2022-12-15T21:56:03.204442+00:00, run_after=2022-12-16T01:56:03.204442+00:00
[2022-12-16 01:56:03,216] {processor.py:161} INFO - Processing /home/airflow/.local/lib/python3.7/site-packages/airflow/example_dags/example_latest_only_with_trigger.py took 0.256 seconds
[2022-12-16 01:56:33,359] {processor.py:153} INFO - Started process (PID=760) to work on /home/airflow/.local/lib/python3.7/site-packages/airflow/example_dags/example_latest_only_with_trigger.py
[2022-12-16 01:56:33,360] {processor.py:641} INFO - Processing file /home/airflow/.local/lib/python3.7/site-packages/airflow/example_dags/example_latest_only_with_trigger.py for tasks to queue
[2022-12-16 01:56:33,360] {logging_mixin.py:115} INFO - [2022-12-16 01:56:33,360] {dagbag.py:507} INFO - Filling up the DagBag from /home/airflow/.local/lib/python3.7/site-packages/airflow/example_dags/example_latest_only_with_trigger.py
[2022-12-16 01:56:33,367] {processor.py:651} INFO - DAG(s) dict_keys(['latest_only_with_trigger']) retrieved from /home/airflow/.local/lib/python3.7/site-packages/airflow/example_dags/example_latest_only_with_trigger.py
[2022-12-16 01:56:33,405] {logging_mixin.py:115} INFO - [2022-12-16 01:56:33,405] {dag.py:2371} INFO - Sync 1 DAGs
[2022-12-16 01:56:33,571] {logging_mixin.py:115} INFO - [2022-12-16 01:56:33,571] {dag.py:2919} INFO - Setting next_dagrun for latest_only_with_trigger to 2022-12-15T21:56:33.571052+00:00, run_after=2022-12-16T01:56:33.571052+00:00
[2022-12-16 01:56:33,582] {processor.py:161} INFO - Processing /home/airflow/.local/lib/python3.7/site-packages/airflow/example_dags/example_latest_only_with_trigger.py took 0.229 seconds
[2022-12-16 01:57:04,004] {processor.py:153} INFO - Started process (PID=822) to work on /home/airflow/.local/lib/python3.7/site-packages/airflow/example_dags/example_latest_only_with_trigger.py
[2022-12-16 01:57:04,005] {processor.py:641} INFO - Processing file /home/airflow/.local/lib/python3.7/site-packages/airflow/example_dags/example_latest_only_with_trigger.py for tasks to queue
[2022-12-16 01:57:04,005] {logging_mixin.py:115} INFO - [2022-12-16 01:57:04,005] {dagbag.py:507} INFO - Filling up the DagBag from /home/airflow/.local/lib/python3.7/site-packages/airflow/example_dags/example_latest_only_with_trigger.py
[2022-12-16 01:57:04,012] {processor.py:651} INFO - DAG(s) dict_keys(['latest_only_with_trigger']) retrieved from /home/airflow/.local/lib/python3.7/site-packages/airflow/example_dags/example_latest_only_with_trigger.py
[2022-12-16 01:57:04,040] {logging_mixin.py:115} INFO - [2022-12-16 01:57:04,040] {dag.py:2371} INFO - Sync 1 DAGs
[2022-12-16 01:57:04,192] {logging_mixin.py:115} INFO - [2022-12-16 01:57:04,192] {dag.py:2919} INFO - Setting next_dagrun for latest_only_with_trigger to 2022-12-15T21:57:04.192250+00:00, run_after=2022-12-16T01:57:04.192250+00:00
[2022-12-16 01:57:04,203] {processor.py:161} INFO - Processing /home/airflow/.local/lib/python3.7/site-packages/airflow/example_dags/example_latest_only_with_trigger.py took 0.202 seconds
[2022-12-16 01:57:34,892] {processor.py:153} INFO - Started process (PID=884) to work on /home/airflow/.local/lib/python3.7/site-packages/airflow/example_dags/example_latest_only_with_trigger.py
[2022-12-16 01:57:34,892] {processor.py:641} INFO - Processing file /home/airflow/.local/lib/python3.7/site-packages/airflow/example_dags/example_latest_only_with_trigger.py for tasks to queue
[2022-12-16 01:57:34,893] {logging_mixin.py:115} INFO - [2022-12-16 01:57:34,893] {dagbag.py:507} INFO - Filling up the DagBag from /home/airflow/.local/lib/python3.7/site-packages/airflow/example_dags/example_latest_only_with_trigger.py
[2022-12-16 01:57:34,901] {processor.py:651} INFO - DAG(s) dict_keys(['latest_only_with_trigger']) retrieved from /home/airflow/.local/lib/python3.7/site-packages/airflow/example_dags/example_latest_only_with_trigger.py
[2022-12-16 01:57:34,956] {logging_mixin.py:115} INFO - [2022-12-16 01:57:34,956] {dag.py:2371} INFO - Sync 1 DAGs
[2022-12-16 01:57:35,197] {logging_mixin.py:115} INFO - [2022-12-16 01:57:35,197] {dag.py:2919} INFO - Setting next_dagrun for latest_only_with_trigger to 2022-12-15T21:57:35.197457+00:00, run_after=2022-12-16T01:57:35.197457+00:00
[2022-12-16 01:57:35,212] {processor.py:161} INFO - Processing /home/airflow/.local/lib/python3.7/site-packages/airflow/example_dags/example_latest_only_with_trigger.py took 0.324 seconds
[2022-12-16 01:58:57,681] {processor.py:153} INFO - Started process (PID=61) to work on /home/airflow/.local/lib/python3.7/site-packages/airflow/example_dags/example_latest_only_with_trigger.py
[2022-12-16 01:58:57,682] {processor.py:641} INFO - Processing file /home/airflow/.local/lib/python3.7/site-packages/airflow/example_dags/example_latest_only_with_trigger.py for tasks to queue
[2022-12-16 01:58:57,683] {logging_mixin.py:115} INFO - [2022-12-16 01:58:57,683] {dagbag.py:507} INFO - Filling up the DagBag from /home/airflow/.local/lib/python3.7/site-packages/airflow/example_dags/example_latest_only_with_trigger.py
[2022-12-16 01:58:57,695] {processor.py:651} INFO - DAG(s) dict_keys(['latest_only_with_trigger']) retrieved from /home/airflow/.local/lib/python3.7/site-packages/airflow/example_dags/example_latest_only_with_trigger.py
[2022-12-16 01:58:57,777] {logging_mixin.py:115} INFO - [2022-12-16 01:58:57,776] {dag.py:2371} INFO - Sync 1 DAGs
[2022-12-16 01:58:57,818] {logging_mixin.py:115} INFO - [2022-12-16 01:58:57,817] {dag.py:2919} INFO - Setting next_dagrun for latest_only_with_trigger to 2022-12-15T21:58:57.817410+00:00, run_after=2022-12-16T01:58:57.817410+00:00
[2022-12-16 01:58:57,833] {processor.py:161} INFO - Processing /home/airflow/.local/lib/python3.7/site-packages/airflow/example_dags/example_latest_only_with_trigger.py took 0.156 seconds
[2022-12-16 01:59:43,736] {processor.py:153} INFO - Started process (PID=59) to work on /home/airflow/.local/lib/python3.7/site-packages/airflow/example_dags/example_latest_only_with_trigger.py
[2022-12-16 01:59:43,738] {processor.py:641} INFO - Processing file /home/airflow/.local/lib/python3.7/site-packages/airflow/example_dags/example_latest_only_with_trigger.py for tasks to queue
[2022-12-16 01:59:43,739] {logging_mixin.py:115} INFO - [2022-12-16 01:59:43,739] {dagbag.py:507} INFO - Filling up the DagBag from /home/airflow/.local/lib/python3.7/site-packages/airflow/example_dags/example_latest_only_with_trigger.py
[2022-12-16 01:59:43,748] {processor.py:651} INFO - DAG(s) dict_keys(['latest_only_with_trigger']) retrieved from /home/airflow/.local/lib/python3.7/site-packages/airflow/example_dags/example_latest_only_with_trigger.py
[2022-12-16 01:59:43,813] {logging_mixin.py:115} INFO - [2022-12-16 01:59:43,813] {dag.py:2371} INFO - Sync 1 DAGs
[2022-12-16 01:59:43,890] {logging_mixin.py:115} INFO - [2022-12-16 01:59:43,888] {dag.py:2919} INFO - Setting next_dagrun for latest_only_with_trigger to 2022-12-15T21:59:43.888323+00:00, run_after=2022-12-16T01:59:43.888323+00:00
[2022-12-16 01:59:43,935] {processor.py:161} INFO - Processing /home/airflow/.local/lib/python3.7/site-packages/airflow/example_dags/example_latest_only_with_trigger.py took 0.204 seconds
[2022-12-16 02:00:14,673] {processor.py:153} INFO - Started process (PID=114) to work on /home/airflow/.local/lib/python3.7/site-packages/airflow/example_dags/example_latest_only_with_trigger.py
[2022-12-16 02:00:14,674] {processor.py:641} INFO - Processing file /home/airflow/.local/lib/python3.7/site-packages/airflow/example_dags/example_latest_only_with_trigger.py for tasks to queue
[2022-12-16 02:00:14,676] {logging_mixin.py:115} INFO - [2022-12-16 02:00:14,675] {dagbag.py:507} INFO - Filling up the DagBag from /home/airflow/.local/lib/python3.7/site-packages/airflow/example_dags/example_latest_only_with_trigger.py
[2022-12-16 02:00:14,683] {processor.py:651} INFO - DAG(s) dict_keys(['latest_only_with_trigger']) retrieved from /home/airflow/.local/lib/python3.7/site-packages/airflow/example_dags/example_latest_only_with_trigger.py
[2022-12-16 02:00:14,708] {logging_mixin.py:115} INFO - [2022-12-16 02:00:14,708] {dag.py:2371} INFO - Sync 1 DAGs
[2022-12-16 02:00:14,735] {logging_mixin.py:115} INFO - [2022-12-16 02:00:14,735] {dag.py:2919} INFO - Setting next_dagrun for latest_only_with_trigger to 2022-12-15T22:00:14.735340+00:00, run_after=2022-12-16T02:00:14.735340+00:00
[2022-12-16 02:00:14,750] {processor.py:161} INFO - Processing /home/airflow/.local/lib/python3.7/site-packages/airflow/example_dags/example_latest_only_with_trigger.py took 0.080 seconds
[2022-12-16 02:00:45,549] {processor.py:153} INFO - Started process (PID=177) to work on /home/airflow/.local/lib/python3.7/site-packages/airflow/example_dags/example_latest_only_with_trigger.py
[2022-12-16 02:00:45,550] {processor.py:641} INFO - Processing file /home/airflow/.local/lib/python3.7/site-packages/airflow/example_dags/example_latest_only_with_trigger.py for tasks to queue
[2022-12-16 02:00:45,551] {logging_mixin.py:115} INFO - [2022-12-16 02:00:45,550] {dagbag.py:507} INFO - Filling up the DagBag from /home/airflow/.local/lib/python3.7/site-packages/airflow/example_dags/example_latest_only_with_trigger.py
[2022-12-16 02:00:45,560] {processor.py:651} INFO - DAG(s) dict_keys(['latest_only_with_trigger']) retrieved from /home/airflow/.local/lib/python3.7/site-packages/airflow/example_dags/example_latest_only_with_trigger.py
[2022-12-16 02:00:45,588] {logging_mixin.py:115} INFO - [2022-12-16 02:00:45,588] {dag.py:2371} INFO - Sync 1 DAGs
[2022-12-16 02:00:45,613] {logging_mixin.py:115} INFO - [2022-12-16 02:00:45,613] {dag.py:2919} INFO - Setting next_dagrun for latest_only_with_trigger to 2022-12-15T22:00:45.612676+00:00, run_after=2022-12-16T02:00:45.612676+00:00
[2022-12-16 02:00:45,629] {processor.py:161} INFO - Processing /home/airflow/.local/lib/python3.7/site-packages/airflow/example_dags/example_latest_only_with_trigger.py took 0.085 seconds
[2022-12-16 02:01:16,401] {processor.py:153} INFO - Started process (PID=230) to work on /home/airflow/.local/lib/python3.7/site-packages/airflow/example_dags/example_latest_only_with_trigger.py
[2022-12-16 02:01:16,402] {processor.py:641} INFO - Processing file /home/airflow/.local/lib/python3.7/site-packages/airflow/example_dags/example_latest_only_with_trigger.py for tasks to queue
[2022-12-16 02:01:16,403] {logging_mixin.py:115} INFO - [2022-12-16 02:01:16,403] {dagbag.py:507} INFO - Filling up the DagBag from /home/airflow/.local/lib/python3.7/site-packages/airflow/example_dags/example_latest_only_with_trigger.py
[2022-12-16 02:01:16,414] {processor.py:651} INFO - DAG(s) dict_keys(['latest_only_with_trigger']) retrieved from /home/airflow/.local/lib/python3.7/site-packages/airflow/example_dags/example_latest_only_with_trigger.py
[2022-12-16 02:01:16,448] {logging_mixin.py:115} INFO - [2022-12-16 02:01:16,448] {dag.py:2371} INFO - Sync 1 DAGs
[2022-12-16 02:01:16,473] {logging_mixin.py:115} INFO - [2022-12-16 02:01:16,473] {dag.py:2919} INFO - Setting next_dagrun for latest_only_with_trigger to 2022-12-15T22:01:16.473228+00:00, run_after=2022-12-16T02:01:16.473228+00:00
[2022-12-16 02:01:16,493] {processor.py:161} INFO - Processing /home/airflow/.local/lib/python3.7/site-packages/airflow/example_dags/example_latest_only_with_trigger.py took 0.097 seconds
[2022-12-16 02:01:47,218] {processor.py:153} INFO - Started process (PID=292) to work on /home/airflow/.local/lib/python3.7/site-packages/airflow/example_dags/example_latest_only_with_trigger.py
[2022-12-16 02:01:47,219] {processor.py:641} INFO - Processing file /home/airflow/.local/lib/python3.7/site-packages/airflow/example_dags/example_latest_only_with_trigger.py for tasks to queue
[2022-12-16 02:01:47,220] {logging_mixin.py:115} INFO - [2022-12-16 02:01:47,220] {dagbag.py:507} INFO - Filling up the DagBag from /home/airflow/.local/lib/python3.7/site-packages/airflow/example_dags/example_latest_only_with_trigger.py
[2022-12-16 02:01:47,227] {processor.py:651} INFO - DAG(s) dict_keys(['latest_only_with_trigger']) retrieved from /home/airflow/.local/lib/python3.7/site-packages/airflow/example_dags/example_latest_only_with_trigger.py
[2022-12-16 02:01:47,267] {logging_mixin.py:115} INFO - [2022-12-16 02:01:47,267] {dag.py:2371} INFO - Sync 1 DAGs
[2022-12-16 02:01:47,296] {logging_mixin.py:115} INFO - [2022-12-16 02:01:47,296] {dag.py:2919} INFO - Setting next_dagrun for latest_only_with_trigger to 2022-12-15T22:01:47.296265+00:00, run_after=2022-12-16T02:01:47.296265+00:00
[2022-12-16 02:01:47,309] {processor.py:161} INFO - Processing /home/airflow/.local/lib/python3.7/site-packages/airflow/example_dags/example_latest_only_with_trigger.py took 0.094 seconds
[2022-12-16 02:02:17,639] {processor.py:153} INFO - Started process (PID=354) to work on /home/airflow/.local/lib/python3.7/site-packages/airflow/example_dags/example_latest_only_with_trigger.py
[2022-12-16 02:02:17,640] {processor.py:641} INFO - Processing file /home/airflow/.local/lib/python3.7/site-packages/airflow/example_dags/example_latest_only_with_trigger.py for tasks to queue
[2022-12-16 02:02:17,641] {logging_mixin.py:115} INFO - [2022-12-16 02:02:17,641] {dagbag.py:507} INFO - Filling up the DagBag from /home/airflow/.local/lib/python3.7/site-packages/airflow/example_dags/example_latest_only_with_trigger.py
[2022-12-16 02:02:17,648] {processor.py:651} INFO - DAG(s) dict_keys(['latest_only_with_trigger']) retrieved from /home/airflow/.local/lib/python3.7/site-packages/airflow/example_dags/example_latest_only_with_trigger.py
[2022-12-16 02:02:17,674] {logging_mixin.py:115} INFO - [2022-12-16 02:02:17,673] {dag.py:2371} INFO - Sync 1 DAGs
[2022-12-16 02:02:17,695] {logging_mixin.py:115} INFO - [2022-12-16 02:02:17,695] {dag.py:2919} INFO - Setting next_dagrun for latest_only_with_trigger to 2022-12-15T22:02:17.694951+00:00, run_after=2022-12-16T02:02:17.694951+00:00
[2022-12-16 02:02:17,714] {processor.py:161} INFO - Processing /home/airflow/.local/lib/python3.7/site-packages/airflow/example_dags/example_latest_only_with_trigger.py took 0.078 seconds
[2022-12-16 02:02:48,012] {processor.py:153} INFO - Started process (PID=417) to work on /home/airflow/.local/lib/python3.7/site-packages/airflow/example_dags/example_latest_only_with_trigger.py
[2022-12-16 02:02:48,013] {processor.py:641} INFO - Processing file /home/airflow/.local/lib/python3.7/site-packages/airflow/example_dags/example_latest_only_with_trigger.py for tasks to queue
[2022-12-16 02:02:48,015] {logging_mixin.py:115} INFO - [2022-12-16 02:02:48,014] {dagbag.py:507} INFO - Filling up the DagBag from /home/airflow/.local/lib/python3.7/site-packages/airflow/example_dags/example_latest_only_with_trigger.py
[2022-12-16 02:02:48,021] {processor.py:651} INFO - DAG(s) dict_keys(['latest_only_with_trigger']) retrieved from /home/airflow/.local/lib/python3.7/site-packages/airflow/example_dags/example_latest_only_with_trigger.py
[2022-12-16 02:02:48,051] {logging_mixin.py:115} INFO - [2022-12-16 02:02:48,051] {dag.py:2371} INFO - Sync 1 DAGs
[2022-12-16 02:02:48,089] {logging_mixin.py:115} INFO - [2022-12-16 02:02:48,089] {dag.py:2919} INFO - Setting next_dagrun for latest_only_with_trigger to 2022-12-15T22:02:48.088965+00:00, run_after=2022-12-16T02:02:48.088965+00:00
[2022-12-16 02:02:48,111] {processor.py:161} INFO - Processing /home/airflow/.local/lib/python3.7/site-packages/airflow/example_dags/example_latest_only_with_trigger.py took 0.103 seconds
[2022-12-16 02:03:18,222] {processor.py:153} INFO - Started process (PID=469) to work on /home/airflow/.local/lib/python3.7/site-packages/airflow/example_dags/example_latest_only_with_trigger.py
[2022-12-16 02:03:18,223] {processor.py:641} INFO - Processing file /home/airflow/.local/lib/python3.7/site-packages/airflow/example_dags/example_latest_only_with_trigger.py for tasks to queue
[2022-12-16 02:03:18,224] {logging_mixin.py:115} INFO - [2022-12-16 02:03:18,224] {dagbag.py:507} INFO - Filling up the DagBag from /home/airflow/.local/lib/python3.7/site-packages/airflow/example_dags/example_latest_only_with_trigger.py
[2022-12-16 02:03:18,231] {processor.py:651} INFO - DAG(s) dict_keys(['latest_only_with_trigger']) retrieved from /home/airflow/.local/lib/python3.7/site-packages/airflow/example_dags/example_latest_only_with_trigger.py
[2022-12-16 02:03:18,258] {logging_mixin.py:115} INFO - [2022-12-16 02:03:18,258] {dag.py:2371} INFO - Sync 1 DAGs
[2022-12-16 02:03:18,280] {logging_mixin.py:115} INFO - [2022-12-16 02:03:18,280] {dag.py:2919} INFO - Setting next_dagrun for latest_only_with_trigger to 2022-12-15T22:03:18.280526+00:00, run_after=2022-12-16T02:03:18.280526+00:00
[2022-12-16 02:03:18,297] {processor.py:161} INFO - Processing /home/airflow/.local/lib/python3.7/site-packages/airflow/example_dags/example_latest_only_with_trigger.py took 0.079 seconds
[2022-12-16 02:03:49,071] {processor.py:153} INFO - Started process (PID=532) to work on /home/airflow/.local/lib/python3.7/site-packages/airflow/example_dags/example_latest_only_with_trigger.py
[2022-12-16 02:03:49,072] {processor.py:641} INFO - Processing file /home/airflow/.local/lib/python3.7/site-packages/airflow/example_dags/example_latest_only_with_trigger.py for tasks to queue
[2022-12-16 02:03:49,073] {logging_mixin.py:115} INFO - [2022-12-16 02:03:49,073] {dagbag.py:507} INFO - Filling up the DagBag from /home/airflow/.local/lib/python3.7/site-packages/airflow/example_dags/example_latest_only_with_trigger.py
[2022-12-16 02:03:49,078] {processor.py:651} INFO - DAG(s) dict_keys(['latest_only_with_trigger']) retrieved from /home/airflow/.local/lib/python3.7/site-packages/airflow/example_dags/example_latest_only_with_trigger.py
[2022-12-16 02:03:49,105] {logging_mixin.py:115} INFO - [2022-12-16 02:03:49,104] {dag.py:2371} INFO - Sync 1 DAGs
[2022-12-16 02:03:49,124] {logging_mixin.py:115} INFO - [2022-12-16 02:03:49,124] {dag.py:2919} INFO - Setting next_dagrun for latest_only_with_trigger to 2022-12-15T22:03:49.124438+00:00, run_after=2022-12-16T02:03:49.124438+00:00
[2022-12-16 02:03:49,138] {processor.py:161} INFO - Processing /home/airflow/.local/lib/python3.7/site-packages/airflow/example_dags/example_latest_only_with_trigger.py took 0.070 seconds
[2022-12-16 02:04:19,512] {processor.py:153} INFO - Started process (PID=593) to work on /home/airflow/.local/lib/python3.7/site-packages/airflow/example_dags/example_latest_only_with_trigger.py
[2022-12-16 02:04:19,513] {processor.py:641} INFO - Processing file /home/airflow/.local/lib/python3.7/site-packages/airflow/example_dags/example_latest_only_with_trigger.py for tasks to queue
[2022-12-16 02:04:19,513] {logging_mixin.py:115} INFO - [2022-12-16 02:04:19,513] {dagbag.py:507} INFO - Filling up the DagBag from /home/airflow/.local/lib/python3.7/site-packages/airflow/example_dags/example_latest_only_with_trigger.py
[2022-12-16 02:04:19,519] {processor.py:651} INFO - DAG(s) dict_keys(['latest_only_with_trigger']) retrieved from /home/airflow/.local/lib/python3.7/site-packages/airflow/example_dags/example_latest_only_with_trigger.py
[2022-12-16 02:04:19,546] {logging_mixin.py:115} INFO - [2022-12-16 02:04:19,546] {dag.py:2371} INFO - Sync 1 DAGs
[2022-12-16 02:04:19,568] {logging_mixin.py:115} INFO - [2022-12-16 02:04:19,567] {dag.py:2919} INFO - Setting next_dagrun for latest_only_with_trigger to 2022-12-15T22:04:19.567727+00:00, run_after=2022-12-16T02:04:19.567727+00:00
[2022-12-16 02:04:19,581] {processor.py:161} INFO - Processing /home/airflow/.local/lib/python3.7/site-packages/airflow/example_dags/example_latest_only_with_trigger.py took 0.072 seconds
[2022-12-16 02:04:50,153] {processor.py:153} INFO - Started process (PID=656) to work on /home/airflow/.local/lib/python3.7/site-packages/airflow/example_dags/example_latest_only_with_trigger.py
[2022-12-16 02:04:50,154] {processor.py:641} INFO - Processing file /home/airflow/.local/lib/python3.7/site-packages/airflow/example_dags/example_latest_only_with_trigger.py for tasks to queue
[2022-12-16 02:04:50,155] {logging_mixin.py:115} INFO - [2022-12-16 02:04:50,155] {dagbag.py:507} INFO - Filling up the DagBag from /home/airflow/.local/lib/python3.7/site-packages/airflow/example_dags/example_latest_only_with_trigger.py
[2022-12-16 02:04:50,163] {processor.py:651} INFO - DAG(s) dict_keys(['latest_only_with_trigger']) retrieved from /home/airflow/.local/lib/python3.7/site-packages/airflow/example_dags/example_latest_only_with_trigger.py
[2022-12-16 02:04:50,189] {logging_mixin.py:115} INFO - [2022-12-16 02:04:50,189] {dag.py:2371} INFO - Sync 1 DAGs
[2022-12-16 02:04:50,208] {logging_mixin.py:115} INFO - [2022-12-16 02:04:50,208] {dag.py:2919} INFO - Setting next_dagrun for latest_only_with_trigger to 2022-12-15T22:04:50.208475+00:00, run_after=2022-12-16T02:04:50.208475+00:00
[2022-12-16 02:04:50,222] {processor.py:161} INFO - Processing /home/airflow/.local/lib/python3.7/site-packages/airflow/example_dags/example_latest_only_with_trigger.py took 0.072 seconds
[2022-12-16 02:05:21,160] {processor.py:153} INFO - Started process (PID=710) to work on /home/airflow/.local/lib/python3.7/site-packages/airflow/example_dags/example_latest_only_with_trigger.py
[2022-12-16 02:05:21,161] {processor.py:641} INFO - Processing file /home/airflow/.local/lib/python3.7/site-packages/airflow/example_dags/example_latest_only_with_trigger.py for tasks to queue
[2022-12-16 02:05:21,163] {logging_mixin.py:115} INFO - [2022-12-16 02:05:21,163] {dagbag.py:507} INFO - Filling up the DagBag from /home/airflow/.local/lib/python3.7/site-packages/airflow/example_dags/example_latest_only_with_trigger.py
[2022-12-16 02:05:21,176] {processor.py:651} INFO - DAG(s) dict_keys(['latest_only_with_trigger']) retrieved from /home/airflow/.local/lib/python3.7/site-packages/airflow/example_dags/example_latest_only_with_trigger.py
[2022-12-16 02:05:21,216] {logging_mixin.py:115} INFO - [2022-12-16 02:05:21,216] {dag.py:2371} INFO - Sync 1 DAGs
[2022-12-16 02:05:21,256] {logging_mixin.py:115} INFO - [2022-12-16 02:05:21,256] {dag.py:2919} INFO - Setting next_dagrun for latest_only_with_trigger to 2022-12-15T22:05:21.255610+00:00, run_after=2022-12-16T02:05:21.255610+00:00
[2022-12-16 02:05:21,285] {processor.py:161} INFO - Processing /home/airflow/.local/lib/python3.7/site-packages/airflow/example_dags/example_latest_only_with_trigger.py took 0.131 seconds
[2022-12-16 02:05:51,365] {processor.py:153} INFO - Started process (PID=771) to work on /home/airflow/.local/lib/python3.7/site-packages/airflow/example_dags/example_latest_only_with_trigger.py
[2022-12-16 02:05:51,366] {processor.py:641} INFO - Processing file /home/airflow/.local/lib/python3.7/site-packages/airflow/example_dags/example_latest_only_with_trigger.py for tasks to queue
[2022-12-16 02:05:51,367] {logging_mixin.py:115} INFO - [2022-12-16 02:05:51,367] {dagbag.py:507} INFO - Filling up the DagBag from /home/airflow/.local/lib/python3.7/site-packages/airflow/example_dags/example_latest_only_with_trigger.py
[2022-12-16 02:05:51,377] {processor.py:651} INFO - DAG(s) dict_keys(['latest_only_with_trigger']) retrieved from /home/airflow/.local/lib/python3.7/site-packages/airflow/example_dags/example_latest_only_with_trigger.py
[2022-12-16 02:05:51,407] {logging_mixin.py:115} INFO - [2022-12-16 02:05:51,407] {dag.py:2371} INFO - Sync 1 DAGs
[2022-12-16 02:05:51,429] {logging_mixin.py:115} INFO - [2022-12-16 02:05:51,429] {dag.py:2919} INFO - Setting next_dagrun for latest_only_with_trigger to 2022-12-15T22:05:51.429161+00:00, run_after=2022-12-16T02:05:51.429161+00:00
[2022-12-16 02:05:51,443] {processor.py:161} INFO - Processing /home/airflow/.local/lib/python3.7/site-packages/airflow/example_dags/example_latest_only_with_trigger.py took 0.081 seconds
[2022-12-16 02:06:22,338] {processor.py:153} INFO - Started process (PID=835) to work on /home/airflow/.local/lib/python3.7/site-packages/airflow/example_dags/example_latest_only_with_trigger.py
[2022-12-16 02:06:22,339] {processor.py:641} INFO - Processing file /home/airflow/.local/lib/python3.7/site-packages/airflow/example_dags/example_latest_only_with_trigger.py for tasks to queue
[2022-12-16 02:06:22,340] {logging_mixin.py:115} INFO - [2022-12-16 02:06:22,340] {dagbag.py:507} INFO - Filling up the DagBag from /home/airflow/.local/lib/python3.7/site-packages/airflow/example_dags/example_latest_only_with_trigger.py
[2022-12-16 02:06:22,346] {processor.py:651} INFO - DAG(s) dict_keys(['latest_only_with_trigger']) retrieved from /home/airflow/.local/lib/python3.7/site-packages/airflow/example_dags/example_latest_only_with_trigger.py
[2022-12-16 02:06:22,372] {logging_mixin.py:115} INFO - [2022-12-16 02:06:22,371] {dag.py:2371} INFO - Sync 1 DAGs
[2022-12-16 02:06:22,393] {logging_mixin.py:115} INFO - [2022-12-16 02:06:22,393] {dag.py:2919} INFO - Setting next_dagrun for latest_only_with_trigger to 2022-12-15T22:06:22.393050+00:00, run_after=2022-12-16T02:06:22.393050+00:00
[2022-12-16 02:06:22,406] {processor.py:161} INFO - Processing /home/airflow/.local/lib/python3.7/site-packages/airflow/example_dags/example_latest_only_with_trigger.py took 0.072 seconds
[2022-12-16 02:06:52,533] {processor.py:153} INFO - Started process (PID=897) to work on /home/airflow/.local/lib/python3.7/site-packages/airflow/example_dags/example_latest_only_with_trigger.py
[2022-12-16 02:06:52,534] {processor.py:641} INFO - Processing file /home/airflow/.local/lib/python3.7/site-packages/airflow/example_dags/example_latest_only_with_trigger.py for tasks to queue
[2022-12-16 02:06:52,535] {logging_mixin.py:115} INFO - [2022-12-16 02:06:52,535] {dagbag.py:507} INFO - Filling up the DagBag from /home/airflow/.local/lib/python3.7/site-packages/airflow/example_dags/example_latest_only_with_trigger.py
[2022-12-16 02:06:52,546] {processor.py:651} INFO - DAG(s) dict_keys(['latest_only_with_trigger']) retrieved from /home/airflow/.local/lib/python3.7/site-packages/airflow/example_dags/example_latest_only_with_trigger.py
[2022-12-16 02:06:52,595] {logging_mixin.py:115} INFO - [2022-12-16 02:06:52,595] {dag.py:2371} INFO - Sync 1 DAGs
[2022-12-16 02:06:52,621] {logging_mixin.py:115} INFO - [2022-12-16 02:06:52,621] {dag.py:2919} INFO - Setting next_dagrun for latest_only_with_trigger to 2022-12-15T22:06:52.621002+00:00, run_after=2022-12-16T02:06:52.621002+00:00
[2022-12-16 02:06:52,636] {processor.py:161} INFO - Processing /home/airflow/.local/lib/python3.7/site-packages/airflow/example_dags/example_latest_only_with_trigger.py took 0.110 seconds
[2022-12-16 02:07:22,898] {processor.py:153} INFO - Started process (PID=951) to work on /home/airflow/.local/lib/python3.7/site-packages/airflow/example_dags/example_latest_only_with_trigger.py
[2022-12-16 02:07:22,898] {processor.py:641} INFO - Processing file /home/airflow/.local/lib/python3.7/site-packages/airflow/example_dags/example_latest_only_with_trigger.py for tasks to queue
[2022-12-16 02:07:22,899] {logging_mixin.py:115} INFO - [2022-12-16 02:07:22,899] {dagbag.py:507} INFO - Filling up the DagBag from /home/airflow/.local/lib/python3.7/site-packages/airflow/example_dags/example_latest_only_with_trigger.py
[2022-12-16 02:07:22,906] {processor.py:651} INFO - DAG(s) dict_keys(['latest_only_with_trigger']) retrieved from /home/airflow/.local/lib/python3.7/site-packages/airflow/example_dags/example_latest_only_with_trigger.py
[2022-12-16 02:07:22,935] {logging_mixin.py:115} INFO - [2022-12-16 02:07:22,935] {dag.py:2371} INFO - Sync 1 DAGs
[2022-12-16 02:07:22,965] {logging_mixin.py:115} INFO - [2022-12-16 02:07:22,964] {dag.py:2919} INFO - Setting next_dagrun for latest_only_with_trigger to 2022-12-15T22:07:22.964578+00:00, run_after=2022-12-16T02:07:22.964578+00:00
[2022-12-16 02:07:22,978] {processor.py:161} INFO - Processing /home/airflow/.local/lib/python3.7/site-packages/airflow/example_dags/example_latest_only_with_trigger.py took 0.086 seconds
[2022-12-16 02:07:53,051] {processor.py:153} INFO - Started process (PID=1013) to work on /home/airflow/.local/lib/python3.7/site-packages/airflow/example_dags/example_latest_only_with_trigger.py
[2022-12-16 02:07:53,052] {processor.py:641} INFO - Processing file /home/airflow/.local/lib/python3.7/site-packages/airflow/example_dags/example_latest_only_with_trigger.py for tasks to queue
[2022-12-16 02:07:53,053] {logging_mixin.py:115} INFO - [2022-12-16 02:07:53,053] {dagbag.py:507} INFO - Filling up the DagBag from /home/airflow/.local/lib/python3.7/site-packages/airflow/example_dags/example_latest_only_with_trigger.py
[2022-12-16 02:07:53,062] {processor.py:651} INFO - DAG(s) dict_keys(['latest_only_with_trigger']) retrieved from /home/airflow/.local/lib/python3.7/site-packages/airflow/example_dags/example_latest_only_with_trigger.py
[2022-12-16 02:07:53,097] {logging_mixin.py:115} INFO - [2022-12-16 02:07:53,097] {dag.py:2371} INFO - Sync 1 DAGs
[2022-12-16 02:07:53,126] {logging_mixin.py:115} INFO - [2022-12-16 02:07:53,125] {dag.py:2919} INFO - Setting next_dagrun for latest_only_with_trigger to 2022-12-15T22:07:53.125493+00:00, run_after=2022-12-16T02:07:53.125493+00:00
[2022-12-16 02:07:53,143] {processor.py:161} INFO - Processing /home/airflow/.local/lib/python3.7/site-packages/airflow/example_dags/example_latest_only_with_trigger.py took 0.096 seconds
[2022-12-16 02:08:23,943] {processor.py:153} INFO - Started process (PID=1077) to work on /home/airflow/.local/lib/python3.7/site-packages/airflow/example_dags/example_latest_only_with_trigger.py
[2022-12-16 02:08:23,943] {processor.py:641} INFO - Processing file /home/airflow/.local/lib/python3.7/site-packages/airflow/example_dags/example_latest_only_with_trigger.py for tasks to queue
[2022-12-16 02:08:23,945] {logging_mixin.py:115} INFO - [2022-12-16 02:08:23,945] {dagbag.py:507} INFO - Filling up the DagBag from /home/airflow/.local/lib/python3.7/site-packages/airflow/example_dags/example_latest_only_with_trigger.py
[2022-12-16 02:08:23,957] {processor.py:651} INFO - DAG(s) dict_keys(['latest_only_with_trigger']) retrieved from /home/airflow/.local/lib/python3.7/site-packages/airflow/example_dags/example_latest_only_with_trigger.py
[2022-12-16 02:08:24,014] {logging_mixin.py:115} INFO - [2022-12-16 02:08:24,014] {dag.py:2371} INFO - Sync 1 DAGs
[2022-12-16 02:08:24,046] {logging_mixin.py:115} INFO - [2022-12-16 02:08:24,046] {dag.py:2919} INFO - Setting next_dagrun for latest_only_with_trigger to 2022-12-15T22:08:24.045797+00:00, run_after=2022-12-16T02:08:24.045797+00:00
[2022-12-16 02:08:24,075] {processor.py:161} INFO - Processing /home/airflow/.local/lib/python3.7/site-packages/airflow/example_dags/example_latest_only_with_trigger.py took 0.141 seconds
[2022-12-16 02:08:54,759] {processor.py:153} INFO - Started process (PID=1139) to work on /home/airflow/.local/lib/python3.7/site-packages/airflow/example_dags/example_latest_only_with_trigger.py
[2022-12-16 02:08:54,760] {processor.py:641} INFO - Processing file /home/airflow/.local/lib/python3.7/site-packages/airflow/example_dags/example_latest_only_with_trigger.py for tasks to queue
[2022-12-16 02:08:54,761] {logging_mixin.py:115} INFO - [2022-12-16 02:08:54,761] {dagbag.py:507} INFO - Filling up the DagBag from /home/airflow/.local/lib/python3.7/site-packages/airflow/example_dags/example_latest_only_with_trigger.py
[2022-12-16 02:08:54,771] {processor.py:651} INFO - DAG(s) dict_keys(['latest_only_with_trigger']) retrieved from /home/airflow/.local/lib/python3.7/site-packages/airflow/example_dags/example_latest_only_with_trigger.py
[2022-12-16 02:08:54,808] {logging_mixin.py:115} INFO - [2022-12-16 02:08:54,807] {dag.py:2371} INFO - Sync 1 DAGs
[2022-12-16 02:08:54,837] {logging_mixin.py:115} INFO - [2022-12-16 02:08:54,836] {dag.py:2919} INFO - Setting next_dagrun for latest_only_with_trigger to 2022-12-15T22:08:54.836606+00:00, run_after=2022-12-16T02:08:54.836606+00:00
[2022-12-16 02:08:54,852] {processor.py:161} INFO - Processing /home/airflow/.local/lib/python3.7/site-packages/airflow/example_dags/example_latest_only_with_trigger.py took 0.097 seconds
[2022-12-16 02:09:24,904] {processor.py:153} INFO - Started process (PID=1193) to work on /home/airflow/.local/lib/python3.7/site-packages/airflow/example_dags/example_latest_only_with_trigger.py
[2022-12-16 02:09:24,905] {processor.py:641} INFO - Processing file /home/airflow/.local/lib/python3.7/site-packages/airflow/example_dags/example_latest_only_with_trigger.py for tasks to queue
[2022-12-16 02:09:24,905] {logging_mixin.py:115} INFO - [2022-12-16 02:09:24,905] {dagbag.py:507} INFO - Filling up the DagBag from /home/airflow/.local/lib/python3.7/site-packages/airflow/example_dags/example_latest_only_with_trigger.py
[2022-12-16 02:09:24,911] {processor.py:651} INFO - DAG(s) dict_keys(['latest_only_with_trigger']) retrieved from /home/airflow/.local/lib/python3.7/site-packages/airflow/example_dags/example_latest_only_with_trigger.py
[2022-12-16 02:09:24,941] {logging_mixin.py:115} INFO - [2022-12-16 02:09:24,940] {dag.py:2371} INFO - Sync 1 DAGs
[2022-12-16 02:09:24,962] {logging_mixin.py:115} INFO - [2022-12-16 02:09:24,962] {dag.py:2919} INFO - Setting next_dagrun for latest_only_with_trigger to 2022-12-15T22:09:24.962211+00:00, run_after=2022-12-16T02:09:24.962211+00:00
[2022-12-16 02:09:24,976] {processor.py:161} INFO - Processing /home/airflow/.local/lib/python3.7/site-packages/airflow/example_dags/example_latest_only_with_trigger.py took 0.075 seconds
[2022-12-16 02:09:55,419] {processor.py:153} INFO - Started process (PID=1255) to work on /home/airflow/.local/lib/python3.7/site-packages/airflow/example_dags/example_latest_only_with_trigger.py
[2022-12-16 02:09:55,420] {processor.py:641} INFO - Processing file /home/airflow/.local/lib/python3.7/site-packages/airflow/example_dags/example_latest_only_with_trigger.py for tasks to queue
[2022-12-16 02:09:55,422] {logging_mixin.py:115} INFO - [2022-12-16 02:09:55,422] {dagbag.py:507} INFO - Filling up the DagBag from /home/airflow/.local/lib/python3.7/site-packages/airflow/example_dags/example_latest_only_with_trigger.py
[2022-12-16 02:09:55,431] {processor.py:651} INFO - DAG(s) dict_keys(['latest_only_with_trigger']) retrieved from /home/airflow/.local/lib/python3.7/site-packages/airflow/example_dags/example_latest_only_with_trigger.py
[2022-12-16 02:09:55,457] {logging_mixin.py:115} INFO - [2022-12-16 02:09:55,457] {dag.py:2371} INFO - Sync 1 DAGs
[2022-12-16 02:09:55,481] {logging_mixin.py:115} INFO - [2022-12-16 02:09:55,481] {dag.py:2919} INFO - Setting next_dagrun for latest_only_with_trigger to 2022-12-15T22:09:55.481461+00:00, run_after=2022-12-16T02:09:55.481461+00:00
[2022-12-16 02:09:55,496] {processor.py:161} INFO - Processing /home/airflow/.local/lib/python3.7/site-packages/airflow/example_dags/example_latest_only_with_trigger.py took 0.080 seconds
[2022-12-16 02:10:25,851] {processor.py:153} INFO - Started process (PID=1317) to work on /home/airflow/.local/lib/python3.7/site-packages/airflow/example_dags/example_latest_only_with_trigger.py
[2022-12-16 02:10:25,852] {processor.py:641} INFO - Processing file /home/airflow/.local/lib/python3.7/site-packages/airflow/example_dags/example_latest_only_with_trigger.py for tasks to queue
[2022-12-16 02:10:25,852] {logging_mixin.py:115} INFO - [2022-12-16 02:10:25,852] {dagbag.py:507} INFO - Filling up the DagBag from /home/airflow/.local/lib/python3.7/site-packages/airflow/example_dags/example_latest_only_with_trigger.py
[2022-12-16 02:10:25,860] {processor.py:651} INFO - DAG(s) dict_keys(['latest_only_with_trigger']) retrieved from /home/airflow/.local/lib/python3.7/site-packages/airflow/example_dags/example_latest_only_with_trigger.py
[2022-12-16 02:10:25,887] {logging_mixin.py:115} INFO - [2022-12-16 02:10:25,887] {dag.py:2371} INFO - Sync 1 DAGs
[2022-12-16 02:10:25,910] {logging_mixin.py:115} INFO - [2022-12-16 02:10:25,910] {dag.py:2919} INFO - Setting next_dagrun for latest_only_with_trigger to 2022-12-15T22:10:25.910007+00:00, run_after=2022-12-16T02:10:25.910007+00:00
[2022-12-16 02:10:25,923] {processor.py:161} INFO - Processing /home/airflow/.local/lib/python3.7/site-packages/airflow/example_dags/example_latest_only_with_trigger.py took 0.076 seconds
[2022-12-16 02:10:56,158] {processor.py:153} INFO - Started process (PID=1370) to work on /home/airflow/.local/lib/python3.7/site-packages/airflow/example_dags/example_latest_only_with_trigger.py
[2022-12-16 02:10:56,159] {processor.py:641} INFO - Processing file /home/airflow/.local/lib/python3.7/site-packages/airflow/example_dags/example_latest_only_with_trigger.py for tasks to queue
[2022-12-16 02:10:56,160] {logging_mixin.py:115} INFO - [2022-12-16 02:10:56,160] {dagbag.py:507} INFO - Filling up the DagBag from /home/airflow/.local/lib/python3.7/site-packages/airflow/example_dags/example_latest_only_with_trigger.py
[2022-12-16 02:10:56,167] {processor.py:651} INFO - DAG(s) dict_keys(['latest_only_with_trigger']) retrieved from /home/airflow/.local/lib/python3.7/site-packages/airflow/example_dags/example_latest_only_with_trigger.py
[2022-12-16 02:10:56,207] {logging_mixin.py:115} INFO - [2022-12-16 02:10:56,207] {dag.py:2371} INFO - Sync 1 DAGs
[2022-12-16 02:10:56,228] {logging_mixin.py:115} INFO - [2022-12-16 02:10:56,228] {dag.py:2919} INFO - Setting next_dagrun for latest_only_with_trigger to 2022-12-15T22:10:56.227855+00:00, run_after=2022-12-16T02:10:56.227855+00:00
[2022-12-16 02:10:56,240] {processor.py:161} INFO - Processing /home/airflow/.local/lib/python3.7/site-packages/airflow/example_dags/example_latest_only_with_trigger.py took 0.086 seconds
[2022-12-16 02:11:26,429] {processor.py:153} INFO - Started process (PID=1432) to work on /home/airflow/.local/lib/python3.7/site-packages/airflow/example_dags/example_latest_only_with_trigger.py
[2022-12-16 02:11:26,430] {processor.py:641} INFO - Processing file /home/airflow/.local/lib/python3.7/site-packages/airflow/example_dags/example_latest_only_with_trigger.py for tasks to queue
[2022-12-16 02:11:26,431] {logging_mixin.py:115} INFO - [2022-12-16 02:11:26,430] {dagbag.py:507} INFO - Filling up the DagBag from /home/airflow/.local/lib/python3.7/site-packages/airflow/example_dags/example_latest_only_with_trigger.py
[2022-12-16 02:11:26,437] {processor.py:651} INFO - DAG(s) dict_keys(['latest_only_with_trigger']) retrieved from /home/airflow/.local/lib/python3.7/site-packages/airflow/example_dags/example_latest_only_with_trigger.py
[2022-12-16 02:11:26,465] {logging_mixin.py:115} INFO - [2022-12-16 02:11:26,465] {dag.py:2371} INFO - Sync 1 DAGs
[2022-12-16 02:11:26,487] {logging_mixin.py:115} INFO - [2022-12-16 02:11:26,487] {dag.py:2919} INFO - Setting next_dagrun for latest_only_with_trigger to 2022-12-15T22:11:26.487481+00:00, run_after=2022-12-16T02:11:26.487481+00:00
[2022-12-16 02:11:26,501] {processor.py:161} INFO - Processing /home/airflow/.local/lib/python3.7/site-packages/airflow/example_dags/example_latest_only_with_trigger.py took 0.075 seconds
[2022-12-16 02:11:56,528] {processor.py:153} INFO - Started process (PID=1493) to work on /home/airflow/.local/lib/python3.7/site-packages/airflow/example_dags/example_latest_only_with_trigger.py
[2022-12-16 02:11:56,529] {processor.py:641} INFO - Processing file /home/airflow/.local/lib/python3.7/site-packages/airflow/example_dags/example_latest_only_with_trigger.py for tasks to queue
[2022-12-16 02:11:56,530] {logging_mixin.py:115} INFO - [2022-12-16 02:11:56,529] {dagbag.py:507} INFO - Filling up the DagBag from /home/airflow/.local/lib/python3.7/site-packages/airflow/example_dags/example_latest_only_with_trigger.py
[2022-12-16 02:11:56,539] {processor.py:651} INFO - DAG(s) dict_keys(['latest_only_with_trigger']) retrieved from /home/airflow/.local/lib/python3.7/site-packages/airflow/example_dags/example_latest_only_with_trigger.py
[2022-12-16 02:11:56,590] {logging_mixin.py:115} INFO - [2022-12-16 02:11:56,590] {dag.py:2371} INFO - Sync 1 DAGs
[2022-12-16 02:11:56,614] {logging_mixin.py:115} INFO - [2022-12-16 02:11:56,614] {dag.py:2919} INFO - Setting next_dagrun for latest_only_with_trigger to 2022-12-15T22:11:56.614048+00:00, run_after=2022-12-16T02:11:56.614048+00:00
[2022-12-16 02:11:56,634] {processor.py:161} INFO - Processing /home/airflow/.local/lib/python3.7/site-packages/airflow/example_dags/example_latest_only_with_trigger.py took 0.111 seconds
[2022-12-16 02:12:26,794] {processor.py:153} INFO - Started process (PID=1547) to work on /home/airflow/.local/lib/python3.7/site-packages/airflow/example_dags/example_latest_only_with_trigger.py
[2022-12-16 02:12:26,795] {processor.py:641} INFO - Processing file /home/airflow/.local/lib/python3.7/site-packages/airflow/example_dags/example_latest_only_with_trigger.py for tasks to queue
[2022-12-16 02:12:26,797] {logging_mixin.py:115} INFO - [2022-12-16 02:12:26,797] {dagbag.py:507} INFO - Filling up the DagBag from /home/airflow/.local/lib/python3.7/site-packages/airflow/example_dags/example_latest_only_with_trigger.py
[2022-12-16 02:12:26,809] {processor.py:651} INFO - DAG(s) dict_keys(['latest_only_with_trigger']) retrieved from /home/airflow/.local/lib/python3.7/site-packages/airflow/example_dags/example_latest_only_with_trigger.py
[2022-12-16 02:12:26,835] {logging_mixin.py:115} INFO - [2022-12-16 02:12:26,835] {dag.py:2371} INFO - Sync 1 DAGs
[2022-12-16 02:12:26,863] {logging_mixin.py:115} INFO - [2022-12-16 02:12:26,862] {dag.py:2919} INFO - Setting next_dagrun for latest_only_with_trigger to 2022-12-15T22:12:26.862732+00:00, run_after=2022-12-16T02:12:26.862732+00:00
[2022-12-16 02:12:26,875] {processor.py:161} INFO - Processing /home/airflow/.local/lib/python3.7/site-packages/airflow/example_dags/example_latest_only_with_trigger.py took 0.085 seconds
[2022-12-16 02:12:57,358] {processor.py:153} INFO - Started process (PID=1608) to work on /home/airflow/.local/lib/python3.7/site-packages/airflow/example_dags/example_latest_only_with_trigger.py
[2022-12-16 02:12:57,359] {processor.py:641} INFO - Processing file /home/airflow/.local/lib/python3.7/site-packages/airflow/example_dags/example_latest_only_with_trigger.py for tasks to queue
[2022-12-16 02:12:57,360] {logging_mixin.py:115} INFO - [2022-12-16 02:12:57,360] {dagbag.py:507} INFO - Filling up the DagBag from /home/airflow/.local/lib/python3.7/site-packages/airflow/example_dags/example_latest_only_with_trigger.py
[2022-12-16 02:12:57,367] {processor.py:651} INFO - DAG(s) dict_keys(['latest_only_with_trigger']) retrieved from /home/airflow/.local/lib/python3.7/site-packages/airflow/example_dags/example_latest_only_with_trigger.py
[2022-12-16 02:12:57,398] {logging_mixin.py:115} INFO - [2022-12-16 02:12:57,398] {dag.py:2371} INFO - Sync 1 DAGs
[2022-12-16 02:12:57,419] {logging_mixin.py:115} INFO - [2022-12-16 02:12:57,419] {dag.py:2919} INFO - Setting next_dagrun for latest_only_with_trigger to 2022-12-15T22:12:57.419256+00:00, run_after=2022-12-16T02:12:57.419256+00:00
[2022-12-16 02:12:57,434] {processor.py:161} INFO - Processing /home/airflow/.local/lib/python3.7/site-packages/airflow/example_dags/example_latest_only_with_trigger.py took 0.081 seconds
