[2022-12-16 01:50:26,722] {processor.py:153} INFO - Started process (PID=63) to work on /home/airflow/.local/lib/python3.7/site-packages/airflow/example_dags/example_skip_dag.py
[2022-12-16 01:50:26,723] {processor.py:641} INFO - Processing file /home/airflow/.local/lib/python3.7/site-packages/airflow/example_dags/example_skip_dag.py for tasks to queue
[2022-12-16 01:50:26,727] {logging_mixin.py:115} INFO - [2022-12-16 01:50:26,726] {dagbag.py:507} INFO - Filling up the DagBag from /home/airflow/.local/lib/python3.7/site-packages/airflow/example_dags/example_skip_dag.py
[2022-12-16 01:50:26,745] {processor.py:651} INFO - DAG(s) dict_keys(['example_skip_dag']) retrieved from /home/airflow/.local/lib/python3.7/site-packages/airflow/example_dags/example_skip_dag.py
[2022-12-16 01:50:27,129] {logging_mixin.py:115} INFO - [2022-12-16 01:50:27,129] {manager.py:508} INFO - Created Permission View: can edit on DAG:example_skip_dag
[2022-12-16 01:50:27,164] {logging_mixin.py:115} INFO - [2022-12-16 01:50:27,164] {manager.py:508} INFO - Created Permission View: can delete on DAG:example_skip_dag
[2022-12-16 01:50:27,180] {logging_mixin.py:115} INFO - [2022-12-16 01:50:27,180] {manager.py:508} INFO - Created Permission View: can read on DAG:example_skip_dag
[2022-12-16 01:50:27,181] {logging_mixin.py:115} INFO - [2022-12-16 01:50:27,181] {dag.py:2371} INFO - Sync 1 DAGs
[2022-12-16 01:50:27,194] {logging_mixin.py:115} INFO - [2022-12-16 01:50:27,194] {dag.py:2390} INFO - Creating ORM DAG for example_skip_dag
[2022-12-16 01:50:27,207] {logging_mixin.py:115} INFO - [2022-12-16 01:50:27,207] {dag.py:2919} INFO - Setting next_dagrun for example_skip_dag to 2022-12-15T01:50:27.207514+00:00, run_after=2022-12-16T01:50:27.207514+00:00
[2022-12-16 01:50:27,225] {processor.py:161} INFO - Processing /home/airflow/.local/lib/python3.7/site-packages/airflow/example_dags/example_skip_dag.py took 0.510 seconds
[2022-12-16 01:50:57,442] {processor.py:153} INFO - Started process (PID=125) to work on /home/airflow/.local/lib/python3.7/site-packages/airflow/example_dags/example_skip_dag.py
[2022-12-16 01:50:57,442] {processor.py:641} INFO - Processing file /home/airflow/.local/lib/python3.7/site-packages/airflow/example_dags/example_skip_dag.py for tasks to queue
[2022-12-16 01:50:57,443] {logging_mixin.py:115} INFO - [2022-12-16 01:50:57,443] {dagbag.py:507} INFO - Filling up the DagBag from /home/airflow/.local/lib/python3.7/site-packages/airflow/example_dags/example_skip_dag.py
[2022-12-16 01:50:57,449] {processor.py:651} INFO - DAG(s) dict_keys(['example_skip_dag']) retrieved from /home/airflow/.local/lib/python3.7/site-packages/airflow/example_dags/example_skip_dag.py
[2022-12-16 01:50:57,473] {logging_mixin.py:115} INFO - [2022-12-16 01:50:57,473] {dag.py:2371} INFO - Sync 1 DAGs
[2022-12-16 01:50:57,624] {logging_mixin.py:115} INFO - [2022-12-16 01:50:57,624] {dag.py:2919} INFO - Setting next_dagrun for example_skip_dag to 2022-12-15T01:50:57.623911+00:00, run_after=2022-12-16T01:50:57.623911+00:00
[2022-12-16 01:50:57,636] {processor.py:161} INFO - Processing /home/airflow/.local/lib/python3.7/site-packages/airflow/example_dags/example_skip_dag.py took 0.197 seconds
[2022-12-16 01:51:28,242] {processor.py:153} INFO - Started process (PID=187) to work on /home/airflow/.local/lib/python3.7/site-packages/airflow/example_dags/example_skip_dag.py
[2022-12-16 01:51:28,243] {processor.py:641} INFO - Processing file /home/airflow/.local/lib/python3.7/site-packages/airflow/example_dags/example_skip_dag.py for tasks to queue
[2022-12-16 01:51:28,244] {logging_mixin.py:115} INFO - [2022-12-16 01:51:28,244] {dagbag.py:507} INFO - Filling up the DagBag from /home/airflow/.local/lib/python3.7/site-packages/airflow/example_dags/example_skip_dag.py
[2022-12-16 01:51:28,254] {processor.py:651} INFO - DAG(s) dict_keys(['example_skip_dag']) retrieved from /home/airflow/.local/lib/python3.7/site-packages/airflow/example_dags/example_skip_dag.py
[2022-12-16 01:51:28,302] {logging_mixin.py:115} INFO - [2022-12-16 01:51:28,302] {dag.py:2371} INFO - Sync 1 DAGs
[2022-12-16 01:51:28,585] {logging_mixin.py:115} INFO - [2022-12-16 01:51:28,585] {dag.py:2919} INFO - Setting next_dagrun for example_skip_dag to 2022-12-15T01:51:28.585403+00:00, run_after=2022-12-16T01:51:28.585403+00:00
[2022-12-16 01:51:28,599] {processor.py:161} INFO - Processing /home/airflow/.local/lib/python3.7/site-packages/airflow/example_dags/example_skip_dag.py took 0.362 seconds
[2022-12-16 01:51:58,737] {processor.py:153} INFO - Started process (PID=239) to work on /home/airflow/.local/lib/python3.7/site-packages/airflow/example_dags/example_skip_dag.py
[2022-12-16 01:51:58,738] {processor.py:641} INFO - Processing file /home/airflow/.local/lib/python3.7/site-packages/airflow/example_dags/example_skip_dag.py for tasks to queue
[2022-12-16 01:51:58,740] {logging_mixin.py:115} INFO - [2022-12-16 01:51:58,739] {dagbag.py:507} INFO - Filling up the DagBag from /home/airflow/.local/lib/python3.7/site-packages/airflow/example_dags/example_skip_dag.py
[2022-12-16 01:51:58,749] {processor.py:651} INFO - DAG(s) dict_keys(['example_skip_dag']) retrieved from /home/airflow/.local/lib/python3.7/site-packages/airflow/example_dags/example_skip_dag.py
[2022-12-16 01:51:58,783] {logging_mixin.py:115} INFO - [2022-12-16 01:51:58,783] {dag.py:2371} INFO - Sync 1 DAGs
[2022-12-16 01:51:58,980] {logging_mixin.py:115} INFO - [2022-12-16 01:51:58,980] {dag.py:2919} INFO - Setting next_dagrun for example_skip_dag to 2022-12-15T01:51:58.980081+00:00, run_after=2022-12-16T01:51:58.980081+00:00
[2022-12-16 01:51:58,995] {processor.py:161} INFO - Processing /home/airflow/.local/lib/python3.7/site-packages/airflow/example_dags/example_skip_dag.py took 0.262 seconds
[2022-12-16 01:52:29,453] {processor.py:153} INFO - Started process (PID=301) to work on /home/airflow/.local/lib/python3.7/site-packages/airflow/example_dags/example_skip_dag.py
[2022-12-16 01:52:29,454] {processor.py:641} INFO - Processing file /home/airflow/.local/lib/python3.7/site-packages/airflow/example_dags/example_skip_dag.py for tasks to queue
[2022-12-16 01:52:29,455] {logging_mixin.py:115} INFO - [2022-12-16 01:52:29,455] {dagbag.py:507} INFO - Filling up the DagBag from /home/airflow/.local/lib/python3.7/site-packages/airflow/example_dags/example_skip_dag.py
[2022-12-16 01:52:29,464] {processor.py:651} INFO - DAG(s) dict_keys(['example_skip_dag']) retrieved from /home/airflow/.local/lib/python3.7/site-packages/airflow/example_dags/example_skip_dag.py
[2022-12-16 01:52:29,505] {logging_mixin.py:115} INFO - [2022-12-16 01:52:29,505] {dag.py:2371} INFO - Sync 1 DAGs
[2022-12-16 01:52:29,678] {logging_mixin.py:115} INFO - [2022-12-16 01:52:29,678] {dag.py:2919} INFO - Setting next_dagrun for example_skip_dag to 2022-12-15T01:52:29.678030+00:00, run_after=2022-12-16T01:52:29.678030+00:00
[2022-12-16 01:52:29,692] {processor.py:161} INFO - Processing /home/airflow/.local/lib/python3.7/site-packages/airflow/example_dags/example_skip_dag.py took 0.244 seconds
[2022-12-16 01:52:59,975] {processor.py:153} INFO - Started process (PID=359) to work on /home/airflow/.local/lib/python3.7/site-packages/airflow/example_dags/example_skip_dag.py
[2022-12-16 01:52:59,976] {processor.py:641} INFO - Processing file /home/airflow/.local/lib/python3.7/site-packages/airflow/example_dags/example_skip_dag.py for tasks to queue
[2022-12-16 01:52:59,976] {logging_mixin.py:115} INFO - [2022-12-16 01:52:59,976] {dagbag.py:507} INFO - Filling up the DagBag from /home/airflow/.local/lib/python3.7/site-packages/airflow/example_dags/example_skip_dag.py
[2022-12-16 01:52:59,989] {processor.py:651} INFO - DAG(s) dict_keys(['example_skip_dag']) retrieved from /home/airflow/.local/lib/python3.7/site-packages/airflow/example_dags/example_skip_dag.py
[2022-12-16 01:53:00,029] {logging_mixin.py:115} INFO - [2022-12-16 01:53:00,029] {dag.py:2371} INFO - Sync 1 DAGs
[2022-12-16 01:53:00,339] {logging_mixin.py:115} INFO - [2022-12-16 01:53:00,339] {dag.py:2919} INFO - Setting next_dagrun for example_skip_dag to 2022-12-15T01:53:00.339066+00:00, run_after=2022-12-16T01:53:00.339066+00:00
[2022-12-16 01:53:00,353] {processor.py:161} INFO - Processing /home/airflow/.local/lib/python3.7/site-packages/airflow/example_dags/example_skip_dag.py took 0.383 seconds
[2022-12-16 01:53:30,411] {processor.py:153} INFO - Started process (PID=413) to work on /home/airflow/.local/lib/python3.7/site-packages/airflow/example_dags/example_skip_dag.py
[2022-12-16 01:53:30,412] {processor.py:641} INFO - Processing file /home/airflow/.local/lib/python3.7/site-packages/airflow/example_dags/example_skip_dag.py for tasks to queue
[2022-12-16 01:53:30,413] {logging_mixin.py:115} INFO - [2022-12-16 01:53:30,413] {dagbag.py:507} INFO - Filling up the DagBag from /home/airflow/.local/lib/python3.7/site-packages/airflow/example_dags/example_skip_dag.py
[2022-12-16 01:53:30,422] {processor.py:651} INFO - DAG(s) dict_keys(['example_skip_dag']) retrieved from /home/airflow/.local/lib/python3.7/site-packages/airflow/example_dags/example_skip_dag.py
[2022-12-16 01:53:30,450] {logging_mixin.py:115} INFO - [2022-12-16 01:53:30,450] {dag.py:2371} INFO - Sync 1 DAGs
[2022-12-16 01:53:30,629] {logging_mixin.py:115} INFO - [2022-12-16 01:53:30,629] {dag.py:2919} INFO - Setting next_dagrun for example_skip_dag to 2022-12-15T01:53:30.628920+00:00, run_after=2022-12-16T01:53:30.628920+00:00
[2022-12-16 01:53:30,641] {processor.py:161} INFO - Processing /home/airflow/.local/lib/python3.7/site-packages/airflow/example_dags/example_skip_dag.py took 0.234 seconds
[2022-12-16 01:54:01,282] {processor.py:153} INFO - Started process (PID=474) to work on /home/airflow/.local/lib/python3.7/site-packages/airflow/example_dags/example_skip_dag.py
[2022-12-16 01:54:01,283] {processor.py:641} INFO - Processing file /home/airflow/.local/lib/python3.7/site-packages/airflow/example_dags/example_skip_dag.py for tasks to queue
[2022-12-16 01:54:01,284] {logging_mixin.py:115} INFO - [2022-12-16 01:54:01,284] {dagbag.py:507} INFO - Filling up the DagBag from /home/airflow/.local/lib/python3.7/site-packages/airflow/example_dags/example_skip_dag.py
[2022-12-16 01:54:01,294] {processor.py:651} INFO - DAG(s) dict_keys(['example_skip_dag']) retrieved from /home/airflow/.local/lib/python3.7/site-packages/airflow/example_dags/example_skip_dag.py
[2022-12-16 01:54:01,333] {logging_mixin.py:115} INFO - [2022-12-16 01:54:01,333] {dag.py:2371} INFO - Sync 1 DAGs
[2022-12-16 01:54:01,507] {logging_mixin.py:115} INFO - [2022-12-16 01:54:01,507] {dag.py:2919} INFO - Setting next_dagrun for example_skip_dag to 2022-12-15T01:54:01.507690+00:00, run_after=2022-12-16T01:54:01.507690+00:00
[2022-12-16 01:54:01,518] {processor.py:161} INFO - Processing /home/airflow/.local/lib/python3.7/site-packages/airflow/example_dags/example_skip_dag.py took 0.240 seconds
[2022-12-16 01:54:32,623] {processor.py:153} INFO - Started process (PID=533) to work on /home/airflow/.local/lib/python3.7/site-packages/airflow/example_dags/example_skip_dag.py
[2022-12-16 01:54:32,624] {processor.py:641} INFO - Processing file /home/airflow/.local/lib/python3.7/site-packages/airflow/example_dags/example_skip_dag.py for tasks to queue
[2022-12-16 01:54:32,625] {logging_mixin.py:115} INFO - [2022-12-16 01:54:32,625] {dagbag.py:507} INFO - Filling up the DagBag from /home/airflow/.local/lib/python3.7/site-packages/airflow/example_dags/example_skip_dag.py
[2022-12-16 01:54:32,634] {processor.py:651} INFO - DAG(s) dict_keys(['example_skip_dag']) retrieved from /home/airflow/.local/lib/python3.7/site-packages/airflow/example_dags/example_skip_dag.py
[2022-12-16 01:54:32,692] {logging_mixin.py:115} INFO - [2022-12-16 01:54:32,692] {dag.py:2371} INFO - Sync 1 DAGs
[2022-12-16 01:54:32,906] {logging_mixin.py:115} INFO - [2022-12-16 01:54:32,905] {dag.py:2919} INFO - Setting next_dagrun for example_skip_dag to 2022-12-15T01:54:32.905680+00:00, run_after=2022-12-16T01:54:32.905680+00:00
[2022-12-16 01:54:32,922] {processor.py:161} INFO - Processing /home/airflow/.local/lib/python3.7/site-packages/airflow/example_dags/example_skip_dag.py took 0.303 seconds
[2022-12-16 01:55:03,247] {processor.py:153} INFO - Started process (PID=587) to work on /home/airflow/.local/lib/python3.7/site-packages/airflow/example_dags/example_skip_dag.py
[2022-12-16 01:55:03,248] {processor.py:641} INFO - Processing file /home/airflow/.local/lib/python3.7/site-packages/airflow/example_dags/example_skip_dag.py for tasks to queue
[2022-12-16 01:55:03,249] {logging_mixin.py:115} INFO - [2022-12-16 01:55:03,249] {dagbag.py:507} INFO - Filling up the DagBag from /home/airflow/.local/lib/python3.7/site-packages/airflow/example_dags/example_skip_dag.py
[2022-12-16 01:55:03,255] {processor.py:651} INFO - DAG(s) dict_keys(['example_skip_dag']) retrieved from /home/airflow/.local/lib/python3.7/site-packages/airflow/example_dags/example_skip_dag.py
[2022-12-16 01:55:03,285] {logging_mixin.py:115} INFO - [2022-12-16 01:55:03,285] {dag.py:2371} INFO - Sync 1 DAGs
[2022-12-16 01:55:03,463] {logging_mixin.py:115} INFO - [2022-12-16 01:55:03,463] {dag.py:2919} INFO - Setting next_dagrun for example_skip_dag to 2022-12-15T01:55:03.463364+00:00, run_after=2022-12-16T01:55:03.463364+00:00
[2022-12-16 01:55:03,478] {processor.py:161} INFO - Processing /home/airflow/.local/lib/python3.7/site-packages/airflow/example_dags/example_skip_dag.py took 0.234 seconds
[2022-12-16 01:55:33,862] {processor.py:153} INFO - Started process (PID=649) to work on /home/airflow/.local/lib/python3.7/site-packages/airflow/example_dags/example_skip_dag.py
[2022-12-16 01:55:33,862] {processor.py:641} INFO - Processing file /home/airflow/.local/lib/python3.7/site-packages/airflow/example_dags/example_skip_dag.py for tasks to queue
[2022-12-16 01:55:33,863] {logging_mixin.py:115} INFO - [2022-12-16 01:55:33,863] {dagbag.py:507} INFO - Filling up the DagBag from /home/airflow/.local/lib/python3.7/site-packages/airflow/example_dags/example_skip_dag.py
[2022-12-16 01:55:33,869] {processor.py:651} INFO - DAG(s) dict_keys(['example_skip_dag']) retrieved from /home/airflow/.local/lib/python3.7/site-packages/airflow/example_dags/example_skip_dag.py
[2022-12-16 01:55:33,899] {logging_mixin.py:115} INFO - [2022-12-16 01:55:33,899] {dag.py:2371} INFO - Sync 1 DAGs
[2022-12-16 01:55:34,084] {logging_mixin.py:115} INFO - [2022-12-16 01:55:34,084] {dag.py:2919} INFO - Setting next_dagrun for example_skip_dag to 2022-12-15T01:55:34.084549+00:00, run_after=2022-12-16T01:55:34.084549+00:00
[2022-12-16 01:55:34,114] {processor.py:161} INFO - Processing /home/airflow/.local/lib/python3.7/site-packages/airflow/example_dags/example_skip_dag.py took 0.256 seconds
[2022-12-16 01:56:04,613] {processor.py:153} INFO - Started process (PID=710) to work on /home/airflow/.local/lib/python3.7/site-packages/airflow/example_dags/example_skip_dag.py
[2022-12-16 01:56:04,614] {processor.py:641} INFO - Processing file /home/airflow/.local/lib/python3.7/site-packages/airflow/example_dags/example_skip_dag.py for tasks to queue
[2022-12-16 01:56:04,615] {logging_mixin.py:115} INFO - [2022-12-16 01:56:04,615] {dagbag.py:507} INFO - Filling up the DagBag from /home/airflow/.local/lib/python3.7/site-packages/airflow/example_dags/example_skip_dag.py
[2022-12-16 01:56:04,620] {processor.py:651} INFO - DAG(s) dict_keys(['example_skip_dag']) retrieved from /home/airflow/.local/lib/python3.7/site-packages/airflow/example_dags/example_skip_dag.py
[2022-12-16 01:56:04,651] {logging_mixin.py:115} INFO - [2022-12-16 01:56:04,651] {dag.py:2371} INFO - Sync 1 DAGs
[2022-12-16 01:56:04,816] {logging_mixin.py:115} INFO - [2022-12-16 01:56:04,816] {dag.py:2919} INFO - Setting next_dagrun for example_skip_dag to 2022-12-15T01:56:04.816581+00:00, run_after=2022-12-16T01:56:04.816581+00:00
[2022-12-16 01:56:04,833] {processor.py:161} INFO - Processing /home/airflow/.local/lib/python3.7/site-packages/airflow/example_dags/example_skip_dag.py took 0.223 seconds
[2022-12-16 01:56:34,878] {processor.py:153} INFO - Started process (PID=763) to work on /home/airflow/.local/lib/python3.7/site-packages/airflow/example_dags/example_skip_dag.py
[2022-12-16 01:56:34,879] {processor.py:641} INFO - Processing file /home/airflow/.local/lib/python3.7/site-packages/airflow/example_dags/example_skip_dag.py for tasks to queue
[2022-12-16 01:56:34,880] {logging_mixin.py:115} INFO - [2022-12-16 01:56:34,880] {dagbag.py:507} INFO - Filling up the DagBag from /home/airflow/.local/lib/python3.7/site-packages/airflow/example_dags/example_skip_dag.py
[2022-12-16 01:56:34,885] {processor.py:651} INFO - DAG(s) dict_keys(['example_skip_dag']) retrieved from /home/airflow/.local/lib/python3.7/site-packages/airflow/example_dags/example_skip_dag.py
[2022-12-16 01:56:34,912] {logging_mixin.py:115} INFO - [2022-12-16 01:56:34,912] {dag.py:2371} INFO - Sync 1 DAGs
[2022-12-16 01:56:35,062] {logging_mixin.py:115} INFO - [2022-12-16 01:56:35,062] {dag.py:2919} INFO - Setting next_dagrun for example_skip_dag to 2022-12-15T01:56:35.062547+00:00, run_after=2022-12-16T01:56:35.062547+00:00
[2022-12-16 01:56:35,075] {processor.py:161} INFO - Processing /home/airflow/.local/lib/python3.7/site-packages/airflow/example_dags/example_skip_dag.py took 0.200 seconds
[2022-12-16 01:57:05,293] {processor.py:153} INFO - Started process (PID=825) to work on /home/airflow/.local/lib/python3.7/site-packages/airflow/example_dags/example_skip_dag.py
[2022-12-16 01:57:05,293] {processor.py:641} INFO - Processing file /home/airflow/.local/lib/python3.7/site-packages/airflow/example_dags/example_skip_dag.py for tasks to queue
[2022-12-16 01:57:05,294] {logging_mixin.py:115} INFO - [2022-12-16 01:57:05,294] {dagbag.py:507} INFO - Filling up the DagBag from /home/airflow/.local/lib/python3.7/site-packages/airflow/example_dags/example_skip_dag.py
[2022-12-16 01:57:05,300] {processor.py:651} INFO - DAG(s) dict_keys(['example_skip_dag']) retrieved from /home/airflow/.local/lib/python3.7/site-packages/airflow/example_dags/example_skip_dag.py
[2022-12-16 01:57:05,329] {logging_mixin.py:115} INFO - [2022-12-16 01:57:05,329] {dag.py:2371} INFO - Sync 1 DAGs
[2022-12-16 01:57:05,501] {logging_mixin.py:115} INFO - [2022-12-16 01:57:05,501] {dag.py:2919} INFO - Setting next_dagrun for example_skip_dag to 2022-12-15T01:57:05.500943+00:00, run_after=2022-12-16T01:57:05.500943+00:00
[2022-12-16 01:57:05,513] {processor.py:161} INFO - Processing /home/airflow/.local/lib/python3.7/site-packages/airflow/example_dags/example_skip_dag.py took 0.224 seconds
[2022-12-16 01:57:36,582] {processor.py:153} INFO - Started process (PID=887) to work on /home/airflow/.local/lib/python3.7/site-packages/airflow/example_dags/example_skip_dag.py
[2022-12-16 01:57:36,583] {processor.py:641} INFO - Processing file /home/airflow/.local/lib/python3.7/site-packages/airflow/example_dags/example_skip_dag.py for tasks to queue
[2022-12-16 01:57:36,585] {logging_mixin.py:115} INFO - [2022-12-16 01:57:36,584] {dagbag.py:507} INFO - Filling up the DagBag from /home/airflow/.local/lib/python3.7/site-packages/airflow/example_dags/example_skip_dag.py
[2022-12-16 01:57:36,594] {processor.py:651} INFO - DAG(s) dict_keys(['example_skip_dag']) retrieved from /home/airflow/.local/lib/python3.7/site-packages/airflow/example_dags/example_skip_dag.py
[2022-12-16 01:57:36,631] {logging_mixin.py:115} INFO - [2022-12-16 01:57:36,631] {dag.py:2371} INFO - Sync 1 DAGs
[2022-12-16 01:57:36,803] {logging_mixin.py:115} INFO - [2022-12-16 01:57:36,803] {dag.py:2919} INFO - Setting next_dagrun for example_skip_dag to 2022-12-15T01:57:36.802814+00:00, run_after=2022-12-16T01:57:36.802814+00:00
[2022-12-16 01:57:36,814] {processor.py:161} INFO - Processing /home/airflow/.local/lib/python3.7/site-packages/airflow/example_dags/example_skip_dag.py took 0.236 seconds
[2022-12-16 01:58:58,314] {processor.py:153} INFO - Started process (PID=64) to work on /home/airflow/.local/lib/python3.7/site-packages/airflow/example_dags/example_skip_dag.py
[2022-12-16 01:58:58,318] {processor.py:641} INFO - Processing file /home/airflow/.local/lib/python3.7/site-packages/airflow/example_dags/example_skip_dag.py for tasks to queue
[2022-12-16 01:58:58,322] {logging_mixin.py:115} INFO - [2022-12-16 01:58:58,322] {dagbag.py:507} INFO - Filling up the DagBag from /home/airflow/.local/lib/python3.7/site-packages/airflow/example_dags/example_skip_dag.py
[2022-12-16 01:58:58,343] {processor.py:651} INFO - DAG(s) dict_keys(['example_skip_dag']) retrieved from /home/airflow/.local/lib/python3.7/site-packages/airflow/example_dags/example_skip_dag.py
[2022-12-16 01:58:58,435] {logging_mixin.py:115} INFO - [2022-12-16 01:58:58,434] {dag.py:2371} INFO - Sync 1 DAGs
[2022-12-16 01:58:58,522] {logging_mixin.py:115} INFO - [2022-12-16 01:58:58,521] {dag.py:2919} INFO - Setting next_dagrun for example_skip_dag to 2022-12-15T01:58:58.521602+00:00, run_after=2022-12-16T01:58:58.521602+00:00
[2022-12-16 01:58:58,567] {processor.py:161} INFO - Processing /home/airflow/.local/lib/python3.7/site-packages/airflow/example_dags/example_skip_dag.py took 0.258 seconds
[2022-12-16 01:59:44,089] {processor.py:153} INFO - Started process (PID=62) to work on /home/airflow/.local/lib/python3.7/site-packages/airflow/example_dags/example_skip_dag.py
[2022-12-16 01:59:44,101] {processor.py:641} INFO - Processing file /home/airflow/.local/lib/python3.7/site-packages/airflow/example_dags/example_skip_dag.py for tasks to queue
[2022-12-16 01:59:44,102] {logging_mixin.py:115} INFO - [2022-12-16 01:59:44,102] {dagbag.py:507} INFO - Filling up the DagBag from /home/airflow/.local/lib/python3.7/site-packages/airflow/example_dags/example_skip_dag.py
[2022-12-16 01:59:44,139] {processor.py:651} INFO - DAG(s) dict_keys(['example_skip_dag']) retrieved from /home/airflow/.local/lib/python3.7/site-packages/airflow/example_dags/example_skip_dag.py
[2022-12-16 01:59:44,358] {logging_mixin.py:115} INFO - [2022-12-16 01:59:44,358] {dag.py:2371} INFO - Sync 1 DAGs
[2022-12-16 01:59:44,484] {logging_mixin.py:115} INFO - [2022-12-16 01:59:44,483] {dag.py:2919} INFO - Setting next_dagrun for example_skip_dag to 2022-12-15T01:59:44.483627+00:00, run_after=2022-12-16T01:59:44.483627+00:00
[2022-12-16 01:59:44,555] {processor.py:161} INFO - Processing /home/airflow/.local/lib/python3.7/site-packages/airflow/example_dags/example_skip_dag.py took 0.478 seconds
[2022-12-16 02:00:14,890] {processor.py:153} INFO - Started process (PID=117) to work on /home/airflow/.local/lib/python3.7/site-packages/airflow/example_dags/example_skip_dag.py
[2022-12-16 02:00:14,892] {processor.py:641} INFO - Processing file /home/airflow/.local/lib/python3.7/site-packages/airflow/example_dags/example_skip_dag.py for tasks to queue
[2022-12-16 02:00:14,892] {logging_mixin.py:115} INFO - [2022-12-16 02:00:14,892] {dagbag.py:507} INFO - Filling up the DagBag from /home/airflow/.local/lib/python3.7/site-packages/airflow/example_dags/example_skip_dag.py
[2022-12-16 02:00:14,897] {processor.py:651} INFO - DAG(s) dict_keys(['example_skip_dag']) retrieved from /home/airflow/.local/lib/python3.7/site-packages/airflow/example_dags/example_skip_dag.py
[2022-12-16 02:00:14,924] {logging_mixin.py:115} INFO - [2022-12-16 02:00:14,924] {dag.py:2371} INFO - Sync 1 DAGs
[2022-12-16 02:00:14,948] {logging_mixin.py:115} INFO - [2022-12-16 02:00:14,948] {dag.py:2919} INFO - Setting next_dagrun for example_skip_dag to 2022-12-15T02:00:14.947875+00:00, run_after=2022-12-16T02:00:14.947875+00:00
[2022-12-16 02:00:14,962] {processor.py:161} INFO - Processing /home/airflow/.local/lib/python3.7/site-packages/airflow/example_dags/example_skip_dag.py took 0.076 seconds
[2022-12-16 02:00:45,824] {processor.py:153} INFO - Started process (PID=180) to work on /home/airflow/.local/lib/python3.7/site-packages/airflow/example_dags/example_skip_dag.py
[2022-12-16 02:00:45,824] {processor.py:641} INFO - Processing file /home/airflow/.local/lib/python3.7/site-packages/airflow/example_dags/example_skip_dag.py for tasks to queue
[2022-12-16 02:00:45,826] {logging_mixin.py:115} INFO - [2022-12-16 02:00:45,826] {dagbag.py:507} INFO - Filling up the DagBag from /home/airflow/.local/lib/python3.7/site-packages/airflow/example_dags/example_skip_dag.py
[2022-12-16 02:00:45,833] {processor.py:651} INFO - DAG(s) dict_keys(['example_skip_dag']) retrieved from /home/airflow/.local/lib/python3.7/site-packages/airflow/example_dags/example_skip_dag.py
[2022-12-16 02:00:45,862] {logging_mixin.py:115} INFO - [2022-12-16 02:00:45,862] {dag.py:2371} INFO - Sync 1 DAGs
[2022-12-16 02:00:45,907] {logging_mixin.py:115} INFO - [2022-12-16 02:00:45,906] {dag.py:2919} INFO - Setting next_dagrun for example_skip_dag to 2022-12-15T02:00:45.906461+00:00, run_after=2022-12-16T02:00:45.906461+00:00
[2022-12-16 02:00:45,926] {processor.py:161} INFO - Processing /home/airflow/.local/lib/python3.7/site-packages/airflow/example_dags/example_skip_dag.py took 0.106 seconds
[2022-12-16 02:01:16,709] {processor.py:153} INFO - Started process (PID=240) to work on /home/airflow/.local/lib/python3.7/site-packages/airflow/example_dags/example_skip_dag.py
[2022-12-16 02:01:16,709] {processor.py:641} INFO - Processing file /home/airflow/.local/lib/python3.7/site-packages/airflow/example_dags/example_skip_dag.py for tasks to queue
[2022-12-16 02:01:16,710] {logging_mixin.py:115} INFO - [2022-12-16 02:01:16,710] {dagbag.py:507} INFO - Filling up the DagBag from /home/airflow/.local/lib/python3.7/site-packages/airflow/example_dags/example_skip_dag.py
[2022-12-16 02:01:16,721] {processor.py:651} INFO - DAG(s) dict_keys(['example_skip_dag']) retrieved from /home/airflow/.local/lib/python3.7/site-packages/airflow/example_dags/example_skip_dag.py
[2022-12-16 02:01:16,773] {logging_mixin.py:115} INFO - [2022-12-16 02:01:16,773] {dag.py:2371} INFO - Sync 1 DAGs
[2022-12-16 02:01:16,816] {logging_mixin.py:115} INFO - [2022-12-16 02:01:16,816] {dag.py:2919} INFO - Setting next_dagrun for example_skip_dag to 2022-12-15T02:01:16.816127+00:00, run_after=2022-12-16T02:01:16.816127+00:00
[2022-12-16 02:01:16,838] {processor.py:161} INFO - Processing /home/airflow/.local/lib/python3.7/site-packages/airflow/example_dags/example_skip_dag.py took 0.133 seconds
[2022-12-16 02:01:47,442] {processor.py:153} INFO - Started process (PID=295) to work on /home/airflow/.local/lib/python3.7/site-packages/airflow/example_dags/example_skip_dag.py
[2022-12-16 02:01:47,443] {processor.py:641} INFO - Processing file /home/airflow/.local/lib/python3.7/site-packages/airflow/example_dags/example_skip_dag.py for tasks to queue
[2022-12-16 02:01:47,444] {logging_mixin.py:115} INFO - [2022-12-16 02:01:47,444] {dagbag.py:507} INFO - Filling up the DagBag from /home/airflow/.local/lib/python3.7/site-packages/airflow/example_dags/example_skip_dag.py
[2022-12-16 02:01:47,449] {processor.py:651} INFO - DAG(s) dict_keys(['example_skip_dag']) retrieved from /home/airflow/.local/lib/python3.7/site-packages/airflow/example_dags/example_skip_dag.py
[2022-12-16 02:01:47,478] {logging_mixin.py:115} INFO - [2022-12-16 02:01:47,478] {dag.py:2371} INFO - Sync 1 DAGs
[2022-12-16 02:01:47,501] {logging_mixin.py:115} INFO - [2022-12-16 02:01:47,501] {dag.py:2919} INFO - Setting next_dagrun for example_skip_dag to 2022-12-15T02:01:47.501428+00:00, run_after=2022-12-16T02:01:47.501428+00:00
[2022-12-16 02:01:47,516] {processor.py:161} INFO - Processing /home/airflow/.local/lib/python3.7/site-packages/airflow/example_dags/example_skip_dag.py took 0.077 seconds
[2022-12-16 02:02:17,840] {processor.py:153} INFO - Started process (PID=357) to work on /home/airflow/.local/lib/python3.7/site-packages/airflow/example_dags/example_skip_dag.py
[2022-12-16 02:02:17,841] {processor.py:641} INFO - Processing file /home/airflow/.local/lib/python3.7/site-packages/airflow/example_dags/example_skip_dag.py for tasks to queue
[2022-12-16 02:02:17,842] {logging_mixin.py:115} INFO - [2022-12-16 02:02:17,842] {dagbag.py:507} INFO - Filling up the DagBag from /home/airflow/.local/lib/python3.7/site-packages/airflow/example_dags/example_skip_dag.py
[2022-12-16 02:02:17,847] {processor.py:651} INFO - DAG(s) dict_keys(['example_skip_dag']) retrieved from /home/airflow/.local/lib/python3.7/site-packages/airflow/example_dags/example_skip_dag.py
[2022-12-16 02:02:17,878] {logging_mixin.py:115} INFO - [2022-12-16 02:02:17,878] {dag.py:2371} INFO - Sync 1 DAGs
[2022-12-16 02:02:17,900] {logging_mixin.py:115} INFO - [2022-12-16 02:02:17,900] {dag.py:2919} INFO - Setting next_dagrun for example_skip_dag to 2022-12-15T02:02:17.900203+00:00, run_after=2022-12-16T02:02:17.900203+00:00
[2022-12-16 02:02:17,915] {processor.py:161} INFO - Processing /home/airflow/.local/lib/python3.7/site-packages/airflow/example_dags/example_skip_dag.py took 0.078 seconds
[2022-12-16 02:02:48,262] {processor.py:153} INFO - Started process (PID=420) to work on /home/airflow/.local/lib/python3.7/site-packages/airflow/example_dags/example_skip_dag.py
[2022-12-16 02:02:48,262] {processor.py:641} INFO - Processing file /home/airflow/.local/lib/python3.7/site-packages/airflow/example_dags/example_skip_dag.py for tasks to queue
[2022-12-16 02:02:48,263] {logging_mixin.py:115} INFO - [2022-12-16 02:02:48,263] {dagbag.py:507} INFO - Filling up the DagBag from /home/airflow/.local/lib/python3.7/site-packages/airflow/example_dags/example_skip_dag.py
[2022-12-16 02:02:48,270] {processor.py:651} INFO - DAG(s) dict_keys(['example_skip_dag']) retrieved from /home/airflow/.local/lib/python3.7/site-packages/airflow/example_dags/example_skip_dag.py
[2022-12-16 02:02:48,313] {logging_mixin.py:115} INFO - [2022-12-16 02:02:48,313] {dag.py:2371} INFO - Sync 1 DAGs
[2022-12-16 02:02:48,345] {logging_mixin.py:115} INFO - [2022-12-16 02:02:48,345] {dag.py:2919} INFO - Setting next_dagrun for example_skip_dag to 2022-12-15T02:02:48.345167+00:00, run_after=2022-12-16T02:02:48.345167+00:00
[2022-12-16 02:02:48,366] {processor.py:161} INFO - Processing /home/airflow/.local/lib/python3.7/site-packages/airflow/example_dags/example_skip_dag.py took 0.108 seconds
[2022-12-16 02:03:18,728] {processor.py:153} INFO - Started process (PID=473) to work on /home/airflow/.local/lib/python3.7/site-packages/airflow/example_dags/example_skip_dag.py
[2022-12-16 02:03:18,728] {processor.py:641} INFO - Processing file /home/airflow/.local/lib/python3.7/site-packages/airflow/example_dags/example_skip_dag.py for tasks to queue
[2022-12-16 02:03:18,729] {logging_mixin.py:115} INFO - [2022-12-16 02:03:18,729] {dagbag.py:507} INFO - Filling up the DagBag from /home/airflow/.local/lib/python3.7/site-packages/airflow/example_dags/example_skip_dag.py
[2022-12-16 02:03:18,734] {processor.py:651} INFO - DAG(s) dict_keys(['example_skip_dag']) retrieved from /home/airflow/.local/lib/python3.7/site-packages/airflow/example_dags/example_skip_dag.py
[2022-12-16 02:03:18,764] {logging_mixin.py:115} INFO - [2022-12-16 02:03:18,764] {dag.py:2371} INFO - Sync 1 DAGs
[2022-12-16 02:03:18,791] {logging_mixin.py:115} INFO - [2022-12-16 02:03:18,790] {dag.py:2919} INFO - Setting next_dagrun for example_skip_dag to 2022-12-15T02:03:18.790456+00:00, run_after=2022-12-16T02:03:18.790456+00:00
[2022-12-16 02:03:18,808] {processor.py:161} INFO - Processing /home/airflow/.local/lib/python3.7/site-packages/airflow/example_dags/example_skip_dag.py took 0.083 seconds
[2022-12-16 02:03:49,361] {processor.py:153} INFO - Started process (PID=535) to work on /home/airflow/.local/lib/python3.7/site-packages/airflow/example_dags/example_skip_dag.py
[2022-12-16 02:03:49,361] {processor.py:641} INFO - Processing file /home/airflow/.local/lib/python3.7/site-packages/airflow/example_dags/example_skip_dag.py for tasks to queue
[2022-12-16 02:03:49,362] {logging_mixin.py:115} INFO - [2022-12-16 02:03:49,362] {dagbag.py:507} INFO - Filling up the DagBag from /home/airflow/.local/lib/python3.7/site-packages/airflow/example_dags/example_skip_dag.py
[2022-12-16 02:03:49,370] {processor.py:651} INFO - DAG(s) dict_keys(['example_skip_dag']) retrieved from /home/airflow/.local/lib/python3.7/site-packages/airflow/example_dags/example_skip_dag.py
[2022-12-16 02:03:49,397] {logging_mixin.py:115} INFO - [2022-12-16 02:03:49,397] {dag.py:2371} INFO - Sync 1 DAGs
[2022-12-16 02:03:49,417] {logging_mixin.py:115} INFO - [2022-12-16 02:03:49,417] {dag.py:2919} INFO - Setting next_dagrun for example_skip_dag to 2022-12-15T02:03:49.417616+00:00, run_after=2022-12-16T02:03:49.417616+00:00
[2022-12-16 02:03:49,430] {processor.py:161} INFO - Processing /home/airflow/.local/lib/python3.7/site-packages/airflow/example_dags/example_skip_dag.py took 0.073 seconds
[2022-12-16 02:04:19,715] {processor.py:153} INFO - Started process (PID=596) to work on /home/airflow/.local/lib/python3.7/site-packages/airflow/example_dags/example_skip_dag.py
[2022-12-16 02:04:19,716] {processor.py:641} INFO - Processing file /home/airflow/.local/lib/python3.7/site-packages/airflow/example_dags/example_skip_dag.py for tasks to queue
[2022-12-16 02:04:19,717] {logging_mixin.py:115} INFO - [2022-12-16 02:04:19,716] {dagbag.py:507} INFO - Filling up the DagBag from /home/airflow/.local/lib/python3.7/site-packages/airflow/example_dags/example_skip_dag.py
[2022-12-16 02:04:19,724] {processor.py:651} INFO - DAG(s) dict_keys(['example_skip_dag']) retrieved from /home/airflow/.local/lib/python3.7/site-packages/airflow/example_dags/example_skip_dag.py
[2022-12-16 02:04:19,751] {logging_mixin.py:115} INFO - [2022-12-16 02:04:19,751] {dag.py:2371} INFO - Sync 1 DAGs
[2022-12-16 02:04:19,774] {logging_mixin.py:115} INFO - [2022-12-16 02:04:19,774] {dag.py:2919} INFO - Setting next_dagrun for example_skip_dag to 2022-12-15T02:04:19.773778+00:00, run_after=2022-12-16T02:04:19.773778+00:00
[2022-12-16 02:04:19,788] {processor.py:161} INFO - Processing /home/airflow/.local/lib/python3.7/site-packages/airflow/example_dags/example_skip_dag.py took 0.076 seconds
[2022-12-16 02:04:50,353] {processor.py:153} INFO - Started process (PID=659) to work on /home/airflow/.local/lib/python3.7/site-packages/airflow/example_dags/example_skip_dag.py
[2022-12-16 02:04:50,354] {processor.py:641} INFO - Processing file /home/airflow/.local/lib/python3.7/site-packages/airflow/example_dags/example_skip_dag.py for tasks to queue
[2022-12-16 02:04:50,354] {logging_mixin.py:115} INFO - [2022-12-16 02:04:50,354] {dagbag.py:507} INFO - Filling up the DagBag from /home/airflow/.local/lib/python3.7/site-packages/airflow/example_dags/example_skip_dag.py
[2022-12-16 02:04:50,360] {processor.py:651} INFO - DAG(s) dict_keys(['example_skip_dag']) retrieved from /home/airflow/.local/lib/python3.7/site-packages/airflow/example_dags/example_skip_dag.py
[2022-12-16 02:04:50,391] {logging_mixin.py:115} INFO - [2022-12-16 02:04:50,391] {dag.py:2371} INFO - Sync 1 DAGs
[2022-12-16 02:04:50,415] {logging_mixin.py:115} INFO - [2022-12-16 02:04:50,415] {dag.py:2919} INFO - Setting next_dagrun for example_skip_dag to 2022-12-15T02:04:50.415577+00:00, run_after=2022-12-16T02:04:50.415577+00:00
[2022-12-16 02:04:50,428] {processor.py:161} INFO - Processing /home/airflow/.local/lib/python3.7/site-packages/airflow/example_dags/example_skip_dag.py took 0.078 seconds
[2022-12-16 02:05:21,463] {processor.py:153} INFO - Started process (PID=713) to work on /home/airflow/.local/lib/python3.7/site-packages/airflow/example_dags/example_skip_dag.py
[2022-12-16 02:05:21,464] {processor.py:641} INFO - Processing file /home/airflow/.local/lib/python3.7/site-packages/airflow/example_dags/example_skip_dag.py for tasks to queue
[2022-12-16 02:05:21,465] {logging_mixin.py:115} INFO - [2022-12-16 02:05:21,464] {dagbag.py:507} INFO - Filling up the DagBag from /home/airflow/.local/lib/python3.7/site-packages/airflow/example_dags/example_skip_dag.py
[2022-12-16 02:05:21,472] {processor.py:651} INFO - DAG(s) dict_keys(['example_skip_dag']) retrieved from /home/airflow/.local/lib/python3.7/site-packages/airflow/example_dags/example_skip_dag.py
[2022-12-16 02:05:21,513] {logging_mixin.py:115} INFO - [2022-12-16 02:05:21,512] {dag.py:2371} INFO - Sync 1 DAGs
[2022-12-16 02:05:21,543] {logging_mixin.py:115} INFO - [2022-12-16 02:05:21,543] {dag.py:2919} INFO - Setting next_dagrun for example_skip_dag to 2022-12-15T02:05:21.542936+00:00, run_after=2022-12-16T02:05:21.542936+00:00
[2022-12-16 02:05:21,560] {processor.py:161} INFO - Processing /home/airflow/.local/lib/python3.7/site-packages/airflow/example_dags/example_skip_dag.py took 0.103 seconds
[2022-12-16 02:05:51,757] {processor.py:153} INFO - Started process (PID=775) to work on /home/airflow/.local/lib/python3.7/site-packages/airflow/example_dags/example_skip_dag.py
[2022-12-16 02:05:51,758] {processor.py:641} INFO - Processing file /home/airflow/.local/lib/python3.7/site-packages/airflow/example_dags/example_skip_dag.py for tasks to queue
[2022-12-16 02:05:51,759] {logging_mixin.py:115} INFO - [2022-12-16 02:05:51,759] {dagbag.py:507} INFO - Filling up the DagBag from /home/airflow/.local/lib/python3.7/site-packages/airflow/example_dags/example_skip_dag.py
[2022-12-16 02:05:51,765] {processor.py:651} INFO - DAG(s) dict_keys(['example_skip_dag']) retrieved from /home/airflow/.local/lib/python3.7/site-packages/airflow/example_dags/example_skip_dag.py
[2022-12-16 02:05:51,805] {logging_mixin.py:115} INFO - [2022-12-16 02:05:51,805] {dag.py:2371} INFO - Sync 1 DAGs
[2022-12-16 02:05:51,827] {logging_mixin.py:115} INFO - [2022-12-16 02:05:51,827] {dag.py:2919} INFO - Setting next_dagrun for example_skip_dag to 2022-12-15T02:05:51.827483+00:00, run_after=2022-12-16T02:05:51.827483+00:00
[2022-12-16 02:05:51,843] {processor.py:161} INFO - Processing /home/airflow/.local/lib/python3.7/site-packages/airflow/example_dags/example_skip_dag.py took 0.090 seconds
[2022-12-16 02:06:22,541] {processor.py:153} INFO - Started process (PID=838) to work on /home/airflow/.local/lib/python3.7/site-packages/airflow/example_dags/example_skip_dag.py
[2022-12-16 02:06:22,542] {processor.py:641} INFO - Processing file /home/airflow/.local/lib/python3.7/site-packages/airflow/example_dags/example_skip_dag.py for tasks to queue
[2022-12-16 02:06:22,542] {logging_mixin.py:115} INFO - [2022-12-16 02:06:22,542] {dagbag.py:507} INFO - Filling up the DagBag from /home/airflow/.local/lib/python3.7/site-packages/airflow/example_dags/example_skip_dag.py
[2022-12-16 02:06:22,549] {processor.py:651} INFO - DAG(s) dict_keys(['example_skip_dag']) retrieved from /home/airflow/.local/lib/python3.7/site-packages/airflow/example_dags/example_skip_dag.py
[2022-12-16 02:06:22,579] {logging_mixin.py:115} INFO - [2022-12-16 02:06:22,579] {dag.py:2371} INFO - Sync 1 DAGs
[2022-12-16 02:06:22,602] {logging_mixin.py:115} INFO - [2022-12-16 02:06:22,602] {dag.py:2919} INFO - Setting next_dagrun for example_skip_dag to 2022-12-15T02:06:22.601854+00:00, run_after=2022-12-16T02:06:22.601854+00:00
[2022-12-16 02:06:22,615] {processor.py:161} INFO - Processing /home/airflow/.local/lib/python3.7/site-packages/airflow/example_dags/example_skip_dag.py took 0.078 seconds
[2022-12-16 02:06:52,907] {processor.py:153} INFO - Started process (PID=901) to work on /home/airflow/.local/lib/python3.7/site-packages/airflow/example_dags/example_skip_dag.py
[2022-12-16 02:06:52,909] {processor.py:641} INFO - Processing file /home/airflow/.local/lib/python3.7/site-packages/airflow/example_dags/example_skip_dag.py for tasks to queue
[2022-12-16 02:06:52,909] {logging_mixin.py:115} INFO - [2022-12-16 02:06:52,909] {dagbag.py:507} INFO - Filling up the DagBag from /home/airflow/.local/lib/python3.7/site-packages/airflow/example_dags/example_skip_dag.py
[2022-12-16 02:06:52,917] {processor.py:651} INFO - DAG(s) dict_keys(['example_skip_dag']) retrieved from /home/airflow/.local/lib/python3.7/site-packages/airflow/example_dags/example_skip_dag.py
[2022-12-16 02:06:52,947] {logging_mixin.py:115} INFO - [2022-12-16 02:06:52,947] {dag.py:2371} INFO - Sync 1 DAGs
[2022-12-16 02:06:52,976] {logging_mixin.py:115} INFO - [2022-12-16 02:06:52,976] {dag.py:2919} INFO - Setting next_dagrun for example_skip_dag to 2022-12-15T02:06:52.976299+00:00, run_after=2022-12-16T02:06:52.976299+00:00
[2022-12-16 02:06:52,991] {processor.py:161} INFO - Processing /home/airflow/.local/lib/python3.7/site-packages/airflow/example_dags/example_skip_dag.py took 0.087 seconds
[2022-12-16 02:07:23,288] {processor.py:153} INFO - Started process (PID=955) to work on /home/airflow/.local/lib/python3.7/site-packages/airflow/example_dags/example_skip_dag.py
[2022-12-16 02:07:23,289] {processor.py:641} INFO - Processing file /home/airflow/.local/lib/python3.7/site-packages/airflow/example_dags/example_skip_dag.py for tasks to queue
[2022-12-16 02:07:23,290] {logging_mixin.py:115} INFO - [2022-12-16 02:07:23,290] {dagbag.py:507} INFO - Filling up the DagBag from /home/airflow/.local/lib/python3.7/site-packages/airflow/example_dags/example_skip_dag.py
[2022-12-16 02:07:23,302] {processor.py:651} INFO - DAG(s) dict_keys(['example_skip_dag']) retrieved from /home/airflow/.local/lib/python3.7/site-packages/airflow/example_dags/example_skip_dag.py
[2022-12-16 02:07:23,336] {logging_mixin.py:115} INFO - [2022-12-16 02:07:23,336] {dag.py:2371} INFO - Sync 1 DAGs
[2022-12-16 02:07:23,364] {logging_mixin.py:115} INFO - [2022-12-16 02:07:23,364] {dag.py:2919} INFO - Setting next_dagrun for example_skip_dag to 2022-12-15T02:07:23.363872+00:00, run_after=2022-12-16T02:07:23.363872+00:00
[2022-12-16 02:07:23,377] {processor.py:161} INFO - Processing /home/airflow/.local/lib/python3.7/site-packages/airflow/example_dags/example_skip_dag.py took 0.092 seconds
[2022-12-16 02:07:53,599] {processor.py:153} INFO - Started process (PID=1018) to work on /home/airflow/.local/lib/python3.7/site-packages/airflow/example_dags/example_skip_dag.py
[2022-12-16 02:07:53,599] {processor.py:641} INFO - Processing file /home/airflow/.local/lib/python3.7/site-packages/airflow/example_dags/example_skip_dag.py for tasks to queue
[2022-12-16 02:07:53,602] {logging_mixin.py:115} INFO - [2022-12-16 02:07:53,601] {dagbag.py:507} INFO - Filling up the DagBag from /home/airflow/.local/lib/python3.7/site-packages/airflow/example_dags/example_skip_dag.py
[2022-12-16 02:07:53,608] {processor.py:651} INFO - DAG(s) dict_keys(['example_skip_dag']) retrieved from /home/airflow/.local/lib/python3.7/site-packages/airflow/example_dags/example_skip_dag.py
[2022-12-16 02:07:53,641] {logging_mixin.py:115} INFO - [2022-12-16 02:07:53,641] {dag.py:2371} INFO - Sync 1 DAGs
[2022-12-16 02:07:53,668] {logging_mixin.py:115} INFO - [2022-12-16 02:07:53,668] {dag.py:2919} INFO - Setting next_dagrun for example_skip_dag to 2022-12-15T02:07:53.668040+00:00, run_after=2022-12-16T02:07:53.668040+00:00
[2022-12-16 02:07:53,683] {processor.py:161} INFO - Processing /home/airflow/.local/lib/python3.7/site-packages/airflow/example_dags/example_skip_dag.py took 0.091 seconds
[2022-12-16 02:08:24,220] {processor.py:153} INFO - Started process (PID=1080) to work on /home/airflow/.local/lib/python3.7/site-packages/airflow/example_dags/example_skip_dag.py
[2022-12-16 02:08:24,221] {processor.py:641} INFO - Processing file /home/airflow/.local/lib/python3.7/site-packages/airflow/example_dags/example_skip_dag.py for tasks to queue
[2022-12-16 02:08:24,222] {logging_mixin.py:115} INFO - [2022-12-16 02:08:24,222] {dagbag.py:507} INFO - Filling up the DagBag from /home/airflow/.local/lib/python3.7/site-packages/airflow/example_dags/example_skip_dag.py
[2022-12-16 02:08:24,229] {processor.py:651} INFO - DAG(s) dict_keys(['example_skip_dag']) retrieved from /home/airflow/.local/lib/python3.7/site-packages/airflow/example_dags/example_skip_dag.py
[2022-12-16 02:08:24,263] {logging_mixin.py:115} INFO - [2022-12-16 02:08:24,263] {dag.py:2371} INFO - Sync 1 DAGs
[2022-12-16 02:08:24,284] {logging_mixin.py:115} INFO - [2022-12-16 02:08:24,284] {dag.py:2919} INFO - Setting next_dagrun for example_skip_dag to 2022-12-15T02:08:24.284206+00:00, run_after=2022-12-16T02:08:24.284206+00:00
[2022-12-16 02:08:24,300] {processor.py:161} INFO - Processing /home/airflow/.local/lib/python3.7/site-packages/airflow/example_dags/example_skip_dag.py took 0.083 seconds
[2022-12-16 02:08:54,984] {processor.py:153} INFO - Started process (PID=1142) to work on /home/airflow/.local/lib/python3.7/site-packages/airflow/example_dags/example_skip_dag.py
[2022-12-16 02:08:54,984] {processor.py:641} INFO - Processing file /home/airflow/.local/lib/python3.7/site-packages/airflow/example_dags/example_skip_dag.py for tasks to queue
[2022-12-16 02:08:54,986] {logging_mixin.py:115} INFO - [2022-12-16 02:08:54,986] {dagbag.py:507} INFO - Filling up the DagBag from /home/airflow/.local/lib/python3.7/site-packages/airflow/example_dags/example_skip_dag.py
[2022-12-16 02:08:55,003] {processor.py:651} INFO - DAG(s) dict_keys(['example_skip_dag']) retrieved from /home/airflow/.local/lib/python3.7/site-packages/airflow/example_dags/example_skip_dag.py
[2022-12-16 02:08:55,048] {logging_mixin.py:115} INFO - [2022-12-16 02:08:55,047] {dag.py:2371} INFO - Sync 1 DAGs
[2022-12-16 02:08:55,083] {logging_mixin.py:115} INFO - [2022-12-16 02:08:55,082] {dag.py:2919} INFO - Setting next_dagrun for example_skip_dag to 2022-12-15T02:08:55.082168+00:00, run_after=2022-12-16T02:08:55.082168+00:00
[2022-12-16 02:08:55,113] {processor.py:161} INFO - Processing /home/airflow/.local/lib/python3.7/site-packages/airflow/example_dags/example_skip_dag.py took 0.134 seconds
[2022-12-16 02:09:25,208] {processor.py:153} INFO - Started process (PID=1196) to work on /home/airflow/.local/lib/python3.7/site-packages/airflow/example_dags/example_skip_dag.py
[2022-12-16 02:09:25,208] {processor.py:641} INFO - Processing file /home/airflow/.local/lib/python3.7/site-packages/airflow/example_dags/example_skip_dag.py for tasks to queue
[2022-12-16 02:09:25,209] {logging_mixin.py:115} INFO - [2022-12-16 02:09:25,209] {dagbag.py:507} INFO - Filling up the DagBag from /home/airflow/.local/lib/python3.7/site-packages/airflow/example_dags/example_skip_dag.py
[2022-12-16 02:09:25,216] {processor.py:651} INFO - DAG(s) dict_keys(['example_skip_dag']) retrieved from /home/airflow/.local/lib/python3.7/site-packages/airflow/example_dags/example_skip_dag.py
[2022-12-16 02:09:25,248] {logging_mixin.py:115} INFO - [2022-12-16 02:09:25,248] {dag.py:2371} INFO - Sync 1 DAGs
[2022-12-16 02:09:25,272] {logging_mixin.py:115} INFO - [2022-12-16 02:09:25,272] {dag.py:2919} INFO - Setting next_dagrun for example_skip_dag to 2022-12-15T02:09:25.272211+00:00, run_after=2022-12-16T02:09:25.272211+00:00
[2022-12-16 02:09:25,286] {processor.py:161} INFO - Processing /home/airflow/.local/lib/python3.7/site-packages/airflow/example_dags/example_skip_dag.py took 0.081 seconds
[2022-12-16 02:09:55,605] {processor.py:153} INFO - Started process (PID=1258) to work on /home/airflow/.local/lib/python3.7/site-packages/airflow/example_dags/example_skip_dag.py
[2022-12-16 02:09:55,606] {processor.py:641} INFO - Processing file /home/airflow/.local/lib/python3.7/site-packages/airflow/example_dags/example_skip_dag.py for tasks to queue
[2022-12-16 02:09:55,607] {logging_mixin.py:115} INFO - [2022-12-16 02:09:55,607] {dagbag.py:507} INFO - Filling up the DagBag from /home/airflow/.local/lib/python3.7/site-packages/airflow/example_dags/example_skip_dag.py
[2022-12-16 02:09:55,613] {processor.py:651} INFO - DAG(s) dict_keys(['example_skip_dag']) retrieved from /home/airflow/.local/lib/python3.7/site-packages/airflow/example_dags/example_skip_dag.py
[2022-12-16 02:09:55,646] {logging_mixin.py:115} INFO - [2022-12-16 02:09:55,646] {dag.py:2371} INFO - Sync 1 DAGs
[2022-12-16 02:09:55,672] {logging_mixin.py:115} INFO - [2022-12-16 02:09:55,672] {dag.py:2919} INFO - Setting next_dagrun for example_skip_dag to 2022-12-15T02:09:55.672109+00:00, run_after=2022-12-16T02:09:55.672109+00:00
[2022-12-16 02:09:55,687] {processor.py:161} INFO - Processing /home/airflow/.local/lib/python3.7/site-packages/airflow/example_dags/example_skip_dag.py took 0.086 seconds
[2022-12-16 02:10:26,071] {processor.py:153} INFO - Started process (PID=1320) to work on /home/airflow/.local/lib/python3.7/site-packages/airflow/example_dags/example_skip_dag.py
[2022-12-16 02:10:26,072] {processor.py:641} INFO - Processing file /home/airflow/.local/lib/python3.7/site-packages/airflow/example_dags/example_skip_dag.py for tasks to queue
[2022-12-16 02:10:26,073] {logging_mixin.py:115} INFO - [2022-12-16 02:10:26,073] {dagbag.py:507} INFO - Filling up the DagBag from /home/airflow/.local/lib/python3.7/site-packages/airflow/example_dags/example_skip_dag.py
[2022-12-16 02:10:26,080] {processor.py:651} INFO - DAG(s) dict_keys(['example_skip_dag']) retrieved from /home/airflow/.local/lib/python3.7/site-packages/airflow/example_dags/example_skip_dag.py
[2022-12-16 02:10:26,107] {logging_mixin.py:115} INFO - [2022-12-16 02:10:26,107] {dag.py:2371} INFO - Sync 1 DAGs
[2022-12-16 02:10:26,131] {logging_mixin.py:115} INFO - [2022-12-16 02:10:26,131] {dag.py:2919} INFO - Setting next_dagrun for example_skip_dag to 2022-12-15T02:10:26.131315+00:00, run_after=2022-12-16T02:10:26.131315+00:00
[2022-12-16 02:10:26,147] {processor.py:161} INFO - Processing /home/airflow/.local/lib/python3.7/site-packages/airflow/example_dags/example_skip_dag.py took 0.079 seconds
[2022-12-16 02:10:56,324] {processor.py:153} INFO - Started process (PID=1373) to work on /home/airflow/.local/lib/python3.7/site-packages/airflow/example_dags/example_skip_dag.py
[2022-12-16 02:10:56,325] {processor.py:641} INFO - Processing file /home/airflow/.local/lib/python3.7/site-packages/airflow/example_dags/example_skip_dag.py for tasks to queue
[2022-12-16 02:10:56,327] {logging_mixin.py:115} INFO - [2022-12-16 02:10:56,327] {dagbag.py:507} INFO - Filling up the DagBag from /home/airflow/.local/lib/python3.7/site-packages/airflow/example_dags/example_skip_dag.py
[2022-12-16 02:10:56,335] {processor.py:651} INFO - DAG(s) dict_keys(['example_skip_dag']) retrieved from /home/airflow/.local/lib/python3.7/site-packages/airflow/example_dags/example_skip_dag.py
[2022-12-16 02:10:56,384] {logging_mixin.py:115} INFO - [2022-12-16 02:10:56,383] {dag.py:2371} INFO - Sync 1 DAGs
[2022-12-16 02:10:56,419] {logging_mixin.py:115} INFO - [2022-12-16 02:10:56,419] {dag.py:2919} INFO - Setting next_dagrun for example_skip_dag to 2022-12-15T02:10:56.419176+00:00, run_after=2022-12-16T02:10:56.419176+00:00
[2022-12-16 02:10:56,439] {processor.py:161} INFO - Processing /home/airflow/.local/lib/python3.7/site-packages/airflow/example_dags/example_skip_dag.py took 0.119 seconds
[2022-12-16 02:11:26,630] {processor.py:153} INFO - Started process (PID=1435) to work on /home/airflow/.local/lib/python3.7/site-packages/airflow/example_dags/example_skip_dag.py
[2022-12-16 02:11:26,631] {processor.py:641} INFO - Processing file /home/airflow/.local/lib/python3.7/site-packages/airflow/example_dags/example_skip_dag.py for tasks to queue
[2022-12-16 02:11:26,632] {logging_mixin.py:115} INFO - [2022-12-16 02:11:26,631] {dagbag.py:507} INFO - Filling up the DagBag from /home/airflow/.local/lib/python3.7/site-packages/airflow/example_dags/example_skip_dag.py
[2022-12-16 02:11:26,637] {processor.py:651} INFO - DAG(s) dict_keys(['example_skip_dag']) retrieved from /home/airflow/.local/lib/python3.7/site-packages/airflow/example_dags/example_skip_dag.py
[2022-12-16 02:11:26,664] {logging_mixin.py:115} INFO - [2022-12-16 02:11:26,664] {dag.py:2371} INFO - Sync 1 DAGs
[2022-12-16 02:11:26,688] {logging_mixin.py:115} INFO - [2022-12-16 02:11:26,688] {dag.py:2919} INFO - Setting next_dagrun for example_skip_dag to 2022-12-15T02:11:26.687900+00:00, run_after=2022-12-16T02:11:26.687900+00:00
[2022-12-16 02:11:26,702] {processor.py:161} INFO - Processing /home/airflow/.local/lib/python3.7/site-packages/airflow/example_dags/example_skip_dag.py took 0.075 seconds
[2022-12-16 02:11:56,882] {processor.py:153} INFO - Started process (PID=1497) to work on /home/airflow/.local/lib/python3.7/site-packages/airflow/example_dags/example_skip_dag.py
[2022-12-16 02:11:56,883] {processor.py:641} INFO - Processing file /home/airflow/.local/lib/python3.7/site-packages/airflow/example_dags/example_skip_dag.py for tasks to queue
[2022-12-16 02:11:56,884] {logging_mixin.py:115} INFO - [2022-12-16 02:11:56,884] {dagbag.py:507} INFO - Filling up the DagBag from /home/airflow/.local/lib/python3.7/site-packages/airflow/example_dags/example_skip_dag.py
[2022-12-16 02:11:56,893] {processor.py:651} INFO - DAG(s) dict_keys(['example_skip_dag']) retrieved from /home/airflow/.local/lib/python3.7/site-packages/airflow/example_dags/example_skip_dag.py
[2022-12-16 02:11:56,932] {logging_mixin.py:115} INFO - [2022-12-16 02:11:56,931] {dag.py:2371} INFO - Sync 1 DAGs
[2022-12-16 02:11:56,956] {logging_mixin.py:115} INFO - [2022-12-16 02:11:56,956] {dag.py:2919} INFO - Setting next_dagrun for example_skip_dag to 2022-12-15T02:11:56.955800+00:00, run_after=2022-12-16T02:11:56.955800+00:00
[2022-12-16 02:11:56,969] {processor.py:161} INFO - Processing /home/airflow/.local/lib/python3.7/site-packages/airflow/example_dags/example_skip_dag.py took 0.091 seconds
[2022-12-16 02:12:27,024] {processor.py:153} INFO - Started process (PID=1558) to work on /home/airflow/.local/lib/python3.7/site-packages/airflow/example_dags/example_skip_dag.py
[2022-12-16 02:12:27,025] {processor.py:641} INFO - Processing file /home/airflow/.local/lib/python3.7/site-packages/airflow/example_dags/example_skip_dag.py for tasks to queue
[2022-12-16 02:12:27,025] {logging_mixin.py:115} INFO - [2022-12-16 02:12:27,025] {dagbag.py:507} INFO - Filling up the DagBag from /home/airflow/.local/lib/python3.7/site-packages/airflow/example_dags/example_skip_dag.py
[2022-12-16 02:12:27,031] {processor.py:651} INFO - DAG(s) dict_keys(['example_skip_dag']) retrieved from /home/airflow/.local/lib/python3.7/site-packages/airflow/example_dags/example_skip_dag.py
[2022-12-16 02:12:27,064] {logging_mixin.py:115} INFO - [2022-12-16 02:12:27,064] {dag.py:2371} INFO - Sync 1 DAGs
[2022-12-16 02:12:27,087] {logging_mixin.py:115} INFO - [2022-12-16 02:12:27,087] {dag.py:2919} INFO - Setting next_dagrun for example_skip_dag to 2022-12-15T02:12:27.087360+00:00, run_after=2022-12-16T02:12:27.087360+00:00
[2022-12-16 02:12:27,108] {processor.py:161} INFO - Processing /home/airflow/.local/lib/python3.7/site-packages/airflow/example_dags/example_skip_dag.py took 0.088 seconds
[2022-12-16 02:12:57,598] {processor.py:153} INFO - Started process (PID=1612) to work on /home/airflow/.local/lib/python3.7/site-packages/airflow/example_dags/example_skip_dag.py
[2022-12-16 02:12:57,599] {processor.py:641} INFO - Processing file /home/airflow/.local/lib/python3.7/site-packages/airflow/example_dags/example_skip_dag.py for tasks to queue
[2022-12-16 02:12:57,600] {logging_mixin.py:115} INFO - [2022-12-16 02:12:57,600] {dagbag.py:507} INFO - Filling up the DagBag from /home/airflow/.local/lib/python3.7/site-packages/airflow/example_dags/example_skip_dag.py
[2022-12-16 02:12:57,606] {processor.py:651} INFO - DAG(s) dict_keys(['example_skip_dag']) retrieved from /home/airflow/.local/lib/python3.7/site-packages/airflow/example_dags/example_skip_dag.py
[2022-12-16 02:12:57,646] {logging_mixin.py:115} INFO - [2022-12-16 02:12:57,646] {dag.py:2371} INFO - Sync 1 DAGs
[2022-12-16 02:12:57,671] {logging_mixin.py:115} INFO - [2022-12-16 02:12:57,671] {dag.py:2919} INFO - Setting next_dagrun for example_skip_dag to 2022-12-15T02:12:57.671156+00:00, run_after=2022-12-16T02:12:57.671156+00:00
[2022-12-16 02:12:57,687] {processor.py:161} INFO - Processing /home/airflow/.local/lib/python3.7/site-packages/airflow/example_dags/example_skip_dag.py took 0.094 seconds
