[2022-12-16 01:50:19,244] {processor.py:153} INFO - Started process (PID=43) to work on /home/airflow/.local/lib/python3.7/site-packages/airflow/example_dags/example_branch_operator.py
[2022-12-16 01:50:19,246] {processor.py:641} INFO - Processing file /home/airflow/.local/lib/python3.7/site-packages/airflow/example_dags/example_branch_operator.py for tasks to queue
[2022-12-16 01:50:19,247] {logging_mixin.py:115} INFO - [2022-12-16 01:50:19,247] {dagbag.py:507} INFO - Filling up the DagBag from /home/airflow/.local/lib/python3.7/site-packages/airflow/example_dags/example_branch_operator.py
[2022-12-16 01:50:19,279] {processor.py:651} INFO - DAG(s) dict_keys(['example_branch_operator']) retrieved from /home/airflow/.local/lib/python3.7/site-packages/airflow/example_dags/example_branch_operator.py
[2022-12-16 01:50:19,901] {logging_mixin.py:115} INFO - [2022-12-16 01:50:19,900] {manager.py:508} INFO - Created Permission View: can edit on DAG:example_branch_operator
[2022-12-16 01:50:19,924] {logging_mixin.py:115} INFO - [2022-12-16 01:50:19,924] {manager.py:508} INFO - Created Permission View: can delete on DAG:example_branch_operator
[2022-12-16 01:50:19,944] {logging_mixin.py:115} INFO - [2022-12-16 01:50:19,944] {manager.py:508} INFO - Created Permission View: can read on DAG:example_branch_operator
[2022-12-16 01:50:19,944] {logging_mixin.py:115} INFO - [2022-12-16 01:50:19,944] {dag.py:2371} INFO - Sync 1 DAGs
[2022-12-16 01:50:19,962] {logging_mixin.py:115} INFO - [2022-12-16 01:50:19,962] {dag.py:2390} INFO - Creating ORM DAG for example_branch_operator
[2022-12-16 01:50:20,000] {logging_mixin.py:115} INFO - [2022-12-16 01:50:20,000] {dag.py:2919} INFO - Setting next_dagrun for example_branch_operator to 2022-12-15T00:00:00+00:00, run_after=2022-12-16T00:00:00+00:00
[2022-12-16 01:50:20,038] {processor.py:161} INFO - Processing /home/airflow/.local/lib/python3.7/site-packages/airflow/example_dags/example_branch_operator.py took 0.800 seconds
[2022-12-16 01:50:50,865] {processor.py:153} INFO - Started process (PID=96) to work on /home/airflow/.local/lib/python3.7/site-packages/airflow/example_dags/example_branch_operator.py
[2022-12-16 01:50:50,866] {processor.py:641} INFO - Processing file /home/airflow/.local/lib/python3.7/site-packages/airflow/example_dags/example_branch_operator.py for tasks to queue
[2022-12-16 01:50:50,867] {logging_mixin.py:115} INFO - [2022-12-16 01:50:50,866] {dagbag.py:507} INFO - Filling up the DagBag from /home/airflow/.local/lib/python3.7/site-packages/airflow/example_dags/example_branch_operator.py
[2022-12-16 01:50:50,880] {processor.py:651} INFO - DAG(s) dict_keys(['example_branch_operator']) retrieved from /home/airflow/.local/lib/python3.7/site-packages/airflow/example_dags/example_branch_operator.py
[2022-12-16 01:50:50,907] {logging_mixin.py:115} INFO - [2022-12-16 01:50:50,907] {dag.py:2371} INFO - Sync 1 DAGs
[2022-12-16 01:50:51,067] {logging_mixin.py:115} INFO - [2022-12-16 01:50:51,067] {dag.py:2919} INFO - Setting next_dagrun for example_branch_operator to 2022-12-15T00:00:00+00:00, run_after=2022-12-16T00:00:00+00:00
[2022-12-16 01:50:51,083] {processor.py:161} INFO - Processing /home/airflow/.local/lib/python3.7/site-packages/airflow/example_dags/example_branch_operator.py took 0.223 seconds
[2022-12-16 01:51:21,185] {processor.py:153} INFO - Started process (PID=157) to work on /home/airflow/.local/lib/python3.7/site-packages/airflow/example_dags/example_branch_operator.py
[2022-12-16 01:51:21,186] {processor.py:641} INFO - Processing file /home/airflow/.local/lib/python3.7/site-packages/airflow/example_dags/example_branch_operator.py for tasks to queue
[2022-12-16 01:51:21,187] {logging_mixin.py:115} INFO - [2022-12-16 01:51:21,187] {dagbag.py:507} INFO - Filling up the DagBag from /home/airflow/.local/lib/python3.7/site-packages/airflow/example_dags/example_branch_operator.py
[2022-12-16 01:51:21,197] {processor.py:651} INFO - DAG(s) dict_keys(['example_branch_operator']) retrieved from /home/airflow/.local/lib/python3.7/site-packages/airflow/example_dags/example_branch_operator.py
[2022-12-16 01:51:21,222] {logging_mixin.py:115} INFO - [2022-12-16 01:51:21,222] {dag.py:2371} INFO - Sync 1 DAGs
[2022-12-16 01:51:21,382] {logging_mixin.py:115} INFO - [2022-12-16 01:51:21,382] {dag.py:2919} INFO - Setting next_dagrun for example_branch_operator to 2022-12-15T00:00:00+00:00, run_after=2022-12-16T00:00:00+00:00
[2022-12-16 01:51:21,393] {processor.py:161} INFO - Processing /home/airflow/.local/lib/python3.7/site-packages/airflow/example_dags/example_branch_operator.py took 0.216 seconds
[2022-12-16 01:51:51,695] {processor.py:153} INFO - Started process (PID=219) to work on /home/airflow/.local/lib/python3.7/site-packages/airflow/example_dags/example_branch_operator.py
[2022-12-16 01:51:51,696] {processor.py:641} INFO - Processing file /home/airflow/.local/lib/python3.7/site-packages/airflow/example_dags/example_branch_operator.py for tasks to queue
[2022-12-16 01:51:51,697] {logging_mixin.py:115} INFO - [2022-12-16 01:51:51,697] {dagbag.py:507} INFO - Filling up the DagBag from /home/airflow/.local/lib/python3.7/site-packages/airflow/example_dags/example_branch_operator.py
[2022-12-16 01:51:51,711] {processor.py:651} INFO - DAG(s) dict_keys(['example_branch_operator']) retrieved from /home/airflow/.local/lib/python3.7/site-packages/airflow/example_dags/example_branch_operator.py
[2022-12-16 01:51:51,754] {logging_mixin.py:115} INFO - [2022-12-16 01:51:51,754] {dag.py:2371} INFO - Sync 1 DAGs
[2022-12-16 01:51:51,947] {logging_mixin.py:115} INFO - [2022-12-16 01:51:51,947] {dag.py:2919} INFO - Setting next_dagrun for example_branch_operator to 2022-12-15T00:00:00+00:00, run_after=2022-12-16T00:00:00+00:00
[2022-12-16 01:51:51,962] {processor.py:161} INFO - Processing /home/airflow/.local/lib/python3.7/site-packages/airflow/example_dags/example_branch_operator.py took 0.274 seconds
[2022-12-16 01:52:22,204] {processor.py:153} INFO - Started process (PID=272) to work on /home/airflow/.local/lib/python3.7/site-packages/airflow/example_dags/example_branch_operator.py
[2022-12-16 01:52:22,206] {processor.py:641} INFO - Processing file /home/airflow/.local/lib/python3.7/site-packages/airflow/example_dags/example_branch_operator.py for tasks to queue
[2022-12-16 01:52:22,209] {logging_mixin.py:115} INFO - [2022-12-16 01:52:22,209] {dagbag.py:507} INFO - Filling up the DagBag from /home/airflow/.local/lib/python3.7/site-packages/airflow/example_dags/example_branch_operator.py
[2022-12-16 01:52:22,247] {processor.py:651} INFO - DAG(s) dict_keys(['example_branch_operator']) retrieved from /home/airflow/.local/lib/python3.7/site-packages/airflow/example_dags/example_branch_operator.py
[2022-12-16 01:52:22,681] {logging_mixin.py:115} INFO - [2022-12-16 01:52:22,681] {dag.py:2371} INFO - Sync 1 DAGs
[2022-12-16 01:52:22,694] {logging_mixin.py:115} INFO - [2022-12-16 01:52:22,694] {dag.py:2390} INFO - Creating ORM DAG for example_branch_operator
[2022-12-16 01:52:22,734] {logging_mixin.py:115} INFO - [2022-12-16 01:52:22,734] {dag.py:2919} INFO - Setting next_dagrun for example_branch_operator to 2022-12-15T00:00:00+00:00, run_after=2022-12-16T00:00:00+00:00
[2022-12-16 01:52:22,765] {processor.py:161} INFO - Processing /home/airflow/.local/lib/python3.7/site-packages/airflow/example_dags/example_branch_operator.py took 0.577 seconds
[2022-12-16 01:52:52,964] {processor.py:153} INFO - Started process (PID=333) to work on /home/airflow/.local/lib/python3.7/site-packages/airflow/example_dags/example_branch_operator.py
[2022-12-16 01:52:52,965] {processor.py:641} INFO - Processing file /home/airflow/.local/lib/python3.7/site-packages/airflow/example_dags/example_branch_operator.py for tasks to queue
[2022-12-16 01:52:52,967] {logging_mixin.py:115} INFO - [2022-12-16 01:52:52,967] {dagbag.py:507} INFO - Filling up the DagBag from /home/airflow/.local/lib/python3.7/site-packages/airflow/example_dags/example_branch_operator.py
[2022-12-16 01:52:52,978] {processor.py:651} INFO - DAG(s) dict_keys(['example_branch_operator']) retrieved from /home/airflow/.local/lib/python3.7/site-packages/airflow/example_dags/example_branch_operator.py
[2022-12-16 01:52:53,005] {logging_mixin.py:115} INFO - [2022-12-16 01:52:53,005] {dag.py:2371} INFO - Sync 1 DAGs
[2022-12-16 01:52:53,179] {logging_mixin.py:115} INFO - [2022-12-16 01:52:53,179] {dag.py:2919} INFO - Setting next_dagrun for example_branch_operator to 2022-12-15T00:00:00+00:00, run_after=2022-12-16T00:00:00+00:00
[2022-12-16 01:52:53,192] {processor.py:161} INFO - Processing /home/airflow/.local/lib/python3.7/site-packages/airflow/example_dags/example_branch_operator.py took 0.233 seconds
[2022-12-16 01:53:23,605] {processor.py:153} INFO - Started process (PID=393) to work on /home/airflow/.local/lib/python3.7/site-packages/airflow/example_dags/example_branch_operator.py
[2022-12-16 01:53:23,606] {processor.py:641} INFO - Processing file /home/airflow/.local/lib/python3.7/site-packages/airflow/example_dags/example_branch_operator.py for tasks to queue
[2022-12-16 01:53:23,607] {logging_mixin.py:115} INFO - [2022-12-16 01:53:23,607] {dagbag.py:507} INFO - Filling up the DagBag from /home/airflow/.local/lib/python3.7/site-packages/airflow/example_dags/example_branch_operator.py
[2022-12-16 01:53:23,619] {processor.py:651} INFO - DAG(s) dict_keys(['example_branch_operator']) retrieved from /home/airflow/.local/lib/python3.7/site-packages/airflow/example_dags/example_branch_operator.py
[2022-12-16 01:53:23,673] {logging_mixin.py:115} INFO - [2022-12-16 01:53:23,673] {dag.py:2371} INFO - Sync 1 DAGs
[2022-12-16 01:53:23,852] {logging_mixin.py:115} INFO - [2022-12-16 01:53:23,852] {dag.py:2919} INFO - Setting next_dagrun for example_branch_operator to 2022-12-15T00:00:00+00:00, run_after=2022-12-16T00:00:00+00:00
[2022-12-16 01:53:23,867] {processor.py:161} INFO - Processing /home/airflow/.local/lib/python3.7/site-packages/airflow/example_dags/example_branch_operator.py took 0.266 seconds
[2022-12-16 01:53:54,278] {processor.py:153} INFO - Started process (PID=445) to work on /home/airflow/.local/lib/python3.7/site-packages/airflow/example_dags/example_branch_operator.py
[2022-12-16 01:53:54,280] {processor.py:641} INFO - Processing file /home/airflow/.local/lib/python3.7/site-packages/airflow/example_dags/example_branch_operator.py for tasks to queue
[2022-12-16 01:53:54,282] {logging_mixin.py:115} INFO - [2022-12-16 01:53:54,281] {dagbag.py:507} INFO - Filling up the DagBag from /home/airflow/.local/lib/python3.7/site-packages/airflow/example_dags/example_branch_operator.py
[2022-12-16 01:53:54,302] {processor.py:651} INFO - DAG(s) dict_keys(['example_branch_operator']) retrieved from /home/airflow/.local/lib/python3.7/site-packages/airflow/example_dags/example_branch_operator.py
[2022-12-16 01:53:54,340] {logging_mixin.py:115} INFO - [2022-12-16 01:53:54,340] {dag.py:2371} INFO - Sync 1 DAGs
[2022-12-16 01:53:54,542] {logging_mixin.py:115} INFO - [2022-12-16 01:53:54,542] {dag.py:2919} INFO - Setting next_dagrun for example_branch_operator to 2022-12-15T00:00:00+00:00, run_after=2022-12-16T00:00:00+00:00
[2022-12-16 01:53:54,563] {processor.py:161} INFO - Processing /home/airflow/.local/lib/python3.7/site-packages/airflow/example_dags/example_branch_operator.py took 0.290 seconds
[2022-12-16 01:54:25,391] {processor.py:153} INFO - Started process (PID=506) to work on /home/airflow/.local/lib/python3.7/site-packages/airflow/example_dags/example_branch_operator.py
[2022-12-16 01:54:25,391] {processor.py:641} INFO - Processing file /home/airflow/.local/lib/python3.7/site-packages/airflow/example_dags/example_branch_operator.py for tasks to queue
[2022-12-16 01:54:25,392] {logging_mixin.py:115} INFO - [2022-12-16 01:54:25,392] {dagbag.py:507} INFO - Filling up the DagBag from /home/airflow/.local/lib/python3.7/site-packages/airflow/example_dags/example_branch_operator.py
[2022-12-16 01:54:25,407] {processor.py:651} INFO - DAG(s) dict_keys(['example_branch_operator']) retrieved from /home/airflow/.local/lib/python3.7/site-packages/airflow/example_dags/example_branch_operator.py
[2022-12-16 01:54:25,445] {logging_mixin.py:115} INFO - [2022-12-16 01:54:25,445] {dag.py:2371} INFO - Sync 1 DAGs
[2022-12-16 01:54:25,649] {logging_mixin.py:115} INFO - [2022-12-16 01:54:25,649] {dag.py:2919} INFO - Setting next_dagrun for example_branch_operator to 2022-12-15T00:00:00+00:00, run_after=2022-12-16T00:00:00+00:00
[2022-12-16 01:54:25,661] {processor.py:161} INFO - Processing /home/airflow/.local/lib/python3.7/site-packages/airflow/example_dags/example_branch_operator.py took 0.274 seconds
[2022-12-16 01:54:55,911] {processor.py:153} INFO - Started process (PID=567) to work on /home/airflow/.local/lib/python3.7/site-packages/airflow/example_dags/example_branch_operator.py
[2022-12-16 01:54:55,912] {processor.py:641} INFO - Processing file /home/airflow/.local/lib/python3.7/site-packages/airflow/example_dags/example_branch_operator.py for tasks to queue
[2022-12-16 01:54:55,914] {logging_mixin.py:115} INFO - [2022-12-16 01:54:55,914] {dagbag.py:507} INFO - Filling up the DagBag from /home/airflow/.local/lib/python3.7/site-packages/airflow/example_dags/example_branch_operator.py
[2022-12-16 01:54:55,938] {processor.py:651} INFO - DAG(s) dict_keys(['example_branch_operator']) retrieved from /home/airflow/.local/lib/python3.7/site-packages/airflow/example_dags/example_branch_operator.py
[2022-12-16 01:54:55,985] {logging_mixin.py:115} INFO - [2022-12-16 01:54:55,985] {dag.py:2371} INFO - Sync 1 DAGs
[2022-12-16 01:54:56,259] {logging_mixin.py:115} INFO - [2022-12-16 01:54:56,259] {dag.py:2919} INFO - Setting next_dagrun for example_branch_operator to 2022-12-15T00:00:00+00:00, run_after=2022-12-16T00:00:00+00:00
[2022-12-16 01:54:56,270] {processor.py:161} INFO - Processing /home/airflow/.local/lib/python3.7/site-packages/airflow/example_dags/example_branch_operator.py took 0.366 seconds
[2022-12-16 01:55:26,886] {processor.py:153} INFO - Started process (PID=620) to work on /home/airflow/.local/lib/python3.7/site-packages/airflow/example_dags/example_branch_operator.py
[2022-12-16 01:55:26,887] {processor.py:641} INFO - Processing file /home/airflow/.local/lib/python3.7/site-packages/airflow/example_dags/example_branch_operator.py for tasks to queue
[2022-12-16 01:55:26,888] {logging_mixin.py:115} INFO - [2022-12-16 01:55:26,888] {dagbag.py:507} INFO - Filling up the DagBag from /home/airflow/.local/lib/python3.7/site-packages/airflow/example_dags/example_branch_operator.py
[2022-12-16 01:55:26,904] {processor.py:651} INFO - DAG(s) dict_keys(['example_branch_operator']) retrieved from /home/airflow/.local/lib/python3.7/site-packages/airflow/example_dags/example_branch_operator.py
[2022-12-16 01:55:26,933] {logging_mixin.py:115} INFO - [2022-12-16 01:55:26,933] {dag.py:2371} INFO - Sync 1 DAGs
[2022-12-16 01:55:27,092] {logging_mixin.py:115} INFO - [2022-12-16 01:55:27,092] {dag.py:2919} INFO - Setting next_dagrun for example_branch_operator to 2022-12-15T00:00:00+00:00, run_after=2022-12-16T00:00:00+00:00
[2022-12-16 01:55:27,103] {processor.py:161} INFO - Processing /home/airflow/.local/lib/python3.7/site-packages/airflow/example_dags/example_branch_operator.py took 0.224 seconds
[2022-12-16 01:55:57,198] {processor.py:153} INFO - Started process (PID=681) to work on /home/airflow/.local/lib/python3.7/site-packages/airflow/example_dags/example_branch_operator.py
[2022-12-16 01:55:57,199] {processor.py:641} INFO - Processing file /home/airflow/.local/lib/python3.7/site-packages/airflow/example_dags/example_branch_operator.py for tasks to queue
[2022-12-16 01:55:57,199] {logging_mixin.py:115} INFO - [2022-12-16 01:55:57,199] {dagbag.py:507} INFO - Filling up the DagBag from /home/airflow/.local/lib/python3.7/site-packages/airflow/example_dags/example_branch_operator.py
[2022-12-16 01:55:57,211] {processor.py:651} INFO - DAG(s) dict_keys(['example_branch_operator']) retrieved from /home/airflow/.local/lib/python3.7/site-packages/airflow/example_dags/example_branch_operator.py
[2022-12-16 01:55:57,248] {logging_mixin.py:115} INFO - [2022-12-16 01:55:57,248] {dag.py:2371} INFO - Sync 1 DAGs
[2022-12-16 01:55:57,430] {logging_mixin.py:115} INFO - [2022-12-16 01:55:57,430] {dag.py:2919} INFO - Setting next_dagrun for example_branch_operator to 2022-12-15T00:00:00+00:00, run_after=2022-12-16T00:00:00+00:00
[2022-12-16 01:55:57,443] {processor.py:161} INFO - Processing /home/airflow/.local/lib/python3.7/site-packages/airflow/example_dags/example_branch_operator.py took 0.250 seconds
[2022-12-16 01:56:27,886] {processor.py:153} INFO - Started process (PID=743) to work on /home/airflow/.local/lib/python3.7/site-packages/airflow/example_dags/example_branch_operator.py
[2022-12-16 01:56:27,886] {processor.py:641} INFO - Processing file /home/airflow/.local/lib/python3.7/site-packages/airflow/example_dags/example_branch_operator.py for tasks to queue
[2022-12-16 01:56:27,887] {logging_mixin.py:115} INFO - [2022-12-16 01:56:27,887] {dagbag.py:507} INFO - Filling up the DagBag from /home/airflow/.local/lib/python3.7/site-packages/airflow/example_dags/example_branch_operator.py
[2022-12-16 01:56:27,901] {processor.py:651} INFO - DAG(s) dict_keys(['example_branch_operator']) retrieved from /home/airflow/.local/lib/python3.7/site-packages/airflow/example_dags/example_branch_operator.py
[2022-12-16 01:56:27,930] {logging_mixin.py:115} INFO - [2022-12-16 01:56:27,930] {dag.py:2371} INFO - Sync 1 DAGs
[2022-12-16 01:56:28,085] {logging_mixin.py:115} INFO - [2022-12-16 01:56:28,085] {dag.py:2919} INFO - Setting next_dagrun for example_branch_operator to 2022-12-15T00:00:00+00:00, run_after=2022-12-16T00:00:00+00:00
[2022-12-16 01:56:28,098] {processor.py:161} INFO - Processing /home/airflow/.local/lib/python3.7/site-packages/airflow/example_dags/example_branch_operator.py took 0.218 seconds
[2022-12-16 01:56:58,763] {processor.py:153} INFO - Started process (PID=795) to work on /home/airflow/.local/lib/python3.7/site-packages/airflow/example_dags/example_branch_operator.py
[2022-12-16 01:56:58,763] {processor.py:641} INFO - Processing file /home/airflow/.local/lib/python3.7/site-packages/airflow/example_dags/example_branch_operator.py for tasks to queue
[2022-12-16 01:56:58,764] {logging_mixin.py:115} INFO - [2022-12-16 01:56:58,764] {dagbag.py:507} INFO - Filling up the DagBag from /home/airflow/.local/lib/python3.7/site-packages/airflow/example_dags/example_branch_operator.py
[2022-12-16 01:56:58,775] {processor.py:651} INFO - DAG(s) dict_keys(['example_branch_operator']) retrieved from /home/airflow/.local/lib/python3.7/site-packages/airflow/example_dags/example_branch_operator.py
[2022-12-16 01:56:58,811] {logging_mixin.py:115} INFO - [2022-12-16 01:56:58,811] {dag.py:2371} INFO - Sync 1 DAGs
[2022-12-16 01:56:58,979] {logging_mixin.py:115} INFO - [2022-12-16 01:56:58,979] {dag.py:2919} INFO - Setting next_dagrun for example_branch_operator to 2022-12-15T00:00:00+00:00, run_after=2022-12-16T00:00:00+00:00
[2022-12-16 01:56:58,992] {processor.py:161} INFO - Processing /home/airflow/.local/lib/python3.7/site-packages/airflow/example_dags/example_branch_operator.py took 0.233 seconds
[2022-12-16 01:57:29,137] {processor.py:153} INFO - Started process (PID=858) to work on /home/airflow/.local/lib/python3.7/site-packages/airflow/example_dags/example_branch_operator.py
[2022-12-16 01:57:29,137] {processor.py:641} INFO - Processing file /home/airflow/.local/lib/python3.7/site-packages/airflow/example_dags/example_branch_operator.py for tasks to queue
[2022-12-16 01:57:29,138] {logging_mixin.py:115} INFO - [2022-12-16 01:57:29,138] {dagbag.py:507} INFO - Filling up the DagBag from /home/airflow/.local/lib/python3.7/site-packages/airflow/example_dags/example_branch_operator.py
[2022-12-16 01:57:29,151] {processor.py:651} INFO - DAG(s) dict_keys(['example_branch_operator']) retrieved from /home/airflow/.local/lib/python3.7/site-packages/airflow/example_dags/example_branch_operator.py
[2022-12-16 01:57:29,188] {logging_mixin.py:115} INFO - [2022-12-16 01:57:29,188] {dag.py:2371} INFO - Sync 1 DAGs
[2022-12-16 01:57:29,352] {logging_mixin.py:115} INFO - [2022-12-16 01:57:29,352] {dag.py:2919} INFO - Setting next_dagrun for example_branch_operator to 2022-12-15T00:00:00+00:00, run_after=2022-12-16T00:00:00+00:00
[2022-12-16 01:57:29,364] {processor.py:161} INFO - Processing /home/airflow/.local/lib/python3.7/site-packages/airflow/example_dags/example_branch_operator.py took 0.232 seconds
[2022-12-16 01:58:00,231] {processor.py:153} INFO - Started process (PID=919) to work on /home/airflow/.local/lib/python3.7/site-packages/airflow/example_dags/example_branch_operator.py
[2022-12-16 01:58:00,236] {processor.py:641} INFO - Processing file /home/airflow/.local/lib/python3.7/site-packages/airflow/example_dags/example_branch_operator.py for tasks to queue
[2022-12-16 01:58:00,238] {logging_mixin.py:115} INFO - [2022-12-16 01:58:00,238] {dagbag.py:507} INFO - Filling up the DagBag from /home/airflow/.local/lib/python3.7/site-packages/airflow/example_dags/example_branch_operator.py
[2022-12-16 01:58:00,277] {processor.py:651} INFO - DAG(s) dict_keys(['example_branch_operator']) retrieved from /home/airflow/.local/lib/python3.7/site-packages/airflow/example_dags/example_branch_operator.py
[2022-12-16 01:58:00,418] {logging_mixin.py:115} INFO - [2022-12-16 01:58:00,418] {dag.py:2371} INFO - Sync 1 DAGs
[2022-12-16 01:58:01,225] {logging_mixin.py:115} INFO - [2022-12-16 01:58:01,225] {process_utils.py:240} INFO - Waiting up to 5 seconds for processes to exit...
[2022-12-16 01:58:53,418] {processor.py:153} INFO - Started process (PID=35) to work on /home/airflow/.local/lib/python3.7/site-packages/airflow/example_dags/example_branch_operator.py
[2022-12-16 01:58:53,419] {processor.py:641} INFO - Processing file /home/airflow/.local/lib/python3.7/site-packages/airflow/example_dags/example_branch_operator.py for tasks to queue
[2022-12-16 01:58:53,421] {logging_mixin.py:115} INFO - [2022-12-16 01:58:53,420] {dagbag.py:507} INFO - Filling up the DagBag from /home/airflow/.local/lib/python3.7/site-packages/airflow/example_dags/example_branch_operator.py
[2022-12-16 01:58:53,444] {processor.py:651} INFO - DAG(s) dict_keys(['example_branch_operator']) retrieved from /home/airflow/.local/lib/python3.7/site-packages/airflow/example_dags/example_branch_operator.py
[2022-12-16 01:58:53,518] {logging_mixin.py:115} INFO - [2022-12-16 01:58:53,518] {dag.py:2371} INFO - Sync 1 DAGs
[2022-12-16 01:58:53,626] {logging_mixin.py:115} INFO - [2022-12-16 01:58:53,626] {dag.py:2919} INFO - Setting next_dagrun for example_branch_operator to 2022-12-15T00:00:00+00:00, run_after=2022-12-16T00:00:00+00:00
[2022-12-16 01:58:53,700] {processor.py:161} INFO - Processing /home/airflow/.local/lib/python3.7/site-packages/airflow/example_dags/example_branch_operator.py took 0.292 seconds
[2022-12-16 01:59:41,093] {processor.py:153} INFO - Started process (PID=35) to work on /home/airflow/.local/lib/python3.7/site-packages/airflow/example_dags/example_branch_operator.py
[2022-12-16 01:59:41,096] {processor.py:641} INFO - Processing file /home/airflow/.local/lib/python3.7/site-packages/airflow/example_dags/example_branch_operator.py for tasks to queue
[2022-12-16 01:59:41,098] {logging_mixin.py:115} INFO - [2022-12-16 01:59:41,098] {dagbag.py:507} INFO - Filling up the DagBag from /home/airflow/.local/lib/python3.7/site-packages/airflow/example_dags/example_branch_operator.py
[2022-12-16 01:59:41,116] {processor.py:651} INFO - DAG(s) dict_keys(['example_branch_operator']) retrieved from /home/airflow/.local/lib/python3.7/site-packages/airflow/example_dags/example_branch_operator.py
[2022-12-16 01:59:41,169] {logging_mixin.py:115} INFO - [2022-12-16 01:59:41,168] {dag.py:2371} INFO - Sync 1 DAGs
[2022-12-16 01:59:41,197] {logging_mixin.py:115} INFO - [2022-12-16 01:59:41,197] {dag.py:2919} INFO - Setting next_dagrun for example_branch_operator to 2022-12-15T00:00:00+00:00, run_after=2022-12-16T00:00:00+00:00
[2022-12-16 01:59:41,213] {processor.py:161} INFO - Processing /home/airflow/.local/lib/python3.7/site-packages/airflow/example_dags/example_branch_operator.py took 0.123 seconds
[2022-12-16 02:00:11,555] {processor.py:153} INFO - Started process (PID=97) to work on /home/airflow/.local/lib/python3.7/site-packages/airflow/example_dags/example_branch_operator.py
[2022-12-16 02:00:11,556] {processor.py:641} INFO - Processing file /home/airflow/.local/lib/python3.7/site-packages/airflow/example_dags/example_branch_operator.py for tasks to queue
[2022-12-16 02:00:11,557] {logging_mixin.py:115} INFO - [2022-12-16 02:00:11,557] {dagbag.py:507} INFO - Filling up the DagBag from /home/airflow/.local/lib/python3.7/site-packages/airflow/example_dags/example_branch_operator.py
[2022-12-16 02:00:11,571] {processor.py:651} INFO - DAG(s) dict_keys(['example_branch_operator']) retrieved from /home/airflow/.local/lib/python3.7/site-packages/airflow/example_dags/example_branch_operator.py
[2022-12-16 02:00:11,608] {logging_mixin.py:115} INFO - [2022-12-16 02:00:11,608] {dag.py:2371} INFO - Sync 1 DAGs
[2022-12-16 02:00:11,637] {logging_mixin.py:115} INFO - [2022-12-16 02:00:11,637] {dag.py:2919} INFO - Setting next_dagrun for example_branch_operator to 2022-12-15T00:00:00+00:00, run_after=2022-12-16T00:00:00+00:00
[2022-12-16 02:00:11,651] {processor.py:161} INFO - Processing /home/airflow/.local/lib/python3.7/site-packages/airflow/example_dags/example_branch_operator.py took 0.101 seconds
[2022-12-16 02:00:41,742] {processor.py:153} INFO - Started process (PID=151) to work on /home/airflow/.local/lib/python3.7/site-packages/airflow/example_dags/example_branch_operator.py
[2022-12-16 02:00:41,743] {processor.py:641} INFO - Processing file /home/airflow/.local/lib/python3.7/site-packages/airflow/example_dags/example_branch_operator.py for tasks to queue
[2022-12-16 02:00:41,744] {logging_mixin.py:115} INFO - [2022-12-16 02:00:41,744] {dagbag.py:507} INFO - Filling up the DagBag from /home/airflow/.local/lib/python3.7/site-packages/airflow/example_dags/example_branch_operator.py
[2022-12-16 02:00:41,757] {processor.py:651} INFO - DAG(s) dict_keys(['example_branch_operator']) retrieved from /home/airflow/.local/lib/python3.7/site-packages/airflow/example_dags/example_branch_operator.py
[2022-12-16 02:00:41,787] {logging_mixin.py:115} INFO - [2022-12-16 02:00:41,787] {dag.py:2371} INFO - Sync 1 DAGs
[2022-12-16 02:00:41,811] {logging_mixin.py:115} INFO - [2022-12-16 02:00:41,811] {dag.py:2919} INFO - Setting next_dagrun for example_branch_operator to 2022-12-15T00:00:00+00:00, run_after=2022-12-16T00:00:00+00:00
[2022-12-16 02:00:41,824] {processor.py:161} INFO - Processing /home/airflow/.local/lib/python3.7/site-packages/airflow/example_dags/example_branch_operator.py took 0.087 seconds
[2022-12-16 02:01:11,909] {processor.py:153} INFO - Started process (PID=213) to work on /home/airflow/.local/lib/python3.7/site-packages/airflow/example_dags/example_branch_operator.py
[2022-12-16 02:01:11,910] {processor.py:641} INFO - Processing file /home/airflow/.local/lib/python3.7/site-packages/airflow/example_dags/example_branch_operator.py for tasks to queue
[2022-12-16 02:01:11,912] {logging_mixin.py:115} INFO - [2022-12-16 02:01:11,911] {dagbag.py:507} INFO - Filling up the DagBag from /home/airflow/.local/lib/python3.7/site-packages/airflow/example_dags/example_branch_operator.py
[2022-12-16 02:01:11,925] {processor.py:651} INFO - DAG(s) dict_keys(['example_branch_operator']) retrieved from /home/airflow/.local/lib/python3.7/site-packages/airflow/example_dags/example_branch_operator.py
[2022-12-16 02:01:11,961] {logging_mixin.py:115} INFO - [2022-12-16 02:01:11,960] {dag.py:2371} INFO - Sync 1 DAGs
[2022-12-16 02:01:11,987] {logging_mixin.py:115} INFO - [2022-12-16 02:01:11,987] {dag.py:2919} INFO - Setting next_dagrun for example_branch_operator to 2022-12-15T00:00:00+00:00, run_after=2022-12-16T00:00:00+00:00
[2022-12-16 02:01:12,001] {processor.py:161} INFO - Processing /home/airflow/.local/lib/python3.7/site-packages/airflow/example_dags/example_branch_operator.py took 0.096 seconds
[2022-12-16 02:01:42,651] {processor.py:153} INFO - Started process (PID=275) to work on /home/airflow/.local/lib/python3.7/site-packages/airflow/example_dags/example_branch_operator.py
[2022-12-16 02:01:42,651] {processor.py:641} INFO - Processing file /home/airflow/.local/lib/python3.7/site-packages/airflow/example_dags/example_branch_operator.py for tasks to queue
[2022-12-16 02:01:42,652] {logging_mixin.py:115} INFO - [2022-12-16 02:01:42,652] {dagbag.py:507} INFO - Filling up the DagBag from /home/airflow/.local/lib/python3.7/site-packages/airflow/example_dags/example_branch_operator.py
[2022-12-16 02:01:42,663] {processor.py:651} INFO - DAG(s) dict_keys(['example_branch_operator']) retrieved from /home/airflow/.local/lib/python3.7/site-packages/airflow/example_dags/example_branch_operator.py
[2022-12-16 02:01:42,699] {logging_mixin.py:115} INFO - [2022-12-16 02:01:42,699] {dag.py:2371} INFO - Sync 1 DAGs
[2022-12-16 02:01:42,734] {logging_mixin.py:115} INFO - [2022-12-16 02:01:42,734] {dag.py:2919} INFO - Setting next_dagrun for example_branch_operator to 2022-12-15T00:00:00+00:00, run_after=2022-12-16T00:00:00+00:00
[2022-12-16 02:01:42,748] {processor.py:161} INFO - Processing /home/airflow/.local/lib/python3.7/site-packages/airflow/example_dags/example_branch_operator.py took 0.102 seconds
[2022-12-16 02:02:13,188] {processor.py:153} INFO - Started process (PID=337) to work on /home/airflow/.local/lib/python3.7/site-packages/airflow/example_dags/example_branch_operator.py
[2022-12-16 02:02:13,188] {processor.py:641} INFO - Processing file /home/airflow/.local/lib/python3.7/site-packages/airflow/example_dags/example_branch_operator.py for tasks to queue
[2022-12-16 02:02:13,190] {logging_mixin.py:115} INFO - [2022-12-16 02:02:13,189] {dagbag.py:507} INFO - Filling up the DagBag from /home/airflow/.local/lib/python3.7/site-packages/airflow/example_dags/example_branch_operator.py
[2022-12-16 02:02:13,201] {processor.py:651} INFO - DAG(s) dict_keys(['example_branch_operator']) retrieved from /home/airflow/.local/lib/python3.7/site-packages/airflow/example_dags/example_branch_operator.py
[2022-12-16 02:02:13,229] {logging_mixin.py:115} INFO - [2022-12-16 02:02:13,229] {dag.py:2371} INFO - Sync 1 DAGs
[2022-12-16 02:02:13,250] {logging_mixin.py:115} INFO - [2022-12-16 02:02:13,250] {dag.py:2919} INFO - Setting next_dagrun for example_branch_operator to 2022-12-15T00:00:00+00:00, run_after=2022-12-16T00:00:00+00:00
[2022-12-16 02:02:13,262] {processor.py:161} INFO - Processing /home/airflow/.local/lib/python3.7/site-packages/airflow/example_dags/example_branch_operator.py took 0.079 seconds
[2022-12-16 02:02:43,587] {processor.py:153} INFO - Started process (PID=391) to work on /home/airflow/.local/lib/python3.7/site-packages/airflow/example_dags/example_branch_operator.py
[2022-12-16 02:02:43,588] {processor.py:641} INFO - Processing file /home/airflow/.local/lib/python3.7/site-packages/airflow/example_dags/example_branch_operator.py for tasks to queue
[2022-12-16 02:02:43,589] {logging_mixin.py:115} INFO - [2022-12-16 02:02:43,589] {dagbag.py:507} INFO - Filling up the DagBag from /home/airflow/.local/lib/python3.7/site-packages/airflow/example_dags/example_branch_operator.py
[2022-12-16 02:02:43,602] {processor.py:651} INFO - DAG(s) dict_keys(['example_branch_operator']) retrieved from /home/airflow/.local/lib/python3.7/site-packages/airflow/example_dags/example_branch_operator.py
[2022-12-16 02:02:43,629] {logging_mixin.py:115} INFO - [2022-12-16 02:02:43,628] {dag.py:2371} INFO - Sync 1 DAGs
[2022-12-16 02:02:43,655] {logging_mixin.py:115} INFO - [2022-12-16 02:02:43,655] {dag.py:2919} INFO - Setting next_dagrun for example_branch_operator to 2022-12-15T00:00:00+00:00, run_after=2022-12-16T00:00:00+00:00
[2022-12-16 02:02:43,669] {processor.py:161} INFO - Processing /home/airflow/.local/lib/python3.7/site-packages/airflow/example_dags/example_branch_operator.py took 0.085 seconds
[2022-12-16 02:03:14,208] {processor.py:153} INFO - Started process (PID=453) to work on /home/airflow/.local/lib/python3.7/site-packages/airflow/example_dags/example_branch_operator.py
[2022-12-16 02:03:14,209] {processor.py:641} INFO - Processing file /home/airflow/.local/lib/python3.7/site-packages/airflow/example_dags/example_branch_operator.py for tasks to queue
[2022-12-16 02:03:14,211] {logging_mixin.py:115} INFO - [2022-12-16 02:03:14,210] {dagbag.py:507} INFO - Filling up the DagBag from /home/airflow/.local/lib/python3.7/site-packages/airflow/example_dags/example_branch_operator.py
[2022-12-16 02:03:14,223] {processor.py:651} INFO - DAG(s) dict_keys(['example_branch_operator']) retrieved from /home/airflow/.local/lib/python3.7/site-packages/airflow/example_dags/example_branch_operator.py
[2022-12-16 02:03:14,252] {logging_mixin.py:115} INFO - [2022-12-16 02:03:14,252] {dag.py:2371} INFO - Sync 1 DAGs
[2022-12-16 02:03:14,274] {logging_mixin.py:115} INFO - [2022-12-16 02:03:14,274] {dag.py:2919} INFO - Setting next_dagrun for example_branch_operator to 2022-12-15T00:00:00+00:00, run_after=2022-12-16T00:00:00+00:00
[2022-12-16 02:03:14,287] {processor.py:161} INFO - Processing /home/airflow/.local/lib/python3.7/site-packages/airflow/example_dags/example_branch_operator.py took 0.081 seconds
[2022-12-16 02:03:44,674] {processor.py:153} INFO - Started process (PID=515) to work on /home/airflow/.local/lib/python3.7/site-packages/airflow/example_dags/example_branch_operator.py
[2022-12-16 02:03:44,676] {processor.py:641} INFO - Processing file /home/airflow/.local/lib/python3.7/site-packages/airflow/example_dags/example_branch_operator.py for tasks to queue
[2022-12-16 02:03:44,677] {logging_mixin.py:115} INFO - [2022-12-16 02:03:44,677] {dagbag.py:507} INFO - Filling up the DagBag from /home/airflow/.local/lib/python3.7/site-packages/airflow/example_dags/example_branch_operator.py
[2022-12-16 02:03:44,689] {processor.py:651} INFO - DAG(s) dict_keys(['example_branch_operator']) retrieved from /home/airflow/.local/lib/python3.7/site-packages/airflow/example_dags/example_branch_operator.py
[2022-12-16 02:03:44,720] {logging_mixin.py:115} INFO - [2022-12-16 02:03:44,720] {dag.py:2371} INFO - Sync 1 DAGs
[2022-12-16 02:03:44,747] {logging_mixin.py:115} INFO - [2022-12-16 02:03:44,747] {dag.py:2919} INFO - Setting next_dagrun for example_branch_operator to 2022-12-15T00:00:00+00:00, run_after=2022-12-16T00:00:00+00:00
[2022-12-16 02:03:44,761] {processor.py:161} INFO - Processing /home/airflow/.local/lib/python3.7/site-packages/airflow/example_dags/example_branch_operator.py took 0.090 seconds
[2022-12-16 02:04:15,164] {processor.py:153} INFO - Started process (PID=576) to work on /home/airflow/.local/lib/python3.7/site-packages/airflow/example_dags/example_branch_operator.py
[2022-12-16 02:04:15,166] {processor.py:641} INFO - Processing file /home/airflow/.local/lib/python3.7/site-packages/airflow/example_dags/example_branch_operator.py for tasks to queue
[2022-12-16 02:04:15,167] {logging_mixin.py:115} INFO - [2022-12-16 02:04:15,166] {dagbag.py:507} INFO - Filling up the DagBag from /home/airflow/.local/lib/python3.7/site-packages/airflow/example_dags/example_branch_operator.py
[2022-12-16 02:04:15,189] {processor.py:651} INFO - DAG(s) dict_keys(['example_branch_operator']) retrieved from /home/airflow/.local/lib/python3.7/site-packages/airflow/example_dags/example_branch_operator.py
[2022-12-16 02:04:15,222] {logging_mixin.py:115} INFO - [2022-12-16 02:04:15,221] {dag.py:2371} INFO - Sync 1 DAGs
[2022-12-16 02:04:15,244] {logging_mixin.py:115} INFO - [2022-12-16 02:04:15,244] {dag.py:2919} INFO - Setting next_dagrun for example_branch_operator to 2022-12-15T00:00:00+00:00, run_after=2022-12-16T00:00:00+00:00
[2022-12-16 02:04:15,260] {processor.py:161} INFO - Processing /home/airflow/.local/lib/python3.7/site-packages/airflow/example_dags/example_branch_operator.py took 0.101 seconds
[2022-12-16 02:04:45,634] {processor.py:153} INFO - Started process (PID=630) to work on /home/airflow/.local/lib/python3.7/site-packages/airflow/example_dags/example_branch_operator.py
[2022-12-16 02:04:45,635] {processor.py:641} INFO - Processing file /home/airflow/.local/lib/python3.7/site-packages/airflow/example_dags/example_branch_operator.py for tasks to queue
[2022-12-16 02:04:45,637] {logging_mixin.py:115} INFO - [2022-12-16 02:04:45,637] {dagbag.py:507} INFO - Filling up the DagBag from /home/airflow/.local/lib/python3.7/site-packages/airflow/example_dags/example_branch_operator.py
[2022-12-16 02:04:45,647] {processor.py:651} INFO - DAG(s) dict_keys(['example_branch_operator']) retrieved from /home/airflow/.local/lib/python3.7/site-packages/airflow/example_dags/example_branch_operator.py
[2022-12-16 02:04:45,677] {logging_mixin.py:115} INFO - [2022-12-16 02:04:45,677] {dag.py:2371} INFO - Sync 1 DAGs
[2022-12-16 02:04:45,704] {logging_mixin.py:115} INFO - [2022-12-16 02:04:45,704] {dag.py:2919} INFO - Setting next_dagrun for example_branch_operator to 2022-12-15T00:00:00+00:00, run_after=2022-12-16T00:00:00+00:00
[2022-12-16 02:04:45,716] {processor.py:161} INFO - Processing /home/airflow/.local/lib/python3.7/site-packages/airflow/example_dags/example_branch_operator.py took 0.086 seconds
[2022-12-16 02:05:16,251] {processor.py:153} INFO - Started process (PID=693) to work on /home/airflow/.local/lib/python3.7/site-packages/airflow/example_dags/example_branch_operator.py
[2022-12-16 02:05:16,252] {processor.py:641} INFO - Processing file /home/airflow/.local/lib/python3.7/site-packages/airflow/example_dags/example_branch_operator.py for tasks to queue
[2022-12-16 02:05:16,253] {logging_mixin.py:115} INFO - [2022-12-16 02:05:16,253] {dagbag.py:507} INFO - Filling up the DagBag from /home/airflow/.local/lib/python3.7/site-packages/airflow/example_dags/example_branch_operator.py
[2022-12-16 02:05:16,268] {processor.py:651} INFO - DAG(s) dict_keys(['example_branch_operator']) retrieved from /home/airflow/.local/lib/python3.7/site-packages/airflow/example_dags/example_branch_operator.py
[2022-12-16 02:05:16,300] {logging_mixin.py:115} INFO - [2022-12-16 02:05:16,300] {dag.py:2371} INFO - Sync 1 DAGs
[2022-12-16 02:05:16,325] {logging_mixin.py:115} INFO - [2022-12-16 02:05:16,325] {dag.py:2919} INFO - Setting next_dagrun for example_branch_operator to 2022-12-15T00:00:00+00:00, run_after=2022-12-16T00:00:00+00:00
[2022-12-16 02:05:16,339] {processor.py:161} INFO - Processing /home/airflow/.local/lib/python3.7/site-packages/airflow/example_dags/example_branch_operator.py took 0.092 seconds
[2022-12-16 02:05:46,603] {processor.py:153} INFO - Started process (PID=755) to work on /home/airflow/.local/lib/python3.7/site-packages/airflow/example_dags/example_branch_operator.py
[2022-12-16 02:05:46,603] {processor.py:641} INFO - Processing file /home/airflow/.local/lib/python3.7/site-packages/airflow/example_dags/example_branch_operator.py for tasks to queue
[2022-12-16 02:05:46,605] {logging_mixin.py:115} INFO - [2022-12-16 02:05:46,605] {dagbag.py:507} INFO - Filling up the DagBag from /home/airflow/.local/lib/python3.7/site-packages/airflow/example_dags/example_branch_operator.py
[2022-12-16 02:05:46,617] {processor.py:651} INFO - DAG(s) dict_keys(['example_branch_operator']) retrieved from /home/airflow/.local/lib/python3.7/site-packages/airflow/example_dags/example_branch_operator.py
[2022-12-16 02:05:46,644] {logging_mixin.py:115} INFO - [2022-12-16 02:05:46,644] {dag.py:2371} INFO - Sync 1 DAGs
[2022-12-16 02:05:46,667] {logging_mixin.py:115} INFO - [2022-12-16 02:05:46,667] {dag.py:2919} INFO - Setting next_dagrun for example_branch_operator to 2022-12-15T00:00:00+00:00, run_after=2022-12-16T00:00:00+00:00
[2022-12-16 02:05:46,681] {processor.py:161} INFO - Processing /home/airflow/.local/lib/python3.7/site-packages/airflow/example_dags/example_branch_operator.py took 0.082 seconds
[2022-12-16 02:06:16,819] {processor.py:153} INFO - Started process (PID=809) to work on /home/airflow/.local/lib/python3.7/site-packages/airflow/example_dags/example_branch_operator.py
[2022-12-16 02:06:16,819] {processor.py:641} INFO - Processing file /home/airflow/.local/lib/python3.7/site-packages/airflow/example_dags/example_branch_operator.py for tasks to queue
[2022-12-16 02:06:16,820] {logging_mixin.py:115} INFO - [2022-12-16 02:06:16,820] {dagbag.py:507} INFO - Filling up the DagBag from /home/airflow/.local/lib/python3.7/site-packages/airflow/example_dags/example_branch_operator.py
[2022-12-16 02:06:16,837] {processor.py:651} INFO - DAG(s) dict_keys(['example_branch_operator']) retrieved from /home/airflow/.local/lib/python3.7/site-packages/airflow/example_dags/example_branch_operator.py
[2022-12-16 02:06:16,878] {logging_mixin.py:115} INFO - [2022-12-16 02:06:16,878] {dag.py:2371} INFO - Sync 1 DAGs
[2022-12-16 02:06:16,944] {logging_mixin.py:115} INFO - [2022-12-16 02:06:16,943] {dag.py:2919} INFO - Setting next_dagrun for example_branch_operator to 2022-12-15T00:00:00+00:00, run_after=2022-12-16T00:00:00+00:00
[2022-12-16 02:06:16,965] {processor.py:161} INFO - Processing /home/airflow/.local/lib/python3.7/site-packages/airflow/example_dags/example_branch_operator.py took 0.150 seconds
[2022-12-16 02:06:47,352] {processor.py:153} INFO - Started process (PID=872) to work on /home/airflow/.local/lib/python3.7/site-packages/airflow/example_dags/example_branch_operator.py
[2022-12-16 02:06:47,353] {processor.py:641} INFO - Processing file /home/airflow/.local/lib/python3.7/site-packages/airflow/example_dags/example_branch_operator.py for tasks to queue
[2022-12-16 02:06:47,354] {logging_mixin.py:115} INFO - [2022-12-16 02:06:47,354] {dagbag.py:507} INFO - Filling up the DagBag from /home/airflow/.local/lib/python3.7/site-packages/airflow/example_dags/example_branch_operator.py
[2022-12-16 02:06:47,366] {processor.py:651} INFO - DAG(s) dict_keys(['example_branch_operator']) retrieved from /home/airflow/.local/lib/python3.7/site-packages/airflow/example_dags/example_branch_operator.py
[2022-12-16 02:06:47,394] {logging_mixin.py:115} INFO - [2022-12-16 02:06:47,394] {dag.py:2371} INFO - Sync 1 DAGs
[2022-12-16 02:06:47,427] {logging_mixin.py:115} INFO - [2022-12-16 02:06:47,427] {dag.py:2919} INFO - Setting next_dagrun for example_branch_operator to 2022-12-15T00:00:00+00:00, run_after=2022-12-16T00:00:00+00:00
[2022-12-16 02:06:47,437] {processor.py:161} INFO - Processing /home/airflow/.local/lib/python3.7/site-packages/airflow/example_dags/example_branch_operator.py took 0.089 seconds
[2022-12-16 02:07:17,738] {processor.py:153} INFO - Started process (PID=935) to work on /home/airflow/.local/lib/python3.7/site-packages/airflow/example_dags/example_branch_operator.py
[2022-12-16 02:07:17,739] {processor.py:641} INFO - Processing file /home/airflow/.local/lib/python3.7/site-packages/airflow/example_dags/example_branch_operator.py for tasks to queue
[2022-12-16 02:07:17,740] {logging_mixin.py:115} INFO - [2022-12-16 02:07:17,740] {dagbag.py:507} INFO - Filling up the DagBag from /home/airflow/.local/lib/python3.7/site-packages/airflow/example_dags/example_branch_operator.py
[2022-12-16 02:07:17,752] {processor.py:651} INFO - DAG(s) dict_keys(['example_branch_operator']) retrieved from /home/airflow/.local/lib/python3.7/site-packages/airflow/example_dags/example_branch_operator.py
[2022-12-16 02:07:17,786] {logging_mixin.py:115} INFO - [2022-12-16 02:07:17,785] {dag.py:2371} INFO - Sync 1 DAGs
[2022-12-16 02:07:17,816] {logging_mixin.py:115} INFO - [2022-12-16 02:07:17,816] {dag.py:2919} INFO - Setting next_dagrun for example_branch_operator to 2022-12-15T00:00:00+00:00, run_after=2022-12-16T00:00:00+00:00
[2022-12-16 02:07:17,829] {processor.py:161} INFO - Processing /home/airflow/.local/lib/python3.7/site-packages/airflow/example_dags/example_branch_operator.py took 0.094 seconds
[2022-12-16 02:07:48,173] {processor.py:153} INFO - Started process (PID=998) to work on /home/airflow/.local/lib/python3.7/site-packages/airflow/example_dags/example_branch_operator.py
[2022-12-16 02:07:48,174] {processor.py:641} INFO - Processing file /home/airflow/.local/lib/python3.7/site-packages/airflow/example_dags/example_branch_operator.py for tasks to queue
[2022-12-16 02:07:48,179] {logging_mixin.py:115} INFO - [2022-12-16 02:07:48,178] {dagbag.py:507} INFO - Filling up the DagBag from /home/airflow/.local/lib/python3.7/site-packages/airflow/example_dags/example_branch_operator.py
[2022-12-16 02:07:48,193] {processor.py:651} INFO - DAG(s) dict_keys(['example_branch_operator']) retrieved from /home/airflow/.local/lib/python3.7/site-packages/airflow/example_dags/example_branch_operator.py
[2022-12-16 02:07:48,225] {logging_mixin.py:115} INFO - [2022-12-16 02:07:48,225] {dag.py:2371} INFO - Sync 1 DAGs
[2022-12-16 02:07:48,256] {logging_mixin.py:115} INFO - [2022-12-16 02:07:48,256] {dag.py:2919} INFO - Setting next_dagrun for example_branch_operator to 2022-12-15T00:00:00+00:00, run_after=2022-12-16T00:00:00+00:00
[2022-12-16 02:07:48,271] {processor.py:161} INFO - Processing /home/airflow/.local/lib/python3.7/site-packages/airflow/example_dags/example_branch_operator.py took 0.103 seconds
[2022-12-16 02:08:18,456] {processor.py:153} INFO - Started process (PID=1051) to work on /home/airflow/.local/lib/python3.7/site-packages/airflow/example_dags/example_branch_operator.py
[2022-12-16 02:08:18,457] {processor.py:641} INFO - Processing file /home/airflow/.local/lib/python3.7/site-packages/airflow/example_dags/example_branch_operator.py for tasks to queue
[2022-12-16 02:08:18,458] {logging_mixin.py:115} INFO - [2022-12-16 02:08:18,458] {dagbag.py:507} INFO - Filling up the DagBag from /home/airflow/.local/lib/python3.7/site-packages/airflow/example_dags/example_branch_operator.py
[2022-12-16 02:08:18,472] {processor.py:651} INFO - DAG(s) dict_keys(['example_branch_operator']) retrieved from /home/airflow/.local/lib/python3.7/site-packages/airflow/example_dags/example_branch_operator.py
[2022-12-16 02:08:18,506] {logging_mixin.py:115} INFO - [2022-12-16 02:08:18,506] {dag.py:2371} INFO - Sync 1 DAGs
[2022-12-16 02:08:18,530] {logging_mixin.py:115} INFO - [2022-12-16 02:08:18,530] {dag.py:2919} INFO - Setting next_dagrun for example_branch_operator to 2022-12-15T00:00:00+00:00, run_after=2022-12-16T00:00:00+00:00
[2022-12-16 02:08:18,542] {processor.py:161} INFO - Processing /home/airflow/.local/lib/python3.7/site-packages/airflow/example_dags/example_branch_operator.py took 0.089 seconds
[2022-12-16 02:08:49,122] {processor.py:153} INFO - Started process (PID=1112) to work on /home/airflow/.local/lib/python3.7/site-packages/airflow/example_dags/example_branch_operator.py
[2022-12-16 02:08:49,123] {processor.py:641} INFO - Processing file /home/airflow/.local/lib/python3.7/site-packages/airflow/example_dags/example_branch_operator.py for tasks to queue
[2022-12-16 02:08:49,124] {logging_mixin.py:115} INFO - [2022-12-16 02:08:49,124] {dagbag.py:507} INFO - Filling up the DagBag from /home/airflow/.local/lib/python3.7/site-packages/airflow/example_dags/example_branch_operator.py
[2022-12-16 02:08:49,138] {processor.py:651} INFO - DAG(s) dict_keys(['example_branch_operator']) retrieved from /home/airflow/.local/lib/python3.7/site-packages/airflow/example_dags/example_branch_operator.py
[2022-12-16 02:08:49,177] {logging_mixin.py:115} INFO - [2022-12-16 02:08:49,177] {dag.py:2371} INFO - Sync 1 DAGs
[2022-12-16 02:08:49,201] {logging_mixin.py:115} INFO - [2022-12-16 02:08:49,200] {dag.py:2919} INFO - Setting next_dagrun for example_branch_operator to 2022-12-15T00:00:00+00:00, run_after=2022-12-16T00:00:00+00:00
[2022-12-16 02:08:49,226] {processor.py:161} INFO - Processing /home/airflow/.local/lib/python3.7/site-packages/airflow/example_dags/example_branch_operator.py took 0.108 seconds
[2022-12-16 02:09:19,289] {processor.py:153} INFO - Started process (PID=1176) to work on /home/airflow/.local/lib/python3.7/site-packages/airflow/example_dags/example_branch_operator.py
[2022-12-16 02:09:19,290] {processor.py:641} INFO - Processing file /home/airflow/.local/lib/python3.7/site-packages/airflow/example_dags/example_branch_operator.py for tasks to queue
[2022-12-16 02:09:19,291] {logging_mixin.py:115} INFO - [2022-12-16 02:09:19,291] {dagbag.py:507} INFO - Filling up the DagBag from /home/airflow/.local/lib/python3.7/site-packages/airflow/example_dags/example_branch_operator.py
[2022-12-16 02:09:19,305] {processor.py:651} INFO - DAG(s) dict_keys(['example_branch_operator']) retrieved from /home/airflow/.local/lib/python3.7/site-packages/airflow/example_dags/example_branch_operator.py
[2022-12-16 02:09:19,333] {logging_mixin.py:115} INFO - [2022-12-16 02:09:19,333] {dag.py:2371} INFO - Sync 1 DAGs
[2022-12-16 02:09:19,355] {logging_mixin.py:115} INFO - [2022-12-16 02:09:19,355] {dag.py:2919} INFO - Setting next_dagrun for example_branch_operator to 2022-12-15T00:00:00+00:00, run_after=2022-12-16T00:00:00+00:00
[2022-12-16 02:09:19,367] {processor.py:161} INFO - Processing /home/airflow/.local/lib/python3.7/site-packages/airflow/example_dags/example_branch_operator.py took 0.082 seconds
[2022-12-16 02:09:49,992] {processor.py:153} INFO - Started process (PID=1229) to work on /home/airflow/.local/lib/python3.7/site-packages/airflow/example_dags/example_branch_operator.py
[2022-12-16 02:09:49,993] {processor.py:641} INFO - Processing file /home/airflow/.local/lib/python3.7/site-packages/airflow/example_dags/example_branch_operator.py for tasks to queue
[2022-12-16 02:09:49,994] {logging_mixin.py:115} INFO - [2022-12-16 02:09:49,994] {dagbag.py:507} INFO - Filling up the DagBag from /home/airflow/.local/lib/python3.7/site-packages/airflow/example_dags/example_branch_operator.py
[2022-12-16 02:09:50,008] {processor.py:651} INFO - DAG(s) dict_keys(['example_branch_operator']) retrieved from /home/airflow/.local/lib/python3.7/site-packages/airflow/example_dags/example_branch_operator.py
[2022-12-16 02:09:50,053] {logging_mixin.py:115} INFO - [2022-12-16 02:09:50,053] {dag.py:2371} INFO - Sync 1 DAGs
[2022-12-16 02:09:50,084] {logging_mixin.py:115} INFO - [2022-12-16 02:09:50,084] {dag.py:2919} INFO - Setting next_dagrun for example_branch_operator to 2022-12-15T00:00:00+00:00, run_after=2022-12-16T00:00:00+00:00
[2022-12-16 02:09:50,109] {processor.py:161} INFO - Processing /home/airflow/.local/lib/python3.7/site-packages/airflow/example_dags/example_branch_operator.py took 0.121 seconds
[2022-12-16 02:10:20,319] {processor.py:153} INFO - Started process (PID=1291) to work on /home/airflow/.local/lib/python3.7/site-packages/airflow/example_dags/example_branch_operator.py
[2022-12-16 02:10:20,320] {processor.py:641} INFO - Processing file /home/airflow/.local/lib/python3.7/site-packages/airflow/example_dags/example_branch_operator.py for tasks to queue
[2022-12-16 02:10:20,321] {logging_mixin.py:115} INFO - [2022-12-16 02:10:20,321] {dagbag.py:507} INFO - Filling up the DagBag from /home/airflow/.local/lib/python3.7/site-packages/airflow/example_dags/example_branch_operator.py
[2022-12-16 02:10:20,337] {processor.py:651} INFO - DAG(s) dict_keys(['example_branch_operator']) retrieved from /home/airflow/.local/lib/python3.7/site-packages/airflow/example_dags/example_branch_operator.py
[2022-12-16 02:10:20,372] {logging_mixin.py:115} INFO - [2022-12-16 02:10:20,372] {dag.py:2371} INFO - Sync 1 DAGs
[2022-12-16 02:10:20,406] {logging_mixin.py:115} INFO - [2022-12-16 02:10:20,406] {dag.py:2919} INFO - Setting next_dagrun for example_branch_operator to 2022-12-15T00:00:00+00:00, run_after=2022-12-16T00:00:00+00:00
[2022-12-16 02:10:20,421] {processor.py:161} INFO - Processing /home/airflow/.local/lib/python3.7/site-packages/airflow/example_dags/example_branch_operator.py took 0.105 seconds
[2022-12-16 02:10:50,811] {processor.py:153} INFO - Started process (PID=1353) to work on /home/airflow/.local/lib/python3.7/site-packages/airflow/example_dags/example_branch_operator.py
[2022-12-16 02:10:50,812] {processor.py:641} INFO - Processing file /home/airflow/.local/lib/python3.7/site-packages/airflow/example_dags/example_branch_operator.py for tasks to queue
[2022-12-16 02:10:50,813] {logging_mixin.py:115} INFO - [2022-12-16 02:10:50,813] {dagbag.py:507} INFO - Filling up the DagBag from /home/airflow/.local/lib/python3.7/site-packages/airflow/example_dags/example_branch_operator.py
[2022-12-16 02:10:50,825] {processor.py:651} INFO - DAG(s) dict_keys(['example_branch_operator']) retrieved from /home/airflow/.local/lib/python3.7/site-packages/airflow/example_dags/example_branch_operator.py
[2022-12-16 02:10:50,855] {logging_mixin.py:115} INFO - [2022-12-16 02:10:50,855] {dag.py:2371} INFO - Sync 1 DAGs
[2022-12-16 02:10:50,882] {logging_mixin.py:115} INFO - [2022-12-16 02:10:50,882] {dag.py:2919} INFO - Setting next_dagrun for example_branch_operator to 2022-12-15T00:00:00+00:00, run_after=2022-12-16T00:00:00+00:00
[2022-12-16 02:10:50,895] {processor.py:161} INFO - Processing /home/airflow/.local/lib/python3.7/site-packages/airflow/example_dags/example_branch_operator.py took 0.090 seconds
[2022-12-16 02:11:21,107] {processor.py:153} INFO - Started process (PID=1415) to work on /home/airflow/.local/lib/python3.7/site-packages/airflow/example_dags/example_branch_operator.py
[2022-12-16 02:11:21,108] {processor.py:641} INFO - Processing file /home/airflow/.local/lib/python3.7/site-packages/airflow/example_dags/example_branch_operator.py for tasks to queue
[2022-12-16 02:11:21,109] {logging_mixin.py:115} INFO - [2022-12-16 02:11:21,109] {dagbag.py:507} INFO - Filling up the DagBag from /home/airflow/.local/lib/python3.7/site-packages/airflow/example_dags/example_branch_operator.py
[2022-12-16 02:11:21,123] {processor.py:651} INFO - DAG(s) dict_keys(['example_branch_operator']) retrieved from /home/airflow/.local/lib/python3.7/site-packages/airflow/example_dags/example_branch_operator.py
[2022-12-16 02:11:21,161] {logging_mixin.py:115} INFO - [2022-12-16 02:11:21,160] {dag.py:2371} INFO - Sync 1 DAGs
[2022-12-16 02:11:21,195] {logging_mixin.py:115} INFO - [2022-12-16 02:11:21,195] {dag.py:2919} INFO - Setting next_dagrun for example_branch_operator to 2022-12-15T00:00:00+00:00, run_after=2022-12-16T00:00:00+00:00
[2022-12-16 02:11:21,209] {processor.py:161} INFO - Processing /home/airflow/.local/lib/python3.7/site-packages/airflow/example_dags/example_branch_operator.py took 0.109 seconds
[2022-12-16 02:11:51,478] {processor.py:153} INFO - Started process (PID=1468) to work on /home/airflow/.local/lib/python3.7/site-packages/airflow/example_dags/example_branch_operator.py
[2022-12-16 02:11:51,479] {processor.py:641} INFO - Processing file /home/airflow/.local/lib/python3.7/site-packages/airflow/example_dags/example_branch_operator.py for tasks to queue
[2022-12-16 02:11:51,480] {logging_mixin.py:115} INFO - [2022-12-16 02:11:51,480] {dagbag.py:507} INFO - Filling up the DagBag from /home/airflow/.local/lib/python3.7/site-packages/airflow/example_dags/example_branch_operator.py
[2022-12-16 02:11:51,493] {processor.py:651} INFO - DAG(s) dict_keys(['example_branch_operator']) retrieved from /home/airflow/.local/lib/python3.7/site-packages/airflow/example_dags/example_branch_operator.py
[2022-12-16 02:11:51,528] {logging_mixin.py:115} INFO - [2022-12-16 02:11:51,528] {dag.py:2371} INFO - Sync 1 DAGs
[2022-12-16 02:11:51,571] {logging_mixin.py:115} INFO - [2022-12-16 02:11:51,570] {dag.py:2919} INFO - Setting next_dagrun for example_branch_operator to 2022-12-15T00:00:00+00:00, run_after=2022-12-16T00:00:00+00:00
[2022-12-16 02:11:51,604] {processor.py:161} INFO - Processing /home/airflow/.local/lib/python3.7/site-packages/airflow/example_dags/example_branch_operator.py took 0.130 seconds
[2022-12-16 02:12:21,663] {processor.py:153} INFO - Started process (PID=1531) to work on /home/airflow/.local/lib/python3.7/site-packages/airflow/example_dags/example_branch_operator.py
[2022-12-16 02:12:21,664] {processor.py:641} INFO - Processing file /home/airflow/.local/lib/python3.7/site-packages/airflow/example_dags/example_branch_operator.py for tasks to queue
[2022-12-16 02:12:21,664] {logging_mixin.py:115} INFO - [2022-12-16 02:12:21,664] {dagbag.py:507} INFO - Filling up the DagBag from /home/airflow/.local/lib/python3.7/site-packages/airflow/example_dags/example_branch_operator.py
[2022-12-16 02:12:21,675] {processor.py:651} INFO - DAG(s) dict_keys(['example_branch_operator']) retrieved from /home/airflow/.local/lib/python3.7/site-packages/airflow/example_dags/example_branch_operator.py
[2022-12-16 02:12:21,705] {logging_mixin.py:115} INFO - [2022-12-16 02:12:21,705] {dag.py:2371} INFO - Sync 1 DAGs
[2022-12-16 02:12:21,731] {logging_mixin.py:115} INFO - [2022-12-16 02:12:21,731] {dag.py:2919} INFO - Setting next_dagrun for example_branch_operator to 2022-12-15T00:00:00+00:00, run_after=2022-12-16T00:00:00+00:00
[2022-12-16 02:12:21,746] {processor.py:161} INFO - Processing /home/airflow/.local/lib/python3.7/site-packages/airflow/example_dags/example_branch_operator.py took 0.088 seconds
[2022-12-16 02:12:51,882] {processor.py:153} INFO - Started process (PID=1592) to work on /home/airflow/.local/lib/python3.7/site-packages/airflow/example_dags/example_branch_operator.py
[2022-12-16 02:12:51,882] {processor.py:641} INFO - Processing file /home/airflow/.local/lib/python3.7/site-packages/airflow/example_dags/example_branch_operator.py for tasks to queue
[2022-12-16 02:12:51,884] {logging_mixin.py:115} INFO - [2022-12-16 02:12:51,884] {dagbag.py:507} INFO - Filling up the DagBag from /home/airflow/.local/lib/python3.7/site-packages/airflow/example_dags/example_branch_operator.py
[2022-12-16 02:12:51,899] {processor.py:651} INFO - DAG(s) dict_keys(['example_branch_operator']) retrieved from /home/airflow/.local/lib/python3.7/site-packages/airflow/example_dags/example_branch_operator.py
[2022-12-16 02:12:51,941] {logging_mixin.py:115} INFO - [2022-12-16 02:12:51,941] {dag.py:2371} INFO - Sync 1 DAGs
[2022-12-16 02:12:51,965] {logging_mixin.py:115} INFO - [2022-12-16 02:12:51,965] {dag.py:2919} INFO - Setting next_dagrun for example_branch_operator to 2022-12-15T00:00:00+00:00, run_after=2022-12-16T00:00:00+00:00
[2022-12-16 02:12:51,983] {processor.py:161} INFO - Processing /home/airflow/.local/lib/python3.7/site-packages/airflow/example_dags/example_branch_operator.py took 0.106 seconds
