[2022-12-16 01:50:19,987] {processor.py:153} INFO - Started process (PID=44) to work on /home/airflow/.local/lib/python3.7/site-packages/airflow/example_dags/example_nested_branch_dag.py
[2022-12-16 01:50:19,988] {processor.py:641} INFO - Processing file /home/airflow/.local/lib/python3.7/site-packages/airflow/example_dags/example_nested_branch_dag.py for tasks to queue
[2022-12-16 01:50:19,989] {logging_mixin.py:115} INFO - [2022-12-16 01:50:19,989] {dagbag.py:507} INFO - Filling up the DagBag from /home/airflow/.local/lib/python3.7/site-packages/airflow/example_dags/example_nested_branch_dag.py
[2022-12-16 01:50:20,001] {processor.py:651} INFO - DAG(s) dict_keys(['example_nested_branch_dag']) retrieved from /home/airflow/.local/lib/python3.7/site-packages/airflow/example_dags/example_nested_branch_dag.py
[2022-12-16 01:50:20,474] {logging_mixin.py:115} INFO - [2022-12-16 01:50:20,473] {manager.py:508} INFO - Created Permission View: can edit on DAG:example_nested_branch_dag
[2022-12-16 01:50:20,492] {logging_mixin.py:115} INFO - [2022-12-16 01:50:20,491] {manager.py:508} INFO - Created Permission View: can delete on DAG:example_nested_branch_dag
[2022-12-16 01:50:20,504] {logging_mixin.py:115} INFO - [2022-12-16 01:50:20,504] {manager.py:508} INFO - Created Permission View: can read on DAG:example_nested_branch_dag
[2022-12-16 01:50:20,505] {logging_mixin.py:115} INFO - [2022-12-16 01:50:20,505] {dag.py:2371} INFO - Sync 1 DAGs
[2022-12-16 01:50:20,518] {logging_mixin.py:115} INFO - [2022-12-16 01:50:20,518] {dag.py:2390} INFO - Creating ORM DAG for example_nested_branch_dag
[2022-12-16 01:50:20,537] {logging_mixin.py:115} INFO - [2022-12-16 01:50:20,537] {dag.py:2919} INFO - Setting next_dagrun for example_nested_branch_dag to 2022-12-15T00:00:00+00:00, run_after=2022-12-16T00:00:00+00:00
[2022-12-16 01:50:20,571] {processor.py:161} INFO - Processing /home/airflow/.local/lib/python3.7/site-packages/airflow/example_dags/example_nested_branch_dag.py took 0.588 seconds
[2022-12-16 01:50:51,139] {processor.py:153} INFO - Started process (PID=97) to work on /home/airflow/.local/lib/python3.7/site-packages/airflow/example_dags/example_nested_branch_dag.py
[2022-12-16 01:50:51,140] {processor.py:641} INFO - Processing file /home/airflow/.local/lib/python3.7/site-packages/airflow/example_dags/example_nested_branch_dag.py for tasks to queue
[2022-12-16 01:50:51,141] {logging_mixin.py:115} INFO - [2022-12-16 01:50:51,141] {dagbag.py:507} INFO - Filling up the DagBag from /home/airflow/.local/lib/python3.7/site-packages/airflow/example_dags/example_nested_branch_dag.py
[2022-12-16 01:50:51,154] {processor.py:651} INFO - DAG(s) dict_keys(['example_nested_branch_dag']) retrieved from /home/airflow/.local/lib/python3.7/site-packages/airflow/example_dags/example_nested_branch_dag.py
[2022-12-16 01:50:51,179] {logging_mixin.py:115} INFO - [2022-12-16 01:50:51,178] {dag.py:2371} INFO - Sync 1 DAGs
[2022-12-16 01:50:51,338] {logging_mixin.py:115} INFO - [2022-12-16 01:50:51,338] {dag.py:2919} INFO - Setting next_dagrun for example_nested_branch_dag to 2022-12-15T00:00:00+00:00, run_after=2022-12-16T00:00:00+00:00
[2022-12-16 01:50:51,359] {processor.py:161} INFO - Processing /home/airflow/.local/lib/python3.7/site-packages/airflow/example_dags/example_nested_branch_dag.py took 0.228 seconds
[2022-12-16 01:51:21,430] {processor.py:153} INFO - Started process (PID=158) to work on /home/airflow/.local/lib/python3.7/site-packages/airflow/example_dags/example_nested_branch_dag.py
[2022-12-16 01:51:21,431] {processor.py:641} INFO - Processing file /home/airflow/.local/lib/python3.7/site-packages/airflow/example_dags/example_nested_branch_dag.py for tasks to queue
[2022-12-16 01:51:21,431] {logging_mixin.py:115} INFO - [2022-12-16 01:51:21,431] {dagbag.py:507} INFO - Filling up the DagBag from /home/airflow/.local/lib/python3.7/site-packages/airflow/example_dags/example_nested_branch_dag.py
[2022-12-16 01:51:21,441] {processor.py:651} INFO - DAG(s) dict_keys(['example_nested_branch_dag']) retrieved from /home/airflow/.local/lib/python3.7/site-packages/airflow/example_dags/example_nested_branch_dag.py
[2022-12-16 01:51:21,466] {logging_mixin.py:115} INFO - [2022-12-16 01:51:21,466] {dag.py:2371} INFO - Sync 1 DAGs
[2022-12-16 01:51:21,624] {logging_mixin.py:115} INFO - [2022-12-16 01:51:21,624] {dag.py:2919} INFO - Setting next_dagrun for example_nested_branch_dag to 2022-12-15T00:00:00+00:00, run_after=2022-12-16T00:00:00+00:00
[2022-12-16 01:51:21,635] {processor.py:161} INFO - Processing /home/airflow/.local/lib/python3.7/site-packages/airflow/example_dags/example_nested_branch_dag.py took 0.209 seconds
[2022-12-16 01:51:52,011] {processor.py:153} INFO - Started process (PID=220) to work on /home/airflow/.local/lib/python3.7/site-packages/airflow/example_dags/example_nested_branch_dag.py
[2022-12-16 01:51:52,012] {processor.py:641} INFO - Processing file /home/airflow/.local/lib/python3.7/site-packages/airflow/example_dags/example_nested_branch_dag.py for tasks to queue
[2022-12-16 01:51:52,013] {logging_mixin.py:115} INFO - [2022-12-16 01:51:52,013] {dagbag.py:507} INFO - Filling up the DagBag from /home/airflow/.local/lib/python3.7/site-packages/airflow/example_dags/example_nested_branch_dag.py
[2022-12-16 01:51:52,028] {processor.py:651} INFO - DAG(s) dict_keys(['example_nested_branch_dag']) retrieved from /home/airflow/.local/lib/python3.7/site-packages/airflow/example_dags/example_nested_branch_dag.py
[2022-12-16 01:51:52,104] {logging_mixin.py:115} INFO - [2022-12-16 01:51:52,104] {dag.py:2371} INFO - Sync 1 DAGs
[2022-12-16 01:51:52,518] {logging_mixin.py:115} INFO - [2022-12-16 01:51:52,518] {dag.py:2919} INFO - Setting next_dagrun for example_nested_branch_dag to 2022-12-15T00:00:00+00:00, run_after=2022-12-16T00:00:00+00:00
[2022-12-16 01:51:52,532] {processor.py:161} INFO - Processing /home/airflow/.local/lib/python3.7/site-packages/airflow/example_dags/example_nested_branch_dag.py took 0.535 seconds
[2022-12-16 01:52:22,816] {processor.py:153} INFO - Started process (PID=273) to work on /home/airflow/.local/lib/python3.7/site-packages/airflow/example_dags/example_nested_branch_dag.py
[2022-12-16 01:52:22,817] {processor.py:641} INFO - Processing file /home/airflow/.local/lib/python3.7/site-packages/airflow/example_dags/example_nested_branch_dag.py for tasks to queue
[2022-12-16 01:52:22,821] {logging_mixin.py:115} INFO - [2022-12-16 01:52:22,820] {dagbag.py:507} INFO - Filling up the DagBag from /home/airflow/.local/lib/python3.7/site-packages/airflow/example_dags/example_nested_branch_dag.py
[2022-12-16 01:52:22,843] {processor.py:651} INFO - DAG(s) dict_keys(['example_nested_branch_dag']) retrieved from /home/airflow/.local/lib/python3.7/site-packages/airflow/example_dags/example_nested_branch_dag.py
[2022-12-16 01:52:22,896] {logging_mixin.py:115} INFO - [2022-12-16 01:52:22,895] {dag.py:2371} INFO - Sync 1 DAGs
[2022-12-16 01:52:23,194] {logging_mixin.py:115} INFO - [2022-12-16 01:52:23,194] {dag.py:2919} INFO - Setting next_dagrun for example_nested_branch_dag to 2022-12-15T00:00:00+00:00, run_after=2022-12-16T00:00:00+00:00
[2022-12-16 01:52:23,218] {processor.py:161} INFO - Processing /home/airflow/.local/lib/python3.7/site-packages/airflow/example_dags/example_nested_branch_dag.py took 0.409 seconds
[2022-12-16 01:52:54,230] {processor.py:153} INFO - Started process (PID=334) to work on /home/airflow/.local/lib/python3.7/site-packages/airflow/example_dags/example_nested_branch_dag.py
[2022-12-16 01:52:54,230] {processor.py:641} INFO - Processing file /home/airflow/.local/lib/python3.7/site-packages/airflow/example_dags/example_nested_branch_dag.py for tasks to queue
[2022-12-16 01:52:54,232] {logging_mixin.py:115} INFO - [2022-12-16 01:52:54,231] {dagbag.py:507} INFO - Filling up the DagBag from /home/airflow/.local/lib/python3.7/site-packages/airflow/example_dags/example_nested_branch_dag.py
[2022-12-16 01:52:54,244] {processor.py:651} INFO - DAG(s) dict_keys(['example_nested_branch_dag']) retrieved from /home/airflow/.local/lib/python3.7/site-packages/airflow/example_dags/example_nested_branch_dag.py
[2022-12-16 01:52:54,274] {logging_mixin.py:115} INFO - [2022-12-16 01:52:54,273] {dag.py:2371} INFO - Sync 1 DAGs
[2022-12-16 01:52:54,479] {logging_mixin.py:115} INFO - [2022-12-16 01:52:54,479] {dag.py:2919} INFO - Setting next_dagrun for example_nested_branch_dag to 2022-12-15T00:00:00+00:00, run_after=2022-12-16T00:00:00+00:00
[2022-12-16 01:52:54,494] {processor.py:161} INFO - Processing /home/airflow/.local/lib/python3.7/site-packages/airflow/example_dags/example_nested_branch_dag.py took 0.267 seconds
[2022-12-16 01:53:24,917] {processor.py:153} INFO - Started process (PID=394) to work on /home/airflow/.local/lib/python3.7/site-packages/airflow/example_dags/example_nested_branch_dag.py
[2022-12-16 01:53:24,918] {processor.py:641} INFO - Processing file /home/airflow/.local/lib/python3.7/site-packages/airflow/example_dags/example_nested_branch_dag.py for tasks to queue
[2022-12-16 01:53:24,920] {logging_mixin.py:115} INFO - [2022-12-16 01:53:24,920] {dagbag.py:507} INFO - Filling up the DagBag from /home/airflow/.local/lib/python3.7/site-packages/airflow/example_dags/example_nested_branch_dag.py
[2022-12-16 01:53:24,933] {processor.py:651} INFO - DAG(s) dict_keys(['example_nested_branch_dag']) retrieved from /home/airflow/.local/lib/python3.7/site-packages/airflow/example_dags/example_nested_branch_dag.py
[2022-12-16 01:53:24,967] {logging_mixin.py:115} INFO - [2022-12-16 01:53:24,967] {dag.py:2371} INFO - Sync 1 DAGs
[2022-12-16 01:53:25,137] {logging_mixin.py:115} INFO - [2022-12-16 01:53:25,137] {dag.py:2919} INFO - Setting next_dagrun for example_nested_branch_dag to 2022-12-15T00:00:00+00:00, run_after=2022-12-16T00:00:00+00:00
[2022-12-16 01:53:25,148] {processor.py:161} INFO - Processing /home/airflow/.local/lib/python3.7/site-packages/airflow/example_dags/example_nested_branch_dag.py took 0.236 seconds
[2022-12-16 01:53:55,584] {processor.py:153} INFO - Started process (PID=446) to work on /home/airflow/.local/lib/python3.7/site-packages/airflow/example_dags/example_nested_branch_dag.py
[2022-12-16 01:53:55,585] {processor.py:641} INFO - Processing file /home/airflow/.local/lib/python3.7/site-packages/airflow/example_dags/example_nested_branch_dag.py for tasks to queue
[2022-12-16 01:53:55,588] {logging_mixin.py:115} INFO - [2022-12-16 01:53:55,588] {dagbag.py:507} INFO - Filling up the DagBag from /home/airflow/.local/lib/python3.7/site-packages/airflow/example_dags/example_nested_branch_dag.py
[2022-12-16 01:53:55,602] {processor.py:651} INFO - DAG(s) dict_keys(['example_nested_branch_dag']) retrieved from /home/airflow/.local/lib/python3.7/site-packages/airflow/example_dags/example_nested_branch_dag.py
[2022-12-16 01:53:55,632] {logging_mixin.py:115} INFO - [2022-12-16 01:53:55,631] {dag.py:2371} INFO - Sync 1 DAGs
[2022-12-16 01:53:55,840] {logging_mixin.py:115} INFO - [2022-12-16 01:53:55,840] {dag.py:2919} INFO - Setting next_dagrun for example_nested_branch_dag to 2022-12-15T00:00:00+00:00, run_after=2022-12-16T00:00:00+00:00
[2022-12-16 01:53:55,857] {processor.py:161} INFO - Processing /home/airflow/.local/lib/python3.7/site-packages/airflow/example_dags/example_nested_branch_dag.py took 0.276 seconds
[2022-12-16 01:54:26,675] {processor.py:153} INFO - Started process (PID=507) to work on /home/airflow/.local/lib/python3.7/site-packages/airflow/example_dags/example_nested_branch_dag.py
[2022-12-16 01:54:26,676] {processor.py:641} INFO - Processing file /home/airflow/.local/lib/python3.7/site-packages/airflow/example_dags/example_nested_branch_dag.py for tasks to queue
[2022-12-16 01:54:26,677] {logging_mixin.py:115} INFO - [2022-12-16 01:54:26,676] {dagbag.py:507} INFO - Filling up the DagBag from /home/airflow/.local/lib/python3.7/site-packages/airflow/example_dags/example_nested_branch_dag.py
[2022-12-16 01:54:26,693] {processor.py:651} INFO - DAG(s) dict_keys(['example_nested_branch_dag']) retrieved from /home/airflow/.local/lib/python3.7/site-packages/airflow/example_dags/example_nested_branch_dag.py
[2022-12-16 01:54:26,732] {logging_mixin.py:115} INFO - [2022-12-16 01:54:26,732] {dag.py:2371} INFO - Sync 1 DAGs
[2022-12-16 01:54:26,938] {logging_mixin.py:115} INFO - [2022-12-16 01:54:26,938] {dag.py:2919} INFO - Setting next_dagrun for example_nested_branch_dag to 2022-12-15T00:00:00+00:00, run_after=2022-12-16T00:00:00+00:00
[2022-12-16 01:54:26,950] {processor.py:161} INFO - Processing /home/airflow/.local/lib/python3.7/site-packages/airflow/example_dags/example_nested_branch_dag.py took 0.280 seconds
[2022-12-16 01:54:57,237] {processor.py:153} INFO - Started process (PID=568) to work on /home/airflow/.local/lib/python3.7/site-packages/airflow/example_dags/example_nested_branch_dag.py
[2022-12-16 01:54:57,238] {processor.py:641} INFO - Processing file /home/airflow/.local/lib/python3.7/site-packages/airflow/example_dags/example_nested_branch_dag.py for tasks to queue
[2022-12-16 01:54:57,239] {logging_mixin.py:115} INFO - [2022-12-16 01:54:57,239] {dagbag.py:507} INFO - Filling up the DagBag from /home/airflow/.local/lib/python3.7/site-packages/airflow/example_dags/example_nested_branch_dag.py
[2022-12-16 01:54:57,250] {processor.py:651} INFO - DAG(s) dict_keys(['example_nested_branch_dag']) retrieved from /home/airflow/.local/lib/python3.7/site-packages/airflow/example_dags/example_nested_branch_dag.py
[2022-12-16 01:54:57,279] {logging_mixin.py:115} INFO - [2022-12-16 01:54:57,278] {dag.py:2371} INFO - Sync 1 DAGs
[2022-12-16 01:54:57,445] {logging_mixin.py:115} INFO - [2022-12-16 01:54:57,445] {dag.py:2919} INFO - Setting next_dagrun for example_nested_branch_dag to 2022-12-15T00:00:00+00:00, run_after=2022-12-16T00:00:00+00:00
[2022-12-16 01:54:57,457] {processor.py:161} INFO - Processing /home/airflow/.local/lib/python3.7/site-packages/airflow/example_dags/example_nested_branch_dag.py took 0.224 seconds
[2022-12-16 01:55:27,983] {processor.py:153} INFO - Started process (PID=621) to work on /home/airflow/.local/lib/python3.7/site-packages/airflow/example_dags/example_nested_branch_dag.py
[2022-12-16 01:55:27,984] {processor.py:641} INFO - Processing file /home/airflow/.local/lib/python3.7/site-packages/airflow/example_dags/example_nested_branch_dag.py for tasks to queue
[2022-12-16 01:55:27,986] {logging_mixin.py:115} INFO - [2022-12-16 01:55:27,985] {dagbag.py:507} INFO - Filling up the DagBag from /home/airflow/.local/lib/python3.7/site-packages/airflow/example_dags/example_nested_branch_dag.py
[2022-12-16 01:55:27,999] {processor.py:651} INFO - DAG(s) dict_keys(['example_nested_branch_dag']) retrieved from /home/airflow/.local/lib/python3.7/site-packages/airflow/example_dags/example_nested_branch_dag.py
[2022-12-16 01:55:28,029] {logging_mixin.py:115} INFO - [2022-12-16 01:55:28,029] {dag.py:2371} INFO - Sync 1 DAGs
[2022-12-16 01:55:28,191] {logging_mixin.py:115} INFO - [2022-12-16 01:55:28,191] {dag.py:2919} INFO - Setting next_dagrun for example_nested_branch_dag to 2022-12-15T00:00:00+00:00, run_after=2022-12-16T00:00:00+00:00
[2022-12-16 01:55:28,204] {processor.py:161} INFO - Processing /home/airflow/.local/lib/python3.7/site-packages/airflow/example_dags/example_nested_branch_dag.py took 0.226 seconds
[2022-12-16 01:55:58,488] {processor.py:153} INFO - Started process (PID=682) to work on /home/airflow/.local/lib/python3.7/site-packages/airflow/example_dags/example_nested_branch_dag.py
[2022-12-16 01:55:58,488] {processor.py:641} INFO - Processing file /home/airflow/.local/lib/python3.7/site-packages/airflow/example_dags/example_nested_branch_dag.py for tasks to queue
[2022-12-16 01:55:58,489] {logging_mixin.py:115} INFO - [2022-12-16 01:55:58,489] {dagbag.py:507} INFO - Filling up the DagBag from /home/airflow/.local/lib/python3.7/site-packages/airflow/example_dags/example_nested_branch_dag.py
[2022-12-16 01:55:58,501] {processor.py:651} INFO - DAG(s) dict_keys(['example_nested_branch_dag']) retrieved from /home/airflow/.local/lib/python3.7/site-packages/airflow/example_dags/example_nested_branch_dag.py
[2022-12-16 01:55:58,532] {logging_mixin.py:115} INFO - [2022-12-16 01:55:58,532] {dag.py:2371} INFO - Sync 1 DAGs
[2022-12-16 01:55:58,700] {logging_mixin.py:115} INFO - [2022-12-16 01:55:58,700] {dag.py:2919} INFO - Setting next_dagrun for example_nested_branch_dag to 2022-12-15T00:00:00+00:00, run_after=2022-12-16T00:00:00+00:00
[2022-12-16 01:55:58,714] {processor.py:161} INFO - Processing /home/airflow/.local/lib/python3.7/site-packages/airflow/example_dags/example_nested_branch_dag.py took 0.230 seconds
[2022-12-16 01:56:29,147] {processor.py:153} INFO - Started process (PID=744) to work on /home/airflow/.local/lib/python3.7/site-packages/airflow/example_dags/example_nested_branch_dag.py
[2022-12-16 01:56:29,148] {processor.py:641} INFO - Processing file /home/airflow/.local/lib/python3.7/site-packages/airflow/example_dags/example_nested_branch_dag.py for tasks to queue
[2022-12-16 01:56:29,149] {logging_mixin.py:115} INFO - [2022-12-16 01:56:29,149] {dagbag.py:507} INFO - Filling up the DagBag from /home/airflow/.local/lib/python3.7/site-packages/airflow/example_dags/example_nested_branch_dag.py
[2022-12-16 01:56:29,166] {processor.py:651} INFO - DAG(s) dict_keys(['example_nested_branch_dag']) retrieved from /home/airflow/.local/lib/python3.7/site-packages/airflow/example_dags/example_nested_branch_dag.py
[2022-12-16 01:56:29,195] {logging_mixin.py:115} INFO - [2022-12-16 01:56:29,195] {dag.py:2371} INFO - Sync 1 DAGs
[2022-12-16 01:56:29,362] {logging_mixin.py:115} INFO - [2022-12-16 01:56:29,362] {dag.py:2919} INFO - Setting next_dagrun for example_nested_branch_dag to 2022-12-15T00:00:00+00:00, run_after=2022-12-16T00:00:00+00:00
[2022-12-16 01:56:29,372] {processor.py:161} INFO - Processing /home/airflow/.local/lib/python3.7/site-packages/airflow/example_dags/example_nested_branch_dag.py took 0.231 seconds
[2022-12-16 01:56:59,776] {processor.py:153} INFO - Started process (PID=806) to work on /home/airflow/.local/lib/python3.7/site-packages/airflow/example_dags/example_nested_branch_dag.py
[2022-12-16 01:56:59,777] {processor.py:641} INFO - Processing file /home/airflow/.local/lib/python3.7/site-packages/airflow/example_dags/example_nested_branch_dag.py for tasks to queue
[2022-12-16 01:56:59,779] {logging_mixin.py:115} INFO - [2022-12-16 01:56:59,778] {dagbag.py:507} INFO - Filling up the DagBag from /home/airflow/.local/lib/python3.7/site-packages/airflow/example_dags/example_nested_branch_dag.py
[2022-12-16 01:56:59,797] {processor.py:651} INFO - DAG(s) dict_keys(['example_nested_branch_dag']) retrieved from /home/airflow/.local/lib/python3.7/site-packages/airflow/example_dags/example_nested_branch_dag.py
[2022-12-16 01:56:59,851] {logging_mixin.py:115} INFO - [2022-12-16 01:56:59,850] {dag.py:2371} INFO - Sync 1 DAGs
[2022-12-16 01:57:00,049] {logging_mixin.py:115} INFO - [2022-12-16 01:57:00,049] {dag.py:2919} INFO - Setting next_dagrun for example_nested_branch_dag to 2022-12-15T00:00:00+00:00, run_after=2022-12-16T00:00:00+00:00
[2022-12-16 01:57:00,063] {processor.py:161} INFO - Processing /home/airflow/.local/lib/python3.7/site-packages/airflow/example_dags/example_nested_branch_dag.py took 0.292 seconds
[2022-12-16 01:57:30,398] {processor.py:153} INFO - Started process (PID=859) to work on /home/airflow/.local/lib/python3.7/site-packages/airflow/example_dags/example_nested_branch_dag.py
[2022-12-16 01:57:30,398] {processor.py:641} INFO - Processing file /home/airflow/.local/lib/python3.7/site-packages/airflow/example_dags/example_nested_branch_dag.py for tasks to queue
[2022-12-16 01:57:30,400] {logging_mixin.py:115} INFO - [2022-12-16 01:57:30,400] {dagbag.py:507} INFO - Filling up the DagBag from /home/airflow/.local/lib/python3.7/site-packages/airflow/example_dags/example_nested_branch_dag.py
[2022-12-16 01:57:30,418] {processor.py:651} INFO - DAG(s) dict_keys(['example_nested_branch_dag']) retrieved from /home/airflow/.local/lib/python3.7/site-packages/airflow/example_dags/example_nested_branch_dag.py
[2022-12-16 01:57:30,453] {logging_mixin.py:115} INFO - [2022-12-16 01:57:30,453] {dag.py:2371} INFO - Sync 1 DAGs
[2022-12-16 01:57:30,615] {logging_mixin.py:115} INFO - [2022-12-16 01:57:30,615] {dag.py:2919} INFO - Setting next_dagrun for example_nested_branch_dag to 2022-12-15T00:00:00+00:00, run_after=2022-12-16T00:00:00+00:00
[2022-12-16 01:57:30,627] {processor.py:161} INFO - Processing /home/airflow/.local/lib/python3.7/site-packages/airflow/example_dags/example_nested_branch_dag.py took 0.233 seconds
[2022-12-16 01:58:53,560] {processor.py:153} INFO - Started process (PID=36) to work on /home/airflow/.local/lib/python3.7/site-packages/airflow/example_dags/example_nested_branch_dag.py
[2022-12-16 01:58:53,562] {processor.py:641} INFO - Processing file /home/airflow/.local/lib/python3.7/site-packages/airflow/example_dags/example_nested_branch_dag.py for tasks to queue
[2022-12-16 01:58:53,564] {logging_mixin.py:115} INFO - [2022-12-16 01:58:53,564] {dagbag.py:507} INFO - Filling up the DagBag from /home/airflow/.local/lib/python3.7/site-packages/airflow/example_dags/example_nested_branch_dag.py
[2022-12-16 01:58:53,584] {processor.py:651} INFO - DAG(s) dict_keys(['example_nested_branch_dag']) retrieved from /home/airflow/.local/lib/python3.7/site-packages/airflow/example_dags/example_nested_branch_dag.py
[2022-12-16 01:58:53,636] {logging_mixin.py:115} INFO - [2022-12-16 01:58:53,636] {dag.py:2371} INFO - Sync 1 DAGs
[2022-12-16 01:58:53,674] {logging_mixin.py:115} INFO - [2022-12-16 01:58:53,674] {dag.py:2919} INFO - Setting next_dagrun for example_nested_branch_dag to 2022-12-15T00:00:00+00:00, run_after=2022-12-16T00:00:00+00:00
[2022-12-16 01:58:53,695] {processor.py:161} INFO - Processing /home/airflow/.local/lib/python3.7/site-packages/airflow/example_dags/example_nested_branch_dag.py took 0.146 seconds
[2022-12-16 01:59:41,166] {processor.py:153} INFO - Started process (PID=36) to work on /home/airflow/.local/lib/python3.7/site-packages/airflow/example_dags/example_nested_branch_dag.py
[2022-12-16 01:59:41,170] {processor.py:641} INFO - Processing file /home/airflow/.local/lib/python3.7/site-packages/airflow/example_dags/example_nested_branch_dag.py for tasks to queue
[2022-12-16 01:59:41,172] {logging_mixin.py:115} INFO - [2022-12-16 01:59:41,172] {dagbag.py:507} INFO - Filling up the DagBag from /home/airflow/.local/lib/python3.7/site-packages/airflow/example_dags/example_nested_branch_dag.py
[2022-12-16 01:59:41,194] {processor.py:651} INFO - DAG(s) dict_keys(['example_nested_branch_dag']) retrieved from /home/airflow/.local/lib/python3.7/site-packages/airflow/example_dags/example_nested_branch_dag.py
[2022-12-16 01:59:41,291] {logging_mixin.py:115} INFO - [2022-12-16 01:59:41,291] {dag.py:2371} INFO - Sync 1 DAGs
[2022-12-16 01:59:41,346] {logging_mixin.py:115} INFO - [2022-12-16 01:59:41,346] {dag.py:2919} INFO - Setting next_dagrun for example_nested_branch_dag to 2022-12-15T00:00:00+00:00, run_after=2022-12-16T00:00:00+00:00
[2022-12-16 01:59:41,376] {processor.py:161} INFO - Processing /home/airflow/.local/lib/python3.7/site-packages/airflow/example_dags/example_nested_branch_dag.py took 0.214 seconds
[2022-12-16 02:00:11,607] {processor.py:153} INFO - Started process (PID=98) to work on /home/airflow/.local/lib/python3.7/site-packages/airflow/example_dags/example_nested_branch_dag.py
[2022-12-16 02:00:11,608] {processor.py:641} INFO - Processing file /home/airflow/.local/lib/python3.7/site-packages/airflow/example_dags/example_nested_branch_dag.py for tasks to queue
[2022-12-16 02:00:11,610] {logging_mixin.py:115} INFO - [2022-12-16 02:00:11,610] {dagbag.py:507} INFO - Filling up the DagBag from /home/airflow/.local/lib/python3.7/site-packages/airflow/example_dags/example_nested_branch_dag.py
[2022-12-16 02:00:11,624] {processor.py:651} INFO - DAG(s) dict_keys(['example_nested_branch_dag']) retrieved from /home/airflow/.local/lib/python3.7/site-packages/airflow/example_dags/example_nested_branch_dag.py
[2022-12-16 02:00:11,657] {logging_mixin.py:115} INFO - [2022-12-16 02:00:11,657] {dag.py:2371} INFO - Sync 1 DAGs
[2022-12-16 02:00:11,687] {logging_mixin.py:115} INFO - [2022-12-16 02:00:11,686] {dag.py:2919} INFO - Setting next_dagrun for example_nested_branch_dag to 2022-12-15T00:00:00+00:00, run_after=2022-12-16T00:00:00+00:00
[2022-12-16 02:00:11,700] {processor.py:161} INFO - Processing /home/airflow/.local/lib/python3.7/site-packages/airflow/example_dags/example_nested_branch_dag.py took 0.097 seconds
[2022-12-16 02:00:41,792] {processor.py:153} INFO - Started process (PID=152) to work on /home/airflow/.local/lib/python3.7/site-packages/airflow/example_dags/example_nested_branch_dag.py
[2022-12-16 02:00:41,793] {processor.py:641} INFO - Processing file /home/airflow/.local/lib/python3.7/site-packages/airflow/example_dags/example_nested_branch_dag.py for tasks to queue
[2022-12-16 02:00:41,793] {logging_mixin.py:115} INFO - [2022-12-16 02:00:41,793] {dagbag.py:507} INFO - Filling up the DagBag from /home/airflow/.local/lib/python3.7/site-packages/airflow/example_dags/example_nested_branch_dag.py
[2022-12-16 02:00:41,803] {processor.py:651} INFO - DAG(s) dict_keys(['example_nested_branch_dag']) retrieved from /home/airflow/.local/lib/python3.7/site-packages/airflow/example_dags/example_nested_branch_dag.py
[2022-12-16 02:00:41,831] {logging_mixin.py:115} INFO - [2022-12-16 02:00:41,831] {dag.py:2371} INFO - Sync 1 DAGs
[2022-12-16 02:00:41,857] {logging_mixin.py:115} INFO - [2022-12-16 02:00:41,857] {dag.py:2919} INFO - Setting next_dagrun for example_nested_branch_dag to 2022-12-15T00:00:00+00:00, run_after=2022-12-16T00:00:00+00:00
[2022-12-16 02:00:41,869] {processor.py:161} INFO - Processing /home/airflow/.local/lib/python3.7/site-packages/airflow/example_dags/example_nested_branch_dag.py took 0.082 seconds
[2022-12-16 02:01:11,957] {processor.py:153} INFO - Started process (PID=214) to work on /home/airflow/.local/lib/python3.7/site-packages/airflow/example_dags/example_nested_branch_dag.py
[2022-12-16 02:01:11,958] {processor.py:641} INFO - Processing file /home/airflow/.local/lib/python3.7/site-packages/airflow/example_dags/example_nested_branch_dag.py for tasks to queue
[2022-12-16 02:01:11,959] {logging_mixin.py:115} INFO - [2022-12-16 02:01:11,959] {dagbag.py:507} INFO - Filling up the DagBag from /home/airflow/.local/lib/python3.7/site-packages/airflow/example_dags/example_nested_branch_dag.py
[2022-12-16 02:01:11,972] {processor.py:651} INFO - DAG(s) dict_keys(['example_nested_branch_dag']) retrieved from /home/airflow/.local/lib/python3.7/site-packages/airflow/example_dags/example_nested_branch_dag.py
[2022-12-16 02:01:11,997] {logging_mixin.py:115} INFO - [2022-12-16 02:01:11,997] {dag.py:2371} INFO - Sync 1 DAGs
[2022-12-16 02:01:12,020] {logging_mixin.py:115} INFO - [2022-12-16 02:01:12,020] {dag.py:2919} INFO - Setting next_dagrun for example_nested_branch_dag to 2022-12-15T00:00:00+00:00, run_after=2022-12-16T00:00:00+00:00
[2022-12-16 02:01:12,031] {processor.py:161} INFO - Processing /home/airflow/.local/lib/python3.7/site-packages/airflow/example_dags/example_nested_branch_dag.py took 0.078 seconds
[2022-12-16 02:01:42,737] {processor.py:153} INFO - Started process (PID=276) to work on /home/airflow/.local/lib/python3.7/site-packages/airflow/example_dags/example_nested_branch_dag.py
[2022-12-16 02:01:42,738] {processor.py:641} INFO - Processing file /home/airflow/.local/lib/python3.7/site-packages/airflow/example_dags/example_nested_branch_dag.py for tasks to queue
[2022-12-16 02:01:42,739] {logging_mixin.py:115} INFO - [2022-12-16 02:01:42,739] {dagbag.py:507} INFO - Filling up the DagBag from /home/airflow/.local/lib/python3.7/site-packages/airflow/example_dags/example_nested_branch_dag.py
[2022-12-16 02:01:42,754] {processor.py:651} INFO - DAG(s) dict_keys(['example_nested_branch_dag']) retrieved from /home/airflow/.local/lib/python3.7/site-packages/airflow/example_dags/example_nested_branch_dag.py
[2022-12-16 02:01:42,798] {logging_mixin.py:115} INFO - [2022-12-16 02:01:42,798] {dag.py:2371} INFO - Sync 1 DAGs
[2022-12-16 02:01:42,845] {logging_mixin.py:115} INFO - [2022-12-16 02:01:42,845] {dag.py:2919} INFO - Setting next_dagrun for example_nested_branch_dag to 2022-12-15T00:00:00+00:00, run_after=2022-12-16T00:00:00+00:00
[2022-12-16 02:01:42,861] {processor.py:161} INFO - Processing /home/airflow/.local/lib/python3.7/site-packages/airflow/example_dags/example_nested_branch_dag.py took 0.130 seconds
[2022-12-16 02:02:13,227] {processor.py:153} INFO - Started process (PID=338) to work on /home/airflow/.local/lib/python3.7/site-packages/airflow/example_dags/example_nested_branch_dag.py
[2022-12-16 02:02:13,228] {processor.py:641} INFO - Processing file /home/airflow/.local/lib/python3.7/site-packages/airflow/example_dags/example_nested_branch_dag.py for tasks to queue
[2022-12-16 02:02:13,228] {logging_mixin.py:115} INFO - [2022-12-16 02:02:13,228] {dagbag.py:507} INFO - Filling up the DagBag from /home/airflow/.local/lib/python3.7/site-packages/airflow/example_dags/example_nested_branch_dag.py
[2022-12-16 02:02:13,237] {processor.py:651} INFO - DAG(s) dict_keys(['example_nested_branch_dag']) retrieved from /home/airflow/.local/lib/python3.7/site-packages/airflow/example_dags/example_nested_branch_dag.py
[2022-12-16 02:02:13,264] {logging_mixin.py:115} INFO - [2022-12-16 02:02:13,264] {dag.py:2371} INFO - Sync 1 DAGs
[2022-12-16 02:02:13,287] {logging_mixin.py:115} INFO - [2022-12-16 02:02:13,286] {dag.py:2919} INFO - Setting next_dagrun for example_nested_branch_dag to 2022-12-15T00:00:00+00:00, run_after=2022-12-16T00:00:00+00:00
[2022-12-16 02:02:13,302] {processor.py:161} INFO - Processing /home/airflow/.local/lib/python3.7/site-packages/airflow/example_dags/example_nested_branch_dag.py took 0.078 seconds
[2022-12-16 02:02:43,631] {processor.py:153} INFO - Started process (PID=392) to work on /home/airflow/.local/lib/python3.7/site-packages/airflow/example_dags/example_nested_branch_dag.py
[2022-12-16 02:02:43,631] {processor.py:641} INFO - Processing file /home/airflow/.local/lib/python3.7/site-packages/airflow/example_dags/example_nested_branch_dag.py for tasks to queue
[2022-12-16 02:02:43,632] {logging_mixin.py:115} INFO - [2022-12-16 02:02:43,632] {dagbag.py:507} INFO - Filling up the DagBag from /home/airflow/.local/lib/python3.7/site-packages/airflow/example_dags/example_nested_branch_dag.py
[2022-12-16 02:02:43,641] {processor.py:651} INFO - DAG(s) dict_keys(['example_nested_branch_dag']) retrieved from /home/airflow/.local/lib/python3.7/site-packages/airflow/example_dags/example_nested_branch_dag.py
[2022-12-16 02:02:43,678] {logging_mixin.py:115} INFO - [2022-12-16 02:02:43,677] {dag.py:2371} INFO - Sync 1 DAGs
[2022-12-16 02:02:43,709] {logging_mixin.py:115} INFO - [2022-12-16 02:02:43,709] {dag.py:2919} INFO - Setting next_dagrun for example_nested_branch_dag to 2022-12-15T00:00:00+00:00, run_after=2022-12-16T00:00:00+00:00
[2022-12-16 02:02:43,722] {processor.py:161} INFO - Processing /home/airflow/.local/lib/python3.7/site-packages/airflow/example_dags/example_nested_branch_dag.py took 0.095 seconds
[2022-12-16 02:03:14,262] {processor.py:153} INFO - Started process (PID=454) to work on /home/airflow/.local/lib/python3.7/site-packages/airflow/example_dags/example_nested_branch_dag.py
[2022-12-16 02:03:14,263] {processor.py:641} INFO - Processing file /home/airflow/.local/lib/python3.7/site-packages/airflow/example_dags/example_nested_branch_dag.py for tasks to queue
[2022-12-16 02:03:14,264] {logging_mixin.py:115} INFO - [2022-12-16 02:03:14,264] {dagbag.py:507} INFO - Filling up the DagBag from /home/airflow/.local/lib/python3.7/site-packages/airflow/example_dags/example_nested_branch_dag.py
[2022-12-16 02:03:14,274] {processor.py:651} INFO - DAG(s) dict_keys(['example_nested_branch_dag']) retrieved from /home/airflow/.local/lib/python3.7/site-packages/airflow/example_dags/example_nested_branch_dag.py
[2022-12-16 02:03:14,304] {logging_mixin.py:115} INFO - [2022-12-16 02:03:14,304] {dag.py:2371} INFO - Sync 1 DAGs
[2022-12-16 02:03:14,327] {logging_mixin.py:115} INFO - [2022-12-16 02:03:14,327] {dag.py:2919} INFO - Setting next_dagrun for example_nested_branch_dag to 2022-12-15T00:00:00+00:00, run_after=2022-12-16T00:00:00+00:00
[2022-12-16 02:03:14,340] {processor.py:161} INFO - Processing /home/airflow/.local/lib/python3.7/site-packages/airflow/example_dags/example_nested_branch_dag.py took 0.081 seconds
[2022-12-16 02:03:44,717] {processor.py:153} INFO - Started process (PID=516) to work on /home/airflow/.local/lib/python3.7/site-packages/airflow/example_dags/example_nested_branch_dag.py
[2022-12-16 02:03:44,718] {processor.py:641} INFO - Processing file /home/airflow/.local/lib/python3.7/site-packages/airflow/example_dags/example_nested_branch_dag.py for tasks to queue
[2022-12-16 02:03:44,719] {logging_mixin.py:115} INFO - [2022-12-16 02:03:44,719] {dagbag.py:507} INFO - Filling up the DagBag from /home/airflow/.local/lib/python3.7/site-packages/airflow/example_dags/example_nested_branch_dag.py
[2022-12-16 02:03:44,732] {processor.py:651} INFO - DAG(s) dict_keys(['example_nested_branch_dag']) retrieved from /home/airflow/.local/lib/python3.7/site-packages/airflow/example_dags/example_nested_branch_dag.py
[2022-12-16 02:03:44,771] {logging_mixin.py:115} INFO - [2022-12-16 02:03:44,770] {dag.py:2371} INFO - Sync 1 DAGs
[2022-12-16 02:03:44,793] {logging_mixin.py:115} INFO - [2022-12-16 02:03:44,793] {dag.py:2919} INFO - Setting next_dagrun for example_nested_branch_dag to 2022-12-15T00:00:00+00:00, run_after=2022-12-16T00:00:00+00:00
[2022-12-16 02:03:44,810] {processor.py:161} INFO - Processing /home/airflow/.local/lib/python3.7/site-packages/airflow/example_dags/example_nested_branch_dag.py took 0.096 seconds
[2022-12-16 02:04:15,204] {processor.py:153} INFO - Started process (PID=577) to work on /home/airflow/.local/lib/python3.7/site-packages/airflow/example_dags/example_nested_branch_dag.py
[2022-12-16 02:04:15,205] {processor.py:641} INFO - Processing file /home/airflow/.local/lib/python3.7/site-packages/airflow/example_dags/example_nested_branch_dag.py for tasks to queue
[2022-12-16 02:04:15,206] {logging_mixin.py:115} INFO - [2022-12-16 02:04:15,206] {dagbag.py:507} INFO - Filling up the DagBag from /home/airflow/.local/lib/python3.7/site-packages/airflow/example_dags/example_nested_branch_dag.py
[2022-12-16 02:04:15,215] {processor.py:651} INFO - DAG(s) dict_keys(['example_nested_branch_dag']) retrieved from /home/airflow/.local/lib/python3.7/site-packages/airflow/example_dags/example_nested_branch_dag.py
[2022-12-16 02:04:15,242] {logging_mixin.py:115} INFO - [2022-12-16 02:04:15,241] {dag.py:2371} INFO - Sync 1 DAGs
[2022-12-16 02:04:15,269] {logging_mixin.py:115} INFO - [2022-12-16 02:04:15,268] {dag.py:2919} INFO - Setting next_dagrun for example_nested_branch_dag to 2022-12-15T00:00:00+00:00, run_after=2022-12-16T00:00:00+00:00
[2022-12-16 02:04:15,282] {processor.py:161} INFO - Processing /home/airflow/.local/lib/python3.7/site-packages/airflow/example_dags/example_nested_branch_dag.py took 0.082 seconds
[2022-12-16 02:04:45,677] {processor.py:153} INFO - Started process (PID=631) to work on /home/airflow/.local/lib/python3.7/site-packages/airflow/example_dags/example_nested_branch_dag.py
[2022-12-16 02:04:45,678] {processor.py:641} INFO - Processing file /home/airflow/.local/lib/python3.7/site-packages/airflow/example_dags/example_nested_branch_dag.py for tasks to queue
[2022-12-16 02:04:45,679] {logging_mixin.py:115} INFO - [2022-12-16 02:04:45,678] {dagbag.py:507} INFO - Filling up the DagBag from /home/airflow/.local/lib/python3.7/site-packages/airflow/example_dags/example_nested_branch_dag.py
[2022-12-16 02:04:45,690] {processor.py:651} INFO - DAG(s) dict_keys(['example_nested_branch_dag']) retrieved from /home/airflow/.local/lib/python3.7/site-packages/airflow/example_dags/example_nested_branch_dag.py
[2022-12-16 02:04:45,718] {logging_mixin.py:115} INFO - [2022-12-16 02:04:45,718] {dag.py:2371} INFO - Sync 1 DAGs
[2022-12-16 02:04:45,740] {logging_mixin.py:115} INFO - [2022-12-16 02:04:45,740] {dag.py:2919} INFO - Setting next_dagrun for example_nested_branch_dag to 2022-12-15T00:00:00+00:00, run_after=2022-12-16T00:00:00+00:00
[2022-12-16 02:04:45,753] {processor.py:161} INFO - Processing /home/airflow/.local/lib/python3.7/site-packages/airflow/example_dags/example_nested_branch_dag.py took 0.079 seconds
[2022-12-16 02:05:16,301] {processor.py:153} INFO - Started process (PID=694) to work on /home/airflow/.local/lib/python3.7/site-packages/airflow/example_dags/example_nested_branch_dag.py
[2022-12-16 02:05:16,302] {processor.py:641} INFO - Processing file /home/airflow/.local/lib/python3.7/site-packages/airflow/example_dags/example_nested_branch_dag.py for tasks to queue
[2022-12-16 02:05:16,303] {logging_mixin.py:115} INFO - [2022-12-16 02:05:16,303] {dagbag.py:507} INFO - Filling up the DagBag from /home/airflow/.local/lib/python3.7/site-packages/airflow/example_dags/example_nested_branch_dag.py
[2022-12-16 02:05:16,314] {processor.py:651} INFO - DAG(s) dict_keys(['example_nested_branch_dag']) retrieved from /home/airflow/.local/lib/python3.7/site-packages/airflow/example_dags/example_nested_branch_dag.py
[2022-12-16 02:05:16,346] {logging_mixin.py:115} INFO - [2022-12-16 02:05:16,346] {dag.py:2371} INFO - Sync 1 DAGs
[2022-12-16 02:05:16,381] {logging_mixin.py:115} INFO - [2022-12-16 02:05:16,381] {dag.py:2919} INFO - Setting next_dagrun for example_nested_branch_dag to 2022-12-15T00:00:00+00:00, run_after=2022-12-16T00:00:00+00:00
[2022-12-16 02:05:16,398] {processor.py:161} INFO - Processing /home/airflow/.local/lib/python3.7/site-packages/airflow/example_dags/example_nested_branch_dag.py took 0.100 seconds
[2022-12-16 02:05:46,647] {processor.py:153} INFO - Started process (PID=756) to work on /home/airflow/.local/lib/python3.7/site-packages/airflow/example_dags/example_nested_branch_dag.py
[2022-12-16 02:05:46,647] {processor.py:641} INFO - Processing file /home/airflow/.local/lib/python3.7/site-packages/airflow/example_dags/example_nested_branch_dag.py for tasks to queue
[2022-12-16 02:05:46,648] {logging_mixin.py:115} INFO - [2022-12-16 02:05:46,648] {dagbag.py:507} INFO - Filling up the DagBag from /home/airflow/.local/lib/python3.7/site-packages/airflow/example_dags/example_nested_branch_dag.py
[2022-12-16 02:05:46,658] {processor.py:651} INFO - DAG(s) dict_keys(['example_nested_branch_dag']) retrieved from /home/airflow/.local/lib/python3.7/site-packages/airflow/example_dags/example_nested_branch_dag.py
[2022-12-16 02:05:46,691] {logging_mixin.py:115} INFO - [2022-12-16 02:05:46,691] {dag.py:2371} INFO - Sync 1 DAGs
[2022-12-16 02:05:46,720] {logging_mixin.py:115} INFO - [2022-12-16 02:05:46,719] {dag.py:2919} INFO - Setting next_dagrun for example_nested_branch_dag to 2022-12-15T00:00:00+00:00, run_after=2022-12-16T00:00:00+00:00
[2022-12-16 02:05:46,731] {processor.py:161} INFO - Processing /home/airflow/.local/lib/python3.7/site-packages/airflow/example_dags/example_nested_branch_dag.py took 0.088 seconds
[2022-12-16 02:06:16,912] {processor.py:153} INFO - Started process (PID=810) to work on /home/airflow/.local/lib/python3.7/site-packages/airflow/example_dags/example_nested_branch_dag.py
[2022-12-16 02:06:16,915] {processor.py:641} INFO - Processing file /home/airflow/.local/lib/python3.7/site-packages/airflow/example_dags/example_nested_branch_dag.py for tasks to queue
[2022-12-16 02:06:16,916] {logging_mixin.py:115} INFO - [2022-12-16 02:06:16,916] {dagbag.py:507} INFO - Filling up the DagBag from /home/airflow/.local/lib/python3.7/site-packages/airflow/example_dags/example_nested_branch_dag.py
[2022-12-16 02:06:16,942] {processor.py:651} INFO - DAG(s) dict_keys(['example_nested_branch_dag']) retrieved from /home/airflow/.local/lib/python3.7/site-packages/airflow/example_dags/example_nested_branch_dag.py
[2022-12-16 02:06:16,980] {logging_mixin.py:115} INFO - [2022-12-16 02:06:16,979] {dag.py:2371} INFO - Sync 1 DAGs
[2022-12-16 02:06:17,002] {logging_mixin.py:115} INFO - [2022-12-16 02:06:17,002] {dag.py:2919} INFO - Setting next_dagrun for example_nested_branch_dag to 2022-12-15T00:00:00+00:00, run_after=2022-12-16T00:00:00+00:00
[2022-12-16 02:06:17,022] {processor.py:161} INFO - Processing /home/airflow/.local/lib/python3.7/site-packages/airflow/example_dags/example_nested_branch_dag.py took 0.114 seconds
[2022-12-16 02:06:47,398] {processor.py:153} INFO - Started process (PID=873) to work on /home/airflow/.local/lib/python3.7/site-packages/airflow/example_dags/example_nested_branch_dag.py
[2022-12-16 02:06:47,399] {processor.py:641} INFO - Processing file /home/airflow/.local/lib/python3.7/site-packages/airflow/example_dags/example_nested_branch_dag.py for tasks to queue
[2022-12-16 02:06:47,400] {logging_mixin.py:115} INFO - [2022-12-16 02:06:47,400] {dagbag.py:507} INFO - Filling up the DagBag from /home/airflow/.local/lib/python3.7/site-packages/airflow/example_dags/example_nested_branch_dag.py
[2022-12-16 02:06:47,411] {processor.py:651} INFO - DAG(s) dict_keys(['example_nested_branch_dag']) retrieved from /home/airflow/.local/lib/python3.7/site-packages/airflow/example_dags/example_nested_branch_dag.py
[2022-12-16 02:06:47,439] {logging_mixin.py:115} INFO - [2022-12-16 02:06:47,438] {dag.py:2371} INFO - Sync 1 DAGs
[2022-12-16 02:06:47,463] {logging_mixin.py:115} INFO - [2022-12-16 02:06:47,463] {dag.py:2919} INFO - Setting next_dagrun for example_nested_branch_dag to 2022-12-15T00:00:00+00:00, run_after=2022-12-16T00:00:00+00:00
[2022-12-16 02:06:47,476] {processor.py:161} INFO - Processing /home/airflow/.local/lib/python3.7/site-packages/airflow/example_dags/example_nested_branch_dag.py took 0.081 seconds
[2022-12-16 02:07:17,796] {processor.py:153} INFO - Started process (PID=936) to work on /home/airflow/.local/lib/python3.7/site-packages/airflow/example_dags/example_nested_branch_dag.py
[2022-12-16 02:07:17,797] {processor.py:641} INFO - Processing file /home/airflow/.local/lib/python3.7/site-packages/airflow/example_dags/example_nested_branch_dag.py for tasks to queue
[2022-12-16 02:07:17,798] {logging_mixin.py:115} INFO - [2022-12-16 02:07:17,798] {dagbag.py:507} INFO - Filling up the DagBag from /home/airflow/.local/lib/python3.7/site-packages/airflow/example_dags/example_nested_branch_dag.py
[2022-12-16 02:07:17,813] {processor.py:651} INFO - DAG(s) dict_keys(['example_nested_branch_dag']) retrieved from /home/airflow/.local/lib/python3.7/site-packages/airflow/example_dags/example_nested_branch_dag.py
[2022-12-16 02:07:17,849] {logging_mixin.py:115} INFO - [2022-12-16 02:07:17,848] {dag.py:2371} INFO - Sync 1 DAGs
[2022-12-16 02:07:17,877] {logging_mixin.py:115} INFO - [2022-12-16 02:07:17,877] {dag.py:2919} INFO - Setting next_dagrun for example_nested_branch_dag to 2022-12-15T00:00:00+00:00, run_after=2022-12-16T00:00:00+00:00
[2022-12-16 02:07:17,895] {processor.py:161} INFO - Processing /home/airflow/.local/lib/python3.7/site-packages/airflow/example_dags/example_nested_branch_dag.py took 0.103 seconds
[2022-12-16 02:07:48,215] {processor.py:153} INFO - Started process (PID=999) to work on /home/airflow/.local/lib/python3.7/site-packages/airflow/example_dags/example_nested_branch_dag.py
[2022-12-16 02:07:48,216] {processor.py:641} INFO - Processing file /home/airflow/.local/lib/python3.7/site-packages/airflow/example_dags/example_nested_branch_dag.py for tasks to queue
[2022-12-16 02:07:48,217] {logging_mixin.py:115} INFO - [2022-12-16 02:07:48,217] {dagbag.py:507} INFO - Filling up the DagBag from /home/airflow/.local/lib/python3.7/site-packages/airflow/example_dags/example_nested_branch_dag.py
[2022-12-16 02:07:48,228] {processor.py:651} INFO - DAG(s) dict_keys(['example_nested_branch_dag']) retrieved from /home/airflow/.local/lib/python3.7/site-packages/airflow/example_dags/example_nested_branch_dag.py
[2022-12-16 02:07:48,266] {logging_mixin.py:115} INFO - [2022-12-16 02:07:48,266] {dag.py:2371} INFO - Sync 1 DAGs
[2022-12-16 02:07:48,288] {logging_mixin.py:115} INFO - [2022-12-16 02:07:48,288] {dag.py:2919} INFO - Setting next_dagrun for example_nested_branch_dag to 2022-12-15T00:00:00+00:00, run_after=2022-12-16T00:00:00+00:00
[2022-12-16 02:07:48,299] {processor.py:161} INFO - Processing /home/airflow/.local/lib/python3.7/site-packages/airflow/example_dags/example_nested_branch_dag.py took 0.088 seconds
[2022-12-16 02:08:18,504] {processor.py:153} INFO - Started process (PID=1052) to work on /home/airflow/.local/lib/python3.7/site-packages/airflow/example_dags/example_nested_branch_dag.py
[2022-12-16 02:08:18,505] {processor.py:641} INFO - Processing file /home/airflow/.local/lib/python3.7/site-packages/airflow/example_dags/example_nested_branch_dag.py for tasks to queue
[2022-12-16 02:08:18,506] {logging_mixin.py:115} INFO - [2022-12-16 02:08:18,506] {dagbag.py:507} INFO - Filling up the DagBag from /home/airflow/.local/lib/python3.7/site-packages/airflow/example_dags/example_nested_branch_dag.py
[2022-12-16 02:08:18,517] {processor.py:651} INFO - DAG(s) dict_keys(['example_nested_branch_dag']) retrieved from /home/airflow/.local/lib/python3.7/site-packages/airflow/example_dags/example_nested_branch_dag.py
[2022-12-16 02:08:18,546] {logging_mixin.py:115} INFO - [2022-12-16 02:08:18,545] {dag.py:2371} INFO - Sync 1 DAGs
[2022-12-16 02:08:18,573] {logging_mixin.py:115} INFO - [2022-12-16 02:08:18,573] {dag.py:2919} INFO - Setting next_dagrun for example_nested_branch_dag to 2022-12-15T00:00:00+00:00, run_after=2022-12-16T00:00:00+00:00
[2022-12-16 02:08:18,585] {processor.py:161} INFO - Processing /home/airflow/.local/lib/python3.7/site-packages/airflow/example_dags/example_nested_branch_dag.py took 0.085 seconds
[2022-12-16 02:08:49,168] {processor.py:153} INFO - Started process (PID=1113) to work on /home/airflow/.local/lib/python3.7/site-packages/airflow/example_dags/example_nested_branch_dag.py
[2022-12-16 02:08:49,169] {processor.py:641} INFO - Processing file /home/airflow/.local/lib/python3.7/site-packages/airflow/example_dags/example_nested_branch_dag.py for tasks to queue
[2022-12-16 02:08:49,170] {logging_mixin.py:115} INFO - [2022-12-16 02:08:49,170] {dagbag.py:507} INFO - Filling up the DagBag from /home/airflow/.local/lib/python3.7/site-packages/airflow/example_dags/example_nested_branch_dag.py
[2022-12-16 02:08:49,182] {processor.py:651} INFO - DAG(s) dict_keys(['example_nested_branch_dag']) retrieved from /home/airflow/.local/lib/python3.7/site-packages/airflow/example_dags/example_nested_branch_dag.py
[2022-12-16 02:08:49,222] {logging_mixin.py:115} INFO - [2022-12-16 02:08:49,222] {dag.py:2371} INFO - Sync 1 DAGs
[2022-12-16 02:08:49,254] {logging_mixin.py:115} INFO - [2022-12-16 02:08:49,254] {dag.py:2919} INFO - Setting next_dagrun for example_nested_branch_dag to 2022-12-15T00:00:00+00:00, run_after=2022-12-16T00:00:00+00:00
[2022-12-16 02:08:49,276] {processor.py:161} INFO - Processing /home/airflow/.local/lib/python3.7/site-packages/airflow/example_dags/example_nested_branch_dag.py took 0.112 seconds
[2022-12-16 02:09:19,320] {processor.py:153} INFO - Started process (PID=1177) to work on /home/airflow/.local/lib/python3.7/site-packages/airflow/example_dags/example_nested_branch_dag.py
[2022-12-16 02:09:19,321] {processor.py:641} INFO - Processing file /home/airflow/.local/lib/python3.7/site-packages/airflow/example_dags/example_nested_branch_dag.py for tasks to queue
[2022-12-16 02:09:19,321] {logging_mixin.py:115} INFO - [2022-12-16 02:09:19,321] {dagbag.py:507} INFO - Filling up the DagBag from /home/airflow/.local/lib/python3.7/site-packages/airflow/example_dags/example_nested_branch_dag.py
[2022-12-16 02:09:19,331] {processor.py:651} INFO - DAG(s) dict_keys(['example_nested_branch_dag']) retrieved from /home/airflow/.local/lib/python3.7/site-packages/airflow/example_dags/example_nested_branch_dag.py
[2022-12-16 02:09:19,358] {logging_mixin.py:115} INFO - [2022-12-16 02:09:19,358] {dag.py:2371} INFO - Sync 1 DAGs
[2022-12-16 02:09:19,379] {logging_mixin.py:115} INFO - [2022-12-16 02:09:19,379] {dag.py:2919} INFO - Setting next_dagrun for example_nested_branch_dag to 2022-12-15T00:00:00+00:00, run_after=2022-12-16T00:00:00+00:00
[2022-12-16 02:09:19,394] {processor.py:161} INFO - Processing /home/airflow/.local/lib/python3.7/site-packages/airflow/example_dags/example_nested_branch_dag.py took 0.078 seconds
[2022-12-16 02:09:50,038] {processor.py:153} INFO - Started process (PID=1230) to work on /home/airflow/.local/lib/python3.7/site-packages/airflow/example_dags/example_nested_branch_dag.py
[2022-12-16 02:09:50,038] {processor.py:641} INFO - Processing file /home/airflow/.local/lib/python3.7/site-packages/airflow/example_dags/example_nested_branch_dag.py for tasks to queue
[2022-12-16 02:09:50,039] {logging_mixin.py:115} INFO - [2022-12-16 02:09:50,039] {dagbag.py:507} INFO - Filling up the DagBag from /home/airflow/.local/lib/python3.7/site-packages/airflow/example_dags/example_nested_branch_dag.py
[2022-12-16 02:09:50,056] {processor.py:651} INFO - DAG(s) dict_keys(['example_nested_branch_dag']) retrieved from /home/airflow/.local/lib/python3.7/site-packages/airflow/example_dags/example_nested_branch_dag.py
[2022-12-16 02:09:50,093] {logging_mixin.py:115} INFO - [2022-12-16 02:09:50,093] {dag.py:2371} INFO - Sync 1 DAGs
[2022-12-16 02:09:50,127] {logging_mixin.py:115} INFO - [2022-12-16 02:09:50,127] {dag.py:2919} INFO - Setting next_dagrun for example_nested_branch_dag to 2022-12-15T00:00:00+00:00, run_after=2022-12-16T00:00:00+00:00
[2022-12-16 02:09:50,143] {processor.py:161} INFO - Processing /home/airflow/.local/lib/python3.7/site-packages/airflow/example_dags/example_nested_branch_dag.py took 0.109 seconds
[2022-12-16 02:10:20,374] {processor.py:153} INFO - Started process (PID=1292) to work on /home/airflow/.local/lib/python3.7/site-packages/airflow/example_dags/example_nested_branch_dag.py
[2022-12-16 02:10:20,375] {processor.py:641} INFO - Processing file /home/airflow/.local/lib/python3.7/site-packages/airflow/example_dags/example_nested_branch_dag.py for tasks to queue
[2022-12-16 02:10:20,375] {logging_mixin.py:115} INFO - [2022-12-16 02:10:20,375] {dagbag.py:507} INFO - Filling up the DagBag from /home/airflow/.local/lib/python3.7/site-packages/airflow/example_dags/example_nested_branch_dag.py
[2022-12-16 02:10:20,390] {processor.py:651} INFO - DAG(s) dict_keys(['example_nested_branch_dag']) retrieved from /home/airflow/.local/lib/python3.7/site-packages/airflow/example_dags/example_nested_branch_dag.py
[2022-12-16 02:10:20,434] {logging_mixin.py:115} INFO - [2022-12-16 02:10:20,434] {dag.py:2371} INFO - Sync 1 DAGs
[2022-12-16 02:10:20,460] {logging_mixin.py:115} INFO - [2022-12-16 02:10:20,459] {dag.py:2919} INFO - Setting next_dagrun for example_nested_branch_dag to 2022-12-15T00:00:00+00:00, run_after=2022-12-16T00:00:00+00:00
[2022-12-16 02:10:20,477] {processor.py:161} INFO - Processing /home/airflow/.local/lib/python3.7/site-packages/airflow/example_dags/example_nested_branch_dag.py took 0.107 seconds
[2022-12-16 02:10:50,858] {processor.py:153} INFO - Started process (PID=1354) to work on /home/airflow/.local/lib/python3.7/site-packages/airflow/example_dags/example_nested_branch_dag.py
[2022-12-16 02:10:50,859] {processor.py:641} INFO - Processing file /home/airflow/.local/lib/python3.7/site-packages/airflow/example_dags/example_nested_branch_dag.py for tasks to queue
[2022-12-16 02:10:50,859] {logging_mixin.py:115} INFO - [2022-12-16 02:10:50,859] {dagbag.py:507} INFO - Filling up the DagBag from /home/airflow/.local/lib/python3.7/site-packages/airflow/example_dags/example_nested_branch_dag.py
[2022-12-16 02:10:50,874] {processor.py:651} INFO - DAG(s) dict_keys(['example_nested_branch_dag']) retrieved from /home/airflow/.local/lib/python3.7/site-packages/airflow/example_dags/example_nested_branch_dag.py
[2022-12-16 02:10:50,907] {logging_mixin.py:115} INFO - [2022-12-16 02:10:50,907] {dag.py:2371} INFO - Sync 1 DAGs
[2022-12-16 02:10:50,934] {logging_mixin.py:115} INFO - [2022-12-16 02:10:50,934] {dag.py:2919} INFO - Setting next_dagrun for example_nested_branch_dag to 2022-12-15T00:00:00+00:00, run_after=2022-12-16T00:00:00+00:00
[2022-12-16 02:10:50,950] {processor.py:161} INFO - Processing /home/airflow/.local/lib/python3.7/site-packages/airflow/example_dags/example_nested_branch_dag.py took 0.095 seconds
[2022-12-16 02:11:21,170] {processor.py:153} INFO - Started process (PID=1416) to work on /home/airflow/.local/lib/python3.7/site-packages/airflow/example_dags/example_nested_branch_dag.py
[2022-12-16 02:11:21,171] {processor.py:641} INFO - Processing file /home/airflow/.local/lib/python3.7/site-packages/airflow/example_dags/example_nested_branch_dag.py for tasks to queue
[2022-12-16 02:11:21,172] {logging_mixin.py:115} INFO - [2022-12-16 02:11:21,172] {dagbag.py:507} INFO - Filling up the DagBag from /home/airflow/.local/lib/python3.7/site-packages/airflow/example_dags/example_nested_branch_dag.py
[2022-12-16 02:11:21,187] {processor.py:651} INFO - DAG(s) dict_keys(['example_nested_branch_dag']) retrieved from /home/airflow/.local/lib/python3.7/site-packages/airflow/example_dags/example_nested_branch_dag.py
[2022-12-16 02:11:21,214] {logging_mixin.py:115} INFO - [2022-12-16 02:11:21,214] {dag.py:2371} INFO - Sync 1 DAGs
[2022-12-16 02:11:21,239] {logging_mixin.py:115} INFO - [2022-12-16 02:11:21,239] {dag.py:2919} INFO - Setting next_dagrun for example_nested_branch_dag to 2022-12-15T00:00:00+00:00, run_after=2022-12-16T00:00:00+00:00
[2022-12-16 02:11:21,254] {processor.py:161} INFO - Processing /home/airflow/.local/lib/python3.7/site-packages/airflow/example_dags/example_nested_branch_dag.py took 0.087 seconds
[2022-12-16 02:11:51,543] {processor.py:153} INFO - Started process (PID=1469) to work on /home/airflow/.local/lib/python3.7/site-packages/airflow/example_dags/example_nested_branch_dag.py
[2022-12-16 02:11:51,546] {processor.py:641} INFO - Processing file /home/airflow/.local/lib/python3.7/site-packages/airflow/example_dags/example_nested_branch_dag.py for tasks to queue
[2022-12-16 02:11:51,548] {logging_mixin.py:115} INFO - [2022-12-16 02:11:51,548] {dagbag.py:507} INFO - Filling up the DagBag from /home/airflow/.local/lib/python3.7/site-packages/airflow/example_dags/example_nested_branch_dag.py
[2022-12-16 02:11:51,563] {processor.py:651} INFO - DAG(s) dict_keys(['example_nested_branch_dag']) retrieved from /home/airflow/.local/lib/python3.7/site-packages/airflow/example_dags/example_nested_branch_dag.py
[2022-12-16 02:11:51,597] {logging_mixin.py:115} INFO - [2022-12-16 02:11:51,596] {dag.py:2371} INFO - Sync 1 DAGs
[2022-12-16 02:11:51,629] {logging_mixin.py:115} INFO - [2022-12-16 02:11:51,629] {dag.py:2919} INFO - Setting next_dagrun for example_nested_branch_dag to 2022-12-15T00:00:00+00:00, run_after=2022-12-16T00:00:00+00:00
[2022-12-16 02:11:51,647] {processor.py:161} INFO - Processing /home/airflow/.local/lib/python3.7/site-packages/airflow/example_dags/example_nested_branch_dag.py took 0.109 seconds
[2022-12-16 02:12:21,766] {processor.py:153} INFO - Started process (PID=1532) to work on /home/airflow/.local/lib/python3.7/site-packages/airflow/example_dags/example_nested_branch_dag.py
[2022-12-16 02:12:21,767] {processor.py:641} INFO - Processing file /home/airflow/.local/lib/python3.7/site-packages/airflow/example_dags/example_nested_branch_dag.py for tasks to queue
[2022-12-16 02:12:21,767] {logging_mixin.py:115} INFO - [2022-12-16 02:12:21,767] {dagbag.py:507} INFO - Filling up the DagBag from /home/airflow/.local/lib/python3.7/site-packages/airflow/example_dags/example_nested_branch_dag.py
[2022-12-16 02:12:21,779] {processor.py:651} INFO - DAG(s) dict_keys(['example_nested_branch_dag']) retrieved from /home/airflow/.local/lib/python3.7/site-packages/airflow/example_dags/example_nested_branch_dag.py
[2022-12-16 02:12:21,806] {logging_mixin.py:115} INFO - [2022-12-16 02:12:21,806] {dag.py:2371} INFO - Sync 1 DAGs
[2022-12-16 02:12:21,829] {logging_mixin.py:115} INFO - [2022-12-16 02:12:21,829] {dag.py:2919} INFO - Setting next_dagrun for example_nested_branch_dag to 2022-12-15T00:00:00+00:00, run_after=2022-12-16T00:00:00+00:00
[2022-12-16 02:12:21,845] {processor.py:161} INFO - Processing /home/airflow/.local/lib/python3.7/site-packages/airflow/example_dags/example_nested_branch_dag.py took 0.082 seconds
[2022-12-16 02:12:51,960] {processor.py:153} INFO - Started process (PID=1593) to work on /home/airflow/.local/lib/python3.7/site-packages/airflow/example_dags/example_nested_branch_dag.py
[2022-12-16 02:12:51,961] {processor.py:641} INFO - Processing file /home/airflow/.local/lib/python3.7/site-packages/airflow/example_dags/example_nested_branch_dag.py for tasks to queue
[2022-12-16 02:12:51,961] {logging_mixin.py:115} INFO - [2022-12-16 02:12:51,961] {dagbag.py:507} INFO - Filling up the DagBag from /home/airflow/.local/lib/python3.7/site-packages/airflow/example_dags/example_nested_branch_dag.py
[2022-12-16 02:12:51,979] {processor.py:651} INFO - DAG(s) dict_keys(['example_nested_branch_dag']) retrieved from /home/airflow/.local/lib/python3.7/site-packages/airflow/example_dags/example_nested_branch_dag.py
[2022-12-16 02:12:52,026] {logging_mixin.py:115} INFO - [2022-12-16 02:12:52,026] {dag.py:2371} INFO - Sync 1 DAGs
[2022-12-16 02:12:52,056] {logging_mixin.py:115} INFO - [2022-12-16 02:12:52,056] {dag.py:2919} INFO - Setting next_dagrun for example_nested_branch_dag to 2022-12-15T00:00:00+00:00, run_after=2022-12-16T00:00:00+00:00
[2022-12-16 02:12:52,075] {processor.py:161} INFO - Processing /home/airflow/.local/lib/python3.7/site-packages/airflow/example_dags/example_nested_branch_dag.py took 0.122 seconds
