[2022-12-16 01:50:21,044] {processor.py:153} INFO - Started process (PID=48) to work on /home/airflow/.local/lib/python3.7/site-packages/airflow/example_dags/example_xcomargs.py
[2022-12-16 01:50:21,046] {processor.py:641} INFO - Processing file /home/airflow/.local/lib/python3.7/site-packages/airflow/example_dags/example_xcomargs.py for tasks to queue
[2022-12-16 01:50:21,049] {logging_mixin.py:115} INFO - [2022-12-16 01:50:21,049] {dagbag.py:507} INFO - Filling up the DagBag from /home/airflow/.local/lib/python3.7/site-packages/airflow/example_dags/example_xcomargs.py
[2022-12-16 01:50:21,109] {processor.py:651} INFO - DAG(s) dict_keys(['example_xcom_args', 'example_xcom_args_with_operators']) retrieved from /home/airflow/.local/lib/python3.7/site-packages/airflow/example_dags/example_xcomargs.py
[2022-12-16 01:50:21,567] {logging_mixin.py:115} INFO - [2022-12-16 01:50:21,567] {manager.py:508} INFO - Created Permission View: can edit on DAG:example_xcom_args
[2022-12-16 01:50:21,578] {logging_mixin.py:115} INFO - [2022-12-16 01:50:21,578] {manager.py:508} INFO - Created Permission View: can delete on DAG:example_xcom_args
[2022-12-16 01:50:21,588] {logging_mixin.py:115} INFO - [2022-12-16 01:50:21,587] {manager.py:508} INFO - Created Permission View: can read on DAG:example_xcom_args
[2022-12-16 01:50:21,622] {logging_mixin.py:115} INFO - [2022-12-16 01:50:21,622] {manager.py:508} INFO - Created Permission View: can edit on DAG:example_xcom_args_with_operators
[2022-12-16 01:50:21,643] {logging_mixin.py:115} INFO - [2022-12-16 01:50:21,642] {manager.py:508} INFO - Created Permission View: can delete on DAG:example_xcom_args_with_operators
[2022-12-16 01:50:21,671] {logging_mixin.py:115} INFO - [2022-12-16 01:50:21,671] {manager.py:508} INFO - Created Permission View: can read on DAG:example_xcom_args_with_operators
[2022-12-16 01:50:21,672] {logging_mixin.py:115} INFO - [2022-12-16 01:50:21,672] {dag.py:2371} INFO - Sync 2 DAGs
[2022-12-16 01:50:21,683] {logging_mixin.py:115} INFO - [2022-12-16 01:50:21,683] {dag.py:2390} INFO - Creating ORM DAG for example_xcom_args
[2022-12-16 01:50:21,684] {logging_mixin.py:115} INFO - [2022-12-16 01:50:21,683] {dag.py:2390} INFO - Creating ORM DAG for example_xcom_args_with_operators
[2022-12-16 01:50:21,696] {logging_mixin.py:115} INFO - [2022-12-16 01:50:21,696] {dag.py:2919} INFO - Setting next_dagrun for example_xcom_args to None, run_after=None
[2022-12-16 01:50:21,697] {logging_mixin.py:115} INFO - [2022-12-16 01:50:21,697] {dag.py:2919} INFO - Setting next_dagrun for example_xcom_args_with_operators to None, run_after=None
[2022-12-16 01:50:21,710] {processor.py:161} INFO - Processing /home/airflow/.local/lib/python3.7/site-packages/airflow/example_dags/example_xcomargs.py took 0.671 seconds
[2022-12-16 01:50:51,776] {processor.py:153} INFO - Started process (PID=101) to work on /home/airflow/.local/lib/python3.7/site-packages/airflow/example_dags/example_xcomargs.py
[2022-12-16 01:50:51,779] {processor.py:641} INFO - Processing file /home/airflow/.local/lib/python3.7/site-packages/airflow/example_dags/example_xcomargs.py for tasks to queue
[2022-12-16 01:50:51,786] {logging_mixin.py:115} INFO - [2022-12-16 01:50:51,786] {dagbag.py:507} INFO - Filling up the DagBag from /home/airflow/.local/lib/python3.7/site-packages/airflow/example_dags/example_xcomargs.py
[2022-12-16 01:50:51,831] {processor.py:651} INFO - DAG(s) dict_keys(['example_xcom_args', 'example_xcom_args_with_operators']) retrieved from /home/airflow/.local/lib/python3.7/site-packages/airflow/example_dags/example_xcomargs.py
[2022-12-16 01:50:52,051] {logging_mixin.py:115} INFO - [2022-12-16 01:50:52,051] {dag.py:2371} INFO - Sync 2 DAGs
[2022-12-16 01:50:52,068] {logging_mixin.py:115} INFO - [2022-12-16 01:50:52,068] {dag.py:2919} INFO - Setting next_dagrun for example_xcom_args to None, run_after=None
[2022-12-16 01:50:52,069] {logging_mixin.py:115} INFO - [2022-12-16 01:50:52,069] {dag.py:2919} INFO - Setting next_dagrun for example_xcom_args_with_operators to None, run_after=None
[2022-12-16 01:50:52,089] {processor.py:161} INFO - Processing /home/airflow/.local/lib/python3.7/site-packages/airflow/example_dags/example_xcomargs.py took 0.317 seconds
[2022-12-16 01:51:22,381] {processor.py:153} INFO - Started process (PID=162) to work on /home/airflow/.local/lib/python3.7/site-packages/airflow/example_dags/example_xcomargs.py
[2022-12-16 01:51:22,382] {processor.py:641} INFO - Processing file /home/airflow/.local/lib/python3.7/site-packages/airflow/example_dags/example_xcomargs.py for tasks to queue
[2022-12-16 01:51:22,383] {logging_mixin.py:115} INFO - [2022-12-16 01:51:22,382] {dagbag.py:507} INFO - Filling up the DagBag from /home/airflow/.local/lib/python3.7/site-packages/airflow/example_dags/example_xcomargs.py
[2022-12-16 01:51:22,411] {processor.py:651} INFO - DAG(s) dict_keys(['example_xcom_args', 'example_xcom_args_with_operators']) retrieved from /home/airflow/.local/lib/python3.7/site-packages/airflow/example_dags/example_xcomargs.py
[2022-12-16 01:51:22,633] {logging_mixin.py:115} INFO - [2022-12-16 01:51:22,633] {dag.py:2371} INFO - Sync 2 DAGs
[2022-12-16 01:51:22,656] {logging_mixin.py:115} INFO - [2022-12-16 01:51:22,655] {dag.py:2919} INFO - Setting next_dagrun for example_xcom_args to None, run_after=None
[2022-12-16 01:51:22,656] {logging_mixin.py:115} INFO - [2022-12-16 01:51:22,656] {dag.py:2919} INFO - Setting next_dagrun for example_xcom_args_with_operators to None, run_after=None
[2022-12-16 01:51:22,671] {processor.py:161} INFO - Processing /home/airflow/.local/lib/python3.7/site-packages/airflow/example_dags/example_xcomargs.py took 0.294 seconds
[2022-12-16 01:51:52,885] {processor.py:153} INFO - Started process (PID=224) to work on /home/airflow/.local/lib/python3.7/site-packages/airflow/example_dags/example_xcomargs.py
[2022-12-16 01:51:52,886] {processor.py:641} INFO - Processing file /home/airflow/.local/lib/python3.7/site-packages/airflow/example_dags/example_xcomargs.py for tasks to queue
[2022-12-16 01:51:52,887] {logging_mixin.py:115} INFO - [2022-12-16 01:51:52,887] {dagbag.py:507} INFO - Filling up the DagBag from /home/airflow/.local/lib/python3.7/site-packages/airflow/example_dags/example_xcomargs.py
[2022-12-16 01:51:52,909] {processor.py:651} INFO - DAG(s) dict_keys(['example_xcom_args', 'example_xcom_args_with_operators']) retrieved from /home/airflow/.local/lib/python3.7/site-packages/airflow/example_dags/example_xcomargs.py
[2022-12-16 01:51:53,124] {logging_mixin.py:115} INFO - [2022-12-16 01:51:53,124] {dag.py:2371} INFO - Sync 2 DAGs
[2022-12-16 01:51:53,140] {logging_mixin.py:115} INFO - [2022-12-16 01:51:53,140] {dag.py:2919} INFO - Setting next_dagrun for example_xcom_args to None, run_after=None
[2022-12-16 01:51:53,140] {logging_mixin.py:115} INFO - [2022-12-16 01:51:53,140] {dag.py:2919} INFO - Setting next_dagrun for example_xcom_args_with_operators to None, run_after=None
[2022-12-16 01:51:53,152] {processor.py:161} INFO - Processing /home/airflow/.local/lib/python3.7/site-packages/airflow/example_dags/example_xcomargs.py took 0.271 seconds
[2022-12-16 01:52:23,586] {processor.py:153} INFO - Started process (PID=277) to work on /home/airflow/.local/lib/python3.7/site-packages/airflow/example_dags/example_xcomargs.py
[2022-12-16 01:52:23,587] {processor.py:641} INFO - Processing file /home/airflow/.local/lib/python3.7/site-packages/airflow/example_dags/example_xcomargs.py for tasks to queue
[2022-12-16 01:52:23,588] {logging_mixin.py:115} INFO - [2022-12-16 01:52:23,588] {dagbag.py:507} INFO - Filling up the DagBag from /home/airflow/.local/lib/python3.7/site-packages/airflow/example_dags/example_xcomargs.py
[2022-12-16 01:52:23,611] {processor.py:651} INFO - DAG(s) dict_keys(['example_xcom_args', 'example_xcom_args_with_operators']) retrieved from /home/airflow/.local/lib/python3.7/site-packages/airflow/example_dags/example_xcomargs.py
[2022-12-16 01:52:23,862] {logging_mixin.py:115} INFO - [2022-12-16 01:52:23,861] {dag.py:2371} INFO - Sync 2 DAGs
[2022-12-16 01:52:23,890] {logging_mixin.py:115} INFO - [2022-12-16 01:52:23,890] {dag.py:2919} INFO - Setting next_dagrun for example_xcom_args to None, run_after=None
[2022-12-16 01:52:23,898] {logging_mixin.py:115} INFO - [2022-12-16 01:52:23,896] {dag.py:2919} INFO - Setting next_dagrun for example_xcom_args_with_operators to None, run_after=None
[2022-12-16 01:52:23,925] {processor.py:161} INFO - Processing /home/airflow/.local/lib/python3.7/site-packages/airflow/example_dags/example_xcomargs.py took 0.343 seconds
[2022-12-16 01:52:54,799] {processor.py:153} INFO - Started process (PID=338) to work on /home/airflow/.local/lib/python3.7/site-packages/airflow/example_dags/example_xcomargs.py
[2022-12-16 01:52:54,800] {processor.py:641} INFO - Processing file /home/airflow/.local/lib/python3.7/site-packages/airflow/example_dags/example_xcomargs.py for tasks to queue
[2022-12-16 01:52:54,801] {logging_mixin.py:115} INFO - [2022-12-16 01:52:54,800] {dagbag.py:507} INFO - Filling up the DagBag from /home/airflow/.local/lib/python3.7/site-packages/airflow/example_dags/example_xcomargs.py
[2022-12-16 01:52:54,820] {processor.py:651} INFO - DAG(s) dict_keys(['example_xcom_args', 'example_xcom_args_with_operators']) retrieved from /home/airflow/.local/lib/python3.7/site-packages/airflow/example_dags/example_xcomargs.py
[2022-12-16 01:52:55,054] {logging_mixin.py:115} INFO - [2022-12-16 01:52:55,054] {dag.py:2371} INFO - Sync 2 DAGs
[2022-12-16 01:52:55,081] {logging_mixin.py:115} INFO - [2022-12-16 01:52:55,081] {dag.py:2919} INFO - Setting next_dagrun for example_xcom_args to None, run_after=None
[2022-12-16 01:52:55,082] {logging_mixin.py:115} INFO - [2022-12-16 01:52:55,081] {dag.py:2919} INFO - Setting next_dagrun for example_xcom_args_with_operators to None, run_after=None
[2022-12-16 01:52:55,098] {processor.py:161} INFO - Processing /home/airflow/.local/lib/python3.7/site-packages/airflow/example_dags/example_xcomargs.py took 0.303 seconds
[2022-12-16 01:53:25,456] {processor.py:153} INFO - Started process (PID=398) to work on /home/airflow/.local/lib/python3.7/site-packages/airflow/example_dags/example_xcomargs.py
[2022-12-16 01:53:25,457] {processor.py:641} INFO - Processing file /home/airflow/.local/lib/python3.7/site-packages/airflow/example_dags/example_xcomargs.py for tasks to queue
[2022-12-16 01:53:25,458] {logging_mixin.py:115} INFO - [2022-12-16 01:53:25,458] {dagbag.py:507} INFO - Filling up the DagBag from /home/airflow/.local/lib/python3.7/site-packages/airflow/example_dags/example_xcomargs.py
[2022-12-16 01:53:25,480] {processor.py:651} INFO - DAG(s) dict_keys(['example_xcom_args', 'example_xcom_args_with_operators']) retrieved from /home/airflow/.local/lib/python3.7/site-packages/airflow/example_dags/example_xcomargs.py
[2022-12-16 01:53:25,685] {logging_mixin.py:115} INFO - [2022-12-16 01:53:25,685] {dag.py:2371} INFO - Sync 2 DAGs
[2022-12-16 01:53:25,703] {logging_mixin.py:115} INFO - [2022-12-16 01:53:25,703] {dag.py:2919} INFO - Setting next_dagrun for example_xcom_args to None, run_after=None
[2022-12-16 01:53:25,704] {logging_mixin.py:115} INFO - [2022-12-16 01:53:25,704] {dag.py:2919} INFO - Setting next_dagrun for example_xcom_args_with_operators to None, run_after=None
[2022-12-16 01:53:25,719] {processor.py:161} INFO - Processing /home/airflow/.local/lib/python3.7/site-packages/airflow/example_dags/example_xcomargs.py took 0.266 seconds
[2022-12-16 01:53:56,234] {processor.py:153} INFO - Started process (PID=450) to work on /home/airflow/.local/lib/python3.7/site-packages/airflow/example_dags/example_xcomargs.py
[2022-12-16 01:53:56,235] {processor.py:641} INFO - Processing file /home/airflow/.local/lib/python3.7/site-packages/airflow/example_dags/example_xcomargs.py for tasks to queue
[2022-12-16 01:53:56,237] {logging_mixin.py:115} INFO - [2022-12-16 01:53:56,237] {dagbag.py:507} INFO - Filling up the DagBag from /home/airflow/.local/lib/python3.7/site-packages/airflow/example_dags/example_xcomargs.py
[2022-12-16 01:53:56,264] {processor.py:651} INFO - DAG(s) dict_keys(['example_xcom_args', 'example_xcom_args_with_operators']) retrieved from /home/airflow/.local/lib/python3.7/site-packages/airflow/example_dags/example_xcomargs.py
[2022-12-16 01:53:56,522] {logging_mixin.py:115} INFO - [2022-12-16 01:53:56,521] {dag.py:2371} INFO - Sync 2 DAGs
[2022-12-16 01:53:56,540] {logging_mixin.py:115} INFO - [2022-12-16 01:53:56,540] {dag.py:2919} INFO - Setting next_dagrun for example_xcom_args to None, run_after=None
[2022-12-16 01:53:56,541] {logging_mixin.py:115} INFO - [2022-12-16 01:53:56,541] {dag.py:2919} INFO - Setting next_dagrun for example_xcom_args_with_operators to None, run_after=None
[2022-12-16 01:53:56,559] {processor.py:161} INFO - Processing /home/airflow/.local/lib/python3.7/site-packages/airflow/example_dags/example_xcomargs.py took 0.331 seconds
[2022-12-16 01:54:27,279] {processor.py:153} INFO - Started process (PID=511) to work on /home/airflow/.local/lib/python3.7/site-packages/airflow/example_dags/example_xcomargs.py
[2022-12-16 01:54:27,280] {processor.py:641} INFO - Processing file /home/airflow/.local/lib/python3.7/site-packages/airflow/example_dags/example_xcomargs.py for tasks to queue
[2022-12-16 01:54:27,282] {logging_mixin.py:115} INFO - [2022-12-16 01:54:27,281] {dagbag.py:507} INFO - Filling up the DagBag from /home/airflow/.local/lib/python3.7/site-packages/airflow/example_dags/example_xcomargs.py
[2022-12-16 01:54:27,306] {processor.py:651} INFO - DAG(s) dict_keys(['example_xcom_args', 'example_xcom_args_with_operators']) retrieved from /home/airflow/.local/lib/python3.7/site-packages/airflow/example_dags/example_xcomargs.py
[2022-12-16 01:54:27,512] {logging_mixin.py:115} INFO - [2022-12-16 01:54:27,511] {dag.py:2371} INFO - Sync 2 DAGs
[2022-12-16 01:54:27,530] {logging_mixin.py:115} INFO - [2022-12-16 01:54:27,530] {dag.py:2919} INFO - Setting next_dagrun for example_xcom_args to None, run_after=None
[2022-12-16 01:54:27,530] {logging_mixin.py:115} INFO - [2022-12-16 01:54:27,530] {dag.py:2919} INFO - Setting next_dagrun for example_xcom_args_with_operators to None, run_after=None
[2022-12-16 01:54:27,544] {processor.py:161} INFO - Processing /home/airflow/.local/lib/python3.7/site-packages/airflow/example_dags/example_xcomargs.py took 0.269 seconds
[2022-12-16 01:54:57,787] {processor.py:153} INFO - Started process (PID=572) to work on /home/airflow/.local/lib/python3.7/site-packages/airflow/example_dags/example_xcomargs.py
[2022-12-16 01:54:57,787] {processor.py:641} INFO - Processing file /home/airflow/.local/lib/python3.7/site-packages/airflow/example_dags/example_xcomargs.py for tasks to queue
[2022-12-16 01:54:57,788] {logging_mixin.py:115} INFO - [2022-12-16 01:54:57,788] {dagbag.py:507} INFO - Filling up the DagBag from /home/airflow/.local/lib/python3.7/site-packages/airflow/example_dags/example_xcomargs.py
[2022-12-16 01:54:57,809] {processor.py:651} INFO - DAG(s) dict_keys(['example_xcom_args', 'example_xcom_args_with_operators']) retrieved from /home/airflow/.local/lib/python3.7/site-packages/airflow/example_dags/example_xcomargs.py
[2022-12-16 01:54:58,028] {logging_mixin.py:115} INFO - [2022-12-16 01:54:58,028] {dag.py:2371} INFO - Sync 2 DAGs
[2022-12-16 01:54:58,047] {logging_mixin.py:115} INFO - [2022-12-16 01:54:58,047] {dag.py:2919} INFO - Setting next_dagrun for example_xcom_args to None, run_after=None
[2022-12-16 01:54:58,048] {logging_mixin.py:115} INFO - [2022-12-16 01:54:58,048] {dag.py:2919} INFO - Setting next_dagrun for example_xcom_args_with_operators to None, run_after=None
[2022-12-16 01:54:58,068] {processor.py:161} INFO - Processing /home/airflow/.local/lib/python3.7/site-packages/airflow/example_dags/example_xcomargs.py took 0.284 seconds
[2022-12-16 01:55:28,526] {processor.py:153} INFO - Started process (PID=625) to work on /home/airflow/.local/lib/python3.7/site-packages/airflow/example_dags/example_xcomargs.py
[2022-12-16 01:55:28,526] {processor.py:641} INFO - Processing file /home/airflow/.local/lib/python3.7/site-packages/airflow/example_dags/example_xcomargs.py for tasks to queue
[2022-12-16 01:55:28,527] {logging_mixin.py:115} INFO - [2022-12-16 01:55:28,527] {dagbag.py:507} INFO - Filling up the DagBag from /home/airflow/.local/lib/python3.7/site-packages/airflow/example_dags/example_xcomargs.py
[2022-12-16 01:55:28,552] {processor.py:651} INFO - DAG(s) dict_keys(['example_xcom_args', 'example_xcom_args_with_operators']) retrieved from /home/airflow/.local/lib/python3.7/site-packages/airflow/example_dags/example_xcomargs.py
[2022-12-16 01:55:28,813] {logging_mixin.py:115} INFO - [2022-12-16 01:55:28,813] {dag.py:2371} INFO - Sync 2 DAGs
[2022-12-16 01:55:28,835] {logging_mixin.py:115} INFO - [2022-12-16 01:55:28,835] {dag.py:2919} INFO - Setting next_dagrun for example_xcom_args to None, run_after=None
[2022-12-16 01:55:28,835] {logging_mixin.py:115} INFO - [2022-12-16 01:55:28,835] {dag.py:2919} INFO - Setting next_dagrun for example_xcom_args_with_operators to None, run_after=None
[2022-12-16 01:55:28,853] {processor.py:161} INFO - Processing /home/airflow/.local/lib/python3.7/site-packages/airflow/example_dags/example_xcomargs.py took 0.331 seconds
[2022-12-16 01:55:59,005] {processor.py:153} INFO - Started process (PID=686) to work on /home/airflow/.local/lib/python3.7/site-packages/airflow/example_dags/example_xcomargs.py
[2022-12-16 01:55:59,006] {processor.py:641} INFO - Processing file /home/airflow/.local/lib/python3.7/site-packages/airflow/example_dags/example_xcomargs.py for tasks to queue
[2022-12-16 01:55:59,007] {logging_mixin.py:115} INFO - [2022-12-16 01:55:59,006] {dagbag.py:507} INFO - Filling up the DagBag from /home/airflow/.local/lib/python3.7/site-packages/airflow/example_dags/example_xcomargs.py
[2022-12-16 01:55:59,034] {processor.py:651} INFO - DAG(s) dict_keys(['example_xcom_args', 'example_xcom_args_with_operators']) retrieved from /home/airflow/.local/lib/python3.7/site-packages/airflow/example_dags/example_xcomargs.py
[2022-12-16 01:55:59,212] {logging_mixin.py:115} INFO - [2022-12-16 01:55:59,212] {dag.py:2371} INFO - Sync 2 DAGs
[2022-12-16 01:55:59,233] {logging_mixin.py:115} INFO - [2022-12-16 01:55:59,233] {dag.py:2919} INFO - Setting next_dagrun for example_xcom_args to None, run_after=None
[2022-12-16 01:55:59,233] {logging_mixin.py:115} INFO - [2022-12-16 01:55:59,233] {dag.py:2919} INFO - Setting next_dagrun for example_xcom_args_with_operators to None, run_after=None
[2022-12-16 01:55:59,247] {processor.py:161} INFO - Processing /home/airflow/.local/lib/python3.7/site-packages/airflow/example_dags/example_xcomargs.py took 0.245 seconds
[2022-12-16 01:56:29,700] {processor.py:153} INFO - Started process (PID=748) to work on /home/airflow/.local/lib/python3.7/site-packages/airflow/example_dags/example_xcomargs.py
[2022-12-16 01:56:29,701] {processor.py:641} INFO - Processing file /home/airflow/.local/lib/python3.7/site-packages/airflow/example_dags/example_xcomargs.py for tasks to queue
[2022-12-16 01:56:29,702] {logging_mixin.py:115} INFO - [2022-12-16 01:56:29,702] {dagbag.py:507} INFO - Filling up the DagBag from /home/airflow/.local/lib/python3.7/site-packages/airflow/example_dags/example_xcomargs.py
[2022-12-16 01:56:29,733] {processor.py:651} INFO - DAG(s) dict_keys(['example_xcom_args', 'example_xcom_args_with_operators']) retrieved from /home/airflow/.local/lib/python3.7/site-packages/airflow/example_dags/example_xcomargs.py
[2022-12-16 01:56:29,915] {logging_mixin.py:115} INFO - [2022-12-16 01:56:29,915] {dag.py:2371} INFO - Sync 2 DAGs
[2022-12-16 01:56:29,934] {logging_mixin.py:115} INFO - [2022-12-16 01:56:29,934] {dag.py:2919} INFO - Setting next_dagrun for example_xcom_args to None, run_after=None
[2022-12-16 01:56:29,934] {logging_mixin.py:115} INFO - [2022-12-16 01:56:29,934] {dag.py:2919} INFO - Setting next_dagrun for example_xcom_args_with_operators to None, run_after=None
[2022-12-16 01:56:29,946] {processor.py:161} INFO - Processing /home/airflow/.local/lib/python3.7/site-packages/airflow/example_dags/example_xcomargs.py took 0.251 seconds
[2022-12-16 01:57:00,396] {processor.py:153} INFO - Started process (PID=810) to work on /home/airflow/.local/lib/python3.7/site-packages/airflow/example_dags/example_xcomargs.py
[2022-12-16 01:57:00,396] {processor.py:641} INFO - Processing file /home/airflow/.local/lib/python3.7/site-packages/airflow/example_dags/example_xcomargs.py for tasks to queue
[2022-12-16 01:57:00,397] {logging_mixin.py:115} INFO - [2022-12-16 01:57:00,397] {dagbag.py:507} INFO - Filling up the DagBag from /home/airflow/.local/lib/python3.7/site-packages/airflow/example_dags/example_xcomargs.py
[2022-12-16 01:57:00,421] {processor.py:651} INFO - DAG(s) dict_keys(['example_xcom_args', 'example_xcom_args_with_operators']) retrieved from /home/airflow/.local/lib/python3.7/site-packages/airflow/example_dags/example_xcomargs.py
[2022-12-16 01:57:00,597] {logging_mixin.py:115} INFO - [2022-12-16 01:57:00,597] {dag.py:2371} INFO - Sync 2 DAGs
[2022-12-16 01:57:00,616] {logging_mixin.py:115} INFO - [2022-12-16 01:57:00,616] {dag.py:2919} INFO - Setting next_dagrun for example_xcom_args to None, run_after=None
[2022-12-16 01:57:00,617] {logging_mixin.py:115} INFO - [2022-12-16 01:57:00,617] {dag.py:2919} INFO - Setting next_dagrun for example_xcom_args_with_operators to None, run_after=None
[2022-12-16 01:57:00,629] {processor.py:161} INFO - Processing /home/airflow/.local/lib/python3.7/site-packages/airflow/example_dags/example_xcomargs.py took 0.237 seconds
[2022-12-16 01:57:30,928] {processor.py:153} INFO - Started process (PID=863) to work on /home/airflow/.local/lib/python3.7/site-packages/airflow/example_dags/example_xcomargs.py
[2022-12-16 01:57:30,929] {processor.py:641} INFO - Processing file /home/airflow/.local/lib/python3.7/site-packages/airflow/example_dags/example_xcomargs.py for tasks to queue
[2022-12-16 01:57:30,930] {logging_mixin.py:115} INFO - [2022-12-16 01:57:30,930] {dagbag.py:507} INFO - Filling up the DagBag from /home/airflow/.local/lib/python3.7/site-packages/airflow/example_dags/example_xcomargs.py
[2022-12-16 01:57:30,960] {processor.py:651} INFO - DAG(s) dict_keys(['example_xcom_args', 'example_xcom_args_with_operators']) retrieved from /home/airflow/.local/lib/python3.7/site-packages/airflow/example_dags/example_xcomargs.py
[2022-12-16 01:57:31,129] {logging_mixin.py:115} INFO - [2022-12-16 01:57:31,129] {dag.py:2371} INFO - Sync 2 DAGs
[2022-12-16 01:57:31,149] {logging_mixin.py:115} INFO - [2022-12-16 01:57:31,149] {dag.py:2919} INFO - Setting next_dagrun for example_xcom_args to None, run_after=None
[2022-12-16 01:57:31,150] {logging_mixin.py:115} INFO - [2022-12-16 01:57:31,150] {dag.py:2919} INFO - Setting next_dagrun for example_xcom_args_with_operators to None, run_after=None
[2022-12-16 01:57:31,160] {processor.py:161} INFO - Processing /home/airflow/.local/lib/python3.7/site-packages/airflow/example_dags/example_xcomargs.py took 0.236 seconds
[2022-12-16 01:58:54,739] {processor.py:153} INFO - Started process (PID=40) to work on /home/airflow/.local/lib/python3.7/site-packages/airflow/example_dags/example_xcomargs.py
[2022-12-16 01:58:54,745] {processor.py:641} INFO - Processing file /home/airflow/.local/lib/python3.7/site-packages/airflow/example_dags/example_xcomargs.py for tasks to queue
[2022-12-16 01:58:54,750] {logging_mixin.py:115} INFO - [2022-12-16 01:58:54,750] {dagbag.py:507} INFO - Filling up the DagBag from /home/airflow/.local/lib/python3.7/site-packages/airflow/example_dags/example_xcomargs.py
[2022-12-16 01:58:54,820] {processor.py:651} INFO - DAG(s) dict_keys(['example_xcom_args', 'example_xcom_args_with_operators']) retrieved from /home/airflow/.local/lib/python3.7/site-packages/airflow/example_dags/example_xcomargs.py
[2022-12-16 01:58:54,891] {logging_mixin.py:115} INFO - [2022-12-16 01:58:54,891] {dag.py:2371} INFO - Sync 2 DAGs
[2022-12-16 01:58:55,206] {logging_mixin.py:115} INFO - [2022-12-16 01:58:55,206] {dag.py:2919} INFO - Setting next_dagrun for example_xcom_args to None, run_after=None
[2022-12-16 01:58:55,206] {logging_mixin.py:115} INFO - [2022-12-16 01:58:55,206] {dag.py:2919} INFO - Setting next_dagrun for example_xcom_args_with_operators to None, run_after=None
[2022-12-16 01:58:55,253] {processor.py:161} INFO - Processing /home/airflow/.local/lib/python3.7/site-packages/airflow/example_dags/example_xcomargs.py took 0.517 seconds
[2022-12-16 01:59:41,671] {processor.py:153} INFO - Started process (PID=40) to work on /home/airflow/.local/lib/python3.7/site-packages/airflow/example_dags/example_xcomargs.py
[2022-12-16 01:59:41,675] {processor.py:641} INFO - Processing file /home/airflow/.local/lib/python3.7/site-packages/airflow/example_dags/example_xcomargs.py for tasks to queue
[2022-12-16 01:59:41,678] {logging_mixin.py:115} INFO - [2022-12-16 01:59:41,678] {dagbag.py:507} INFO - Filling up the DagBag from /home/airflow/.local/lib/python3.7/site-packages/airflow/example_dags/example_xcomargs.py
[2022-12-16 01:59:41,718] {processor.py:651} INFO - DAG(s) dict_keys(['example_xcom_args', 'example_xcom_args_with_operators']) retrieved from /home/airflow/.local/lib/python3.7/site-packages/airflow/example_dags/example_xcomargs.py
[2022-12-16 01:59:41,788] {logging_mixin.py:115} INFO - [2022-12-16 01:59:41,788] {dag.py:2371} INFO - Sync 2 DAGs
[2022-12-16 01:59:41,990] {logging_mixin.py:115} INFO - [2022-12-16 01:59:41,990] {dag.py:2919} INFO - Setting next_dagrun for example_xcom_args to None, run_after=None
[2022-12-16 01:59:41,990] {logging_mixin.py:115} INFO - [2022-12-16 01:59:41,990] {dag.py:2919} INFO - Setting next_dagrun for example_xcom_args_with_operators to None, run_after=None
[2022-12-16 01:59:42,005] {processor.py:161} INFO - Processing /home/airflow/.local/lib/python3.7/site-packages/airflow/example_dags/example_xcomargs.py took 0.337 seconds
[2022-12-16 02:00:12,347] {processor.py:153} INFO - Started process (PID=102) to work on /home/airflow/.local/lib/python3.7/site-packages/airflow/example_dags/example_xcomargs.py
[2022-12-16 02:00:12,348] {processor.py:641} INFO - Processing file /home/airflow/.local/lib/python3.7/site-packages/airflow/example_dags/example_xcomargs.py for tasks to queue
[2022-12-16 02:00:12,348] {logging_mixin.py:115} INFO - [2022-12-16 02:00:12,348] {dagbag.py:507} INFO - Filling up the DagBag from /home/airflow/.local/lib/python3.7/site-packages/airflow/example_dags/example_xcomargs.py
[2022-12-16 02:00:12,376] {processor.py:651} INFO - DAG(s) dict_keys(['example_xcom_args', 'example_xcom_args_with_operators']) retrieved from /home/airflow/.local/lib/python3.7/site-packages/airflow/example_dags/example_xcomargs.py
[2022-12-16 02:00:12,454] {logging_mixin.py:115} INFO - [2022-12-16 02:00:12,453] {dag.py:2371} INFO - Sync 2 DAGs
[2022-12-16 02:00:12,650] {logging_mixin.py:115} INFO - [2022-12-16 02:00:12,650] {dag.py:2919} INFO - Setting next_dagrun for example_xcom_args to None, run_after=None
[2022-12-16 02:00:12,651] {logging_mixin.py:115} INFO - [2022-12-16 02:00:12,651] {dag.py:2919} INFO - Setting next_dagrun for example_xcom_args_with_operators to None, run_after=None
[2022-12-16 02:00:12,688] {processor.py:161} INFO - Processing /home/airflow/.local/lib/python3.7/site-packages/airflow/example_dags/example_xcomargs.py took 0.348 seconds
[2022-12-16 02:00:43,369] {processor.py:153} INFO - Started process (PID=165) to work on /home/airflow/.local/lib/python3.7/site-packages/airflow/example_dags/example_xcomargs.py
[2022-12-16 02:00:43,370] {processor.py:641} INFO - Processing file /home/airflow/.local/lib/python3.7/site-packages/airflow/example_dags/example_xcomargs.py for tasks to queue
[2022-12-16 02:00:43,372] {logging_mixin.py:115} INFO - [2022-12-16 02:00:43,372] {dagbag.py:507} INFO - Filling up the DagBag from /home/airflow/.local/lib/python3.7/site-packages/airflow/example_dags/example_xcomargs.py
[2022-12-16 02:00:43,396] {processor.py:651} INFO - DAG(s) dict_keys(['example_xcom_args', 'example_xcom_args_with_operators']) retrieved from /home/airflow/.local/lib/python3.7/site-packages/airflow/example_dags/example_xcomargs.py
[2022-12-16 02:00:43,469] {logging_mixin.py:115} INFO - [2022-12-16 02:00:43,469] {dag.py:2371} INFO - Sync 2 DAGs
[2022-12-16 02:00:43,637] {logging_mixin.py:115} INFO - [2022-12-16 02:00:43,637] {dag.py:2919} INFO - Setting next_dagrun for example_xcom_args to None, run_after=None
[2022-12-16 02:00:43,637] {logging_mixin.py:115} INFO - [2022-12-16 02:00:43,637] {dag.py:2919} INFO - Setting next_dagrun for example_xcom_args_with_operators to None, run_after=None
[2022-12-16 02:00:43,651] {processor.py:161} INFO - Processing /home/airflow/.local/lib/python3.7/site-packages/airflow/example_dags/example_xcomargs.py took 0.286 seconds
[2022-12-16 02:01:14,400] {processor.py:153} INFO - Started process (PID=218) to work on /home/airflow/.local/lib/python3.7/site-packages/airflow/example_dags/example_xcomargs.py
[2022-12-16 02:01:14,401] {processor.py:641} INFO - Processing file /home/airflow/.local/lib/python3.7/site-packages/airflow/example_dags/example_xcomargs.py for tasks to queue
[2022-12-16 02:01:14,402] {logging_mixin.py:115} INFO - [2022-12-16 02:01:14,402] {dagbag.py:507} INFO - Filling up the DagBag from /home/airflow/.local/lib/python3.7/site-packages/airflow/example_dags/example_xcomargs.py
[2022-12-16 02:01:14,431] {processor.py:651} INFO - DAG(s) dict_keys(['example_xcom_args', 'example_xcom_args_with_operators']) retrieved from /home/airflow/.local/lib/python3.7/site-packages/airflow/example_dags/example_xcomargs.py
[2022-12-16 02:01:14,512] {logging_mixin.py:115} INFO - [2022-12-16 02:01:14,512] {dag.py:2371} INFO - Sync 2 DAGs
[2022-12-16 02:01:14,704] {logging_mixin.py:115} INFO - [2022-12-16 02:01:14,704] {dag.py:2919} INFO - Setting next_dagrun for example_xcom_args to None, run_after=None
[2022-12-16 02:01:14,704] {logging_mixin.py:115} INFO - [2022-12-16 02:01:14,704] {dag.py:2919} INFO - Setting next_dagrun for example_xcom_args_with_operators to None, run_after=None
[2022-12-16 02:01:14,722] {processor.py:161} INFO - Processing /home/airflow/.local/lib/python3.7/site-packages/airflow/example_dags/example_xcomargs.py took 0.325 seconds
[2022-12-16 02:01:45,186] {processor.py:153} INFO - Started process (PID=280) to work on /home/airflow/.local/lib/python3.7/site-packages/airflow/example_dags/example_xcomargs.py
[2022-12-16 02:01:45,186] {processor.py:641} INFO - Processing file /home/airflow/.local/lib/python3.7/site-packages/airflow/example_dags/example_xcomargs.py for tasks to queue
[2022-12-16 02:01:45,187] {logging_mixin.py:115} INFO - [2022-12-16 02:01:45,187] {dagbag.py:507} INFO - Filling up the DagBag from /home/airflow/.local/lib/python3.7/site-packages/airflow/example_dags/example_xcomargs.py
[2022-12-16 02:01:45,207] {processor.py:651} INFO - DAG(s) dict_keys(['example_xcom_args', 'example_xcom_args_with_operators']) retrieved from /home/airflow/.local/lib/python3.7/site-packages/airflow/example_dags/example_xcomargs.py
[2022-12-16 02:01:45,269] {logging_mixin.py:115} INFO - [2022-12-16 02:01:45,269] {dag.py:2371} INFO - Sync 2 DAGs
[2022-12-16 02:01:45,409] {logging_mixin.py:115} INFO - [2022-12-16 02:01:45,409] {dag.py:2919} INFO - Setting next_dagrun for example_xcom_args to None, run_after=None
[2022-12-16 02:01:45,409] {logging_mixin.py:115} INFO - [2022-12-16 02:01:45,409] {dag.py:2919} INFO - Setting next_dagrun for example_xcom_args_with_operators to None, run_after=None
[2022-12-16 02:01:45,422] {processor.py:161} INFO - Processing /home/airflow/.local/lib/python3.7/site-packages/airflow/example_dags/example_xcomargs.py took 0.240 seconds
[2022-12-16 02:02:15,634] {processor.py:153} INFO - Started process (PID=342) to work on /home/airflow/.local/lib/python3.7/site-packages/airflow/example_dags/example_xcomargs.py
[2022-12-16 02:02:15,634] {processor.py:641} INFO - Processing file /home/airflow/.local/lib/python3.7/site-packages/airflow/example_dags/example_xcomargs.py for tasks to queue
[2022-12-16 02:02:15,635] {logging_mixin.py:115} INFO - [2022-12-16 02:02:15,635] {dagbag.py:507} INFO - Filling up the DagBag from /home/airflow/.local/lib/python3.7/site-packages/airflow/example_dags/example_xcomargs.py
[2022-12-16 02:02:15,652] {processor.py:651} INFO - DAG(s) dict_keys(['example_xcom_args', 'example_xcom_args_with_operators']) retrieved from /home/airflow/.local/lib/python3.7/site-packages/airflow/example_dags/example_xcomargs.py
[2022-12-16 02:02:15,706] {logging_mixin.py:115} INFO - [2022-12-16 02:02:15,706] {dag.py:2371} INFO - Sync 2 DAGs
[2022-12-16 02:02:15,841] {logging_mixin.py:115} INFO - [2022-12-16 02:02:15,841] {dag.py:2919} INFO - Setting next_dagrun for example_xcom_args to None, run_after=None
[2022-12-16 02:02:15,842] {logging_mixin.py:115} INFO - [2022-12-16 02:02:15,841] {dag.py:2919} INFO - Setting next_dagrun for example_xcom_args_with_operators to None, run_after=None
[2022-12-16 02:02:15,853] {processor.py:161} INFO - Processing /home/airflow/.local/lib/python3.7/site-packages/airflow/example_dags/example_xcomargs.py took 0.223 seconds
[2022-12-16 02:02:46,051] {processor.py:153} INFO - Started process (PID=405) to work on /home/airflow/.local/lib/python3.7/site-packages/airflow/example_dags/example_xcomargs.py
[2022-12-16 02:02:46,052] {processor.py:641} INFO - Processing file /home/airflow/.local/lib/python3.7/site-packages/airflow/example_dags/example_xcomargs.py for tasks to queue
[2022-12-16 02:02:46,053] {logging_mixin.py:115} INFO - [2022-12-16 02:02:46,053] {dagbag.py:507} INFO - Filling up the DagBag from /home/airflow/.local/lib/python3.7/site-packages/airflow/example_dags/example_xcomargs.py
[2022-12-16 02:02:46,070] {processor.py:651} INFO - DAG(s) dict_keys(['example_xcom_args', 'example_xcom_args_with_operators']) retrieved from /home/airflow/.local/lib/python3.7/site-packages/airflow/example_dags/example_xcomargs.py
[2022-12-16 02:02:46,097] {logging_mixin.py:115} INFO - [2022-12-16 02:02:46,097] {dag.py:2371} INFO - Sync 2 DAGs
[2022-12-16 02:02:46,117] {logging_mixin.py:115} INFO - [2022-12-16 02:02:46,117] {dag.py:2919} INFO - Setting next_dagrun for example_xcom_args to None, run_after=None
[2022-12-16 02:02:46,118] {logging_mixin.py:115} INFO - [2022-12-16 02:02:46,118] {dag.py:2919} INFO - Setting next_dagrun for example_xcom_args_with_operators to None, run_after=None
[2022-12-16 02:02:46,130] {processor.py:161} INFO - Processing /home/airflow/.local/lib/python3.7/site-packages/airflow/example_dags/example_xcomargs.py took 0.082 seconds
[2022-12-16 02:03:16,489] {processor.py:153} INFO - Started process (PID=458) to work on /home/airflow/.local/lib/python3.7/site-packages/airflow/example_dags/example_xcomargs.py
[2022-12-16 02:03:16,490] {processor.py:641} INFO - Processing file /home/airflow/.local/lib/python3.7/site-packages/airflow/example_dags/example_xcomargs.py for tasks to queue
[2022-12-16 02:03:16,490] {logging_mixin.py:115} INFO - [2022-12-16 02:03:16,490] {dagbag.py:507} INFO - Filling up the DagBag from /home/airflow/.local/lib/python3.7/site-packages/airflow/example_dags/example_xcomargs.py
[2022-12-16 02:03:16,509] {processor.py:651} INFO - DAG(s) dict_keys(['example_xcom_args', 'example_xcom_args_with_operators']) retrieved from /home/airflow/.local/lib/python3.7/site-packages/airflow/example_dags/example_xcomargs.py
[2022-12-16 02:03:16,567] {logging_mixin.py:115} INFO - [2022-12-16 02:03:16,566] {dag.py:2371} INFO - Sync 2 DAGs
[2022-12-16 02:03:16,756] {logging_mixin.py:115} INFO - [2022-12-16 02:03:16,755] {dag.py:2919} INFO - Setting next_dagrun for example_xcom_args to None, run_after=None
[2022-12-16 02:03:16,756] {logging_mixin.py:115} INFO - [2022-12-16 02:03:16,756] {dag.py:2919} INFO - Setting next_dagrun for example_xcom_args_with_operators to None, run_after=None
[2022-12-16 02:03:16,775] {processor.py:161} INFO - Processing /home/airflow/.local/lib/python3.7/site-packages/airflow/example_dags/example_xcomargs.py took 0.289 seconds
[2022-12-16 02:03:47,145] {processor.py:153} INFO - Started process (PID=520) to work on /home/airflow/.local/lib/python3.7/site-packages/airflow/example_dags/example_xcomargs.py
[2022-12-16 02:03:47,146] {processor.py:641} INFO - Processing file /home/airflow/.local/lib/python3.7/site-packages/airflow/example_dags/example_xcomargs.py for tasks to queue
[2022-12-16 02:03:47,146] {logging_mixin.py:115} INFO - [2022-12-16 02:03:47,146] {dagbag.py:507} INFO - Filling up the DagBag from /home/airflow/.local/lib/python3.7/site-packages/airflow/example_dags/example_xcomargs.py
[2022-12-16 02:03:47,169] {processor.py:651} INFO - DAG(s) dict_keys(['example_xcom_args', 'example_xcom_args_with_operators']) retrieved from /home/airflow/.local/lib/python3.7/site-packages/airflow/example_dags/example_xcomargs.py
[2022-12-16 02:03:47,236] {logging_mixin.py:115} INFO - [2022-12-16 02:03:47,236] {dag.py:2371} INFO - Sync 2 DAGs
[2022-12-16 02:03:47,410] {logging_mixin.py:115} INFO - [2022-12-16 02:03:47,410] {dag.py:2919} INFO - Setting next_dagrun for example_xcom_args to None, run_after=None
[2022-12-16 02:03:47,411] {logging_mixin.py:115} INFO - [2022-12-16 02:03:47,411] {dag.py:2919} INFO - Setting next_dagrun for example_xcom_args_with_operators to None, run_after=None
[2022-12-16 02:03:47,428] {processor.py:161} INFO - Processing /home/airflow/.local/lib/python3.7/site-packages/airflow/example_dags/example_xcomargs.py took 0.287 seconds
[2022-12-16 02:04:17,714] {processor.py:153} INFO - Started process (PID=582) to work on /home/airflow/.local/lib/python3.7/site-packages/airflow/example_dags/example_xcomargs.py
[2022-12-16 02:04:17,715] {processor.py:641} INFO - Processing file /home/airflow/.local/lib/python3.7/site-packages/airflow/example_dags/example_xcomargs.py for tasks to queue
[2022-12-16 02:04:17,715] {logging_mixin.py:115} INFO - [2022-12-16 02:04:17,715] {dagbag.py:507} INFO - Filling up the DagBag from /home/airflow/.local/lib/python3.7/site-packages/airflow/example_dags/example_xcomargs.py
[2022-12-16 02:04:17,734] {processor.py:651} INFO - DAG(s) dict_keys(['example_xcom_args', 'example_xcom_args_with_operators']) retrieved from /home/airflow/.local/lib/python3.7/site-packages/airflow/example_dags/example_xcomargs.py
[2022-12-16 02:04:17,799] {logging_mixin.py:115} INFO - [2022-12-16 02:04:17,799] {dag.py:2371} INFO - Sync 2 DAGs
[2022-12-16 02:04:17,978] {logging_mixin.py:115} INFO - [2022-12-16 02:04:17,978] {dag.py:2919} INFO - Setting next_dagrun for example_xcom_args to None, run_after=None
[2022-12-16 02:04:17,979] {logging_mixin.py:115} INFO - [2022-12-16 02:04:17,979] {dag.py:2919} INFO - Setting next_dagrun for example_xcom_args_with_operators to None, run_after=None
[2022-12-16 02:04:17,999] {processor.py:161} INFO - Processing /home/airflow/.local/lib/python3.7/site-packages/airflow/example_dags/example_xcomargs.py took 0.289 seconds
[2022-12-16 02:04:48,197] {processor.py:153} INFO - Started process (PID=645) to work on /home/airflow/.local/lib/python3.7/site-packages/airflow/example_dags/example_xcomargs.py
[2022-12-16 02:04:48,198] {processor.py:641} INFO - Processing file /home/airflow/.local/lib/python3.7/site-packages/airflow/example_dags/example_xcomargs.py for tasks to queue
[2022-12-16 02:04:48,199] {logging_mixin.py:115} INFO - [2022-12-16 02:04:48,199] {dagbag.py:507} INFO - Filling up the DagBag from /home/airflow/.local/lib/python3.7/site-packages/airflow/example_dags/example_xcomargs.py
[2022-12-16 02:04:48,219] {processor.py:651} INFO - DAG(s) dict_keys(['example_xcom_args', 'example_xcom_args_with_operators']) retrieved from /home/airflow/.local/lib/python3.7/site-packages/airflow/example_dags/example_xcomargs.py
[2022-12-16 02:04:48,292] {logging_mixin.py:115} INFO - [2022-12-16 02:04:48,292] {dag.py:2371} INFO - Sync 2 DAGs
[2022-12-16 02:04:48,467] {logging_mixin.py:115} INFO - [2022-12-16 02:04:48,467] {dag.py:2919} INFO - Setting next_dagrun for example_xcom_args to None, run_after=None
[2022-12-16 02:04:48,468] {logging_mixin.py:115} INFO - [2022-12-16 02:04:48,468] {dag.py:2919} INFO - Setting next_dagrun for example_xcom_args_with_operators to None, run_after=None
[2022-12-16 02:04:48,482] {processor.py:161} INFO - Processing /home/airflow/.local/lib/python3.7/site-packages/airflow/example_dags/example_xcomargs.py took 0.289 seconds
[2022-12-16 02:05:18,930] {processor.py:153} INFO - Started process (PID=700) to work on /home/airflow/.local/lib/python3.7/site-packages/airflow/example_dags/example_xcomargs.py
[2022-12-16 02:05:18,931] {processor.py:641} INFO - Processing file /home/airflow/.local/lib/python3.7/site-packages/airflow/example_dags/example_xcomargs.py for tasks to queue
[2022-12-16 02:05:18,932] {logging_mixin.py:115} INFO - [2022-12-16 02:05:18,932] {dagbag.py:507} INFO - Filling up the DagBag from /home/airflow/.local/lib/python3.7/site-packages/airflow/example_dags/example_xcomargs.py
[2022-12-16 02:05:18,960] {processor.py:651} INFO - DAG(s) dict_keys(['example_xcom_args', 'example_xcom_args_with_operators']) retrieved from /home/airflow/.local/lib/python3.7/site-packages/airflow/example_dags/example_xcomargs.py
[2022-12-16 02:05:19,022] {logging_mixin.py:115} INFO - [2022-12-16 02:05:19,022] {dag.py:2371} INFO - Sync 2 DAGs
[2022-12-16 02:05:19,196] {logging_mixin.py:115} INFO - [2022-12-16 02:05:19,196] {dag.py:2919} INFO - Setting next_dagrun for example_xcom_args to None, run_after=None
[2022-12-16 02:05:19,197] {logging_mixin.py:115} INFO - [2022-12-16 02:05:19,197] {dag.py:2919} INFO - Setting next_dagrun for example_xcom_args_with_operators to None, run_after=None
[2022-12-16 02:05:19,226] {processor.py:161} INFO - Processing /home/airflow/.local/lib/python3.7/site-packages/airflow/example_dags/example_xcomargs.py took 0.303 seconds
[2022-12-16 02:05:49,361] {processor.py:153} INFO - Started process (PID=762) to work on /home/airflow/.local/lib/python3.7/site-packages/airflow/example_dags/example_xcomargs.py
[2022-12-16 02:05:49,362] {processor.py:641} INFO - Processing file /home/airflow/.local/lib/python3.7/site-packages/airflow/example_dags/example_xcomargs.py for tasks to queue
[2022-12-16 02:05:49,363] {logging_mixin.py:115} INFO - [2022-12-16 02:05:49,363] {dagbag.py:507} INFO - Filling up the DagBag from /home/airflow/.local/lib/python3.7/site-packages/airflow/example_dags/example_xcomargs.py
[2022-12-16 02:05:49,380] {processor.py:651} INFO - DAG(s) dict_keys(['example_xcom_args', 'example_xcom_args_with_operators']) retrieved from /home/airflow/.local/lib/python3.7/site-packages/airflow/example_dags/example_xcomargs.py
[2022-12-16 02:05:49,445] {logging_mixin.py:115} INFO - [2022-12-16 02:05:49,444] {dag.py:2371} INFO - Sync 2 DAGs
[2022-12-16 02:05:49,667] {logging_mixin.py:115} INFO - [2022-12-16 02:05:49,667] {dag.py:2919} INFO - Setting next_dagrun for example_xcom_args to None, run_after=None
[2022-12-16 02:05:49,667] {logging_mixin.py:115} INFO - [2022-12-16 02:05:49,667] {dag.py:2919} INFO - Setting next_dagrun for example_xcom_args_with_operators to None, run_after=None
[2022-12-16 02:05:49,681] {processor.py:161} INFO - Processing /home/airflow/.local/lib/python3.7/site-packages/airflow/example_dags/example_xcomargs.py took 0.324 seconds
[2022-12-16 02:06:20,447] {processor.py:153} INFO - Started process (PID=823) to work on /home/airflow/.local/lib/python3.7/site-packages/airflow/example_dags/example_xcomargs.py
[2022-12-16 02:06:20,447] {processor.py:641} INFO - Processing file /home/airflow/.local/lib/python3.7/site-packages/airflow/example_dags/example_xcomargs.py for tasks to queue
[2022-12-16 02:06:20,449] {logging_mixin.py:115} INFO - [2022-12-16 02:06:20,449] {dagbag.py:507} INFO - Filling up the DagBag from /home/airflow/.local/lib/python3.7/site-packages/airflow/example_dags/example_xcomargs.py
[2022-12-16 02:06:20,470] {processor.py:651} INFO - DAG(s) dict_keys(['example_xcom_args', 'example_xcom_args_with_operators']) retrieved from /home/airflow/.local/lib/python3.7/site-packages/airflow/example_dags/example_xcomargs.py
[2022-12-16 02:06:20,546] {logging_mixin.py:115} INFO - [2022-12-16 02:06:20,546] {dag.py:2371} INFO - Sync 2 DAGs
[2022-12-16 02:06:20,720] {logging_mixin.py:115} INFO - [2022-12-16 02:06:20,720] {dag.py:2919} INFO - Setting next_dagrun for example_xcom_args to None, run_after=None
[2022-12-16 02:06:20,721] {logging_mixin.py:115} INFO - [2022-12-16 02:06:20,721] {dag.py:2919} INFO - Setting next_dagrun for example_xcom_args_with_operators to None, run_after=None
[2022-12-16 02:06:20,734] {processor.py:161} INFO - Processing /home/airflow/.local/lib/python3.7/site-packages/airflow/example_dags/example_xcomargs.py took 0.292 seconds
[2022-12-16 02:06:50,803] {processor.py:153} INFO - Started process (PID=877) to work on /home/airflow/.local/lib/python3.7/site-packages/airflow/example_dags/example_xcomargs.py
[2022-12-16 02:06:50,804] {processor.py:641} INFO - Processing file /home/airflow/.local/lib/python3.7/site-packages/airflow/example_dags/example_xcomargs.py for tasks to queue
[2022-12-16 02:06:50,805] {logging_mixin.py:115} INFO - [2022-12-16 02:06:50,805] {dagbag.py:507} INFO - Filling up the DagBag from /home/airflow/.local/lib/python3.7/site-packages/airflow/example_dags/example_xcomargs.py
[2022-12-16 02:06:50,828] {processor.py:651} INFO - DAG(s) dict_keys(['example_xcom_args', 'example_xcom_args_with_operators']) retrieved from /home/airflow/.local/lib/python3.7/site-packages/airflow/example_dags/example_xcomargs.py
[2022-12-16 02:06:50,864] {logging_mixin.py:115} INFO - [2022-12-16 02:06:50,864] {dag.py:2371} INFO - Sync 2 DAGs
[2022-12-16 02:06:50,896] {logging_mixin.py:115} INFO - [2022-12-16 02:06:50,896] {dag.py:2919} INFO - Setting next_dagrun for example_xcom_args to None, run_after=None
[2022-12-16 02:06:50,897] {logging_mixin.py:115} INFO - [2022-12-16 02:06:50,897] {dag.py:2919} INFO - Setting next_dagrun for example_xcom_args_with_operators to None, run_after=None
[2022-12-16 02:06:50,909] {processor.py:161} INFO - Processing /home/airflow/.local/lib/python3.7/site-packages/airflow/example_dags/example_xcomargs.py took 0.110 seconds
[2022-12-16 02:07:21,225] {processor.py:153} INFO - Started process (PID=940) to work on /home/airflow/.local/lib/python3.7/site-packages/airflow/example_dags/example_xcomargs.py
[2022-12-16 02:07:21,226] {processor.py:641} INFO - Processing file /home/airflow/.local/lib/python3.7/site-packages/airflow/example_dags/example_xcomargs.py for tasks to queue
[2022-12-16 02:07:21,226] {logging_mixin.py:115} INFO - [2022-12-16 02:07:21,226] {dagbag.py:507} INFO - Filling up the DagBag from /home/airflow/.local/lib/python3.7/site-packages/airflow/example_dags/example_xcomargs.py
[2022-12-16 02:07:21,247] {processor.py:651} INFO - DAG(s) dict_keys(['example_xcom_args', 'example_xcom_args_with_operators']) retrieved from /home/airflow/.local/lib/python3.7/site-packages/airflow/example_dags/example_xcomargs.py
[2022-12-16 02:07:21,287] {logging_mixin.py:115} INFO - [2022-12-16 02:07:21,287] {dag.py:2371} INFO - Sync 2 DAGs
[2022-12-16 02:07:21,315] {logging_mixin.py:115} INFO - [2022-12-16 02:07:21,315] {dag.py:2919} INFO - Setting next_dagrun for example_xcom_args to None, run_after=None
[2022-12-16 02:07:21,315] {logging_mixin.py:115} INFO - [2022-12-16 02:07:21,315] {dag.py:2919} INFO - Setting next_dagrun for example_xcom_args_with_operators to None, run_after=None
[2022-12-16 02:07:21,328] {processor.py:161} INFO - Processing /home/airflow/.local/lib/python3.7/site-packages/airflow/example_dags/example_xcomargs.py took 0.107 seconds
[2022-12-16 02:07:51,444] {processor.py:153} INFO - Started process (PID=1003) to work on /home/airflow/.local/lib/python3.7/site-packages/airflow/example_dags/example_xcomargs.py
[2022-12-16 02:07:51,444] {processor.py:641} INFO - Processing file /home/airflow/.local/lib/python3.7/site-packages/airflow/example_dags/example_xcomargs.py for tasks to queue
[2022-12-16 02:07:51,445] {logging_mixin.py:115} INFO - [2022-12-16 02:07:51,445] {dagbag.py:507} INFO - Filling up the DagBag from /home/airflow/.local/lib/python3.7/site-packages/airflow/example_dags/example_xcomargs.py
[2022-12-16 02:07:51,465] {processor.py:651} INFO - DAG(s) dict_keys(['example_xcom_args', 'example_xcom_args_with_operators']) retrieved from /home/airflow/.local/lib/python3.7/site-packages/airflow/example_dags/example_xcomargs.py
[2022-12-16 02:07:51,492] {logging_mixin.py:115} INFO - [2022-12-16 02:07:51,492] {dag.py:2371} INFO - Sync 2 DAGs
[2022-12-16 02:07:51,516] {logging_mixin.py:115} INFO - [2022-12-16 02:07:51,516] {dag.py:2919} INFO - Setting next_dagrun for example_xcom_args to None, run_after=None
[2022-12-16 02:07:51,517] {logging_mixin.py:115} INFO - [2022-12-16 02:07:51,517] {dag.py:2919} INFO - Setting next_dagrun for example_xcom_args_with_operators to None, run_after=None
[2022-12-16 02:07:51,530] {processor.py:161} INFO - Processing /home/airflow/.local/lib/python3.7/site-packages/airflow/example_dags/example_xcomargs.py took 0.089 seconds
[2022-12-16 02:08:21,736] {processor.py:153} INFO - Started process (PID=1065) to work on /home/airflow/.local/lib/python3.7/site-packages/airflow/example_dags/example_xcomargs.py
[2022-12-16 02:08:21,737] {processor.py:641} INFO - Processing file /home/airflow/.local/lib/python3.7/site-packages/airflow/example_dags/example_xcomargs.py for tasks to queue
[2022-12-16 02:08:21,738] {logging_mixin.py:115} INFO - [2022-12-16 02:08:21,737] {dagbag.py:507} INFO - Filling up the DagBag from /home/airflow/.local/lib/python3.7/site-packages/airflow/example_dags/example_xcomargs.py
[2022-12-16 02:08:21,764] {processor.py:651} INFO - DAG(s) dict_keys(['example_xcom_args', 'example_xcom_args_with_operators']) retrieved from /home/airflow/.local/lib/python3.7/site-packages/airflow/example_dags/example_xcomargs.py
[2022-12-16 02:08:21,824] {logging_mixin.py:115} INFO - [2022-12-16 02:08:21,824] {dag.py:2371} INFO - Sync 2 DAGs
[2022-12-16 02:08:22,017] {logging_mixin.py:115} INFO - [2022-12-16 02:08:22,017] {dag.py:2919} INFO - Setting next_dagrun for example_xcom_args to None, run_after=None
[2022-12-16 02:08:22,018] {logging_mixin.py:115} INFO - [2022-12-16 02:08:22,018] {dag.py:2919} INFO - Setting next_dagrun for example_xcom_args_with_operators to None, run_after=None
[2022-12-16 02:08:22,027] {processor.py:161} INFO - Processing /home/airflow/.local/lib/python3.7/site-packages/airflow/example_dags/example_xcomargs.py took 0.295 seconds
[2022-12-16 02:08:52,450] {processor.py:153} INFO - Started process (PID=1117) to work on /home/airflow/.local/lib/python3.7/site-packages/airflow/example_dags/example_xcomargs.py
[2022-12-16 02:08:52,451] {processor.py:641} INFO - Processing file /home/airflow/.local/lib/python3.7/site-packages/airflow/example_dags/example_xcomargs.py for tasks to queue
[2022-12-16 02:08:52,452] {logging_mixin.py:115} INFO - [2022-12-16 02:08:52,452] {dagbag.py:507} INFO - Filling up the DagBag from /home/airflow/.local/lib/python3.7/site-packages/airflow/example_dags/example_xcomargs.py
[2022-12-16 02:08:52,483] {processor.py:651} INFO - DAG(s) dict_keys(['example_xcom_args', 'example_xcom_args_with_operators']) retrieved from /home/airflow/.local/lib/python3.7/site-packages/airflow/example_dags/example_xcomargs.py
[2022-12-16 02:08:52,575] {logging_mixin.py:115} INFO - [2022-12-16 02:08:52,575] {dag.py:2371} INFO - Sync 2 DAGs
[2022-12-16 02:08:52,772] {logging_mixin.py:115} INFO - [2022-12-16 02:08:52,771] {dag.py:2919} INFO - Setting next_dagrun for example_xcom_args to None, run_after=None
[2022-12-16 02:08:52,772] {logging_mixin.py:115} INFO - [2022-12-16 02:08:52,772] {dag.py:2919} INFO - Setting next_dagrun for example_xcom_args_with_operators to None, run_after=None
[2022-12-16 02:08:52,793] {processor.py:161} INFO - Processing /home/airflow/.local/lib/python3.7/site-packages/airflow/example_dags/example_xcomargs.py took 0.347 seconds
[2022-12-16 02:09:23,017] {processor.py:153} INFO - Started process (PID=1181) to work on /home/airflow/.local/lib/python3.7/site-packages/airflow/example_dags/example_xcomargs.py
[2022-12-16 02:09:23,018] {processor.py:641} INFO - Processing file /home/airflow/.local/lib/python3.7/site-packages/airflow/example_dags/example_xcomargs.py for tasks to queue
[2022-12-16 02:09:23,019] {logging_mixin.py:115} INFO - [2022-12-16 02:09:23,019] {dagbag.py:507} INFO - Filling up the DagBag from /home/airflow/.local/lib/python3.7/site-packages/airflow/example_dags/example_xcomargs.py
[2022-12-16 02:09:23,042] {processor.py:651} INFO - DAG(s) dict_keys(['example_xcom_args', 'example_xcom_args_with_operators']) retrieved from /home/airflow/.local/lib/python3.7/site-packages/airflow/example_dags/example_xcomargs.py
[2022-12-16 02:09:23,112] {logging_mixin.py:115} INFO - [2022-12-16 02:09:23,111] {dag.py:2371} INFO - Sync 2 DAGs
[2022-12-16 02:09:23,282] {logging_mixin.py:115} INFO - [2022-12-16 02:09:23,282] {dag.py:2919} INFO - Setting next_dagrun for example_xcom_args to None, run_after=None
[2022-12-16 02:09:23,282] {logging_mixin.py:115} INFO - [2022-12-16 02:09:23,282] {dag.py:2919} INFO - Setting next_dagrun for example_xcom_args_with_operators to None, run_after=None
[2022-12-16 02:09:23,298] {processor.py:161} INFO - Processing /home/airflow/.local/lib/python3.7/site-packages/airflow/example_dags/example_xcomargs.py took 0.284 seconds
[2022-12-16 02:09:53,605] {processor.py:153} INFO - Started process (PID=1244) to work on /home/airflow/.local/lib/python3.7/site-packages/airflow/example_dags/example_xcomargs.py
[2022-12-16 02:09:53,606] {processor.py:641} INFO - Processing file /home/airflow/.local/lib/python3.7/site-packages/airflow/example_dags/example_xcomargs.py for tasks to queue
[2022-12-16 02:09:53,606] {logging_mixin.py:115} INFO - [2022-12-16 02:09:53,606] {dagbag.py:507} INFO - Filling up the DagBag from /home/airflow/.local/lib/python3.7/site-packages/airflow/example_dags/example_xcomargs.py
[2022-12-16 02:09:53,622] {processor.py:651} INFO - DAG(s) dict_keys(['example_xcom_args', 'example_xcom_args_with_operators']) retrieved from /home/airflow/.local/lib/python3.7/site-packages/airflow/example_dags/example_xcomargs.py
[2022-12-16 02:09:53,684] {logging_mixin.py:115} INFO - [2022-12-16 02:09:53,684] {dag.py:2371} INFO - Sync 2 DAGs
[2022-12-16 02:09:53,867] {logging_mixin.py:115} INFO - [2022-12-16 02:09:53,867] {dag.py:2919} INFO - Setting next_dagrun for example_xcom_args to None, run_after=None
[2022-12-16 02:09:53,868] {logging_mixin.py:115} INFO - [2022-12-16 02:09:53,868] {dag.py:2919} INFO - Setting next_dagrun for example_xcom_args_with_operators to None, run_after=None
[2022-12-16 02:09:53,882] {processor.py:161} INFO - Processing /home/airflow/.local/lib/python3.7/site-packages/airflow/example_dags/example_xcomargs.py took 0.281 seconds
[2022-12-16 02:10:24,759] {processor.py:153} INFO - Started process (PID=1307) to work on /home/airflow/.local/lib/python3.7/site-packages/airflow/example_dags/example_xcomargs.py
[2022-12-16 02:10:24,760] {processor.py:641} INFO - Processing file /home/airflow/.local/lib/python3.7/site-packages/airflow/example_dags/example_xcomargs.py for tasks to queue
[2022-12-16 02:10:24,762] {logging_mixin.py:115} INFO - [2022-12-16 02:10:24,761] {dagbag.py:507} INFO - Filling up the DagBag from /home/airflow/.local/lib/python3.7/site-packages/airflow/example_dags/example_xcomargs.py
[2022-12-16 02:10:24,782] {processor.py:651} INFO - DAG(s) dict_keys(['example_xcom_args', 'example_xcom_args_with_operators']) retrieved from /home/airflow/.local/lib/python3.7/site-packages/airflow/example_dags/example_xcomargs.py
[2022-12-16 02:10:24,842] {logging_mixin.py:115} INFO - [2022-12-16 02:10:24,842] {dag.py:2371} INFO - Sync 2 DAGs
[2022-12-16 02:10:25,025] {logging_mixin.py:115} INFO - [2022-12-16 02:10:25,025] {dag.py:2919} INFO - Setting next_dagrun for example_xcom_args to None, run_after=None
[2022-12-16 02:10:25,026] {logging_mixin.py:115} INFO - [2022-12-16 02:10:25,026] {dag.py:2919} INFO - Setting next_dagrun for example_xcom_args_with_operators to None, run_after=None
[2022-12-16 02:10:25,041] {processor.py:161} INFO - Processing /home/airflow/.local/lib/python3.7/site-packages/airflow/example_dags/example_xcomargs.py took 0.288 seconds
[2022-12-16 02:10:55,365] {processor.py:153} INFO - Started process (PID=1360) to work on /home/airflow/.local/lib/python3.7/site-packages/airflow/example_dags/example_xcomargs.py
[2022-12-16 02:10:55,366] {processor.py:641} INFO - Processing file /home/airflow/.local/lib/python3.7/site-packages/airflow/example_dags/example_xcomargs.py for tasks to queue
[2022-12-16 02:10:55,367] {logging_mixin.py:115} INFO - [2022-12-16 02:10:55,367] {dagbag.py:507} INFO - Filling up the DagBag from /home/airflow/.local/lib/python3.7/site-packages/airflow/example_dags/example_xcomargs.py
[2022-12-16 02:10:55,391] {processor.py:651} INFO - DAG(s) dict_keys(['example_xcom_args', 'example_xcom_args_with_operators']) retrieved from /home/airflow/.local/lib/python3.7/site-packages/airflow/example_dags/example_xcomargs.py
[2022-12-16 02:10:55,457] {logging_mixin.py:115} INFO - [2022-12-16 02:10:55,457] {dag.py:2371} INFO - Sync 2 DAGs
[2022-12-16 02:10:55,617] {logging_mixin.py:115} INFO - [2022-12-16 02:10:55,616] {dag.py:2919} INFO - Setting next_dagrun for example_xcom_args to None, run_after=None
[2022-12-16 02:10:55,617] {logging_mixin.py:115} INFO - [2022-12-16 02:10:55,617] {dag.py:2919} INFO - Setting next_dagrun for example_xcom_args_with_operators to None, run_after=None
[2022-12-16 02:10:55,629] {processor.py:161} INFO - Processing /home/airflow/.local/lib/python3.7/site-packages/airflow/example_dags/example_xcomargs.py took 0.268 seconds
[2022-12-16 02:11:25,777] {processor.py:153} INFO - Started process (PID=1422) to work on /home/airflow/.local/lib/python3.7/site-packages/airflow/example_dags/example_xcomargs.py
[2022-12-16 02:11:25,778] {processor.py:641} INFO - Processing file /home/airflow/.local/lib/python3.7/site-packages/airflow/example_dags/example_xcomargs.py for tasks to queue
[2022-12-16 02:11:25,779] {logging_mixin.py:115} INFO - [2022-12-16 02:11:25,779] {dagbag.py:507} INFO - Filling up the DagBag from /home/airflow/.local/lib/python3.7/site-packages/airflow/example_dags/example_xcomargs.py
[2022-12-16 02:11:25,803] {processor.py:651} INFO - DAG(s) dict_keys(['example_xcom_args', 'example_xcom_args_with_operators']) retrieved from /home/airflow/.local/lib/python3.7/site-packages/airflow/example_dags/example_xcomargs.py
[2022-12-16 02:11:25,836] {logging_mixin.py:115} INFO - [2022-12-16 02:11:25,836] {dag.py:2371} INFO - Sync 2 DAGs
[2022-12-16 02:11:25,859] {logging_mixin.py:115} INFO - [2022-12-16 02:11:25,859] {dag.py:2919} INFO - Setting next_dagrun for example_xcom_args to None, run_after=None
[2022-12-16 02:11:25,860] {logging_mixin.py:115} INFO - [2022-12-16 02:11:25,860] {dag.py:2919} INFO - Setting next_dagrun for example_xcom_args_with_operators to None, run_after=None
[2022-12-16 02:11:25,873] {processor.py:161} INFO - Processing /home/airflow/.local/lib/python3.7/site-packages/airflow/example_dags/example_xcomargs.py took 0.101 seconds
[2022-12-16 02:11:55,913] {processor.py:153} INFO - Started process (PID=1484) to work on /home/airflow/.local/lib/python3.7/site-packages/airflow/example_dags/example_xcomargs.py
[2022-12-16 02:11:55,913] {processor.py:641} INFO - Processing file /home/airflow/.local/lib/python3.7/site-packages/airflow/example_dags/example_xcomargs.py for tasks to queue
[2022-12-16 02:11:55,916] {logging_mixin.py:115} INFO - [2022-12-16 02:11:55,915] {dagbag.py:507} INFO - Filling up the DagBag from /home/airflow/.local/lib/python3.7/site-packages/airflow/example_dags/example_xcomargs.py
[2022-12-16 02:11:55,937] {processor.py:651} INFO - DAG(s) dict_keys(['example_xcom_args', 'example_xcom_args_with_operators']) retrieved from /home/airflow/.local/lib/python3.7/site-packages/airflow/example_dags/example_xcomargs.py
[2022-12-16 02:11:55,970] {logging_mixin.py:115} INFO - [2022-12-16 02:11:55,970] {dag.py:2371} INFO - Sync 2 DAGs
[2022-12-16 02:11:55,995] {logging_mixin.py:115} INFO - [2022-12-16 02:11:55,995] {dag.py:2919} INFO - Setting next_dagrun for example_xcom_args to None, run_after=None
[2022-12-16 02:11:55,995] {logging_mixin.py:115} INFO - [2022-12-16 02:11:55,995] {dag.py:2919} INFO - Setting next_dagrun for example_xcom_args_with_operators to None, run_after=None
[2022-12-16 02:11:56,010] {processor.py:161} INFO - Processing /home/airflow/.local/lib/python3.7/site-packages/airflow/example_dags/example_xcomargs.py took 0.101 seconds
[2022-12-16 02:12:26,089] {processor.py:153} INFO - Started process (PID=1538) to work on /home/airflow/.local/lib/python3.7/site-packages/airflow/example_dags/example_xcomargs.py
[2022-12-16 02:12:26,090] {processor.py:641} INFO - Processing file /home/airflow/.local/lib/python3.7/site-packages/airflow/example_dags/example_xcomargs.py for tasks to queue
[2022-12-16 02:12:26,090] {logging_mixin.py:115} INFO - [2022-12-16 02:12:26,090] {dagbag.py:507} INFO - Filling up the DagBag from /home/airflow/.local/lib/python3.7/site-packages/airflow/example_dags/example_xcomargs.py
[2022-12-16 02:12:26,114] {processor.py:651} INFO - DAG(s) dict_keys(['example_xcom_args', 'example_xcom_args_with_operators']) retrieved from /home/airflow/.local/lib/python3.7/site-packages/airflow/example_dags/example_xcomargs.py
[2022-12-16 02:12:26,189] {logging_mixin.py:115} INFO - [2022-12-16 02:12:26,189] {dag.py:2371} INFO - Sync 2 DAGs
[2022-12-16 02:12:26,364] {logging_mixin.py:115} INFO - [2022-12-16 02:12:26,364] {dag.py:2919} INFO - Setting next_dagrun for example_xcom_args to None, run_after=None
[2022-12-16 02:12:26,364] {logging_mixin.py:115} INFO - [2022-12-16 02:12:26,364] {dag.py:2919} INFO - Setting next_dagrun for example_xcom_args_with_operators to None, run_after=None
[2022-12-16 02:12:26,380] {processor.py:161} INFO - Processing /home/airflow/.local/lib/python3.7/site-packages/airflow/example_dags/example_xcomargs.py took 0.296 seconds
[2022-12-16 02:12:56,477] {processor.py:153} INFO - Started process (PID=1599) to work on /home/airflow/.local/lib/python3.7/site-packages/airflow/example_dags/example_xcomargs.py
[2022-12-16 02:12:56,478] {processor.py:641} INFO - Processing file /home/airflow/.local/lib/python3.7/site-packages/airflow/example_dags/example_xcomargs.py for tasks to queue
[2022-12-16 02:12:56,479] {logging_mixin.py:115} INFO - [2022-12-16 02:12:56,479] {dagbag.py:507} INFO - Filling up the DagBag from /home/airflow/.local/lib/python3.7/site-packages/airflow/example_dags/example_xcomargs.py
[2022-12-16 02:12:56,521] {processor.py:651} INFO - DAG(s) dict_keys(['example_xcom_args', 'example_xcom_args_with_operators']) retrieved from /home/airflow/.local/lib/python3.7/site-packages/airflow/example_dags/example_xcomargs.py
[2022-12-16 02:12:56,654] {logging_mixin.py:115} INFO - [2022-12-16 02:12:56,653] {dag.py:2371} INFO - Sync 2 DAGs
[2022-12-16 02:12:56,857] {logging_mixin.py:115} INFO - [2022-12-16 02:12:56,857] {dag.py:2919} INFO - Setting next_dagrun for example_xcom_args to None, run_after=None
[2022-12-16 02:12:56,858] {logging_mixin.py:115} INFO - [2022-12-16 02:12:56,858] {dag.py:2919} INFO - Setting next_dagrun for example_xcom_args_with_operators to None, run_after=None
[2022-12-16 02:12:56,875] {processor.py:161} INFO - Processing /home/airflow/.local/lib/python3.7/site-packages/airflow/example_dags/example_xcomargs.py took 0.418 seconds
