[2022-12-16 01:50:32,110] {processor.py:153} INFO - Started process (PID=81) to work on /home/airflow/.local/lib/python3.7/site-packages/airflow/example_dags/example_python_operator.py
[2022-12-16 01:50:32,114] {processor.py:641} INFO - Processing file /home/airflow/.local/lib/python3.7/site-packages/airflow/example_dags/example_python_operator.py for tasks to queue
[2022-12-16 01:50:32,118] {logging_mixin.py:115} INFO - [2022-12-16 01:50:32,118] {dagbag.py:507} INFO - Filling up the DagBag from /home/airflow/.local/lib/python3.7/site-packages/airflow/example_dags/example_python_operator.py
[2022-12-16 01:50:32,148] {processor.py:651} INFO - DAG(s) dict_keys(['example_python_operator']) retrieved from /home/airflow/.local/lib/python3.7/site-packages/airflow/example_dags/example_python_operator.py
[2022-12-16 01:50:32,377] {logging_mixin.py:115} INFO - [2022-12-16 01:50:32,377] {manager.py:508} INFO - Created Permission View: can edit on DAG:example_python_operator
[2022-12-16 01:50:32,386] {logging_mixin.py:115} INFO - [2022-12-16 01:50:32,386] {manager.py:508} INFO - Created Permission View: can delete on DAG:example_python_operator
[2022-12-16 01:50:32,393] {logging_mixin.py:115} INFO - [2022-12-16 01:50:32,392] {manager.py:508} INFO - Created Permission View: can read on DAG:example_python_operator
[2022-12-16 01:50:32,393] {logging_mixin.py:115} INFO - [2022-12-16 01:50:32,393] {dag.py:2371} INFO - Sync 1 DAGs
[2022-12-16 01:50:32,399] {logging_mixin.py:115} INFO - [2022-12-16 01:50:32,399] {dag.py:2390} INFO - Creating ORM DAG for example_python_operator
[2022-12-16 01:50:32,408] {logging_mixin.py:115} INFO - [2022-12-16 01:50:32,408] {dag.py:2919} INFO - Setting next_dagrun for example_python_operator to None, run_after=None
[2022-12-16 01:50:32,422] {processor.py:161} INFO - Processing /home/airflow/.local/lib/python3.7/site-packages/airflow/example_dags/example_python_operator.py took 0.326 seconds
[2022-12-16 01:51:02,785] {processor.py:153} INFO - Started process (PID=134) to work on /home/airflow/.local/lib/python3.7/site-packages/airflow/example_dags/example_python_operator.py
[2022-12-16 01:51:02,786] {processor.py:641} INFO - Processing file /home/airflow/.local/lib/python3.7/site-packages/airflow/example_dags/example_python_operator.py for tasks to queue
[2022-12-16 01:51:02,786] {logging_mixin.py:115} INFO - [2022-12-16 01:51:02,786] {dagbag.py:507} INFO - Filling up the DagBag from /home/airflow/.local/lib/python3.7/site-packages/airflow/example_dags/example_python_operator.py
[2022-12-16 01:51:02,803] {processor.py:651} INFO - DAG(s) dict_keys(['example_python_operator']) retrieved from /home/airflow/.local/lib/python3.7/site-packages/airflow/example_dags/example_python_operator.py
[2022-12-16 01:51:02,836] {logging_mixin.py:115} INFO - [2022-12-16 01:51:02,836] {dag.py:2371} INFO - Sync 1 DAGs
[2022-12-16 01:51:02,982] {logging_mixin.py:115} INFO - [2022-12-16 01:51:02,982] {dag.py:2919} INFO - Setting next_dagrun for example_python_operator to None, run_after=None
[2022-12-16 01:51:02,992] {processor.py:161} INFO - Processing /home/airflow/.local/lib/python3.7/site-packages/airflow/example_dags/example_python_operator.py took 0.210 seconds
[2022-12-16 01:51:34,037] {processor.py:153} INFO - Started process (PID=196) to work on /home/airflow/.local/lib/python3.7/site-packages/airflow/example_dags/example_python_operator.py
[2022-12-16 01:51:34,039] {processor.py:641} INFO - Processing file /home/airflow/.local/lib/python3.7/site-packages/airflow/example_dags/example_python_operator.py for tasks to queue
[2022-12-16 01:51:34,040] {logging_mixin.py:115} INFO - [2022-12-16 01:51:34,040] {dagbag.py:507} INFO - Filling up the DagBag from /home/airflow/.local/lib/python3.7/site-packages/airflow/example_dags/example_python_operator.py
[2022-12-16 01:51:34,074] {processor.py:651} INFO - DAG(s) dict_keys(['example_python_operator']) retrieved from /home/airflow/.local/lib/python3.7/site-packages/airflow/example_dags/example_python_operator.py
[2022-12-16 01:51:34,164] {logging_mixin.py:115} INFO - [2022-12-16 01:51:34,164] {dag.py:2371} INFO - Sync 1 DAGs
[2022-12-16 01:51:34,478] {logging_mixin.py:115} INFO - [2022-12-16 01:51:34,478] {dag.py:2919} INFO - Setting next_dagrun for example_python_operator to None, run_after=None
[2022-12-16 01:51:34,494] {processor.py:161} INFO - Processing /home/airflow/.local/lib/python3.7/site-packages/airflow/example_dags/example_python_operator.py took 0.462 seconds
[2022-12-16 01:52:04,757] {processor.py:153} INFO - Started process (PID=258) to work on /home/airflow/.local/lib/python3.7/site-packages/airflow/example_dags/example_python_operator.py
[2022-12-16 01:52:04,757] {processor.py:641} INFO - Processing file /home/airflow/.local/lib/python3.7/site-packages/airflow/example_dags/example_python_operator.py for tasks to queue
[2022-12-16 01:52:04,758] {logging_mixin.py:115} INFO - [2022-12-16 01:52:04,758] {dagbag.py:507} INFO - Filling up the DagBag from /home/airflow/.local/lib/python3.7/site-packages/airflow/example_dags/example_python_operator.py
[2022-12-16 01:52:04,781] {processor.py:651} INFO - DAG(s) dict_keys(['example_python_operator']) retrieved from /home/airflow/.local/lib/python3.7/site-packages/airflow/example_dags/example_python_operator.py
[2022-12-16 01:52:04,811] {logging_mixin.py:115} INFO - [2022-12-16 01:52:04,810] {dag.py:2371} INFO - Sync 1 DAGs
[2022-12-16 01:52:04,972] {logging_mixin.py:115} INFO - [2022-12-16 01:52:04,972] {dag.py:2919} INFO - Setting next_dagrun for example_python_operator to None, run_after=None
[2022-12-16 01:52:04,991] {processor.py:161} INFO - Processing /home/airflow/.local/lib/python3.7/site-packages/airflow/example_dags/example_python_operator.py took 0.239 seconds
[2022-12-16 01:52:35,572] {processor.py:153} INFO - Started process (PID=310) to work on /home/airflow/.local/lib/python3.7/site-packages/airflow/example_dags/example_python_operator.py
[2022-12-16 01:52:35,573] {processor.py:641} INFO - Processing file /home/airflow/.local/lib/python3.7/site-packages/airflow/example_dags/example_python_operator.py for tasks to queue
[2022-12-16 01:52:35,573] {logging_mixin.py:115} INFO - [2022-12-16 01:52:35,573] {dagbag.py:507} INFO - Filling up the DagBag from /home/airflow/.local/lib/python3.7/site-packages/airflow/example_dags/example_python_operator.py
[2022-12-16 01:52:35,591] {processor.py:651} INFO - DAG(s) dict_keys(['example_python_operator']) retrieved from /home/airflow/.local/lib/python3.7/site-packages/airflow/example_dags/example_python_operator.py
[2022-12-16 01:52:35,620] {logging_mixin.py:115} INFO - [2022-12-16 01:52:35,620] {dag.py:2371} INFO - Sync 1 DAGs
[2022-12-16 01:52:35,765] {logging_mixin.py:115} INFO - [2022-12-16 01:52:35,765] {dag.py:2919} INFO - Setting next_dagrun for example_python_operator to None, run_after=None
[2022-12-16 01:52:35,775] {processor.py:161} INFO - Processing /home/airflow/.local/lib/python3.7/site-packages/airflow/example_dags/example_python_operator.py took 0.207 seconds
[2022-12-16 01:53:06,112] {processor.py:153} INFO - Started process (PID=370) to work on /home/airflow/.local/lib/python3.7/site-packages/airflow/example_dags/example_python_operator.py
[2022-12-16 01:53:06,114] {processor.py:641} INFO - Processing file /home/airflow/.local/lib/python3.7/site-packages/airflow/example_dags/example_python_operator.py for tasks to queue
[2022-12-16 01:53:06,115] {logging_mixin.py:115} INFO - [2022-12-16 01:53:06,114] {dagbag.py:507} INFO - Filling up the DagBag from /home/airflow/.local/lib/python3.7/site-packages/airflow/example_dags/example_python_operator.py
[2022-12-16 01:53:06,135] {processor.py:651} INFO - DAG(s) dict_keys(['example_python_operator']) retrieved from /home/airflow/.local/lib/python3.7/site-packages/airflow/example_dags/example_python_operator.py
[2022-12-16 01:53:06,167] {logging_mixin.py:115} INFO - [2022-12-16 01:53:06,167] {dag.py:2371} INFO - Sync 1 DAGs
[2022-12-16 01:53:06,355] {logging_mixin.py:115} INFO - [2022-12-16 01:53:06,355] {dag.py:2919} INFO - Setting next_dagrun for example_python_operator to None, run_after=None
[2022-12-16 01:53:06,371] {processor.py:161} INFO - Processing /home/airflow/.local/lib/python3.7/site-packages/airflow/example_dags/example_python_operator.py took 0.263 seconds
[2022-12-16 01:53:36,734] {processor.py:153} INFO - Started process (PID=431) to work on /home/airflow/.local/lib/python3.7/site-packages/airflow/example_dags/example_python_operator.py
[2022-12-16 01:53:36,735] {processor.py:641} INFO - Processing file /home/airflow/.local/lib/python3.7/site-packages/airflow/example_dags/example_python_operator.py for tasks to queue
[2022-12-16 01:53:36,737] {logging_mixin.py:115} INFO - [2022-12-16 01:53:36,737] {dagbag.py:507} INFO - Filling up the DagBag from /home/airflow/.local/lib/python3.7/site-packages/airflow/example_dags/example_python_operator.py
[2022-12-16 01:53:36,763] {processor.py:651} INFO - DAG(s) dict_keys(['example_python_operator']) retrieved from /home/airflow/.local/lib/python3.7/site-packages/airflow/example_dags/example_python_operator.py
[2022-12-16 01:53:36,799] {logging_mixin.py:115} INFO - [2022-12-16 01:53:36,799] {dag.py:2371} INFO - Sync 1 DAGs
[2022-12-16 01:53:37,015] {logging_mixin.py:115} INFO - [2022-12-16 01:53:37,014] {dag.py:2919} INFO - Setting next_dagrun for example_python_operator to None, run_after=None
[2022-12-16 01:53:37,030] {processor.py:161} INFO - Processing /home/airflow/.local/lib/python3.7/site-packages/airflow/example_dags/example_python_operator.py took 0.302 seconds
[2022-12-16 01:54:07,844] {processor.py:153} INFO - Started process (PID=483) to work on /home/airflow/.local/lib/python3.7/site-packages/airflow/example_dags/example_python_operator.py
[2022-12-16 01:54:07,846] {processor.py:641} INFO - Processing file /home/airflow/.local/lib/python3.7/site-packages/airflow/example_dags/example_python_operator.py for tasks to queue
[2022-12-16 01:54:07,849] {logging_mixin.py:115} INFO - [2022-12-16 01:54:07,849] {dagbag.py:507} INFO - Filling up the DagBag from /home/airflow/.local/lib/python3.7/site-packages/airflow/example_dags/example_python_operator.py
[2022-12-16 01:54:07,869] {processor.py:651} INFO - DAG(s) dict_keys(['example_python_operator']) retrieved from /home/airflow/.local/lib/python3.7/site-packages/airflow/example_dags/example_python_operator.py
[2022-12-16 01:54:07,908] {logging_mixin.py:115} INFO - [2022-12-16 01:54:07,908] {dag.py:2371} INFO - Sync 1 DAGs
[2022-12-16 01:54:08,111] {logging_mixin.py:115} INFO - [2022-12-16 01:54:08,111] {dag.py:2919} INFO - Setting next_dagrun for example_python_operator to None, run_after=None
[2022-12-16 01:54:08,124] {processor.py:161} INFO - Processing /home/airflow/.local/lib/python3.7/site-packages/airflow/example_dags/example_python_operator.py took 0.286 seconds
[2022-12-16 01:54:38,474] {processor.py:153} INFO - Started process (PID=544) to work on /home/airflow/.local/lib/python3.7/site-packages/airflow/example_dags/example_python_operator.py
[2022-12-16 01:54:38,475] {processor.py:641} INFO - Processing file /home/airflow/.local/lib/python3.7/site-packages/airflow/example_dags/example_python_operator.py for tasks to queue
[2022-12-16 01:54:38,475] {logging_mixin.py:115} INFO - [2022-12-16 01:54:38,475] {dagbag.py:507} INFO - Filling up the DagBag from /home/airflow/.local/lib/python3.7/site-packages/airflow/example_dags/example_python_operator.py
[2022-12-16 01:54:38,493] {processor.py:651} INFO - DAG(s) dict_keys(['example_python_operator']) retrieved from /home/airflow/.local/lib/python3.7/site-packages/airflow/example_dags/example_python_operator.py
[2022-12-16 01:54:38,519] {logging_mixin.py:115} INFO - [2022-12-16 01:54:38,519] {dag.py:2371} INFO - Sync 1 DAGs
[2022-12-16 01:54:38,670] {logging_mixin.py:115} INFO - [2022-12-16 01:54:38,670] {dag.py:2919} INFO - Setting next_dagrun for example_python_operator to None, run_after=None
[2022-12-16 01:54:38,681] {processor.py:161} INFO - Processing /home/airflow/.local/lib/python3.7/site-packages/airflow/example_dags/example_python_operator.py took 0.211 seconds
[2022-12-16 01:55:09,394] {processor.py:153} INFO - Started process (PID=606) to work on /home/airflow/.local/lib/python3.7/site-packages/airflow/example_dags/example_python_operator.py
[2022-12-16 01:55:09,394] {processor.py:641} INFO - Processing file /home/airflow/.local/lib/python3.7/site-packages/airflow/example_dags/example_python_operator.py for tasks to queue
[2022-12-16 01:55:09,395] {logging_mixin.py:115} INFO - [2022-12-16 01:55:09,395] {dagbag.py:507} INFO - Filling up the DagBag from /home/airflow/.local/lib/python3.7/site-packages/airflow/example_dags/example_python_operator.py
[2022-12-16 01:55:09,412] {processor.py:651} INFO - DAG(s) dict_keys(['example_python_operator']) retrieved from /home/airflow/.local/lib/python3.7/site-packages/airflow/example_dags/example_python_operator.py
[2022-12-16 01:55:09,447] {logging_mixin.py:115} INFO - [2022-12-16 01:55:09,447] {dag.py:2371} INFO - Sync 1 DAGs
[2022-12-16 01:55:09,621] {logging_mixin.py:115} INFO - [2022-12-16 01:55:09,621] {dag.py:2919} INFO - Setting next_dagrun for example_python_operator to None, run_after=None
[2022-12-16 01:55:09,633] {processor.py:161} INFO - Processing /home/airflow/.local/lib/python3.7/site-packages/airflow/example_dags/example_python_operator.py took 0.243 seconds
[2022-12-16 01:55:39,784] {processor.py:153} INFO - Started process (PID=658) to work on /home/airflow/.local/lib/python3.7/site-packages/airflow/example_dags/example_python_operator.py
[2022-12-16 01:55:39,785] {processor.py:641} INFO - Processing file /home/airflow/.local/lib/python3.7/site-packages/airflow/example_dags/example_python_operator.py for tasks to queue
[2022-12-16 01:55:39,786] {logging_mixin.py:115} INFO - [2022-12-16 01:55:39,786] {dagbag.py:507} INFO - Filling up the DagBag from /home/airflow/.local/lib/python3.7/site-packages/airflow/example_dags/example_python_operator.py
[2022-12-16 01:55:39,806] {processor.py:651} INFO - DAG(s) dict_keys(['example_python_operator']) retrieved from /home/airflow/.local/lib/python3.7/site-packages/airflow/example_dags/example_python_operator.py
[2022-12-16 01:55:39,981] {logging_mixin.py:115} INFO - [2022-12-16 01:55:39,981] {dag.py:2371} INFO - Sync 1 DAGs
[2022-12-16 01:55:40,003] {logging_mixin.py:115} INFO - [2022-12-16 01:55:40,002] {dag.py:2919} INFO - Setting next_dagrun for example_python_operator to None, run_after=None
[2022-12-16 01:55:40,017] {processor.py:161} INFO - Processing /home/airflow/.local/lib/python3.7/site-packages/airflow/example_dags/example_python_operator.py took 0.236 seconds
[2022-12-16 01:56:10,503] {processor.py:153} INFO - Started process (PID=719) to work on /home/airflow/.local/lib/python3.7/site-packages/airflow/example_dags/example_python_operator.py
[2022-12-16 01:56:10,504] {processor.py:641} INFO - Processing file /home/airflow/.local/lib/python3.7/site-packages/airflow/example_dags/example_python_operator.py for tasks to queue
[2022-12-16 01:56:10,505] {logging_mixin.py:115} INFO - [2022-12-16 01:56:10,504] {dagbag.py:507} INFO - Filling up the DagBag from /home/airflow/.local/lib/python3.7/site-packages/airflow/example_dags/example_python_operator.py
[2022-12-16 01:56:10,528] {processor.py:651} INFO - DAG(s) dict_keys(['example_python_operator']) retrieved from /home/airflow/.local/lib/python3.7/site-packages/airflow/example_dags/example_python_operator.py
[2022-12-16 01:56:10,693] {logging_mixin.py:115} INFO - [2022-12-16 01:56:10,693] {dag.py:2371} INFO - Sync 1 DAGs
[2022-12-16 01:56:10,711] {logging_mixin.py:115} INFO - [2022-12-16 01:56:10,711] {dag.py:2919} INFO - Setting next_dagrun for example_python_operator to None, run_after=None
[2022-12-16 01:56:10,726] {processor.py:161} INFO - Processing /home/airflow/.local/lib/python3.7/site-packages/airflow/example_dags/example_python_operator.py took 0.226 seconds
[2022-12-16 01:56:41,305] {processor.py:153} INFO - Started process (PID=781) to work on /home/airflow/.local/lib/python3.7/site-packages/airflow/example_dags/example_python_operator.py
[2022-12-16 01:56:41,306] {processor.py:641} INFO - Processing file /home/airflow/.local/lib/python3.7/site-packages/airflow/example_dags/example_python_operator.py for tasks to queue
[2022-12-16 01:56:41,306] {logging_mixin.py:115} INFO - [2022-12-16 01:56:41,306] {dagbag.py:507} INFO - Filling up the DagBag from /home/airflow/.local/lib/python3.7/site-packages/airflow/example_dags/example_python_operator.py
[2022-12-16 01:56:41,333] {processor.py:651} INFO - DAG(s) dict_keys(['example_python_operator']) retrieved from /home/airflow/.local/lib/python3.7/site-packages/airflow/example_dags/example_python_operator.py
[2022-12-16 01:56:41,554] {logging_mixin.py:115} INFO - [2022-12-16 01:56:41,554] {dag.py:2371} INFO - Sync 1 DAGs
[2022-12-16 01:56:41,575] {logging_mixin.py:115} INFO - [2022-12-16 01:56:41,575] {dag.py:2919} INFO - Setting next_dagrun for example_python_operator to None, run_after=None
[2022-12-16 01:56:41,591] {processor.py:161} INFO - Processing /home/airflow/.local/lib/python3.7/site-packages/airflow/example_dags/example_python_operator.py took 0.293 seconds
[2022-12-16 01:57:11,735] {processor.py:153} INFO - Started process (PID=844) to work on /home/airflow/.local/lib/python3.7/site-packages/airflow/example_dags/example_python_operator.py
[2022-12-16 01:57:11,736] {processor.py:641} INFO - Processing file /home/airflow/.local/lib/python3.7/site-packages/airflow/example_dags/example_python_operator.py for tasks to queue
[2022-12-16 01:57:11,737] {logging_mixin.py:115} INFO - [2022-12-16 01:57:11,736] {dagbag.py:507} INFO - Filling up the DagBag from /home/airflow/.local/lib/python3.7/site-packages/airflow/example_dags/example_python_operator.py
[2022-12-16 01:57:11,760] {processor.py:651} INFO - DAG(s) dict_keys(['example_python_operator']) retrieved from /home/airflow/.local/lib/python3.7/site-packages/airflow/example_dags/example_python_operator.py
[2022-12-16 01:57:11,979] {logging_mixin.py:115} INFO - [2022-12-16 01:57:11,978] {dag.py:2371} INFO - Sync 1 DAGs
[2022-12-16 01:57:12,001] {logging_mixin.py:115} INFO - [2022-12-16 01:57:12,001] {dag.py:2919} INFO - Setting next_dagrun for example_python_operator to None, run_after=None
[2022-12-16 01:57:12,014] {processor.py:161} INFO - Processing /home/airflow/.local/lib/python3.7/site-packages/airflow/example_dags/example_python_operator.py took 0.283 seconds
[2022-12-16 01:57:42,835] {processor.py:153} INFO - Started process (PID=897) to work on /home/airflow/.local/lib/python3.7/site-packages/airflow/example_dags/example_python_operator.py
[2022-12-16 01:57:42,836] {processor.py:641} INFO - Processing file /home/airflow/.local/lib/python3.7/site-packages/airflow/example_dags/example_python_operator.py for tasks to queue
[2022-12-16 01:57:42,837] {logging_mixin.py:115} INFO - [2022-12-16 01:57:42,837] {dagbag.py:507} INFO - Filling up the DagBag from /home/airflow/.local/lib/python3.7/site-packages/airflow/example_dags/example_python_operator.py
[2022-12-16 01:57:42,859] {processor.py:651} INFO - DAG(s) dict_keys(['example_python_operator']) retrieved from /home/airflow/.local/lib/python3.7/site-packages/airflow/example_dags/example_python_operator.py
[2022-12-16 01:57:43,037] {logging_mixin.py:115} INFO - [2022-12-16 01:57:43,037] {dag.py:2371} INFO - Sync 1 DAGs
[2022-12-16 01:57:43,059] {logging_mixin.py:115} INFO - [2022-12-16 01:57:43,059] {dag.py:2919} INFO - Setting next_dagrun for example_python_operator to None, run_after=None
[2022-12-16 01:57:43,072] {processor.py:161} INFO - Processing /home/airflow/.local/lib/python3.7/site-packages/airflow/example_dags/example_python_operator.py took 0.243 seconds
[2022-12-16 01:59:00,009] {processor.py:153} INFO - Started process (PID=73) to work on /home/airflow/.local/lib/python3.7/site-packages/airflow/example_dags/example_python_operator.py
[2022-12-16 01:59:00,011] {processor.py:641} INFO - Processing file /home/airflow/.local/lib/python3.7/site-packages/airflow/example_dags/example_python_operator.py for tasks to queue
[2022-12-16 01:59:00,012] {logging_mixin.py:115} INFO - [2022-12-16 01:59:00,012] {dagbag.py:507} INFO - Filling up the DagBag from /home/airflow/.local/lib/python3.7/site-packages/airflow/example_dags/example_python_operator.py
[2022-12-16 01:59:00,036] {processor.py:651} INFO - DAG(s) dict_keys(['example_python_operator']) retrieved from /home/airflow/.local/lib/python3.7/site-packages/airflow/example_dags/example_python_operator.py
[2022-12-16 01:59:00,063] {logging_mixin.py:115} INFO - [2022-12-16 01:59:00,063] {dag.py:2371} INFO - Sync 1 DAGs
[2022-12-16 01:59:00,089] {logging_mixin.py:115} INFO - [2022-12-16 01:59:00,089] {dag.py:2919} INFO - Setting next_dagrun for example_python_operator to None, run_after=None
[2022-12-16 01:59:00,103] {processor.py:161} INFO - Processing /home/airflow/.local/lib/python3.7/site-packages/airflow/example_dags/example_python_operator.py took 0.099 seconds
[2022-12-16 01:59:46,332] {processor.py:153} INFO - Started process (PID=73) to work on /home/airflow/.local/lib/python3.7/site-packages/airflow/example_dags/example_python_operator.py
[2022-12-16 01:59:46,333] {processor.py:641} INFO - Processing file /home/airflow/.local/lib/python3.7/site-packages/airflow/example_dags/example_python_operator.py for tasks to queue
[2022-12-16 01:59:46,345] {logging_mixin.py:115} INFO - [2022-12-16 01:59:46,345] {dagbag.py:507} INFO - Filling up the DagBag from /home/airflow/.local/lib/python3.7/site-packages/airflow/example_dags/example_python_operator.py
[2022-12-16 01:59:46,472] {processor.py:651} INFO - DAG(s) dict_keys(['example_python_operator']) retrieved from /home/airflow/.local/lib/python3.7/site-packages/airflow/example_dags/example_python_operator.py
[2022-12-16 01:59:46,600] {logging_mixin.py:115} INFO - [2022-12-16 01:59:46,600] {dag.py:2371} INFO - Sync 1 DAGs
[2022-12-16 01:59:46,669] {logging_mixin.py:115} INFO - [2022-12-16 01:59:46,669] {dag.py:2919} INFO - Setting next_dagrun for example_python_operator to None, run_after=None
[2022-12-16 01:59:46,769] {processor.py:161} INFO - Processing /home/airflow/.local/lib/python3.7/site-packages/airflow/example_dags/example_python_operator.py took 0.460 seconds
[2022-12-16 02:00:17,426] {processor.py:153} INFO - Started process (PID=125) to work on /home/airflow/.local/lib/python3.7/site-packages/airflow/example_dags/example_python_operator.py
[2022-12-16 02:00:17,427] {processor.py:641} INFO - Processing file /home/airflow/.local/lib/python3.7/site-packages/airflow/example_dags/example_python_operator.py for tasks to queue
[2022-12-16 02:00:17,429] {logging_mixin.py:115} INFO - [2022-12-16 02:00:17,429] {dagbag.py:507} INFO - Filling up the DagBag from /home/airflow/.local/lib/python3.7/site-packages/airflow/example_dags/example_python_operator.py
[2022-12-16 02:00:17,457] {processor.py:651} INFO - DAG(s) dict_keys(['example_python_operator']) retrieved from /home/airflow/.local/lib/python3.7/site-packages/airflow/example_dags/example_python_operator.py
[2022-12-16 02:00:17,494] {logging_mixin.py:115} INFO - [2022-12-16 02:00:17,494] {dag.py:2371} INFO - Sync 1 DAGs
[2022-12-16 02:00:17,519] {logging_mixin.py:115} INFO - [2022-12-16 02:00:17,519] {dag.py:2919} INFO - Setting next_dagrun for example_python_operator to None, run_after=None
[2022-12-16 02:00:17,534] {processor.py:161} INFO - Processing /home/airflow/.local/lib/python3.7/site-packages/airflow/example_dags/example_python_operator.py took 0.114 seconds
[2022-12-16 02:00:47,613] {processor.py:153} INFO - Started process (PID=188) to work on /home/airflow/.local/lib/python3.7/site-packages/airflow/example_dags/example_python_operator.py
[2022-12-16 02:00:47,614] {processor.py:641} INFO - Processing file /home/airflow/.local/lib/python3.7/site-packages/airflow/example_dags/example_python_operator.py for tasks to queue
[2022-12-16 02:00:47,616] {logging_mixin.py:115} INFO - [2022-12-16 02:00:47,615] {dagbag.py:507} INFO - Filling up the DagBag from /home/airflow/.local/lib/python3.7/site-packages/airflow/example_dags/example_python_operator.py
[2022-12-16 02:00:47,637] {processor.py:651} INFO - DAG(s) dict_keys(['example_python_operator']) retrieved from /home/airflow/.local/lib/python3.7/site-packages/airflow/example_dags/example_python_operator.py
[2022-12-16 02:00:47,666] {logging_mixin.py:115} INFO - [2022-12-16 02:00:47,666] {dag.py:2371} INFO - Sync 1 DAGs
[2022-12-16 02:00:47,689] {logging_mixin.py:115} INFO - [2022-12-16 02:00:47,689] {dag.py:2919} INFO - Setting next_dagrun for example_python_operator to None, run_after=None
[2022-12-16 02:00:47,708] {processor.py:161} INFO - Processing /home/airflow/.local/lib/python3.7/site-packages/airflow/example_dags/example_python_operator.py took 0.099 seconds
[2022-12-16 02:01:18,313] {processor.py:153} INFO - Started process (PID=250) to work on /home/airflow/.local/lib/python3.7/site-packages/airflow/example_dags/example_python_operator.py
[2022-12-16 02:01:18,313] {processor.py:641} INFO - Processing file /home/airflow/.local/lib/python3.7/site-packages/airflow/example_dags/example_python_operator.py for tasks to queue
[2022-12-16 02:01:18,314] {logging_mixin.py:115} INFO - [2022-12-16 02:01:18,314] {dagbag.py:507} INFO - Filling up the DagBag from /home/airflow/.local/lib/python3.7/site-packages/airflow/example_dags/example_python_operator.py
[2022-12-16 02:01:18,333] {processor.py:651} INFO - DAG(s) dict_keys(['example_python_operator']) retrieved from /home/airflow/.local/lib/python3.7/site-packages/airflow/example_dags/example_python_operator.py
[2022-12-16 02:01:18,358] {logging_mixin.py:115} INFO - [2022-12-16 02:01:18,358] {dag.py:2371} INFO - Sync 1 DAGs
[2022-12-16 02:01:18,379] {logging_mixin.py:115} INFO - [2022-12-16 02:01:18,378] {dag.py:2919} INFO - Setting next_dagrun for example_python_operator to None, run_after=None
[2022-12-16 02:01:18,392] {processor.py:161} INFO - Processing /home/airflow/.local/lib/python3.7/site-packages/airflow/example_dags/example_python_operator.py took 0.086 seconds
[2022-12-16 02:01:48,871] {processor.py:153} INFO - Started process (PID=303) to work on /home/airflow/.local/lib/python3.7/site-packages/airflow/example_dags/example_python_operator.py
[2022-12-16 02:01:48,872] {processor.py:641} INFO - Processing file /home/airflow/.local/lib/python3.7/site-packages/airflow/example_dags/example_python_operator.py for tasks to queue
[2022-12-16 02:01:48,873] {logging_mixin.py:115} INFO - [2022-12-16 02:01:48,873] {dagbag.py:507} INFO - Filling up the DagBag from /home/airflow/.local/lib/python3.7/site-packages/airflow/example_dags/example_python_operator.py
[2022-12-16 02:01:48,893] {processor.py:651} INFO - DAG(s) dict_keys(['example_python_operator']) retrieved from /home/airflow/.local/lib/python3.7/site-packages/airflow/example_dags/example_python_operator.py
[2022-12-16 02:01:48,920] {logging_mixin.py:115} INFO - [2022-12-16 02:01:48,920] {dag.py:2371} INFO - Sync 1 DAGs
[2022-12-16 02:01:48,946] {logging_mixin.py:115} INFO - [2022-12-16 02:01:48,946] {dag.py:2919} INFO - Setting next_dagrun for example_python_operator to None, run_after=None
[2022-12-16 02:01:48,962] {processor.py:161} INFO - Processing /home/airflow/.local/lib/python3.7/site-packages/airflow/example_dags/example_python_operator.py took 0.094 seconds
[2022-12-16 02:02:19,279] {processor.py:153} INFO - Started process (PID=365) to work on /home/airflow/.local/lib/python3.7/site-packages/airflow/example_dags/example_python_operator.py
[2022-12-16 02:02:19,281] {processor.py:641} INFO - Processing file /home/airflow/.local/lib/python3.7/site-packages/airflow/example_dags/example_python_operator.py for tasks to queue
[2022-12-16 02:02:19,283] {logging_mixin.py:115} INFO - [2022-12-16 02:02:19,283] {dagbag.py:507} INFO - Filling up the DagBag from /home/airflow/.local/lib/python3.7/site-packages/airflow/example_dags/example_python_operator.py
[2022-12-16 02:02:19,307] {processor.py:651} INFO - DAG(s) dict_keys(['example_python_operator']) retrieved from /home/airflow/.local/lib/python3.7/site-packages/airflow/example_dags/example_python_operator.py
[2022-12-16 02:02:19,336] {logging_mixin.py:115} INFO - [2022-12-16 02:02:19,336] {dag.py:2371} INFO - Sync 1 DAGs
[2022-12-16 02:02:19,361] {logging_mixin.py:115} INFO - [2022-12-16 02:02:19,361] {dag.py:2919} INFO - Setting next_dagrun for example_python_operator to None, run_after=None
[2022-12-16 02:02:19,374] {processor.py:161} INFO - Processing /home/airflow/.local/lib/python3.7/site-packages/airflow/example_dags/example_python_operator.py took 0.102 seconds
[2022-12-16 02:02:49,876] {processor.py:153} INFO - Started process (PID=428) to work on /home/airflow/.local/lib/python3.7/site-packages/airflow/example_dags/example_python_operator.py
[2022-12-16 02:02:49,877] {processor.py:641} INFO - Processing file /home/airflow/.local/lib/python3.7/site-packages/airflow/example_dags/example_python_operator.py for tasks to queue
[2022-12-16 02:02:49,878] {logging_mixin.py:115} INFO - [2022-12-16 02:02:49,878] {dagbag.py:507} INFO - Filling up the DagBag from /home/airflow/.local/lib/python3.7/site-packages/airflow/example_dags/example_python_operator.py
[2022-12-16 02:02:49,900] {processor.py:651} INFO - DAG(s) dict_keys(['example_python_operator']) retrieved from /home/airflow/.local/lib/python3.7/site-packages/airflow/example_dags/example_python_operator.py
[2022-12-16 02:02:49,939] {logging_mixin.py:115} INFO - [2022-12-16 02:02:49,939] {dag.py:2371} INFO - Sync 1 DAGs
[2022-12-16 02:02:49,969] {logging_mixin.py:115} INFO - [2022-12-16 02:02:49,969] {dag.py:2919} INFO - Setting next_dagrun for example_python_operator to None, run_after=None
[2022-12-16 02:02:49,991] {processor.py:161} INFO - Processing /home/airflow/.local/lib/python3.7/site-packages/airflow/example_dags/example_python_operator.py took 0.121 seconds
[2022-12-16 02:03:20,306] {processor.py:153} INFO - Started process (PID=490) to work on /home/airflow/.local/lib/python3.7/site-packages/airflow/example_dags/example_python_operator.py
[2022-12-16 02:03:20,307] {processor.py:641} INFO - Processing file /home/airflow/.local/lib/python3.7/site-packages/airflow/example_dags/example_python_operator.py for tasks to queue
[2022-12-16 02:03:20,308] {logging_mixin.py:115} INFO - [2022-12-16 02:03:20,308] {dagbag.py:507} INFO - Filling up the DagBag from /home/airflow/.local/lib/python3.7/site-packages/airflow/example_dags/example_python_operator.py
[2022-12-16 02:03:20,329] {processor.py:651} INFO - DAG(s) dict_keys(['example_python_operator']) retrieved from /home/airflow/.local/lib/python3.7/site-packages/airflow/example_dags/example_python_operator.py
[2022-12-16 02:03:20,364] {logging_mixin.py:115} INFO - [2022-12-16 02:03:20,364] {dag.py:2371} INFO - Sync 1 DAGs
[2022-12-16 02:03:20,392] {logging_mixin.py:115} INFO - [2022-12-16 02:03:20,392] {dag.py:2919} INFO - Setting next_dagrun for example_python_operator to None, run_after=None
[2022-12-16 02:03:20,410] {processor.py:161} INFO - Processing /home/airflow/.local/lib/python3.7/site-packages/airflow/example_dags/example_python_operator.py took 0.108 seconds
[2022-12-16 02:03:50,844] {processor.py:153} INFO - Started process (PID=543) to work on /home/airflow/.local/lib/python3.7/site-packages/airflow/example_dags/example_python_operator.py
[2022-12-16 02:03:50,844] {processor.py:641} INFO - Processing file /home/airflow/.local/lib/python3.7/site-packages/airflow/example_dags/example_python_operator.py for tasks to queue
[2022-12-16 02:03:50,847] {logging_mixin.py:115} INFO - [2022-12-16 02:03:50,847] {dagbag.py:507} INFO - Filling up the DagBag from /home/airflow/.local/lib/python3.7/site-packages/airflow/example_dags/example_python_operator.py
[2022-12-16 02:03:50,867] {processor.py:651} INFO - DAG(s) dict_keys(['example_python_operator']) retrieved from /home/airflow/.local/lib/python3.7/site-packages/airflow/example_dags/example_python_operator.py
[2022-12-16 02:03:50,902] {logging_mixin.py:115} INFO - [2022-12-16 02:03:50,902] {dag.py:2371} INFO - Sync 1 DAGs
[2022-12-16 02:03:50,935] {logging_mixin.py:115} INFO - [2022-12-16 02:03:50,935] {dag.py:2919} INFO - Setting next_dagrun for example_python_operator to None, run_after=None
[2022-12-16 02:03:50,952] {processor.py:161} INFO - Processing /home/airflow/.local/lib/python3.7/site-packages/airflow/example_dags/example_python_operator.py took 0.112 seconds
[2022-12-16 02:04:21,224] {processor.py:153} INFO - Started process (PID=604) to work on /home/airflow/.local/lib/python3.7/site-packages/airflow/example_dags/example_python_operator.py
[2022-12-16 02:04:21,225] {processor.py:641} INFO - Processing file /home/airflow/.local/lib/python3.7/site-packages/airflow/example_dags/example_python_operator.py for tasks to queue
[2022-12-16 02:04:21,226] {logging_mixin.py:115} INFO - [2022-12-16 02:04:21,225] {dagbag.py:507} INFO - Filling up the DagBag from /home/airflow/.local/lib/python3.7/site-packages/airflow/example_dags/example_python_operator.py
[2022-12-16 02:04:21,245] {processor.py:651} INFO - DAG(s) dict_keys(['example_python_operator']) retrieved from /home/airflow/.local/lib/python3.7/site-packages/airflow/example_dags/example_python_operator.py
[2022-12-16 02:04:21,286] {logging_mixin.py:115} INFO - [2022-12-16 02:04:21,286] {dag.py:2371} INFO - Sync 1 DAGs
[2022-12-16 02:04:21,315] {logging_mixin.py:115} INFO - [2022-12-16 02:04:21,315] {dag.py:2919} INFO - Setting next_dagrun for example_python_operator to None, run_after=None
[2022-12-16 02:04:21,336] {processor.py:161} INFO - Processing /home/airflow/.local/lib/python3.7/site-packages/airflow/example_dags/example_python_operator.py took 0.116 seconds
[2022-12-16 02:04:51,911] {processor.py:153} INFO - Started process (PID=667) to work on /home/airflow/.local/lib/python3.7/site-packages/airflow/example_dags/example_python_operator.py
[2022-12-16 02:04:51,912] {processor.py:641} INFO - Processing file /home/airflow/.local/lib/python3.7/site-packages/airflow/example_dags/example_python_operator.py for tasks to queue
[2022-12-16 02:04:51,913] {logging_mixin.py:115} INFO - [2022-12-16 02:04:51,913] {dagbag.py:507} INFO - Filling up the DagBag from /home/airflow/.local/lib/python3.7/site-packages/airflow/example_dags/example_python_operator.py
[2022-12-16 02:04:51,933] {processor.py:651} INFO - DAG(s) dict_keys(['example_python_operator']) retrieved from /home/airflow/.local/lib/python3.7/site-packages/airflow/example_dags/example_python_operator.py
[2022-12-16 02:04:51,965] {logging_mixin.py:115} INFO - [2022-12-16 02:04:51,965] {dag.py:2371} INFO - Sync 1 DAGs
[2022-12-16 02:04:51,991] {logging_mixin.py:115} INFO - [2022-12-16 02:04:51,991] {dag.py:2919} INFO - Setting next_dagrun for example_python_operator to None, run_after=None
[2022-12-16 02:04:52,006] {processor.py:161} INFO - Processing /home/airflow/.local/lib/python3.7/site-packages/airflow/example_dags/example_python_operator.py took 0.100 seconds
[2022-12-16 02:05:22,179] {processor.py:153} INFO - Started process (PID=730) to work on /home/airflow/.local/lib/python3.7/site-packages/airflow/example_dags/example_python_operator.py
[2022-12-16 02:05:22,181] {processor.py:641} INFO - Processing file /home/airflow/.local/lib/python3.7/site-packages/airflow/example_dags/example_python_operator.py for tasks to queue
[2022-12-16 02:05:22,182] {logging_mixin.py:115} INFO - [2022-12-16 02:05:22,181] {dagbag.py:507} INFO - Filling up the DagBag from /home/airflow/.local/lib/python3.7/site-packages/airflow/example_dags/example_python_operator.py
[2022-12-16 02:05:22,209] {processor.py:651} INFO - DAG(s) dict_keys(['example_python_operator']) retrieved from /home/airflow/.local/lib/python3.7/site-packages/airflow/example_dags/example_python_operator.py
[2022-12-16 02:05:22,251] {logging_mixin.py:115} INFO - [2022-12-16 02:05:22,251] {dag.py:2371} INFO - Sync 1 DAGs
[2022-12-16 02:05:22,286] {logging_mixin.py:115} INFO - [2022-12-16 02:05:22,286] {dag.py:2919} INFO - Setting next_dagrun for example_python_operator to None, run_after=None
[2022-12-16 02:05:22,307] {processor.py:161} INFO - Processing /home/airflow/.local/lib/python3.7/site-packages/airflow/example_dags/example_python_operator.py took 0.133 seconds
[2022-12-16 02:05:52,475] {processor.py:153} INFO - Started process (PID=783) to work on /home/airflow/.local/lib/python3.7/site-packages/airflow/example_dags/example_python_operator.py
[2022-12-16 02:05:52,475] {processor.py:641} INFO - Processing file /home/airflow/.local/lib/python3.7/site-packages/airflow/example_dags/example_python_operator.py for tasks to queue
[2022-12-16 02:05:52,476] {logging_mixin.py:115} INFO - [2022-12-16 02:05:52,476] {dagbag.py:507} INFO - Filling up the DagBag from /home/airflow/.local/lib/python3.7/site-packages/airflow/example_dags/example_python_operator.py
[2022-12-16 02:05:52,495] {processor.py:651} INFO - DAG(s) dict_keys(['example_python_operator']) retrieved from /home/airflow/.local/lib/python3.7/site-packages/airflow/example_dags/example_python_operator.py
[2022-12-16 02:05:52,542] {logging_mixin.py:115} INFO - [2022-12-16 02:05:52,542] {dag.py:2371} INFO - Sync 1 DAGs
[2022-12-16 02:05:52,585] {logging_mixin.py:115} INFO - [2022-12-16 02:05:52,584] {dag.py:2919} INFO - Setting next_dagrun for example_python_operator to None, run_after=None
[2022-12-16 02:05:52,608] {processor.py:161} INFO - Processing /home/airflow/.local/lib/python3.7/site-packages/airflow/example_dags/example_python_operator.py took 0.138 seconds
[2022-12-16 02:06:22,984] {processor.py:153} INFO - Started process (PID=846) to work on /home/airflow/.local/lib/python3.7/site-packages/airflow/example_dags/example_python_operator.py
[2022-12-16 02:06:22,985] {processor.py:641} INFO - Processing file /home/airflow/.local/lib/python3.7/site-packages/airflow/example_dags/example_python_operator.py for tasks to queue
[2022-12-16 02:06:22,985] {logging_mixin.py:115} INFO - [2022-12-16 02:06:22,985] {dagbag.py:507} INFO - Filling up the DagBag from /home/airflow/.local/lib/python3.7/site-packages/airflow/example_dags/example_python_operator.py
[2022-12-16 02:06:23,003] {processor.py:651} INFO - DAG(s) dict_keys(['example_python_operator']) retrieved from /home/airflow/.local/lib/python3.7/site-packages/airflow/example_dags/example_python_operator.py
[2022-12-16 02:06:23,037] {logging_mixin.py:115} INFO - [2022-12-16 02:06:23,037] {dag.py:2371} INFO - Sync 1 DAGs
[2022-12-16 02:06:23,062] {logging_mixin.py:115} INFO - [2022-12-16 02:06:23,062] {dag.py:2919} INFO - Setting next_dagrun for example_python_operator to None, run_after=None
[2022-12-16 02:06:23,076] {processor.py:161} INFO - Processing /home/airflow/.local/lib/python3.7/site-packages/airflow/example_dags/example_python_operator.py took 0.096 seconds
[2022-12-16 02:06:53,412] {processor.py:153} INFO - Started process (PID=909) to work on /home/airflow/.local/lib/python3.7/site-packages/airflow/example_dags/example_python_operator.py
[2022-12-16 02:06:53,414] {processor.py:641} INFO - Processing file /home/airflow/.local/lib/python3.7/site-packages/airflow/example_dags/example_python_operator.py for tasks to queue
[2022-12-16 02:06:53,415] {logging_mixin.py:115} INFO - [2022-12-16 02:06:53,415] {dagbag.py:507} INFO - Filling up the DagBag from /home/airflow/.local/lib/python3.7/site-packages/airflow/example_dags/example_python_operator.py
[2022-12-16 02:06:53,435] {processor.py:651} INFO - DAG(s) dict_keys(['example_python_operator']) retrieved from /home/airflow/.local/lib/python3.7/site-packages/airflow/example_dags/example_python_operator.py
[2022-12-16 02:06:53,464] {logging_mixin.py:115} INFO - [2022-12-16 02:06:53,464] {dag.py:2371} INFO - Sync 1 DAGs
[2022-12-16 02:06:53,486] {logging_mixin.py:115} INFO - [2022-12-16 02:06:53,486] {dag.py:2919} INFO - Setting next_dagrun for example_python_operator to None, run_after=None
[2022-12-16 02:06:53,501] {processor.py:161} INFO - Processing /home/airflow/.local/lib/python3.7/site-packages/airflow/example_dags/example_python_operator.py took 0.094 seconds
[2022-12-16 02:07:23,767] {processor.py:153} INFO - Started process (PID=963) to work on /home/airflow/.local/lib/python3.7/site-packages/airflow/example_dags/example_python_operator.py
[2022-12-16 02:07:23,768] {processor.py:641} INFO - Processing file /home/airflow/.local/lib/python3.7/site-packages/airflow/example_dags/example_python_operator.py for tasks to queue
[2022-12-16 02:07:23,769] {logging_mixin.py:115} INFO - [2022-12-16 02:07:23,769] {dagbag.py:507} INFO - Filling up the DagBag from /home/airflow/.local/lib/python3.7/site-packages/airflow/example_dags/example_python_operator.py
[2022-12-16 02:07:23,793] {processor.py:651} INFO - DAG(s) dict_keys(['example_python_operator']) retrieved from /home/airflow/.local/lib/python3.7/site-packages/airflow/example_dags/example_python_operator.py
[2022-12-16 02:07:23,835] {logging_mixin.py:115} INFO - [2022-12-16 02:07:23,835] {dag.py:2371} INFO - Sync 1 DAGs
[2022-12-16 02:07:23,857] {logging_mixin.py:115} INFO - [2022-12-16 02:07:23,856] {dag.py:2919} INFO - Setting next_dagrun for example_python_operator to None, run_after=None
[2022-12-16 02:07:23,869] {processor.py:161} INFO - Processing /home/airflow/.local/lib/python3.7/site-packages/airflow/example_dags/example_python_operator.py took 0.105 seconds
[2022-12-16 02:07:54,137] {processor.py:153} INFO - Started process (PID=1026) to work on /home/airflow/.local/lib/python3.7/site-packages/airflow/example_dags/example_python_operator.py
[2022-12-16 02:07:54,137] {processor.py:641} INFO - Processing file /home/airflow/.local/lib/python3.7/site-packages/airflow/example_dags/example_python_operator.py for tasks to queue
[2022-12-16 02:07:54,138] {logging_mixin.py:115} INFO - [2022-12-16 02:07:54,138] {dagbag.py:507} INFO - Filling up the DagBag from /home/airflow/.local/lib/python3.7/site-packages/airflow/example_dags/example_python_operator.py
[2022-12-16 02:07:54,154] {processor.py:651} INFO - DAG(s) dict_keys(['example_python_operator']) retrieved from /home/airflow/.local/lib/python3.7/site-packages/airflow/example_dags/example_python_operator.py
[2022-12-16 02:07:54,181] {logging_mixin.py:115} INFO - [2022-12-16 02:07:54,181] {dag.py:2371} INFO - Sync 1 DAGs
[2022-12-16 02:07:54,204] {logging_mixin.py:115} INFO - [2022-12-16 02:07:54,204] {dag.py:2919} INFO - Setting next_dagrun for example_python_operator to None, run_after=None
[2022-12-16 02:07:54,216] {processor.py:161} INFO - Processing /home/airflow/.local/lib/python3.7/site-packages/airflow/example_dags/example_python_operator.py took 0.082 seconds
[2022-12-16 02:08:24,753] {processor.py:153} INFO - Started process (PID=1088) to work on /home/airflow/.local/lib/python3.7/site-packages/airflow/example_dags/example_python_operator.py
[2022-12-16 02:08:24,753] {processor.py:641} INFO - Processing file /home/airflow/.local/lib/python3.7/site-packages/airflow/example_dags/example_python_operator.py for tasks to queue
[2022-12-16 02:08:24,755] {logging_mixin.py:115} INFO - [2022-12-16 02:08:24,755] {dagbag.py:507} INFO - Filling up the DagBag from /home/airflow/.local/lib/python3.7/site-packages/airflow/example_dags/example_python_operator.py
[2022-12-16 02:08:24,781] {processor.py:651} INFO - DAG(s) dict_keys(['example_python_operator']) retrieved from /home/airflow/.local/lib/python3.7/site-packages/airflow/example_dags/example_python_operator.py
[2022-12-16 02:08:24,818] {logging_mixin.py:115} INFO - [2022-12-16 02:08:24,818] {dag.py:2371} INFO - Sync 1 DAGs
[2022-12-16 02:08:24,850] {logging_mixin.py:115} INFO - [2022-12-16 02:08:24,850] {dag.py:2919} INFO - Setting next_dagrun for example_python_operator to None, run_after=None
[2022-12-16 02:08:24,869] {processor.py:161} INFO - Processing /home/airflow/.local/lib/python3.7/site-packages/airflow/example_dags/example_python_operator.py took 0.121 seconds
[2022-12-16 02:08:55,605] {processor.py:153} INFO - Started process (PID=1150) to work on /home/airflow/.local/lib/python3.7/site-packages/airflow/example_dags/example_python_operator.py
[2022-12-16 02:08:55,606] {processor.py:641} INFO - Processing file /home/airflow/.local/lib/python3.7/site-packages/airflow/example_dags/example_python_operator.py for tasks to queue
[2022-12-16 02:08:55,608] {logging_mixin.py:115} INFO - [2022-12-16 02:08:55,608] {dagbag.py:507} INFO - Filling up the DagBag from /home/airflow/.local/lib/python3.7/site-packages/airflow/example_dags/example_python_operator.py
[2022-12-16 02:08:55,630] {processor.py:651} INFO - DAG(s) dict_keys(['example_python_operator']) retrieved from /home/airflow/.local/lib/python3.7/site-packages/airflow/example_dags/example_python_operator.py
[2022-12-16 02:08:55,663] {logging_mixin.py:115} INFO - [2022-12-16 02:08:55,663] {dag.py:2371} INFO - Sync 1 DAGs
[2022-12-16 02:08:55,698] {logging_mixin.py:115} INFO - [2022-12-16 02:08:55,698] {dag.py:2919} INFO - Setting next_dagrun for example_python_operator to None, run_after=None
[2022-12-16 02:08:55,721] {processor.py:161} INFO - Processing /home/airflow/.local/lib/python3.7/site-packages/airflow/example_dags/example_python_operator.py took 0.120 seconds
[2022-12-16 02:09:26,577] {processor.py:153} INFO - Started process (PID=1204) to work on /home/airflow/.local/lib/python3.7/site-packages/airflow/example_dags/example_python_operator.py
[2022-12-16 02:09:26,578] {processor.py:641} INFO - Processing file /home/airflow/.local/lib/python3.7/site-packages/airflow/example_dags/example_python_operator.py for tasks to queue
[2022-12-16 02:09:26,579] {logging_mixin.py:115} INFO - [2022-12-16 02:09:26,579] {dagbag.py:507} INFO - Filling up the DagBag from /home/airflow/.local/lib/python3.7/site-packages/airflow/example_dags/example_python_operator.py
[2022-12-16 02:09:26,600] {processor.py:651} INFO - DAG(s) dict_keys(['example_python_operator']) retrieved from /home/airflow/.local/lib/python3.7/site-packages/airflow/example_dags/example_python_operator.py
[2022-12-16 02:09:26,632] {logging_mixin.py:115} INFO - [2022-12-16 02:09:26,632] {dag.py:2371} INFO - Sync 1 DAGs
[2022-12-16 02:09:26,654] {logging_mixin.py:115} INFO - [2022-12-16 02:09:26,654] {dag.py:2919} INFO - Setting next_dagrun for example_python_operator to None, run_after=None
[2022-12-16 02:09:26,671] {processor.py:161} INFO - Processing /home/airflow/.local/lib/python3.7/site-packages/airflow/example_dags/example_python_operator.py took 0.098 seconds
[2022-12-16 02:09:56,970] {processor.py:153} INFO - Started process (PID=1266) to work on /home/airflow/.local/lib/python3.7/site-packages/airflow/example_dags/example_python_operator.py
[2022-12-16 02:09:56,971] {processor.py:641} INFO - Processing file /home/airflow/.local/lib/python3.7/site-packages/airflow/example_dags/example_python_operator.py for tasks to queue
[2022-12-16 02:09:56,971] {logging_mixin.py:115} INFO - [2022-12-16 02:09:56,971] {dagbag.py:507} INFO - Filling up the DagBag from /home/airflow/.local/lib/python3.7/site-packages/airflow/example_dags/example_python_operator.py
[2022-12-16 02:09:56,987] {processor.py:651} INFO - DAG(s) dict_keys(['example_python_operator']) retrieved from /home/airflow/.local/lib/python3.7/site-packages/airflow/example_dags/example_python_operator.py
[2022-12-16 02:09:57,013] {logging_mixin.py:115} INFO - [2022-12-16 02:09:57,013] {dag.py:2371} INFO - Sync 1 DAGs
[2022-12-16 02:09:57,034] {logging_mixin.py:115} INFO - [2022-12-16 02:09:57,034] {dag.py:2919} INFO - Setting next_dagrun for example_python_operator to None, run_after=None
[2022-12-16 02:09:57,047] {processor.py:161} INFO - Processing /home/airflow/.local/lib/python3.7/site-packages/airflow/example_dags/example_python_operator.py took 0.081 seconds
[2022-12-16 02:10:27,496] {processor.py:153} INFO - Started process (PID=1328) to work on /home/airflow/.local/lib/python3.7/site-packages/airflow/example_dags/example_python_operator.py
[2022-12-16 02:10:27,496] {processor.py:641} INFO - Processing file /home/airflow/.local/lib/python3.7/site-packages/airflow/example_dags/example_python_operator.py for tasks to queue
[2022-12-16 02:10:27,497] {logging_mixin.py:115} INFO - [2022-12-16 02:10:27,497] {dagbag.py:507} INFO - Filling up the DagBag from /home/airflow/.local/lib/python3.7/site-packages/airflow/example_dags/example_python_operator.py
[2022-12-16 02:10:27,513] {processor.py:651} INFO - DAG(s) dict_keys(['example_python_operator']) retrieved from /home/airflow/.local/lib/python3.7/site-packages/airflow/example_dags/example_python_operator.py
[2022-12-16 02:10:27,542] {logging_mixin.py:115} INFO - [2022-12-16 02:10:27,541] {dag.py:2371} INFO - Sync 1 DAGs
[2022-12-16 02:10:27,564] {logging_mixin.py:115} INFO - [2022-12-16 02:10:27,564] {dag.py:2919} INFO - Setting next_dagrun for example_python_operator to None, run_after=None
[2022-12-16 02:10:27,577] {processor.py:161} INFO - Processing /home/airflow/.local/lib/python3.7/site-packages/airflow/example_dags/example_python_operator.py took 0.085 seconds
[2022-12-16 02:10:57,762] {processor.py:153} INFO - Started process (PID=1381) to work on /home/airflow/.local/lib/python3.7/site-packages/airflow/example_dags/example_python_operator.py
[2022-12-16 02:10:57,763] {processor.py:641} INFO - Processing file /home/airflow/.local/lib/python3.7/site-packages/airflow/example_dags/example_python_operator.py for tasks to queue
[2022-12-16 02:10:57,765] {logging_mixin.py:115} INFO - [2022-12-16 02:10:57,765] {dagbag.py:507} INFO - Filling up the DagBag from /home/airflow/.local/lib/python3.7/site-packages/airflow/example_dags/example_python_operator.py
[2022-12-16 02:10:57,782] {processor.py:651} INFO - DAG(s) dict_keys(['example_python_operator']) retrieved from /home/airflow/.local/lib/python3.7/site-packages/airflow/example_dags/example_python_operator.py
[2022-12-16 02:10:57,809] {logging_mixin.py:115} INFO - [2022-12-16 02:10:57,809] {dag.py:2371} INFO - Sync 1 DAGs
[2022-12-16 02:10:57,835] {logging_mixin.py:115} INFO - [2022-12-16 02:10:57,835] {dag.py:2919} INFO - Setting next_dagrun for example_python_operator to None, run_after=None
[2022-12-16 02:10:57,849] {processor.py:161} INFO - Processing /home/airflow/.local/lib/python3.7/site-packages/airflow/example_dags/example_python_operator.py took 0.091 seconds
[2022-12-16 02:11:28,094] {processor.py:153} INFO - Started process (PID=1443) to work on /home/airflow/.local/lib/python3.7/site-packages/airflow/example_dags/example_python_operator.py
[2022-12-16 02:11:28,095] {processor.py:641} INFO - Processing file /home/airflow/.local/lib/python3.7/site-packages/airflow/example_dags/example_python_operator.py for tasks to queue
[2022-12-16 02:11:28,095] {logging_mixin.py:115} INFO - [2022-12-16 02:11:28,095] {dagbag.py:507} INFO - Filling up the DagBag from /home/airflow/.local/lib/python3.7/site-packages/airflow/example_dags/example_python_operator.py
[2022-12-16 02:11:28,112] {processor.py:651} INFO - DAG(s) dict_keys(['example_python_operator']) retrieved from /home/airflow/.local/lib/python3.7/site-packages/airflow/example_dags/example_python_operator.py
[2022-12-16 02:11:28,141] {logging_mixin.py:115} INFO - [2022-12-16 02:11:28,141] {dag.py:2371} INFO - Sync 1 DAGs
[2022-12-16 02:11:28,165] {logging_mixin.py:115} INFO - [2022-12-16 02:11:28,165] {dag.py:2919} INFO - Setting next_dagrun for example_python_operator to None, run_after=None
[2022-12-16 02:11:28,178] {processor.py:161} INFO - Processing /home/airflow/.local/lib/python3.7/site-packages/airflow/example_dags/example_python_operator.py took 0.088 seconds
[2022-12-16 02:11:58,292] {processor.py:153} INFO - Started process (PID=1505) to work on /home/airflow/.local/lib/python3.7/site-packages/airflow/example_dags/example_python_operator.py
[2022-12-16 02:11:58,292] {processor.py:641} INFO - Processing file /home/airflow/.local/lib/python3.7/site-packages/airflow/example_dags/example_python_operator.py for tasks to queue
[2022-12-16 02:11:58,293] {logging_mixin.py:115} INFO - [2022-12-16 02:11:58,293] {dagbag.py:507} INFO - Filling up the DagBag from /home/airflow/.local/lib/python3.7/site-packages/airflow/example_dags/example_python_operator.py
[2022-12-16 02:11:58,309] {processor.py:651} INFO - DAG(s) dict_keys(['example_python_operator']) retrieved from /home/airflow/.local/lib/python3.7/site-packages/airflow/example_dags/example_python_operator.py
[2022-12-16 02:11:58,341] {logging_mixin.py:115} INFO - [2022-12-16 02:11:58,341] {dag.py:2371} INFO - Sync 1 DAGs
[2022-12-16 02:11:58,367] {logging_mixin.py:115} INFO - [2022-12-16 02:11:58,367] {dag.py:2919} INFO - Setting next_dagrun for example_python_operator to None, run_after=None
[2022-12-16 02:11:58,379] {processor.py:161} INFO - Processing /home/airflow/.local/lib/python3.7/site-packages/airflow/example_dags/example_python_operator.py took 0.091 seconds
[2022-12-16 02:12:28,449] {processor.py:153} INFO - Started process (PID=1568) to work on /home/airflow/.local/lib/python3.7/site-packages/airflow/example_dags/example_python_operator.py
[2022-12-16 02:12:28,450] {processor.py:641} INFO - Processing file /home/airflow/.local/lib/python3.7/site-packages/airflow/example_dags/example_python_operator.py for tasks to queue
[2022-12-16 02:12:28,451] {logging_mixin.py:115} INFO - [2022-12-16 02:12:28,451] {dagbag.py:507} INFO - Filling up the DagBag from /home/airflow/.local/lib/python3.7/site-packages/airflow/example_dags/example_python_operator.py
[2022-12-16 02:12:28,472] {processor.py:651} INFO - DAG(s) dict_keys(['example_python_operator']) retrieved from /home/airflow/.local/lib/python3.7/site-packages/airflow/example_dags/example_python_operator.py
[2022-12-16 02:12:28,501] {logging_mixin.py:115} INFO - [2022-12-16 02:12:28,501] {dag.py:2371} INFO - Sync 1 DAGs
[2022-12-16 02:12:28,521] {logging_mixin.py:115} INFO - [2022-12-16 02:12:28,521] {dag.py:2919} INFO - Setting next_dagrun for example_python_operator to None, run_after=None
[2022-12-16 02:12:28,536] {processor.py:161} INFO - Processing /home/airflow/.local/lib/python3.7/site-packages/airflow/example_dags/example_python_operator.py took 0.090 seconds
[2022-12-16 02:12:59,014] {processor.py:153} INFO - Started process (PID=1620) to work on /home/airflow/.local/lib/python3.7/site-packages/airflow/example_dags/example_python_operator.py
[2022-12-16 02:12:59,015] {processor.py:641} INFO - Processing file /home/airflow/.local/lib/python3.7/site-packages/airflow/example_dags/example_python_operator.py for tasks to queue
[2022-12-16 02:12:59,016] {logging_mixin.py:115} INFO - [2022-12-16 02:12:59,016] {dagbag.py:507} INFO - Filling up the DagBag from /home/airflow/.local/lib/python3.7/site-packages/airflow/example_dags/example_python_operator.py
[2022-12-16 02:12:59,034] {processor.py:651} INFO - DAG(s) dict_keys(['example_python_operator']) retrieved from /home/airflow/.local/lib/python3.7/site-packages/airflow/example_dags/example_python_operator.py
[2022-12-16 02:12:59,064] {logging_mixin.py:115} INFO - [2022-12-16 02:12:59,064] {dag.py:2371} INFO - Sync 1 DAGs
[2022-12-16 02:12:59,086] {logging_mixin.py:115} INFO - [2022-12-16 02:12:59,086] {dag.py:2919} INFO - Setting next_dagrun for example_python_operator to None, run_after=None
[2022-12-16 02:12:59,102] {processor.py:161} INFO - Processing /home/airflow/.local/lib/python3.7/site-packages/airflow/example_dags/example_python_operator.py took 0.094 seconds
