[2022-12-16 01:50:19,260] {processor.py:153} INFO - Started process (PID=42) to work on /home/airflow/.local/lib/python3.7/site-packages/airflow/example_dags/example_branch_datetime_operator.py
[2022-12-16 01:50:19,261] {processor.py:641} INFO - Processing file /home/airflow/.local/lib/python3.7/site-packages/airflow/example_dags/example_branch_datetime_operator.py for tasks to queue
[2022-12-16 01:50:19,262] {logging_mixin.py:115} INFO - [2022-12-16 01:50:19,262] {dagbag.py:507} INFO - Filling up the DagBag from /home/airflow/.local/lib/python3.7/site-packages/airflow/example_dags/example_branch_datetime_operator.py
[2022-12-16 01:50:19,309] {processor.py:651} INFO - DAG(s) dict_keys(['example_branch_datetime_operator_2']) retrieved from /home/airflow/.local/lib/python3.7/site-packages/airflow/example_dags/example_branch_datetime_operator.py
[2022-12-16 01:50:19,851] {logging_mixin.py:115} INFO - [2022-12-16 01:50:19,851] {manager.py:508} INFO - Created Permission View: can edit on DAG:example_branch_datetime_operator_2
[2022-12-16 01:50:19,877] {logging_mixin.py:115} INFO - [2022-12-16 01:50:19,877] {manager.py:508} INFO - Created Permission View: can delete on DAG:example_branch_datetime_operator_2
[2022-12-16 01:50:19,894] {logging_mixin.py:115} INFO - [2022-12-16 01:50:19,894] {manager.py:508} INFO - Created Permission View: can read on DAG:example_branch_datetime_operator_2
[2022-12-16 01:50:19,894] {logging_mixin.py:115} INFO - [2022-12-16 01:50:19,894] {dag.py:2371} INFO - Sync 1 DAGs
[2022-12-16 01:50:19,914] {logging_mixin.py:115} INFO - [2022-12-16 01:50:19,914] {dag.py:2390} INFO - Creating ORM DAG for example_branch_datetime_operator_2
[2022-12-16 01:50:19,928] {logging_mixin.py:115} INFO - [2022-12-16 01:50:19,928] {dag.py:2919} INFO - Setting next_dagrun for example_branch_datetime_operator_2 to 2022-12-15T00:00:00+00:00, run_after=2022-12-16T00:00:00+00:00
[2022-12-16 01:50:19,943] {processor.py:161} INFO - Processing /home/airflow/.local/lib/python3.7/site-packages/airflow/example_dags/example_branch_datetime_operator.py took 0.692 seconds
[2022-12-16 01:50:50,859] {processor.py:153} INFO - Started process (PID=95) to work on /home/airflow/.local/lib/python3.7/site-packages/airflow/example_dags/example_branch_datetime_operator.py
[2022-12-16 01:50:50,860] {processor.py:641} INFO - Processing file /home/airflow/.local/lib/python3.7/site-packages/airflow/example_dags/example_branch_datetime_operator.py for tasks to queue
[2022-12-16 01:50:50,861] {logging_mixin.py:115} INFO - [2022-12-16 01:50:50,860] {dagbag.py:507} INFO - Filling up the DagBag from /home/airflow/.local/lib/python3.7/site-packages/airflow/example_dags/example_branch_datetime_operator.py
[2022-12-16 01:50:50,873] {processor.py:651} INFO - DAG(s) dict_keys(['example_branch_datetime_operator_2']) retrieved from /home/airflow/.local/lib/python3.7/site-packages/airflow/example_dags/example_branch_datetime_operator.py
[2022-12-16 01:50:50,901] {logging_mixin.py:115} INFO - [2022-12-16 01:50:50,901] {dag.py:2371} INFO - Sync 1 DAGs
[2022-12-16 01:50:51,060] {logging_mixin.py:115} INFO - [2022-12-16 01:50:51,060] {dag.py:2919} INFO - Setting next_dagrun for example_branch_datetime_operator_2 to 2022-12-15T00:00:00+00:00, run_after=2022-12-16T00:00:00+00:00
[2022-12-16 01:50:51,074] {processor.py:161} INFO - Processing /home/airflow/.local/lib/python3.7/site-packages/airflow/example_dags/example_branch_datetime_operator.py took 0.218 seconds
[2022-12-16 01:51:21,178] {processor.py:153} INFO - Started process (PID=156) to work on /home/airflow/.local/lib/python3.7/site-packages/airflow/example_dags/example_branch_datetime_operator.py
[2022-12-16 01:51:21,179] {processor.py:641} INFO - Processing file /home/airflow/.local/lib/python3.7/site-packages/airflow/example_dags/example_branch_datetime_operator.py for tasks to queue
[2022-12-16 01:51:21,182] {logging_mixin.py:115} INFO - [2022-12-16 01:51:21,181] {dagbag.py:507} INFO - Filling up the DagBag from /home/airflow/.local/lib/python3.7/site-packages/airflow/example_dags/example_branch_datetime_operator.py
[2022-12-16 01:51:21,193] {processor.py:651} INFO - DAG(s) dict_keys(['example_branch_datetime_operator_2']) retrieved from /home/airflow/.local/lib/python3.7/site-packages/airflow/example_dags/example_branch_datetime_operator.py
[2022-12-16 01:51:21,219] {logging_mixin.py:115} INFO - [2022-12-16 01:51:21,219] {dag.py:2371} INFO - Sync 1 DAGs
[2022-12-16 01:51:21,381] {logging_mixin.py:115} INFO - [2022-12-16 01:51:21,380] {dag.py:2919} INFO - Setting next_dagrun for example_branch_datetime_operator_2 to 2022-12-15T00:00:00+00:00, run_after=2022-12-16T00:00:00+00:00
[2022-12-16 01:51:21,394] {processor.py:161} INFO - Processing /home/airflow/.local/lib/python3.7/site-packages/airflow/example_dags/example_branch_datetime_operator.py took 0.221 seconds
[2022-12-16 01:51:51,683] {processor.py:153} INFO - Started process (PID=218) to work on /home/airflow/.local/lib/python3.7/site-packages/airflow/example_dags/example_branch_datetime_operator.py
[2022-12-16 01:51:51,684] {processor.py:641} INFO - Processing file /home/airflow/.local/lib/python3.7/site-packages/airflow/example_dags/example_branch_datetime_operator.py for tasks to queue
[2022-12-16 01:51:51,685] {logging_mixin.py:115} INFO - [2022-12-16 01:51:51,685] {dagbag.py:507} INFO - Filling up the DagBag from /home/airflow/.local/lib/python3.7/site-packages/airflow/example_dags/example_branch_datetime_operator.py
[2022-12-16 01:51:51,702] {processor.py:651} INFO - DAG(s) dict_keys(['example_branch_datetime_operator_2']) retrieved from /home/airflow/.local/lib/python3.7/site-packages/airflow/example_dags/example_branch_datetime_operator.py
[2022-12-16 01:51:51,740] {logging_mixin.py:115} INFO - [2022-12-16 01:51:51,740] {dag.py:2371} INFO - Sync 1 DAGs
[2022-12-16 01:51:51,934] {logging_mixin.py:115} INFO - [2022-12-16 01:51:51,933] {dag.py:2919} INFO - Setting next_dagrun for example_branch_datetime_operator_2 to 2022-12-15T00:00:00+00:00, run_after=2022-12-16T00:00:00+00:00
[2022-12-16 01:51:51,984] {processor.py:161} INFO - Processing /home/airflow/.local/lib/python3.7/site-packages/airflow/example_dags/example_branch_datetime_operator.py took 0.304 seconds
[2022-12-16 01:52:22,181] {processor.py:153} INFO - Started process (PID=271) to work on /home/airflow/.local/lib/python3.7/site-packages/airflow/example_dags/example_branch_datetime_operator.py
[2022-12-16 01:52:22,193] {processor.py:641} INFO - Processing file /home/airflow/.local/lib/python3.7/site-packages/airflow/example_dags/example_branch_datetime_operator.py for tasks to queue
[2022-12-16 01:52:22,201] {logging_mixin.py:115} INFO - [2022-12-16 01:52:22,201] {dagbag.py:507} INFO - Filling up the DagBag from /home/airflow/.local/lib/python3.7/site-packages/airflow/example_dags/example_branch_datetime_operator.py
[2022-12-16 01:52:22,235] {processor.py:651} INFO - DAG(s) dict_keys(['example_branch_datetime_operator_2']) retrieved from /home/airflow/.local/lib/python3.7/site-packages/airflow/example_dags/example_branch_datetime_operator.py
[2022-12-16 01:52:22,693] {logging_mixin.py:115} INFO - [2022-12-16 01:52:22,692] {dag.py:2371} INFO - Sync 1 DAGs
[2022-12-16 01:52:22,709] {logging_mixin.py:115} INFO - [2022-12-16 01:52:22,709] {dag.py:2390} INFO - Creating ORM DAG for example_branch_datetime_operator_2
[2022-12-16 01:52:22,745] {logging_mixin.py:115} INFO - [2022-12-16 01:52:22,744] {dag.py:2919} INFO - Setting next_dagrun for example_branch_datetime_operator_2 to 2022-12-15T00:00:00+00:00, run_after=2022-12-16T00:00:00+00:00
[2022-12-16 01:52:22,786] {processor.py:161} INFO - Processing /home/airflow/.local/lib/python3.7/site-packages/airflow/example_dags/example_branch_datetime_operator.py took 0.609 seconds
[2022-12-16 01:52:52,958] {processor.py:153} INFO - Started process (PID=332) to work on /home/airflow/.local/lib/python3.7/site-packages/airflow/example_dags/example_branch_datetime_operator.py
[2022-12-16 01:52:52,958] {processor.py:641} INFO - Processing file /home/airflow/.local/lib/python3.7/site-packages/airflow/example_dags/example_branch_datetime_operator.py for tasks to queue
[2022-12-16 01:52:52,959] {logging_mixin.py:115} INFO - [2022-12-16 01:52:52,959] {dagbag.py:507} INFO - Filling up the DagBag from /home/airflow/.local/lib/python3.7/site-packages/airflow/example_dags/example_branch_datetime_operator.py
[2022-12-16 01:52:52,970] {processor.py:651} INFO - DAG(s) dict_keys(['example_branch_datetime_operator_2']) retrieved from /home/airflow/.local/lib/python3.7/site-packages/airflow/example_dags/example_branch_datetime_operator.py
[2022-12-16 01:52:53,169] {logging_mixin.py:115} INFO - [2022-12-16 01:52:53,169] {dag.py:2371} INFO - Sync 1 DAGs
[2022-12-16 01:52:53,176] {logging_mixin.py:115} INFO - [2022-12-16 01:52:53,176] {dag.py:2390} INFO - Creating ORM DAG for example_branch_datetime_operator_2
[2022-12-16 01:52:53,188] {logging_mixin.py:115} INFO - [2022-12-16 01:52:53,188] {dag.py:2919} INFO - Setting next_dagrun for example_branch_datetime_operator_2 to 2022-12-15T00:00:00+00:00, run_after=2022-12-16T00:00:00+00:00
[2022-12-16 01:52:53,204] {processor.py:161} INFO - Processing /home/airflow/.local/lib/python3.7/site-packages/airflow/example_dags/example_branch_datetime_operator.py took 0.251 seconds
[2022-12-16 01:53:23,597] {processor.py:153} INFO - Started process (PID=392) to work on /home/airflow/.local/lib/python3.7/site-packages/airflow/example_dags/example_branch_datetime_operator.py
[2022-12-16 01:53:23,598] {processor.py:641} INFO - Processing file /home/airflow/.local/lib/python3.7/site-packages/airflow/example_dags/example_branch_datetime_operator.py for tasks to queue
[2022-12-16 01:53:23,600] {logging_mixin.py:115} INFO - [2022-12-16 01:53:23,600] {dagbag.py:507} INFO - Filling up the DagBag from /home/airflow/.local/lib/python3.7/site-packages/airflow/example_dags/example_branch_datetime_operator.py
[2022-12-16 01:53:23,614] {processor.py:651} INFO - DAG(s) dict_keys(['example_branch_datetime_operator_2']) retrieved from /home/airflow/.local/lib/python3.7/site-packages/airflow/example_dags/example_branch_datetime_operator.py
[2022-12-16 01:53:23,649] {logging_mixin.py:115} INFO - [2022-12-16 01:53:23,649] {dag.py:2371} INFO - Sync 1 DAGs
[2022-12-16 01:53:23,934] {logging_mixin.py:115} INFO - [2022-12-16 01:53:23,934] {dag.py:2919} INFO - Setting next_dagrun for example_branch_datetime_operator_2 to 2022-12-15T00:00:00+00:00, run_after=2022-12-16T00:00:00+00:00
[2022-12-16 01:53:23,948] {processor.py:161} INFO - Processing /home/airflow/.local/lib/python3.7/site-packages/airflow/example_dags/example_branch_datetime_operator.py took 0.354 seconds
[2022-12-16 01:53:54,273] {processor.py:153} INFO - Started process (PID=444) to work on /home/airflow/.local/lib/python3.7/site-packages/airflow/example_dags/example_branch_datetime_operator.py
[2022-12-16 01:53:54,274] {processor.py:641} INFO - Processing file /home/airflow/.local/lib/python3.7/site-packages/airflow/example_dags/example_branch_datetime_operator.py for tasks to queue
[2022-12-16 01:53:54,276] {logging_mixin.py:115} INFO - [2022-12-16 01:53:54,276] {dagbag.py:507} INFO - Filling up the DagBag from /home/airflow/.local/lib/python3.7/site-packages/airflow/example_dags/example_branch_datetime_operator.py
[2022-12-16 01:53:54,289] {processor.py:651} INFO - DAG(s) dict_keys(['example_branch_datetime_operator_2']) retrieved from /home/airflow/.local/lib/python3.7/site-packages/airflow/example_dags/example_branch_datetime_operator.py
[2022-12-16 01:53:54,324] {logging_mixin.py:115} INFO - [2022-12-16 01:53:54,324] {dag.py:2371} INFO - Sync 1 DAGs
[2022-12-16 01:53:54,530] {logging_mixin.py:115} INFO - [2022-12-16 01:53:54,530] {dag.py:2919} INFO - Setting next_dagrun for example_branch_datetime_operator_2 to 2022-12-15T00:00:00+00:00, run_after=2022-12-16T00:00:00+00:00
[2022-12-16 01:53:54,541] {processor.py:161} INFO - Processing /home/airflow/.local/lib/python3.7/site-packages/airflow/example_dags/example_branch_datetime_operator.py took 0.273 seconds
[2022-12-16 01:54:25,383] {processor.py:153} INFO - Started process (PID=505) to work on /home/airflow/.local/lib/python3.7/site-packages/airflow/example_dags/example_branch_datetime_operator.py
[2022-12-16 01:54:25,384] {processor.py:641} INFO - Processing file /home/airflow/.local/lib/python3.7/site-packages/airflow/example_dags/example_branch_datetime_operator.py for tasks to queue
[2022-12-16 01:54:25,385] {logging_mixin.py:115} INFO - [2022-12-16 01:54:25,385] {dagbag.py:507} INFO - Filling up the DagBag from /home/airflow/.local/lib/python3.7/site-packages/airflow/example_dags/example_branch_datetime_operator.py
[2022-12-16 01:54:25,396] {processor.py:651} INFO - DAG(s) dict_keys(['example_branch_datetime_operator_2']) retrieved from /home/airflow/.local/lib/python3.7/site-packages/airflow/example_dags/example_branch_datetime_operator.py
[2022-12-16 01:54:25,437] {logging_mixin.py:115} INFO - [2022-12-16 01:54:25,437] {dag.py:2371} INFO - Sync 1 DAGs
[2022-12-16 01:54:25,617] {logging_mixin.py:115} INFO - [2022-12-16 01:54:25,617] {dag.py:2919} INFO - Setting next_dagrun for example_branch_datetime_operator_2 to 2022-12-15T00:00:00+00:00, run_after=2022-12-16T00:00:00+00:00
[2022-12-16 01:54:25,629] {processor.py:161} INFO - Processing /home/airflow/.local/lib/python3.7/site-packages/airflow/example_dags/example_branch_datetime_operator.py took 0.249 seconds
[2022-12-16 01:54:55,902] {processor.py:153} INFO - Started process (PID=566) to work on /home/airflow/.local/lib/python3.7/site-packages/airflow/example_dags/example_branch_datetime_operator.py
[2022-12-16 01:54:55,902] {processor.py:641} INFO - Processing file /home/airflow/.local/lib/python3.7/site-packages/airflow/example_dags/example_branch_datetime_operator.py for tasks to queue
[2022-12-16 01:54:55,904] {logging_mixin.py:115} INFO - [2022-12-16 01:54:55,903] {dagbag.py:507} INFO - Filling up the DagBag from /home/airflow/.local/lib/python3.7/site-packages/airflow/example_dags/example_branch_datetime_operator.py
[2022-12-16 01:54:55,918] {processor.py:651} INFO - DAG(s) dict_keys(['example_branch_datetime_operator_2']) retrieved from /home/airflow/.local/lib/python3.7/site-packages/airflow/example_dags/example_branch_datetime_operator.py
[2022-12-16 01:54:55,953] {logging_mixin.py:115} INFO - [2022-12-16 01:54:55,953] {dag.py:2371} INFO - Sync 1 DAGs
[2022-12-16 01:54:56,165] {logging_mixin.py:115} INFO - [2022-12-16 01:54:56,165] {dag.py:2919} INFO - Setting next_dagrun for example_branch_datetime_operator_2 to 2022-12-15T00:00:00+00:00, run_after=2022-12-16T00:00:00+00:00
[2022-12-16 01:54:56,194] {processor.py:161} INFO - Processing /home/airflow/.local/lib/python3.7/site-packages/airflow/example_dags/example_branch_datetime_operator.py took 0.296 seconds
[2022-12-16 01:55:26,879] {processor.py:153} INFO - Started process (PID=619) to work on /home/airflow/.local/lib/python3.7/site-packages/airflow/example_dags/example_branch_datetime_operator.py
[2022-12-16 01:55:26,880] {processor.py:641} INFO - Processing file /home/airflow/.local/lib/python3.7/site-packages/airflow/example_dags/example_branch_datetime_operator.py for tasks to queue
[2022-12-16 01:55:26,881] {logging_mixin.py:115} INFO - [2022-12-16 01:55:26,881] {dagbag.py:507} INFO - Filling up the DagBag from /home/airflow/.local/lib/python3.7/site-packages/airflow/example_dags/example_branch_datetime_operator.py
[2022-12-16 01:55:26,896] {processor.py:651} INFO - DAG(s) dict_keys(['example_branch_datetime_operator_2']) retrieved from /home/airflow/.local/lib/python3.7/site-packages/airflow/example_dags/example_branch_datetime_operator.py
[2022-12-16 01:55:26,929] {logging_mixin.py:115} INFO - [2022-12-16 01:55:26,929] {dag.py:2371} INFO - Sync 1 DAGs
[2022-12-16 01:55:27,089] {logging_mixin.py:115} INFO - [2022-12-16 01:55:27,089] {dag.py:2919} INFO - Setting next_dagrun for example_branch_datetime_operator_2 to 2022-12-15T00:00:00+00:00, run_after=2022-12-16T00:00:00+00:00
[2022-12-16 01:55:27,101] {processor.py:161} INFO - Processing /home/airflow/.local/lib/python3.7/site-packages/airflow/example_dags/example_branch_datetime_operator.py took 0.230 seconds
[2022-12-16 01:55:57,192] {processor.py:153} INFO - Started process (PID=680) to work on /home/airflow/.local/lib/python3.7/site-packages/airflow/example_dags/example_branch_datetime_operator.py
[2022-12-16 01:55:57,193] {processor.py:641} INFO - Processing file /home/airflow/.local/lib/python3.7/site-packages/airflow/example_dags/example_branch_datetime_operator.py for tasks to queue
[2022-12-16 01:55:57,195] {logging_mixin.py:115} INFO - [2022-12-16 01:55:57,194] {dagbag.py:507} INFO - Filling up the DagBag from /home/airflow/.local/lib/python3.7/site-packages/airflow/example_dags/example_branch_datetime_operator.py
[2022-12-16 01:55:57,204] {processor.py:651} INFO - DAG(s) dict_keys(['example_branch_datetime_operator_2']) retrieved from /home/airflow/.local/lib/python3.7/site-packages/airflow/example_dags/example_branch_datetime_operator.py
[2022-12-16 01:55:57,241] {logging_mixin.py:115} INFO - [2022-12-16 01:55:57,241] {dag.py:2371} INFO - Sync 1 DAGs
[2022-12-16 01:55:57,426] {logging_mixin.py:115} INFO - [2022-12-16 01:55:57,425] {dag.py:2919} INFO - Setting next_dagrun for example_branch_datetime_operator_2 to 2022-12-15T00:00:00+00:00, run_after=2022-12-16T00:00:00+00:00
[2022-12-16 01:55:57,439] {processor.py:161} INFO - Processing /home/airflow/.local/lib/python3.7/site-packages/airflow/example_dags/example_branch_datetime_operator.py took 0.251 seconds
[2022-12-16 01:56:27,879] {processor.py:153} INFO - Started process (PID=742) to work on /home/airflow/.local/lib/python3.7/site-packages/airflow/example_dags/example_branch_datetime_operator.py
[2022-12-16 01:56:27,880] {processor.py:641} INFO - Processing file /home/airflow/.local/lib/python3.7/site-packages/airflow/example_dags/example_branch_datetime_operator.py for tasks to queue
[2022-12-16 01:56:27,881] {logging_mixin.py:115} INFO - [2022-12-16 01:56:27,881] {dagbag.py:507} INFO - Filling up the DagBag from /home/airflow/.local/lib/python3.7/site-packages/airflow/example_dags/example_branch_datetime_operator.py
[2022-12-16 01:56:27,893] {processor.py:651} INFO - DAG(s) dict_keys(['example_branch_datetime_operator_2']) retrieved from /home/airflow/.local/lib/python3.7/site-packages/airflow/example_dags/example_branch_datetime_operator.py
[2022-12-16 01:56:27,925] {logging_mixin.py:115} INFO - [2022-12-16 01:56:27,924] {dag.py:2371} INFO - Sync 1 DAGs
[2022-12-16 01:56:28,082] {logging_mixin.py:115} INFO - [2022-12-16 01:56:28,082] {dag.py:2919} INFO - Setting next_dagrun for example_branch_datetime_operator_2 to 2022-12-15T00:00:00+00:00, run_after=2022-12-16T00:00:00+00:00
[2022-12-16 01:56:28,094] {processor.py:161} INFO - Processing /home/airflow/.local/lib/python3.7/site-packages/airflow/example_dags/example_branch_datetime_operator.py took 0.219 seconds
[2022-12-16 01:56:58,753] {processor.py:153} INFO - Started process (PID=794) to work on /home/airflow/.local/lib/python3.7/site-packages/airflow/example_dags/example_branch_datetime_operator.py
[2022-12-16 01:56:58,754] {processor.py:641} INFO - Processing file /home/airflow/.local/lib/python3.7/site-packages/airflow/example_dags/example_branch_datetime_operator.py for tasks to queue
[2022-12-16 01:56:58,755] {logging_mixin.py:115} INFO - [2022-12-16 01:56:58,755] {dagbag.py:507} INFO - Filling up the DagBag from /home/airflow/.local/lib/python3.7/site-packages/airflow/example_dags/example_branch_datetime_operator.py
[2022-12-16 01:56:58,764] {processor.py:651} INFO - DAG(s) dict_keys(['example_branch_datetime_operator_2']) retrieved from /home/airflow/.local/lib/python3.7/site-packages/airflow/example_dags/example_branch_datetime_operator.py
[2022-12-16 01:56:58,799] {logging_mixin.py:115} INFO - [2022-12-16 01:56:58,799] {dag.py:2371} INFO - Sync 1 DAGs
[2022-12-16 01:56:58,979] {logging_mixin.py:115} INFO - [2022-12-16 01:56:58,979] {dag.py:2919} INFO - Setting next_dagrun for example_branch_datetime_operator_2 to 2022-12-15T00:00:00+00:00, run_after=2022-12-16T00:00:00+00:00
[2022-12-16 01:56:58,993] {processor.py:161} INFO - Processing /home/airflow/.local/lib/python3.7/site-packages/airflow/example_dags/example_branch_datetime_operator.py took 0.244 seconds
[2022-12-16 01:57:29,131] {processor.py:153} INFO - Started process (PID=857) to work on /home/airflow/.local/lib/python3.7/site-packages/airflow/example_dags/example_branch_datetime_operator.py
[2022-12-16 01:57:29,132] {processor.py:641} INFO - Processing file /home/airflow/.local/lib/python3.7/site-packages/airflow/example_dags/example_branch_datetime_operator.py for tasks to queue
[2022-12-16 01:57:29,133] {logging_mixin.py:115} INFO - [2022-12-16 01:57:29,133] {dagbag.py:507} INFO - Filling up the DagBag from /home/airflow/.local/lib/python3.7/site-packages/airflow/example_dags/example_branch_datetime_operator.py
[2022-12-16 01:57:29,144] {processor.py:651} INFO - DAG(s) dict_keys(['example_branch_datetime_operator_2']) retrieved from /home/airflow/.local/lib/python3.7/site-packages/airflow/example_dags/example_branch_datetime_operator.py
[2022-12-16 01:57:29,184] {logging_mixin.py:115} INFO - [2022-12-16 01:57:29,183] {dag.py:2371} INFO - Sync 1 DAGs
[2022-12-16 01:57:29,349] {logging_mixin.py:115} INFO - [2022-12-16 01:57:29,349] {dag.py:2919} INFO - Setting next_dagrun for example_branch_datetime_operator_2 to 2022-12-15T00:00:00+00:00, run_after=2022-12-16T00:00:00+00:00
[2022-12-16 01:57:29,360] {processor.py:161} INFO - Processing /home/airflow/.local/lib/python3.7/site-packages/airflow/example_dags/example_branch_datetime_operator.py took 0.233 seconds
[2022-12-16 01:58:00,212] {processor.py:153} INFO - Started process (PID=918) to work on /home/airflow/.local/lib/python3.7/site-packages/airflow/example_dags/example_branch_datetime_operator.py
[2022-12-16 01:58:00,213] {processor.py:641} INFO - Processing file /home/airflow/.local/lib/python3.7/site-packages/airflow/example_dags/example_branch_datetime_operator.py for tasks to queue
[2022-12-16 01:58:00,214] {logging_mixin.py:115} INFO - [2022-12-16 01:58:00,214] {dagbag.py:507} INFO - Filling up the DagBag from /home/airflow/.local/lib/python3.7/site-packages/airflow/example_dags/example_branch_datetime_operator.py
[2022-12-16 01:58:00,227] {processor.py:651} INFO - DAG(s) dict_keys(['example_branch_datetime_operator_2']) retrieved from /home/airflow/.local/lib/python3.7/site-packages/airflow/example_dags/example_branch_datetime_operator.py
[2022-12-16 01:58:00,294] {logging_mixin.py:115} INFO - [2022-12-16 01:58:00,294] {dag.py:2371} INFO - Sync 1 DAGs
[2022-12-16 01:58:00,550] {logging_mixin.py:115} INFO - [2022-12-16 01:58:00,550] {dag.py:2919} INFO - Setting next_dagrun for example_branch_datetime_operator_2 to 2022-12-15T00:00:00+00:00, run_after=2022-12-16T00:00:00+00:00
[2022-12-16 01:58:00,600] {processor.py:161} INFO - Processing /home/airflow/.local/lib/python3.7/site-packages/airflow/example_dags/example_branch_datetime_operator.py took 0.394 seconds
[2022-12-16 01:58:53,305] {processor.py:153} INFO - Started process (PID=34) to work on /home/airflow/.local/lib/python3.7/site-packages/airflow/example_dags/example_branch_datetime_operator.py
[2022-12-16 01:58:53,309] {processor.py:641} INFO - Processing file /home/airflow/.local/lib/python3.7/site-packages/airflow/example_dags/example_branch_datetime_operator.py for tasks to queue
[2022-12-16 01:58:53,312] {logging_mixin.py:115} INFO - [2022-12-16 01:58:53,312] {dagbag.py:507} INFO - Filling up the DagBag from /home/airflow/.local/lib/python3.7/site-packages/airflow/example_dags/example_branch_datetime_operator.py
[2022-12-16 01:58:53,331] {processor.py:651} INFO - DAG(s) dict_keys(['example_branch_datetime_operator_2']) retrieved from /home/airflow/.local/lib/python3.7/site-packages/airflow/example_dags/example_branch_datetime_operator.py
[2022-12-16 01:58:53,373] {logging_mixin.py:115} INFO - [2022-12-16 01:58:53,373] {dag.py:2371} INFO - Sync 1 DAGs
[2022-12-16 01:58:53,451] {logging_mixin.py:115} INFO - [2022-12-16 01:58:53,451] {dag.py:2919} INFO - Setting next_dagrun for example_branch_datetime_operator_2 to 2022-12-15T00:00:00+00:00, run_after=2022-12-16T00:00:00+00:00
[2022-12-16 01:58:53,493] {processor.py:161} INFO - Processing /home/airflow/.local/lib/python3.7/site-packages/airflow/example_dags/example_branch_datetime_operator.py took 0.192 seconds
[2022-12-16 01:59:40,968] {processor.py:153} INFO - Started process (PID=34) to work on /home/airflow/.local/lib/python3.7/site-packages/airflow/example_dags/example_branch_datetime_operator.py
[2022-12-16 01:59:40,974] {processor.py:641} INFO - Processing file /home/airflow/.local/lib/python3.7/site-packages/airflow/example_dags/example_branch_datetime_operator.py for tasks to queue
[2022-12-16 01:59:40,981] {logging_mixin.py:115} INFO - [2022-12-16 01:59:40,980] {dagbag.py:507} INFO - Filling up the DagBag from /home/airflow/.local/lib/python3.7/site-packages/airflow/example_dags/example_branch_datetime_operator.py
[2022-12-16 01:59:41,012] {processor.py:651} INFO - DAG(s) dict_keys(['example_branch_datetime_operator_2']) retrieved from /home/airflow/.local/lib/python3.7/site-packages/airflow/example_dags/example_branch_datetime_operator.py
[2022-12-16 01:59:41,056] {logging_mixin.py:115} INFO - [2022-12-16 01:59:41,056] {dag.py:2371} INFO - Sync 1 DAGs
[2022-12-16 01:59:41,107] {logging_mixin.py:115} INFO - [2022-12-16 01:59:41,107] {dag.py:2919} INFO - Setting next_dagrun for example_branch_datetime_operator_2 to 2022-12-15T00:00:00+00:00, run_after=2022-12-16T00:00:00+00:00
[2022-12-16 01:59:41,131] {processor.py:161} INFO - Processing /home/airflow/.local/lib/python3.7/site-packages/airflow/example_dags/example_branch_datetime_operator.py took 0.177 seconds
[2022-12-16 02:00:11,480] {processor.py:153} INFO - Started process (PID=96) to work on /home/airflow/.local/lib/python3.7/site-packages/airflow/example_dags/example_branch_datetime_operator.py
[2022-12-16 02:00:11,481] {processor.py:641} INFO - Processing file /home/airflow/.local/lib/python3.7/site-packages/airflow/example_dags/example_branch_datetime_operator.py for tasks to queue
[2022-12-16 02:00:11,481] {logging_mixin.py:115} INFO - [2022-12-16 02:00:11,481] {dagbag.py:507} INFO - Filling up the DagBag from /home/airflow/.local/lib/python3.7/site-packages/airflow/example_dags/example_branch_datetime_operator.py
[2022-12-16 02:00:11,493] {processor.py:651} INFO - DAG(s) dict_keys(['example_branch_datetime_operator_2']) retrieved from /home/airflow/.local/lib/python3.7/site-packages/airflow/example_dags/example_branch_datetime_operator.py
[2022-12-16 02:00:11,531] {logging_mixin.py:115} INFO - [2022-12-16 02:00:11,531] {dag.py:2371} INFO - Sync 1 DAGs
[2022-12-16 02:00:11,570] {logging_mixin.py:115} INFO - [2022-12-16 02:00:11,569] {dag.py:2919} INFO - Setting next_dagrun for example_branch_datetime_operator_2 to 2022-12-15T00:00:00+00:00, run_after=2022-12-16T00:00:00+00:00
[2022-12-16 02:00:11,584] {processor.py:161} INFO - Processing /home/airflow/.local/lib/python3.7/site-packages/airflow/example_dags/example_branch_datetime_operator.py took 0.108 seconds
[2022-12-16 02:00:41,683] {processor.py:153} INFO - Started process (PID=150) to work on /home/airflow/.local/lib/python3.7/site-packages/airflow/example_dags/example_branch_datetime_operator.py
[2022-12-16 02:00:41,683] {processor.py:641} INFO - Processing file /home/airflow/.local/lib/python3.7/site-packages/airflow/example_dags/example_branch_datetime_operator.py for tasks to queue
[2022-12-16 02:00:41,684] {logging_mixin.py:115} INFO - [2022-12-16 02:00:41,684] {dagbag.py:507} INFO - Filling up the DagBag from /home/airflow/.local/lib/python3.7/site-packages/airflow/example_dags/example_branch_datetime_operator.py
[2022-12-16 02:00:41,694] {processor.py:651} INFO - DAG(s) dict_keys(['example_branch_datetime_operator_2']) retrieved from /home/airflow/.local/lib/python3.7/site-packages/airflow/example_dags/example_branch_datetime_operator.py
[2022-12-16 02:00:41,724] {logging_mixin.py:115} INFO - [2022-12-16 02:00:41,724] {dag.py:2371} INFO - Sync 1 DAGs
[2022-12-16 02:00:41,753] {logging_mixin.py:115} INFO - [2022-12-16 02:00:41,753] {dag.py:2919} INFO - Setting next_dagrun for example_branch_datetime_operator_2 to 2022-12-15T00:00:00+00:00, run_after=2022-12-16T00:00:00+00:00
[2022-12-16 02:00:41,768] {processor.py:161} INFO - Processing /home/airflow/.local/lib/python3.7/site-packages/airflow/example_dags/example_branch_datetime_operator.py took 0.090 seconds
[2022-12-16 02:01:11,853] {processor.py:153} INFO - Started process (PID=212) to work on /home/airflow/.local/lib/python3.7/site-packages/airflow/example_dags/example_branch_datetime_operator.py
[2022-12-16 02:01:11,853] {processor.py:641} INFO - Processing file /home/airflow/.local/lib/python3.7/site-packages/airflow/example_dags/example_branch_datetime_operator.py for tasks to queue
[2022-12-16 02:01:11,854] {logging_mixin.py:115} INFO - [2022-12-16 02:01:11,854] {dagbag.py:507} INFO - Filling up the DagBag from /home/airflow/.local/lib/python3.7/site-packages/airflow/example_dags/example_branch_datetime_operator.py
[2022-12-16 02:01:11,862] {processor.py:651} INFO - DAG(s) dict_keys(['example_branch_datetime_operator_2']) retrieved from /home/airflow/.local/lib/python3.7/site-packages/airflow/example_dags/example_branch_datetime_operator.py
[2022-12-16 02:01:11,891] {logging_mixin.py:115} INFO - [2022-12-16 02:01:11,891] {dag.py:2371} INFO - Sync 1 DAGs
[2022-12-16 02:01:11,921] {logging_mixin.py:115} INFO - [2022-12-16 02:01:11,921] {dag.py:2919} INFO - Setting next_dagrun for example_branch_datetime_operator_2 to 2022-12-15T00:00:00+00:00, run_after=2022-12-16T00:00:00+00:00
[2022-12-16 02:01:11,933] {processor.py:161} INFO - Processing /home/airflow/.local/lib/python3.7/site-packages/airflow/example_dags/example_branch_datetime_operator.py took 0.087 seconds
[2022-12-16 02:01:42,577] {processor.py:153} INFO - Started process (PID=274) to work on /home/airflow/.local/lib/python3.7/site-packages/airflow/example_dags/example_branch_datetime_operator.py
[2022-12-16 02:01:42,579] {processor.py:641} INFO - Processing file /home/airflow/.local/lib/python3.7/site-packages/airflow/example_dags/example_branch_datetime_operator.py for tasks to queue
[2022-12-16 02:01:42,580] {logging_mixin.py:115} INFO - [2022-12-16 02:01:42,580] {dagbag.py:507} INFO - Filling up the DagBag from /home/airflow/.local/lib/python3.7/site-packages/airflow/example_dags/example_branch_datetime_operator.py
[2022-12-16 02:01:42,598] {processor.py:651} INFO - DAG(s) dict_keys(['example_branch_datetime_operator_2']) retrieved from /home/airflow/.local/lib/python3.7/site-packages/airflow/example_dags/example_branch_datetime_operator.py
[2022-12-16 02:01:42,649] {logging_mixin.py:115} INFO - [2022-12-16 02:01:42,649] {dag.py:2371} INFO - Sync 1 DAGs
[2022-12-16 02:01:42,685] {logging_mixin.py:115} INFO - [2022-12-16 02:01:42,684] {dag.py:2919} INFO - Setting next_dagrun for example_branch_datetime_operator_2 to 2022-12-15T00:00:00+00:00, run_after=2022-12-16T00:00:00+00:00
[2022-12-16 02:01:42,705] {processor.py:161} INFO - Processing /home/airflow/.local/lib/python3.7/site-packages/airflow/example_dags/example_branch_datetime_operator.py took 0.132 seconds
[2022-12-16 02:02:13,119] {processor.py:153} INFO - Started process (PID=336) to work on /home/airflow/.local/lib/python3.7/site-packages/airflow/example_dags/example_branch_datetime_operator.py
[2022-12-16 02:02:13,120] {processor.py:641} INFO - Processing file /home/airflow/.local/lib/python3.7/site-packages/airflow/example_dags/example_branch_datetime_operator.py for tasks to queue
[2022-12-16 02:02:13,121] {logging_mixin.py:115} INFO - [2022-12-16 02:02:13,121] {dagbag.py:507} INFO - Filling up the DagBag from /home/airflow/.local/lib/python3.7/site-packages/airflow/example_dags/example_branch_datetime_operator.py
[2022-12-16 02:02:13,133] {processor.py:651} INFO - DAG(s) dict_keys(['example_branch_datetime_operator_2']) retrieved from /home/airflow/.local/lib/python3.7/site-packages/airflow/example_dags/example_branch_datetime_operator.py
[2022-12-16 02:02:13,162] {logging_mixin.py:115} INFO - [2022-12-16 02:02:13,162] {dag.py:2371} INFO - Sync 1 DAGs
[2022-12-16 02:02:13,194] {logging_mixin.py:115} INFO - [2022-12-16 02:02:13,194] {dag.py:2919} INFO - Setting next_dagrun for example_branch_datetime_operator_2 to 2022-12-15T00:00:00+00:00, run_after=2022-12-16T00:00:00+00:00
[2022-12-16 02:02:13,207] {processor.py:161} INFO - Processing /home/airflow/.local/lib/python3.7/site-packages/airflow/example_dags/example_branch_datetime_operator.py took 0.091 seconds
[2022-12-16 02:02:43,533] {processor.py:153} INFO - Started process (PID=390) to work on /home/airflow/.local/lib/python3.7/site-packages/airflow/example_dags/example_branch_datetime_operator.py
[2022-12-16 02:02:43,534] {processor.py:641} INFO - Processing file /home/airflow/.local/lib/python3.7/site-packages/airflow/example_dags/example_branch_datetime_operator.py for tasks to queue
[2022-12-16 02:02:43,534] {logging_mixin.py:115} INFO - [2022-12-16 02:02:43,534] {dagbag.py:507} INFO - Filling up the DagBag from /home/airflow/.local/lib/python3.7/site-packages/airflow/example_dags/example_branch_datetime_operator.py
[2022-12-16 02:02:43,545] {processor.py:651} INFO - DAG(s) dict_keys(['example_branch_datetime_operator_2']) retrieved from /home/airflow/.local/lib/python3.7/site-packages/airflow/example_dags/example_branch_datetime_operator.py
[2022-12-16 02:02:43,572] {logging_mixin.py:115} INFO - [2022-12-16 02:02:43,572] {dag.py:2371} INFO - Sync 1 DAGs
[2022-12-16 02:02:43,597] {logging_mixin.py:115} INFO - [2022-12-16 02:02:43,597] {dag.py:2919} INFO - Setting next_dagrun for example_branch_datetime_operator_2 to 2022-12-15T00:00:00+00:00, run_after=2022-12-16T00:00:00+00:00
[2022-12-16 02:02:43,610] {processor.py:161} INFO - Processing /home/airflow/.local/lib/python3.7/site-packages/airflow/example_dags/example_branch_datetime_operator.py took 0.081 seconds
[2022-12-16 02:03:14,150] {processor.py:153} INFO - Started process (PID=452) to work on /home/airflow/.local/lib/python3.7/site-packages/airflow/example_dags/example_branch_datetime_operator.py
[2022-12-16 02:03:14,150] {processor.py:641} INFO - Processing file /home/airflow/.local/lib/python3.7/site-packages/airflow/example_dags/example_branch_datetime_operator.py for tasks to queue
[2022-12-16 02:03:14,151] {logging_mixin.py:115} INFO - [2022-12-16 02:03:14,151] {dagbag.py:507} INFO - Filling up the DagBag from /home/airflow/.local/lib/python3.7/site-packages/airflow/example_dags/example_branch_datetime_operator.py
[2022-12-16 02:03:14,160] {processor.py:651} INFO - DAG(s) dict_keys(['example_branch_datetime_operator_2']) retrieved from /home/airflow/.local/lib/python3.7/site-packages/airflow/example_dags/example_branch_datetime_operator.py
[2022-12-16 02:03:14,196] {logging_mixin.py:115} INFO - [2022-12-16 02:03:14,196] {dag.py:2371} INFO - Sync 1 DAGs
[2022-12-16 02:03:14,222] {logging_mixin.py:115} INFO - [2022-12-16 02:03:14,222] {dag.py:2919} INFO - Setting next_dagrun for example_branch_datetime_operator_2 to 2022-12-15T00:00:00+00:00, run_after=2022-12-16T00:00:00+00:00
[2022-12-16 02:03:14,240] {processor.py:161} INFO - Processing /home/airflow/.local/lib/python3.7/site-packages/airflow/example_dags/example_branch_datetime_operator.py took 0.096 seconds
[2022-12-16 02:03:44,618] {processor.py:153} INFO - Started process (PID=514) to work on /home/airflow/.local/lib/python3.7/site-packages/airflow/example_dags/example_branch_datetime_operator.py
[2022-12-16 02:03:44,619] {processor.py:641} INFO - Processing file /home/airflow/.local/lib/python3.7/site-packages/airflow/example_dags/example_branch_datetime_operator.py for tasks to queue
[2022-12-16 02:03:44,620] {logging_mixin.py:115} INFO - [2022-12-16 02:03:44,620] {dagbag.py:507} INFO - Filling up the DagBag from /home/airflow/.local/lib/python3.7/site-packages/airflow/example_dags/example_branch_datetime_operator.py
[2022-12-16 02:03:44,627] {processor.py:651} INFO - DAG(s) dict_keys(['example_branch_datetime_operator_2']) retrieved from /home/airflow/.local/lib/python3.7/site-packages/airflow/example_dags/example_branch_datetime_operator.py
[2022-12-16 02:03:44,654] {logging_mixin.py:115} INFO - [2022-12-16 02:03:44,654] {dag.py:2371} INFO - Sync 1 DAGs
[2022-12-16 02:03:44,683] {logging_mixin.py:115} INFO - [2022-12-16 02:03:44,682] {dag.py:2919} INFO - Setting next_dagrun for example_branch_datetime_operator_2 to 2022-12-15T00:00:00+00:00, run_after=2022-12-16T00:00:00+00:00
[2022-12-16 02:03:44,696] {processor.py:161} INFO - Processing /home/airflow/.local/lib/python3.7/site-packages/airflow/example_dags/example_branch_datetime_operator.py took 0.083 seconds
[2022-12-16 02:04:15,098] {processor.py:153} INFO - Started process (PID=575) to work on /home/airflow/.local/lib/python3.7/site-packages/airflow/example_dags/example_branch_datetime_operator.py
[2022-12-16 02:04:15,099] {processor.py:641} INFO - Processing file /home/airflow/.local/lib/python3.7/site-packages/airflow/example_dags/example_branch_datetime_operator.py for tasks to queue
[2022-12-16 02:04:15,100] {logging_mixin.py:115} INFO - [2022-12-16 02:04:15,100] {dagbag.py:507} INFO - Filling up the DagBag from /home/airflow/.local/lib/python3.7/site-packages/airflow/example_dags/example_branch_datetime_operator.py
[2022-12-16 02:04:15,108] {processor.py:651} INFO - DAG(s) dict_keys(['example_branch_datetime_operator_2']) retrieved from /home/airflow/.local/lib/python3.7/site-packages/airflow/example_dags/example_branch_datetime_operator.py
[2022-12-16 02:04:15,141] {logging_mixin.py:115} INFO - [2022-12-16 02:04:15,141] {dag.py:2371} INFO - Sync 1 DAGs
[2022-12-16 02:04:15,166] {logging_mixin.py:115} INFO - [2022-12-16 02:04:15,165] {dag.py:2919} INFO - Setting next_dagrun for example_branch_datetime_operator_2 to 2022-12-15T00:00:00+00:00, run_after=2022-12-16T00:00:00+00:00
[2022-12-16 02:04:15,180] {processor.py:161} INFO - Processing /home/airflow/.local/lib/python3.7/site-packages/airflow/example_dags/example_branch_datetime_operator.py took 0.087 seconds
[2022-12-16 02:04:45,574] {processor.py:153} INFO - Started process (PID=629) to work on /home/airflow/.local/lib/python3.7/site-packages/airflow/example_dags/example_branch_datetime_operator.py
[2022-12-16 02:04:45,576] {processor.py:641} INFO - Processing file /home/airflow/.local/lib/python3.7/site-packages/airflow/example_dags/example_branch_datetime_operator.py for tasks to queue
[2022-12-16 02:04:45,578] {logging_mixin.py:115} INFO - [2022-12-16 02:04:45,578] {dagbag.py:507} INFO - Filling up the DagBag from /home/airflow/.local/lib/python3.7/site-packages/airflow/example_dags/example_branch_datetime_operator.py
[2022-12-16 02:04:45,588] {processor.py:651} INFO - DAG(s) dict_keys(['example_branch_datetime_operator_2']) retrieved from /home/airflow/.local/lib/python3.7/site-packages/airflow/example_dags/example_branch_datetime_operator.py
[2022-12-16 02:04:45,617] {logging_mixin.py:115} INFO - [2022-12-16 02:04:45,616] {dag.py:2371} INFO - Sync 1 DAGs
[2022-12-16 02:04:45,644] {logging_mixin.py:115} INFO - [2022-12-16 02:04:45,644] {dag.py:2919} INFO - Setting next_dagrun for example_branch_datetime_operator_2 to 2022-12-15T00:00:00+00:00, run_after=2022-12-16T00:00:00+00:00
[2022-12-16 02:04:45,655] {processor.py:161} INFO - Processing /home/airflow/.local/lib/python3.7/site-packages/airflow/example_dags/example_branch_datetime_operator.py took 0.088 seconds
[2022-12-16 02:05:16,187] {processor.py:153} INFO - Started process (PID=692) to work on /home/airflow/.local/lib/python3.7/site-packages/airflow/example_dags/example_branch_datetime_operator.py
[2022-12-16 02:05:16,188] {processor.py:641} INFO - Processing file /home/airflow/.local/lib/python3.7/site-packages/airflow/example_dags/example_branch_datetime_operator.py for tasks to queue
[2022-12-16 02:05:16,189] {logging_mixin.py:115} INFO - [2022-12-16 02:05:16,189] {dagbag.py:507} INFO - Filling up the DagBag from /home/airflow/.local/lib/python3.7/site-packages/airflow/example_dags/example_branch_datetime_operator.py
[2022-12-16 02:05:16,197] {processor.py:651} INFO - DAG(s) dict_keys(['example_branch_datetime_operator_2']) retrieved from /home/airflow/.local/lib/python3.7/site-packages/airflow/example_dags/example_branch_datetime_operator.py
[2022-12-16 02:05:16,234] {logging_mixin.py:115} INFO - [2022-12-16 02:05:16,234] {dag.py:2371} INFO - Sync 1 DAGs
[2022-12-16 02:05:16,262] {logging_mixin.py:115} INFO - [2022-12-16 02:05:16,262] {dag.py:2919} INFO - Setting next_dagrun for example_branch_datetime_operator_2 to 2022-12-15T00:00:00+00:00, run_after=2022-12-16T00:00:00+00:00
[2022-12-16 02:05:16,277] {processor.py:161} INFO - Processing /home/airflow/.local/lib/python3.7/site-packages/airflow/example_dags/example_branch_datetime_operator.py took 0.095 seconds
[2022-12-16 02:05:46,544] {processor.py:153} INFO - Started process (PID=754) to work on /home/airflow/.local/lib/python3.7/site-packages/airflow/example_dags/example_branch_datetime_operator.py
[2022-12-16 02:05:46,545] {processor.py:641} INFO - Processing file /home/airflow/.local/lib/python3.7/site-packages/airflow/example_dags/example_branch_datetime_operator.py for tasks to queue
[2022-12-16 02:05:46,546] {logging_mixin.py:115} INFO - [2022-12-16 02:05:46,546] {dagbag.py:507} INFO - Filling up the DagBag from /home/airflow/.local/lib/python3.7/site-packages/airflow/example_dags/example_branch_datetime_operator.py
[2022-12-16 02:05:46,557] {processor.py:651} INFO - DAG(s) dict_keys(['example_branch_datetime_operator_2']) retrieved from /home/airflow/.local/lib/python3.7/site-packages/airflow/example_dags/example_branch_datetime_operator.py
[2022-12-16 02:05:46,586] {logging_mixin.py:115} INFO - [2022-12-16 02:05:46,586] {dag.py:2371} INFO - Sync 1 DAGs
[2022-12-16 02:05:46,613] {logging_mixin.py:115} INFO - [2022-12-16 02:05:46,613] {dag.py:2919} INFO - Setting next_dagrun for example_branch_datetime_operator_2 to 2022-12-15T00:00:00+00:00, run_after=2022-12-16T00:00:00+00:00
[2022-12-16 02:05:46,625] {processor.py:161} INFO - Processing /home/airflow/.local/lib/python3.7/site-packages/airflow/example_dags/example_branch_datetime_operator.py took 0.089 seconds
[2022-12-16 02:06:16,760] {processor.py:153} INFO - Started process (PID=808) to work on /home/airflow/.local/lib/python3.7/site-packages/airflow/example_dags/example_branch_datetime_operator.py
[2022-12-16 02:06:16,762] {processor.py:641} INFO - Processing file /home/airflow/.local/lib/python3.7/site-packages/airflow/example_dags/example_branch_datetime_operator.py for tasks to queue
[2022-12-16 02:06:16,764] {logging_mixin.py:115} INFO - [2022-12-16 02:06:16,763] {dagbag.py:507} INFO - Filling up the DagBag from /home/airflow/.local/lib/python3.7/site-packages/airflow/example_dags/example_branch_datetime_operator.py
[2022-12-16 02:06:16,773] {processor.py:651} INFO - DAG(s) dict_keys(['example_branch_datetime_operator_2']) retrieved from /home/airflow/.local/lib/python3.7/site-packages/airflow/example_dags/example_branch_datetime_operator.py
[2022-12-16 02:06:16,802] {logging_mixin.py:115} INFO - [2022-12-16 02:06:16,802] {dag.py:2371} INFO - Sync 1 DAGs
[2022-12-16 02:06:16,835] {logging_mixin.py:115} INFO - [2022-12-16 02:06:16,835] {dag.py:2919} INFO - Setting next_dagrun for example_branch_datetime_operator_2 to 2022-12-15T00:00:00+00:00, run_after=2022-12-16T00:00:00+00:00
[2022-12-16 02:06:16,853] {processor.py:161} INFO - Processing /home/airflow/.local/lib/python3.7/site-packages/airflow/example_dags/example_branch_datetime_operator.py took 0.099 seconds
[2022-12-16 02:06:47,293] {processor.py:153} INFO - Started process (PID=871) to work on /home/airflow/.local/lib/python3.7/site-packages/airflow/example_dags/example_branch_datetime_operator.py
[2022-12-16 02:06:47,294] {processor.py:641} INFO - Processing file /home/airflow/.local/lib/python3.7/site-packages/airflow/example_dags/example_branch_datetime_operator.py for tasks to queue
[2022-12-16 02:06:47,295] {logging_mixin.py:115} INFO - [2022-12-16 02:06:47,295] {dagbag.py:507} INFO - Filling up the DagBag from /home/airflow/.local/lib/python3.7/site-packages/airflow/example_dags/example_branch_datetime_operator.py
[2022-12-16 02:06:47,304] {processor.py:651} INFO - DAG(s) dict_keys(['example_branch_datetime_operator_2']) retrieved from /home/airflow/.local/lib/python3.7/site-packages/airflow/example_dags/example_branch_datetime_operator.py
[2022-12-16 02:06:47,339] {logging_mixin.py:115} INFO - [2022-12-16 02:06:47,339] {dag.py:2371} INFO - Sync 1 DAGs
[2022-12-16 02:06:47,364] {logging_mixin.py:115} INFO - [2022-12-16 02:06:47,364] {dag.py:2919} INFO - Setting next_dagrun for example_branch_datetime_operator_2 to 2022-12-15T00:00:00+00:00, run_after=2022-12-16T00:00:00+00:00
[2022-12-16 02:06:47,377] {processor.py:161} INFO - Processing /home/airflow/.local/lib/python3.7/site-packages/airflow/example_dags/example_branch_datetime_operator.py took 0.088 seconds
[2022-12-16 02:07:17,666] {processor.py:153} INFO - Started process (PID=934) to work on /home/airflow/.local/lib/python3.7/site-packages/airflow/example_dags/example_branch_datetime_operator.py
[2022-12-16 02:07:17,667] {processor.py:641} INFO - Processing file /home/airflow/.local/lib/python3.7/site-packages/airflow/example_dags/example_branch_datetime_operator.py for tasks to queue
[2022-12-16 02:07:17,668] {logging_mixin.py:115} INFO - [2022-12-16 02:07:17,668] {dagbag.py:507} INFO - Filling up the DagBag from /home/airflow/.local/lib/python3.7/site-packages/airflow/example_dags/example_branch_datetime_operator.py
[2022-12-16 02:07:17,678] {processor.py:651} INFO - DAG(s) dict_keys(['example_branch_datetime_operator_2']) retrieved from /home/airflow/.local/lib/python3.7/site-packages/airflow/example_dags/example_branch_datetime_operator.py
[2022-12-16 02:07:17,721] {logging_mixin.py:115} INFO - [2022-12-16 02:07:17,721] {dag.py:2371} INFO - Sync 1 DAGs
[2022-12-16 02:07:17,750] {logging_mixin.py:115} INFO - [2022-12-16 02:07:17,750] {dag.py:2919} INFO - Setting next_dagrun for example_branch_datetime_operator_2 to 2022-12-15T00:00:00+00:00, run_after=2022-12-16T00:00:00+00:00
[2022-12-16 02:07:17,764] {processor.py:161} INFO - Processing /home/airflow/.local/lib/python3.7/site-packages/airflow/example_dags/example_branch_datetime_operator.py took 0.104 seconds
[2022-12-16 02:07:48,060] {processor.py:153} INFO - Started process (PID=997) to work on /home/airflow/.local/lib/python3.7/site-packages/airflow/example_dags/example_branch_datetime_operator.py
[2022-12-16 02:07:48,061] {processor.py:641} INFO - Processing file /home/airflow/.local/lib/python3.7/site-packages/airflow/example_dags/example_branch_datetime_operator.py for tasks to queue
[2022-12-16 02:07:48,062] {logging_mixin.py:115} INFO - [2022-12-16 02:07:48,061] {dagbag.py:507} INFO - Filling up the DagBag from /home/airflow/.local/lib/python3.7/site-packages/airflow/example_dags/example_branch_datetime_operator.py
[2022-12-16 02:07:48,075] {processor.py:651} INFO - DAG(s) dict_keys(['example_branch_datetime_operator_2']) retrieved from /home/airflow/.local/lib/python3.7/site-packages/airflow/example_dags/example_branch_datetime_operator.py
[2022-12-16 02:07:48,126] {logging_mixin.py:115} INFO - [2022-12-16 02:07:48,125] {dag.py:2371} INFO - Sync 1 DAGs
[2022-12-16 02:07:48,159] {logging_mixin.py:115} INFO - [2022-12-16 02:07:48,159] {dag.py:2919} INFO - Setting next_dagrun for example_branch_datetime_operator_2 to 2022-12-15T00:00:00+00:00, run_after=2022-12-16T00:00:00+00:00
[2022-12-16 02:07:48,180] {processor.py:161} INFO - Processing /home/airflow/.local/lib/python3.7/site-packages/airflow/example_dags/example_branch_datetime_operator.py took 0.126 seconds
[2022-12-16 02:08:18,392] {processor.py:153} INFO - Started process (PID=1050) to work on /home/airflow/.local/lib/python3.7/site-packages/airflow/example_dags/example_branch_datetime_operator.py
[2022-12-16 02:08:18,393] {processor.py:641} INFO - Processing file /home/airflow/.local/lib/python3.7/site-packages/airflow/example_dags/example_branch_datetime_operator.py for tasks to queue
[2022-12-16 02:08:18,394] {logging_mixin.py:115} INFO - [2022-12-16 02:08:18,394] {dagbag.py:507} INFO - Filling up the DagBag from /home/airflow/.local/lib/python3.7/site-packages/airflow/example_dags/example_branch_datetime_operator.py
[2022-12-16 02:08:18,407] {processor.py:651} INFO - DAG(s) dict_keys(['example_branch_datetime_operator_2']) retrieved from /home/airflow/.local/lib/python3.7/site-packages/airflow/example_dags/example_branch_datetime_operator.py
[2022-12-16 02:08:18,437] {logging_mixin.py:115} INFO - [2022-12-16 02:08:18,436] {dag.py:2371} INFO - Sync 1 DAGs
[2022-12-16 02:08:18,462] {logging_mixin.py:115} INFO - [2022-12-16 02:08:18,462] {dag.py:2919} INFO - Setting next_dagrun for example_branch_datetime_operator_2 to 2022-12-15T00:00:00+00:00, run_after=2022-12-16T00:00:00+00:00
[2022-12-16 02:08:18,478] {processor.py:161} INFO - Processing /home/airflow/.local/lib/python3.7/site-packages/airflow/example_dags/example_branch_datetime_operator.py took 0.090 seconds
[2022-12-16 02:08:49,055] {processor.py:153} INFO - Started process (PID=1111) to work on /home/airflow/.local/lib/python3.7/site-packages/airflow/example_dags/example_branch_datetime_operator.py
[2022-12-16 02:08:49,056] {processor.py:641} INFO - Processing file /home/airflow/.local/lib/python3.7/site-packages/airflow/example_dags/example_branch_datetime_operator.py for tasks to queue
[2022-12-16 02:08:49,056] {logging_mixin.py:115} INFO - [2022-12-16 02:08:49,056] {dagbag.py:507} INFO - Filling up the DagBag from /home/airflow/.local/lib/python3.7/site-packages/airflow/example_dags/example_branch_datetime_operator.py
[2022-12-16 02:08:49,066] {processor.py:651} INFO - DAG(s) dict_keys(['example_branch_datetime_operator_2']) retrieved from /home/airflow/.local/lib/python3.7/site-packages/airflow/example_dags/example_branch_datetime_operator.py
[2022-12-16 02:08:49,099] {logging_mixin.py:115} INFO - [2022-12-16 02:08:49,099] {dag.py:2371} INFO - Sync 1 DAGs
[2022-12-16 02:08:49,127] {logging_mixin.py:115} INFO - [2022-12-16 02:08:49,127] {dag.py:2919} INFO - Setting next_dagrun for example_branch_datetime_operator_2 to 2022-12-15T00:00:00+00:00, run_after=2022-12-16T00:00:00+00:00
[2022-12-16 02:08:49,142] {processor.py:161} INFO - Processing /home/airflow/.local/lib/python3.7/site-packages/airflow/example_dags/example_branch_datetime_operator.py took 0.091 seconds
[2022-12-16 02:09:19,215] {processor.py:153} INFO - Started process (PID=1175) to work on /home/airflow/.local/lib/python3.7/site-packages/airflow/example_dags/example_branch_datetime_operator.py
[2022-12-16 02:09:19,216] {processor.py:641} INFO - Processing file /home/airflow/.local/lib/python3.7/site-packages/airflow/example_dags/example_branch_datetime_operator.py for tasks to queue
[2022-12-16 02:09:19,216] {logging_mixin.py:115} INFO - [2022-12-16 02:09:19,216] {dagbag.py:507} INFO - Filling up the DagBag from /home/airflow/.local/lib/python3.7/site-packages/airflow/example_dags/example_branch_datetime_operator.py
[2022-12-16 02:09:19,224] {processor.py:651} INFO - DAG(s) dict_keys(['example_branch_datetime_operator_2']) retrieved from /home/airflow/.local/lib/python3.7/site-packages/airflow/example_dags/example_branch_datetime_operator.py
[2022-12-16 02:09:19,252] {logging_mixin.py:115} INFO - [2022-12-16 02:09:19,252] {dag.py:2371} INFO - Sync 1 DAGs
[2022-12-16 02:09:19,281] {logging_mixin.py:115} INFO - [2022-12-16 02:09:19,281] {dag.py:2919} INFO - Setting next_dagrun for example_branch_datetime_operator_2 to 2022-12-15T00:00:00+00:00, run_after=2022-12-16T00:00:00+00:00
[2022-12-16 02:09:19,295] {processor.py:161} INFO - Processing /home/airflow/.local/lib/python3.7/site-packages/airflow/example_dags/example_branch_datetime_operator.py took 0.085 seconds
[2022-12-16 02:09:49,909] {processor.py:153} INFO - Started process (PID=1228) to work on /home/airflow/.local/lib/python3.7/site-packages/airflow/example_dags/example_branch_datetime_operator.py
[2022-12-16 02:09:49,910] {processor.py:641} INFO - Processing file /home/airflow/.local/lib/python3.7/site-packages/airflow/example_dags/example_branch_datetime_operator.py for tasks to queue
[2022-12-16 02:09:49,911] {logging_mixin.py:115} INFO - [2022-12-16 02:09:49,911] {dagbag.py:507} INFO - Filling up the DagBag from /home/airflow/.local/lib/python3.7/site-packages/airflow/example_dags/example_branch_datetime_operator.py
[2022-12-16 02:09:49,922] {processor.py:651} INFO - DAG(s) dict_keys(['example_branch_datetime_operator_2']) retrieved from /home/airflow/.local/lib/python3.7/site-packages/airflow/example_dags/example_branch_datetime_operator.py
[2022-12-16 02:09:49,962] {logging_mixin.py:115} INFO - [2022-12-16 02:09:49,961] {dag.py:2371} INFO - Sync 1 DAGs
[2022-12-16 02:09:49,992] {logging_mixin.py:115} INFO - [2022-12-16 02:09:49,992] {dag.py:2919} INFO - Setting next_dagrun for example_branch_datetime_operator_2 to 2022-12-15T00:00:00+00:00, run_after=2022-12-16T00:00:00+00:00
[2022-12-16 02:09:50,008] {processor.py:161} INFO - Processing /home/airflow/.local/lib/python3.7/site-packages/airflow/example_dags/example_branch_datetime_operator.py took 0.105 seconds
[2022-12-16 02:10:20,244] {processor.py:153} INFO - Started process (PID=1290) to work on /home/airflow/.local/lib/python3.7/site-packages/airflow/example_dags/example_branch_datetime_operator.py
[2022-12-16 02:10:20,245] {processor.py:641} INFO - Processing file /home/airflow/.local/lib/python3.7/site-packages/airflow/example_dags/example_branch_datetime_operator.py for tasks to queue
[2022-12-16 02:10:20,246] {logging_mixin.py:115} INFO - [2022-12-16 02:10:20,246] {dagbag.py:507} INFO - Filling up the DagBag from /home/airflow/.local/lib/python3.7/site-packages/airflow/example_dags/example_branch_datetime_operator.py
[2022-12-16 02:10:20,257] {processor.py:651} INFO - DAG(s) dict_keys(['example_branch_datetime_operator_2']) retrieved from /home/airflow/.local/lib/python3.7/site-packages/airflow/example_dags/example_branch_datetime_operator.py
[2022-12-16 02:10:20,293] {logging_mixin.py:115} INFO - [2022-12-16 02:10:20,292] {dag.py:2371} INFO - Sync 1 DAGs
[2022-12-16 02:10:20,328] {logging_mixin.py:115} INFO - [2022-12-16 02:10:20,328] {dag.py:2919} INFO - Setting next_dagrun for example_branch_datetime_operator_2 to 2022-12-15T00:00:00+00:00, run_after=2022-12-16T00:00:00+00:00
[2022-12-16 02:10:20,349] {processor.py:161} INFO - Processing /home/airflow/.local/lib/python3.7/site-packages/airflow/example_dags/example_branch_datetime_operator.py took 0.111 seconds
[2022-12-16 02:10:50,757] {processor.py:153} INFO - Started process (PID=1352) to work on /home/airflow/.local/lib/python3.7/site-packages/airflow/example_dags/example_branch_datetime_operator.py
[2022-12-16 02:10:50,758] {processor.py:641} INFO - Processing file /home/airflow/.local/lib/python3.7/site-packages/airflow/example_dags/example_branch_datetime_operator.py for tasks to queue
[2022-12-16 02:10:50,758] {logging_mixin.py:115} INFO - [2022-12-16 02:10:50,758] {dagbag.py:507} INFO - Filling up the DagBag from /home/airflow/.local/lib/python3.7/site-packages/airflow/example_dags/example_branch_datetime_operator.py
[2022-12-16 02:10:50,767] {processor.py:651} INFO - DAG(s) dict_keys(['example_branch_datetime_operator_2']) retrieved from /home/airflow/.local/lib/python3.7/site-packages/airflow/example_dags/example_branch_datetime_operator.py
[2022-12-16 02:10:50,795] {logging_mixin.py:115} INFO - [2022-12-16 02:10:50,795] {dag.py:2371} INFO - Sync 1 DAGs
[2022-12-16 02:10:50,826] {logging_mixin.py:115} INFO - [2022-12-16 02:10:50,826] {dag.py:2919} INFO - Setting next_dagrun for example_branch_datetime_operator_2 to 2022-12-15T00:00:00+00:00, run_after=2022-12-16T00:00:00+00:00
[2022-12-16 02:10:50,837] {processor.py:161} INFO - Processing /home/airflow/.local/lib/python3.7/site-packages/airflow/example_dags/example_branch_datetime_operator.py took 0.086 seconds
[2022-12-16 02:11:21,030] {processor.py:153} INFO - Started process (PID=1414) to work on /home/airflow/.local/lib/python3.7/site-packages/airflow/example_dags/example_branch_datetime_operator.py
[2022-12-16 02:11:21,032] {processor.py:641} INFO - Processing file /home/airflow/.local/lib/python3.7/site-packages/airflow/example_dags/example_branch_datetime_operator.py for tasks to queue
[2022-12-16 02:11:21,033] {logging_mixin.py:115} INFO - [2022-12-16 02:11:21,033] {dagbag.py:507} INFO - Filling up the DagBag from /home/airflow/.local/lib/python3.7/site-packages/airflow/example_dags/example_branch_datetime_operator.py
[2022-12-16 02:11:21,045] {processor.py:651} INFO - DAG(s) dict_keys(['example_branch_datetime_operator_2']) retrieved from /home/airflow/.local/lib/python3.7/site-packages/airflow/example_dags/example_branch_datetime_operator.py
[2022-12-16 02:11:21,098] {logging_mixin.py:115} INFO - [2022-12-16 02:11:21,098] {dag.py:2371} INFO - Sync 1 DAGs
[2022-12-16 02:11:21,132] {logging_mixin.py:115} INFO - [2022-12-16 02:11:21,131] {dag.py:2919} INFO - Setting next_dagrun for example_branch_datetime_operator_2 to 2022-12-15T00:00:00+00:00, run_after=2022-12-16T00:00:00+00:00
[2022-12-16 02:11:21,145] {processor.py:161} INFO - Processing /home/airflow/.local/lib/python3.7/site-packages/airflow/example_dags/example_branch_datetime_operator.py took 0.122 seconds
[2022-12-16 02:11:51,390] {processor.py:153} INFO - Started process (PID=1467) to work on /home/airflow/.local/lib/python3.7/site-packages/airflow/example_dags/example_branch_datetime_operator.py
[2022-12-16 02:11:51,391] {processor.py:641} INFO - Processing file /home/airflow/.local/lib/python3.7/site-packages/airflow/example_dags/example_branch_datetime_operator.py for tasks to queue
[2022-12-16 02:11:51,392] {logging_mixin.py:115} INFO - [2022-12-16 02:11:51,391] {dagbag.py:507} INFO - Filling up the DagBag from /home/airflow/.local/lib/python3.7/site-packages/airflow/example_dags/example_branch_datetime_operator.py
[2022-12-16 02:11:51,404] {processor.py:651} INFO - DAG(s) dict_keys(['example_branch_datetime_operator_2']) retrieved from /home/airflow/.local/lib/python3.7/site-packages/airflow/example_dags/example_branch_datetime_operator.py
[2022-12-16 02:11:51,466] {logging_mixin.py:115} INFO - [2022-12-16 02:11:51,466] {dag.py:2371} INFO - Sync 1 DAGs
[2022-12-16 02:11:51,490] {logging_mixin.py:115} INFO - [2022-12-16 02:11:51,490] {dag.py:2919} INFO - Setting next_dagrun for example_branch_datetime_operator_2 to 2022-12-15T00:00:00+00:00, run_after=2022-12-16T00:00:00+00:00
[2022-12-16 02:11:51,511] {processor.py:161} INFO - Processing /home/airflow/.local/lib/python3.7/site-packages/airflow/example_dags/example_branch_datetime_operator.py took 0.125 seconds
[2022-12-16 02:12:21,571] {processor.py:153} INFO - Started process (PID=1530) to work on /home/airflow/.local/lib/python3.7/site-packages/airflow/example_dags/example_branch_datetime_operator.py
[2022-12-16 02:12:21,571] {processor.py:641} INFO - Processing file /home/airflow/.local/lib/python3.7/site-packages/airflow/example_dags/example_branch_datetime_operator.py for tasks to queue
[2022-12-16 02:12:21,572] {logging_mixin.py:115} INFO - [2022-12-16 02:12:21,572] {dagbag.py:507} INFO - Filling up the DagBag from /home/airflow/.local/lib/python3.7/site-packages/airflow/example_dags/example_branch_datetime_operator.py
[2022-12-16 02:12:21,581] {processor.py:651} INFO - DAG(s) dict_keys(['example_branch_datetime_operator_2']) retrieved from /home/airflow/.local/lib/python3.7/site-packages/airflow/example_dags/example_branch_datetime_operator.py
[2022-12-16 02:12:21,608] {logging_mixin.py:115} INFO - [2022-12-16 02:12:21,608] {dag.py:2371} INFO - Sync 1 DAGs
[2022-12-16 02:12:21,629] {logging_mixin.py:115} INFO - [2022-12-16 02:12:21,629] {dag.py:2919} INFO - Setting next_dagrun for example_branch_datetime_operator_2 to 2022-12-15T00:00:00+00:00, run_after=2022-12-16T00:00:00+00:00
[2022-12-16 02:12:21,640] {processor.py:161} INFO - Processing /home/airflow/.local/lib/python3.7/site-packages/airflow/example_dags/example_branch_datetime_operator.py took 0.074 seconds
[2022-12-16 02:12:51,790] {processor.py:153} INFO - Started process (PID=1591) to work on /home/airflow/.local/lib/python3.7/site-packages/airflow/example_dags/example_branch_datetime_operator.py
[2022-12-16 02:12:51,791] {processor.py:641} INFO - Processing file /home/airflow/.local/lib/python3.7/site-packages/airflow/example_dags/example_branch_datetime_operator.py for tasks to queue
[2022-12-16 02:12:51,792] {logging_mixin.py:115} INFO - [2022-12-16 02:12:51,792] {dagbag.py:507} INFO - Filling up the DagBag from /home/airflow/.local/lib/python3.7/site-packages/airflow/example_dags/example_branch_datetime_operator.py
[2022-12-16 02:12:51,809] {processor.py:651} INFO - DAG(s) dict_keys(['example_branch_datetime_operator_2']) retrieved from /home/airflow/.local/lib/python3.7/site-packages/airflow/example_dags/example_branch_datetime_operator.py
[2022-12-16 02:12:51,866] {logging_mixin.py:115} INFO - [2022-12-16 02:12:51,866] {dag.py:2371} INFO - Sync 1 DAGs
[2022-12-16 02:12:51,903] {logging_mixin.py:115} INFO - [2022-12-16 02:12:51,903] {dag.py:2919} INFO - Setting next_dagrun for example_branch_datetime_operator_2 to 2022-12-15T00:00:00+00:00, run_after=2022-12-16T00:00:00+00:00
[2022-12-16 02:12:51,922] {processor.py:161} INFO - Processing /home/airflow/.local/lib/python3.7/site-packages/airflow/example_dags/example_branch_datetime_operator.py took 0.147 seconds
