[2022-12-16 01:50:21,403] {processor.py:153} INFO - Started process (PID=49) to work on /home/airflow/.local/lib/python3.7/site-packages/airflow/example_dags/example_external_task_marker_dag.py
[2022-12-16 01:50:21,406] {processor.py:641} INFO - Processing file /home/airflow/.local/lib/python3.7/site-packages/airflow/example_dags/example_external_task_marker_dag.py for tasks to queue
[2022-12-16 01:50:21,412] {logging_mixin.py:115} INFO - [2022-12-16 01:50:21,412] {dagbag.py:507} INFO - Filling up the DagBag from /home/airflow/.local/lib/python3.7/site-packages/airflow/example_dags/example_external_task_marker_dag.py
[2022-12-16 01:50:21,428] {processor.py:651} INFO - DAG(s) dict_keys(['example_external_task_marker_parent', 'example_external_task_marker_child']) retrieved from /home/airflow/.local/lib/python3.7/site-packages/airflow/example_dags/example_external_task_marker_dag.py
[2022-12-16 01:50:21,749] {logging_mixin.py:115} INFO - [2022-12-16 01:50:21,749] {manager.py:508} INFO - Created Permission View: can edit on DAG:example_external_task_marker_parent
[2022-12-16 01:50:21,764] {logging_mixin.py:115} INFO - [2022-12-16 01:50:21,764] {manager.py:508} INFO - Created Permission View: can delete on DAG:example_external_task_marker_parent
[2022-12-16 01:50:21,771] {logging_mixin.py:115} INFO - [2022-12-16 01:50:21,771] {manager.py:508} INFO - Created Permission View: can read on DAG:example_external_task_marker_parent
[2022-12-16 01:50:21,806] {logging_mixin.py:115} INFO - [2022-12-16 01:50:21,806] {manager.py:508} INFO - Created Permission View: can edit on DAG:example_external_task_marker_child
[2022-12-16 01:50:21,834] {logging_mixin.py:115} INFO - [2022-12-16 01:50:21,833] {manager.py:508} INFO - Created Permission View: can delete on DAG:example_external_task_marker_child
[2022-12-16 01:50:21,861] {logging_mixin.py:115} INFO - [2022-12-16 01:50:21,861] {manager.py:508} INFO - Created Permission View: can read on DAG:example_external_task_marker_child
[2022-12-16 01:50:21,863] {logging_mixin.py:115} INFO - [2022-12-16 01:50:21,863] {dag.py:2371} INFO - Sync 2 DAGs
[2022-12-16 01:50:21,882] {logging_mixin.py:115} INFO - [2022-12-16 01:50:21,881] {dag.py:2390} INFO - Creating ORM DAG for example_external_task_marker_child
[2022-12-16 01:50:21,882] {logging_mixin.py:115} INFO - [2022-12-16 01:50:21,882] {dag.py:2390} INFO - Creating ORM DAG for example_external_task_marker_parent
[2022-12-16 01:50:21,908] {logging_mixin.py:115} INFO - [2022-12-16 01:50:21,908] {dag.py:2919} INFO - Setting next_dagrun for example_external_task_marker_child to None, run_after=None
[2022-12-16 01:50:21,911] {logging_mixin.py:115} INFO - [2022-12-16 01:50:21,911] {dag.py:2919} INFO - Setting next_dagrun for example_external_task_marker_parent to None, run_after=None
[2022-12-16 01:50:21,940] {processor.py:161} INFO - Processing /home/airflow/.local/lib/python3.7/site-packages/airflow/example_dags/example_external_task_marker_dag.py took 0.549 seconds
[2022-12-16 01:50:52,124] {processor.py:153} INFO - Started process (PID=102) to work on /home/airflow/.local/lib/python3.7/site-packages/airflow/example_dags/example_external_task_marker_dag.py
[2022-12-16 01:50:52,125] {processor.py:641} INFO - Processing file /home/airflow/.local/lib/python3.7/site-packages/airflow/example_dags/example_external_task_marker_dag.py for tasks to queue
[2022-12-16 01:50:52,127] {logging_mixin.py:115} INFO - [2022-12-16 01:50:52,126] {dagbag.py:507} INFO - Filling up the DagBag from /home/airflow/.local/lib/python3.7/site-packages/airflow/example_dags/example_external_task_marker_dag.py
[2022-12-16 01:50:52,132] {processor.py:651} INFO - DAG(s) dict_keys(['example_external_task_marker_parent', 'example_external_task_marker_child']) retrieved from /home/airflow/.local/lib/python3.7/site-packages/airflow/example_dags/example_external_task_marker_dag.py
[2022-12-16 01:50:52,172] {logging_mixin.py:115} INFO - [2022-12-16 01:50:52,172] {dag.py:2371} INFO - Sync 2 DAGs
[2022-12-16 01:50:52,322] {logging_mixin.py:115} INFO - [2022-12-16 01:50:52,321] {dag.py:2919} INFO - Setting next_dagrun for example_external_task_marker_child to None, run_after=None
[2022-12-16 01:50:52,322] {logging_mixin.py:115} INFO - [2022-12-16 01:50:52,322] {dag.py:2919} INFO - Setting next_dagrun for example_external_task_marker_parent to None, run_after=None
[2022-12-16 01:50:52,334] {processor.py:161} INFO - Processing /home/airflow/.local/lib/python3.7/site-packages/airflow/example_dags/example_external_task_marker_dag.py took 0.214 seconds
[2022-12-16 01:51:22,386] {processor.py:153} INFO - Started process (PID=163) to work on /home/airflow/.local/lib/python3.7/site-packages/airflow/example_dags/example_external_task_marker_dag.py
[2022-12-16 01:51:22,387] {processor.py:641} INFO - Processing file /home/airflow/.local/lib/python3.7/site-packages/airflow/example_dags/example_external_task_marker_dag.py for tasks to queue
[2022-12-16 01:51:22,388] {logging_mixin.py:115} INFO - [2022-12-16 01:51:22,388] {dagbag.py:507} INFO - Filling up the DagBag from /home/airflow/.local/lib/python3.7/site-packages/airflow/example_dags/example_external_task_marker_dag.py
[2022-12-16 01:51:22,398] {processor.py:651} INFO - DAG(s) dict_keys(['example_external_task_marker_parent', 'example_external_task_marker_child']) retrieved from /home/airflow/.local/lib/python3.7/site-packages/airflow/example_dags/example_external_task_marker_dag.py
[2022-12-16 01:51:22,457] {logging_mixin.py:115} INFO - [2022-12-16 01:51:22,457] {dag.py:2371} INFO - Sync 2 DAGs
[2022-12-16 01:51:22,629] {logging_mixin.py:115} INFO - [2022-12-16 01:51:22,629] {dag.py:2919} INFO - Setting next_dagrun for example_external_task_marker_child to None, run_after=None
[2022-12-16 01:51:22,629] {logging_mixin.py:115} INFO - [2022-12-16 01:51:22,629] {dag.py:2919} INFO - Setting next_dagrun for example_external_task_marker_parent to None, run_after=None
[2022-12-16 01:51:22,644] {processor.py:161} INFO - Processing /home/airflow/.local/lib/python3.7/site-packages/airflow/example_dags/example_external_task_marker_dag.py took 0.262 seconds
[2022-12-16 01:51:53,182] {processor.py:153} INFO - Started process (PID=225) to work on /home/airflow/.local/lib/python3.7/site-packages/airflow/example_dags/example_external_task_marker_dag.py
[2022-12-16 01:51:53,183] {processor.py:641} INFO - Processing file /home/airflow/.local/lib/python3.7/site-packages/airflow/example_dags/example_external_task_marker_dag.py for tasks to queue
[2022-12-16 01:51:53,184] {logging_mixin.py:115} INFO - [2022-12-16 01:51:53,184] {dagbag.py:507} INFO - Filling up the DagBag from /home/airflow/.local/lib/python3.7/site-packages/airflow/example_dags/example_external_task_marker_dag.py
[2022-12-16 01:51:53,190] {processor.py:651} INFO - DAG(s) dict_keys(['example_external_task_marker_parent', 'example_external_task_marker_child']) retrieved from /home/airflow/.local/lib/python3.7/site-packages/airflow/example_dags/example_external_task_marker_dag.py
[2022-12-16 01:51:53,243] {logging_mixin.py:115} INFO - [2022-12-16 01:51:53,243] {dag.py:2371} INFO - Sync 2 DAGs
[2022-12-16 01:51:53,441] {logging_mixin.py:115} INFO - [2022-12-16 01:51:53,441] {dag.py:2919} INFO - Setting next_dagrun for example_external_task_marker_child to None, run_after=None
[2022-12-16 01:51:53,441] {logging_mixin.py:115} INFO - [2022-12-16 01:51:53,441] {dag.py:2919} INFO - Setting next_dagrun for example_external_task_marker_parent to None, run_after=None
[2022-12-16 01:51:53,479] {processor.py:161} INFO - Processing /home/airflow/.local/lib/python3.7/site-packages/airflow/example_dags/example_external_task_marker_dag.py took 0.300 seconds
[2022-12-16 01:52:24,021] {processor.py:153} INFO - Started process (PID=278) to work on /home/airflow/.local/lib/python3.7/site-packages/airflow/example_dags/example_external_task_marker_dag.py
[2022-12-16 01:52:24,032] {processor.py:641} INFO - Processing file /home/airflow/.local/lib/python3.7/site-packages/airflow/example_dags/example_external_task_marker_dag.py for tasks to queue
[2022-12-16 01:52:24,033] {logging_mixin.py:115} INFO - [2022-12-16 01:52:24,033] {dagbag.py:507} INFO - Filling up the DagBag from /home/airflow/.local/lib/python3.7/site-packages/airflow/example_dags/example_external_task_marker_dag.py
[2022-12-16 01:52:24,052] {processor.py:651} INFO - DAG(s) dict_keys(['example_external_task_marker_parent', 'example_external_task_marker_child']) retrieved from /home/airflow/.local/lib/python3.7/site-packages/airflow/example_dags/example_external_task_marker_dag.py
[2022-12-16 01:52:24,524] {logging_mixin.py:115} INFO - [2022-12-16 01:52:24,524] {dag.py:2371} INFO - Sync 2 DAGs
[2022-12-16 01:52:24,541] {logging_mixin.py:115} INFO - [2022-12-16 01:52:24,541] {dag.py:2390} INFO - Creating ORM DAG for example_external_task_marker_child
[2022-12-16 01:52:24,554] {logging_mixin.py:115} INFO - [2022-12-16 01:52:24,554] {dag.py:2919} INFO - Setting next_dagrun for example_external_task_marker_child to None, run_after=None
[2022-12-16 01:52:24,555] {logging_mixin.py:115} INFO - [2022-12-16 01:52:24,555] {dag.py:2919} INFO - Setting next_dagrun for example_external_task_marker_parent to None, run_after=None
[2022-12-16 01:52:24,588] {processor.py:161} INFO - Processing /home/airflow/.local/lib/python3.7/site-packages/airflow/example_dags/example_external_task_marker_dag.py took 0.572 seconds
[2022-12-16 01:52:54,874] {processor.py:153} INFO - Started process (PID=339) to work on /home/airflow/.local/lib/python3.7/site-packages/airflow/example_dags/example_external_task_marker_dag.py
[2022-12-16 01:52:54,875] {processor.py:641} INFO - Processing file /home/airflow/.local/lib/python3.7/site-packages/airflow/example_dags/example_external_task_marker_dag.py for tasks to queue
[2022-12-16 01:52:54,876] {logging_mixin.py:115} INFO - [2022-12-16 01:52:54,876] {dagbag.py:507} INFO - Filling up the DagBag from /home/airflow/.local/lib/python3.7/site-packages/airflow/example_dags/example_external_task_marker_dag.py
[2022-12-16 01:52:54,881] {processor.py:651} INFO - DAG(s) dict_keys(['example_external_task_marker_parent', 'example_external_task_marker_child']) retrieved from /home/airflow/.local/lib/python3.7/site-packages/airflow/example_dags/example_external_task_marker_dag.py
[2022-12-16 01:52:54,935] {logging_mixin.py:115} INFO - [2022-12-16 01:52:54,935] {dag.py:2371} INFO - Sync 2 DAGs
[2022-12-16 01:52:55,155] {logging_mixin.py:115} INFO - [2022-12-16 01:52:55,155] {dag.py:2919} INFO - Setting next_dagrun for example_external_task_marker_child to None, run_after=None
[2022-12-16 01:52:55,156] {logging_mixin.py:115} INFO - [2022-12-16 01:52:55,156] {dag.py:2919} INFO - Setting next_dagrun for example_external_task_marker_parent to None, run_after=None
[2022-12-16 01:52:55,172] {processor.py:161} INFO - Processing /home/airflow/.local/lib/python3.7/site-packages/airflow/example_dags/example_external_task_marker_dag.py took 0.301 seconds
[2022-12-16 01:53:25,546] {processor.py:153} INFO - Started process (PID=399) to work on /home/airflow/.local/lib/python3.7/site-packages/airflow/example_dags/example_external_task_marker_dag.py
[2022-12-16 01:53:25,547] {processor.py:641} INFO - Processing file /home/airflow/.local/lib/python3.7/site-packages/airflow/example_dags/example_external_task_marker_dag.py for tasks to queue
[2022-12-16 01:53:25,549] {logging_mixin.py:115} INFO - [2022-12-16 01:53:25,548] {dagbag.py:507} INFO - Filling up the DagBag from /home/airflow/.local/lib/python3.7/site-packages/airflow/example_dags/example_external_task_marker_dag.py
[2022-12-16 01:53:25,556] {processor.py:651} INFO - DAG(s) dict_keys(['example_external_task_marker_parent', 'example_external_task_marker_child']) retrieved from /home/airflow/.local/lib/python3.7/site-packages/airflow/example_dags/example_external_task_marker_dag.py
[2022-12-16 01:53:25,616] {logging_mixin.py:115} INFO - [2022-12-16 01:53:25,616] {dag.py:2371} INFO - Sync 2 DAGs
[2022-12-16 01:53:25,829] {logging_mixin.py:115} INFO - [2022-12-16 01:53:25,829] {dag.py:2919} INFO - Setting next_dagrun for example_external_task_marker_child to None, run_after=None
[2022-12-16 01:53:25,829] {logging_mixin.py:115} INFO - [2022-12-16 01:53:25,829] {dag.py:2919} INFO - Setting next_dagrun for example_external_task_marker_parent to None, run_after=None
[2022-12-16 01:53:25,842] {processor.py:161} INFO - Processing /home/airflow/.local/lib/python3.7/site-packages/airflow/example_dags/example_external_task_marker_dag.py took 0.300 seconds
[2022-12-16 01:53:56,309] {processor.py:153} INFO - Started process (PID=451) to work on /home/airflow/.local/lib/python3.7/site-packages/airflow/example_dags/example_external_task_marker_dag.py
[2022-12-16 01:53:56,310] {processor.py:641} INFO - Processing file /home/airflow/.local/lib/python3.7/site-packages/airflow/example_dags/example_external_task_marker_dag.py for tasks to queue
[2022-12-16 01:53:56,310] {logging_mixin.py:115} INFO - [2022-12-16 01:53:56,310] {dagbag.py:507} INFO - Filling up the DagBag from /home/airflow/.local/lib/python3.7/site-packages/airflow/example_dags/example_external_task_marker_dag.py
[2022-12-16 01:53:56,320] {processor.py:651} INFO - DAG(s) dict_keys(['example_external_task_marker_parent', 'example_external_task_marker_child']) retrieved from /home/airflow/.local/lib/python3.7/site-packages/airflow/example_dags/example_external_task_marker_dag.py
[2022-12-16 01:53:56,370] {logging_mixin.py:115} INFO - [2022-12-16 01:53:56,370] {dag.py:2371} INFO - Sync 2 DAGs
[2022-12-16 01:53:56,560] {logging_mixin.py:115} INFO - [2022-12-16 01:53:56,560] {dag.py:2919} INFO - Setting next_dagrun for example_external_task_marker_child to None, run_after=None
[2022-12-16 01:53:56,561] {logging_mixin.py:115} INFO - [2022-12-16 01:53:56,561] {dag.py:2919} INFO - Setting next_dagrun for example_external_task_marker_parent to None, run_after=None
[2022-12-16 01:53:56,574] {processor.py:161} INFO - Processing /home/airflow/.local/lib/python3.7/site-packages/airflow/example_dags/example_external_task_marker_dag.py took 0.269 seconds
[2022-12-16 01:54:27,350] {processor.py:153} INFO - Started process (PID=512) to work on /home/airflow/.local/lib/python3.7/site-packages/airflow/example_dags/example_external_task_marker_dag.py
[2022-12-16 01:54:27,350] {processor.py:641} INFO - Processing file /home/airflow/.local/lib/python3.7/site-packages/airflow/example_dags/example_external_task_marker_dag.py for tasks to queue
[2022-12-16 01:54:27,351] {logging_mixin.py:115} INFO - [2022-12-16 01:54:27,351] {dagbag.py:507} INFO - Filling up the DagBag from /home/airflow/.local/lib/python3.7/site-packages/airflow/example_dags/example_external_task_marker_dag.py
[2022-12-16 01:54:27,357] {processor.py:651} INFO - DAG(s) dict_keys(['example_external_task_marker_parent', 'example_external_task_marker_child']) retrieved from /home/airflow/.local/lib/python3.7/site-packages/airflow/example_dags/example_external_task_marker_dag.py
[2022-12-16 01:54:27,397] {logging_mixin.py:115} INFO - [2022-12-16 01:54:27,396] {dag.py:2371} INFO - Sync 2 DAGs
[2022-12-16 01:54:27,555] {logging_mixin.py:115} INFO - [2022-12-16 01:54:27,555] {dag.py:2919} INFO - Setting next_dagrun for example_external_task_marker_child to None, run_after=None
[2022-12-16 01:54:27,556] {logging_mixin.py:115} INFO - [2022-12-16 01:54:27,556] {dag.py:2919} INFO - Setting next_dagrun for example_external_task_marker_parent to None, run_after=None
[2022-12-16 01:54:27,567] {processor.py:161} INFO - Processing /home/airflow/.local/lib/python3.7/site-packages/airflow/example_dags/example_external_task_marker_dag.py took 0.220 seconds
[2022-12-16 01:54:57,867] {processor.py:153} INFO - Started process (PID=573) to work on /home/airflow/.local/lib/python3.7/site-packages/airflow/example_dags/example_external_task_marker_dag.py
[2022-12-16 01:54:57,867] {processor.py:641} INFO - Processing file /home/airflow/.local/lib/python3.7/site-packages/airflow/example_dags/example_external_task_marker_dag.py for tasks to queue
[2022-12-16 01:54:57,868] {logging_mixin.py:115} INFO - [2022-12-16 01:54:57,868] {dagbag.py:507} INFO - Filling up the DagBag from /home/airflow/.local/lib/python3.7/site-packages/airflow/example_dags/example_external_task_marker_dag.py
[2022-12-16 01:54:57,876] {processor.py:651} INFO - DAG(s) dict_keys(['example_external_task_marker_parent', 'example_external_task_marker_child']) retrieved from /home/airflow/.local/lib/python3.7/site-packages/airflow/example_dags/example_external_task_marker_dag.py
[2022-12-16 01:54:57,922] {logging_mixin.py:115} INFO - [2022-12-16 01:54:57,922] {dag.py:2371} INFO - Sync 2 DAGs
[2022-12-16 01:54:58,106] {logging_mixin.py:115} INFO - [2022-12-16 01:54:58,106] {dag.py:2919} INFO - Setting next_dagrun for example_external_task_marker_child to None, run_after=None
[2022-12-16 01:54:58,106] {logging_mixin.py:115} INFO - [2022-12-16 01:54:58,106] {dag.py:2919} INFO - Setting next_dagrun for example_external_task_marker_parent to None, run_after=None
[2022-12-16 01:54:58,125] {processor.py:161} INFO - Processing /home/airflow/.local/lib/python3.7/site-packages/airflow/example_dags/example_external_task_marker_dag.py took 0.262 seconds
[2022-12-16 01:55:28,594] {processor.py:153} INFO - Started process (PID=626) to work on /home/airflow/.local/lib/python3.7/site-packages/airflow/example_dags/example_external_task_marker_dag.py
[2022-12-16 01:55:28,594] {processor.py:641} INFO - Processing file /home/airflow/.local/lib/python3.7/site-packages/airflow/example_dags/example_external_task_marker_dag.py for tasks to queue
[2022-12-16 01:55:28,596] {logging_mixin.py:115} INFO - [2022-12-16 01:55:28,595] {dagbag.py:507} INFO - Filling up the DagBag from /home/airflow/.local/lib/python3.7/site-packages/airflow/example_dags/example_external_task_marker_dag.py
[2022-12-16 01:55:28,602] {processor.py:651} INFO - DAG(s) dict_keys(['example_external_task_marker_parent', 'example_external_task_marker_child']) retrieved from /home/airflow/.local/lib/python3.7/site-packages/airflow/example_dags/example_external_task_marker_dag.py
[2022-12-16 01:55:28,659] {logging_mixin.py:115} INFO - [2022-12-16 01:55:28,659] {dag.py:2371} INFO - Sync 2 DAGs
[2022-12-16 01:55:28,861] {logging_mixin.py:115} INFO - [2022-12-16 01:55:28,861] {dag.py:2919} INFO - Setting next_dagrun for example_external_task_marker_child to None, run_after=None
[2022-12-16 01:55:28,862] {logging_mixin.py:115} INFO - [2022-12-16 01:55:28,862] {dag.py:2919} INFO - Setting next_dagrun for example_external_task_marker_parent to None, run_after=None
[2022-12-16 01:55:28,873] {processor.py:161} INFO - Processing /home/airflow/.local/lib/python3.7/site-packages/airflow/example_dags/example_external_task_marker_dag.py took 0.283 seconds
[2022-12-16 01:55:59,014] {processor.py:153} INFO - Started process (PID=687) to work on /home/airflow/.local/lib/python3.7/site-packages/airflow/example_dags/example_external_task_marker_dag.py
[2022-12-16 01:55:59,014] {processor.py:641} INFO - Processing file /home/airflow/.local/lib/python3.7/site-packages/airflow/example_dags/example_external_task_marker_dag.py for tasks to queue
[2022-12-16 01:55:59,015] {logging_mixin.py:115} INFO - [2022-12-16 01:55:59,015] {dagbag.py:507} INFO - Filling up the DagBag from /home/airflow/.local/lib/python3.7/site-packages/airflow/example_dags/example_external_task_marker_dag.py
[2022-12-16 01:55:59,020] {processor.py:651} INFO - DAG(s) dict_keys(['example_external_task_marker_parent', 'example_external_task_marker_child']) retrieved from /home/airflow/.local/lib/python3.7/site-packages/airflow/example_dags/example_external_task_marker_dag.py
[2022-12-16 01:55:59,079] {logging_mixin.py:115} INFO - [2022-12-16 01:55:59,079] {dag.py:2371} INFO - Sync 2 DAGs
[2022-12-16 01:55:59,247] {logging_mixin.py:115} INFO - [2022-12-16 01:55:59,247] {dag.py:2919} INFO - Setting next_dagrun for example_external_task_marker_child to None, run_after=None
[2022-12-16 01:55:59,249] {logging_mixin.py:115} INFO - [2022-12-16 01:55:59,249] {dag.py:2919} INFO - Setting next_dagrun for example_external_task_marker_parent to None, run_after=None
[2022-12-16 01:55:59,265] {processor.py:161} INFO - Processing /home/airflow/.local/lib/python3.7/site-packages/airflow/example_dags/example_external_task_marker_dag.py took 0.256 seconds
[2022-12-16 01:56:29,720] {processor.py:153} INFO - Started process (PID=749) to work on /home/airflow/.local/lib/python3.7/site-packages/airflow/example_dags/example_external_task_marker_dag.py
[2022-12-16 01:56:29,723] {processor.py:641} INFO - Processing file /home/airflow/.local/lib/python3.7/site-packages/airflow/example_dags/example_external_task_marker_dag.py for tasks to queue
[2022-12-16 01:56:29,724] {logging_mixin.py:115} INFO - [2022-12-16 01:56:29,724] {dagbag.py:507} INFO - Filling up the DagBag from /home/airflow/.local/lib/python3.7/site-packages/airflow/example_dags/example_external_task_marker_dag.py
[2022-12-16 01:56:29,731] {processor.py:651} INFO - DAG(s) dict_keys(['example_external_task_marker_parent', 'example_external_task_marker_child']) retrieved from /home/airflow/.local/lib/python3.7/site-packages/airflow/example_dags/example_external_task_marker_dag.py
[2022-12-16 01:56:29,785] {logging_mixin.py:115} INFO - [2022-12-16 01:56:29,784] {dag.py:2371} INFO - Sync 2 DAGs
[2022-12-16 01:56:29,945] {logging_mixin.py:115} INFO - [2022-12-16 01:56:29,945] {dag.py:2919} INFO - Setting next_dagrun for example_external_task_marker_child to None, run_after=None
[2022-12-16 01:56:29,946] {logging_mixin.py:115} INFO - [2022-12-16 01:56:29,945] {dag.py:2919} INFO - Setting next_dagrun for example_external_task_marker_parent to None, run_after=None
[2022-12-16 01:56:29,958] {processor.py:161} INFO - Processing /home/airflow/.local/lib/python3.7/site-packages/airflow/example_dags/example_external_task_marker_dag.py took 0.242 seconds
[2022-12-16 01:57:00,442] {processor.py:153} INFO - Started process (PID=811) to work on /home/airflow/.local/lib/python3.7/site-packages/airflow/example_dags/example_external_task_marker_dag.py
[2022-12-16 01:57:00,443] {processor.py:641} INFO - Processing file /home/airflow/.local/lib/python3.7/site-packages/airflow/example_dags/example_external_task_marker_dag.py for tasks to queue
[2022-12-16 01:57:00,444] {logging_mixin.py:115} INFO - [2022-12-16 01:57:00,444] {dagbag.py:507} INFO - Filling up the DagBag from /home/airflow/.local/lib/python3.7/site-packages/airflow/example_dags/example_external_task_marker_dag.py
[2022-12-16 01:57:00,452] {processor.py:651} INFO - DAG(s) dict_keys(['example_external_task_marker_parent', 'example_external_task_marker_child']) retrieved from /home/airflow/.local/lib/python3.7/site-packages/airflow/example_dags/example_external_task_marker_dag.py
[2022-12-16 01:57:00,498] {logging_mixin.py:115} INFO - [2022-12-16 01:57:00,498] {dag.py:2371} INFO - Sync 2 DAGs
[2022-12-16 01:57:00,665] {logging_mixin.py:115} INFO - [2022-12-16 01:57:00,665] {dag.py:2919} INFO - Setting next_dagrun for example_external_task_marker_child to None, run_after=None
[2022-12-16 01:57:00,666] {logging_mixin.py:115} INFO - [2022-12-16 01:57:00,666] {dag.py:2919} INFO - Setting next_dagrun for example_external_task_marker_parent to None, run_after=None
[2022-12-16 01:57:00,679] {processor.py:161} INFO - Processing /home/airflow/.local/lib/python3.7/site-packages/airflow/example_dags/example_external_task_marker_dag.py took 0.243 seconds
[2022-12-16 01:57:30,972] {processor.py:153} INFO - Started process (PID=864) to work on /home/airflow/.local/lib/python3.7/site-packages/airflow/example_dags/example_external_task_marker_dag.py
[2022-12-16 01:57:30,973] {processor.py:641} INFO - Processing file /home/airflow/.local/lib/python3.7/site-packages/airflow/example_dags/example_external_task_marker_dag.py for tasks to queue
[2022-12-16 01:57:30,974] {logging_mixin.py:115} INFO - [2022-12-16 01:57:30,974] {dagbag.py:507} INFO - Filling up the DagBag from /home/airflow/.local/lib/python3.7/site-packages/airflow/example_dags/example_external_task_marker_dag.py
[2022-12-16 01:57:30,979] {processor.py:651} INFO - DAG(s) dict_keys(['example_external_task_marker_parent', 'example_external_task_marker_child']) retrieved from /home/airflow/.local/lib/python3.7/site-packages/airflow/example_dags/example_external_task_marker_dag.py
[2022-12-16 01:57:31,027] {logging_mixin.py:115} INFO - [2022-12-16 01:57:31,027] {dag.py:2371} INFO - Sync 2 DAGs
[2022-12-16 01:57:31,182] {logging_mixin.py:115} INFO - [2022-12-16 01:57:31,182] {dag.py:2919} INFO - Setting next_dagrun for example_external_task_marker_child to None, run_after=None
[2022-12-16 01:57:31,183] {logging_mixin.py:115} INFO - [2022-12-16 01:57:31,183] {dag.py:2919} INFO - Setting next_dagrun for example_external_task_marker_parent to None, run_after=None
[2022-12-16 01:57:31,192] {processor.py:161} INFO - Processing /home/airflow/.local/lib/python3.7/site-packages/airflow/example_dags/example_external_task_marker_dag.py took 0.224 seconds
[2022-12-16 01:58:55,363] {processor.py:153} INFO - Started process (PID=48) to work on /home/airflow/.local/lib/python3.7/site-packages/airflow/example_dags/example_external_task_marker_dag.py
[2022-12-16 01:58:55,379] {processor.py:641} INFO - Processing file /home/airflow/.local/lib/python3.7/site-packages/airflow/example_dags/example_external_task_marker_dag.py for tasks to queue
[2022-12-16 01:58:55,380] {logging_mixin.py:115} INFO - [2022-12-16 01:58:55,380] {dagbag.py:507} INFO - Filling up the DagBag from /home/airflow/.local/lib/python3.7/site-packages/airflow/example_dags/example_external_task_marker_dag.py
[2022-12-16 01:58:55,384] {processor.py:651} INFO - DAG(s) dict_keys(['example_external_task_marker_parent', 'example_external_task_marker_child']) retrieved from /home/airflow/.local/lib/python3.7/site-packages/airflow/example_dags/example_external_task_marker_dag.py
[2022-12-16 01:58:55,543] {logging_mixin.py:115} INFO - [2022-12-16 01:58:55,543] {dag.py:2371} INFO - Sync 2 DAGs
[2022-12-16 01:58:55,622] {logging_mixin.py:115} INFO - [2022-12-16 01:58:55,621] {dag.py:2919} INFO - Setting next_dagrun for example_external_task_marker_child to None, run_after=None
[2022-12-16 01:58:55,622] {logging_mixin.py:115} INFO - [2022-12-16 01:58:55,622] {dag.py:2919} INFO - Setting next_dagrun for example_external_task_marker_parent to None, run_after=None
[2022-12-16 01:58:55,664] {processor.py:161} INFO - Processing /home/airflow/.local/lib/python3.7/site-packages/airflow/example_dags/example_external_task_marker_dag.py took 0.304 seconds
[2022-12-16 01:59:41,996] {processor.py:153} INFO - Started process (PID=41) to work on /home/airflow/.local/lib/python3.7/site-packages/airflow/example_dags/example_external_task_marker_dag.py
[2022-12-16 01:59:42,007] {processor.py:641} INFO - Processing file /home/airflow/.local/lib/python3.7/site-packages/airflow/example_dags/example_external_task_marker_dag.py for tasks to queue
[2022-12-16 01:59:42,012] {logging_mixin.py:115} INFO - [2022-12-16 01:59:42,012] {dagbag.py:507} INFO - Filling up the DagBag from /home/airflow/.local/lib/python3.7/site-packages/airflow/example_dags/example_external_task_marker_dag.py
[2022-12-16 01:59:42,040] {processor.py:651} INFO - DAG(s) dict_keys(['example_external_task_marker_parent', 'example_external_task_marker_child']) retrieved from /home/airflow/.local/lib/python3.7/site-packages/airflow/example_dags/example_external_task_marker_dag.py
[2022-12-16 01:59:42,211] {logging_mixin.py:115} INFO - [2022-12-16 01:59:42,211] {dag.py:2371} INFO - Sync 2 DAGs
[2022-12-16 01:59:42,280] {logging_mixin.py:115} INFO - [2022-12-16 01:59:42,280] {dag.py:2919} INFO - Setting next_dagrun for example_external_task_marker_child to None, run_after=None
[2022-12-16 01:59:42,283] {logging_mixin.py:115} INFO - [2022-12-16 01:59:42,283] {dag.py:2919} INFO - Setting next_dagrun for example_external_task_marker_parent to None, run_after=None
[2022-12-16 01:59:42,331] {processor.py:161} INFO - Processing /home/airflow/.local/lib/python3.7/site-packages/airflow/example_dags/example_external_task_marker_dag.py took 0.342 seconds
[2022-12-16 02:00:12,725] {processor.py:153} INFO - Started process (PID=103) to work on /home/airflow/.local/lib/python3.7/site-packages/airflow/example_dags/example_external_task_marker_dag.py
[2022-12-16 02:00:12,726] {processor.py:641} INFO - Processing file /home/airflow/.local/lib/python3.7/site-packages/airflow/example_dags/example_external_task_marker_dag.py for tasks to queue
[2022-12-16 02:00:12,729] {logging_mixin.py:115} INFO - [2022-12-16 02:00:12,729] {dagbag.py:507} INFO - Filling up the DagBag from /home/airflow/.local/lib/python3.7/site-packages/airflow/example_dags/example_external_task_marker_dag.py
[2022-12-16 02:00:12,736] {processor.py:651} INFO - DAG(s) dict_keys(['example_external_task_marker_parent', 'example_external_task_marker_child']) retrieved from /home/airflow/.local/lib/python3.7/site-packages/airflow/example_dags/example_external_task_marker_dag.py
[2022-12-16 02:00:12,801] {logging_mixin.py:115} INFO - [2022-12-16 02:00:12,800] {dag.py:2371} INFO - Sync 2 DAGs
[2022-12-16 02:00:12,827] {logging_mixin.py:115} INFO - [2022-12-16 02:00:12,827] {dag.py:2919} INFO - Setting next_dagrun for example_external_task_marker_child to None, run_after=None
[2022-12-16 02:00:12,828] {logging_mixin.py:115} INFO - [2022-12-16 02:00:12,828] {dag.py:2919} INFO - Setting next_dagrun for example_external_task_marker_parent to None, run_after=None
[2022-12-16 02:00:12,843] {processor.py:161} INFO - Processing /home/airflow/.local/lib/python3.7/site-packages/airflow/example_dags/example_external_task_marker_dag.py took 0.122 seconds
[2022-12-16 02:00:43,685] {processor.py:153} INFO - Started process (PID=166) to work on /home/airflow/.local/lib/python3.7/site-packages/airflow/example_dags/example_external_task_marker_dag.py
[2022-12-16 02:00:43,686] {processor.py:641} INFO - Processing file /home/airflow/.local/lib/python3.7/site-packages/airflow/example_dags/example_external_task_marker_dag.py for tasks to queue
[2022-12-16 02:00:43,687] {logging_mixin.py:115} INFO - [2022-12-16 02:00:43,687] {dagbag.py:507} INFO - Filling up the DagBag from /home/airflow/.local/lib/python3.7/site-packages/airflow/example_dags/example_external_task_marker_dag.py
[2022-12-16 02:00:43,693] {processor.py:651} INFO - DAG(s) dict_keys(['example_external_task_marker_parent', 'example_external_task_marker_child']) retrieved from /home/airflow/.local/lib/python3.7/site-packages/airflow/example_dags/example_external_task_marker_dag.py
[2022-12-16 02:00:43,736] {logging_mixin.py:115} INFO - [2022-12-16 02:00:43,736] {dag.py:2371} INFO - Sync 2 DAGs
[2022-12-16 02:00:43,757] {logging_mixin.py:115} INFO - [2022-12-16 02:00:43,757] {dag.py:2919} INFO - Setting next_dagrun for example_external_task_marker_child to None, run_after=None
[2022-12-16 02:00:43,758] {logging_mixin.py:115} INFO - [2022-12-16 02:00:43,758] {dag.py:2919} INFO - Setting next_dagrun for example_external_task_marker_parent to None, run_after=None
[2022-12-16 02:00:43,772] {processor.py:161} INFO - Processing /home/airflow/.local/lib/python3.7/site-packages/airflow/example_dags/example_external_task_marker_dag.py took 0.091 seconds
[2022-12-16 02:01:14,413] {processor.py:153} INFO - Started process (PID=219) to work on /home/airflow/.local/lib/python3.7/site-packages/airflow/example_dags/example_external_task_marker_dag.py
[2022-12-16 02:01:14,414] {processor.py:641} INFO - Processing file /home/airflow/.local/lib/python3.7/site-packages/airflow/example_dags/example_external_task_marker_dag.py for tasks to queue
[2022-12-16 02:01:14,415] {logging_mixin.py:115} INFO - [2022-12-16 02:01:14,415] {dagbag.py:507} INFO - Filling up the DagBag from /home/airflow/.local/lib/python3.7/site-packages/airflow/example_dags/example_external_task_marker_dag.py
[2022-12-16 02:01:14,423] {processor.py:651} INFO - DAG(s) dict_keys(['example_external_task_marker_parent', 'example_external_task_marker_child']) retrieved from /home/airflow/.local/lib/python3.7/site-packages/airflow/example_dags/example_external_task_marker_dag.py
[2022-12-16 02:01:14,477] {logging_mixin.py:115} INFO - [2022-12-16 02:01:14,477] {dag.py:2371} INFO - Sync 2 DAGs
[2022-12-16 02:01:14,507] {logging_mixin.py:115} INFO - [2022-12-16 02:01:14,507] {dag.py:2919} INFO - Setting next_dagrun for example_external_task_marker_child to None, run_after=None
[2022-12-16 02:01:14,507] {logging_mixin.py:115} INFO - [2022-12-16 02:01:14,507] {dag.py:2919} INFO - Setting next_dagrun for example_external_task_marker_parent to None, run_after=None
[2022-12-16 02:01:14,529] {processor.py:161} INFO - Processing /home/airflow/.local/lib/python3.7/site-packages/airflow/example_dags/example_external_task_marker_dag.py took 0.122 seconds
[2022-12-16 02:01:45,452] {processor.py:153} INFO - Started process (PID=281) to work on /home/airflow/.local/lib/python3.7/site-packages/airflow/example_dags/example_external_task_marker_dag.py
[2022-12-16 02:01:45,453] {processor.py:641} INFO - Processing file /home/airflow/.local/lib/python3.7/site-packages/airflow/example_dags/example_external_task_marker_dag.py for tasks to queue
[2022-12-16 02:01:45,454] {logging_mixin.py:115} INFO - [2022-12-16 02:01:45,454] {dagbag.py:507} INFO - Filling up the DagBag from /home/airflow/.local/lib/python3.7/site-packages/airflow/example_dags/example_external_task_marker_dag.py
[2022-12-16 02:01:45,458] {processor.py:651} INFO - DAG(s) dict_keys(['example_external_task_marker_parent', 'example_external_task_marker_child']) retrieved from /home/airflow/.local/lib/python3.7/site-packages/airflow/example_dags/example_external_task_marker_dag.py
[2022-12-16 02:01:45,507] {logging_mixin.py:115} INFO - [2022-12-16 02:01:45,507] {dag.py:2371} INFO - Sync 2 DAGs
[2022-12-16 02:01:45,530] {logging_mixin.py:115} INFO - [2022-12-16 02:01:45,530] {dag.py:2919} INFO - Setting next_dagrun for example_external_task_marker_child to None, run_after=None
[2022-12-16 02:01:45,530] {logging_mixin.py:115} INFO - [2022-12-16 02:01:45,530] {dag.py:2919} INFO - Setting next_dagrun for example_external_task_marker_parent to None, run_after=None
[2022-12-16 02:01:45,545] {processor.py:161} INFO - Processing /home/airflow/.local/lib/python3.7/site-packages/airflow/example_dags/example_external_task_marker_dag.py took 0.096 seconds
[2022-12-16 02:02:15,882] {processor.py:153} INFO - Started process (PID=343) to work on /home/airflow/.local/lib/python3.7/site-packages/airflow/example_dags/example_external_task_marker_dag.py
[2022-12-16 02:02:15,882] {processor.py:641} INFO - Processing file /home/airflow/.local/lib/python3.7/site-packages/airflow/example_dags/example_external_task_marker_dag.py for tasks to queue
[2022-12-16 02:02:15,883] {logging_mixin.py:115} INFO - [2022-12-16 02:02:15,883] {dagbag.py:507} INFO - Filling up the DagBag from /home/airflow/.local/lib/python3.7/site-packages/airflow/example_dags/example_external_task_marker_dag.py
[2022-12-16 02:02:15,889] {processor.py:651} INFO - DAG(s) dict_keys(['example_external_task_marker_parent', 'example_external_task_marker_child']) retrieved from /home/airflow/.local/lib/python3.7/site-packages/airflow/example_dags/example_external_task_marker_dag.py
[2022-12-16 02:02:15,930] {logging_mixin.py:115} INFO - [2022-12-16 02:02:15,930] {dag.py:2371} INFO - Sync 2 DAGs
[2022-12-16 02:02:15,953] {logging_mixin.py:115} INFO - [2022-12-16 02:02:15,953] {dag.py:2919} INFO - Setting next_dagrun for example_external_task_marker_child to None, run_after=None
[2022-12-16 02:02:15,954] {logging_mixin.py:115} INFO - [2022-12-16 02:02:15,954] {dag.py:2919} INFO - Setting next_dagrun for example_external_task_marker_parent to None, run_after=None
[2022-12-16 02:02:15,969] {processor.py:161} INFO - Processing /home/airflow/.local/lib/python3.7/site-packages/airflow/example_dags/example_external_task_marker_dag.py took 0.090 seconds
[2022-12-16 02:02:46,151] {processor.py:153} INFO - Started process (PID=406) to work on /home/airflow/.local/lib/python3.7/site-packages/airflow/example_dags/example_external_task_marker_dag.py
[2022-12-16 02:02:46,152] {processor.py:641} INFO - Processing file /home/airflow/.local/lib/python3.7/site-packages/airflow/example_dags/example_external_task_marker_dag.py for tasks to queue
[2022-12-16 02:02:46,152] {logging_mixin.py:115} INFO - [2022-12-16 02:02:46,152] {dagbag.py:507} INFO - Filling up the DagBag from /home/airflow/.local/lib/python3.7/site-packages/airflow/example_dags/example_external_task_marker_dag.py
[2022-12-16 02:02:46,157] {processor.py:651} INFO - DAG(s) dict_keys(['example_external_task_marker_parent', 'example_external_task_marker_child']) retrieved from /home/airflow/.local/lib/python3.7/site-packages/airflow/example_dags/example_external_task_marker_dag.py
[2022-12-16 02:02:46,207] {logging_mixin.py:115} INFO - [2022-12-16 02:02:46,207] {dag.py:2371} INFO - Sync 2 DAGs
[2022-12-16 02:02:46,232] {logging_mixin.py:115} INFO - [2022-12-16 02:02:46,232] {dag.py:2919} INFO - Setting next_dagrun for example_external_task_marker_child to None, run_after=None
[2022-12-16 02:02:46,233] {logging_mixin.py:115} INFO - [2022-12-16 02:02:46,233] {dag.py:2919} INFO - Setting next_dagrun for example_external_task_marker_parent to None, run_after=None
[2022-12-16 02:02:46,245] {processor.py:161} INFO - Processing /home/airflow/.local/lib/python3.7/site-packages/airflow/example_dags/example_external_task_marker_dag.py took 0.097 seconds
[2022-12-16 02:03:16,497] {processor.py:153} INFO - Started process (PID=459) to work on /home/airflow/.local/lib/python3.7/site-packages/airflow/example_dags/example_external_task_marker_dag.py
[2022-12-16 02:03:16,498] {processor.py:641} INFO - Processing file /home/airflow/.local/lib/python3.7/site-packages/airflow/example_dags/example_external_task_marker_dag.py for tasks to queue
[2022-12-16 02:03:16,500] {logging_mixin.py:115} INFO - [2022-12-16 02:03:16,500] {dagbag.py:507} INFO - Filling up the DagBag from /home/airflow/.local/lib/python3.7/site-packages/airflow/example_dags/example_external_task_marker_dag.py
[2022-12-16 02:03:16,504] {processor.py:651} INFO - DAG(s) dict_keys(['example_external_task_marker_parent', 'example_external_task_marker_child']) retrieved from /home/airflow/.local/lib/python3.7/site-packages/airflow/example_dags/example_external_task_marker_dag.py
[2022-12-16 02:03:16,545] {logging_mixin.py:115} INFO - [2022-12-16 02:03:16,545] {dag.py:2371} INFO - Sync 2 DAGs
[2022-12-16 02:03:16,566] {logging_mixin.py:115} INFO - [2022-12-16 02:03:16,566] {dag.py:2919} INFO - Setting next_dagrun for example_external_task_marker_child to None, run_after=None
[2022-12-16 02:03:16,567] {logging_mixin.py:115} INFO - [2022-12-16 02:03:16,567] {dag.py:2919} INFO - Setting next_dagrun for example_external_task_marker_parent to None, run_after=None
[2022-12-16 02:03:16,584] {processor.py:161} INFO - Processing /home/airflow/.local/lib/python3.7/site-packages/airflow/example_dags/example_external_task_marker_dag.py took 0.090 seconds
[2022-12-16 02:03:47,159] {processor.py:153} INFO - Started process (PID=521) to work on /home/airflow/.local/lib/python3.7/site-packages/airflow/example_dags/example_external_task_marker_dag.py
[2022-12-16 02:03:47,160] {processor.py:641} INFO - Processing file /home/airflow/.local/lib/python3.7/site-packages/airflow/example_dags/example_external_task_marker_dag.py for tasks to queue
[2022-12-16 02:03:47,162] {logging_mixin.py:115} INFO - [2022-12-16 02:03:47,162] {dagbag.py:507} INFO - Filling up the DagBag from /home/airflow/.local/lib/python3.7/site-packages/airflow/example_dags/example_external_task_marker_dag.py
[2022-12-16 02:03:47,167] {processor.py:651} INFO - DAG(s) dict_keys(['example_external_task_marker_parent', 'example_external_task_marker_child']) retrieved from /home/airflow/.local/lib/python3.7/site-packages/airflow/example_dags/example_external_task_marker_dag.py
[2022-12-16 02:03:47,211] {logging_mixin.py:115} INFO - [2022-12-16 02:03:47,211] {dag.py:2371} INFO - Sync 2 DAGs
[2022-12-16 02:03:47,233] {logging_mixin.py:115} INFO - [2022-12-16 02:03:47,233] {dag.py:2919} INFO - Setting next_dagrun for example_external_task_marker_child to None, run_after=None
[2022-12-16 02:03:47,233] {logging_mixin.py:115} INFO - [2022-12-16 02:03:47,233] {dag.py:2919} INFO - Setting next_dagrun for example_external_task_marker_parent to None, run_after=None
[2022-12-16 02:03:47,248] {processor.py:161} INFO - Processing /home/airflow/.local/lib/python3.7/site-packages/airflow/example_dags/example_external_task_marker_dag.py took 0.095 seconds
[2022-12-16 02:04:17,614] {processor.py:153} INFO - Started process (PID=581) to work on /home/airflow/.local/lib/python3.7/site-packages/airflow/example_dags/example_external_task_marker_dag.py
[2022-12-16 02:04:17,615] {processor.py:641} INFO - Processing file /home/airflow/.local/lib/python3.7/site-packages/airflow/example_dags/example_external_task_marker_dag.py for tasks to queue
[2022-12-16 02:04:17,616] {logging_mixin.py:115} INFO - [2022-12-16 02:04:17,615] {dagbag.py:507} INFO - Filling up the DagBag from /home/airflow/.local/lib/python3.7/site-packages/airflow/example_dags/example_external_task_marker_dag.py
[2022-12-16 02:04:17,620] {processor.py:651} INFO - DAG(s) dict_keys(['example_external_task_marker_parent', 'example_external_task_marker_child']) retrieved from /home/airflow/.local/lib/python3.7/site-packages/airflow/example_dags/example_external_task_marker_dag.py
[2022-12-16 02:04:17,659] {logging_mixin.py:115} INFO - [2022-12-16 02:04:17,658] {dag.py:2371} INFO - Sync 2 DAGs
[2022-12-16 02:04:17,680] {logging_mixin.py:115} INFO - [2022-12-16 02:04:17,680] {dag.py:2919} INFO - Setting next_dagrun for example_external_task_marker_child to None, run_after=None
[2022-12-16 02:04:17,681] {logging_mixin.py:115} INFO - [2022-12-16 02:04:17,681] {dag.py:2919} INFO - Setting next_dagrun for example_external_task_marker_parent to None, run_after=None
[2022-12-16 02:04:17,693] {processor.py:161} INFO - Processing /home/airflow/.local/lib/python3.7/site-packages/airflow/example_dags/example_external_task_marker_dag.py took 0.082 seconds
[2022-12-16 02:04:48,181] {processor.py:153} INFO - Started process (PID=644) to work on /home/airflow/.local/lib/python3.7/site-packages/airflow/example_dags/example_external_task_marker_dag.py
[2022-12-16 02:04:48,182] {processor.py:641} INFO - Processing file /home/airflow/.local/lib/python3.7/site-packages/airflow/example_dags/example_external_task_marker_dag.py for tasks to queue
[2022-12-16 02:04:48,184] {logging_mixin.py:115} INFO - [2022-12-16 02:04:48,183] {dagbag.py:507} INFO - Filling up the DagBag from /home/airflow/.local/lib/python3.7/site-packages/airflow/example_dags/example_external_task_marker_dag.py
[2022-12-16 02:04:48,194] {processor.py:651} INFO - DAG(s) dict_keys(['example_external_task_marker_parent', 'example_external_task_marker_child']) retrieved from /home/airflow/.local/lib/python3.7/site-packages/airflow/example_dags/example_external_task_marker_dag.py
[2022-12-16 02:04:48,245] {logging_mixin.py:115} INFO - [2022-12-16 02:04:48,244] {dag.py:2371} INFO - Sync 2 DAGs
[2022-12-16 02:04:48,268] {logging_mixin.py:115} INFO - [2022-12-16 02:04:48,268] {dag.py:2919} INFO - Setting next_dagrun for example_external_task_marker_child to None, run_after=None
[2022-12-16 02:04:48,268] {logging_mixin.py:115} INFO - [2022-12-16 02:04:48,268] {dag.py:2919} INFO - Setting next_dagrun for example_external_task_marker_parent to None, run_after=None
[2022-12-16 02:04:48,284] {processor.py:161} INFO - Processing /home/airflow/.local/lib/python3.7/site-packages/airflow/example_dags/example_external_task_marker_dag.py took 0.106 seconds
[2022-12-16 02:05:18,775] {processor.py:153} INFO - Started process (PID=698) to work on /home/airflow/.local/lib/python3.7/site-packages/airflow/example_dags/example_external_task_marker_dag.py
[2022-12-16 02:05:18,776] {processor.py:641} INFO - Processing file /home/airflow/.local/lib/python3.7/site-packages/airflow/example_dags/example_external_task_marker_dag.py for tasks to queue
[2022-12-16 02:05:18,778] {logging_mixin.py:115} INFO - [2022-12-16 02:05:18,777] {dagbag.py:507} INFO - Filling up the DagBag from /home/airflow/.local/lib/python3.7/site-packages/airflow/example_dags/example_external_task_marker_dag.py
[2022-12-16 02:05:18,785] {processor.py:651} INFO - DAG(s) dict_keys(['example_external_task_marker_parent', 'example_external_task_marker_child']) retrieved from /home/airflow/.local/lib/python3.7/site-packages/airflow/example_dags/example_external_task_marker_dag.py
[2022-12-16 02:05:18,851] {logging_mixin.py:115} INFO - [2022-12-16 02:05:18,851] {dag.py:2371} INFO - Sync 2 DAGs
[2022-12-16 02:05:18,884] {logging_mixin.py:115} INFO - [2022-12-16 02:05:18,884] {dag.py:2919} INFO - Setting next_dagrun for example_external_task_marker_child to None, run_after=None
[2022-12-16 02:05:18,885] {logging_mixin.py:115} INFO - [2022-12-16 02:05:18,884] {dag.py:2919} INFO - Setting next_dagrun for example_external_task_marker_parent to None, run_after=None
[2022-12-16 02:05:18,900] {processor.py:161} INFO - Processing /home/airflow/.local/lib/python3.7/site-packages/airflow/example_dags/example_external_task_marker_dag.py took 0.128 seconds
[2022-12-16 02:05:49,246] {processor.py:153} INFO - Started process (PID=760) to work on /home/airflow/.local/lib/python3.7/site-packages/airflow/example_dags/example_external_task_marker_dag.py
[2022-12-16 02:05:49,246] {processor.py:641} INFO - Processing file /home/airflow/.local/lib/python3.7/site-packages/airflow/example_dags/example_external_task_marker_dag.py for tasks to queue
[2022-12-16 02:05:49,247] {logging_mixin.py:115} INFO - [2022-12-16 02:05:49,247] {dagbag.py:507} INFO - Filling up the DagBag from /home/airflow/.local/lib/python3.7/site-packages/airflow/example_dags/example_external_task_marker_dag.py
[2022-12-16 02:05:49,256] {processor.py:651} INFO - DAG(s) dict_keys(['example_external_task_marker_parent', 'example_external_task_marker_child']) retrieved from /home/airflow/.local/lib/python3.7/site-packages/airflow/example_dags/example_external_task_marker_dag.py
[2022-12-16 02:05:49,298] {logging_mixin.py:115} INFO - [2022-12-16 02:05:49,298] {dag.py:2371} INFO - Sync 2 DAGs
[2022-12-16 02:05:49,321] {logging_mixin.py:115} INFO - [2022-12-16 02:05:49,321] {dag.py:2919} INFO - Setting next_dagrun for example_external_task_marker_child to None, run_after=None
[2022-12-16 02:05:49,322] {logging_mixin.py:115} INFO - [2022-12-16 02:05:49,322] {dag.py:2919} INFO - Setting next_dagrun for example_external_task_marker_parent to None, run_after=None
[2022-12-16 02:05:49,335] {processor.py:161} INFO - Processing /home/airflow/.local/lib/python3.7/site-packages/airflow/example_dags/example_external_task_marker_dag.py took 0.095 seconds
[2022-12-16 02:06:20,456] {processor.py:153} INFO - Started process (PID=824) to work on /home/airflow/.local/lib/python3.7/site-packages/airflow/example_dags/example_external_task_marker_dag.py
[2022-12-16 02:06:20,457] {processor.py:641} INFO - Processing file /home/airflow/.local/lib/python3.7/site-packages/airflow/example_dags/example_external_task_marker_dag.py for tasks to queue
[2022-12-16 02:06:20,458] {logging_mixin.py:115} INFO - [2022-12-16 02:06:20,458] {dagbag.py:507} INFO - Filling up the DagBag from /home/airflow/.local/lib/python3.7/site-packages/airflow/example_dags/example_external_task_marker_dag.py
[2022-12-16 02:06:20,463] {processor.py:651} INFO - DAG(s) dict_keys(['example_external_task_marker_parent', 'example_external_task_marker_child']) retrieved from /home/airflow/.local/lib/python3.7/site-packages/airflow/example_dags/example_external_task_marker_dag.py
[2022-12-16 02:06:20,522] {logging_mixin.py:115} INFO - [2022-12-16 02:06:20,521] {dag.py:2371} INFO - Sync 2 DAGs
[2022-12-16 02:06:20,549] {logging_mixin.py:115} INFO - [2022-12-16 02:06:20,549] {dag.py:2919} INFO - Setting next_dagrun for example_external_task_marker_child to None, run_after=None
[2022-12-16 02:06:20,551] {logging_mixin.py:115} INFO - [2022-12-16 02:06:20,550] {dag.py:2919} INFO - Setting next_dagrun for example_external_task_marker_parent to None, run_after=None
[2022-12-16 02:06:20,568] {processor.py:161} INFO - Processing /home/airflow/.local/lib/python3.7/site-packages/airflow/example_dags/example_external_task_marker_dag.py took 0.115 seconds
[2022-12-16 02:06:50,814] {processor.py:153} INFO - Started process (PID=878) to work on /home/airflow/.local/lib/python3.7/site-packages/airflow/example_dags/example_external_task_marker_dag.py
[2022-12-16 02:06:50,815] {processor.py:641} INFO - Processing file /home/airflow/.local/lib/python3.7/site-packages/airflow/example_dags/example_external_task_marker_dag.py for tasks to queue
[2022-12-16 02:06:50,816] {logging_mixin.py:115} INFO - [2022-12-16 02:06:50,815] {dagbag.py:507} INFO - Filling up the DagBag from /home/airflow/.local/lib/python3.7/site-packages/airflow/example_dags/example_external_task_marker_dag.py
[2022-12-16 02:06:50,822] {processor.py:651} INFO - DAG(s) dict_keys(['example_external_task_marker_parent', 'example_external_task_marker_child']) retrieved from /home/airflow/.local/lib/python3.7/site-packages/airflow/example_dags/example_external_task_marker_dag.py
[2022-12-16 02:06:50,870] {logging_mixin.py:115} INFO - [2022-12-16 02:06:50,870] {dag.py:2371} INFO - Sync 2 DAGs
[2022-12-16 02:06:50,894] {logging_mixin.py:115} INFO - [2022-12-16 02:06:50,894] {dag.py:2919} INFO - Setting next_dagrun for example_external_task_marker_child to None, run_after=None
[2022-12-16 02:06:50,894] {logging_mixin.py:115} INFO - [2022-12-16 02:06:50,894] {dag.py:2919} INFO - Setting next_dagrun for example_external_task_marker_parent to None, run_after=None
[2022-12-16 02:06:50,909] {processor.py:161} INFO - Processing /home/airflow/.local/lib/python3.7/site-packages/airflow/example_dags/example_external_task_marker_dag.py took 0.100 seconds
[2022-12-16 02:07:21,310] {processor.py:153} INFO - Started process (PID=941) to work on /home/airflow/.local/lib/python3.7/site-packages/airflow/example_dags/example_external_task_marker_dag.py
[2022-12-16 02:07:21,311] {processor.py:641} INFO - Processing file /home/airflow/.local/lib/python3.7/site-packages/airflow/example_dags/example_external_task_marker_dag.py for tasks to queue
[2022-12-16 02:07:21,312] {logging_mixin.py:115} INFO - [2022-12-16 02:07:21,312] {dagbag.py:507} INFO - Filling up the DagBag from /home/airflow/.local/lib/python3.7/site-packages/airflow/example_dags/example_external_task_marker_dag.py
[2022-12-16 02:07:21,318] {processor.py:651} INFO - DAG(s) dict_keys(['example_external_task_marker_parent', 'example_external_task_marker_child']) retrieved from /home/airflow/.local/lib/python3.7/site-packages/airflow/example_dags/example_external_task_marker_dag.py
[2022-12-16 02:07:21,370] {logging_mixin.py:115} INFO - [2022-12-16 02:07:21,370] {dag.py:2371} INFO - Sync 2 DAGs
[2022-12-16 02:07:21,392] {logging_mixin.py:115} INFO - [2022-12-16 02:07:21,392] {dag.py:2919} INFO - Setting next_dagrun for example_external_task_marker_child to None, run_after=None
[2022-12-16 02:07:21,393] {logging_mixin.py:115} INFO - [2022-12-16 02:07:21,393] {dag.py:2919} INFO - Setting next_dagrun for example_external_task_marker_parent to None, run_after=None
[2022-12-16 02:07:21,405] {processor.py:161} INFO - Processing /home/airflow/.local/lib/python3.7/site-packages/airflow/example_dags/example_external_task_marker_dag.py took 0.099 seconds
[2022-12-16 02:07:51,452] {processor.py:153} INFO - Started process (PID=1004) to work on /home/airflow/.local/lib/python3.7/site-packages/airflow/example_dags/example_external_task_marker_dag.py
[2022-12-16 02:07:51,453] {processor.py:641} INFO - Processing file /home/airflow/.local/lib/python3.7/site-packages/airflow/example_dags/example_external_task_marker_dag.py for tasks to queue
[2022-12-16 02:07:51,454] {logging_mixin.py:115} INFO - [2022-12-16 02:07:51,454] {dagbag.py:507} INFO - Filling up the DagBag from /home/airflow/.local/lib/python3.7/site-packages/airflow/example_dags/example_external_task_marker_dag.py
[2022-12-16 02:07:51,459] {processor.py:651} INFO - DAG(s) dict_keys(['example_external_task_marker_parent', 'example_external_task_marker_child']) retrieved from /home/airflow/.local/lib/python3.7/site-packages/airflow/example_dags/example_external_task_marker_dag.py
[2022-12-16 02:07:51,501] {logging_mixin.py:115} INFO - [2022-12-16 02:07:51,501] {dag.py:2371} INFO - Sync 2 DAGs
[2022-12-16 02:07:51,524] {logging_mixin.py:115} INFO - [2022-12-16 02:07:51,524] {dag.py:2919} INFO - Setting next_dagrun for example_external_task_marker_child to None, run_after=None
[2022-12-16 02:07:51,525] {logging_mixin.py:115} INFO - [2022-12-16 02:07:51,525] {dag.py:2919} INFO - Setting next_dagrun for example_external_task_marker_parent to None, run_after=None
[2022-12-16 02:07:51,536] {processor.py:161} INFO - Processing /home/airflow/.local/lib/python3.7/site-packages/airflow/example_dags/example_external_task_marker_dag.py took 0.087 seconds
[2022-12-16 02:08:21,746] {processor.py:153} INFO - Started process (PID=1066) to work on /home/airflow/.local/lib/python3.7/site-packages/airflow/example_dags/example_external_task_marker_dag.py
[2022-12-16 02:08:21,748] {processor.py:641} INFO - Processing file /home/airflow/.local/lib/python3.7/site-packages/airflow/example_dags/example_external_task_marker_dag.py for tasks to queue
[2022-12-16 02:08:21,749] {logging_mixin.py:115} INFO - [2022-12-16 02:08:21,749] {dagbag.py:507} INFO - Filling up the DagBag from /home/airflow/.local/lib/python3.7/site-packages/airflow/example_dags/example_external_task_marker_dag.py
[2022-12-16 02:08:21,756] {processor.py:651} INFO - DAG(s) dict_keys(['example_external_task_marker_parent', 'example_external_task_marker_child']) retrieved from /home/airflow/.local/lib/python3.7/site-packages/airflow/example_dags/example_external_task_marker_dag.py
[2022-12-16 02:08:21,805] {logging_mixin.py:115} INFO - [2022-12-16 02:08:21,805] {dag.py:2371} INFO - Sync 2 DAGs
[2022-12-16 02:08:21,831] {logging_mixin.py:115} INFO - [2022-12-16 02:08:21,831] {dag.py:2919} INFO - Setting next_dagrun for example_external_task_marker_child to None, run_after=None
[2022-12-16 02:08:21,832] {logging_mixin.py:115} INFO - [2022-12-16 02:08:21,831] {dag.py:2919} INFO - Setting next_dagrun for example_external_task_marker_parent to None, run_after=None
[2022-12-16 02:08:21,850] {processor.py:161} INFO - Processing /home/airflow/.local/lib/python3.7/site-packages/airflow/example_dags/example_external_task_marker_dag.py took 0.109 seconds
[2022-12-16 02:08:52,681] {processor.py:153} INFO - Started process (PID=1118) to work on /home/airflow/.local/lib/python3.7/site-packages/airflow/example_dags/example_external_task_marker_dag.py
[2022-12-16 02:08:52,682] {processor.py:641} INFO - Processing file /home/airflow/.local/lib/python3.7/site-packages/airflow/example_dags/example_external_task_marker_dag.py for tasks to queue
[2022-12-16 02:08:52,684] {logging_mixin.py:115} INFO - [2022-12-16 02:08:52,683] {dagbag.py:507} INFO - Filling up the DagBag from /home/airflow/.local/lib/python3.7/site-packages/airflow/example_dags/example_external_task_marker_dag.py
[2022-12-16 02:08:52,694] {processor.py:651} INFO - DAG(s) dict_keys(['example_external_task_marker_parent', 'example_external_task_marker_child']) retrieved from /home/airflow/.local/lib/python3.7/site-packages/airflow/example_dags/example_external_task_marker_dag.py
[2022-12-16 02:08:52,758] {logging_mixin.py:115} INFO - [2022-12-16 02:08:52,758] {dag.py:2371} INFO - Sync 2 DAGs
[2022-12-16 02:08:52,799] {logging_mixin.py:115} INFO - [2022-12-16 02:08:52,799] {dag.py:2919} INFO - Setting next_dagrun for example_external_task_marker_child to None, run_after=None
[2022-12-16 02:08:52,800] {logging_mixin.py:115} INFO - [2022-12-16 02:08:52,800] {dag.py:2919} INFO - Setting next_dagrun for example_external_task_marker_parent to None, run_after=None
[2022-12-16 02:08:52,820] {processor.py:161} INFO - Processing /home/airflow/.local/lib/python3.7/site-packages/airflow/example_dags/example_external_task_marker_dag.py took 0.143 seconds
[2022-12-16 02:09:23,023] {processor.py:153} INFO - Started process (PID=1182) to work on /home/airflow/.local/lib/python3.7/site-packages/airflow/example_dags/example_external_task_marker_dag.py
[2022-12-16 02:09:23,024] {processor.py:641} INFO - Processing file /home/airflow/.local/lib/python3.7/site-packages/airflow/example_dags/example_external_task_marker_dag.py for tasks to queue
[2022-12-16 02:09:23,025] {logging_mixin.py:115} INFO - [2022-12-16 02:09:23,025] {dagbag.py:507} INFO - Filling up the DagBag from /home/airflow/.local/lib/python3.7/site-packages/airflow/example_dags/example_external_task_marker_dag.py
[2022-12-16 02:09:23,032] {processor.py:651} INFO - DAG(s) dict_keys(['example_external_task_marker_parent', 'example_external_task_marker_child']) retrieved from /home/airflow/.local/lib/python3.7/site-packages/airflow/example_dags/example_external_task_marker_dag.py
[2022-12-16 02:09:23,076] {logging_mixin.py:115} INFO - [2022-12-16 02:09:23,076] {dag.py:2371} INFO - Sync 2 DAGs
[2022-12-16 02:09:23,098] {logging_mixin.py:115} INFO - [2022-12-16 02:09:23,098] {dag.py:2919} INFO - Setting next_dagrun for example_external_task_marker_child to None, run_after=None
[2022-12-16 02:09:23,099] {logging_mixin.py:115} INFO - [2022-12-16 02:09:23,099] {dag.py:2919} INFO - Setting next_dagrun for example_external_task_marker_parent to None, run_after=None
[2022-12-16 02:09:23,114] {processor.py:161} INFO - Processing /home/airflow/.local/lib/python3.7/site-packages/airflow/example_dags/example_external_task_marker_dag.py took 0.096 seconds
[2022-12-16 02:09:53,500] {processor.py:153} INFO - Started process (PID=1243) to work on /home/airflow/.local/lib/python3.7/site-packages/airflow/example_dags/example_external_task_marker_dag.py
[2022-12-16 02:09:53,501] {processor.py:641} INFO - Processing file /home/airflow/.local/lib/python3.7/site-packages/airflow/example_dags/example_external_task_marker_dag.py for tasks to queue
[2022-12-16 02:09:53,502] {logging_mixin.py:115} INFO - [2022-12-16 02:09:53,502] {dagbag.py:507} INFO - Filling up the DagBag from /home/airflow/.local/lib/python3.7/site-packages/airflow/example_dags/example_external_task_marker_dag.py
[2022-12-16 02:09:53,507] {processor.py:651} INFO - DAG(s) dict_keys(['example_external_task_marker_parent', 'example_external_task_marker_child']) retrieved from /home/airflow/.local/lib/python3.7/site-packages/airflow/example_dags/example_external_task_marker_dag.py
[2022-12-16 02:09:53,547] {logging_mixin.py:115} INFO - [2022-12-16 02:09:53,546] {dag.py:2371} INFO - Sync 2 DAGs
[2022-12-16 02:09:53,570] {logging_mixin.py:115} INFO - [2022-12-16 02:09:53,570] {dag.py:2919} INFO - Setting next_dagrun for example_external_task_marker_child to None, run_after=None
[2022-12-16 02:09:53,570] {logging_mixin.py:115} INFO - [2022-12-16 02:09:53,570] {dag.py:2919} INFO - Setting next_dagrun for example_external_task_marker_parent to None, run_after=None
[2022-12-16 02:09:53,583] {processor.py:161} INFO - Processing /home/airflow/.local/lib/python3.7/site-packages/airflow/example_dags/example_external_task_marker_dag.py took 0.086 seconds
[2022-12-16 02:10:23,634] {processor.py:153} INFO - Started process (PID=1296) to work on /home/airflow/.local/lib/python3.7/site-packages/airflow/example_dags/example_external_task_marker_dag.py
[2022-12-16 02:10:23,634] {processor.py:641} INFO - Processing file /home/airflow/.local/lib/python3.7/site-packages/airflow/example_dags/example_external_task_marker_dag.py for tasks to queue
[2022-12-16 02:10:23,635] {logging_mixin.py:115} INFO - [2022-12-16 02:10:23,635] {dagbag.py:507} INFO - Filling up the DagBag from /home/airflow/.local/lib/python3.7/site-packages/airflow/example_dags/example_external_task_marker_dag.py
[2022-12-16 02:10:23,640] {processor.py:651} INFO - DAG(s) dict_keys(['example_external_task_marker_parent', 'example_external_task_marker_child']) retrieved from /home/airflow/.local/lib/python3.7/site-packages/airflow/example_dags/example_external_task_marker_dag.py
[2022-12-16 02:10:23,680] {logging_mixin.py:115} INFO - [2022-12-16 02:10:23,680] {dag.py:2371} INFO - Sync 2 DAGs
[2022-12-16 02:10:23,711] {logging_mixin.py:115} INFO - [2022-12-16 02:10:23,711] {dag.py:2919} INFO - Setting next_dagrun for example_external_task_marker_child to None, run_after=None
[2022-12-16 02:10:23,712] {logging_mixin.py:115} INFO - [2022-12-16 02:10:23,712] {dag.py:2919} INFO - Setting next_dagrun for example_external_task_marker_parent to None, run_after=None
[2022-12-16 02:10:23,726] {processor.py:161} INFO - Processing /home/airflow/.local/lib/python3.7/site-packages/airflow/example_dags/example_external_task_marker_dag.py took 0.096 seconds
[2022-12-16 02:10:54,179] {processor.py:153} INFO - Started process (PID=1358) to work on /home/airflow/.local/lib/python3.7/site-packages/airflow/example_dags/example_external_task_marker_dag.py
[2022-12-16 02:10:54,180] {processor.py:641} INFO - Processing file /home/airflow/.local/lib/python3.7/site-packages/airflow/example_dags/example_external_task_marker_dag.py for tasks to queue
[2022-12-16 02:10:54,181] {logging_mixin.py:115} INFO - [2022-12-16 02:10:54,180] {dagbag.py:507} INFO - Filling up the DagBag from /home/airflow/.local/lib/python3.7/site-packages/airflow/example_dags/example_external_task_marker_dag.py
[2022-12-16 02:10:54,189] {processor.py:651} INFO - DAG(s) dict_keys(['example_external_task_marker_parent', 'example_external_task_marker_child']) retrieved from /home/airflow/.local/lib/python3.7/site-packages/airflow/example_dags/example_external_task_marker_dag.py
[2022-12-16 02:10:54,248] {logging_mixin.py:115} INFO - [2022-12-16 02:10:54,247] {dag.py:2371} INFO - Sync 2 DAGs
[2022-12-16 02:10:54,269] {logging_mixin.py:115} INFO - [2022-12-16 02:10:54,269] {dag.py:2919} INFO - Setting next_dagrun for example_external_task_marker_child to None, run_after=None
[2022-12-16 02:10:54,270] {logging_mixin.py:115} INFO - [2022-12-16 02:10:54,270] {dag.py:2919} INFO - Setting next_dagrun for example_external_task_marker_parent to None, run_after=None
[2022-12-16 02:10:54,282] {processor.py:161} INFO - Processing /home/airflow/.local/lib/python3.7/site-packages/airflow/example_dags/example_external_task_marker_dag.py took 0.107 seconds
[2022-12-16 02:11:24,359] {processor.py:153} INFO - Started process (PID=1419) to work on /home/airflow/.local/lib/python3.7/site-packages/airflow/example_dags/example_external_task_marker_dag.py
[2022-12-16 02:11:24,359] {processor.py:641} INFO - Processing file /home/airflow/.local/lib/python3.7/site-packages/airflow/example_dags/example_external_task_marker_dag.py for tasks to queue
[2022-12-16 02:11:24,360] {logging_mixin.py:115} INFO - [2022-12-16 02:11:24,360] {dagbag.py:507} INFO - Filling up the DagBag from /home/airflow/.local/lib/python3.7/site-packages/airflow/example_dags/example_external_task_marker_dag.py
[2022-12-16 02:11:24,369] {processor.py:651} INFO - DAG(s) dict_keys(['example_external_task_marker_parent', 'example_external_task_marker_child']) retrieved from /home/airflow/.local/lib/python3.7/site-packages/airflow/example_dags/example_external_task_marker_dag.py
[2022-12-16 02:11:24,453] {logging_mixin.py:115} INFO - [2022-12-16 02:11:24,453] {dag.py:2371} INFO - Sync 2 DAGs
[2022-12-16 02:11:24,481] {logging_mixin.py:115} INFO - [2022-12-16 02:11:24,481] {dag.py:2919} INFO - Setting next_dagrun for example_external_task_marker_child to None, run_after=None
[2022-12-16 02:11:24,482] {logging_mixin.py:115} INFO - [2022-12-16 02:11:24,482] {dag.py:2919} INFO - Setting next_dagrun for example_external_task_marker_parent to None, run_after=None
[2022-12-16 02:11:24,497] {processor.py:161} INFO - Processing /home/airflow/.local/lib/python3.7/site-packages/airflow/example_dags/example_external_task_marker_dag.py took 0.142 seconds
[2022-12-16 02:11:54,688] {processor.py:153} INFO - Started process (PID=1481) to work on /home/airflow/.local/lib/python3.7/site-packages/airflow/example_dags/example_external_task_marker_dag.py
[2022-12-16 02:11:54,689] {processor.py:641} INFO - Processing file /home/airflow/.local/lib/python3.7/site-packages/airflow/example_dags/example_external_task_marker_dag.py for tasks to queue
[2022-12-16 02:11:54,690] {logging_mixin.py:115} INFO - [2022-12-16 02:11:54,690] {dagbag.py:507} INFO - Filling up the DagBag from /home/airflow/.local/lib/python3.7/site-packages/airflow/example_dags/example_external_task_marker_dag.py
[2022-12-16 02:11:54,698] {processor.py:651} INFO - DAG(s) dict_keys(['example_external_task_marker_parent', 'example_external_task_marker_child']) retrieved from /home/airflow/.local/lib/python3.7/site-packages/airflow/example_dags/example_external_task_marker_dag.py
[2022-12-16 02:11:54,758] {logging_mixin.py:115} INFO - [2022-12-16 02:11:54,758] {dag.py:2371} INFO - Sync 2 DAGs
[2022-12-16 02:11:54,789] {logging_mixin.py:115} INFO - [2022-12-16 02:11:54,789] {dag.py:2919} INFO - Setting next_dagrun for example_external_task_marker_child to None, run_after=None
[2022-12-16 02:11:54,790] {logging_mixin.py:115} INFO - [2022-12-16 02:11:54,790] {dag.py:2919} INFO - Setting next_dagrun for example_external_task_marker_parent to None, run_after=None
[2022-12-16 02:11:54,821] {processor.py:161} INFO - Processing /home/airflow/.local/lib/python3.7/site-packages/airflow/example_dags/example_external_task_marker_dag.py took 0.137 seconds
[2022-12-16 02:12:24,884] {processor.py:153} INFO - Started process (PID=1535) to work on /home/airflow/.local/lib/python3.7/site-packages/airflow/example_dags/example_external_task_marker_dag.py
[2022-12-16 02:12:24,884] {processor.py:641} INFO - Processing file /home/airflow/.local/lib/python3.7/site-packages/airflow/example_dags/example_external_task_marker_dag.py for tasks to queue
[2022-12-16 02:12:24,886] {logging_mixin.py:115} INFO - [2022-12-16 02:12:24,885] {dagbag.py:507} INFO - Filling up the DagBag from /home/airflow/.local/lib/python3.7/site-packages/airflow/example_dags/example_external_task_marker_dag.py
[2022-12-16 02:12:24,892] {processor.py:651} INFO - DAG(s) dict_keys(['example_external_task_marker_parent', 'example_external_task_marker_child']) retrieved from /home/airflow/.local/lib/python3.7/site-packages/airflow/example_dags/example_external_task_marker_dag.py
[2022-12-16 02:12:24,948] {logging_mixin.py:115} INFO - [2022-12-16 02:12:24,948] {dag.py:2371} INFO - Sync 2 DAGs
[2022-12-16 02:12:24,978] {logging_mixin.py:115} INFO - [2022-12-16 02:12:24,977] {dag.py:2919} INFO - Setting next_dagrun for example_external_task_marker_child to None, run_after=None
[2022-12-16 02:12:24,978] {logging_mixin.py:115} INFO - [2022-12-16 02:12:24,978] {dag.py:2919} INFO - Setting next_dagrun for example_external_task_marker_parent to None, run_after=None
[2022-12-16 02:12:24,989] {processor.py:161} INFO - Processing /home/airflow/.local/lib/python3.7/site-packages/airflow/example_dags/example_external_task_marker_dag.py took 0.111 seconds
[2022-12-16 02:12:55,133] {processor.py:153} INFO - Started process (PID=1596) to work on /home/airflow/.local/lib/python3.7/site-packages/airflow/example_dags/example_external_task_marker_dag.py
[2022-12-16 02:12:55,134] {processor.py:641} INFO - Processing file /home/airflow/.local/lib/python3.7/site-packages/airflow/example_dags/example_external_task_marker_dag.py for tasks to queue
[2022-12-16 02:12:55,135] {logging_mixin.py:115} INFO - [2022-12-16 02:12:55,135] {dagbag.py:507} INFO - Filling up the DagBag from /home/airflow/.local/lib/python3.7/site-packages/airflow/example_dags/example_external_task_marker_dag.py
[2022-12-16 02:12:55,141] {processor.py:651} INFO - DAG(s) dict_keys(['example_external_task_marker_parent', 'example_external_task_marker_child']) retrieved from /home/airflow/.local/lib/python3.7/site-packages/airflow/example_dags/example_external_task_marker_dag.py
[2022-12-16 02:12:55,210] {logging_mixin.py:115} INFO - [2022-12-16 02:12:55,210] {dag.py:2371} INFO - Sync 2 DAGs
[2022-12-16 02:12:55,239] {logging_mixin.py:115} INFO - [2022-12-16 02:12:55,239] {dag.py:2919} INFO - Setting next_dagrun for example_external_task_marker_child to None, run_after=None
[2022-12-16 02:12:55,240] {logging_mixin.py:115} INFO - [2022-12-16 02:12:55,240] {dag.py:2919} INFO - Setting next_dagrun for example_external_task_marker_parent to None, run_after=None
[2022-12-16 02:12:55,262] {processor.py:161} INFO - Processing /home/airflow/.local/lib/python3.7/site-packages/airflow/example_dags/example_external_task_marker_dag.py took 0.135 seconds
