[2022-12-16 01:50:27,294] {processor.py:153} INFO - Started process (PID=65) to work on /home/airflow/.local/lib/python3.7/site-packages/airflow/example_dags/example_task_group.py
[2022-12-16 01:50:27,299] {processor.py:641} INFO - Processing file /home/airflow/.local/lib/python3.7/site-packages/airflow/example_dags/example_task_group.py for tasks to queue
[2022-12-16 01:50:27,302] {logging_mixin.py:115} INFO - [2022-12-16 01:50:27,300] {dagbag.py:507} INFO - Filling up the DagBag from /home/airflow/.local/lib/python3.7/site-packages/airflow/example_dags/example_task_group.py
[2022-12-16 01:50:27,356] {processor.py:651} INFO - DAG(s) dict_keys(['example_task_group']) retrieved from /home/airflow/.local/lib/python3.7/site-packages/airflow/example_dags/example_task_group.py
[2022-12-16 01:50:27,798] {logging_mixin.py:115} INFO - [2022-12-16 01:50:27,798] {manager.py:508} INFO - Created Permission View: can edit on DAG:example_task_group
[2022-12-16 01:50:27,810] {logging_mixin.py:115} INFO - [2022-12-16 01:50:27,810] {manager.py:508} INFO - Created Permission View: can delete on DAG:example_task_group
[2022-12-16 01:50:27,827] {logging_mixin.py:115} INFO - [2022-12-16 01:50:27,827] {manager.py:508} INFO - Created Permission View: can read on DAG:example_task_group
[2022-12-16 01:50:27,830] {logging_mixin.py:115} INFO - [2022-12-16 01:50:27,828] {dag.py:2371} INFO - Sync 1 DAGs
[2022-12-16 01:50:27,853] {logging_mixin.py:115} INFO - [2022-12-16 01:50:27,853] {dag.py:2390} INFO - Creating ORM DAG for example_task_group
[2022-12-16 01:50:27,892] {logging_mixin.py:115} INFO - [2022-12-16 01:50:27,891] {dag.py:2919} INFO - Setting next_dagrun for example_task_group to 2022-12-15T01:50:27.891714+00:00, run_after=2022-12-16T01:50:27.891714+00:00
[2022-12-16 01:50:27,949] {processor.py:161} INFO - Processing /home/airflow/.local/lib/python3.7/site-packages/airflow/example_dags/example_task_group.py took 0.659 seconds
[2022-12-16 01:50:58,677] {processor.py:153} INFO - Started process (PID=127) to work on /home/airflow/.local/lib/python3.7/site-packages/airflow/example_dags/example_task_group.py
[2022-12-16 01:50:58,678] {processor.py:641} INFO - Processing file /home/airflow/.local/lib/python3.7/site-packages/airflow/example_dags/example_task_group.py for tasks to queue
[2022-12-16 01:50:58,679] {logging_mixin.py:115} INFO - [2022-12-16 01:50:58,679] {dagbag.py:507} INFO - Filling up the DagBag from /home/airflow/.local/lib/python3.7/site-packages/airflow/example_dags/example_task_group.py
[2022-12-16 01:50:58,691] {processor.py:651} INFO - DAG(s) dict_keys(['example_task_group']) retrieved from /home/airflow/.local/lib/python3.7/site-packages/airflow/example_dags/example_task_group.py
[2022-12-16 01:50:58,725] {logging_mixin.py:115} INFO - [2022-12-16 01:50:58,725] {dag.py:2371} INFO - Sync 1 DAGs
[2022-12-16 01:50:58,900] {logging_mixin.py:115} INFO - [2022-12-16 01:50:58,900] {dag.py:2919} INFO - Setting next_dagrun for example_task_group to 2022-12-15T01:50:58.900621+00:00, run_after=2022-12-16T01:50:58.900621+00:00
[2022-12-16 01:50:58,930] {processor.py:161} INFO - Processing /home/airflow/.local/lib/python3.7/site-packages/airflow/example_dags/example_task_group.py took 0.257 seconds
[2022-12-16 01:51:29,615] {processor.py:153} INFO - Started process (PID=189) to work on /home/airflow/.local/lib/python3.7/site-packages/airflow/example_dags/example_task_group.py
[2022-12-16 01:51:29,616] {processor.py:641} INFO - Processing file /home/airflow/.local/lib/python3.7/site-packages/airflow/example_dags/example_task_group.py for tasks to queue
[2022-12-16 01:51:29,617] {logging_mixin.py:115} INFO - [2022-12-16 01:51:29,617] {dagbag.py:507} INFO - Filling up the DagBag from /home/airflow/.local/lib/python3.7/site-packages/airflow/example_dags/example_task_group.py
[2022-12-16 01:51:29,627] {processor.py:651} INFO - DAG(s) dict_keys(['example_task_group']) retrieved from /home/airflow/.local/lib/python3.7/site-packages/airflow/example_dags/example_task_group.py
[2022-12-16 01:51:29,653] {logging_mixin.py:115} INFO - [2022-12-16 01:51:29,653] {dag.py:2371} INFO - Sync 1 DAGs
[2022-12-16 01:51:29,823] {logging_mixin.py:115} INFO - [2022-12-16 01:51:29,823] {dag.py:2919} INFO - Setting next_dagrun for example_task_group to 2022-12-15T01:51:29.823095+00:00, run_after=2022-12-16T01:51:29.823095+00:00
[2022-12-16 01:51:29,833] {processor.py:161} INFO - Processing /home/airflow/.local/lib/python3.7/site-packages/airflow/example_dags/example_task_group.py took 0.222 seconds
[2022-12-16 01:52:00,036] {processor.py:153} INFO - Started process (PID=241) to work on /home/airflow/.local/lib/python3.7/site-packages/airflow/example_dags/example_task_group.py
[2022-12-16 01:52:00,036] {processor.py:641} INFO - Processing file /home/airflow/.local/lib/python3.7/site-packages/airflow/example_dags/example_task_group.py for tasks to queue
[2022-12-16 01:52:00,037] {logging_mixin.py:115} INFO - [2022-12-16 01:52:00,037] {dagbag.py:507} INFO - Filling up the DagBag from /home/airflow/.local/lib/python3.7/site-packages/airflow/example_dags/example_task_group.py
[2022-12-16 01:52:00,048] {processor.py:651} INFO - DAG(s) dict_keys(['example_task_group']) retrieved from /home/airflow/.local/lib/python3.7/site-packages/airflow/example_dags/example_task_group.py
[2022-12-16 01:52:00,085] {logging_mixin.py:115} INFO - [2022-12-16 01:52:00,085] {dag.py:2371} INFO - Sync 1 DAGs
[2022-12-16 01:52:00,331] {logging_mixin.py:115} INFO - [2022-12-16 01:52:00,331] {dag.py:2919} INFO - Setting next_dagrun for example_task_group to 2022-12-15T01:52:00.331595+00:00, run_after=2022-12-16T01:52:00.331595+00:00
[2022-12-16 01:52:00,352] {processor.py:161} INFO - Processing /home/airflow/.local/lib/python3.7/site-packages/airflow/example_dags/example_task_group.py took 0.319 seconds
[2022-12-16 01:52:30,741] {processor.py:153} INFO - Started process (PID=303) to work on /home/airflow/.local/lib/python3.7/site-packages/airflow/example_dags/example_task_group.py
[2022-12-16 01:52:30,742] {processor.py:641} INFO - Processing file /home/airflow/.local/lib/python3.7/site-packages/airflow/example_dags/example_task_group.py for tasks to queue
[2022-12-16 01:52:30,744] {logging_mixin.py:115} INFO - [2022-12-16 01:52:30,743] {dagbag.py:507} INFO - Filling up the DagBag from /home/airflow/.local/lib/python3.7/site-packages/airflow/example_dags/example_task_group.py
[2022-12-16 01:52:30,753] {processor.py:651} INFO - DAG(s) dict_keys(['example_task_group']) retrieved from /home/airflow/.local/lib/python3.7/site-packages/airflow/example_dags/example_task_group.py
[2022-12-16 01:52:30,782] {logging_mixin.py:115} INFO - [2022-12-16 01:52:30,782] {dag.py:2371} INFO - Sync 1 DAGs
[2022-12-16 01:52:30,959] {logging_mixin.py:115} INFO - [2022-12-16 01:52:30,958] {dag.py:2919} INFO - Setting next_dagrun for example_task_group to 2022-12-15T01:52:30.957129+00:00, run_after=2022-12-16T01:52:30.957129+00:00
[2022-12-16 01:52:30,977] {processor.py:161} INFO - Processing /home/airflow/.local/lib/python3.7/site-packages/airflow/example_dags/example_task_group.py took 0.241 seconds
[2022-12-16 01:53:01,030] {processor.py:153} INFO - Started process (PID=363) to work on /home/airflow/.local/lib/python3.7/site-packages/airflow/example_dags/example_task_group.py
[2022-12-16 01:53:01,034] {processor.py:641} INFO - Processing file /home/airflow/.local/lib/python3.7/site-packages/airflow/example_dags/example_task_group.py for tasks to queue
[2022-12-16 01:53:01,035] {logging_mixin.py:115} INFO - [2022-12-16 01:53:01,035] {dagbag.py:507} INFO - Filling up the DagBag from /home/airflow/.local/lib/python3.7/site-packages/airflow/example_dags/example_task_group.py
[2022-12-16 01:53:01,058] {processor.py:651} INFO - DAG(s) dict_keys(['example_task_group']) retrieved from /home/airflow/.local/lib/python3.7/site-packages/airflow/example_dags/example_task_group.py
[2022-12-16 01:53:01,100] {logging_mixin.py:115} INFO - [2022-12-16 01:53:01,100] {dag.py:2371} INFO - Sync 1 DAGs
[2022-12-16 01:53:01,468] {logging_mixin.py:115} INFO - [2022-12-16 01:53:01,468] {dag.py:2919} INFO - Setting next_dagrun for example_task_group to 2022-12-15T01:53:01.468489+00:00, run_after=2022-12-16T01:53:01.468489+00:00
[2022-12-16 01:53:01,485] {processor.py:161} INFO - Processing /home/airflow/.local/lib/python3.7/site-packages/airflow/example_dags/example_task_group.py took 0.461 seconds
[2022-12-16 01:53:31,681] {processor.py:153} INFO - Started process (PID=415) to work on /home/airflow/.local/lib/python3.7/site-packages/airflow/example_dags/example_task_group.py
[2022-12-16 01:53:31,682] {processor.py:641} INFO - Processing file /home/airflow/.local/lib/python3.7/site-packages/airflow/example_dags/example_task_group.py for tasks to queue
[2022-12-16 01:53:31,683] {logging_mixin.py:115} INFO - [2022-12-16 01:53:31,683] {dagbag.py:507} INFO - Filling up the DagBag from /home/airflow/.local/lib/python3.7/site-packages/airflow/example_dags/example_task_group.py
[2022-12-16 01:53:31,695] {processor.py:651} INFO - DAG(s) dict_keys(['example_task_group']) retrieved from /home/airflow/.local/lib/python3.7/site-packages/airflow/example_dags/example_task_group.py
[2022-12-16 01:53:31,730] {logging_mixin.py:115} INFO - [2022-12-16 01:53:31,730] {dag.py:2371} INFO - Sync 1 DAGs
[2022-12-16 01:53:31,904] {logging_mixin.py:115} INFO - [2022-12-16 01:53:31,903] {dag.py:2919} INFO - Setting next_dagrun for example_task_group to 2022-12-15T01:53:31.903763+00:00, run_after=2022-12-16T01:53:31.903763+00:00
[2022-12-16 01:53:31,923] {processor.py:161} INFO - Processing /home/airflow/.local/lib/python3.7/site-packages/airflow/example_dags/example_task_group.py took 0.245 seconds
[2022-12-16 01:54:02,567] {processor.py:153} INFO - Started process (PID=476) to work on /home/airflow/.local/lib/python3.7/site-packages/airflow/example_dags/example_task_group.py
[2022-12-16 01:54:02,567] {processor.py:641} INFO - Processing file /home/airflow/.local/lib/python3.7/site-packages/airflow/example_dags/example_task_group.py for tasks to queue
[2022-12-16 01:54:02,568] {logging_mixin.py:115} INFO - [2022-12-16 01:54:02,568] {dagbag.py:507} INFO - Filling up the DagBag from /home/airflow/.local/lib/python3.7/site-packages/airflow/example_dags/example_task_group.py
[2022-12-16 01:54:02,590] {processor.py:651} INFO - DAG(s) dict_keys(['example_task_group']) retrieved from /home/airflow/.local/lib/python3.7/site-packages/airflow/example_dags/example_task_group.py
[2022-12-16 01:54:02,659] {logging_mixin.py:115} INFO - [2022-12-16 01:54:02,658] {dag.py:2371} INFO - Sync 1 DAGs
[2022-12-16 01:54:02,958] {logging_mixin.py:115} INFO - [2022-12-16 01:54:02,957] {dag.py:2919} INFO - Setting next_dagrun for example_task_group to 2022-12-15T01:54:02.957457+00:00, run_after=2022-12-16T01:54:02.957457+00:00
[2022-12-16 01:54:02,983] {processor.py:161} INFO - Processing /home/airflow/.local/lib/python3.7/site-packages/airflow/example_dags/example_task_group.py took 0.421 seconds
[2022-12-16 01:54:34,013] {processor.py:153} INFO - Started process (PID=537) to work on /home/airflow/.local/lib/python3.7/site-packages/airflow/example_dags/example_task_group.py
[2022-12-16 01:54:34,016] {processor.py:641} INFO - Processing file /home/airflow/.local/lib/python3.7/site-packages/airflow/example_dags/example_task_group.py for tasks to queue
[2022-12-16 01:54:34,019] {logging_mixin.py:115} INFO - [2022-12-16 01:54:34,018] {dagbag.py:507} INFO - Filling up the DagBag from /home/airflow/.local/lib/python3.7/site-packages/airflow/example_dags/example_task_group.py
[2022-12-16 01:54:34,043] {processor.py:651} INFO - DAG(s) dict_keys(['example_task_group']) retrieved from /home/airflow/.local/lib/python3.7/site-packages/airflow/example_dags/example_task_group.py
[2022-12-16 01:54:34,092] {logging_mixin.py:115} INFO - [2022-12-16 01:54:34,092] {dag.py:2371} INFO - Sync 1 DAGs
[2022-12-16 01:54:34,394] {logging_mixin.py:115} INFO - [2022-12-16 01:54:34,393] {dag.py:2919} INFO - Setting next_dagrun for example_task_group to 2022-12-15T01:54:34.393644+00:00, run_after=2022-12-16T01:54:34.393644+00:00
[2022-12-16 01:54:34,417] {processor.py:161} INFO - Processing /home/airflow/.local/lib/python3.7/site-packages/airflow/example_dags/example_task_group.py took 0.409 seconds
[2022-12-16 01:55:04,532] {processor.py:153} INFO - Started process (PID=589) to work on /home/airflow/.local/lib/python3.7/site-packages/airflow/example_dags/example_task_group.py
[2022-12-16 01:55:04,532] {processor.py:641} INFO - Processing file /home/airflow/.local/lib/python3.7/site-packages/airflow/example_dags/example_task_group.py for tasks to queue
[2022-12-16 01:55:04,534] {logging_mixin.py:115} INFO - [2022-12-16 01:55:04,534] {dagbag.py:507} INFO - Filling up the DagBag from /home/airflow/.local/lib/python3.7/site-packages/airflow/example_dags/example_task_group.py
[2022-12-16 01:55:04,544] {processor.py:651} INFO - DAG(s) dict_keys(['example_task_group']) retrieved from /home/airflow/.local/lib/python3.7/site-packages/airflow/example_dags/example_task_group.py
[2022-12-16 01:55:04,572] {logging_mixin.py:115} INFO - [2022-12-16 01:55:04,572] {dag.py:2371} INFO - Sync 1 DAGs
[2022-12-16 01:55:04,740] {logging_mixin.py:115} INFO - [2022-12-16 01:55:04,740] {dag.py:2919} INFO - Setting next_dagrun for example_task_group to 2022-12-15T01:55:04.740139+00:00, run_after=2022-12-16T01:55:04.740139+00:00
[2022-12-16 01:55:04,752] {processor.py:161} INFO - Processing /home/airflow/.local/lib/python3.7/site-packages/airflow/example_dags/example_task_group.py took 0.225 seconds
[2022-12-16 01:55:35,175] {processor.py:153} INFO - Started process (PID=651) to work on /home/airflow/.local/lib/python3.7/site-packages/airflow/example_dags/example_task_group.py
[2022-12-16 01:55:35,176] {processor.py:641} INFO - Processing file /home/airflow/.local/lib/python3.7/site-packages/airflow/example_dags/example_task_group.py for tasks to queue
[2022-12-16 01:55:35,177] {logging_mixin.py:115} INFO - [2022-12-16 01:55:35,177] {dagbag.py:507} INFO - Filling up the DagBag from /home/airflow/.local/lib/python3.7/site-packages/airflow/example_dags/example_task_group.py
[2022-12-16 01:55:35,190] {processor.py:651} INFO - DAG(s) dict_keys(['example_task_group']) retrieved from /home/airflow/.local/lib/python3.7/site-packages/airflow/example_dags/example_task_group.py
[2022-12-16 01:55:35,229] {logging_mixin.py:115} INFO - [2022-12-16 01:55:35,229] {dag.py:2371} INFO - Sync 1 DAGs
[2022-12-16 01:55:35,412] {logging_mixin.py:115} INFO - [2022-12-16 01:55:35,412] {dag.py:2919} INFO - Setting next_dagrun for example_task_group to 2022-12-15T01:55:35.412111+00:00, run_after=2022-12-16T01:55:35.412111+00:00
[2022-12-16 01:55:35,426] {processor.py:161} INFO - Processing /home/airflow/.local/lib/python3.7/site-packages/airflow/example_dags/example_task_group.py took 0.257 seconds
[2022-12-16 01:56:05,893] {processor.py:153} INFO - Started process (PID=712) to work on /home/airflow/.local/lib/python3.7/site-packages/airflow/example_dags/example_task_group.py
[2022-12-16 01:56:05,894] {processor.py:641} INFO - Processing file /home/airflow/.local/lib/python3.7/site-packages/airflow/example_dags/example_task_group.py for tasks to queue
[2022-12-16 01:56:05,895] {logging_mixin.py:115} INFO - [2022-12-16 01:56:05,895] {dagbag.py:507} INFO - Filling up the DagBag from /home/airflow/.local/lib/python3.7/site-packages/airflow/example_dags/example_task_group.py
[2022-12-16 01:56:05,910] {processor.py:651} INFO - DAG(s) dict_keys(['example_task_group']) retrieved from /home/airflow/.local/lib/python3.7/site-packages/airflow/example_dags/example_task_group.py
[2022-12-16 01:56:05,947] {logging_mixin.py:115} INFO - [2022-12-16 01:56:05,947] {dag.py:2371} INFO - Sync 1 DAGs
[2022-12-16 01:56:06,132] {logging_mixin.py:115} INFO - [2022-12-16 01:56:06,132] {dag.py:2919} INFO - Setting next_dagrun for example_task_group to 2022-12-15T01:56:06.132014+00:00, run_after=2022-12-16T01:56:06.132014+00:00
[2022-12-16 01:56:06,144] {processor.py:161} INFO - Processing /home/airflow/.local/lib/python3.7/site-packages/airflow/example_dags/example_task_group.py took 0.256 seconds
[2022-12-16 01:56:37,120] {processor.py:153} INFO - Started process (PID=774) to work on /home/airflow/.local/lib/python3.7/site-packages/airflow/example_dags/example_task_group.py
[2022-12-16 01:56:37,128] {processor.py:641} INFO - Processing file /home/airflow/.local/lib/python3.7/site-packages/airflow/example_dags/example_task_group.py for tasks to queue
[2022-12-16 01:56:37,137] {logging_mixin.py:115} INFO - [2022-12-16 01:56:37,137] {dagbag.py:507} INFO - Filling up the DagBag from /home/airflow/.local/lib/python3.7/site-packages/airflow/example_dags/example_task_group.py
[2022-12-16 01:56:37,155] {processor.py:651} INFO - DAG(s) dict_keys(['example_task_group']) retrieved from /home/airflow/.local/lib/python3.7/site-packages/airflow/example_dags/example_task_group.py
[2022-12-16 01:56:37,193] {logging_mixin.py:115} INFO - [2022-12-16 01:56:37,193] {dag.py:2371} INFO - Sync 1 DAGs
[2022-12-16 01:56:37,461] {logging_mixin.py:115} INFO - [2022-12-16 01:56:37,460] {dag.py:2919} INFO - Setting next_dagrun for example_task_group to 2022-12-15T01:56:37.460642+00:00, run_after=2022-12-16T01:56:37.460642+00:00
[2022-12-16 01:56:37,480] {processor.py:161} INFO - Processing /home/airflow/.local/lib/python3.7/site-packages/airflow/example_dags/example_task_group.py took 0.364 seconds
[2022-12-16 01:57:07,554] {processor.py:153} INFO - Started process (PID=827) to work on /home/airflow/.local/lib/python3.7/site-packages/airflow/example_dags/example_task_group.py
[2022-12-16 01:57:07,555] {processor.py:641} INFO - Processing file /home/airflow/.local/lib/python3.7/site-packages/airflow/example_dags/example_task_group.py for tasks to queue
[2022-12-16 01:57:07,557] {logging_mixin.py:115} INFO - [2022-12-16 01:57:07,556] {dagbag.py:507} INFO - Filling up the DagBag from /home/airflow/.local/lib/python3.7/site-packages/airflow/example_dags/example_task_group.py
[2022-12-16 01:57:07,568] {processor.py:651} INFO - DAG(s) dict_keys(['example_task_group']) retrieved from /home/airflow/.local/lib/python3.7/site-packages/airflow/example_dags/example_task_group.py
[2022-12-16 01:57:07,608] {logging_mixin.py:115} INFO - [2022-12-16 01:57:07,608] {dag.py:2371} INFO - Sync 1 DAGs
[2022-12-16 01:57:07,784] {logging_mixin.py:115} INFO - [2022-12-16 01:57:07,784] {dag.py:2919} INFO - Setting next_dagrun for example_task_group to 2022-12-15T01:57:07.784570+00:00, run_after=2022-12-16T01:57:07.784570+00:00
[2022-12-16 01:57:07,800] {processor.py:161} INFO - Processing /home/airflow/.local/lib/python3.7/site-packages/airflow/example_dags/example_task_group.py took 0.251 seconds
[2022-12-16 01:57:37,861] {processor.py:153} INFO - Started process (PID=889) to work on /home/airflow/.local/lib/python3.7/site-packages/airflow/example_dags/example_task_group.py
[2022-12-16 01:57:37,862] {processor.py:641} INFO - Processing file /home/airflow/.local/lib/python3.7/site-packages/airflow/example_dags/example_task_group.py for tasks to queue
[2022-12-16 01:57:37,863] {logging_mixin.py:115} INFO - [2022-12-16 01:57:37,863] {dagbag.py:507} INFO - Filling up the DagBag from /home/airflow/.local/lib/python3.7/site-packages/airflow/example_dags/example_task_group.py
[2022-12-16 01:57:37,872] {processor.py:651} INFO - DAG(s) dict_keys(['example_task_group']) retrieved from /home/airflow/.local/lib/python3.7/site-packages/airflow/example_dags/example_task_group.py
[2022-12-16 01:57:37,905] {logging_mixin.py:115} INFO - [2022-12-16 01:57:37,905] {dag.py:2371} INFO - Sync 1 DAGs
[2022-12-16 01:57:38,109] {logging_mixin.py:115} INFO - [2022-12-16 01:57:38,109] {dag.py:2919} INFO - Setting next_dagrun for example_task_group to 2022-12-15T01:57:38.109273+00:00, run_after=2022-12-16T01:57:38.109273+00:00
[2022-12-16 01:57:38,126] {processor.py:161} INFO - Processing /home/airflow/.local/lib/python3.7/site-packages/airflow/example_dags/example_task_group.py took 0.269 seconds
[2022-12-16 01:58:58,667] {processor.py:153} INFO - Started process (PID=66) to work on /home/airflow/.local/lib/python3.7/site-packages/airflow/example_dags/example_task_group.py
[2022-12-16 01:58:58,672] {processor.py:641} INFO - Processing file /home/airflow/.local/lib/python3.7/site-packages/airflow/example_dags/example_task_group.py for tasks to queue
[2022-12-16 01:58:58,675] {logging_mixin.py:115} INFO - [2022-12-16 01:58:58,675] {dagbag.py:507} INFO - Filling up the DagBag from /home/airflow/.local/lib/python3.7/site-packages/airflow/example_dags/example_task_group.py
[2022-12-16 01:58:58,687] {processor.py:651} INFO - DAG(s) dict_keys(['example_task_group']) retrieved from /home/airflow/.local/lib/python3.7/site-packages/airflow/example_dags/example_task_group.py
[2022-12-16 01:58:58,802] {logging_mixin.py:115} INFO - [2022-12-16 01:58:58,802] {dag.py:2371} INFO - Sync 1 DAGs
[2022-12-16 01:58:58,865] {logging_mixin.py:115} INFO - [2022-12-16 01:58:58,865] {dag.py:2919} INFO - Setting next_dagrun for example_task_group to 2022-12-15T01:58:58.864887+00:00, run_after=2022-12-16T01:58:58.864887+00:00
[2022-12-16 01:58:58,941] {processor.py:161} INFO - Processing /home/airflow/.local/lib/python3.7/site-packages/airflow/example_dags/example_task_group.py took 0.287 seconds
[2022-12-16 01:59:44,960] {processor.py:153} INFO - Started process (PID=66) to work on /home/airflow/.local/lib/python3.7/site-packages/airflow/example_dags/example_task_group.py
[2022-12-16 01:59:44,963] {processor.py:641} INFO - Processing file /home/airflow/.local/lib/python3.7/site-packages/airflow/example_dags/example_task_group.py for tasks to queue
[2022-12-16 01:59:44,966] {logging_mixin.py:115} INFO - [2022-12-16 01:59:44,966] {dagbag.py:507} INFO - Filling up the DagBag from /home/airflow/.local/lib/python3.7/site-packages/airflow/example_dags/example_task_group.py
[2022-12-16 01:59:45,007] {processor.py:651} INFO - DAG(s) dict_keys(['example_task_group']) retrieved from /home/airflow/.local/lib/python3.7/site-packages/airflow/example_dags/example_task_group.py
[2022-12-16 01:59:45,150] {logging_mixin.py:115} INFO - [2022-12-16 01:59:45,150] {dag.py:2371} INFO - Sync 1 DAGs
[2022-12-16 01:59:45,296] {logging_mixin.py:115} INFO - [2022-12-16 01:59:45,296] {dag.py:2919} INFO - Setting next_dagrun for example_task_group to 2022-12-15T01:59:45.295303+00:00, run_after=2022-12-16T01:59:45.295303+00:00
[2022-12-16 01:59:45,361] {processor.py:161} INFO - Processing /home/airflow/.local/lib/python3.7/site-packages/airflow/example_dags/example_task_group.py took 0.407 seconds
[2022-12-16 02:00:15,997] {processor.py:153} INFO - Started process (PID=119) to work on /home/airflow/.local/lib/python3.7/site-packages/airflow/example_dags/example_task_group.py
[2022-12-16 02:00:15,998] {processor.py:641} INFO - Processing file /home/airflow/.local/lib/python3.7/site-packages/airflow/example_dags/example_task_group.py for tasks to queue
[2022-12-16 02:00:15,999] {logging_mixin.py:115} INFO - [2022-12-16 02:00:15,999] {dagbag.py:507} INFO - Filling up the DagBag from /home/airflow/.local/lib/python3.7/site-packages/airflow/example_dags/example_task_group.py
[2022-12-16 02:00:16,009] {processor.py:651} INFO - DAG(s) dict_keys(['example_task_group']) retrieved from /home/airflow/.local/lib/python3.7/site-packages/airflow/example_dags/example_task_group.py
[2022-12-16 02:00:16,038] {logging_mixin.py:115} INFO - [2022-12-16 02:00:16,038] {dag.py:2371} INFO - Sync 1 DAGs
[2022-12-16 02:00:16,062] {logging_mixin.py:115} INFO - [2022-12-16 02:00:16,061] {dag.py:2919} INFO - Setting next_dagrun for example_task_group to 2022-12-15T02:00:16.061460+00:00, run_after=2022-12-16T02:00:16.061460+00:00
[2022-12-16 02:00:16,076] {processor.py:161} INFO - Processing /home/airflow/.local/lib/python3.7/site-packages/airflow/example_dags/example_task_group.py took 0.083 seconds
[2022-12-16 02:00:46,166] {processor.py:153} INFO - Started process (PID=182) to work on /home/airflow/.local/lib/python3.7/site-packages/airflow/example_dags/example_task_group.py
[2022-12-16 02:00:46,167] {processor.py:641} INFO - Processing file /home/airflow/.local/lib/python3.7/site-packages/airflow/example_dags/example_task_group.py for tasks to queue
[2022-12-16 02:00:46,170] {logging_mixin.py:115} INFO - [2022-12-16 02:00:46,169] {dagbag.py:507} INFO - Filling up the DagBag from /home/airflow/.local/lib/python3.7/site-packages/airflow/example_dags/example_task_group.py
[2022-12-16 02:00:46,185] {processor.py:651} INFO - DAG(s) dict_keys(['example_task_group']) retrieved from /home/airflow/.local/lib/python3.7/site-packages/airflow/example_dags/example_task_group.py
[2022-12-16 02:00:46,216] {logging_mixin.py:115} INFO - [2022-12-16 02:00:46,216] {dag.py:2371} INFO - Sync 1 DAGs
[2022-12-16 02:00:46,248] {logging_mixin.py:115} INFO - [2022-12-16 02:00:46,248] {dag.py:2919} INFO - Setting next_dagrun for example_task_group to 2022-12-15T02:00:46.247917+00:00, run_after=2022-12-16T02:00:46.247917+00:00
[2022-12-16 02:00:46,274] {processor.py:161} INFO - Processing /home/airflow/.local/lib/python3.7/site-packages/airflow/example_dags/example_task_group.py took 0.111 seconds
[2022-12-16 02:01:16,970] {processor.py:153} INFO - Started process (PID=245) to work on /home/airflow/.local/lib/python3.7/site-packages/airflow/example_dags/example_task_group.py
[2022-12-16 02:01:16,972] {processor.py:641} INFO - Processing file /home/airflow/.local/lib/python3.7/site-packages/airflow/example_dags/example_task_group.py for tasks to queue
[2022-12-16 02:01:16,973] {logging_mixin.py:115} INFO - [2022-12-16 02:01:16,973] {dagbag.py:507} INFO - Filling up the DagBag from /home/airflow/.local/lib/python3.7/site-packages/airflow/example_dags/example_task_group.py
[2022-12-16 02:01:16,992] {processor.py:651} INFO - DAG(s) dict_keys(['example_task_group']) retrieved from /home/airflow/.local/lib/python3.7/site-packages/airflow/example_dags/example_task_group.py
[2022-12-16 02:01:17,032] {logging_mixin.py:115} INFO - [2022-12-16 02:01:17,031] {dag.py:2371} INFO - Sync 1 DAGs
[2022-12-16 02:01:17,066] {logging_mixin.py:115} INFO - [2022-12-16 02:01:17,066] {dag.py:2919} INFO - Setting next_dagrun for example_task_group to 2022-12-15T02:01:17.065784+00:00, run_after=2022-12-16T02:01:17.065784+00:00
[2022-12-16 02:01:17,082] {processor.py:161} INFO - Processing /home/airflow/.local/lib/python3.7/site-packages/airflow/example_dags/example_task_group.py took 0.118 seconds
[2022-12-16 02:01:47,621] {processor.py:153} INFO - Started process (PID=298) to work on /home/airflow/.local/lib/python3.7/site-packages/airflow/example_dags/example_task_group.py
[2022-12-16 02:01:47,621] {processor.py:641} INFO - Processing file /home/airflow/.local/lib/python3.7/site-packages/airflow/example_dags/example_task_group.py for tasks to queue
[2022-12-16 02:01:47,622] {logging_mixin.py:115} INFO - [2022-12-16 02:01:47,622] {dagbag.py:507} INFO - Filling up the DagBag from /home/airflow/.local/lib/python3.7/site-packages/airflow/example_dags/example_task_group.py
[2022-12-16 02:01:47,629] {processor.py:651} INFO - DAG(s) dict_keys(['example_task_group']) retrieved from /home/airflow/.local/lib/python3.7/site-packages/airflow/example_dags/example_task_group.py
[2022-12-16 02:01:47,657] {logging_mixin.py:115} INFO - [2022-12-16 02:01:47,657] {dag.py:2371} INFO - Sync 1 DAGs
[2022-12-16 02:01:47,677] {logging_mixin.py:115} INFO - [2022-12-16 02:01:47,677] {dag.py:2919} INFO - Setting next_dagrun for example_task_group to 2022-12-15T02:01:47.677274+00:00, run_after=2022-12-16T02:01:47.677274+00:00
[2022-12-16 02:01:47,691] {processor.py:161} INFO - Processing /home/airflow/.local/lib/python3.7/site-packages/airflow/example_dags/example_task_group.py took 0.074 seconds
[2022-12-16 02:02:17,934] {processor.py:153} INFO - Started process (PID=359) to work on /home/airflow/.local/lib/python3.7/site-packages/airflow/example_dags/example_task_group.py
[2022-12-16 02:02:17,935] {processor.py:641} INFO - Processing file /home/airflow/.local/lib/python3.7/site-packages/airflow/example_dags/example_task_group.py for tasks to queue
[2022-12-16 02:02:17,935] {logging_mixin.py:115} INFO - [2022-12-16 02:02:17,935] {dagbag.py:507} INFO - Filling up the DagBag from /home/airflow/.local/lib/python3.7/site-packages/airflow/example_dags/example_task_group.py
[2022-12-16 02:02:17,943] {processor.py:651} INFO - DAG(s) dict_keys(['example_task_group']) retrieved from /home/airflow/.local/lib/python3.7/site-packages/airflow/example_dags/example_task_group.py
[2022-12-16 02:02:17,976] {logging_mixin.py:115} INFO - [2022-12-16 02:02:17,976] {dag.py:2371} INFO - Sync 1 DAGs
[2022-12-16 02:02:17,999] {logging_mixin.py:115} INFO - [2022-12-16 02:02:17,999] {dag.py:2919} INFO - Setting next_dagrun for example_task_group to 2022-12-15T02:02:17.999184+00:00, run_after=2022-12-16T02:02:17.999184+00:00
[2022-12-16 02:02:18,016] {processor.py:161} INFO - Processing /home/airflow/.local/lib/python3.7/site-packages/airflow/example_dags/example_task_group.py took 0.085 seconds
[2022-12-16 02:02:48,396] {processor.py:153} INFO - Started process (PID=422) to work on /home/airflow/.local/lib/python3.7/site-packages/airflow/example_dags/example_task_group.py
[2022-12-16 02:02:48,397] {processor.py:641} INFO - Processing file /home/airflow/.local/lib/python3.7/site-packages/airflow/example_dags/example_task_group.py for tasks to queue
[2022-12-16 02:02:48,398] {logging_mixin.py:115} INFO - [2022-12-16 02:02:48,397] {dagbag.py:507} INFO - Filling up the DagBag from /home/airflow/.local/lib/python3.7/site-packages/airflow/example_dags/example_task_group.py
[2022-12-16 02:02:48,409] {processor.py:651} INFO - DAG(s) dict_keys(['example_task_group']) retrieved from /home/airflow/.local/lib/python3.7/site-packages/airflow/example_dags/example_task_group.py
[2022-12-16 02:02:48,441] {logging_mixin.py:115} INFO - [2022-12-16 02:02:48,441] {dag.py:2371} INFO - Sync 1 DAGs
[2022-12-16 02:02:48,470] {logging_mixin.py:115} INFO - [2022-12-16 02:02:48,470] {dag.py:2919} INFO - Setting next_dagrun for example_task_group to 2022-12-15T02:02:48.469831+00:00, run_after=2022-12-16T02:02:48.469831+00:00
[2022-12-16 02:02:48,486] {processor.py:161} INFO - Processing /home/airflow/.local/lib/python3.7/site-packages/airflow/example_dags/example_task_group.py took 0.095 seconds
[2022-12-16 02:03:18,842] {processor.py:153} INFO - Started process (PID=481) to work on /home/airflow/.local/lib/python3.7/site-packages/airflow/example_dags/example_task_group.py
[2022-12-16 02:03:18,843] {processor.py:641} INFO - Processing file /home/airflow/.local/lib/python3.7/site-packages/airflow/example_dags/example_task_group.py for tasks to queue
[2022-12-16 02:03:18,844] {logging_mixin.py:115} INFO - [2022-12-16 02:03:18,844] {dagbag.py:507} INFO - Filling up the DagBag from /home/airflow/.local/lib/python3.7/site-packages/airflow/example_dags/example_task_group.py
[2022-12-16 02:03:18,855] {processor.py:651} INFO - DAG(s) dict_keys(['example_task_group']) retrieved from /home/airflow/.local/lib/python3.7/site-packages/airflow/example_dags/example_task_group.py
[2022-12-16 02:03:18,895] {logging_mixin.py:115} INFO - [2022-12-16 02:03:18,894] {dag.py:2371} INFO - Sync 1 DAGs
[2022-12-16 02:03:18,923] {logging_mixin.py:115} INFO - [2022-12-16 02:03:18,923] {dag.py:2919} INFO - Setting next_dagrun for example_task_group to 2022-12-15T02:03:18.922880+00:00, run_after=2022-12-16T02:03:18.922880+00:00
[2022-12-16 02:03:18,938] {processor.py:161} INFO - Processing /home/airflow/.local/lib/python3.7/site-packages/airflow/example_dags/example_task_group.py took 0.101 seconds
[2022-12-16 02:03:49,459] {processor.py:153} INFO - Started process (PID=537) to work on /home/airflow/.local/lib/python3.7/site-packages/airflow/example_dags/example_task_group.py
[2022-12-16 02:03:49,460] {processor.py:641} INFO - Processing file /home/airflow/.local/lib/python3.7/site-packages/airflow/example_dags/example_task_group.py for tasks to queue
[2022-12-16 02:03:49,461] {logging_mixin.py:115} INFO - [2022-12-16 02:03:49,461] {dagbag.py:507} INFO - Filling up the DagBag from /home/airflow/.local/lib/python3.7/site-packages/airflow/example_dags/example_task_group.py
[2022-12-16 02:03:49,473] {processor.py:651} INFO - DAG(s) dict_keys(['example_task_group']) retrieved from /home/airflow/.local/lib/python3.7/site-packages/airflow/example_dags/example_task_group.py
[2022-12-16 02:03:49,506] {logging_mixin.py:115} INFO - [2022-12-16 02:03:49,506] {dag.py:2371} INFO - Sync 1 DAGs
[2022-12-16 02:03:49,532] {logging_mixin.py:115} INFO - [2022-12-16 02:03:49,531] {dag.py:2919} INFO - Setting next_dagrun for example_task_group to 2022-12-15T02:03:49.531475+00:00, run_after=2022-12-16T02:03:49.531475+00:00
[2022-12-16 02:03:49,552] {processor.py:161} INFO - Processing /home/airflow/.local/lib/python3.7/site-packages/airflow/example_dags/example_task_group.py took 0.100 seconds
[2022-12-16 02:04:19,898] {processor.py:153} INFO - Started process (PID=598) to work on /home/airflow/.local/lib/python3.7/site-packages/airflow/example_dags/example_task_group.py
[2022-12-16 02:04:19,899] {processor.py:641} INFO - Processing file /home/airflow/.local/lib/python3.7/site-packages/airflow/example_dags/example_task_group.py for tasks to queue
[2022-12-16 02:04:19,900] {logging_mixin.py:115} INFO - [2022-12-16 02:04:19,900] {dagbag.py:507} INFO - Filling up the DagBag from /home/airflow/.local/lib/python3.7/site-packages/airflow/example_dags/example_task_group.py
[2022-12-16 02:04:19,908] {processor.py:651} INFO - DAG(s) dict_keys(['example_task_group']) retrieved from /home/airflow/.local/lib/python3.7/site-packages/airflow/example_dags/example_task_group.py
[2022-12-16 02:04:19,941] {logging_mixin.py:115} INFO - [2022-12-16 02:04:19,941] {dag.py:2371} INFO - Sync 1 DAGs
[2022-12-16 02:04:19,962] {logging_mixin.py:115} INFO - [2022-12-16 02:04:19,962] {dag.py:2919} INFO - Setting next_dagrun for example_task_group to 2022-12-15T02:04:19.962373+00:00, run_after=2022-12-16T02:04:19.962373+00:00
[2022-12-16 02:04:19,975] {processor.py:161} INFO - Processing /home/airflow/.local/lib/python3.7/site-packages/airflow/example_dags/example_task_group.py took 0.080 seconds
[2022-12-16 02:04:50,539] {processor.py:153} INFO - Started process (PID=661) to work on /home/airflow/.local/lib/python3.7/site-packages/airflow/example_dags/example_task_group.py
[2022-12-16 02:04:50,539] {processor.py:641} INFO - Processing file /home/airflow/.local/lib/python3.7/site-packages/airflow/example_dags/example_task_group.py for tasks to queue
[2022-12-16 02:04:50,540] {logging_mixin.py:115} INFO - [2022-12-16 02:04:50,540] {dagbag.py:507} INFO - Filling up the DagBag from /home/airflow/.local/lib/python3.7/site-packages/airflow/example_dags/example_task_group.py
[2022-12-16 02:04:50,548] {processor.py:651} INFO - DAG(s) dict_keys(['example_task_group']) retrieved from /home/airflow/.local/lib/python3.7/site-packages/airflow/example_dags/example_task_group.py
[2022-12-16 02:04:50,577] {logging_mixin.py:115} INFO - [2022-12-16 02:04:50,577] {dag.py:2371} INFO - Sync 1 DAGs
[2022-12-16 02:04:50,600] {logging_mixin.py:115} INFO - [2022-12-16 02:04:50,600] {dag.py:2919} INFO - Setting next_dagrun for example_task_group to 2022-12-15T02:04:50.600240+00:00, run_after=2022-12-16T02:04:50.600240+00:00
[2022-12-16 02:04:50,616] {processor.py:161} INFO - Processing /home/airflow/.local/lib/python3.7/site-packages/airflow/example_dags/example_task_group.py took 0.081 seconds
[2022-12-16 02:05:21,598] {processor.py:153} INFO - Started process (PID=715) to work on /home/airflow/.local/lib/python3.7/site-packages/airflow/example_dags/example_task_group.py
[2022-12-16 02:05:21,599] {processor.py:641} INFO - Processing file /home/airflow/.local/lib/python3.7/site-packages/airflow/example_dags/example_task_group.py for tasks to queue
[2022-12-16 02:05:21,602] {logging_mixin.py:115} INFO - [2022-12-16 02:05:21,601] {dagbag.py:507} INFO - Filling up the DagBag from /home/airflow/.local/lib/python3.7/site-packages/airflow/example_dags/example_task_group.py
[2022-12-16 02:05:21,619] {processor.py:651} INFO - DAG(s) dict_keys(['example_task_group']) retrieved from /home/airflow/.local/lib/python3.7/site-packages/airflow/example_dags/example_task_group.py
[2022-12-16 02:05:21,668] {logging_mixin.py:115} INFO - [2022-12-16 02:05:21,668] {dag.py:2371} INFO - Sync 1 DAGs
[2022-12-16 02:05:21,703] {logging_mixin.py:115} INFO - [2022-12-16 02:05:21,703] {dag.py:2919} INFO - Setting next_dagrun for example_task_group to 2022-12-15T02:05:21.702995+00:00, run_after=2022-12-16T02:05:21.702995+00:00
[2022-12-16 02:05:21,722] {processor.py:161} INFO - Processing /home/airflow/.local/lib/python3.7/site-packages/airflow/example_dags/example_task_group.py took 0.130 seconds
[2022-12-16 02:05:51,997] {processor.py:153} INFO - Started process (PID=777) to work on /home/airflow/.local/lib/python3.7/site-packages/airflow/example_dags/example_task_group.py
[2022-12-16 02:05:51,998] {processor.py:641} INFO - Processing file /home/airflow/.local/lib/python3.7/site-packages/airflow/example_dags/example_task_group.py for tasks to queue
[2022-12-16 02:05:51,999] {logging_mixin.py:115} INFO - [2022-12-16 02:05:51,998] {dagbag.py:507} INFO - Filling up the DagBag from /home/airflow/.local/lib/python3.7/site-packages/airflow/example_dags/example_task_group.py
[2022-12-16 02:05:52,009] {processor.py:651} INFO - DAG(s) dict_keys(['example_task_group']) retrieved from /home/airflow/.local/lib/python3.7/site-packages/airflow/example_dags/example_task_group.py
[2022-12-16 02:05:52,056] {logging_mixin.py:115} INFO - [2022-12-16 02:05:52,055] {dag.py:2371} INFO - Sync 1 DAGs
[2022-12-16 02:05:52,089] {logging_mixin.py:115} INFO - [2022-12-16 02:05:52,089] {dag.py:2919} INFO - Setting next_dagrun for example_task_group to 2022-12-15T02:05:52.089077+00:00, run_after=2022-12-16T02:05:52.089077+00:00
[2022-12-16 02:05:52,117] {processor.py:161} INFO - Processing /home/airflow/.local/lib/python3.7/site-packages/airflow/example_dags/example_task_group.py took 0.123 seconds
[2022-12-16 02:06:22,652] {processor.py:153} INFO - Started process (PID=840) to work on /home/airflow/.local/lib/python3.7/site-packages/airflow/example_dags/example_task_group.py
[2022-12-16 02:06:22,653] {processor.py:641} INFO - Processing file /home/airflow/.local/lib/python3.7/site-packages/airflow/example_dags/example_task_group.py for tasks to queue
[2022-12-16 02:06:22,654] {logging_mixin.py:115} INFO - [2022-12-16 02:06:22,654] {dagbag.py:507} INFO - Filling up the DagBag from /home/airflow/.local/lib/python3.7/site-packages/airflow/example_dags/example_task_group.py
[2022-12-16 02:06:22,662] {processor.py:651} INFO - DAG(s) dict_keys(['example_task_group']) retrieved from /home/airflow/.local/lib/python3.7/site-packages/airflow/example_dags/example_task_group.py
[2022-12-16 02:06:22,690] {logging_mixin.py:115} INFO - [2022-12-16 02:06:22,689] {dag.py:2371} INFO - Sync 1 DAGs
[2022-12-16 02:06:22,715] {logging_mixin.py:115} INFO - [2022-12-16 02:06:22,715] {dag.py:2919} INFO - Setting next_dagrun for example_task_group to 2022-12-15T02:06:22.715006+00:00, run_after=2022-12-16T02:06:22.715006+00:00
[2022-12-16 02:06:22,733] {processor.py:161} INFO - Processing /home/airflow/.local/lib/python3.7/site-packages/airflow/example_dags/example_task_group.py took 0.085 seconds
[2022-12-16 02:06:53,018] {processor.py:153} INFO - Started process (PID=903) to work on /home/airflow/.local/lib/python3.7/site-packages/airflow/example_dags/example_task_group.py
[2022-12-16 02:06:53,019] {processor.py:641} INFO - Processing file /home/airflow/.local/lib/python3.7/site-packages/airflow/example_dags/example_task_group.py for tasks to queue
[2022-12-16 02:06:53,020] {logging_mixin.py:115} INFO - [2022-12-16 02:06:53,020] {dagbag.py:507} INFO - Filling up the DagBag from /home/airflow/.local/lib/python3.7/site-packages/airflow/example_dags/example_task_group.py
[2022-12-16 02:06:53,027] {processor.py:651} INFO - DAG(s) dict_keys(['example_task_group']) retrieved from /home/airflow/.local/lib/python3.7/site-packages/airflow/example_dags/example_task_group.py
[2022-12-16 02:06:53,057] {logging_mixin.py:115} INFO - [2022-12-16 02:06:53,057] {dag.py:2371} INFO - Sync 1 DAGs
[2022-12-16 02:06:53,083] {logging_mixin.py:115} INFO - [2022-12-16 02:06:53,083] {dag.py:2919} INFO - Setting next_dagrun for example_task_group to 2022-12-15T02:06:53.083347+00:00, run_after=2022-12-16T02:06:53.083347+00:00
[2022-12-16 02:06:53,100] {processor.py:161} INFO - Processing /home/airflow/.local/lib/python3.7/site-packages/airflow/example_dags/example_task_group.py took 0.087 seconds
[2022-12-16 02:07:23,400] {processor.py:153} INFO - Started process (PID=957) to work on /home/airflow/.local/lib/python3.7/site-packages/airflow/example_dags/example_task_group.py
[2022-12-16 02:07:23,400] {processor.py:641} INFO - Processing file /home/airflow/.local/lib/python3.7/site-packages/airflow/example_dags/example_task_group.py for tasks to queue
[2022-12-16 02:07:23,401] {logging_mixin.py:115} INFO - [2022-12-16 02:07:23,401] {dagbag.py:507} INFO - Filling up the DagBag from /home/airflow/.local/lib/python3.7/site-packages/airflow/example_dags/example_task_group.py
[2022-12-16 02:07:23,412] {processor.py:651} INFO - DAG(s) dict_keys(['example_task_group']) retrieved from /home/airflow/.local/lib/python3.7/site-packages/airflow/example_dags/example_task_group.py
[2022-12-16 02:07:23,446] {logging_mixin.py:115} INFO - [2022-12-16 02:07:23,445] {dag.py:2371} INFO - Sync 1 DAGs
[2022-12-16 02:07:23,474] {logging_mixin.py:115} INFO - [2022-12-16 02:07:23,474] {dag.py:2919} INFO - Setting next_dagrun for example_task_group to 2022-12-15T02:07:23.473806+00:00, run_after=2022-12-16T02:07:23.473806+00:00
[2022-12-16 02:07:23,487] {processor.py:161} INFO - Processing /home/airflow/.local/lib/python3.7/site-packages/airflow/example_dags/example_task_group.py took 0.091 seconds
[2022-12-16 02:07:53,792] {processor.py:153} INFO - Started process (PID=1020) to work on /home/airflow/.local/lib/python3.7/site-packages/airflow/example_dags/example_task_group.py
[2022-12-16 02:07:53,793] {processor.py:641} INFO - Processing file /home/airflow/.local/lib/python3.7/site-packages/airflow/example_dags/example_task_group.py for tasks to queue
[2022-12-16 02:07:53,794] {logging_mixin.py:115} INFO - [2022-12-16 02:07:53,794] {dagbag.py:507} INFO - Filling up the DagBag from /home/airflow/.local/lib/python3.7/site-packages/airflow/example_dags/example_task_group.py
[2022-12-16 02:07:53,802] {processor.py:651} INFO - DAG(s) dict_keys(['example_task_group']) retrieved from /home/airflow/.local/lib/python3.7/site-packages/airflow/example_dags/example_task_group.py
[2022-12-16 02:07:53,828] {logging_mixin.py:115} INFO - [2022-12-16 02:07:53,828] {dag.py:2371} INFO - Sync 1 DAGs
[2022-12-16 02:07:53,850] {logging_mixin.py:115} INFO - [2022-12-16 02:07:53,850] {dag.py:2919} INFO - Setting next_dagrun for example_task_group to 2022-12-15T02:07:53.850018+00:00, run_after=2022-12-16T02:07:53.850018+00:00
[2022-12-16 02:07:53,866] {processor.py:161} INFO - Processing /home/airflow/.local/lib/python3.7/site-packages/airflow/example_dags/example_task_group.py took 0.078 seconds
[2022-12-16 02:08:24,326] {processor.py:153} INFO - Started process (PID=1082) to work on /home/airflow/.local/lib/python3.7/site-packages/airflow/example_dags/example_task_group.py
[2022-12-16 02:08:24,326] {processor.py:641} INFO - Processing file /home/airflow/.local/lib/python3.7/site-packages/airflow/example_dags/example_task_group.py for tasks to queue
[2022-12-16 02:08:24,327] {logging_mixin.py:115} INFO - [2022-12-16 02:08:24,327] {dagbag.py:507} INFO - Filling up the DagBag from /home/airflow/.local/lib/python3.7/site-packages/airflow/example_dags/example_task_group.py
[2022-12-16 02:08:24,336] {processor.py:651} INFO - DAG(s) dict_keys(['example_task_group']) retrieved from /home/airflow/.local/lib/python3.7/site-packages/airflow/example_dags/example_task_group.py
[2022-12-16 02:08:24,369] {logging_mixin.py:115} INFO - [2022-12-16 02:08:24,369] {dag.py:2371} INFO - Sync 1 DAGs
[2022-12-16 02:08:24,394] {logging_mixin.py:115} INFO - [2022-12-16 02:08:24,394] {dag.py:2919} INFO - Setting next_dagrun for example_task_group to 2022-12-15T02:08:24.394441+00:00, run_after=2022-12-16T02:08:24.394441+00:00
[2022-12-16 02:08:24,408] {processor.py:161} INFO - Processing /home/airflow/.local/lib/python3.7/site-packages/airflow/example_dags/example_task_group.py took 0.087 seconds
[2022-12-16 02:08:55,144] {processor.py:153} INFO - Started process (PID=1144) to work on /home/airflow/.local/lib/python3.7/site-packages/airflow/example_dags/example_task_group.py
[2022-12-16 02:08:55,144] {processor.py:641} INFO - Processing file /home/airflow/.local/lib/python3.7/site-packages/airflow/example_dags/example_task_group.py for tasks to queue
[2022-12-16 02:08:55,146] {logging_mixin.py:115} INFO - [2022-12-16 02:08:55,146] {dagbag.py:507} INFO - Filling up the DagBag from /home/airflow/.local/lib/python3.7/site-packages/airflow/example_dags/example_task_group.py
[2022-12-16 02:08:55,159] {processor.py:651} INFO - DAG(s) dict_keys(['example_task_group']) retrieved from /home/airflow/.local/lib/python3.7/site-packages/airflow/example_dags/example_task_group.py
[2022-12-16 02:08:55,208] {logging_mixin.py:115} INFO - [2022-12-16 02:08:55,208] {dag.py:2371} INFO - Sync 1 DAGs
[2022-12-16 02:08:55,235] {logging_mixin.py:115} INFO - [2022-12-16 02:08:55,235] {dag.py:2919} INFO - Setting next_dagrun for example_task_group to 2022-12-15T02:08:55.234932+00:00, run_after=2022-12-16T02:08:55.234932+00:00
[2022-12-16 02:08:55,251] {processor.py:161} INFO - Processing /home/airflow/.local/lib/python3.7/site-packages/airflow/example_dags/example_task_group.py took 0.112 seconds
[2022-12-16 02:09:25,307] {processor.py:153} INFO - Started process (PID=1198) to work on /home/airflow/.local/lib/python3.7/site-packages/airflow/example_dags/example_task_group.py
[2022-12-16 02:09:25,308] {processor.py:641} INFO - Processing file /home/airflow/.local/lib/python3.7/site-packages/airflow/example_dags/example_task_group.py for tasks to queue
[2022-12-16 02:09:25,309] {logging_mixin.py:115} INFO - [2022-12-16 02:09:25,308] {dagbag.py:507} INFO - Filling up the DagBag from /home/airflow/.local/lib/python3.7/site-packages/airflow/example_dags/example_task_group.py
[2022-12-16 02:09:25,317] {processor.py:651} INFO - DAG(s) dict_keys(['example_task_group']) retrieved from /home/airflow/.local/lib/python3.7/site-packages/airflow/example_dags/example_task_group.py
[2022-12-16 02:09:25,342] {logging_mixin.py:115} INFO - [2022-12-16 02:09:25,342] {dag.py:2371} INFO - Sync 1 DAGs
[2022-12-16 02:09:25,364] {logging_mixin.py:115} INFO - [2022-12-16 02:09:25,364] {dag.py:2919} INFO - Setting next_dagrun for example_task_group to 2022-12-15T02:09:25.363964+00:00, run_after=2022-12-16T02:09:25.363964+00:00
[2022-12-16 02:09:25,377] {processor.py:161} INFO - Processing /home/airflow/.local/lib/python3.7/site-packages/airflow/example_dags/example_task_group.py took 0.073 seconds
[2022-12-16 02:09:55,708] {processor.py:153} INFO - Started process (PID=1260) to work on /home/airflow/.local/lib/python3.7/site-packages/airflow/example_dags/example_task_group.py
[2022-12-16 02:09:55,709] {processor.py:641} INFO - Processing file /home/airflow/.local/lib/python3.7/site-packages/airflow/example_dags/example_task_group.py for tasks to queue
[2022-12-16 02:09:55,710] {logging_mixin.py:115} INFO - [2022-12-16 02:09:55,710] {dagbag.py:507} INFO - Filling up the DagBag from /home/airflow/.local/lib/python3.7/site-packages/airflow/example_dags/example_task_group.py
[2022-12-16 02:09:55,719] {processor.py:651} INFO - DAG(s) dict_keys(['example_task_group']) retrieved from /home/airflow/.local/lib/python3.7/site-packages/airflow/example_dags/example_task_group.py
[2022-12-16 02:09:55,749] {logging_mixin.py:115} INFO - [2022-12-16 02:09:55,749] {dag.py:2371} INFO - Sync 1 DAGs
[2022-12-16 02:09:55,769] {logging_mixin.py:115} INFO - [2022-12-16 02:09:55,769] {dag.py:2919} INFO - Setting next_dagrun for example_task_group to 2022-12-15T02:09:55.769352+00:00, run_after=2022-12-16T02:09:55.769352+00:00
[2022-12-16 02:09:55,781] {processor.py:161} INFO - Processing /home/airflow/.local/lib/python3.7/site-packages/airflow/example_dags/example_task_group.py took 0.077 seconds
[2022-12-16 02:10:26,170] {processor.py:153} INFO - Started process (PID=1322) to work on /home/airflow/.local/lib/python3.7/site-packages/airflow/example_dags/example_task_group.py
[2022-12-16 02:10:26,171] {processor.py:641} INFO - Processing file /home/airflow/.local/lib/python3.7/site-packages/airflow/example_dags/example_task_group.py for tasks to queue
[2022-12-16 02:10:26,171] {logging_mixin.py:115} INFO - [2022-12-16 02:10:26,171] {dagbag.py:507} INFO - Filling up the DagBag from /home/airflow/.local/lib/python3.7/site-packages/airflow/example_dags/example_task_group.py
[2022-12-16 02:10:26,179] {processor.py:651} INFO - DAG(s) dict_keys(['example_task_group']) retrieved from /home/airflow/.local/lib/python3.7/site-packages/airflow/example_dags/example_task_group.py
[2022-12-16 02:10:26,215] {logging_mixin.py:115} INFO - [2022-12-16 02:10:26,214] {dag.py:2371} INFO - Sync 1 DAGs
[2022-12-16 02:10:26,244] {logging_mixin.py:115} INFO - [2022-12-16 02:10:26,243] {dag.py:2919} INFO - Setting next_dagrun for example_task_group to 2022-12-15T02:10:26.243720+00:00, run_after=2022-12-16T02:10:26.243720+00:00
[2022-12-16 02:10:26,255] {processor.py:161} INFO - Processing /home/airflow/.local/lib/python3.7/site-packages/airflow/example_dags/example_task_group.py took 0.089 seconds
[2022-12-16 02:10:56,464] {processor.py:153} INFO - Started process (PID=1375) to work on /home/airflow/.local/lib/python3.7/site-packages/airflow/example_dags/example_task_group.py
[2022-12-16 02:10:56,465] {processor.py:641} INFO - Processing file /home/airflow/.local/lib/python3.7/site-packages/airflow/example_dags/example_task_group.py for tasks to queue
[2022-12-16 02:10:56,465] {logging_mixin.py:115} INFO - [2022-12-16 02:10:56,465] {dagbag.py:507} INFO - Filling up the DagBag from /home/airflow/.local/lib/python3.7/site-packages/airflow/example_dags/example_task_group.py
[2022-12-16 02:10:56,475] {processor.py:651} INFO - DAG(s) dict_keys(['example_task_group']) retrieved from /home/airflow/.local/lib/python3.7/site-packages/airflow/example_dags/example_task_group.py
[2022-12-16 02:10:56,508] {logging_mixin.py:115} INFO - [2022-12-16 02:10:56,508] {dag.py:2371} INFO - Sync 1 DAGs
[2022-12-16 02:10:56,533] {logging_mixin.py:115} INFO - [2022-12-16 02:10:56,533] {dag.py:2919} INFO - Setting next_dagrun for example_task_group to 2022-12-15T02:10:56.533250+00:00, run_after=2022-12-16T02:10:56.533250+00:00
[2022-12-16 02:10:56,548] {processor.py:161} INFO - Processing /home/airflow/.local/lib/python3.7/site-packages/airflow/example_dags/example_task_group.py took 0.088 seconds
[2022-12-16 02:11:26,732] {processor.py:153} INFO - Started process (PID=1437) to work on /home/airflow/.local/lib/python3.7/site-packages/airflow/example_dags/example_task_group.py
[2022-12-16 02:11:26,733] {processor.py:641} INFO - Processing file /home/airflow/.local/lib/python3.7/site-packages/airflow/example_dags/example_task_group.py for tasks to queue
[2022-12-16 02:11:26,733] {logging_mixin.py:115} INFO - [2022-12-16 02:11:26,733] {dagbag.py:507} INFO - Filling up the DagBag from /home/airflow/.local/lib/python3.7/site-packages/airflow/example_dags/example_task_group.py
[2022-12-16 02:11:26,764] {processor.py:651} INFO - DAG(s) dict_keys(['example_task_group']) retrieved from /home/airflow/.local/lib/python3.7/site-packages/airflow/example_dags/example_task_group.py
[2022-12-16 02:11:26,791] {logging_mixin.py:115} INFO - [2022-12-16 02:11:26,791] {dag.py:2371} INFO - Sync 1 DAGs
[2022-12-16 02:11:26,816] {logging_mixin.py:115} INFO - [2022-12-16 02:11:26,816] {dag.py:2919} INFO - Setting next_dagrun for example_task_group to 2022-12-15T02:11:26.815994+00:00, run_after=2022-12-16T02:11:26.815994+00:00
[2022-12-16 02:11:26,829] {processor.py:161} INFO - Processing /home/airflow/.local/lib/python3.7/site-packages/airflow/example_dags/example_task_group.py took 0.080 seconds
[2022-12-16 02:11:56,993] {processor.py:153} INFO - Started process (PID=1499) to work on /home/airflow/.local/lib/python3.7/site-packages/airflow/example_dags/example_task_group.py
[2022-12-16 02:11:56,994] {processor.py:641} INFO - Processing file /home/airflow/.local/lib/python3.7/site-packages/airflow/example_dags/example_task_group.py for tasks to queue
[2022-12-16 02:11:56,995] {logging_mixin.py:115} INFO - [2022-12-16 02:11:56,995] {dagbag.py:507} INFO - Filling up the DagBag from /home/airflow/.local/lib/python3.7/site-packages/airflow/example_dags/example_task_group.py
[2022-12-16 02:11:57,002] {processor.py:651} INFO - DAG(s) dict_keys(['example_task_group']) retrieved from /home/airflow/.local/lib/python3.7/site-packages/airflow/example_dags/example_task_group.py
[2022-12-16 02:11:57,030] {logging_mixin.py:115} INFO - [2022-12-16 02:11:57,029] {dag.py:2371} INFO - Sync 1 DAGs
[2022-12-16 02:11:57,051] {logging_mixin.py:115} INFO - [2022-12-16 02:11:57,051] {dag.py:2919} INFO - Setting next_dagrun for example_task_group to 2022-12-15T02:11:57.051025+00:00, run_after=2022-12-16T02:11:57.051025+00:00
[2022-12-16 02:11:57,063] {processor.py:161} INFO - Processing /home/airflow/.local/lib/python3.7/site-packages/airflow/example_dags/example_task_group.py took 0.073 seconds
[2022-12-16 02:12:27,138] {processor.py:153} INFO - Started process (PID=1560) to work on /home/airflow/.local/lib/python3.7/site-packages/airflow/example_dags/example_task_group.py
[2022-12-16 02:12:27,140] {processor.py:641} INFO - Processing file /home/airflow/.local/lib/python3.7/site-packages/airflow/example_dags/example_task_group.py for tasks to queue
[2022-12-16 02:12:27,141] {logging_mixin.py:115} INFO - [2022-12-16 02:12:27,141] {dagbag.py:507} INFO - Filling up the DagBag from /home/airflow/.local/lib/python3.7/site-packages/airflow/example_dags/example_task_group.py
[2022-12-16 02:12:27,152] {processor.py:651} INFO - DAG(s) dict_keys(['example_task_group']) retrieved from /home/airflow/.local/lib/python3.7/site-packages/airflow/example_dags/example_task_group.py
[2022-12-16 02:12:27,183] {logging_mixin.py:115} INFO - [2022-12-16 02:12:27,183] {dag.py:2371} INFO - Sync 1 DAGs
[2022-12-16 02:12:27,209] {logging_mixin.py:115} INFO - [2022-12-16 02:12:27,209] {dag.py:2919} INFO - Setting next_dagrun for example_task_group to 2022-12-15T02:12:27.209586+00:00, run_after=2022-12-16T02:12:27.209586+00:00
[2022-12-16 02:12:27,223] {processor.py:161} INFO - Processing /home/airflow/.local/lib/python3.7/site-packages/airflow/example_dags/example_task_group.py took 0.089 seconds
[2022-12-16 02:12:57,712] {processor.py:153} INFO - Started process (PID=1614) to work on /home/airflow/.local/lib/python3.7/site-packages/airflow/example_dags/example_task_group.py
[2022-12-16 02:12:57,713] {processor.py:641} INFO - Processing file /home/airflow/.local/lib/python3.7/site-packages/airflow/example_dags/example_task_group.py for tasks to queue
[2022-12-16 02:12:57,716] {logging_mixin.py:115} INFO - [2022-12-16 02:12:57,716] {dagbag.py:507} INFO - Filling up the DagBag from /home/airflow/.local/lib/python3.7/site-packages/airflow/example_dags/example_task_group.py
[2022-12-16 02:12:57,728] {processor.py:651} INFO - DAG(s) dict_keys(['example_task_group']) retrieved from /home/airflow/.local/lib/python3.7/site-packages/airflow/example_dags/example_task_group.py
[2022-12-16 02:12:57,771] {logging_mixin.py:115} INFO - [2022-12-16 02:12:57,771] {dag.py:2371} INFO - Sync 1 DAGs
[2022-12-16 02:12:57,809] {logging_mixin.py:115} INFO - [2022-12-16 02:12:57,808] {dag.py:2919} INFO - Setting next_dagrun for example_task_group to 2022-12-15T02:12:57.808492+00:00, run_after=2022-12-16T02:12:57.808492+00:00
[2022-12-16 02:12:57,832] {processor.py:161} INFO - Processing /home/airflow/.local/lib/python3.7/site-packages/airflow/example_dags/example_task_group.py took 0.124 seconds
