[2022-12-16 01:50:25,340] {processor.py:153} INFO - Started process (PID=59) to work on /home/airflow/.local/lib/python3.7/site-packages/airflow/example_dags/example_bash_operator.py
[2022-12-16 01:50:25,340] {processor.py:641} INFO - Processing file /home/airflow/.local/lib/python3.7/site-packages/airflow/example_dags/example_bash_operator.py for tasks to queue
[2022-12-16 01:50:25,341] {logging_mixin.py:115} INFO - [2022-12-16 01:50:25,341] {dagbag.py:507} INFO - Filling up the DagBag from /home/airflow/.local/lib/python3.7/site-packages/airflow/example_dags/example_bash_operator.py
[2022-12-16 01:50:25,374] {processor.py:651} INFO - DAG(s) dict_keys(['example_bash_operator']) retrieved from /home/airflow/.local/lib/python3.7/site-packages/airflow/example_dags/example_bash_operator.py
[2022-12-16 01:50:25,871] {logging_mixin.py:115} INFO - [2022-12-16 01:50:25,871] {manager.py:508} INFO - Created Permission View: can edit on DAG:example_bash_operator
[2022-12-16 01:50:25,891] {logging_mixin.py:115} INFO - [2022-12-16 01:50:25,891] {manager.py:508} INFO - Created Permission View: can delete on DAG:example_bash_operator
[2022-12-16 01:50:25,909] {logging_mixin.py:115} INFO - [2022-12-16 01:50:25,909] {manager.py:508} INFO - Created Permission View: can read on DAG:example_bash_operator
[2022-12-16 01:50:25,909] {logging_mixin.py:115} INFO - [2022-12-16 01:50:25,909] {dag.py:2371} INFO - Sync 1 DAGs
[2022-12-16 01:50:25,937] {logging_mixin.py:115} INFO - [2022-12-16 01:50:25,936] {dag.py:2390} INFO - Creating ORM DAG for example_bash_operator
[2022-12-16 01:50:25,959] {logging_mixin.py:115} INFO - [2022-12-16 01:50:25,958] {dag.py:2919} INFO - Setting next_dagrun for example_bash_operator to 2022-12-15T00:00:00+00:00, run_after=2022-12-16T00:00:00+00:00
[2022-12-16 01:50:25,995] {processor.py:161} INFO - Processing /home/airflow/.local/lib/python3.7/site-packages/airflow/example_dags/example_bash_operator.py took 0.665 seconds
[2022-12-16 01:50:56,176] {processor.py:153} INFO - Started process (PID=121) to work on /home/airflow/.local/lib/python3.7/site-packages/airflow/example_dags/example_bash_operator.py
[2022-12-16 01:50:56,177] {processor.py:641} INFO - Processing file /home/airflow/.local/lib/python3.7/site-packages/airflow/example_dags/example_bash_operator.py for tasks to queue
[2022-12-16 01:50:56,177] {logging_mixin.py:115} INFO - [2022-12-16 01:50:56,177] {dagbag.py:507} INFO - Filling up the DagBag from /home/airflow/.local/lib/python3.7/site-packages/airflow/example_dags/example_bash_operator.py
[2022-12-16 01:50:56,192] {processor.py:651} INFO - DAG(s) dict_keys(['example_bash_operator']) retrieved from /home/airflow/.local/lib/python3.7/site-packages/airflow/example_dags/example_bash_operator.py
[2022-12-16 01:50:56,220] {logging_mixin.py:115} INFO - [2022-12-16 01:50:56,220] {dag.py:2371} INFO - Sync 1 DAGs
[2022-12-16 01:50:56,378] {logging_mixin.py:115} INFO - [2022-12-16 01:50:56,378] {dag.py:2919} INFO - Setting next_dagrun for example_bash_operator to 2022-12-15T00:00:00+00:00, run_after=2022-12-16T00:00:00+00:00
[2022-12-16 01:50:56,394] {processor.py:161} INFO - Processing /home/airflow/.local/lib/python3.7/site-packages/airflow/example_dags/example_bash_operator.py took 0.222 seconds
[2022-12-16 01:51:26,609] {processor.py:153} INFO - Started process (PID=173) to work on /home/airflow/.local/lib/python3.7/site-packages/airflow/example_dags/example_bash_operator.py
[2022-12-16 01:51:26,610] {processor.py:641} INFO - Processing file /home/airflow/.local/lib/python3.7/site-packages/airflow/example_dags/example_bash_operator.py for tasks to queue
[2022-12-16 01:51:26,610] {logging_mixin.py:115} INFO - [2022-12-16 01:51:26,610] {dagbag.py:507} INFO - Filling up the DagBag from /home/airflow/.local/lib/python3.7/site-packages/airflow/example_dags/example_bash_operator.py
[2022-12-16 01:51:26,625] {processor.py:651} INFO - DAG(s) dict_keys(['example_bash_operator']) retrieved from /home/airflow/.local/lib/python3.7/site-packages/airflow/example_dags/example_bash_operator.py
[2022-12-16 01:51:26,655] {logging_mixin.py:115} INFO - [2022-12-16 01:51:26,654] {dag.py:2371} INFO - Sync 1 DAGs
[2022-12-16 01:51:26,822] {logging_mixin.py:115} INFO - [2022-12-16 01:51:26,821] {dag.py:2919} INFO - Setting next_dagrun for example_bash_operator to 2022-12-15T00:00:00+00:00, run_after=2022-12-16T00:00:00+00:00
[2022-12-16 01:51:26,833] {processor.py:161} INFO - Processing /home/airflow/.local/lib/python3.7/site-packages/airflow/example_dags/example_bash_operator.py took 0.228 seconds
[2022-12-16 01:51:57,128] {processor.py:153} INFO - Started process (PID=235) to work on /home/airflow/.local/lib/python3.7/site-packages/airflow/example_dags/example_bash_operator.py
[2022-12-16 01:51:57,143] {processor.py:641} INFO - Processing file /home/airflow/.local/lib/python3.7/site-packages/airflow/example_dags/example_bash_operator.py for tasks to queue
[2022-12-16 01:51:57,151] {logging_mixin.py:115} INFO - [2022-12-16 01:51:57,150] {dagbag.py:507} INFO - Filling up the DagBag from /home/airflow/.local/lib/python3.7/site-packages/airflow/example_dags/example_bash_operator.py
[2022-12-16 01:51:57,233] {processor.py:651} INFO - DAG(s) dict_keys(['example_bash_operator']) retrieved from /home/airflow/.local/lib/python3.7/site-packages/airflow/example_dags/example_bash_operator.py
[2022-12-16 01:51:57,653] {logging_mixin.py:115} INFO - [2022-12-16 01:51:57,653] {dag.py:2371} INFO - Sync 1 DAGs
[2022-12-16 01:51:57,669] {logging_mixin.py:115} INFO - [2022-12-16 01:51:57,668] {dag.py:2390} INFO - Creating ORM DAG for example_bash_operator
[2022-12-16 01:51:57,697] {logging_mixin.py:115} INFO - [2022-12-16 01:51:57,697] {dag.py:2919} INFO - Setting next_dagrun for example_bash_operator to 2022-12-15T00:00:00+00:00, run_after=2022-12-16T00:00:00+00:00
[2022-12-16 01:51:57,742] {processor.py:161} INFO - Processing /home/airflow/.local/lib/python3.7/site-packages/airflow/example_dags/example_bash_operator.py took 0.629 seconds
[2022-12-16 01:52:28,376] {processor.py:153} INFO - Started process (PID=297) to work on /home/airflow/.local/lib/python3.7/site-packages/airflow/example_dags/example_bash_operator.py
[2022-12-16 01:52:28,377] {processor.py:641} INFO - Processing file /home/airflow/.local/lib/python3.7/site-packages/airflow/example_dags/example_bash_operator.py for tasks to queue
[2022-12-16 01:52:28,379] {logging_mixin.py:115} INFO - [2022-12-16 01:52:28,378] {dagbag.py:507} INFO - Filling up the DagBag from /home/airflow/.local/lib/python3.7/site-packages/airflow/example_dags/example_bash_operator.py
[2022-12-16 01:52:28,415] {processor.py:651} INFO - DAG(s) dict_keys(['example_bash_operator']) retrieved from /home/airflow/.local/lib/python3.7/site-packages/airflow/example_dags/example_bash_operator.py
[2022-12-16 01:52:28,855] {logging_mixin.py:115} INFO - [2022-12-16 01:52:28,855] {dag.py:2371} INFO - Sync 1 DAGs
[2022-12-16 01:52:28,868] {logging_mixin.py:115} INFO - [2022-12-16 01:52:28,868] {dag.py:2390} INFO - Creating ORM DAG for example_bash_operator
[2022-12-16 01:52:28,900] {logging_mixin.py:115} INFO - [2022-12-16 01:52:28,900] {dag.py:2919} INFO - Setting next_dagrun for example_bash_operator to 2022-12-15T00:00:00+00:00, run_after=2022-12-16T00:00:00+00:00
[2022-12-16 01:52:28,949] {processor.py:161} INFO - Processing /home/airflow/.local/lib/python3.7/site-packages/airflow/example_dags/example_bash_operator.py took 0.580 seconds
[2022-12-16 01:52:59,132] {processor.py:153} INFO - Started process (PID=349) to work on /home/airflow/.local/lib/python3.7/site-packages/airflow/example_dags/example_bash_operator.py
[2022-12-16 01:52:59,134] {processor.py:641} INFO - Processing file /home/airflow/.local/lib/python3.7/site-packages/airflow/example_dags/example_bash_operator.py for tasks to queue
[2022-12-16 01:52:59,135] {logging_mixin.py:115} INFO - [2022-12-16 01:52:59,134] {dagbag.py:507} INFO - Filling up the DagBag from /home/airflow/.local/lib/python3.7/site-packages/airflow/example_dags/example_bash_operator.py
[2022-12-16 01:52:59,152] {processor.py:651} INFO - DAG(s) dict_keys(['example_bash_operator']) retrieved from /home/airflow/.local/lib/python3.7/site-packages/airflow/example_dags/example_bash_operator.py
[2022-12-16 01:52:59,191] {logging_mixin.py:115} INFO - [2022-12-16 01:52:59,191] {dag.py:2371} INFO - Sync 1 DAGs
[2022-12-16 01:52:59,342] {logging_mixin.py:115} INFO - [2022-12-16 01:52:59,342] {dag.py:2919} INFO - Setting next_dagrun for example_bash_operator to 2022-12-15T00:00:00+00:00, run_after=2022-12-16T00:00:00+00:00
[2022-12-16 01:52:59,353] {processor.py:161} INFO - Processing /home/airflow/.local/lib/python3.7/site-packages/airflow/example_dags/example_bash_operator.py took 0.225 seconds
[2022-12-16 01:53:29,491] {processor.py:153} INFO - Started process (PID=409) to work on /home/airflow/.local/lib/python3.7/site-packages/airflow/example_dags/example_bash_operator.py
[2022-12-16 01:53:29,492] {processor.py:641} INFO - Processing file /home/airflow/.local/lib/python3.7/site-packages/airflow/example_dags/example_bash_operator.py for tasks to queue
[2022-12-16 01:53:29,493] {logging_mixin.py:115} INFO - [2022-12-16 01:53:29,492] {dagbag.py:507} INFO - Filling up the DagBag from /home/airflow/.local/lib/python3.7/site-packages/airflow/example_dags/example_bash_operator.py
[2022-12-16 01:53:29,512] {processor.py:651} INFO - DAG(s) dict_keys(['example_bash_operator']) retrieved from /home/airflow/.local/lib/python3.7/site-packages/airflow/example_dags/example_bash_operator.py
[2022-12-16 01:53:29,554] {logging_mixin.py:115} INFO - [2022-12-16 01:53:29,554] {dag.py:2371} INFO - Sync 1 DAGs
[2022-12-16 01:53:29,709] {logging_mixin.py:115} INFO - [2022-12-16 01:53:29,709] {dag.py:2919} INFO - Setting next_dagrun for example_bash_operator to 2022-12-15T00:00:00+00:00, run_after=2022-12-16T00:00:00+00:00
[2022-12-16 01:53:29,721] {processor.py:161} INFO - Processing /home/airflow/.local/lib/python3.7/site-packages/airflow/example_dags/example_bash_operator.py took 0.235 seconds
[2022-12-16 01:54:00,516] {processor.py:153} INFO - Started process (PID=470) to work on /home/airflow/.local/lib/python3.7/site-packages/airflow/example_dags/example_bash_operator.py
[2022-12-16 01:54:00,517] {processor.py:641} INFO - Processing file /home/airflow/.local/lib/python3.7/site-packages/airflow/example_dags/example_bash_operator.py for tasks to queue
[2022-12-16 01:54:00,518] {logging_mixin.py:115} INFO - [2022-12-16 01:54:00,518] {dagbag.py:507} INFO - Filling up the DagBag from /home/airflow/.local/lib/python3.7/site-packages/airflow/example_dags/example_bash_operator.py
[2022-12-16 01:54:00,542] {processor.py:651} INFO - DAG(s) dict_keys(['example_bash_operator']) retrieved from /home/airflow/.local/lib/python3.7/site-packages/airflow/example_dags/example_bash_operator.py
[2022-12-16 01:54:00,585] {logging_mixin.py:115} INFO - [2022-12-16 01:54:00,585] {dag.py:2371} INFO - Sync 1 DAGs
[2022-12-16 01:54:00,775] {logging_mixin.py:115} INFO - [2022-12-16 01:54:00,775] {dag.py:2919} INFO - Setting next_dagrun for example_bash_operator to 2022-12-15T00:00:00+00:00, run_after=2022-12-16T00:00:00+00:00
[2022-12-16 01:54:00,789] {processor.py:161} INFO - Processing /home/airflow/.local/lib/python3.7/site-packages/airflow/example_dags/example_bash_operator.py took 0.277 seconds
[2022-12-16 01:54:30,923] {processor.py:153} INFO - Started process (PID=522) to work on /home/airflow/.local/lib/python3.7/site-packages/airflow/example_dags/example_bash_operator.py
[2022-12-16 01:54:30,923] {processor.py:641} INFO - Processing file /home/airflow/.local/lib/python3.7/site-packages/airflow/example_dags/example_bash_operator.py for tasks to queue
[2022-12-16 01:54:30,924] {logging_mixin.py:115} INFO - [2022-12-16 01:54:30,924] {dagbag.py:507} INFO - Filling up the DagBag from /home/airflow/.local/lib/python3.7/site-packages/airflow/example_dags/example_bash_operator.py
[2022-12-16 01:54:30,937] {processor.py:651} INFO - DAG(s) dict_keys(['example_bash_operator']) retrieved from /home/airflow/.local/lib/python3.7/site-packages/airflow/example_dags/example_bash_operator.py
[2022-12-16 01:54:30,970] {logging_mixin.py:115} INFO - [2022-12-16 01:54:30,970] {dag.py:2371} INFO - Sync 1 DAGs
[2022-12-16 01:54:31,134] {logging_mixin.py:115} INFO - [2022-12-16 01:54:31,134] {dag.py:2919} INFO - Setting next_dagrun for example_bash_operator to 2022-12-15T00:00:00+00:00, run_after=2022-12-16T00:00:00+00:00
[2022-12-16 01:54:31,147] {processor.py:161} INFO - Processing /home/airflow/.local/lib/python3.7/site-packages/airflow/example_dags/example_bash_operator.py took 0.229 seconds
[2022-12-16 01:55:01,626] {processor.py:153} INFO - Started process (PID=583) to work on /home/airflow/.local/lib/python3.7/site-packages/airflow/example_dags/example_bash_operator.py
[2022-12-16 01:55:01,627] {processor.py:641} INFO - Processing file /home/airflow/.local/lib/python3.7/site-packages/airflow/example_dags/example_bash_operator.py for tasks to queue
[2022-12-16 01:55:01,628] {logging_mixin.py:115} INFO - [2022-12-16 01:55:01,628] {dagbag.py:507} INFO - Filling up the DagBag from /home/airflow/.local/lib/python3.7/site-packages/airflow/example_dags/example_bash_operator.py
[2022-12-16 01:55:01,640] {processor.py:651} INFO - DAG(s) dict_keys(['example_bash_operator']) retrieved from /home/airflow/.local/lib/python3.7/site-packages/airflow/example_dags/example_bash_operator.py
[2022-12-16 01:55:01,671] {logging_mixin.py:115} INFO - [2022-12-16 01:55:01,671] {dag.py:2371} INFO - Sync 1 DAGs
[2022-12-16 01:55:01,899] {logging_mixin.py:115} INFO - [2022-12-16 01:55:01,899] {dag.py:2919} INFO - Setting next_dagrun for example_bash_operator to 2022-12-15T00:00:00+00:00, run_after=2022-12-16T00:00:00+00:00
[2022-12-16 01:55:01,915] {processor.py:161} INFO - Processing /home/airflow/.local/lib/python3.7/site-packages/airflow/example_dags/example_bash_operator.py took 0.292 seconds
[2022-12-16 01:55:32,239] {processor.py:153} INFO - Started process (PID=645) to work on /home/airflow/.local/lib/python3.7/site-packages/airflow/example_dags/example_bash_operator.py
[2022-12-16 01:55:32,241] {processor.py:641} INFO - Processing file /home/airflow/.local/lib/python3.7/site-packages/airflow/example_dags/example_bash_operator.py for tasks to queue
[2022-12-16 01:55:32,243] {logging_mixin.py:115} INFO - [2022-12-16 01:55:32,243] {dagbag.py:507} INFO - Filling up the DagBag from /home/airflow/.local/lib/python3.7/site-packages/airflow/example_dags/example_bash_operator.py
[2022-12-16 01:55:32,273] {processor.py:651} INFO - DAG(s) dict_keys(['example_bash_operator']) retrieved from /home/airflow/.local/lib/python3.7/site-packages/airflow/example_dags/example_bash_operator.py
[2022-12-16 01:55:32,318] {logging_mixin.py:115} INFO - [2022-12-16 01:55:32,317] {dag.py:2371} INFO - Sync 1 DAGs
[2022-12-16 01:55:32,501] {logging_mixin.py:115} INFO - [2022-12-16 01:55:32,501] {dag.py:2919} INFO - Setting next_dagrun for example_bash_operator to 2022-12-15T00:00:00+00:00, run_after=2022-12-16T00:00:00+00:00
[2022-12-16 01:55:32,513] {processor.py:161} INFO - Processing /home/airflow/.local/lib/python3.7/site-packages/airflow/example_dags/example_bash_operator.py took 0.281 seconds
[2022-12-16 01:56:02,955] {processor.py:153} INFO - Started process (PID=703) to work on /home/airflow/.local/lib/python3.7/site-packages/airflow/example_dags/example_bash_operator.py
[2022-12-16 01:56:02,956] {processor.py:641} INFO - Processing file /home/airflow/.local/lib/python3.7/site-packages/airflow/example_dags/example_bash_operator.py for tasks to queue
[2022-12-16 01:56:02,957] {logging_mixin.py:115} INFO - [2022-12-16 01:56:02,957] {dagbag.py:507} INFO - Filling up the DagBag from /home/airflow/.local/lib/python3.7/site-packages/airflow/example_dags/example_bash_operator.py
[2022-12-16 01:56:02,976] {processor.py:651} INFO - DAG(s) dict_keys(['example_bash_operator']) retrieved from /home/airflow/.local/lib/python3.7/site-packages/airflow/example_dags/example_bash_operator.py
[2022-12-16 01:56:03,023] {logging_mixin.py:115} INFO - [2022-12-16 01:56:03,023] {dag.py:2371} INFO - Sync 1 DAGs
[2022-12-16 01:56:03,225] {logging_mixin.py:115} INFO - [2022-12-16 01:56:03,225] {dag.py:2919} INFO - Setting next_dagrun for example_bash_operator to 2022-12-15T00:00:00+00:00, run_after=2022-12-16T00:00:00+00:00
[2022-12-16 01:56:03,252] {processor.py:161} INFO - Processing /home/airflow/.local/lib/python3.7/site-packages/airflow/example_dags/example_bash_operator.py took 0.301 seconds
[2022-12-16 01:56:33,353] {processor.py:153} INFO - Started process (PID=759) to work on /home/airflow/.local/lib/python3.7/site-packages/airflow/example_dags/example_bash_operator.py
[2022-12-16 01:56:33,353] {processor.py:641} INFO - Processing file /home/airflow/.local/lib/python3.7/site-packages/airflow/example_dags/example_bash_operator.py for tasks to queue
[2022-12-16 01:56:33,354] {logging_mixin.py:115} INFO - [2022-12-16 01:56:33,354] {dagbag.py:507} INFO - Filling up the DagBag from /home/airflow/.local/lib/python3.7/site-packages/airflow/example_dags/example_bash_operator.py
[2022-12-16 01:56:33,370] {processor.py:651} INFO - DAG(s) dict_keys(['example_bash_operator']) retrieved from /home/airflow/.local/lib/python3.7/site-packages/airflow/example_dags/example_bash_operator.py
[2022-12-16 01:56:33,409] {logging_mixin.py:115} INFO - [2022-12-16 01:56:33,409] {dag.py:2371} INFO - Sync 1 DAGs
[2022-12-16 01:56:33,581] {logging_mixin.py:115} INFO - [2022-12-16 01:56:33,581] {dag.py:2919} INFO - Setting next_dagrun for example_bash_operator to 2022-12-15T00:00:00+00:00, run_after=2022-12-16T00:00:00+00:00
[2022-12-16 01:56:33,595] {processor.py:161} INFO - Processing /home/airflow/.local/lib/python3.7/site-packages/airflow/example_dags/example_bash_operator.py took 0.246 seconds
[2022-12-16 01:57:03,771] {processor.py:153} INFO - Started process (PID=821) to work on /home/airflow/.local/lib/python3.7/site-packages/airflow/example_dags/example_bash_operator.py
[2022-12-16 01:57:03,772] {processor.py:641} INFO - Processing file /home/airflow/.local/lib/python3.7/site-packages/airflow/example_dags/example_bash_operator.py for tasks to queue
[2022-12-16 01:57:03,773] {logging_mixin.py:115} INFO - [2022-12-16 01:57:03,772] {dagbag.py:507} INFO - Filling up the DagBag from /home/airflow/.local/lib/python3.7/site-packages/airflow/example_dags/example_bash_operator.py
[2022-12-16 01:57:03,784] {processor.py:651} INFO - DAG(s) dict_keys(['example_bash_operator']) retrieved from /home/airflow/.local/lib/python3.7/site-packages/airflow/example_dags/example_bash_operator.py
[2022-12-16 01:57:03,811] {logging_mixin.py:115} INFO - [2022-12-16 01:57:03,811] {dag.py:2371} INFO - Sync 1 DAGs
[2022-12-16 01:57:03,963] {logging_mixin.py:115} INFO - [2022-12-16 01:57:03,963] {dag.py:2919} INFO - Setting next_dagrun for example_bash_operator to 2022-12-15T00:00:00+00:00, run_after=2022-12-16T00:00:00+00:00
[2022-12-16 01:57:03,973] {processor.py:161} INFO - Processing /home/airflow/.local/lib/python3.7/site-packages/airflow/example_dags/example_bash_operator.py took 0.205 seconds
[2022-12-16 01:57:34,874] {processor.py:153} INFO - Started process (PID=883) to work on /home/airflow/.local/lib/python3.7/site-packages/airflow/example_dags/example_bash_operator.py
[2022-12-16 01:57:34,875] {processor.py:641} INFO - Processing file /home/airflow/.local/lib/python3.7/site-packages/airflow/example_dags/example_bash_operator.py for tasks to queue
[2022-12-16 01:57:34,876] {logging_mixin.py:115} INFO - [2022-12-16 01:57:34,876] {dagbag.py:507} INFO - Filling up the DagBag from /home/airflow/.local/lib/python3.7/site-packages/airflow/example_dags/example_bash_operator.py
[2022-12-16 01:57:34,893] {processor.py:651} INFO - DAG(s) dict_keys(['example_bash_operator']) retrieved from /home/airflow/.local/lib/python3.7/site-packages/airflow/example_dags/example_bash_operator.py
[2022-12-16 01:57:34,941] {logging_mixin.py:115} INFO - [2022-12-16 01:57:34,941] {dag.py:2371} INFO - Sync 1 DAGs
[2022-12-16 01:57:35,189] {logging_mixin.py:115} INFO - [2022-12-16 01:57:35,189] {dag.py:2919} INFO - Setting next_dagrun for example_bash_operator to 2022-12-15T00:00:00+00:00, run_after=2022-12-16T00:00:00+00:00
[2022-12-16 01:57:35,202] {processor.py:161} INFO - Processing /home/airflow/.local/lib/python3.7/site-packages/airflow/example_dags/example_bash_operator.py took 0.334 seconds
[2022-12-16 01:58:57,364] {processor.py:153} INFO - Started process (PID=60) to work on /home/airflow/.local/lib/python3.7/site-packages/airflow/example_dags/example_bash_operator.py
[2022-12-16 01:58:57,366] {processor.py:641} INFO - Processing file /home/airflow/.local/lib/python3.7/site-packages/airflow/example_dags/example_bash_operator.py for tasks to queue
[2022-12-16 01:58:57,373] {logging_mixin.py:115} INFO - [2022-12-16 01:58:57,373] {dagbag.py:507} INFO - Filling up the DagBag from /home/airflow/.local/lib/python3.7/site-packages/airflow/example_dags/example_bash_operator.py
[2022-12-16 01:58:57,410] {processor.py:651} INFO - DAG(s) dict_keys(['example_bash_operator']) retrieved from /home/airflow/.local/lib/python3.7/site-packages/airflow/example_dags/example_bash_operator.py
[2022-12-16 01:58:57,475] {logging_mixin.py:115} INFO - [2022-12-16 01:58:57,474] {dag.py:2371} INFO - Sync 1 DAGs
[2022-12-16 01:58:57,541] {logging_mixin.py:115} INFO - [2022-12-16 01:58:57,541] {dag.py:2919} INFO - Setting next_dagrun for example_bash_operator to 2022-12-15T00:00:00+00:00, run_after=2022-12-16T00:00:00+00:00
[2022-12-16 01:58:57,595] {processor.py:161} INFO - Processing /home/airflow/.local/lib/python3.7/site-packages/airflow/example_dags/example_bash_operator.py took 0.242 seconds
[2022-12-16 01:59:43,433] {processor.py:153} INFO - Started process (PID=51) to work on /home/airflow/.local/lib/python3.7/site-packages/airflow/example_dags/example_bash_operator.py
[2022-12-16 01:59:43,436] {processor.py:641} INFO - Processing file /home/airflow/.local/lib/python3.7/site-packages/airflow/example_dags/example_bash_operator.py for tasks to queue
[2022-12-16 01:59:43,437] {logging_mixin.py:115} INFO - [2022-12-16 01:59:43,437] {dagbag.py:507} INFO - Filling up the DagBag from /home/airflow/.local/lib/python3.7/site-packages/airflow/example_dags/example_bash_operator.py
[2022-12-16 01:59:43,466] {processor.py:651} INFO - DAG(s) dict_keys(['example_bash_operator']) retrieved from /home/airflow/.local/lib/python3.7/site-packages/airflow/example_dags/example_bash_operator.py
[2022-12-16 01:59:43,568] {logging_mixin.py:115} INFO - [2022-12-16 01:59:43,568] {dag.py:2371} INFO - Sync 1 DAGs
[2022-12-16 01:59:43,639] {logging_mixin.py:115} INFO - [2022-12-16 01:59:43,639] {dag.py:2919} INFO - Setting next_dagrun for example_bash_operator to 2022-12-15T00:00:00+00:00, run_after=2022-12-16T00:00:00+00:00
[2022-12-16 01:59:43,680] {processor.py:161} INFO - Processing /home/airflow/.local/lib/python3.7/site-packages/airflow/example_dags/example_bash_operator.py took 0.250 seconds
[2022-12-16 02:00:14,564] {processor.py:153} INFO - Started process (PID=113) to work on /home/airflow/.local/lib/python3.7/site-packages/airflow/example_dags/example_bash_operator.py
[2022-12-16 02:00:14,565] {processor.py:641} INFO - Processing file /home/airflow/.local/lib/python3.7/site-packages/airflow/example_dags/example_bash_operator.py for tasks to queue
[2022-12-16 02:00:14,565] {logging_mixin.py:115} INFO - [2022-12-16 02:00:14,565] {dagbag.py:507} INFO - Filling up the DagBag from /home/airflow/.local/lib/python3.7/site-packages/airflow/example_dags/example_bash_operator.py
[2022-12-16 02:00:14,577] {processor.py:651} INFO - DAG(s) dict_keys(['example_bash_operator']) retrieved from /home/airflow/.local/lib/python3.7/site-packages/airflow/example_dags/example_bash_operator.py
[2022-12-16 02:00:14,609] {logging_mixin.py:115} INFO - [2022-12-16 02:00:14,609] {dag.py:2371} INFO - Sync 1 DAGs
[2022-12-16 02:00:14,634] {logging_mixin.py:115} INFO - [2022-12-16 02:00:14,634] {dag.py:2919} INFO - Setting next_dagrun for example_bash_operator to 2022-12-15T00:00:00+00:00, run_after=2022-12-16T00:00:00+00:00
[2022-12-16 02:00:14,650] {processor.py:161} INFO - Processing /home/airflow/.local/lib/python3.7/site-packages/airflow/example_dags/example_bash_operator.py took 0.091 seconds
[2022-12-16 02:00:45,432] {processor.py:153} INFO - Started process (PID=176) to work on /home/airflow/.local/lib/python3.7/site-packages/airflow/example_dags/example_bash_operator.py
[2022-12-16 02:00:45,433] {processor.py:641} INFO - Processing file /home/airflow/.local/lib/python3.7/site-packages/airflow/example_dags/example_bash_operator.py for tasks to queue
[2022-12-16 02:00:45,435] {logging_mixin.py:115} INFO - [2022-12-16 02:00:45,434] {dagbag.py:507} INFO - Filling up the DagBag from /home/airflow/.local/lib/python3.7/site-packages/airflow/example_dags/example_bash_operator.py
[2022-12-16 02:00:45,452] {processor.py:651} INFO - DAG(s) dict_keys(['example_bash_operator']) retrieved from /home/airflow/.local/lib/python3.7/site-packages/airflow/example_dags/example_bash_operator.py
[2022-12-16 02:00:45,480] {logging_mixin.py:115} INFO - [2022-12-16 02:00:45,480] {dag.py:2371} INFO - Sync 1 DAGs
[2022-12-16 02:00:45,502] {logging_mixin.py:115} INFO - [2022-12-16 02:00:45,502] {dag.py:2919} INFO - Setting next_dagrun for example_bash_operator to 2022-12-15T00:00:00+00:00, run_after=2022-12-16T00:00:00+00:00
[2022-12-16 02:00:45,514] {processor.py:161} INFO - Processing /home/airflow/.local/lib/python3.7/site-packages/airflow/example_dags/example_bash_operator.py took 0.088 seconds
[2022-12-16 02:01:16,289] {processor.py:153} INFO - Started process (PID=229) to work on /home/airflow/.local/lib/python3.7/site-packages/airflow/example_dags/example_bash_operator.py
[2022-12-16 02:01:16,289] {processor.py:641} INFO - Processing file /home/airflow/.local/lib/python3.7/site-packages/airflow/example_dags/example_bash_operator.py for tasks to queue
[2022-12-16 02:01:16,290] {logging_mixin.py:115} INFO - [2022-12-16 02:01:16,290] {dagbag.py:507} INFO - Filling up the DagBag from /home/airflow/.local/lib/python3.7/site-packages/airflow/example_dags/example_bash_operator.py
[2022-12-16 02:01:16,302] {processor.py:651} INFO - DAG(s) dict_keys(['example_bash_operator']) retrieved from /home/airflow/.local/lib/python3.7/site-packages/airflow/example_dags/example_bash_operator.py
[2022-12-16 02:01:16,329] {logging_mixin.py:115} INFO - [2022-12-16 02:01:16,329] {dag.py:2371} INFO - Sync 1 DAGs
[2022-12-16 02:01:16,354] {logging_mixin.py:115} INFO - [2022-12-16 02:01:16,354] {dag.py:2919} INFO - Setting next_dagrun for example_bash_operator to 2022-12-15T00:00:00+00:00, run_after=2022-12-16T00:00:00+00:00
[2022-12-16 02:01:16,371] {processor.py:161} INFO - Processing /home/airflow/.local/lib/python3.7/site-packages/airflow/example_dags/example_bash_operator.py took 0.087 seconds
[2022-12-16 02:01:47,117] {processor.py:153} INFO - Started process (PID=291) to work on /home/airflow/.local/lib/python3.7/site-packages/airflow/example_dags/example_bash_operator.py
[2022-12-16 02:01:47,118] {processor.py:641} INFO - Processing file /home/airflow/.local/lib/python3.7/site-packages/airflow/example_dags/example_bash_operator.py for tasks to queue
[2022-12-16 02:01:47,119] {logging_mixin.py:115} INFO - [2022-12-16 02:01:47,119] {dagbag.py:507} INFO - Filling up the DagBag from /home/airflow/.local/lib/python3.7/site-packages/airflow/example_dags/example_bash_operator.py
[2022-12-16 02:01:47,131] {processor.py:651} INFO - DAG(s) dict_keys(['example_bash_operator']) retrieved from /home/airflow/.local/lib/python3.7/site-packages/airflow/example_dags/example_bash_operator.py
[2022-12-16 02:01:47,159] {logging_mixin.py:115} INFO - [2022-12-16 02:01:47,159] {dag.py:2371} INFO - Sync 1 DAGs
[2022-12-16 02:01:47,179] {logging_mixin.py:115} INFO - [2022-12-16 02:01:47,179] {dag.py:2919} INFO - Setting next_dagrun for example_bash_operator to 2022-12-15T00:00:00+00:00, run_after=2022-12-16T00:00:00+00:00
[2022-12-16 02:01:47,197] {processor.py:161} INFO - Processing /home/airflow/.local/lib/python3.7/site-packages/airflow/example_dags/example_bash_operator.py took 0.085 seconds
[2022-12-16 02:02:17,537] {processor.py:153} INFO - Started process (PID=353) to work on /home/airflow/.local/lib/python3.7/site-packages/airflow/example_dags/example_bash_operator.py
[2022-12-16 02:02:17,539] {processor.py:641} INFO - Processing file /home/airflow/.local/lib/python3.7/site-packages/airflow/example_dags/example_bash_operator.py for tasks to queue
[2022-12-16 02:02:17,540] {logging_mixin.py:115} INFO - [2022-12-16 02:02:17,540] {dagbag.py:507} INFO - Filling up the DagBag from /home/airflow/.local/lib/python3.7/site-packages/airflow/example_dags/example_bash_operator.py
[2022-12-16 02:02:17,556] {processor.py:651} INFO - DAG(s) dict_keys(['example_bash_operator']) retrieved from /home/airflow/.local/lib/python3.7/site-packages/airflow/example_dags/example_bash_operator.py
[2022-12-16 02:02:17,585] {logging_mixin.py:115} INFO - [2022-12-16 02:02:17,585] {dag.py:2371} INFO - Sync 1 DAGs
[2022-12-16 02:02:17,606] {logging_mixin.py:115} INFO - [2022-12-16 02:02:17,606] {dag.py:2919} INFO - Setting next_dagrun for example_bash_operator to 2022-12-15T00:00:00+00:00, run_after=2022-12-16T00:00:00+00:00
[2022-12-16 02:02:17,618] {processor.py:161} INFO - Processing /home/airflow/.local/lib/python3.7/site-packages/airflow/example_dags/example_bash_operator.py took 0.087 seconds
[2022-12-16 02:02:47,888] {processor.py:153} INFO - Started process (PID=416) to work on /home/airflow/.local/lib/python3.7/site-packages/airflow/example_dags/example_bash_operator.py
[2022-12-16 02:02:47,888] {processor.py:641} INFO - Processing file /home/airflow/.local/lib/python3.7/site-packages/airflow/example_dags/example_bash_operator.py for tasks to queue
[2022-12-16 02:02:47,891] {logging_mixin.py:115} INFO - [2022-12-16 02:02:47,891] {dagbag.py:507} INFO - Filling up the DagBag from /home/airflow/.local/lib/python3.7/site-packages/airflow/example_dags/example_bash_operator.py
[2022-12-16 02:02:47,909] {processor.py:651} INFO - DAG(s) dict_keys(['example_bash_operator']) retrieved from /home/airflow/.local/lib/python3.7/site-packages/airflow/example_dags/example_bash_operator.py
[2022-12-16 02:02:47,942] {logging_mixin.py:115} INFO - [2022-12-16 02:02:47,942] {dag.py:2371} INFO - Sync 1 DAGs
[2022-12-16 02:02:47,966] {logging_mixin.py:115} INFO - [2022-12-16 02:02:47,966] {dag.py:2919} INFO - Setting next_dagrun for example_bash_operator to 2022-12-15T00:00:00+00:00, run_after=2022-12-16T00:00:00+00:00
[2022-12-16 02:02:47,983] {processor.py:161} INFO - Processing /home/airflow/.local/lib/python3.7/site-packages/airflow/example_dags/example_bash_operator.py took 0.099 seconds
[2022-12-16 02:03:18,211] {processor.py:153} INFO - Started process (PID=468) to work on /home/airflow/.local/lib/python3.7/site-packages/airflow/example_dags/example_bash_operator.py
[2022-12-16 02:03:18,213] {processor.py:641} INFO - Processing file /home/airflow/.local/lib/python3.7/site-packages/airflow/example_dags/example_bash_operator.py for tasks to queue
[2022-12-16 02:03:18,214] {logging_mixin.py:115} INFO - [2022-12-16 02:03:18,214] {dagbag.py:507} INFO - Filling up the DagBag from /home/airflow/.local/lib/python3.7/site-packages/airflow/example_dags/example_bash_operator.py
[2022-12-16 02:03:18,230] {processor.py:651} INFO - DAG(s) dict_keys(['example_bash_operator']) retrieved from /home/airflow/.local/lib/python3.7/site-packages/airflow/example_dags/example_bash_operator.py
[2022-12-16 02:03:18,258] {logging_mixin.py:115} INFO - [2022-12-16 02:03:18,258] {dag.py:2371} INFO - Sync 1 DAGs
[2022-12-16 02:03:18,283] {logging_mixin.py:115} INFO - [2022-12-16 02:03:18,282] {dag.py:2919} INFO - Setting next_dagrun for example_bash_operator to 2022-12-15T00:00:00+00:00, run_after=2022-12-16T00:00:00+00:00
[2022-12-16 02:03:18,297] {processor.py:161} INFO - Processing /home/airflow/.local/lib/python3.7/site-packages/airflow/example_dags/example_bash_operator.py took 0.089 seconds
[2022-12-16 02:03:48,967] {processor.py:153} INFO - Started process (PID=531) to work on /home/airflow/.local/lib/python3.7/site-packages/airflow/example_dags/example_bash_operator.py
[2022-12-16 02:03:48,968] {processor.py:641} INFO - Processing file /home/airflow/.local/lib/python3.7/site-packages/airflow/example_dags/example_bash_operator.py for tasks to queue
[2022-12-16 02:03:48,969] {logging_mixin.py:115} INFO - [2022-12-16 02:03:48,969] {dagbag.py:507} INFO - Filling up the DagBag from /home/airflow/.local/lib/python3.7/site-packages/airflow/example_dags/example_bash_operator.py
[2022-12-16 02:03:48,985] {processor.py:651} INFO - DAG(s) dict_keys(['example_bash_operator']) retrieved from /home/airflow/.local/lib/python3.7/site-packages/airflow/example_dags/example_bash_operator.py
[2022-12-16 02:03:49,014] {logging_mixin.py:115} INFO - [2022-12-16 02:03:49,014] {dag.py:2371} INFO - Sync 1 DAGs
[2022-12-16 02:03:49,036] {logging_mixin.py:115} INFO - [2022-12-16 02:03:49,035] {dag.py:2919} INFO - Setting next_dagrun for example_bash_operator to 2022-12-15T00:00:00+00:00, run_after=2022-12-16T00:00:00+00:00
[2022-12-16 02:03:49,049] {processor.py:161} INFO - Processing /home/airflow/.local/lib/python3.7/site-packages/airflow/example_dags/example_bash_operator.py took 0.089 seconds
[2022-12-16 02:04:19,411] {processor.py:153} INFO - Started process (PID=592) to work on /home/airflow/.local/lib/python3.7/site-packages/airflow/example_dags/example_bash_operator.py
[2022-12-16 02:04:19,412] {processor.py:641} INFO - Processing file /home/airflow/.local/lib/python3.7/site-packages/airflow/example_dags/example_bash_operator.py for tasks to queue
[2022-12-16 02:04:19,413] {logging_mixin.py:115} INFO - [2022-12-16 02:04:19,413] {dagbag.py:507} INFO - Filling up the DagBag from /home/airflow/.local/lib/python3.7/site-packages/airflow/example_dags/example_bash_operator.py
[2022-12-16 02:04:19,426] {processor.py:651} INFO - DAG(s) dict_keys(['example_bash_operator']) retrieved from /home/airflow/.local/lib/python3.7/site-packages/airflow/example_dags/example_bash_operator.py
[2022-12-16 02:04:19,456] {logging_mixin.py:115} INFO - [2022-12-16 02:04:19,456] {dag.py:2371} INFO - Sync 1 DAGs
[2022-12-16 02:04:19,477] {logging_mixin.py:115} INFO - [2022-12-16 02:04:19,477] {dag.py:2919} INFO - Setting next_dagrun for example_bash_operator to 2022-12-15T00:00:00+00:00, run_after=2022-12-16T00:00:00+00:00
[2022-12-16 02:04:19,490] {processor.py:161} INFO - Processing /home/airflow/.local/lib/python3.7/site-packages/airflow/example_dags/example_bash_operator.py took 0.085 seconds
[2022-12-16 02:04:50,054] {processor.py:153} INFO - Started process (PID=655) to work on /home/airflow/.local/lib/python3.7/site-packages/airflow/example_dags/example_bash_operator.py
[2022-12-16 02:04:50,055] {processor.py:641} INFO - Processing file /home/airflow/.local/lib/python3.7/site-packages/airflow/example_dags/example_bash_operator.py for tasks to queue
[2022-12-16 02:04:50,057] {logging_mixin.py:115} INFO - [2022-12-16 02:04:50,056] {dagbag.py:507} INFO - Filling up the DagBag from /home/airflow/.local/lib/python3.7/site-packages/airflow/example_dags/example_bash_operator.py
[2022-12-16 02:04:50,069] {processor.py:651} INFO - DAG(s) dict_keys(['example_bash_operator']) retrieved from /home/airflow/.local/lib/python3.7/site-packages/airflow/example_dags/example_bash_operator.py
[2022-12-16 02:04:50,095] {logging_mixin.py:115} INFO - [2022-12-16 02:04:50,095] {dag.py:2371} INFO - Sync 1 DAGs
[2022-12-16 02:04:50,116] {logging_mixin.py:115} INFO - [2022-12-16 02:04:50,116] {dag.py:2919} INFO - Setting next_dagrun for example_bash_operator to 2022-12-15T00:00:00+00:00, run_after=2022-12-16T00:00:00+00:00
[2022-12-16 02:04:50,130] {processor.py:161} INFO - Processing /home/airflow/.local/lib/python3.7/site-packages/airflow/example_dags/example_bash_operator.py took 0.083 seconds
[2022-12-16 02:05:20,964] {processor.py:153} INFO - Started process (PID=709) to work on /home/airflow/.local/lib/python3.7/site-packages/airflow/example_dags/example_bash_operator.py
[2022-12-16 02:05:20,965] {processor.py:641} INFO - Processing file /home/airflow/.local/lib/python3.7/site-packages/airflow/example_dags/example_bash_operator.py for tasks to queue
[2022-12-16 02:05:20,966] {logging_mixin.py:115} INFO - [2022-12-16 02:05:20,966] {dagbag.py:507} INFO - Filling up the DagBag from /home/airflow/.local/lib/python3.7/site-packages/airflow/example_dags/example_bash_operator.py
[2022-12-16 02:05:20,986] {processor.py:651} INFO - DAG(s) dict_keys(['example_bash_operator']) retrieved from /home/airflow/.local/lib/python3.7/site-packages/airflow/example_dags/example_bash_operator.py
[2022-12-16 02:05:21,036] {logging_mixin.py:115} INFO - [2022-12-16 02:05:21,036] {dag.py:2371} INFO - Sync 1 DAGs
[2022-12-16 02:05:21,087] {logging_mixin.py:115} INFO - [2022-12-16 02:05:21,086] {dag.py:2919} INFO - Setting next_dagrun for example_bash_operator to 2022-12-15T00:00:00+00:00, run_after=2022-12-16T00:00:00+00:00
[2022-12-16 02:05:21,113] {processor.py:161} INFO - Processing /home/airflow/.local/lib/python3.7/site-packages/airflow/example_dags/example_bash_operator.py took 0.155 seconds
[2022-12-16 02:05:51,291] {processor.py:153} INFO - Started process (PID=770) to work on /home/airflow/.local/lib/python3.7/site-packages/airflow/example_dags/example_bash_operator.py
[2022-12-16 02:05:51,292] {processor.py:641} INFO - Processing file /home/airflow/.local/lib/python3.7/site-packages/airflow/example_dags/example_bash_operator.py for tasks to queue
[2022-12-16 02:05:51,293] {logging_mixin.py:115} INFO - [2022-12-16 02:05:51,293] {dagbag.py:507} INFO - Filling up the DagBag from /home/airflow/.local/lib/python3.7/site-packages/airflow/example_dags/example_bash_operator.py
[2022-12-16 02:05:51,306] {processor.py:651} INFO - DAG(s) dict_keys(['example_bash_operator']) retrieved from /home/airflow/.local/lib/python3.7/site-packages/airflow/example_dags/example_bash_operator.py
[2022-12-16 02:05:51,332] {logging_mixin.py:115} INFO - [2022-12-16 02:05:51,332] {dag.py:2371} INFO - Sync 1 DAGs
[2022-12-16 02:05:51,354] {logging_mixin.py:115} INFO - [2022-12-16 02:05:51,353] {dag.py:2919} INFO - Setting next_dagrun for example_bash_operator to 2022-12-15T00:00:00+00:00, run_after=2022-12-16T00:00:00+00:00
[2022-12-16 02:05:51,370] {processor.py:161} INFO - Processing /home/airflow/.local/lib/python3.7/site-packages/airflow/example_dags/example_bash_operator.py took 0.083 seconds
[2022-12-16 02:06:22,207] {processor.py:153} INFO - Started process (PID=834) to work on /home/airflow/.local/lib/python3.7/site-packages/airflow/example_dags/example_bash_operator.py
[2022-12-16 02:06:22,208] {processor.py:641} INFO - Processing file /home/airflow/.local/lib/python3.7/site-packages/airflow/example_dags/example_bash_operator.py for tasks to queue
[2022-12-16 02:06:22,209] {logging_mixin.py:115} INFO - [2022-12-16 02:06:22,209] {dagbag.py:507} INFO - Filling up the DagBag from /home/airflow/.local/lib/python3.7/site-packages/airflow/example_dags/example_bash_operator.py
[2022-12-16 02:06:22,227] {processor.py:651} INFO - DAG(s) dict_keys(['example_bash_operator']) retrieved from /home/airflow/.local/lib/python3.7/site-packages/airflow/example_dags/example_bash_operator.py
[2022-12-16 02:06:22,261] {logging_mixin.py:115} INFO - [2022-12-16 02:06:22,261] {dag.py:2371} INFO - Sync 1 DAGs
[2022-12-16 02:06:22,296] {logging_mixin.py:115} INFO - [2022-12-16 02:06:22,296] {dag.py:2919} INFO - Setting next_dagrun for example_bash_operator to 2022-12-15T00:00:00+00:00, run_after=2022-12-16T00:00:00+00:00
[2022-12-16 02:06:22,314] {processor.py:161} INFO - Processing /home/airflow/.local/lib/python3.7/site-packages/airflow/example_dags/example_bash_operator.py took 0.116 seconds
[2022-12-16 02:06:52,428] {processor.py:153} INFO - Started process (PID=896) to work on /home/airflow/.local/lib/python3.7/site-packages/airflow/example_dags/example_bash_operator.py
[2022-12-16 02:06:52,429] {processor.py:641} INFO - Processing file /home/airflow/.local/lib/python3.7/site-packages/airflow/example_dags/example_bash_operator.py for tasks to queue
[2022-12-16 02:06:52,430] {logging_mixin.py:115} INFO - [2022-12-16 02:06:52,429] {dagbag.py:507} INFO - Filling up the DagBag from /home/airflow/.local/lib/python3.7/site-packages/airflow/example_dags/example_bash_operator.py
[2022-12-16 02:06:52,466] {processor.py:651} INFO - DAG(s) dict_keys(['example_bash_operator']) retrieved from /home/airflow/.local/lib/python3.7/site-packages/airflow/example_dags/example_bash_operator.py
[2022-12-16 02:06:52,508] {logging_mixin.py:115} INFO - [2022-12-16 02:06:52,508] {dag.py:2371} INFO - Sync 1 DAGs
[2022-12-16 02:06:52,540] {logging_mixin.py:115} INFO - [2022-12-16 02:06:52,540] {dag.py:2919} INFO - Setting next_dagrun for example_bash_operator to 2022-12-15T00:00:00+00:00, run_after=2022-12-16T00:00:00+00:00
[2022-12-16 02:06:52,568] {processor.py:161} INFO - Processing /home/airflow/.local/lib/python3.7/site-packages/airflow/example_dags/example_bash_operator.py took 0.144 seconds
[2022-12-16 02:07:22,891] {processor.py:153} INFO - Started process (PID=950) to work on /home/airflow/.local/lib/python3.7/site-packages/airflow/example_dags/example_bash_operator.py
[2022-12-16 02:07:22,891] {processor.py:641} INFO - Processing file /home/airflow/.local/lib/python3.7/site-packages/airflow/example_dags/example_bash_operator.py for tasks to queue
[2022-12-16 02:07:22,892] {logging_mixin.py:115} INFO - [2022-12-16 02:07:22,892] {dagbag.py:507} INFO - Filling up the DagBag from /home/airflow/.local/lib/python3.7/site-packages/airflow/example_dags/example_bash_operator.py
[2022-12-16 02:07:22,957] {processor.py:651} INFO - DAG(s) dict_keys(['example_bash_operator']) retrieved from /home/airflow/.local/lib/python3.7/site-packages/airflow/example_dags/example_bash_operator.py
[2022-12-16 02:07:23,047] {logging_mixin.py:115} INFO - [2022-12-16 02:07:23,047] {dag.py:2371} INFO - Sync 1 DAGs
[2022-12-16 02:07:23,073] {logging_mixin.py:115} INFO - [2022-12-16 02:07:23,073] {dag.py:2919} INFO - Setting next_dagrun for example_bash_operator to 2022-12-15T00:00:00+00:00, run_after=2022-12-16T00:00:00+00:00
[2022-12-16 02:07:23,090] {processor.py:161} INFO - Processing /home/airflow/.local/lib/python3.7/site-packages/airflow/example_dags/example_bash_operator.py took 0.203 seconds
[2022-12-16 02:07:53,130] {processor.py:153} INFO - Started process (PID=1014) to work on /home/airflow/.local/lib/python3.7/site-packages/airflow/example_dags/example_bash_operator.py
[2022-12-16 02:07:53,131] {processor.py:641} INFO - Processing file /home/airflow/.local/lib/python3.7/site-packages/airflow/example_dags/example_bash_operator.py for tasks to queue
[2022-12-16 02:07:53,132] {logging_mixin.py:115} INFO - [2022-12-16 02:07:53,132] {dagbag.py:507} INFO - Filling up the DagBag from /home/airflow/.local/lib/python3.7/site-packages/airflow/example_dags/example_bash_operator.py
[2022-12-16 02:07:53,150] {processor.py:651} INFO - DAG(s) dict_keys(['example_bash_operator']) retrieved from /home/airflow/.local/lib/python3.7/site-packages/airflow/example_dags/example_bash_operator.py
[2022-12-16 02:07:53,185] {logging_mixin.py:115} INFO - [2022-12-16 02:07:53,185] {dag.py:2371} INFO - Sync 1 DAGs
[2022-12-16 02:07:53,206] {logging_mixin.py:115} INFO - [2022-12-16 02:07:53,206] {dag.py:2919} INFO - Setting next_dagrun for example_bash_operator to 2022-12-15T00:00:00+00:00, run_after=2022-12-16T00:00:00+00:00
[2022-12-16 02:07:53,219] {processor.py:161} INFO - Processing /home/airflow/.local/lib/python3.7/site-packages/airflow/example_dags/example_bash_operator.py took 0.094 seconds
[2022-12-16 02:08:23,894] {processor.py:153} INFO - Started process (PID=1076) to work on /home/airflow/.local/lib/python3.7/site-packages/airflow/example_dags/example_bash_operator.py
[2022-12-16 02:08:23,895] {processor.py:641} INFO - Processing file /home/airflow/.local/lib/python3.7/site-packages/airflow/example_dags/example_bash_operator.py for tasks to queue
[2022-12-16 02:08:23,897] {logging_mixin.py:115} INFO - [2022-12-16 02:08:23,897] {dagbag.py:507} INFO - Filling up the DagBag from /home/airflow/.local/lib/python3.7/site-packages/airflow/example_dags/example_bash_operator.py
[2022-12-16 02:08:23,926] {processor.py:651} INFO - DAG(s) dict_keys(['example_bash_operator']) retrieved from /home/airflow/.local/lib/python3.7/site-packages/airflow/example_dags/example_bash_operator.py
[2022-12-16 02:08:23,986] {logging_mixin.py:115} INFO - [2022-12-16 02:08:23,986] {dag.py:2371} INFO - Sync 1 DAGs
[2022-12-16 02:08:24,026] {logging_mixin.py:115} INFO - [2022-12-16 02:08:24,025] {dag.py:2919} INFO - Setting next_dagrun for example_bash_operator to 2022-12-15T00:00:00+00:00, run_after=2022-12-16T00:00:00+00:00
[2022-12-16 02:08:24,050] {processor.py:161} INFO - Processing /home/airflow/.local/lib/python3.7/site-packages/airflow/example_dags/example_bash_operator.py took 0.164 seconds
[2022-12-16 02:08:54,607] {processor.py:153} INFO - Started process (PID=1138) to work on /home/airflow/.local/lib/python3.7/site-packages/airflow/example_dags/example_bash_operator.py
[2022-12-16 02:08:54,608] {processor.py:641} INFO - Processing file /home/airflow/.local/lib/python3.7/site-packages/airflow/example_dags/example_bash_operator.py for tasks to queue
[2022-12-16 02:08:54,608] {logging_mixin.py:115} INFO - [2022-12-16 02:08:54,608] {dagbag.py:507} INFO - Filling up the DagBag from /home/airflow/.local/lib/python3.7/site-packages/airflow/example_dags/example_bash_operator.py
[2022-12-16 02:08:54,626] {processor.py:651} INFO - DAG(s) dict_keys(['example_bash_operator']) retrieved from /home/airflow/.local/lib/python3.7/site-packages/airflow/example_dags/example_bash_operator.py
[2022-12-16 02:08:54,689] {logging_mixin.py:115} INFO - [2022-12-16 02:08:54,689] {dag.py:2371} INFO - Sync 1 DAGs
[2022-12-16 02:08:54,728] {logging_mixin.py:115} INFO - [2022-12-16 02:08:54,728] {dag.py:2919} INFO - Setting next_dagrun for example_bash_operator to 2022-12-15T00:00:00+00:00, run_after=2022-12-16T00:00:00+00:00
[2022-12-16 02:08:54,741] {processor.py:161} INFO - Processing /home/airflow/.local/lib/python3.7/site-packages/airflow/example_dags/example_bash_operator.py took 0.138 seconds
[2022-12-16 02:09:24,806] {processor.py:153} INFO - Started process (PID=1192) to work on /home/airflow/.local/lib/python3.7/site-packages/airflow/example_dags/example_bash_operator.py
[2022-12-16 02:09:24,806] {processor.py:641} INFO - Processing file /home/airflow/.local/lib/python3.7/site-packages/airflow/example_dags/example_bash_operator.py for tasks to queue
[2022-12-16 02:09:24,807] {logging_mixin.py:115} INFO - [2022-12-16 02:09:24,807] {dagbag.py:507} INFO - Filling up the DagBag from /home/airflow/.local/lib/python3.7/site-packages/airflow/example_dags/example_bash_operator.py
[2022-12-16 02:09:24,818] {processor.py:651} INFO - DAG(s) dict_keys(['example_bash_operator']) retrieved from /home/airflow/.local/lib/python3.7/site-packages/airflow/example_dags/example_bash_operator.py
[2022-12-16 02:09:24,846] {logging_mixin.py:115} INFO - [2022-12-16 02:09:24,846] {dag.py:2371} INFO - Sync 1 DAGs
[2022-12-16 02:09:24,867] {logging_mixin.py:115} INFO - [2022-12-16 02:09:24,867] {dag.py:2919} INFO - Setting next_dagrun for example_bash_operator to 2022-12-15T00:00:00+00:00, run_after=2022-12-16T00:00:00+00:00
[2022-12-16 02:09:24,880] {processor.py:161} INFO - Processing /home/airflow/.local/lib/python3.7/site-packages/airflow/example_dags/example_bash_operator.py took 0.078 seconds
[2022-12-16 02:09:55,305] {processor.py:153} INFO - Started process (PID=1254) to work on /home/airflow/.local/lib/python3.7/site-packages/airflow/example_dags/example_bash_operator.py
[2022-12-16 02:09:55,305] {processor.py:641} INFO - Processing file /home/airflow/.local/lib/python3.7/site-packages/airflow/example_dags/example_bash_operator.py for tasks to queue
[2022-12-16 02:09:55,306] {logging_mixin.py:115} INFO - [2022-12-16 02:09:55,306] {dagbag.py:507} INFO - Filling up the DagBag from /home/airflow/.local/lib/python3.7/site-packages/airflow/example_dags/example_bash_operator.py
[2022-12-16 02:09:55,319] {processor.py:651} INFO - DAG(s) dict_keys(['example_bash_operator']) retrieved from /home/airflow/.local/lib/python3.7/site-packages/airflow/example_dags/example_bash_operator.py
[2022-12-16 02:09:55,350] {logging_mixin.py:115} INFO - [2022-12-16 02:09:55,350] {dag.py:2371} INFO - Sync 1 DAGs
[2022-12-16 02:09:55,384] {logging_mixin.py:115} INFO - [2022-12-16 02:09:55,383] {dag.py:2919} INFO - Setting next_dagrun for example_bash_operator to 2022-12-15T00:00:00+00:00, run_after=2022-12-16T00:00:00+00:00
[2022-12-16 02:09:55,397] {processor.py:161} INFO - Processing /home/airflow/.local/lib/python3.7/site-packages/airflow/example_dags/example_bash_operator.py took 0.096 seconds
[2022-12-16 02:10:25,734] {processor.py:153} INFO - Started process (PID=1316) to work on /home/airflow/.local/lib/python3.7/site-packages/airflow/example_dags/example_bash_operator.py
[2022-12-16 02:10:25,735] {processor.py:641} INFO - Processing file /home/airflow/.local/lib/python3.7/site-packages/airflow/example_dags/example_bash_operator.py for tasks to queue
[2022-12-16 02:10:25,736] {logging_mixin.py:115} INFO - [2022-12-16 02:10:25,736] {dagbag.py:507} INFO - Filling up the DagBag from /home/airflow/.local/lib/python3.7/site-packages/airflow/example_dags/example_bash_operator.py
[2022-12-16 02:10:25,751] {processor.py:651} INFO - DAG(s) dict_keys(['example_bash_operator']) retrieved from /home/airflow/.local/lib/python3.7/site-packages/airflow/example_dags/example_bash_operator.py
[2022-12-16 02:10:25,782] {logging_mixin.py:115} INFO - [2022-12-16 02:10:25,782] {dag.py:2371} INFO - Sync 1 DAGs
[2022-12-16 02:10:25,806] {logging_mixin.py:115} INFO - [2022-12-16 02:10:25,806] {dag.py:2919} INFO - Setting next_dagrun for example_bash_operator to 2022-12-15T00:00:00+00:00, run_after=2022-12-16T00:00:00+00:00
[2022-12-16 02:10:25,827] {processor.py:161} INFO - Processing /home/airflow/.local/lib/python3.7/site-packages/airflow/example_dags/example_bash_operator.py took 0.097 seconds
[2022-12-16 02:10:56,046] {processor.py:153} INFO - Started process (PID=1368) to work on /home/airflow/.local/lib/python3.7/site-packages/airflow/example_dags/example_bash_operator.py
[2022-12-16 02:10:56,046] {processor.py:641} INFO - Processing file /home/airflow/.local/lib/python3.7/site-packages/airflow/example_dags/example_bash_operator.py for tasks to queue
[2022-12-16 02:10:56,049] {logging_mixin.py:115} INFO - [2022-12-16 02:10:56,049] {dagbag.py:507} INFO - Filling up the DagBag from /home/airflow/.local/lib/python3.7/site-packages/airflow/example_dags/example_bash_operator.py
[2022-12-16 02:10:56,065] {processor.py:651} INFO - DAG(s) dict_keys(['example_bash_operator']) retrieved from /home/airflow/.local/lib/python3.7/site-packages/airflow/example_dags/example_bash_operator.py
[2022-12-16 02:10:56,094] {logging_mixin.py:115} INFO - [2022-12-16 02:10:56,094] {dag.py:2371} INFO - Sync 1 DAGs
[2022-12-16 02:10:56,120] {logging_mixin.py:115} INFO - [2022-12-16 02:10:56,120] {dag.py:2919} INFO - Setting next_dagrun for example_bash_operator to 2022-12-15T00:00:00+00:00, run_after=2022-12-16T00:00:00+00:00
[2022-12-16 02:10:56,136] {processor.py:161} INFO - Processing /home/airflow/.local/lib/python3.7/site-packages/airflow/example_dags/example_bash_operator.py took 0.095 seconds
[2022-12-16 02:11:26,332] {processor.py:153} INFO - Started process (PID=1431) to work on /home/airflow/.local/lib/python3.7/site-packages/airflow/example_dags/example_bash_operator.py
[2022-12-16 02:11:26,333] {processor.py:641} INFO - Processing file /home/airflow/.local/lib/python3.7/site-packages/airflow/example_dags/example_bash_operator.py for tasks to queue
[2022-12-16 02:11:26,333] {logging_mixin.py:115} INFO - [2022-12-16 02:11:26,333] {dagbag.py:507} INFO - Filling up the DagBag from /home/airflow/.local/lib/python3.7/site-packages/airflow/example_dags/example_bash_operator.py
[2022-12-16 02:11:26,345] {processor.py:651} INFO - DAG(s) dict_keys(['example_bash_operator']) retrieved from /home/airflow/.local/lib/python3.7/site-packages/airflow/example_dags/example_bash_operator.py
[2022-12-16 02:11:26,372] {logging_mixin.py:115} INFO - [2022-12-16 02:11:26,372] {dag.py:2371} INFO - Sync 1 DAGs
[2022-12-16 02:11:26,393] {logging_mixin.py:115} INFO - [2022-12-16 02:11:26,393] {dag.py:2919} INFO - Setting next_dagrun for example_bash_operator to 2022-12-15T00:00:00+00:00, run_after=2022-12-16T00:00:00+00:00
[2022-12-16 02:11:26,407] {processor.py:161} INFO - Processing /home/airflow/.local/lib/python3.7/site-packages/airflow/example_dags/example_bash_operator.py took 0.078 seconds
[2022-12-16 02:11:56,502] {processor.py:153} INFO - Started process (PID=1492) to work on /home/airflow/.local/lib/python3.7/site-packages/airflow/example_dags/example_bash_operator.py
[2022-12-16 02:11:56,503] {processor.py:641} INFO - Processing file /home/airflow/.local/lib/python3.7/site-packages/airflow/example_dags/example_bash_operator.py for tasks to queue
[2022-12-16 02:11:56,506] {logging_mixin.py:115} INFO - [2022-12-16 02:11:56,505] {dagbag.py:507} INFO - Filling up the DagBag from /home/airflow/.local/lib/python3.7/site-packages/airflow/example_dags/example_bash_operator.py
[2022-12-16 02:11:56,525] {processor.py:651} INFO - DAG(s) dict_keys(['example_bash_operator']) retrieved from /home/airflow/.local/lib/python3.7/site-packages/airflow/example_dags/example_bash_operator.py
[2022-12-16 02:11:56,567] {logging_mixin.py:115} INFO - [2022-12-16 02:11:56,567] {dag.py:2371} INFO - Sync 1 DAGs
[2022-12-16 02:11:56,596] {logging_mixin.py:115} INFO - [2022-12-16 02:11:56,596] {dag.py:2919} INFO - Setting next_dagrun for example_bash_operator to 2022-12-15T00:00:00+00:00, run_after=2022-12-16T00:00:00+00:00
[2022-12-16 02:11:56,614] {processor.py:161} INFO - Processing /home/airflow/.local/lib/python3.7/site-packages/airflow/example_dags/example_bash_operator.py took 0.118 seconds
[2022-12-16 02:12:26,743] {processor.py:153} INFO - Started process (PID=1546) to work on /home/airflow/.local/lib/python3.7/site-packages/airflow/example_dags/example_bash_operator.py
[2022-12-16 02:12:26,743] {processor.py:641} INFO - Processing file /home/airflow/.local/lib/python3.7/site-packages/airflow/example_dags/example_bash_operator.py for tasks to queue
[2022-12-16 02:12:26,744] {logging_mixin.py:115} INFO - [2022-12-16 02:12:26,744] {dagbag.py:507} INFO - Filling up the DagBag from /home/airflow/.local/lib/python3.7/site-packages/airflow/example_dags/example_bash_operator.py
[2022-12-16 02:12:26,760] {processor.py:651} INFO - DAG(s) dict_keys(['example_bash_operator']) retrieved from /home/airflow/.local/lib/python3.7/site-packages/airflow/example_dags/example_bash_operator.py
[2022-12-16 02:12:26,815] {logging_mixin.py:115} INFO - [2022-12-16 02:12:26,815] {dag.py:2371} INFO - Sync 1 DAGs
[2022-12-16 02:12:26,836] {logging_mixin.py:115} INFO - [2022-12-16 02:12:26,836] {dag.py:2919} INFO - Setting next_dagrun for example_bash_operator to 2022-12-15T00:00:00+00:00, run_after=2022-12-16T00:00:00+00:00
[2022-12-16 02:12:26,850] {processor.py:161} INFO - Processing /home/airflow/.local/lib/python3.7/site-packages/airflow/example_dags/example_bash_operator.py took 0.097 seconds
[2022-12-16 02:12:57,261] {processor.py:153} INFO - Started process (PID=1607) to work on /home/airflow/.local/lib/python3.7/site-packages/airflow/example_dags/example_bash_operator.py
[2022-12-16 02:12:57,261] {processor.py:641} INFO - Processing file /home/airflow/.local/lib/python3.7/site-packages/airflow/example_dags/example_bash_operator.py for tasks to queue
[2022-12-16 02:12:57,262] {logging_mixin.py:115} INFO - [2022-12-16 02:12:57,262] {dagbag.py:507} INFO - Filling up the DagBag from /home/airflow/.local/lib/python3.7/site-packages/airflow/example_dags/example_bash_operator.py
[2022-12-16 02:12:57,279] {processor.py:651} INFO - DAG(s) dict_keys(['example_bash_operator']) retrieved from /home/airflow/.local/lib/python3.7/site-packages/airflow/example_dags/example_bash_operator.py
[2022-12-16 02:12:57,308] {logging_mixin.py:115} INFO - [2022-12-16 02:12:57,307] {dag.py:2371} INFO - Sync 1 DAGs
[2022-12-16 02:12:57,332] {logging_mixin.py:115} INFO - [2022-12-16 02:12:57,332] {dag.py:2919} INFO - Setting next_dagrun for example_bash_operator to 2022-12-15T00:00:00+00:00, run_after=2022-12-16T00:00:00+00:00
[2022-12-16 02:12:57,350] {processor.py:161} INFO - Processing /home/airflow/.local/lib/python3.7/site-packages/airflow/example_dags/example_bash_operator.py took 0.093 seconds
