[2022-12-16 20:58:57,529] {taskinstance.py:1159} INFO - Dependencies all met for <TaskInstance: process_web_log.extract_data manual__2022-12-16T20:58:57.174127+00:00 [queued]>
[2022-12-16 20:58:57,540] {taskinstance.py:1159} INFO - Dependencies all met for <TaskInstance: process_web_log.extract_data manual__2022-12-16T20:58:57.174127+00:00 [queued]>
[2022-12-16 20:58:57,540] {taskinstance.py:1356} INFO - 
--------------------------------------------------------------------------------
[2022-12-16 20:58:57,540] {taskinstance.py:1357} INFO - Starting attempt 1 of 1
[2022-12-16 20:58:57,540] {taskinstance.py:1358} INFO - 
--------------------------------------------------------------------------------
[2022-12-16 20:58:57,555] {taskinstance.py:1377} INFO - Executing <Task(BashOperator): extract_data> on 2022-12-16 20:58:57.174127+00:00
[2022-12-16 20:58:57,560] {standard_task_runner.py:52} INFO - Started process 421 to run task
[2022-12-16 20:58:57,562] {standard_task_runner.py:79} INFO - Running: ['***', 'tasks', 'run', 'process_web_log', 'extract_data', 'manual__2022-12-16T20:58:57.174127+00:00', '--job-id', '19', '--raw', '--subdir', 'DAGS_FOLDER/process_web_log.py', '--cfg-path', '/tmp/tmpuoc0weak', '--error-file', '/tmp/tmptd2wdwlo']
[2022-12-16 20:58:57,563] {standard_task_runner.py:80} INFO - Job 19: Subtask extract_data
[2022-12-16 20:58:57,606] {task_command.py:369} INFO - Running <TaskInstance: process_web_log.extract_data manual__2022-12-16T20:58:57.174127+00:00 [running]> on host 4c8fd3751af1
[2022-12-16 20:58:57,675] {taskinstance.py:1571} INFO - Exporting the following env vars:
AIRFLOW_CTX_DAG_OWNER=***
AIRFLOW_CTX_DAG_ID=process_web_log
AIRFLOW_CTX_TASK_ID=extract_data
AIRFLOW_CTX_EXECUTION_DATE=2022-12-16T20:58:57.174127+00:00
AIRFLOW_CTX_TRY_NUMBER=1
AIRFLOW_CTX_DAG_RUN_ID=manual__2022-12-16T20:58:57.174127+00:00
[2022-12-16 20:58:57,676] {subprocess.py:62} INFO - Tmp dir root location: 
 /tmp
[2022-12-16 20:58:57,677] {subprocess.py:74} INFO - Running command: ['bash', '-c', 'echo $(ls)']
[2022-12-16 20:58:57,686] {subprocess.py:85} INFO - Output:
[2022-12-16 20:58:57,689] {subprocess.py:92} INFO - 
[2022-12-16 20:58:57,689] {subprocess.py:96} INFO - Command exited with return code 0
[2022-12-16 20:58:57,715] {taskinstance.py:1400} INFO - Marking task as SUCCESS. dag_id=process_web_log, task_id=extract_data, execution_date=20221216T205857, start_date=20221216T205857, end_date=20221216T205857
[2022-12-16 20:58:57,738] {local_task_job.py:156} INFO - Task exited with return code 0
[2022-12-16 20:58:57,766] {local_task_job.py:273} INFO - 0 downstream tasks scheduled from follow-on schedule check
