[2022-12-16 21:31:32,153] {taskinstance.py:1159} INFO - Dependencies all met for <TaskInstance: process_web_log.transform_data manual__2022-12-16T21:31:30.317981+00:00 [queued]>
[2022-12-16 21:31:32,161] {taskinstance.py:1159} INFO - Dependencies all met for <TaskInstance: process_web_log.transform_data manual__2022-12-16T21:31:30.317981+00:00 [queued]>
[2022-12-16 21:31:32,161] {taskinstance.py:1356} INFO - 
--------------------------------------------------------------------------------
[2022-12-16 21:31:32,161] {taskinstance.py:1357} INFO - Starting attempt 1 of 1
[2022-12-16 21:31:32,161] {taskinstance.py:1358} INFO - 
--------------------------------------------------------------------------------
[2022-12-16 21:31:32,173] {taskinstance.py:1377} INFO - Executing <Task(BashOperator): transform_data> on 2022-12-16 21:31:30.317981+00:00
[2022-12-16 21:31:32,178] {standard_task_runner.py:52} INFO - Started process 1416 to run task
[2022-12-16 21:31:32,180] {standard_task_runner.py:79} INFO - Running: ['***', 'tasks', 'run', 'process_web_log', 'transform_data', 'manual__2022-12-16T21:31:30.317981+00:00', '--job-id', '35', '--raw', '--subdir', 'DAGS_FOLDER/process_web_log.py', '--cfg-path', '/tmp/tmpr7qqtnxo', '--error-file', '/tmp/tmpkrj5ezor']
[2022-12-16 21:31:32,180] {standard_task_runner.py:80} INFO - Job 35: Subtask transform_data
[2022-12-16 21:31:32,218] {task_command.py:369} INFO - Running <TaskInstance: process_web_log.transform_data manual__2022-12-16T21:31:30.317981+00:00 [running]> on host b3fdf538c244
[2022-12-16 21:31:32,266] {taskinstance.py:1571} INFO - Exporting the following env vars:
AIRFLOW_CTX_DAG_OWNER=***
AIRFLOW_CTX_DAG_ID=process_web_log
AIRFLOW_CTX_TASK_ID=transform_data
AIRFLOW_CTX_EXECUTION_DATE=2022-12-16T21:31:30.317981+00:00
AIRFLOW_CTX_TRY_NUMBER=1
AIRFLOW_CTX_DAG_RUN_ID=manual__2022-12-16T21:31:30.317981+00:00
[2022-12-16 21:31:32,267] {subprocess.py:62} INFO - Tmp dir root location: 
 /tmp
[2022-12-16 21:31:32,267] {subprocess.py:74} INFO - Running command: ['bash', '-c', "awk '!/198.46.149.143/' /opt/***/dags/the_log/extracted_data.txt > /opt/***/dags/the_log/log_filterd.txt"]
[2022-12-16 21:31:32,275] {subprocess.py:85} INFO - Output:
[2022-12-16 21:31:32,279] {subprocess.py:96} INFO - Command exited with return code 0
[2022-12-16 21:31:32,299] {taskinstance.py:1400} INFO - Marking task as SUCCESS. dag_id=process_web_log, task_id=transform_data, execution_date=20221216T213130, start_date=20221216T213132, end_date=20221216T213132
[2022-12-16 21:31:32,312] {local_task_job.py:156} INFO - Task exited with return code 0
[2022-12-16 21:31:32,341] {local_task_job.py:273} INFO - 1 downstream tasks scheduled from follow-on schedule check
