[2022-12-16 21:31:33,029] {taskinstance.py:1159} INFO - Dependencies all met for <TaskInstance: process_web_log.load_data manual__2022-12-16T21:31:30.317981+00:00 [queued]>
[2022-12-16 21:31:33,038] {taskinstance.py:1159} INFO - Dependencies all met for <TaskInstance: process_web_log.load_data manual__2022-12-16T21:31:30.317981+00:00 [queued]>
[2022-12-16 21:31:33,038] {taskinstance.py:1356} INFO - 
--------------------------------------------------------------------------------
[2022-12-16 21:31:33,038] {taskinstance.py:1357} INFO - Starting attempt 1 of 1
[2022-12-16 21:31:33,038] {taskinstance.py:1358} INFO - 
--------------------------------------------------------------------------------
[2022-12-16 21:31:33,051] {taskinstance.py:1377} INFO - Executing <Task(BashOperator): load_data> on 2022-12-16 21:31:30.317981+00:00
[2022-12-16 21:31:33,055] {standard_task_runner.py:52} INFO - Started process 1420 to run task
[2022-12-16 21:31:33,057] {standard_task_runner.py:79} INFO - Running: ['***', 'tasks', 'run', 'process_web_log', 'load_data', 'manual__2022-12-16T21:31:30.317981+00:00', '--job-id', '36', '--raw', '--subdir', 'DAGS_FOLDER/process_web_log.py', '--cfg-path', '/tmp/tmpuzvzrslr', '--error-file', '/tmp/tmpbrhr2wry']
[2022-12-16 21:31:33,057] {standard_task_runner.py:80} INFO - Job 36: Subtask load_data
[2022-12-16 21:31:33,092] {task_command.py:369} INFO - Running <TaskInstance: process_web_log.load_data manual__2022-12-16T21:31:30.317981+00:00 [running]> on host b3fdf538c244
[2022-12-16 21:31:33,150] {taskinstance.py:1571} INFO - Exporting the following env vars:
AIRFLOW_CTX_DAG_OWNER=***
AIRFLOW_CTX_DAG_ID=process_web_log
AIRFLOW_CTX_TASK_ID=load_data
AIRFLOW_CTX_EXECUTION_DATE=2022-12-16T21:31:30.317981+00:00
AIRFLOW_CTX_TRY_NUMBER=1
AIRFLOW_CTX_DAG_RUN_ID=manual__2022-12-16T21:31:30.317981+00:00
[2022-12-16 21:31:33,151] {subprocess.py:62} INFO - Tmp dir root location: 
 /tmp
[2022-12-16 21:31:33,151] {subprocess.py:74} INFO - Running command: ['bash', '-c', 'tar -czvf /opt/***/dags/the_log/weblog.tar /opt/***/dags/the_log/log_filterd.txt']
[2022-12-16 21:31:33,159] {subprocess.py:85} INFO - Output:
[2022-12-16 21:31:33,161] {subprocess.py:92} INFO - tar: Removing leading `/' from member names
[2022-12-16 21:31:33,161] {subprocess.py:92} INFO - /opt/***/dags/the_log/log_filterd.txt
[2022-12-16 21:31:33,167] {subprocess.py:96} INFO - Command exited with return code 0
[2022-12-16 21:31:33,187] {taskinstance.py:1400} INFO - Marking task as SUCCESS. dag_id=process_web_log, task_id=load_data, execution_date=20221216T213130, start_date=20221216T213133, end_date=20221216T213133
[2022-12-16 21:31:33,229] {local_task_job.py:156} INFO - Task exited with return code 0
[2022-12-16 21:31:33,259] {local_task_job.py:273} INFO - 0 downstream tasks scheduled from follow-on schedule check
