[2022-12-16 20:47:40,570] {taskinstance.py:1159} INFO - Dependencies all met for <TaskInstance: process_web_log.extract_data manual__2022-12-16T20:47:40.017157+00:00 [queued]>
[2022-12-16 20:47:40,581] {taskinstance.py:1159} INFO - Dependencies all met for <TaskInstance: process_web_log.extract_data manual__2022-12-16T20:47:40.017157+00:00 [queued]>
[2022-12-16 20:47:40,581] {taskinstance.py:1356} INFO - 
--------------------------------------------------------------------------------
[2022-12-16 20:47:40,581] {taskinstance.py:1357} INFO - Starting attempt 1 of 1
[2022-12-16 20:47:40,581] {taskinstance.py:1358} INFO - 
--------------------------------------------------------------------------------
[2022-12-16 20:47:40,596] {taskinstance.py:1377} INFO - Executing <Task(BashOperator): extract_data> on 2022-12-16 20:47:40.017157+00:00
[2022-12-16 20:47:40,601] {standard_task_runner.py:52} INFO - Started process 1770 to run task
[2022-12-16 20:47:40,603] {standard_task_runner.py:79} INFO - Running: ['***', 'tasks', 'run', 'process_web_log', 'extract_data', 'manual__2022-12-16T20:47:40.017157+00:00', '--job-id', '14', '--raw', '--subdir', 'DAGS_FOLDER/process_web_log.py', '--cfg-path', '/tmp/tmp5a6l7190', '--error-file', '/tmp/tmp21e0brmz']
[2022-12-16 20:47:40,603] {standard_task_runner.py:80} INFO - Job 14: Subtask extract_data
[2022-12-16 20:47:40,639] {task_command.py:369} INFO - Running <TaskInstance: process_web_log.extract_data manual__2022-12-16T20:47:40.017157+00:00 [running]> on host 7a891c24faa4
[2022-12-16 20:47:40,695] {taskinstance.py:1571} INFO - Exporting the following env vars:
AIRFLOW_CTX_DAG_OWNER=***
AIRFLOW_CTX_DAG_ID=process_web_log
AIRFLOW_CTX_TASK_ID=extract_data
AIRFLOW_CTX_EXECUTION_DATE=2022-12-16T20:47:40.017157+00:00
AIRFLOW_CTX_TRY_NUMBER=1
AIRFLOW_CTX_DAG_RUN_ID=manual__2022-12-16T20:47:40.017157+00:00
[2022-12-16 20:47:40,696] {subprocess.py:62} INFO - Tmp dir root location: 
 /tmp
[2022-12-16 20:47:40,696] {subprocess.py:74} INFO - Running command: ['bash', '-c', 'echo $(pwd)']
[2022-12-16 20:47:40,710] {subprocess.py:85} INFO - Output:
[2022-12-16 20:47:40,711] {subprocess.py:92} INFO - /tmp/***tmpjairx0df
[2022-12-16 20:47:40,712] {subprocess.py:96} INFO - Command exited with return code 0
[2022-12-16 20:47:40,772] {taskinstance.py:1400} INFO - Marking task as SUCCESS. dag_id=process_web_log, task_id=extract_data, execution_date=20221216T204740, start_date=20221216T204740, end_date=20221216T204740
[2022-12-16 20:47:40,815] {local_task_job.py:156} INFO - Task exited with return code 0
[2022-12-16 20:47:40,841] {local_task_job.py:273} INFO - 0 downstream tasks scheduled from follow-on schedule check
